{ "timestamp":"2017-08-29T18:55:05Z", "event":"Fileheader", "part":1, "language":"English\\UK", "gameversion":"2.3.11", "build":"r148764/r0 " }
{ "timestamp":"2017-08-29T19:02:17Z", "event":"Cargo", "Inventory":[  ] }
{ "timestamp":"2017-08-29T19:02:17Z", "event":"Loadout", "Ship":"Asp", "ShipID":2, "ShipName":"", "ShipIdent":"", "Modules":[ { "Slot":"TinyHardpoint4", "Item":"Hpt_HeatSinkLauncher_Turret_Tiny", "On":true, "Priority":0, "Health":0.970918, "Value":2975 }, { "Slot":"Armour", "Item":"Asp_Armour_Grade1", "On":true, "Priority":1, "Health":1.000000, "Value":0 }, { "Slot":"PowerPlant", "Item":"Int_Powerplant_Size3_Class5", "On":true, "Priority":1, "Health":0.960373, "Value":507912 }, { "Slot":"MainEngines", "Item":"Int_Engine_Size5_Class2", "On":true, "Priority":0, "Health":0.946182, "Value":189035 }, { "Slot":"FrameShiftDrive", "Item":"Int_Hyperdrive_Size5_Class5", "On":true, "Priority":0, "Health":0.968342, "Value":4338361, "EngineerBlueprint":"FSD_LongRange", "EngineerLevel":4 }, { "Slot":"LifeSupport", "Item":"Int_LifeSupport_Size4_Class2", "On":true, "Priority":0, "Health":0.970231, "Value":24118 }, { "Slot":"PowerDistributor", "Item":"Int_PowerDistributor_Size3_Class2", "On":true, "Priority":0, "Health":0.942102, "Value":10133 }, { "Slot":"Radar", "Item":"Int_Sensors_Size5_Class2", "On":true, "Priority":0, "Health":0.965647, "Value":67528 }, { "Slot":"FuelTank", "Item":"Int_FuelTank_Size5_Class3", "On":true, "Priority":1, "Health":1.000000, "Value":83090 }, { "Slot":"Slot01_Size6", "Item":"Int_FuelScoop_Size6_Class4", "On":true, "Priority":1, "Health":0.979023, "Value":7190903 }, { "Slot":"Slot02_Size5", "Item":"Int_CargoRack_Size5_Class1", "On":true, "Priority":1, "Health":1.000000, "Value":111566 }, { "Slot":"Slot03_Size3", "Item":"Int_ShieldGenerator_Size3_Class5", "On":true, "Priority":0, "Health":0.971163, "Value":507912, "EngineerBlueprint":"ShieldGenerator_Optimised", "EngineerLevel":2 }, { "Slot":"Slot05_Size3", "Item":"Int_DetailedSurfaceScanner_Tiny", "On":true, "Priority":1, "Health":1.000000, "Value":250000 }, { "Slot":"Slot06_Size2", "Item":"Int_BuggyBay_Size2_Class2", "On":true, "Priority":2, "Health":0.992193, "Value":18360 }, { "Slot":"Slot07_Size2", "Item":"Int_StellarBodyDiscoveryScanner_Advanced", "On":true, "Priority":1, "Health":0.953576, "Value":1545000 }, { "Slot":"PlanetaryApproachSuite", "Item":"Int_PlanetApproachSuite", "On":true, "Priority":1, "Health":1.000000, "Value":425 }, { "Slot":"ShipCockpit", "Item":"Asp_Cockpit", "On":true, "Priority":1, "Health":0.969133, "Value":0 }, { "Slot":"CargoHatch", "Item":"ModularCargoBayDoor", "On":true, "Priority":2, "Health":0.965619, "Value":0 } ] }
{ "timestamp":"2017-08-29T19:02:17Z", "event":"Materials", "Raw":[ { "Name":"carbon", "Count":10 }, { "Name":"manganese", "Count":6 }, { "Name":"iron", "Count":3 }, { "Name":"nickel", "Count":9 }, { "Name":"molybdenum", "Count":3 }, { "Name":"yttrium", "Count":3 }, { "Name":"sulphur", "Count":4 } ], "Manufactured":[ { "Name":"protolightalloys", "Count":6 }, { "Name":"refinedfocuscrystals", "Count":6 }, { "Name":"protoheatradiators", "Count":21 }, { "Name":"gridresistors", "Count":1 }, { "Name":"configurablecomponents", "Count":6 }, { "Name":"chemicalprocessors", "Count":4 }, { "Name":"conductiveceramics", "Count":9 }, { "Name":"mechanicalequipment", "Count":2 }, { "Name":"heatexchangers", "Count":6 }, { "Name":"heatconductionwiring", "Count":3 }, { "Name":"conductivepolymers", "Count":9 }, { "Name":"chemicalmanipulators", "Count":3 }, { "Name":"polymercapacitors", "Count":9 }, { "Name":"heatvanes", "Count":3 } ], "Encoded":[ { "Name":"decodedemissiondata", "Count":30 }, { "Name":"legacyfirmware", "Count":8 }, { "Name":"emissiondata", "Count":12 }, { "Name":"shielddensityreports", "Count":24 }, { "Name":"compactemissionsdata", "Count":3 }, { "Name":"shieldcyclerecordings", "Count":39 }, { "Name":"scrambledemissiondata", "Count":4 }, { "Name":"bulkscandata", "Count":28 }, { "Name":"shieldpatternanalysis", "Count":27 }, { "Name":"scanarchives", "Count":12 }, { "Name":"shieldsoakanalysis", "Count":21 }, { "Name":"disruptedwakeechoes", "Count":4 }, { "Name":"fsdtelemetry", "Count":6 }, { "Name":"encodedscandata", "Count":3 }, { "Name":"hyperspacetrajectories", "Count":6 }, { "Name":"industrialfirmware", "Count":1 } ] }
{ "timestamp":"2017-08-29T19:02:17Z", "event":"LoadGame", "Commander":"Coccolithophore", "Ship":"Asp", "ShipID":2, "ShipName":"", "ShipIdent":"", "FuelLevel":31.683676, "FuelCapacity":32.000000, "GameMode":"Open", "Credits":27865922, "Loan":0 }
{ "timestamp":"2017-08-29T19:02:17Z", "event":"Rank", "Combat":3, "Trade":3, "Explore":5, "Empire":0, "Federation":0, "CQC":0 }
{ "timestamp":"2017-08-29T19:02:17Z", "event":"Progress", "Combat":14, "Trade":36, "Explore":11, "Empire":0, "Federation":100, "CQC":0 }
{ "timestamp":"2017-08-29T19:02:27Z", "event":"Location", "Docked":false, "StarSystem":"Droju YT-Z b33-0", "StarPos":[-344.469,-124.750,3500.438], "SystemAllegiance":"", "SystemEconomy":"$economy_None;", "SystemEconomy_Localised":"None", "SystemGovernment":"$government_None;", "SystemGovernment_Localised":"None", "SystemSecurity":"$SYSTEM_SECURITY_low;", "SystemSecurity_Localised":"Low Security", "Body":"Droju YT-Z b33-0 A", "BodyType":"Star" }
{ "timestamp":"2017-08-29T19:07:51Z", "event":"StartJump", "JumpType":"Hyperspace", "StarSystem":"Droju PH-D b32-2", "StarClass":"M" }
{ "timestamp":"2017-08-29T19:08:09Z", "event":"FSDJump", "StarSystem":"Droju PH-D b32-2", "StarPos":[-353.750,-119.813,3457.188], "SystemAllegiance":"", "SystemEconomy":"$economy_None;", "SystemEconomy_Localised":"None", "SystemGovernment":"$government_None;", "SystemGovernment_Localised":"None", "SystemSecurity":"$SYSTEM_SECURITY_low;", "SystemSecurity_Localised":"Low Security", "JumpDist":44.509, "FuelUsed":4.843059, "FuelLevel":26.840616 }
{ "timestamp":"2017-08-29T19:08:26Z", "event":"FuelScoop", "Scooped":4.844310, "Total":31.684961 }
{ "timestamp":"2017-08-29T19:08:42Z", "event":"StartJump", "JumpType":"Hyperspace", "StarSystem":"Droju QO-O d7-25", "StarClass":"K" }
{ "timestamp":"2017-08-29T19:09:00Z", "event":"FSDJump", "StarSystem":"Droju QO-O d7-25", "StarPos":[-371.188,-123.344,3419.344], "SystemAllegiance":"", "SystemEconomy":"$economy_None;", "SystemEconomy_Localised":"None", "SystemGovernment":"$government_None;", "SystemGovernment_Localised":"None", "SystemSecurity":"$SYSTEM_SECURITY_low;", "SystemSecurity_Localised":"Low Security", "JumpDist":41.817, "FuelUsed":4.156489, "FuelLevel":26.898474 }
{ "timestamp":"2017-08-29T19:09:16Z", "event":"FuelScoop", "Scooped":5.009580, "Total":31.908066 }
{ "timestamp":"2017-08-29T19:09:16Z", "event":"FuelScoop", "Scooped":0.091935, "Total":32.000000 }
{ "timestamp":"2017-08-29T19:09:44Z", "event":"StartJump", "JumpType":"Hyperspace", "StarSystem":"Droju UC-M b27-2", "StarClass":"M" }
{ "timestamp":"2017-08-29T19:10:03Z", "event":"FSDJump", "StarSystem":"Droju UC-M b27-2", "StarPos":[-376.188,-122.688,3374.844], "SystemAllegiance":"", "SystemEconomy":"$economy_None;", "SystemEconomy_Localised":"None", "SystemGovernment":"$government_None;", "SystemGovernment_Localised":"None", "SystemSecurity":"$SYSTEM_SECURITY_low;", "SystemSecurity_Localised":"Low Security", "JumpDist":44.785, "FuelUsed":4.926383, "FuelLevel":27.073618 }
{ "timestamp":"2017-08-29T19:10:18Z", "event":"FuelScoop", "Scooped":4.926407, "Total":32.000000 }
{ "timestamp":"2017-08-29T19:10:40Z", "event":"StartJump", "JumpType":"Hyperspace", "StarSystem":"Droju RP-I c12-9", "StarClass":"K" }
{ "timestamp":"2017-08-29T19:10:58Z", "event":"FSDJump", "StarSystem":"Droju RP-I c12-9", "StarPos":[-391.594,-128.875,3333.469], "SystemAllegiance":"", "SystemEconomy":"$economy_None;", "SystemEconomy_Localised":"None", "SystemGovernment":"$government_None;", "SystemGovernment_Localised":"None", "SystemSecurity":"$SYSTEM_SECURITY_low;", "SystemSecurity_Localised":"Low Security", "JumpDist":44.582, "FuelUsed":4.871926, "FuelLevel":27.128075 }
{ "timestamp":"2017-08-29T19:11:15Z", "event":"FuelScoop", "Scooped":4.871927, "Total":32.000000 }
{ "timestamp":"2017-08-29T19:11:37Z", "event":"StartJump", "JumpType":"Hyperspace", "StarSystem":"Droju JF-R b24-2", "StarClass":"M" }
{ "timestamp":"2017-08-29T19:11:56Z", "event":"FSDJump", "StarSystem":"Droju JF-R b24-2", "StarPos":[-403.719,-138.031,3295.188], "SystemAllegiance":"", "SystemEconomy":"$economy_None;", "SystemEconomy_Localised":"None", "SystemGovernment":"$government_None;", "SystemGovernment_Localised":"None", "SystemSecurity":"$SYSTEM_SECURITY_low;", "SystemSecurity_Localised":"Low Security", "JumpDist":41.186, "FuelUsed":4.012810, "FuelLevel":27.987190 }
{ "timestamp":"2017-08-29T19:12:12Z", "event":"FuelScoop", "Scooped":4.012813, "Total":32.000000 }
{ "timestamp":"2017-08-29T19:12:37Z", "event":"StartJump", "JumpType":"Hyperspace", "StarSystem":"Droju AT-U b22-1", "StarClass":"M" }
{ "timestamp":"2017-08-29T19:12:56Z", "event":"FSDJump", "StarSystem":"Droju AT-U b22-1", "StarPos":[-424.281,-137.656,3256.406], "SystemAllegiance":"", "SystemEconomy":"$economy_None;", "SystemEconomy_Localised":"None", "SystemGovernment":"$government_None;", "SystemGovernment_Localised":"None", "SystemSecurity":"$SYSTEM_SECURITY_low;", "SystemSecurity_Localised":"Low Security", "JumpDist":43.897, "FuelUsed":4.690729, "FuelLevel":27.309271 }
{ "timestamp":"2017-08-29T19:13:10Z", "event":"FuelScoop", "Scooped":4.690726, "Total":32.000000 }
{ "timestamp":"2017-08-29T19:13:33Z", "event":"StartJump", "JumpType":"Hyperspace", "StarSystem":"Droju DW-T d4-21", "StarClass":"F" }
{ "timestamp":"2017-08-29T19:13:51Z", "event":"FSDJump", "StarSystem":"Droju DW-T d4-21", "StarPos":[-439.188,-135.063,3215.750], "SystemAllegiance":"", "SystemEconomy":"$economy_None;", "SystemEconomy_Localised":"None", "SystemGovernment":"$government_None;", "SystemGovernment_Localised":"None", "SystemSecurity":"$SYSTEM_SECURITY_low;", "SystemSecurity_Localised":"Low Security", "JumpDist":43.380, "FuelUsed":4.556944, "FuelLevel":27.443056 }
{ "timestamp":"2017-08-29T19:14:06Z", "event":"FuelScoop", "Scooped":4.556955, "Total":32.000000 }
{ "timestamp":"2017-08-29T19:14:34Z", "event":"StartJump", "JumpType":"Hyperspace", "StarSystem":"Droju EO-D b18-3", "StarClass":"M" }
{ "timestamp":"2017-08-29T19:14:53Z", "event":"FSDJump", "StarSystem":"Droju EO-D b18-3", "StarPos":[-454.250,-127.875,3174.938], "SystemAllegiance":"", "SystemEconomy":"$economy_None;", "SystemEconomy_Localised":"None", "SystemGovernment":"$government_None;", "SystemGovernment_Localised":"None", "SystemSecurity":"$SYSTEM_SECURITY_low;", "SystemSecurity_Localised":"Low Security", "JumpDist":44.093, "FuelUsed":4.742165, "FuelLevel":27.257835 }
{ "timestamp":"2017-08-29T19:15:08Z", "event":"FuelScoop", "Scooped":4.742144, "Total":32.000000 }
{ "timestamp":"2017-08-29T19:15:33Z", "event":"StartJump", "JumpType":"Hyperspace", "StarSystem":"Droju ZP-V d3-17", "StarClass":"F" }
{ "timestamp":"2017-08-29T19:15:52Z", "event":"FSDJump", "StarSystem":"Droju ZP-V d3-17", "StarPos":[-455.906,-130.813,3132.000], "SystemAllegiance":"", "SystemEconomy":"$economy_None;", "SystemEconomy_Localised":"None", "SystemGovernment":"$government_None;", "SystemGovernment_Localised":"None", "SystemSecurity":"$SYSTEM_SECURITY_low;", "SystemSecurity_Localised":"Low Security", "JumpDist":43.070, "FuelUsed":4.477165, "FuelLevel":27.522835 }
{ "timestamp":"2017-08-29T19:16:06Z", "event":"FuelScoop", "Scooped":4.477173, "Total":32.000000 }
{ "timestamp":"2017-08-29T19:16:30Z", "event":"StartJump", "JumpType":"Hyperspace", "StarSystem":"NGC 6546 Sector EX-K b8-4", "StarClass":"M" }
{ "timestamp":"2017-08-29T19:16:48Z", "event":"FSDJump", "StarSystem":"NGC 6546 Sector EX-K b8-4", "StarPos":[-469.906,-124.781,3091.375], "SystemAllegiance":"", "SystemEconomy":"$economy_None;", "SystemEconomy_Localised":"None", "SystemGovernment":"$government_None;", "SystemGovernment_Localised":"None", "SystemSecurity":"$SYSTEM_SECURITY_low;", "SystemSecurity_Localised":"Low Security", "JumpDist":43.391, "FuelUsed":4.559651, "FuelLevel":27.440350 }
{ "timestamp":"2017-08-29T19:17:03Z", "event":"FuelScoop", "Scooped":4.559640, "Total":32.000000 }
{ "timestamp":"2017-08-29T19:17:49Z", "event":"StartJump", "JumpType":"Hyperspace", "StarSystem":"NGC 6546 Sector GR-W d1-59", "StarClass":"G" }
{ "timestamp":"2017-08-29T19:18:07Z", "event":"FSDJump", "StarSystem":"NGC 6546 Sector GR-W d1-59", "StarPos":[-476.281,-120.938,3050.313], "SystemAllegiance":"", "SystemEconomy":"$economy_None;", "SystemEconomy_Localised":"None", "SystemGovernment":"$government_None;", "SystemGovernment_Localised":"None", "SystemSecurity":"$SYSTEM_SECURITY_low;", "SystemSecurity_Localised":"Low Security", "JumpDist":41.732, "FuelUsed":4.143950, "FuelLevel":27.856050 }
{ "timestamp":"2017-08-29T19:18:22Z", "event":"FuelScoop", "Scooped":4.143952, "Total":32.000000 }
{ "timestamp":"2017-08-29T19:18:50Z", "event":"StartJump", "JumpType":"Hyperspace", "StarSystem":"NGC 6546 Sector OY-R b4-4", "StarClass":"M" }
{ "timestamp":"2017-08-29T19:19:09Z", "event":"FSDJump", "StarSystem":"NGC 6546 Sector OY-R b4-4", "StarPos":[-484.438,-116.781,3006.813], "SystemAllegiance":"", "SystemEconomy":"$economy_None;", "SystemEconomy_Localised":"None", "SystemGovernment":"$government_None;", "SystemGovernment_Localised":"None", "SystemSecurity":"$SYSTEM_SECURITY_low;", "SystemSecurity_Localised":"Low Security", "JumpDist":44.453, "FuelUsed":4.837488, "FuelLevel":27.162512 }
{ "timestamp":"2017-08-29T19:19:25Z", "event":"FuelScoop", "Scooped":4.837483, "Total":32.000000 }
{ "timestamp":"2017-08-29T19:19:58Z", "event":"StartJump", "JumpType":"Hyperspace", "StarSystem":"Droju MJ-V b8-0", "StarClass":"M" }
{ "timestamp":"2017-08-29T19:20:16Z", "event":"FSDJump", "StarSystem":"Droju MJ-V b8-0", "StarPos":[-496.875,-124.094,2965.719], "SystemAllegiance":"", "SystemEconomy":"$economy_None;", "SystemEconomy_Localised":"None", "SystemGovernment":"$government_None;", "SystemGovernment_Localised":"None", "SystemSecurity":"$SYSTEM_SECURITY_low;", "SystemSecurity_Localised":"Low Security", "JumpDist":43.553, "FuelUsed":4.601462, "FuelLevel":27.398537 }
{ "timestamp":"2017-08-29T19:20:33Z", "event":"FuelScoop", "Scooped":4.172940, "Total":31.571445 }
{ "timestamp":"2017-08-29T19:20:54Z", "event":"StartJump", "JumpType":"Hyperspace", "StarSystem":"Droju DX-Y b6-1", "StarClass":"M" }
{ "timestamp":"2017-08-29T19:21:12Z", "event":"FSDJump", "StarSystem":"Droju DX-Y b6-1", "StarPos":[-506.781,-107.500,2924.813], "SystemAllegiance":"", "SystemEconomy":"$economy_None;", "SystemEconomy_Localised":"None", "SystemGovernment":"$government_None;", "SystemGovernment_Localised":"None", "SystemSecurity":"$SYSTEM_SECURITY_low;", "SystemSecurity_Localised":"Low Security", "JumpDist":45.242, "FuelUsed":5.036458, "FuelLevel":26.534988 }
{ "timestamp":"2017-08-29T19:21:27Z", "event":"FuelScoop", "Scooped":5.003340, "Total":31.538351 }
{ "timestamp":"2017-08-29T19:21:28Z", "event":"FuelScoop", "Scooped":0.461647, "Total":32.000000 }
{ "timestamp":"2017-08-29T19:21:49Z", "event":"StartJump", "JumpType":"Hyperspace", "StarSystem":"Droju TP-C b5-4", "StarClass":"M" }
{ "timestamp":"2017-08-29T19:22:08Z", "event":"FSDJump", "StarSystem":"Droju TP-C b5-4", "StarPos":[-518.938,-90.219,2885.813], "SystemAllegiance":"", "SystemEconomy":"$economy_None;", "SystemEconomy_Localised":"None", "SystemGovernment":"$government_None;", "SystemGovernment_Localised":"None", "SystemSecurity":"$SYSTEM_SECURITY_low;", "SystemSecurity_Localised":"Low Security", "JumpDist":44.356, "FuelUsed":4.811839, "FuelLevel":27.188160 }
{ "timestamp":"2017-08-29T19:22:23Z", "event":"FuelScoop", "Scooped":3.742679, "Total":30.930847 }
{ "timestamp":"2017-08-29T19:22:48Z", "event":"StartJump", "JumpType":"Hyperspace", "StarSystem":"Droju QY-D c1-14", "StarClass":"K" }
{ "timestamp":"2017-08-29T19:23:06Z", "event":"FSDJump", "StarSystem":"Droju QY-D c1-14", "StarPos":[-531.969,-102.750,2844.594], "SystemAllegiance":"", "SystemEconomy":"$economy_None;", "SystemEconomy_Localised":"None", "SystemGovernment":"$government_None;", "SystemGovernment_Localised":"None", "SystemSecurity":"$SYSTEM_SECURITY_low;", "SystemSecurity_Localised":"Low Security", "JumpDist":45.009, "FuelUsed":4.952581, "FuelLevel":25.978266 }
{ "timestamp":"2017-08-29T19:23:22Z", "event":"FuelScoop", "Scooped":5.007239, "Total":30.985470 }
{ "timestamp":"2017-08-29T19:23:24Z", "event":"FuelScoop", "Scooped":1.014524, "Total":32.000000 }
{ "timestamp":"2017-08-29T19:23:56Z", "event":"StartJump", "JumpType":"Hyperspace", "StarSystem":"Droju EM-J b1-3", "StarClass":"M" }
{ "timestamp":"2017-08-29T19:24:14Z", "event":"FSDJump", "StarSystem":"Droju EM-J b1-3", "StarPos":[-538.250,-109.813,2801.531], "SystemAllegiance":"", "SystemEconomy":"$economy_None;", "SystemEconomy_Localised":"None", "SystemGovernment":"$government_None;", "SystemGovernment_Localised":"None", "SystemSecurity":"$SYSTEM_SECURITY_low;", "SystemSecurity_Localised":"Low Security", "JumpDist":44.088, "FuelUsed":4.741110, "FuelLevel":27.258890 }
{ "timestamp":"2017-08-29T19:24:30Z", "event":"FuelScoop", "Scooped":3.123744, "Total":30.382627 }
{ "timestamp":"2017-08-29T19:24:54Z", "event":"StartJump", "JumpType":"Hyperspace", "StarSystem":"Bleia Eohn HW-C c29-17", "StarClass":"K" }
{ "timestamp":"2017-08-29T19:25:12Z", "event":"FSDJump", "StarSystem":"Bleia Eohn HW-C c29-17", "StarPos":[-551.313,-107.063,2759.406], "SystemAllegiance":"", "SystemEconomy":"$economy_None;", "SystemEconomy_Localised":"None", "SystemGovernment":"$government_None;", "SystemGovernment_Localised":"None", "SystemSecurity":"$SYSTEM_SECURITY_low;", "SystemSecurity_Localised":"Low Security", "JumpDist":44.189, "FuelUsed":4.717864, "FuelLevel":25.664764 }
{ "timestamp":"2017-08-29T19:25:42Z", "event":"FuelScoop", "Scooped":5.000840, "Total":30.665571 }
{ "timestamp":"2017-08-29T19:25:47Z", "event":"FuelScoop", "Scooped":1.334428, "Total":32.000000 }
{ "timestamp":"2017-08-29T19:26:20Z", "event":"StartJump", "JumpType":"Hyperspace", "StarSystem":"Bleia Eohn HW-H b57-1", "StarClass":"M" }
{ "timestamp":"2017-08-29T19:26:39Z", "event":"FSDJump", "StarSystem":"Bleia Eohn HW-H b57-1", "StarPos":[-564.844,-97.375,2717.313], "SystemAllegiance":"", "SystemEconomy":"$economy_None;", "SystemEconomy_Localised":"None", "SystemGovernment":"$government_None;", "SystemGovernment_Localised":"None", "SystemSecurity":"$SYSTEM_SECURITY_low;", "SystemSecurity_Localised":"Low Security", "JumpDist":45.264, "FuelUsed":5.056570, "FuelLevel":26.943430 }
{ "timestamp":"2017-08-29T19:26:56Z", "event":"FuelScoop", "Scooped":4.673506, "Total":31.616962 }
{ "timestamp":"2017-08-29T19:27:21Z", "event":"StartJump", "JumpType":"Hyperspace", "StarSystem":"Bleia Eohn YJ-L b55-0", "StarClass":"M" }
{ "timestamp":"2017-08-29T19:27:40Z", "event":"FSDJump", "StarSystem":"Bleia Eohn YJ-L b55-0", "StarPos":[-583.000,-101.406,2676.656], "SystemAllegiance":"", "SystemEconomy":"$economy_None;", "SystemEconomy_Localised":"None", "SystemGovernment":"$government_None;", "SystemGovernment_Localised":"None", "SystemSecurity":"$SYSTEM_SECURITY_low;", "SystemSecurity_Localised":"Low Security", "JumpDist":44.708, "FuelUsed":4.893872, "FuelLevel":26.723091 }
{ "timestamp":"2017-08-29T19:27:55Z", "event":"FuelScoop", "Scooped":5.007071, "Total":31.730169 }
{ "timestamp":"2017-08-29T19:27:56Z", "event":"FuelScoop", "Scooped":0.269832, "Total":32.000000 }
{ "timestamp":"2017-08-29T19:28:14Z", "event":"StartJump", "JumpType":"Hyperspace", "StarSystem":"Bleia Eohn PX-O b53-4", "StarClass":"M" }
{ "timestamp":"2017-08-29T19:28:32Z", "event":"FSDJump", "StarSystem":"Bleia Eohn PX-O b53-4", "StarPos":[-604.938,-101.344,2637.219], "SystemAllegiance":"", "SystemEconomy":"$economy_None;", "SystemEconomy_Localised":"None", "SystemGovernment":"$government_None;", "SystemGovernment_Localised":"None", "SystemSecurity":"$SYSTEM_SECURITY_low;", "SystemSecurity_Localised":"Low Security", "JumpDist":45.128, "FuelUsed":5.019930, "FuelLevel":26.980070 }
{ "timestamp":"2017-08-29T19:28:48Z", "event":"FuelScoop", "Scooped":4.648354, "Total":31.628433 }
{ "timestamp":"2017-08-29T19:29:13Z", "event":"StartJump", "JumpType":"Hyperspace", "StarSystem":"Bleia Eohn HT-F d12-2", "StarClass":"F" }
{ "timestamp":"2017-08-29T19:29:32Z", "event":"FSDJump", "StarSystem":"Bleia Eohn HT-F d12-2", "StarPos":[-612.375,-107.469,2595.000], "SystemAllegiance":"", "SystemEconomy":"$economy_None;", "SystemEconomy_Localised":"None", "SystemGovernment":"$government_None;", "SystemGovernment_Localised":"None", "SystemSecurity":"$SYSTEM_SECURITY_low;", "SystemSecurity_Localised":"Low Security", "JumpDist":43.304, "FuelUsed":4.526406, "FuelLevel":27.102028 }
{ "timestamp":"2017-08-29T19:29:48Z", "event":"FuelScoop", "Scooped":4.897965, "Total":32.000000 }
{ "timestamp":"2017-08-29T19:30:28Z", "event":"StartJump", "JumpType":"Hyperspace", "StarSystem":"Bleia Eohn HT-F d12-11", "StarClass":"A" }
{ "timestamp":"2017-08-29T19:30:46Z", "event":"FSDJump", "StarSystem":"Bleia Eohn HT-F d12-11", "StarPos":[-621.938,-105.188,2564.313], "SystemAllegiance":"", "SystemEconomy":"$economy_None;", "SystemEconomy_Localised":"None", "SystemGovernment":"$government_None;", "SystemGovernment_Localised":"None", "SystemSecurity":"$SYSTEM_SECURITY_low;", "SystemSecurity_Localised":"Low Security", "JumpDist":32.224, "FuelUsed":2.199373, "FuelLevel":29.800627 }
{ "timestamp":"2017-08-29T19:30:53Z", "event":"FuelScoop", "Scooped":0.044688, "Total":29.845324 }
{ "timestamp":"2017-08-29T19:33:41Z", "event":"StartJump", "JumpType":"Hyperspace", "StarSystem":"Bleia Eohn SH-Z b47-1", "StarClass":"M" }
{ "timestamp":"2017-08-29T19:34:00Z", "event":"FSDJump", "StarSystem":"Bleia Eohn SH-Z b47-1", "StarPos":[-618.531,-109.500,2519.719], "SystemAllegiance":"", "SystemEconomy":"$economy_None;", "SystemEconomy_Localised":"None", "SystemGovernment":"$government_None;", "SystemGovernment_Localised":"None", "SystemSecurity":"$SYSTEM_SECURITY_low;", "SystemSecurity_Localised":"Low Security", "JumpDist":44.931, "FuelUsed":4.897151, "FuelLevel":24.948174 }
{ "timestamp":"2017-08-29T19:34:17Z", "event":"FuelScoop", "Scooped":5.009451, "Total":29.957645 }
{ "timestamp":"2017-08-29T19:34:20Z", "event":"FuelScoop", "Scooped":2.042340, "Total":32.000000 }
{ "timestamp":"2017-08-29T19:34:45Z", "event":"StartJump", "JumpType":"Hyperspace", "StarSystem":"Bleia Eohn LV-C b46-0", "StarClass":"M" }
{ "timestamp":"2017-08-29T19:35:07Z", "event":"FSDJump", "StarSystem":"Bleia Eohn LV-C b46-0", "StarPos":[-594.563,-105.313,2482.000], "SystemAllegiance":"", "SystemEconomy":"$economy_None;", "SystemEconomy_Localised":"None", "SystemGovernment":"$government_None;", "SystemGovernment_Localised":"None", "SystemSecurity":"$SYSTEM_SECURITY_low;", "SystemSecurity_Localised":"Low Security", "JumpDist":44.886, "FuelUsed":4.954207, "FuelLevel":27.045794 }
{ "timestamp":"2017-08-29T19:35:22Z", "event":"FuelScoop", "Scooped":4.954202, "Total":32.000000 }
{ "timestamp":"2017-08-29T19:36:14Z", "event":"Scan", "BodyName":"Bleia Eohn LV-C b46-0 1", "DistanceFromArrivalLS":1035.039185, "TidalLock":false, "TerraformState":"", "PlanetClass":"Gas giant with water based life", "Atmosphere":"", "AtmosphereComposition":[ { "Name":"Hydrogen", "Percent":73.229996 }, { "Name":"Helium", "Percent":26.726330 } ], "Volcanism":"", "MassEM":776.248291, "Radius":77435952.000000, "SurfaceGravity":51.597031, "SurfaceTemperature":180.783035, "SurfacePressure":0.000000, "Landable":false, "SemiMajorAxis":312821743616.000000, "Eccentricity":0.008085, "OrbitalInclination":-0.006368, "Periapsis":55.534725, "OrbitalPeriod":165335568.000000, "RotationPeriod":77183.257813, "AxialTilt":0.898315 }
{ "timestamp":"2017-08-29T19:36:59Z", "event":"StartJump", "JumpType":"Hyperspace", "StarSystem":"Bleia Eohn BO-G b44-5", "StarClass":"M" }
{ "timestamp":"2017-08-29T19:37:17Z", "event":"FSDJump", "StarSystem":"Bleia Eohn BO-G b44-5", "StarPos":[-587.594,-96.688,2438.219], "SystemAllegiance":"", "SystemEconomy":"$economy_None;", "SystemEconomy_Localised":"None", "SystemGovernment":"$government_None;", "SystemGovernment_Localised":"None", "SystemSecurity":"$SYSTEM_SECURITY_low;", "SystemSecurity_Localised":"Low Security", "JumpDist":45.164, "FuelUsed":5.029010, "FuelLevel":26.970989 }
{ "timestamp":"2017-08-29T19:37:36Z", "event":"FuelScoop", "Scooped":2.475864, "Total":29.446838 }
{ "timestamp":"2017-08-29T19:39:35Z", "event":"Scan", "BodyName":"Bleia Eohn BO-G b44-5 CD 4", "DistanceFromArrivalLS":1768.480835, "TidalLock":true, "TerraformState":"", "PlanetClass":"Ammonia world", "Atmosphere":"", "AtmosphereType":"AmmoniaOxygen", "AtmosphereComposition":[ { "Name":"Oxygen", "Percent":52.443398 }, { "Name":"CarbonDioxide", "Percent":46.908741 }, { "Name":"SulphurDioxide", "Percent":0.469087 } ], "Volcanism":"", "MassEM":0.236263, "Radius":3909231.250000, "SurfaceGravity":6.162007, "SurfaceTemperature":202.266678, "SurfacePressure":18066.865234, "Landable":false, "SemiMajorAxis":35093159936.000000, "Eccentricity":0.010543, "OrbitalInclination":4.350906, "Periapsis":275.160492, "OrbitalPeriod":6956242.500000, "RotationPeriod":6956296.000000, "AxialTilt":0.501185 }
{ "timestamp":"2017-08-29T19:40:49Z", "event":"StartJump", "JumpType":"Hyperspace", "StarSystem":"Bleia Eohn VX-S c20-12", "StarClass":"K" }
{ "timestamp":"2017-08-29T19:41:08Z", "event":"FSDJump", "StarSystem":"Bleia Eohn VX-S c20-12", "StarPos":[-582.688,-95.125,2394.031], "SystemAllegiance":"", "SystemEconomy":"$economy_None;", "SystemEconomy_Localised":"None", "SystemGovernment":"$government_None;", "SystemGovernment_Localised":"None", "SystemSecurity":"$SYSTEM_SECURITY_low;", "SystemSecurity_Localised":"Low Security", "JumpDist":44.486, "FuelUsed":4.747384, "FuelLevel":24.069456 }
{ "timestamp":"2017-08-29T19:41:27Z", "event":"FuelScoop", "Scooped":4.526380, "Total":28.595846 }
{ "timestamp":"2017-08-29T19:41:52Z", "event":"StartJump", "JumpType":"Hyperspace", "StarSystem":"Bleia Eohn TF-L d9-76", "StarClass":"G" }
{ "timestamp":"2017-08-29T19:42:11Z", "event":"FSDJump", "StarSystem":"Bleia Eohn TF-L d9-76", "StarPos":[-567.469,-104.156,2353.125], "SystemAllegiance":"", "SystemEconomy":"$economy_None;", "SystemEconomy_Localised":"None", "SystemGovernment":"$government_None;", "SystemGovernment_Localised":"None", "SystemSecurity":"$SYSTEM_SECURITY_low;", "SystemSecurity_Localised":"Low Security", "JumpDist":44.570, "FuelUsed":4.762015, "FuelLevel":23.833832 }
{ "timestamp":"2017-08-29T19:42:26Z", "event":"FuelScoop", "Scooped":5.012164, "Total":28.845980 }
{ "timestamp":"2017-08-29T19:42:31Z", "event":"FuelScoop", "Scooped":3.154029, "Total":32.000000 }
{ "timestamp":"2017-08-29T19:42:57Z", "event":"StartJump", "JumpType":"Hyperspace", "StarSystem":"Bleia Eohn TF-L d9-5", "StarClass":"G" }
{ "timestamp":"2017-08-29T19:43:16Z", "event":"FSDJump", "StarSystem":"Bleia Eohn TF-L d9-5", "StarPos":[-559.250,-104.656,2310.219], "SystemAllegiance":"", "SystemEconomy":"$economy_None;", "SystemEconomy_Localised":"None", "SystemGovernment":"$government_None;", "SystemGovernment_Localised":"None", "SystemSecurity":"$SYSTEM_SECURITY_low;", "SystemSecurity_Localised":"Low Security", "JumpDist":43.689, "FuelUsed":4.636299, "FuelLevel":27.363701 }
{ "timestamp":"2017-08-29T19:43:31Z", "event":"FuelScoop", "Scooped":4.636317, "Total":32.000000 }
{ "timestamp":"2017-08-29T19:44:00Z", "event":"StartJump", "JumpType":"Hyperspace", "StarSystem":"Bleia Eohn TK-W b35-2", "StarClass":"M" }
{ "timestamp":"2017-08-29T19:44:19Z", "event":"FSDJump", "StarSystem":"Bleia Eohn TK-W b35-2", "StarPos":[-555.500,-104.906,2266.406], "SystemAllegiance":"", "SystemEconomy":"$economy_None;", "SystemEconomy_Localised":"None", "SystemGovernment":"$government_None;", "SystemGovernment_Localised":"None", "SystemSecurity":"$SYSTEM_SECURITY_low;", "SystemSecurity_Localised":"Low Security", "JumpDist":43.973, "FuelUsed":4.710946, "FuelLevel":27.289055 }
{ "timestamp":"2017-08-29T19:44:35Z", "event":"FuelScoop", "Scooped":4.710918, "Total":32.000000 }
{ "timestamp":"2017-08-29T19:44:58Z", "event":"StartJump", "JumpType":"Hyperspace", "StarSystem":"Bleia Eohn NT-Z b33-0", "StarClass":"M" }
{ "timestamp":"2017-08-29T19:45:17Z", "event":"FSDJump", "StarSystem":"Bleia Eohn NT-Z b33-0", "StarPos":[-552.906,-107.406,2222.063], "SystemAllegiance":"", "SystemEconomy":"$economy_None;", "SystemEconomy_Localised":"None", "SystemGovernment":"$government_None;", "SystemGovernment_Localised":"None", "SystemSecurity":"$SYSTEM_SECURITY_low;", "SystemSecurity_Localised":"Low Security", "JumpDist":44.490, "FuelUsed":4.847456, "FuelLevel":27.152544 }
{ "timestamp":"2017-08-29T19:45:32Z", "event":"FuelScoop", "Scooped":4.847477, "Total":32.000000 }
{ "timestamp":"2017-08-29T19:45:56Z", "event":"StartJump", "JumpType":"Hyperspace", "StarSystem":"Bleia Eohn DM-D b32-6", "StarClass":"M" }
{ "timestamp":"2017-08-29T19:46:15Z", "event":"FSDJump", "StarSystem":"Bleia Eohn DM-D b32-6", "StarPos":[-550.656,-96.938,2179.375], "SystemAllegiance":"", "SystemEconomy":"$economy_None;", "SystemEconomy_Localised":"None", "SystemGovernment":"$government_None;", "SystemGovernment_Localised":"None", "SystemSecurity":"$SYSTEM_SECURITY_low;", "SystemSecurity_Localised":"Low Security", "JumpDist":44.010, "FuelUsed":4.720233, "FuelLevel":27.279766 }
{ "timestamp":"2017-08-29T19:46:33Z", "event":"FuelScoop", "Scooped":4.305382, "Total":31.585152 }
{ "timestamp":"2017-08-29T19:46:57Z", "event":"StartJump", "JumpType":"Hyperspace", "StarSystem":"Bleia Eohn WZ-G b30-5", "StarClass":"M" }
{ "timestamp":"2017-08-29T19:47:15Z", "event":"FSDJump", "StarSystem":"Bleia Eohn WZ-G b30-5", "StarPos":[-540.969,-93.344,2135.969], "SystemAllegiance":"", "SystemEconomy":"$economy_None;", "SystemEconomy_Localised":"None", "SystemGovernment":"$government_None;", "SystemGovernment_Localised":"None", "SystemSecurity":"$SYSTEM_SECURITY_low;", "SystemSecurity_Localised":"Low Security", "JumpDist":44.619, "FuelUsed":4.868909, "FuelLevel":26.716244 }
{ "timestamp":"2017-08-29T19:47:33Z", "event":"FuelScoop", "Scooped":4.553966, "Total":31.270197 }
{ "timestamp":"2017-08-29T19:47:53Z", "event":"StartJump", "JumpType":"Hyperspace", "StarSystem":"M25 Sector SU-O c6-25", "StarClass":"M" }
{ "timestamp":"2017-08-29T19:48:11Z", "event":"FSDJump", "StarSystem":"M25 Sector SU-O c6-25", "StarPos":[-545.969,-104.281,2093.438], "SystemAllegiance":"", "SystemEconomy":"$economy_None;", "SystemEconomy_Localised":"None", "SystemGovernment":"$government_None;", "SystemGovernment_Localised":"None", "SystemSecurity":"$SYSTEM_SECURITY_low;", "SystemSecurity_Localised":"Low Security", "JumpDist":44.199, "FuelUsed":4.747339, "FuelLevel":26.522858 }
{ "timestamp":"2017-08-29T19:48:31Z", "event":"FuelScoop", "Scooped":5.006696, "Total":31.529558 }
{ "timestamp":"2017-08-29T19:48:32Z", "event":"FuelScoop", "Scooped":0.470440, "Total":32.000000 }
{ "timestamp":"2017-08-29T19:48:54Z", "event":"StartJump", "JumpType":"Hyperspace", "StarSystem":"M25 Sector IJ-F b12-0", "StarClass":"M" }
{ "timestamp":"2017-08-29T19:49:13Z", "event":"FSDJump", "StarSystem":"M25 Sector IJ-F b12-0", "StarPos":[-536.906,-104.406,2049.719], "SystemAllegiance":"", "SystemEconomy":"$economy_None;", "SystemEconomy_Localised":"None", "SystemGovernment":"$government_None;", "SystemGovernment_Localised":"None", "SystemSecurity":"$SYSTEM_SECURITY_low;", "SystemSecurity_Localised":"Low Security", "JumpDist":44.648, "FuelUsed":4.889803, "FuelLevel":27.110197 }
{ "timestamp":"2017-08-29T19:49:28Z", "event":"FuelScoop", "Scooped":4.889825, "Total":32.000000 }
{ "timestamp":"2017-08-29T19:50:03Z", "event":"StartJump", "JumpType":"Hyperspace", "StarSystem":"M25 Sector BX-I b10-6", "StarClass":"M" }
{ "timestamp":"2017-08-29T19:50:21Z", "event":"FSDJump", "StarSystem":"M25 Sector BX-I b10-6", "StarPos":[-518.344,-101.844,2011.875], "SystemAllegiance":"", "SystemEconomy":"$economy_None;", "SystemEconomy_Localised":"None", "SystemGovernment":"$government_None;", "SystemGovernment_Localised":"None", "SystemSecurity":"$SYSTEM_SECURITY_low;", "SystemSecurity_Localised":"Low Security", "JumpDist":42.229, "FuelUsed":4.265902, "FuelLevel":27.734098 }
{ "timestamp":"2017-08-29T19:50:36Z", "event":"FuelScoop", "Scooped":4.265911, "Total":32.000000 }
{ "timestamp":"2017-08-29T19:50:53Z", "event":"StartJump", "JumpType":"Hyperspace", "StarSystem":"M25 Sector TK-M b8-1", "StarClass":"M" }
{ "timestamp":"2017-08-29T19:51:12Z", "event":"FSDJump", "StarSystem":"M25 Sector TK-M b8-1", "StarPos":[-507.938,-102.656,1968.938], "SystemAllegiance":"", "SystemEconomy":"$economy_None;", "SystemEconomy_Localised":"None", "SystemGovernment":"$government_None;", "SystemGovernment_Localised":"None", "SystemSecurity":"$SYSTEM_SECURITY_low;", "SystemSecurity_Localised":"Low Security", "JumpDist":44.188, "FuelUsed":4.767394, "FuelLevel":27.232607 }
{ "timestamp":"2017-08-29T19:51:27Z", "event":"FuelScoop", "Scooped":4.767403, "Total":32.000000 }
{ "timestamp":"2017-08-29T19:51:55Z", "event":"StartJump", "JumpType":"Hyperspace", "StarSystem":"M25 Sector MY-P b6-1", "StarClass":"M" }
{ "timestamp":"2017-08-29T19:52:14Z", "event":"FSDJump", "StarSystem":"M25 Sector MY-P b6-1", "StarPos":[-497.281,-99.063,1927.250], "SystemAllegiance":"", "SystemEconomy":"$economy_None;", "SystemEconomy_Localised":"None", "SystemGovernment":"$government_None;", "SystemGovernment_Localised":"None", "SystemSecurity":"$SYSTEM_SECURITY_low;", "SystemSecurity_Localised":"Low Security", "JumpDist":43.178, "FuelUsed":4.504400, "FuelLevel":27.495600 }
{ "timestamp":"2017-08-29T19:52:31Z", "event":"FuelScoop", "Scooped":3.573699, "Total":31.069283 }
{ "timestamp":"2017-08-29T19:52:47Z", "event":"StartJump", "JumpType":"Hyperspace", "StarSystem":"M25 Sector AV-Y d51", "StarClass":"A" }
{ "timestamp":"2017-08-29T19:53:05Z", "event":"FSDJump", "StarSystem":"M25 Sector AV-Y d51", "StarPos":[-493.531,-93.313,1884.281], "SystemAllegiance":"", "SystemEconomy":"$economy_None;", "SystemEconomy_Localised":"None", "SystemGovernment":"$government_None;", "SystemGovernment_Localised":"None", "SystemSecurity":"$SYSTEM_SECURITY_low;", "SystemSecurity_Localised":"Low Security", "JumpDist":43.514, "FuelUsed":4.563336, "FuelLevel":26.505947 }
{ "timestamp":"2017-08-29T19:53:23Z", "event":"FuelScoop", "Scooped":5.001489, "Total":31.507435 }
{ "timestamp":"2017-08-29T19:53:24Z", "event":"FuelScoop", "Scooped":0.492558, "Total":32.000000 }
{ "timestamp":"2017-08-29T19:53:45Z", "event":"StartJump", "JumpType":"Hyperspace", "StarSystem":"M25 Sector AV-Y d3", "StarClass":"A" }
{ "timestamp":"2017-08-29T19:54:03Z", "event":"FSDJump", "StarSystem":"M25 Sector AV-Y d3", "StarPos":[-480.750,-93.250,1841.000], "SystemAllegiance":"", "SystemEconomy":"$economy_None;", "SystemEconomy_Localised":"None", "SystemGovernment":"$government_None;", "SystemGovernment_Localised":"None", "SystemSecurity":"$SYSTEM_SECURITY_low;", "SystemSecurity_Localised":"Low Security", "JumpDist":45.129, "FuelUsed":5.019832, "FuelLevel":26.980167 }
{ "timestamp":"2017-08-29T19:54:20Z", "event":"FuelScoop", "Scooped":5.000692, "Total":31.980848 }
{ "timestamp":"2017-08-29T19:54:20Z", "event":"FuelScoop", "Scooped":0.019152, "Total":32.000000 }
{ "timestamp":"2017-08-29T19:56:35Z", "event":"Scan", "BodyName":"M25 Sector AV-Y d3 4", "DistanceFromArrivalLS":1795.039185, "TidalLock":false, "TerraformState":"", "PlanetClass":"Water world", "Atmosphere":"thick ammonia atmosphere", "AtmosphereType":"Ammonia", "AtmosphereComposition":[ { "Name":"Ammonia", "Percent":83.693649 }, { "Name":"Nitrogen", "Percent":14.478252 }, { "Name":"Oxygen", "Percent":1.311610 } ], "Volcanism":"metallic magma volcanism", "MassEM":2.777406, "Radius":8191388.000000, "SurfaceGravity":16.498095, "SurfaceTemperature":387.341125, "SurfacePressure":1562135.250000, "Landable":false, "SemiMajorAxis":538121371648.000000, "Eccentricity":0.000039, "OrbitalInclination":0.883342, "Periapsis":284.650360, "OrbitalPeriod":164951936.000000, "RotationPeriod":75357.914063, "AxialTilt":0.500242 }
{ "timestamp":"2017-08-29T19:56:57Z", "event":"StartJump", "JumpType":"Hyperspace", "StarSystem":"M25 Sector SI-A b1-2", "StarClass":"M" }
{ "timestamp":"2017-08-29T19:57:16Z", "event":"FSDJump", "StarSystem":"M25 Sector SI-A b1-2", "StarPos":[-464.563,-110.688,1802.406], "SystemAllegiance":"", "SystemEconomy":"$economy_None;", "SystemEconomy_Localised":"None", "SystemGovernment":"$government_None;", "SystemGovernment_Localised":"None", "SystemSecurity":"$SYSTEM_SECURITY_low;", "SystemSecurity_Localised":"Low Security", "JumpDist":45.338, "FuelUsed":5.076873, "FuelLevel":26.923126 }
{ "timestamp":"2017-08-29T19:57:33Z", "event":"FuelScoop", "Scooped":3.696907, "Total":30.620022 }
{ "timestamp":"2017-08-29T19:57:53Z", "event":"StartJump", "JumpType":"Hyperspace", "StarSystem":"Bleia Eohn VJ-X d2-20", "StarClass":"G" }
{ "timestamp":"2017-08-29T19:58:11Z", "event":"FSDJump", "StarSystem":"Bleia Eohn VJ-X d2-20", "StarPos":[-450.688,-111.750,1761.406], "SystemAllegiance":"", "SystemEconomy":"$economy_None;", "SystemEconomy_Localised":"None", "SystemGovernment":"$government_None;", "SystemGovernment_Localised":"None", "SystemSecurity":"$SYSTEM_SECURITY_low;", "SystemSecurity_Localised":"Low Security", "JumpDist":43.297, "FuelUsed":4.494481, "FuelLevel":26.125542 }
{ "timestamp":"2017-08-29T19:58:29Z", "event":"FuelScoop", "Scooped":2.997459, "Total":29.123001 }
{ "timestamp":"2017-08-29T19:58:48Z", "event":"StartJump", "JumpType":"Hyperspace", "StarSystem":"Bleia Eohn WV-R b10-4", "StarClass":"M" }
{ "timestamp":"2017-08-29T19:59:06Z", "event":"FSDJump", "StarSystem":"Bleia Eohn WV-R b10-4", "StarPos":[-450.813,-109.750,1717.781], "SystemAllegiance":"", "SystemEconomy":"$economy_None;", "SystemEconomy_Localised":"None", "SystemGovernment":"$government_None;", "SystemGovernment_Localised":"None", "SystemSecurity":"$SYSTEM_SECURITY_low;", "SystemSecurity_Localised":"Low Security", "JumpDist":43.671, "FuelUsed":4.545934, "FuelLevel":24.577066 }
{ "timestamp":"2017-08-29T19:59:22Z", "event":"FuelScoop", "Scooped":5.003053, "Total":29.580114 }
{ "timestamp":"2017-08-29T19:59:27Z", "event":"FuelScoop", "Scooped":1.956594, "Total":31.536709 }
{ "timestamp":"2017-08-29T19:59:45Z", "event":"StartJump", "JumpType":"Hyperspace", "StarSystem":"Bleia Eohn NO-V b8-0", "StarClass":"M" }
{ "timestamp":"2017-08-29T20:00:03Z", "event":"FSDJump", "StarSystem":"Bleia Eohn NO-V b8-0", "StarPos":[-440.750,-103.531,1675.781], "SystemAllegiance":"", "SystemEconomy":"$economy_None;", "SystemEconomy_Localised":"None", "SystemGovernment":"$government_None;", "SystemGovernment_Localised":"None", "SystemSecurity":"$SYSTEM_SECURITY_low;", "SystemSecurity_Localised":"Low Security", "JumpDist":43.634, "FuelUsed":4.608543, "FuelLevel":26.928165 }
{ "timestamp":"2017-08-29T20:00:21Z", "event":"FuelScoop", "Scooped":3.499487, "Total":30.427662 }
{ "timestamp":"2017-08-29T20:00:37Z", "event":"StartJump", "JumpType":"Hyperspace", "StarSystem":"Bleia Eohn HX-Y b6-0", "StarClass":"M" }
{ "timestamp":"2017-08-29T20:00:55Z", "event":"FSDJump", "StarSystem":"Bleia Eohn HX-Y b6-0", "StarPos":[-433.656,-110.156,1635.031], "SystemAllegiance":"", "SystemEconomy":"$economy_None;", "SystemEconomy_Localised":"None", "SystemGovernment":"$government_None;", "SystemGovernment_Localised":"None", "SystemSecurity":"$SYSTEM_SECURITY_low;", "SystemSecurity_Localised":"Low Security", "JumpDist":41.890, "FuelUsed":4.140317, "FuelLevel":26.287344 }
{ "timestamp":"2017-08-29T20:01:10Z", "event":"FuelScoop", "Scooped":5.005136, "Total":31.292467 }
{ "timestamp":"2017-08-29T20:01:11Z", "event":"FuelScoop", "Scooped":0.707528, "Total":32.000000 }
{ "timestamp":"2017-08-29T20:01:33Z", "event":"StartJump", "JumpType":"Hyperspace", "StarSystem":"Bleia Eohn ZK-C b5-0", "StarClass":"M" }
{ "timestamp":"2017-08-29T20:01:51Z", "event":"FSDJump", "StarSystem":"Bleia Eohn ZK-C b5-0", "StarPos":[-425.719,-110.625,1601.406], "SystemAllegiance":"", "SystemEconomy":"$economy_None;", "SystemEconomy_Localised":"None", "SystemGovernment":"$government_None;", "SystemGovernment_Localised":"None", "SystemSecurity":"$SYSTEM_SECURITY_low;", "SystemSecurity_Localised":"Low Security", "JumpDist":34.552, "FuelUsed":2.609407, "FuelLevel":29.390593 }
{ "timestamp":"2017-08-29T20:02:03Z", "event":"FuelScoop", "Scooped":2.609415, "Total":32.000000 }
{ "timestamp":"2017-08-29T20:02:24Z", "event":"StartJump", "JumpType":"Hyperspace", "StarSystem":"Bleia Eohn ZZ-B c2-23", "StarClass":"G" }
{ "timestamp":"2017-08-29T20:02:42Z", "event":"FSDJump", "StarSystem":"Bleia Eohn ZZ-B c2-23", "StarPos":[-418.250,-107.156,1589.031], "SystemAllegiance":"", "SystemEconomy":"$economy_None;", "SystemEconomy_Localised":"None", "SystemGovernment":"$government_None;", "SystemGovernment_Localised":"None", "SystemSecurity":"$SYSTEM_SECURITY_low;", "SystemSecurity_Localised":"Low Security", "JumpDist":14.865, "FuelUsed":0.330399, "FuelLevel":31.669601 }
{ "timestamp":"2017-08-29T20:02:50Z", "event":"FuelScoop", "Scooped":0.330395, "Total":32.000000 }
{ "timestamp":"2017-08-29T20:05:17Z", "event":"StartJump", "JumpType":"Hyperspace", "StarSystem":"Bleia Eohn VT-D c1-0", "StarClass":"K" }
{ "timestamp":"2017-08-29T20:05:36Z", "event":"FSDJump", "StarSystem":"Bleia Eohn VT-D c1-0", "StarPos":[-416.875,-112.000,1544.375], "SystemAllegiance":"", "SystemEconomy":"$economy_None;", "SystemEconomy_Localised":"None", "SystemGovernment":"$government_None;", "SystemGovernment_Localised":"None", "SystemSecurity":"$SYSTEM_SECURITY_low;", "SystemSecurity_Localised":"Low Security", "JumpDist":44.939, "FuelUsed":4.968297, "FuelLevel":27.031704 }
{ "timestamp":"2017-08-29T20:05:53Z", "event":"FuelScoop", "Scooped":4.968285, "Total":32.000000 }
{ "timestamp":"2017-08-29T20:06:13Z", "event":"StartJump", "JumpType":"Hyperspace", "StarSystem":"Bleia Eohn GG-L b6", "StarClass":"M" }
{ "timestamp":"2017-08-29T20:06:31Z", "event":"FSDJump", "StarSystem":"Bleia Eohn GG-L b6", "StarPos":[-413.656,-107.313,1499.500], "SystemAllegiance":"", "SystemEconomy":"$economy_None;", "SystemEconomy_Localised":"None", "SystemGovernment":"$government_None;", "SystemGovernment_Localised":"None", "SystemSecurity":"$SYSTEM_SECURITY_low;", "SystemSecurity_Localised":"Low Security", "JumpDist":45.234, "FuelUsed":5.048832, "FuelLevel":26.951168 }
{ "timestamp":"2017-08-29T20:06:49Z", "event":"FuelScoop", "Scooped":4.624064, "Total":30.945219 }
{ "timestamp":"2017-08-29T20:07:10Z", "event":"StartJump", "JumpType":"Hyperspace", "StarSystem":"Swoiwns PK-C d14-91", "StarClass":"A" }
{ "timestamp":"2017-08-29T20:07:28Z", "event":"FSDJump", "StarSystem":"Swoiwns PK-C d14-91", "StarPos":[-401.531,-102.438,1456.344], "SystemAllegiance":"", "SystemEconomy":"$economy_None;", "SystemEconomy_Localised":"None", "SystemGovernment":"$government_None;", "SystemGovernment_Localised":"None", "SystemSecurity":"$SYSTEM_SECURITY_low;", "SystemSecurity_Localised":"Low Security", "JumpDist":45.091, "FuelUsed":4.975305, "FuelLevel":25.969913 }
{ "timestamp":"2017-08-29T20:07:44Z", "event":"FuelScoop", "Scooped":5.007162, "Total":30.977093 }
{ "timestamp":"2017-08-29T20:07:46Z", "event":"FuelScoop", "Scooped":1.022896, "Total":32.000000 }
{ "timestamp":"2017-08-29T20:08:14Z", "event":"StartJump", "JumpType":"Hyperspace", "StarSystem":"Swoiwns LQ-J b56-6", "StarClass":"M" }
{ "timestamp":"2017-08-29T20:08:32Z", "event":"FSDJump", "StarSystem":"Swoiwns LQ-J b56-6", "StarPos":[-385.125,-101.625,1416.938], "SystemAllegiance":"", "SystemEconomy":"$economy_None;", "SystemEconomy_Localised":"None", "SystemGovernment":"$government_None;", "SystemGovernment_Localised":"None", "SystemSecurity":"$SYSTEM_SECURITY_low;", "SystemSecurity_Localised":"Low Security", "JumpDist":42.693, "FuelUsed":4.381625, "FuelLevel":27.618376 }
{ "timestamp":"2017-08-29T20:08:50Z", "event":"FuelScoop", "Scooped":4.381629, "Total":32.000000 }
{ "timestamp":"2017-08-29T20:09:20Z", "event":"StartJump", "JumpType":"Hyperspace", "StarSystem":"Swoiwns AY-O b53-4", "StarClass":"M" }
{ "timestamp":"2017-08-29T20:09:39Z", "event":"FSDJump", "StarSystem":"Swoiwns AY-O b53-4", "StarPos":[-384.781,-98.063,1372.031], "SystemAllegiance":"", "SystemEconomy":"$economy_None;", "SystemEconomy_Localised":"None", "SystemGovernment":"$government_None;", "SystemGovernment_Localised":"None", "SystemSecurity":"$SYSTEM_SECURITY_low;", "SystemSecurity_Localised":"Low Security", "JumpDist":45.049, "FuelUsed":4.998345, "FuelLevel":27.001656 }
{ "timestamp":"2017-08-29T20:09:57Z", "event":"FuelScoop", "Scooped":4.998312, "Total":32.000000 }
{ "timestamp":"2017-08-29T20:10:37Z", "event":"Scan", "BodyName":"Swoiwns AY-O b53-4 6", "DistanceFromArrivalLS":64.466972, "TidalLock":true, "TerraformState":"", "PlanetClass":"Water world", "Atmosphere":"thick argon rich atmosphere", "AtmosphereType":"ArgonRich", "AtmosphereComposition":[ { "Name":"Nitrogen", "Percent":97.443481 }, { "Name":"Argon", "Percent":2.462837 }, { "Name":"Water", "Percent":0.083060 } ], "Volcanism":"", "MassEM":0.698238, "Radius":6712014.000000, "SurfaceGravity":6.177420, "SurfaceTemperature":456.403412, "SurfacePressure":37291568.000000, "Landable":false, "SemiMajorAxis":19326287872.000000, "Eccentricity":0.000029, "OrbitalInclination":-0.000691, "Periapsis":297.429230, "OrbitalPeriod":2526859.000000, "RotationPeriod":2531332.000000, "AxialTilt":0.019740 }
{ "timestamp":"2017-08-29T20:11:55Z", "event":"Scan", "BodyName":"Swoiwns AY-O b53-4 8", "DistanceFromArrivalLS":238.172180, "TidalLock":true, "TerraformState":"", "PlanetClass":"Ammonia world", "Atmosphere":"", "AtmosphereType":"AmmoniaOxygen", "AtmosphereComposition":[ { "Name":"Nitrogen", "Percent":63.819988 }, { "Name":"Oxygen", "Percent":21.833797 }, { "Name":"CarbonDioxide", "Percent":14.168291 } ], "Volcanism":"", "MassEM":1.504191, "Radius":6862410.000000, "SurfaceGravity":12.730897, "SurfaceTemperature":197.589981, "SurfacePressure":116074.929688, "Landable":false, "SemiMajorAxis":71415160832.000000, "Eccentricity":0.000720, "OrbitalInclination":0.003145, "Periapsis":203.533371, "OrbitalPeriod":17949156.000000, "RotationPeriod":18040310.000000, "AxialTilt":-0.427761 }
{ "timestamp":"2017-08-29T20:13:01Z", "event":"StartJump", "JumpType":"Hyperspace", "StarSystem":"Swoiwns SL-S b51-7", "StarClass":"M" }
{ "timestamp":"2017-08-29T20:13:19Z", "event":"FSDJump", "StarSystem":"Swoiwns SL-S b51-7", "StarPos":[-371.875,-90.406,1331.594], "SystemAllegiance":"", "SystemEconomy":"$economy_None;", "SystemEconomy_Localised":"None", "SystemGovernment":"$government_None;", "SystemGovernment_Localised":"None", "SystemSecurity":"$SYSTEM_SECURITY_low;", "SystemSecurity_Localised":"Low Security", "JumpDist":43.132, "FuelUsed":4.493163, "FuelLevel":27.506838 }
{ "timestamp":"2017-08-29T20:13:34Z", "event":"FuelScoop", "Scooped":4.493156, "Total":32.000000 }
{ "timestamp":"2017-08-29T20:13:53Z", "event":"StartJump", "JumpType":"Hyperspace", "StarSystem":"Swoiwns KZ-V b49-1", "StarClass":"M" }
{ "timestamp":"2017-08-29T20:14:12Z", "event":"FSDJump", "StarSystem":"Swoiwns KZ-V b49-1", "StarPos":[-370.781,-90.969,1288.625], "SystemAllegiance":"", "SystemEconomy":"$economy_None;", "SystemEconomy_Localised":"None", "SystemGovernment":"$government_None;", "SystemGovernment_Localised":"None", "SystemSecurity":"$SYSTEM_SECURITY_low;", "SystemSecurity_Localised":"Low Security", "JumpDist":42.986, "FuelUsed":4.455775, "FuelLevel":27.544226 }
{ "timestamp":"2017-08-29T20:14:26Z", "event":"FuelScoop", "Scooped":4.455782, "Total":32.000000 }
{ "timestamp":"2017-08-29T20:14:54Z", "event":"StartJump", "JumpType":"Hyperspace", "StarSystem":"Swoiwns MQ-N c23-12", "StarClass":"K" }
{ "timestamp":"2017-08-29T20:15:12Z", "event":"FSDJump", "StarSystem":"Swoiwns MQ-N c23-12", "StarPos":[-366.063,-87.188,1244.156], "SystemAllegiance":"", "SystemEconomy":"$economy_None;", "SystemEconomy_Localised":"None", "SystemGovernment":"$government_None;", "SystemGovernment_Localised":"None", "SystemSecurity":"$SYSTEM_SECURITY_low;", "SystemSecurity_Localised":"Low Security", "JumpDist":44.878, "FuelUsed":4.952081, "FuelLevel":27.047920 }
{ "timestamp":"2017-08-29T20:15:30Z", "event":"FuelScoop", "Scooped":3.410010, "Total":30.457932 }
{ "timestamp":"2017-08-29T20:15:47Z", "event":"StartJump", "JumpType":"Hyperspace", "StarSystem":"Swoiwns IK-P c22-12", "StarClass":"K" }
{ "timestamp":"2017-08-29T20:16:06Z", "event":"FSDJump", "StarSystem":"Swoiwns IK-P c22-12", "StarPos":[-351.906,-93.281,1202.125], "SystemAllegiance":"", "SystemEconomy":"$economy_None;", "SystemEconomy_Localised":"None", "SystemGovernment":"$government_None;", "SystemGovernment_Localised":"None", "SystemSecurity":"$SYSTEM_SECURITY_low;", "SystemSecurity_Localised":"Low Security", "JumpDist":44.768, "FuelUsed":4.872763, "FuelLevel":25.585169 }
{ "timestamp":"2017-08-29T20:16:18Z", "event":"FuelScoop", "Scooped":0.542491, "Total":26.127672 }
{ "timestamp":"2017-08-29T20:16:43Z", "event":"StartJump", "JumpType":"Hyperspace", "StarSystem":"Col 359 Sector AF-P b48-2", "StarClass":"M" }
{ "timestamp":"2017-08-29T20:17:01Z", "event":"FSDJump", "StarSystem":"Col 359 Sector AF-P b48-2", "StarPos":[-355.031,-98.844,1157.469], "SystemAllegiance":"", "SystemEconomy":"$economy_None;", "SystemEconomy_Localised":"None", "SystemGovernment":"$government_None;", "SystemGovernment_Localised":"None", "SystemSecurity":"$SYSTEM_SECURITY_low;", "SystemSecurity_Localised":"Low Security", "JumpDist":45.110, "FuelUsed":4.825854, "FuelLevel":21.301819 }
{ "timestamp":"2017-08-29T20:17:17Z", "event":"FuelScoop", "Scooped":5.006274, "Total":26.308096 }
{ "timestamp":"2017-08-29T20:17:22Z", "event":"FuelScoop", "Scooped":2.096658, "Total":28.404753 }
{ "timestamp":"2017-08-29T20:17:38Z", "event":"StartJump", "JumpType":"Hyperspace", "StarSystem":"Col 359 Sector VL-J c23-10", "StarClass":"K" }
{ "timestamp":"2017-08-29T20:17:57Z", "event":"FSDJump", "StarSystem":"Col 359 Sector VL-J c23-10", "StarPos":[-352.813,-98.063,1112.375], "SystemAllegiance":"", "SystemEconomy":"$economy_None;", "SystemEconomy_Localised":"None", "SystemGovernment":"$government_None;", "SystemGovernment_Localised":"None", "SystemSecurity":"$SYSTEM_SECURITY_low;", "SystemSecurity_Localised":"Low Security", "JumpDist":45.155, "FuelUsed":4.910508, "FuelLevel":23.494246 }
{ "timestamp":"2017-08-29T20:18:12Z", "event":"FuelScoop", "Scooped":5.005357, "Total":28.499592 }
{ "timestamp":"2017-08-29T20:18:17Z", "event":"FuelScoop", "Scooped":3.500402, "Total":32.000000 }
{ "timestamp":"2017-08-29T20:19:25Z", "event":"StartJump", "JumpType":"Hyperspace", "StarSystem":"Col 359 Sector RF-L c22-13", "StarClass":"K" }
{ "timestamp":"2017-08-29T20:19:44Z", "event":"FSDJump", "StarSystem":"Col 359 Sector RF-L c22-13", "StarPos":[-346.406,-95.469,1070.594], "SystemAllegiance":"", "SystemEconomy":"$economy_None;", "SystemEconomy_Localised":"None", "SystemGovernment":"$government_None;", "SystemGovernment_Localised":"None", "SystemSecurity":"$SYSTEM_SECURITY_low;", "SystemSecurity_Localised":"Low Security", "JumpDist":42.349, "FuelUsed":4.296080, "FuelLevel":27.703920 }
{ "timestamp":"2017-08-29T20:19:59Z", "event":"FuelScoop", "Scooped":4.296062, "Total":32.000000 }
{ "timestamp":"2017-08-29T20:20:33Z", "event":"StartJump", "JumpType":"Hyperspace", "StarSystem":"Col 359 Sector XS-B b42-1", "StarClass":"M" }
{ "timestamp":"2017-08-29T20:20:51Z", "event":"FSDJump", "StarSystem":"Col 359 Sector XS-B b42-1", "StarPos":[-337.219,-81.188,1029.156], "SystemAllegiance":"", "SystemEconomy":"$economy_None;", "SystemEconomy_Localised":"None", "SystemGovernment":"$government_None;", "SystemGovernment_Localised":"None", "SystemSecurity":"$SYSTEM_SECURITY_low;", "SystemSecurity_Localised":"Low Security", "JumpDist":44.782, "FuelUsed":4.926006, "FuelLevel":27.073994 }
{ "timestamp":"2017-08-29T20:21:07Z", "event":"FuelScoop", "Scooped":4.926007, "Total":32.000000 }
{ "timestamp":"2017-08-29T20:21:36Z", "event":"StartJump", "JumpType":"Hyperspace", "StarSystem":"IC 1287 Sector IH-M b7-6", "StarClass":"M" }
{ "timestamp":"2017-08-29T20:21:54Z", "event":"FSDJump", "StarSystem":"IC 1287 Sector IH-M b7-6", "StarPos":[-336.719,-83.375,985.344], "SystemAllegiance":"", "SystemEconomy":"$economy_None;", "SystemEconomy_Localised":"None", "SystemGovernment":"$government_None;", "SystemGovernment_Localised":"None", "SystemSecurity":"$SYSTEM_SECURITY_low;", "SystemSecurity_Localised":"Low Security", "JumpDist":43.870, "FuelUsed":4.683872, "FuelLevel":27.316128 }
{ "timestamp":"2017-08-29T20:22:11Z", "event":"FuelScoop", "Scooped":4.683876, "Total":32.000000 }
{ "timestamp":"2017-08-29T20:22:39Z", "event":"StartJump", "JumpType":"Hyperspace", "StarSystem":"IC 1287 Sector HR-W d1-65", "StarClass":"G" }
{ "timestamp":"2017-08-29T20:22:58Z", "event":"FSDJump", "StarSystem":"IC 1287 Sector HR-W d1-65", "StarPos":[-325.375,-79.438,943.406], "SystemAllegiance":"", "SystemEconomy":"$economy_None;", "SystemEconomy_Localised":"None", "SystemGovernment":"$government_None;", "SystemGovernment_Localised":"None", "SystemSecurity":"$SYSTEM_SECURITY_low;", "SystemSecurity_Localised":"Low Security", "JumpDist":43.623, "FuelUsed":4.619360, "FuelLevel":27.380640 }
{ "timestamp":"2017-08-29T20:23:14Z", "event":"FuelScoop", "Scooped":4.619364, "Total":32.000000 }
{ "timestamp":"2017-08-29T20:23:38Z", "event":"StartJump", "JumpType":"Hyperspace", "StarSystem":"IC 1287 Sector TI-T b3-5", "StarClass":"M" }
{ "timestamp":"2017-08-29T20:23:57Z", "event":"FSDJump", "StarSystem":"IC 1287 Sector TI-T b3-5", "StarPos":[-313.031,-82.281,900.031], "SystemAllegiance":"", "SystemEconomy":"$economy_None;", "SystemEconomy_Localised":"None", "SystemGovernment":"$government_None;", "SystemGovernment_Localised":"None", "SystemSecurity":"$SYSTEM_SECURITY_low;", "SystemSecurity_Localised":"Low Security", "JumpDist":45.187, "FuelUsed":5.035428, "FuelLevel":26.964573 }
{ "timestamp":"2017-08-29T20:24:12Z", "event":"FuelScoop", "Scooped":5.003406, "Total":31.967991 }
{ "timestamp":"2017-08-29T20:24:12Z", "event":"FuelScoop", "Scooped":0.032008, "Total":32.000000 }
{ "timestamp":"2017-08-29T20:24:31Z", "event":"StartJump", "JumpType":"Hyperspace", "StarSystem":"Col 359 Sector UQ-P b34-2", "StarClass":"M" }
{ "timestamp":"2017-08-29T20:24:49Z", "event":"FSDJump", "StarSystem":"Col 359 Sector UQ-P b34-2", "StarPos":[-305.500,-87.313,855.844], "SystemAllegiance":"", "SystemEconomy":"$economy_None;", "SystemEconomy_Localised":"None", "SystemGovernment":"$government_None;", "SystemGovernment_Localised":"None", "SystemSecurity":"$SYSTEM_SECURITY_low;", "SystemSecurity_Localised":"Low Security", "JumpDist":45.106, "FuelUsed":5.013765, "FuelLevel":26.986235 }
{ "timestamp":"2017-08-29T20:25:09Z", "event":"FuelScoop", "Scooped":4.827456, "Total":31.813679 }
{ "timestamp":"2017-08-29T20:25:23Z", "event":"StartJump", "JumpType":"Hyperspace", "StarSystem":"Col 359 Sector RO-X c15-28", "StarClass":"M" }
{ "timestamp":"2017-08-29T20:25:42Z", "event":"FSDJump", "StarSystem":"Col 359 Sector RO-X c15-28", "StarPos":[-298.688,-99.938,812.875], "SystemAllegiance":"", "SystemEconomy":"$economy_None;", "SystemEconomy_Localised":"None", "SystemGovernment":"$government_None;", "SystemGovernment_Localised":"None", "SystemSecurity":"$SYSTEM_SECURITY_low;", "SystemSecurity_Localised":"Low Security", "JumpDist":45.300, "FuelUsed":5.059251, "FuelLevel":26.754427 }
{ "timestamp":"2017-08-29T20:25:59Z", "event":"FuelScoop", "Scooped":5.008006, "Total":31.762432 }
{ "timestamp":"2017-08-29T20:25:59Z", "event":"FuelScoop", "Scooped":0.237571, "Total":32.000000 }
{ "timestamp":"2017-08-29T20:26:21Z", "event":"StartJump", "JumpType":"Hyperspace", "StarSystem":"Col 359 Sector BM-Y b29-2", "StarClass":"M" }
{ "timestamp":"2017-08-29T20:26:40Z", "event":"FSDJump", "StarSystem":"Col 359 Sector BM-Y b29-2", "StarPos":[-298.219,-92.469,768.500], "SystemAllegiance":"", "SystemEconomy":"$economy_None;", "SystemEconomy_Localised":"None", "SystemGovernment":"$government_None;", "SystemGovernment_Localised":"None", "SystemSecurity":"$SYSTEM_SECURITY_low;", "SystemSecurity_Localised":"Low Security", "JumpDist":45.002, "FuelUsed":4.985497, "FuelLevel":27.014503 }
{ "timestamp":"2017-08-29T20:26:56Z", "event":"FuelScoop", "Scooped":4.985503, "Total":32.000000 }
{ "timestamp":"2017-08-29T20:27:17Z", "event":"StartJump", "JumpType":"Hyperspace", "StarSystem":"Col 359 Sector UZ-B b28-8", "StarClass":"K" }
{ "timestamp":"2017-08-29T20:27:35Z", "event":"FSDJump", "StarSystem":"Col 359 Sector UZ-B b28-8", "StarPos":[-283.594,-85.969,726.594], "SystemAllegiance":"", "SystemEconomy":"$economy_None;", "SystemEconomy_Localised":"None", "SystemGovernment":"$government_None;", "SystemGovernment_Localised":"None", "SystemSecurity":"$SYSTEM_SECURITY_low;", "SystemSecurity_Localised":"Low Security", "JumpDist":44.858, "FuelUsed":4.946201, "FuelLevel":27.053799 }
{ "timestamp":"2017-08-29T20:27:53Z", "event":"FuelScoop", "Scooped":4.946221, "Total":32.000000 }
{ "timestamp":"2017-08-29T20:28:17Z", "event":"StartJump", "JumpType":"Hyperspace", "StarSystem":"Col 359 Sector MN-F b26-0", "StarClass":"M" }
{ "timestamp":"2017-08-29T20:28:35Z", "event":"FSDJump", "StarSystem":"Col 359 Sector MN-F b26-0", "StarPos":[-282.344,-93.531,683.250], "SystemAllegiance":"", "SystemEconomy":"$economy_None;", "SystemEconomy_Localised":"None", "SystemGovernment":"$government_None;", "SystemGovernment_Localised":"None", "SystemSecurity":"$SYSTEM_SECURITY_low;", "SystemSecurity_Localised":"Low Security", "JumpDist":44.016, "FuelUsed":4.721996, "FuelLevel":27.278004 }
{ "timestamp":"2017-08-29T20:28:53Z", "event":"FuelScoop", "Scooped":4.389935, "Total":31.667963 }
{ "timestamp":"2017-08-29T20:29:36Z", "event":"StartJump", "JumpType":"Hyperspace", "StarSystem":"Col 359 Sector DL-O d6-18", "StarClass":"G" }
{ "timestamp":"2017-08-29T20:29:55Z", "event":"FSDJump", "StarSystem":"Col 359 Sector DL-O d6-18", "StarPos":[-268.500,-102.938,641.563], "SystemAllegiance":"", "SystemEconomy":"$economy_None;", "SystemEconomy_Localised":"None", "SystemGovernment":"$government_None;", "SystemGovernment_Localised":"None", "SystemSecurity":"$SYSTEM_SECURITY_low;", "SystemSecurity_Localised":"Low Security", "JumpDist":44.922, "FuelUsed":4.953260, "FuelLevel":26.714703 }
{ "timestamp":"2017-08-29T20:31:01Z", "event":"FuelScoop", "Scooped":5.002269, "Total":31.716980 }
{ "timestamp":"2017-08-29T20:31:01Z", "event":"FuelScoop", "Scooped":0.283019, "Total":32.000000 }
{ "timestamp":"2017-08-29T20:31:24Z", "event":"StartJump", "JumpType":"Hyperspace", "StarSystem":"Col 359 Sector ZE-Q d5-59", "StarClass":"F" }
{ "timestamp":"2017-08-29T20:31:43Z", "event":"FSDJump", "StarSystem":"Col 359 Sector ZE-Q d5-59", "StarPos":[-261.375,-98.719,606.938], "SystemAllegiance":"", "SystemEconomy":"$economy_None;", "SystemEconomy_Localised":"None", "SystemGovernment":"$government_None;", "SystemGovernment_Localised":"None", "SystemSecurity":"$SYSTEM_SECURITY_low;", "SystemSecurity_Localised":"Low Security", "JumpDist":35.601, "FuelUsed":2.807719, "FuelLevel":29.192280 }
{ "timestamp":"2017-08-29T20:33:31Z", "event":"Scan", "BodyName":"Col 359 Sector ZE-Q d5-59 2", "DistanceFromArrivalLS":999.345886, "TidalLock":true, "TerraformState":"Terraformable", "PlanetClass":"Water world", "Atmosphere":"thick ammonia atmosphere", "AtmosphereType":"Ammonia", "AtmosphereComposition":[ { "Name":"Ammonia", "Percent":81.351898 }, { "Name":"Nitrogen", "Percent":16.972076 }, { "Name":"Oxygen", "Percent":0.971620 } ], "Volcanism":"major rocky magma volcanism", "MassEM":0.941862, "Radius":5973569.500000, "SurfaceGravity":10.520315, "SurfaceTemperature":368.279724, "SurfacePressure":648401.187500, "Landable":false, "SemiMajorAxis":66375544.000000, "Eccentricity":0.016779, "OrbitalInclination":4.956270, "Periapsis":37.046261, "OrbitalPeriod":456609.968750, "RotationPeriod":691176.812500, "AxialTilt":0.236420 }
{ "timestamp":"2017-08-29T20:53:06Z", "event":"StartJump", "JumpType":"Hyperspace", "StarSystem":"Col 359 Sector WY-H c10-8", "StarClass":"K" }
{ "timestamp":"2017-08-29T20:53:24Z", "event":"FSDJump", "StarSystem":"Col 359 Sector WY-H c10-8", "StarPos":[-242.000,-110.156,567.938], "SystemAllegiance":"", "SystemEconomy":"$economy_None;", "SystemEconomy_Localised":"None", "SystemGovernment":"$government_None;", "SystemGovernment_Localised":"None", "SystemSecurity":"$SYSTEM_SECURITY_low;", "SystemSecurity_Localised":"Low Security", "JumpDist":45.025, "FuelUsed":4.881144, "FuelLevel":23.681137 }
{ "timestamp":"2017-08-29T20:53:42Z", "event":"FuelScoop", "Scooped":5.005168, "Total":28.686314 }
{ "timestamp":"2017-08-29T20:53:48Z", "event":"FuelScoop", "Scooped":2.466614, "Total":31.152941 }
{ "timestamp":"2017-08-29T20:55:03Z", "event":"Scan", "BodyName":"Col 359 Sector WY-H c10-8 1", "DistanceFromArrivalLS":422.874298, "TidalLock":false, "TerraformState":"Terraformable", "PlanetClass":"Water world", "Atmosphere":"carbon dioxide rich atmosphere", "AtmosphereType":"CarbonDioxideRich", "AtmosphereComposition":[ { "Name":"Oxygen", "Percent":94.949905 }, { "Name":"CarbonDioxide", "Percent":4.959865 } ], "Volcanism":"", "MassEM":0.219989, "Radius":3821798.500000, "SurfaceGravity":6.003096, "SurfaceTemperature":250.194351, "SurfacePressure":18678.929688, "Landable":false, "SemiMajorAxis":126781054976.000000, "Eccentricity":0.000055, "OrbitalInclination":0.001110, "Periapsis":109.498711, "OrbitalPeriod":27377430.000000, "RotationPeriod":218774.937500, "AxialTilt":-2.440671 }
{ "timestamp":"2017-08-29T20:55:32Z", "event":"StartJump", "JumpType":"Hyperspace", "StarSystem":"Col 359 Sector LL-T b18-6", "StarClass":"M" }
{ "timestamp":"2017-08-29T20:55:50Z", "event":"FSDJump", "StarSystem":"Col 359 Sector LL-T b18-6", "StarPos":[-223.563,-116.688,528.844], "SystemAllegiance":"", "SystemEconomy":"$economy_None;", "SystemEconomy_Localised":"None", "SystemGovernment":"$government_None;", "SystemGovernment_Localised":"None", "SystemSecurity":"$SYSTEM_SECURITY_low;", "SystemSecurity_Localised":"Low Security", "JumpDist":43.714, "FuelUsed":4.617425, "FuelLevel":26.535515 }
{ "timestamp":"2017-08-29T20:56:04Z", "event":"FuelScoop", "Scooped":5.001448, "Total":31.536980 }
{ "timestamp":"2017-08-29T20:56:05Z", "event":"FuelScoop", "Scooped":0.463022, "Total":32.000000 }
{ "timestamp":"2017-08-29T20:56:27Z", "event":"StartJump", "JumpType":"Hyperspace", "StarSystem":"Col 359 Sector EZ-W b16-6", "StarClass":"M" }
{ "timestamp":"2017-08-29T20:56:46Z", "event":"FSDJump", "StarSystem":"Col 359 Sector EZ-W b16-6", "StarPos":[-197.375,-111.125,494.375], "SystemAllegiance":"", "SystemEconomy":"$economy_None;", "SystemEconomy_Localised":"None", "SystemGovernment":"$government_None;", "SystemGovernment_Localised":"None", "SystemSecurity":"$SYSTEM_SECURITY_low;", "SystemSecurity_Localised":"Low Security", "JumpDist":43.644, "FuelUsed":4.624759, "FuelLevel":27.375240 }
{ "timestamp":"2017-08-29T20:57:01Z", "event":"FuelScoop", "Scooped":4.624761, "Total":32.000000 }
{ "timestamp":"2017-08-29T20:57:29Z", "event":"StartJump", "JumpType":"Hyperspace", "StarSystem":"Col 359 Sector JL-N c7-21", "StarClass":"G" }
{ "timestamp":"2017-08-29T20:57:48Z", "event":"FSDJump", "StarSystem":"Col 359 Sector JL-N c7-21", "StarPos":[-185.969,-104.000,452.469], "SystemAllegiance":"", "SystemEconomy":"$economy_None;", "SystemEconomy_Localised":"None", "SystemGovernment":"$government_None;", "SystemGovernment_Localised":"None", "SystemSecurity":"$SYSTEM_SECURITY_low;", "SystemSecurity_Localised":"Low Security", "JumpDist":44.011, "FuelUsed":4.720877, "FuelLevel":27.279123 }
{ "timestamp":"2017-08-29T20:58:03Z", "event":"FuelScoop", "Scooped":4.720872, "Total":32.000000 }
{ "timestamp":"2017-08-29T20:58:30Z", "event":"StartJump", "JumpType":"Hyperspace", "StarSystem":"Col 359 Sector MG-N c7-13", "StarClass":"K" }
{ "timestamp":"2017-08-29T20:58:48Z", "event":"FSDJump", "StarSystem":"Col 359 Sector MG-N c7-13", "StarPos":[-160.688,-106.094,418.063], "SystemAllegiance":"", "SystemEconomy":"$economy_None;", "SystemEconomy_Localised":"None", "SystemGovernment":"$government_None;", "SystemGovernment_Localised":"None", "SystemSecurity":"$SYSTEM_SECURITY_low;", "SystemSecurity_Localised":"Low Security", "JumpDist":42.747, "FuelUsed":4.395623, "FuelLevel":27.604378 }
{ "timestamp":"2017-08-29T20:59:03Z", "event":"FuelScoop", "Scooped":4.395637, "Total":32.000000 }
{ "timestamp":"2017-08-29T20:59:32Z", "event":"StartJump", "JumpType":"Hyperspace", "StarSystem":"Col 359 Sector VN-T d3-59", "StarClass":"G" }
{ "timestamp":"2017-08-29T20:59:51Z", "event":"FSDJump", "StarSystem":"Col 359 Sector VN-T d3-59", "StarPos":[-142.656,-110.875,377.000], "SystemAllegiance":"", "SystemEconomy":"$economy_None;", "SystemEconomy_Localised":"None", "SystemGovernment":"$government_None;", "SystemGovernment_Localised":"None", "SystemSecurity":"$SYSTEM_SECURITY_low;", "SystemSecurity_Localised":"Low Security", "JumpDist":45.101, "FuelUsed":5.012567, "FuelLevel":26.987434 }
{ "timestamp":"2017-08-29T21:00:06Z", "event":"FuelScoop", "Scooped":5.011780, "Total":31.999218 }
{ "timestamp":"2017-08-29T21:00:06Z", "event":"FuelScoop", "Scooped":0.000782, "Total":32.000000 }
{ "timestamp":"2017-08-29T21:00:36Z", "event":"StartJump", "JumpType":"Hyperspace", "StarSystem":"Col 359 Sector FI-J b10-5", "StarClass":"M" }
{ "timestamp":"2017-08-29T21:00:54Z", "event":"FSDJump", "StarSystem":"Col 359 Sector FI-J b10-5", "StarPos":[-125.938,-110.438,336.219], "SystemAllegiance":"", "SystemEconomy":"$economy_None;", "SystemEconomy_Localised":"None", "SystemGovernment":"$government_None;", "SystemGovernment_Localised":"None", "SystemSecurity":"$SYSTEM_SECURITY_low;", "SystemSecurity_Localised":"Low Security", "JumpDist":44.077, "FuelUsed":4.719087, "FuelLevel":26.650913 }
{ "timestamp":"2017-08-29T21:01:11Z", "event":"FuelScoop", "Scooped":5.005442, "Total":31.656359 }
{ "timestamp":"2017-08-29T21:01:12Z", "event":"FuelScoop", "Scooped":0.343637, "Total":32.000000 }
{ "timestamp":"2017-08-29T21:01:33Z", "event":"StartJump", "JumpType":"Hyperspace", "StarSystem":"Col 359 Sector XA-N b8-6", "StarClass":"M" }
{ "timestamp":"2017-08-29T21:01:51Z", "event":"FSDJump", "StarSystem":"Col 359 Sector XA-N b8-6", "StarPos":[-97.250,-96.125,304.188], "SystemAllegiance":"", "SystemEconomy":"$economy_None;", "SystemEconomy_Localised":"None", "SystemGovernment":"$government_None;", "SystemGovernment_Localised":"None", "SystemSecurity":"$SYSTEM_SECURITY_low;", "SystemSecurity_Localised":"Low Security", "JumpDist":45.319, "FuelUsed":5.072058, "FuelLevel":26.927942 }
{ "timestamp":"2017-08-29T21:02:08Z", "event":"FuelScoop", "Scooped":5.007494, "Total":31.935431 }
{ "timestamp":"2017-08-29T21:02:08Z", "event":"FuelScoop", "Scooped":0.064570, "Total":32.000000 }
{ "timestamp":"2017-08-29T21:02:26Z", "event":"StartJump", "JumpType":"Hyperspace", "StarSystem":"Col 285 Sector RB-Z b28-2", "StarClass":"M" }
{ "timestamp":"2017-08-29T21:02:44Z", "event":"FSDJump", "StarSystem":"Col 285 Sector RB-Z b28-2", "StarPos":[-78.031,-90.875,266.906], "SystemAllegiance":"", "SystemEconomy":"$economy_None;", "SystemEconomy_Localised":"None", "SystemGovernment":"$government_None;", "SystemGovernment_Localised":"None", "SystemSecurity":"$SYSTEM_SECURITY_low;", "SystemSecurity_Localised":"Low Security", "JumpDist":42.271, "FuelUsed":4.276382, "FuelLevel":27.723618 }
{ "timestamp":"2017-08-29T21:03:00Z", "event":"FuelScoop", "Scooped":4.276411, "Total":32.000000 }
{ "timestamp":"2017-08-29T21:03:25Z", "event":"StartJump", "JumpType":"Hyperspace", "StarSystem":"Col 285 Sector KP-C b27-6", "StarClass":"M" }
{ "timestamp":"2017-08-29T21:03:44Z", "event":"FSDJump", "StarSystem":"Col 285 Sector KP-C b27-6", "StarPos":[-53.031,-89.688,229.250], "SystemAllegiance":"", "SystemEconomy":"$economy_None;", "SystemEconomy_Localised":"None", "SystemGovernment":"$government_None;", "SystemGovernment_Localised":"None", "SystemSecurity":"$SYSTEM_SECURITY_low;", "SystemSecurity_Localised":"Low Security", "JumpDist":45.215, "FuelUsed":5.043708, "FuelLevel":26.956291 }
{ "timestamp":"2017-08-29T21:04:01Z", "event":"FuelScoop", "Scooped":4.349540, "Total":31.305853 }
{ "timestamp":"2017-08-29T21:04:18Z", "event":"StartJump", "JumpType":"Hyperspace", "StarSystem":"Col 285 Sector CH-C c13-16", "StarClass":"K" }
{ "timestamp":"2017-08-29T21:04:36Z", "event":"FSDJump", "StarSystem":"Col 285 Sector CH-C c13-16", "StarPos":[-27.938,-84.281,194.406], "SystemAllegiance":"", "SystemEconomy":"$economy_None;", "SystemEconomy_Localised":"None", "SystemGovernment":"$government_None;", "SystemGovernment_Localised":"None", "SystemSecurity":"$SYSTEM_SECURITY_low;", "SystemSecurity_Localised":"Low Security", "JumpDist":43.278, "FuelUsed":4.510329, "FuelLevel":26.795525 }
{ "timestamp":"2017-08-29T21:04:55Z", "event":"FuelScoop", "Scooped":4.942932, "Total":31.738459 }
{ "timestamp":"2017-08-29T21:05:16Z", "event":"StartJump", "JumpType":"Hyperspace", "StarSystem":"HIP 97977", "StarClass":"K" }
{ "timestamp":"2017-08-29T21:05:34Z", "event":"FSDJump", "StarSystem":"HIP 97977", "StarPos":[-20.406,-79.063,150.156], "SystemAllegiance":"Independent", "SystemEconomy":"$economy_Industrial;", "SystemEconomy_Localised":"Industrial", "SystemGovernment":"$government_Confederacy;", "SystemGovernment_Localised":"Confederacy", "SystemSecurity":"$SYSTEM_SECURITY_low;", "SystemSecurity_Localised":"Low Security", "JumpDist":45.189, "FuelUsed":5.027750, "FuelLevel":26.710709, "Factions":[ { "Name":"Confederation of HIP 97977", "FactionState":"Outbreak", "Government":"Confederacy", "Influence":0.666667, "Allegiance":"Independent" }, { "Name":"HIP 97977 Crimson Netcoms Comp", "FactionState":"Outbreak", "Government":"Corporate", "Influence":0.113113, "Allegiance":"Independent", "PendingStates":[ { "State":"CivilWar", "Trend":0 } ] }, { "Name":"HIP 97977 Silver Brothers", "FactionState":"Famine", "Government":"Anarchy", "Influence":0.057057, "Allegiance":"Independent" }, { "Name":"Union of HIP 97977 Free", "FactionState":"None", "Government":"Democracy", "Influence":0.050050, "Allegiance":"Independent" }, { "Name":"HIP 97977 Movement", "FactionState":"None", "Government":"Dictatorship", "Influence":0.113113, "Allegiance":"Independent", "PendingStates":[ { "State":"Outbreak", "Trend":0 }, { "State":"CivilWar", "Trend":0 } ] } ], "SystemFaction":"Confederation of HIP 97977", "FactionState":"Outbreak" }
{ "timestamp":"2017-08-29T21:05:56Z", "event":"FuelScoop", "Scooped":4.442457, "Total":31.153168 }
{ "timestamp":"2017-08-29T21:06:13Z", "event":"StartJump", "JumpType":"Hyperspace", "StarSystem":"Col 285 Sector NJ-N b21-6", "StarClass":"M" }
{ "timestamp":"2017-08-29T21:06:32Z", "event":"FSDJump", "StarSystem":"Col 285 Sector NJ-N b21-6", "StarPos":[-4.188,-66.594,109.844], "SystemAllegiance":"", "SystemEconomy":"$economy_None;", "SystemEconomy_Localised":"None", "SystemGovernment":"$government_None;", "SystemGovernment_Localised":"None", "SystemSecurity":"$SYSTEM_SECURITY_low;", "SystemSecurity_Localised":"Low Security", "JumpDist":45.206, "FuelUsed":5.013291, "FuelLevel":26.139877 }
{ "timestamp":"2017-08-29T21:06:47Z", "event":"FuelScoop", "Scooped":3.382204, "Total":29.522097 }
{ "timestamp":"2017-08-29T21:07:04Z", "event":"StartJump", "JumpType":"Hyperspace", "StarSystem":"Pellang", "StarClass":"F" }
{ "timestamp":"2017-08-29T21:07:22Z", "event":"FSDJump", "StarSystem":"Pellang", "StarPos":[13.375,-57.469,70.938], "SystemAllegiance":"Independent", "SystemEconomy":"$economy_Refinery;", "SystemEconomy_Localised":"Refinery", "SystemGovernment":"$government_Feudal;", "SystemGovernment_Localised":"Feudal", "SystemSecurity":"$SYSTEM_SECURITY_medium;", "SystemSecurity_Localised":"Medium Security", "JumpDist":43.651, "FuelUsed":4.552658, "FuelLevel":24.969439, "Factions":[ { "Name":"Petra Empire Pact", "FactionState":"None", "Government":"Patronage", "Influence":0.154154, "Allegiance":"Empire", "RecoveringStates":[ { "State":"CivilUnrest", "Trend":0 } ] }, { "Name":"Pellang Labour", "FactionState":"None", "Government":"Democracy", "Influence":0.085085, "Allegiance":"Federation", "RecoveringStates":[ { "State":"Famine", "Trend":0 } ] }, { "Name":"Pellang Inc", "FactionState":"None", "Government":"Corporate", "Influence":0.032032, "Allegiance":"Independent" }, { "Name":"Noblemen of Pellang", "FactionState":"Boom", "Government":"Feudal", "Influence":0.258258, "Allegiance":"Independent", "PendingStates":[ { "State":"War", "Trend":0 } ] }, { "Name":"Pellang Cartel", "FactionState":"Boom", "Government":"Anarchy", "Influence":0.212212, "Allegiance":"Independent" }, { "Name":"Regira Crimson General Comms", "FactionState":"Boom", "Government":"Corporate", "Influence":0.258258, "Allegiance":"Federation", "PendingStates":[ { "State":"War", "Trend":0 } ] } ], "SystemFaction":"Noblemen of Pellang", "FactionState":"Boom" }
{ "timestamp":"2017-08-29T21:07:39Z", "event":"FuelScoop", "Scooped":5.002780, "Total":29.972208 }
{ "timestamp":"2017-08-29T21:07:42Z", "event":"FuelScoop", "Scooped":2.027795, "Total":32.000000 }
{ "timestamp":"2017-08-29T21:08:05Z", "event":"StartJump", "JumpType":"Hyperspace", "StarSystem":"Gebel", "StarClass":"K" }
{ "timestamp":"2017-08-29T21:08:23Z", "event":"FSDJump", "StarSystem":"Gebel", "StarPos":[23.406,-50.906,29.375], "SystemAllegiance":"Empire", "SystemEconomy":"$economy_Agri;", "SystemEconomy_Localised":"Agriculture", "SystemGovernment":"$government_Patronage;", "SystemGovernment_Localised":"Patronage", "SystemSecurity":"$SYSTEM_SECURITY_high;", "SystemSecurity_Localised":"High Security", "JumpDist":43.257, "FuelUsed":4.524759, "FuelLevel":27.475241, "Factions":[ { "Name":"Workers of Gebel Labour", "FactionState":"None", "Government":"Democracy", "Influence":0.055055, "Allegiance":"Independent" }, { "Name":"LFT 78 Patron's Principles", "FactionState":"Boom", "Government":"Patronage", "Influence":0.310310, "Allegiance":"Empire" }, { "Name":"Gebel Silver Advanced Org", "FactionState":"None", "Government":"Corporate", "Influence":0.077077, "Allegiance":"Federation", "PendingStates":[ { "State":"Election", "Trend":0 } ] }, { "Name":"Gebel Empire League", "FactionState":"Boom", "Government":"Patronage", "Influence":0.360360, "Allegiance":"Empire" }, { "Name":"Gebel Industries", "FactionState":"None", "Government":"Corporate", "Influence":0.078078, "Allegiance":"Federation", "PendingStates":[ { "State":"Election", "Trend":0 } ] }, { "Name":"Gebel Freedom Party", "FactionState":"Boom", "Government":"Dictatorship", "Influence":0.042042, "Allegiance":"Independent" }, { "Name":"EG Union", "FactionState":"Boom", "Government":"Dictatorship", "Influence":0.077077, "Allegiance":"Independent" } ], "SystemFaction":"Gebel Empire League", "FactionState":"Boom" }
{ "timestamp":"2017-08-29T21:08:41Z", "event":"FuelScoop", "Scooped":4.524752, "Total":32.000000 }
{ "timestamp":"2017-08-29T21:09:01Z", "event":"StartJump", "JumpType":"Hyperspace", "StarSystem":"Gamma Doradus", "StarClass":"F" }
{ "timestamp":"2017-08-29T21:09:20Z", "event":"FSDJump", "StarSystem":"Gamma Doradus", "StarPos":[46.719,-46.875,-8.594], "SystemAllegiance":"Federation", "SystemEconomy":"$economy_Colony;", "SystemEconomy_Localised":"Colony", "SystemGovernment":"$government_Democracy;", "SystemGovernment_Localised":"Democracy", "SystemSecurity":"$SYSTEM_SECURITY_medium;", "SystemSecurity_Localised":"Medium Security", "JumpDist":44.736, "FuelUsed":4.913407, "FuelLevel":27.086594, "Factions":[ { "Name":"Workers of Gamma Doradus Progressive Party", "FactionState":"Boom", "Government":"Democracy", "Influence":0.634366, "Allegiance":"Federation" }, { "Name":"LTT 1935 Confederacy", "FactionState":"None", "Government":"Confederacy", "Influence":0.036963, "Allegiance":"Federation", "PendingStates":[ { "State":"CivilUnrest", "Trend":0 } ] }, { "Name":"Gamma Doradus Electronics Co", "FactionState":"None", "Government":"Corporate", "Influence":0.130869, "Allegiance":"Independent" }, { "Name":"Nationals of Gamma Doradus", "FactionState":"CivilWar", "Government":"Dictatorship", "Influence":0.024975, "Allegiance":"Independent" }, { "Name":"Gamma Doradus Silver Brotherhood", "FactionState":"Outbreak", "Government":"Anarchy", "Influence":0.009990, "Allegiance":"Independent" }, { "Name":"Gamma Doradus Vision Limited", "FactionState":"CivilWar", "Government":"Corporate", "Influence":0.035964, "Allegiance":"Federation" }, { "Name":"L.Y.S Corp.", "FactionState":"None", "Government":"Corporate", "Influence":0.126873, "Allegiance":"Empire", "RecoveringStates":[ { "State":"Boom", "Trend":1 } ] } ], "SystemFaction":"Workers of Gamma Doradus Progressive Party", "FactionState":"Boom" }
{ "timestamp":"2017-08-29T21:09:40Z", "event":"FuelScoop", "Scooped":4.913409, "Total":32.000000 }
{ "timestamp":"2017-08-29T21:10:04Z", "event":"StartJump", "JumpType":"Hyperspace", "StarSystem":"Eurybia", "StarClass":"K" }
{ "timestamp":"2017-08-29T21:10:22Z", "event":"FSDJump", "StarSystem":"Eurybia", "StarPos":[51.406,-54.406,-30.500], "SystemAllegiance":"Independent", "SystemEconomy":"$economy_Industrial;", "SystemEconomy_Localised":"Industrial", "SystemGovernment":"$government_Anarchy;", "SystemGovernment_Localised":"Anarchy", "SystemSecurity":"$GAlAXY_MAP_INFO_state_anarchy;", "SystemSecurity_Localised":"Anarchy", "JumpDist":23.634, "FuelUsed":1.029061, "FuelLevel":30.970938, "Factions":[ { "Name":"Liz Ryder", "FactionState":"None", "Government":"Engineer", "Influence":0.050332, "Allegiance":"Empire" }, { "Name":"Eurybia Empire Consulate", "FactionState":"Retreat", "Government":"Patronage", "Influence":0.133903, "Allegiance":"Empire" }, { "Name":"Eurybia Jet Major Systems", "FactionState":"Boom", "Government":"Corporate", "Influence":0.272555, "Allegiance":"Empire" }, { "Name":"Eurybia Blue Mafia", "FactionState":"None", "Government":"Anarchy", "Influence":0.425451, "Allegiance":"Independent", "RecoveringStates":[ { "State":"Boom", "Trend":0 } ] }, { "Name":"Democrats of Eurybia", "FactionState":"Boom", "Government":"Democracy", "Influence":0.102564, "Allegiance":"Independent" }, { "Name":"Collangbaka Energy Exchange", "FactionState":"None", "Government":"Corporate", "Influence":0.015195, "Allegiance":"Federation", "PendingStates":[ { "State":"Boom", "Trend":1 } ] } ], "SystemFaction":"Eurybia Blue Mafia" }
{ "timestamp":"2017-08-29T21:10:33Z", "event":"FuelScoop", "Scooped":0.256826, "Total":31.227758 }
{ "timestamp":"2017-08-29T21:12:26Z", "event":"SupercruiseExit", "StarSystem":"Eurybia", "Body":"Awyra Flirble", "BodyType":"Station" }
{ "timestamp":"2017-08-29T21:12:34Z", "event":"DockingRequested", "StationName":"Awyra Flirble" }
{ "timestamp":"2017-08-29T21:12:34Z", "event":"ReceiveText", "From":"Awyra Flirble", "Message":"$DockingChatter_Cordial;", "Message_Localised":"Welcome back, Commander.", "Channel":"npc" }
{ "timestamp":"2017-08-29T21:12:36Z", "event":"ReceiveText", "From":"Awyra Flirble", "Message":"$STATION_docking_granted;", "Message_Localised":"Docking request granted.", "Channel":"npc" }
{ "timestamp":"2017-08-29T21:12:36Z", "event":"DockingGranted", "LandingPad":45, "StationName":"Awyra Flirble" }
{ "timestamp":"2017-08-29T21:12:46Z", "event":"ReceiveText", "From":"Awyra Flirble", "Message":"$STATION_NoFireZone_entered;", "Message_Localised":"No fire zone entered.", "Channel":"npc" }
{ "timestamp":"2017-08-29T21:13:44Z", "event":"Docked", "StationName":"Awyra Flirble", "StationType":"Coriolis", "StarSystem":"Eurybia", "StationFaction":"Eurybia Blue Mafia", "StationGovernment":"$government_Anarchy;", "StationGovernment_Localised":"Anarchy", "StationEconomy":"$economy_HighTech;", "StationEconomy_Localised":"High Tech", "DistFromStarLS":319.253418 }
{ "timestamp":"2017-08-29T21:14:58Z", "event":"SellExplorationData", "Systems":[ "Bleia Eohn HT-F d12-2", "Bleia Eohn VT-D c1-0", "Droju KB-D c29-0", "M25 Sector AV-Y d3", "Bleia Eohn TF-L d9-5", "Traikee KT-I d9-5", "Cat's Paw Sector AQ-Y d6", "Bleia Eohn HT-F d12-11", "Blu Euq MO-Z d13-15", "Droju ZP-V d3-17", "Col 359 Sector DL-O d6-18", "Traikee XE-R d4-18", "Bleia Eohn LV-C b46-0", "Bleia Eohn YJ-L b55-0", "Bleia Eohn NT-Z b33-0", "M25 Sector IJ-F b12-0", "Droju MJ-V b8-0", "Bleia Eohn ZK-C b5-0", "Bleia Eohn HX-Y b6-0", "Bleia Eohn NO-V b8-0", "NGC 6530 Sector ZP-N b7-0", "Droju CT-O b53-0", "Droju MQ-J b56-0", "Droju RY-Q b38-0", "Droju YT-Z b33-0", "Col 359 Sector MN-F b26-0", "Traikaae LH-H b51-0", "Blu Euq RE-B b55-0", "Traikee MY-K b36-0", "Traikee GU-D b26-0", "Bleia Eohn VJ-X d2-20", "Blu Euq TT-Z d13-20", "Droju DW-T d4-21", "Gamma Doradus", "Droju QO-O d7-25", "Bleia Dryiae UF-L d9-29", "Blu Euq EI-B d13-29", "Blu Euq MO-Z d13-30", "Bleia Dryiae HW-C d31", "NGC 6530 Sector BV-Y d31", "Bleia Dryiae PS-F c4", "Bleia Dryiae PW-U c19-5", "Droju UU-M d8-47", "Bleia Dryiae MT-O d7-48", "Bleia Dryiae LC-B d1-48", "Droju SR-L c24-6", "Droju WX-J c25-6", "M25 Sector AV-Y d51", "NGC 6546 Sector GR-W d1-59", "Col 359 Sector ZE-Q d5-59" ], "Discovered":[ "Traikee KT-I d9-5 6", "Bleia Eohn LV-C b46-0 1" ], "BaseValue":2761478, "Bonus":128616 }
{ "timestamp":"2017-08-29T21:15:23Z", "event":"SellExplorationData", "Systems":[ "Col 359 Sector VN-T d3-59", "IC 1287 Sector HR-W d1-65", "Col 359 Sector WY-H c10-8", "Droju RP-I c12-9", "Droju CT-S c20-9", "Byeia Euq UK-A c9", "Bleia Eohn TF-L d9-76", "Traikee TY-S d3-80", "Pellang", "Col 359 Sector VL-J c23-10", "Bleia Eohn SH-Z b47-1", "Bleia Eohn HW-H b57-1", "Droju DX-Y b6-1", "M25 Sector TK-M b8-1", "M25 Sector MY-P b6-1", "Droju AT-U b22-1", "Droju YQ-C b46-1", "Droju OJ-G b44-1", "Swoiwns KZ-V b49-1", "Droju XP-N b40-1", "Col 359 Sector XS-B b42-1", "Traikaae LC-H b51-1", "Blu Euq DE-V b44-1", "Traikee BD-H b24-1", "Bleia Dryiae IN-Q d6-84", "Thailae FC-B d1-89", "Swoiwns PK-C d14-91", "Bleia Eohn VX-S c20-12", "Swoiwns IK-P c22-12", "Swoiwns MQ-N c23-12", "Byeia Euq TQ-Y c12", "Col 359 Sector RF-L c22-13", "Col 359 Sector MG-N c7-13", "Droju QY-D c1-14", "Traikee TR-R c18-14", "Blu Euq JQ-C c26-15", "Traikaae MR-C c26-16", "Col 285 Sector CH-C c13-16", "Lagoon Sector GW-W d1-132", "Bleia Eohn HW-C c29-17", "Blu Euq ET-X c28-17", "Traikee JJ-Y c14-18", "Bleia Eohn TK-W b35-2", "M25 Sector SI-A b1-2", "Lagoon Sector CW-M b7-2", "Lagoon Sector KC-U b3-2", "NGC 6530 Sector OI-R b5-2", "Droju JF-R b24-2", "Droju UC-M b27-2", "Droju EI-Z b47-2" ], "Discovered":[ "Byeia Euq UK-A c9 4", "Byeia Euq UK-A c9 5", "Traikaae MR-C c26-16 2" ], "BaseValue":5161564, "Bonus":849869 }
{ "timestamp":"2017-08-29T21:15:45Z", "event":"SellExplorationData", "Systems":[ "Droju PH-D b32-2", "Droju FG-W b35-2", "Col 359 Sector AF-P b48-2", "Col 359 Sector UQ-P b34-2", "Col 359 Sector BM-Y b29-2", "Col 285 Sector RB-Z b28-2", "Traikee HH-O b34-2", "Traikee AV-R b32-2", "Traikee NG-A b28-2", "NGC 6188 Sector SJ-Q b5-2", "Lagoon Sector BV-Y c19", "Traikaae LP-M a103-0", "Traikaae FV-M a103-0", "Cat's Paw Sector BQ-Y d156", "Blu Euq YZ-F a107-0", "Cat's Paw Sector FW-W d1-158", "Traikee OF-P a19-0", "Col 359 Sector JL-N c7-21", "Blu Euq DG-D c26-21", "Bleia Dryiae RA-H c13-22", "Blu Euq VH-Z c27-22", "Traikee EK-M c21-22", "Trifid Sector IR-W d1-185", "Bleia Eohn ZZ-B c2-23", "Bleia Dryiae IK-Y c17-24", "Bleia Dryiae BS-H d11-202", "M25 Sector SU-O c6-25", "Blu Euq XT-G c24-26", "Droju EM-J b1-3", "Droju EO-D b18-3", "Blu Euq BM-V b57-3", "Byeia Euq EB-Z b3", "Blu Euq GR-G b52-3", "Blu Euq IF-T b45-3", "Traikee BI-C b41-3", "Traikee WL-K b22-3", "NGC 6188 Sector XA-N b7-3", "Col 359 Sector RO-X c15-28", "NGC 6188 Sector LC-V c2-28", "NGC 6530 Sector PD-S c4-29", "Bleia Dryiae EE-A c17-30", "Traikee ZY-S c3-30", "Bleia Eohn PX-O b53-4", "Droju TP-C b5-4", "NGC 6546 Sector OY-R b4-4", "NGC 6546 Sector EX-K b8-4", "Bleia Eohn WV-R b10-4", "NGC 6530 Sector ZJ-Y b1-4", "Swoiwns AY-O b53-4", "Traikee OR-Y b28-4" ], "Discovered":[ "NGC 6188 Sector SJ-Q b5-2 5", "NGC 6188 Sector SJ-Q b5-2 4", "Swoiwns AY-O b53-4 6", "Swoiwns AY-O b53-4 8" ], "BaseValue":2242107, "Bonus":541457 }
{ "timestamp":"2017-08-29T21:16:10Z", "event":"SellExplorationData", "Systems":[ "Traikee NX-L c7-35", "Traikaae NR-C c26-36", "Trifid Sector HB-X c1-42", "Bleia Eohn BO-G b44-5", "Bleia Eohn WZ-G b30-5", "IC 1287 Sector TI-T b3-5", "Col 359 Sector FI-J b10-5", "Blu Euq DD-C b54-5", "Byeia Euq LH-X b1-5", "Blu Euq OR-P b47-5", "Byeia Euq OF-A c48", "Trifid Sector PI-S b4-6", "Bleia Eohn DM-D b32-6", "M25 Sector BX-I b10-6", "Lagoon Sector DH-L b8-6", "Bleia Dryiae DA-Q b25-6", "Bleia Eohn GG-L b6", "Swoiwns LQ-J b56-6", "IC 1287 Sector IH-M b7-6", "Col 359 Sector LL-T b18-6", "Col 359 Sector EZ-W b16-6", "Col 359 Sector XA-N b8-6", "Col 285 Sector KP-C b27-6", "Col 285 Sector NJ-N b21-6", "Blu Euq ZE-K b50-6", "Traikee SN-B b13-6", "Bleia Dryiae YP-F b31-7", "Swoiwns SL-S b51-7", "Blu Euq PP-Y b55-7", "Cat's Paw Sector IW-V b2-7", "Blu Euq AX-V b57-7", "Traikee PZ-N b20-7", "Traikaae NR-C c26-63", "Traikaae GC-H b51-8", "Col 359 Sector UZ-B b28-8", "Cat's Paw Sector ND-S b4-8", "Traikee LB-F b11-8", "Blu Euq EM-V b57-10", "Byeia Euq WU-A b11", "Blu Euq KS-T b58-12", "Blu Euq VW-D b53-15", "Blu Euq JJ-A b55-15", "Traikaae PH-H b51-16", "Traikaae AH-H b51-17", "Traikaae MI-F b52-17", "Trifid Sector EH-K a9-2", "Thailae YK-Z a13-3", "Bleia Dryiae HN-T a85-5" ], "Discovered":[ "Bleia Eohn BO-G b44-5 CD 4" ], "BaseValue":997797, "Bonus":165644 }
{ "timestamp":"2017-08-29T21:17:20Z", "event":"BuyAmmo", "Cost":75 }
{ "timestamp":"2017-08-29T21:17:20Z", "event":"RepairAll", "Cost":4533 }
{ "timestamp":"2017-08-29T21:17:21Z", "event":"RefuelAll", "Cost":53, "Amount":1.046617 }
{ "timestamp":"2017-08-29T21:17:44Z", "event":"Cargo", "Inventory":[  ] }
{ "timestamp":"2017-08-29T21:17:44Z", "event":"Loadout", "Ship":"Asp", "ShipID":2, "ShipName":"", "ShipIdent":"", "Modules":[ { "Slot":"TinyHardpoint4", "Item":"Hpt_HeatSinkLauncher_Turret_Tiny", "On":true, "Priority":0, "AmmoInClip":1, "AmmoInHopper":2, "Health":1.000000, "Value":2975 }, { "Slot":"Armour", "Item":"Asp_Armour_Grade1", "On":true, "Priority":1, "Health":1.000000, "Value":0 }, { "Slot":"PowerPlant", "Item":"Int_Powerplant_Size3_Class5", "On":true, "Priority":1, "Health":1.000000, "Value":507912 }, { "Slot":"MainEngines", "Item":"Int_Engine_Size5_Class2", "On":true, "Priority":0, "Health":1.000000, "Value":189035 }, { "Slot":"FrameShiftDrive", "Item":"Int_Hyperdrive_Size5_Class5", "On":true, "Priority":0, "Health":1.000000, "Value":4338361, "EngineerBlueprint":"FSD_LongRange", "EngineerLevel":4 }, { "Slot":"LifeSupport", "Item":"Int_LifeSupport_Size4_Class2", "On":true, "Priority":0, "Health":1.000000, "Value":24118 }, { "Slot":"PowerDistributor", "Item":"Int_PowerDistributor_Size3_Class2", "On":true, "Priority":0, "Health":1.000000, "Value":10133 }, { "Slot":"Radar", "Item":"Int_Sensors_Size5_Class2", "On":true, "Priority":0, "Health":1.000000, "Value":67528 }, { "Slot":"FuelTank", "Item":"Int_FuelTank_Size5_Class3", "On":true, "Priority":1, "Health":1.000000, "Value":83090 }, { "Slot":"Slot01_Size6", "Item":"Int_FuelScoop_Size6_Class4", "On":true, "Priority":1, "Health":1.000000, "Value":7190903 }, { "Slot":"Slot02_Size5", "Item":"Int_CargoRack_Size5_Class1", "On":true, "Priority":1, "Health":1.000000, "Value":111566 }, { "Slot":"Slot03_Size3", "Item":"Int_ShieldGenerator_Size3_Class5", "On":true, "Priority":0, "Health":1.000000, "Value":507912, "EngineerBlueprint":"ShieldGenerator_Optimised", "EngineerLevel":2 }, { "Slot":"Slot05_Size3", "Item":"Int_DetailedSurfaceScanner_Tiny", "On":true, "Priority":1, "Health":1.000000, "Value":250000 }, { "Slot":"Slot06_Size2", "Item":"Int_BuggyBay_Size2_Class2", "On":true, "Priority":2, "Health":1.000000, "Value":18360 }, { "Slot":"Slot07_Size2", "Item":"Int_StellarBodyDiscoveryScanner_Advanced", "On":true, "Priority":1, "Health":1.000000, "Value":1545000 }, { "Slot":"PlanetaryApproachSuite", "Item":"Int_PlanetApproachSuite", "On":true, "Priority":1, "Health":1.000000, "Value":425 }, { "Slot":"ShipCockpit", "Item":"Asp_Cockpit", "On":true, "Priority":1, "Health":1.000000, "Value":0 }, { "Slot":"CargoHatch", "Item":"ModularCargoBayDoor", "On":true, "Priority":2, "Health":1.000000, "Value":0 } ] }
{ "timestamp":"2017-08-29T21:17:44Z", "event":"Materials", "Raw":[ { "Name":"carbon", "Count":10 }, { "Name":"manganese", "Count":6 }, { "Name":"iron", "Count":3 }, { "Name":"nickel", "Count":9 }, { "Name":"molybdenum", "Count":3 }, { "Name":"yttrium", "Count":3 }, { "Name":"sulphur", "Count":4 } ], "Manufactured":[ { "Name":"protolightalloys", "Count":6 }, { "Name":"refinedfocuscrystals", "Count":6 }, { "Name":"protoheatradiators", "Count":21 }, { "Name":"gridresistors", "Count":1 }, { "Name":"configurablecomponents", "Count":6 }, { "Name":"chemicalprocessors", "Count":4 }, { "Name":"conductiveceramics", "Count":9 }, { "Name":"mechanicalequipment", "Count":2 }, { "Name":"heatexchangers", "Count":6 }, { "Name":"heatconductionwiring", "Count":3 }, { "Name":"conductivepolymers", "Count":9 }, { "Name":"chemicalmanipulators", "Count":3 }, { "Name":"polymercapacitors", "Count":9 }, { "Name":"heatvanes", "Count":3 } ], "Encoded":[ { "Name":"decodedemissiondata", "Count":30 }, { "Name":"legacyfirmware", "Count":8 }, { "Name":"emissiondata", "Count":12 }, { "Name":"shielddensityreports", "Count":24 }, { "Name":"compactemissionsdata", "Count":3 }, { "Name":"shieldcyclerecordings", "Count":39 }, { "Name":"scrambledemissiondata", "Count":4 }, { "Name":"bulkscandata", "Count":28 }, { "Name":"shieldpatternanalysis", "Count":27 }, { "Name":"scanarchives", "Count":12 }, { "Name":"shieldsoakanalysis", "Count":21 }, { "Name":"disruptedwakeechoes", "Count":4 }, { "Name":"fsdtelemetry", "Count":6 }, { "Name":"encodedscandata", "Count":3 }, { "Name":"hyperspacetrajectories", "Count":6 }, { "Name":"industrialfirmware", "Count":1 } ] }
{ "timestamp":"2017-08-29T21:17:44Z", "event":"LoadGame", "Commander":"Coccolithophore", "Ship":"Asp", "ShipID":2, "ShipName":"", "ShipIdent":"", "FuelLevel":32.000000, "FuelCapacity":32.000000, "GameMode":"Open", "Credits":40709767, "Loan":0 }
{ "timestamp":"2017-08-29T21:17:44Z", "event":"Rank", "Combat":3, "Trade":3, "Explore":5, "Empire":0, "Federation":0, "CQC":0 }
{ "timestamp":"2017-08-29T21:17:44Z", "event":"Progress", "Combat":14, "Trade":36, "Explore":61, "Empire":0, "Federation":100, "CQC":0 }
{ "timestamp":"2017-08-29T21:17:46Z", "event":"Location", "Docked":true, "StationName":"Awyra Flirble", "StationType":"Coriolis", "StarSystem":"Eurybia", "StarPos":[51.406,-54.406,-30.500], "SystemAllegiance":"Independent", "SystemEconomy":"$economy_Industrial;", "SystemEconomy_Localised":"Industrial", "SystemGovernment":"$government_Anarchy;", "SystemGovernment_Localised":"Anarchy", "SystemSecurity":"$GAlAXY_MAP_INFO_state_anarchy;", "SystemSecurity_Localised":"Anarchy", "Body":"Awyra Flirble", "BodyType":"Station", "Factions":[ { "Name":"Liz Ryder", "FactionState":"None", "Government":"Engineer", "Influence":0.050332, "Allegiance":"Empire" }, { "Name":"Eurybia Empire Consulate", "FactionState":"Retreat", "Government":"Patronage", "Influence":0.133903, "Allegiance":"Empire" }, { "Name":"Eurybia Jet Major Systems", "FactionState":"Boom", "Government":"Corporate", "Influence":0.272555, "Allegiance":"Empire" }, { "Name":"Eurybia Blue Mafia", "FactionState":"None", "Government":"Anarchy", "Influence":0.425451, "Allegiance":"Independent", "RecoveringStates":[ { "State":"Boom", "Trend":0 } ] }, { "Name":"Democrats of Eurybia", "FactionState":"Boom", "Government":"Democracy", "Influence":0.102564, "Allegiance":"Independent" }, { "Name":"Collangbaka Energy Exchange", "FactionState":"None", "Government":"Corporate", "Influence":0.015195, "Allegiance":"Federation", "PendingStates":[ { "State":"Boom", "Trend":1 } ] } ], "SystemFaction":"Eurybia Blue Mafia" }
{ "timestamp":"2017-08-29T21:17:46Z", "event":"Docked", "StationName":"Awyra Flirble", "StationType":"Coriolis", "StarSystem":"Eurybia", "StationFaction":"Eurybia Blue Mafia", "StationGovernment":"$government_Anarchy;", "StationGovernment_Localised":"Anarchy", "StationEconomy":"$economy_HighTech;", "StationEconomy_Localised":"High Tech", "DistFromStarLS":319.256805 }
