{ "timestamp":"2016-11-04T22:24:14Z", "event":"Fileheader", "part":1, "language":"English\\UK", "gameversion":"2.2", "build":"r125374/r0 " }
{ "timestamp":"2016-11-04T22:25:39Z", "event":"LoadGame", "Commander":"Blantyre", "Ship":"Asp", "ShipID":13, "GameMode":"Solo", "Credits":26368830, "Loan":0 }
{ "timestamp":"2016-11-04T22:25:39Z", "event":"Rank", "Combat":4, "Trade":5, "Explore":4, "Empire":2, "Federation":7, "CQC":0 }
{ "timestamp":"2016-11-04T22:25:39Z", "event":"Progress", "Combat":18, "Trade":87, "Explore":29, "Empire":18, "Federation":2, "CQC":0 }
{ "timestamp":"2016-11-04T22:26:14Z", "event":"Location", "Docked":true, "StationName":"Carpenter Landing", "StationType":"Coriolis", "StarSystem":"Basus", "StarPos":[-95.656,38.063,-13.469], "Allegiance":"Federation", "Economy":"$economy_Refinery;", "Economy_Localised":"Refinery", "Government":"$government_Corporate;", "Government_Localised":"Corporate", "Security":"$SYSTEM_SECURITY_medium;", "Security_Localised":"Medium Security", "Body":"Carpenter Landing", "BodyType":"Station", "Faction":"Basus Major Systems" }
{ "timestamp":"2016-11-04T22:26:15Z", "event":"Docked", "StationName":"Carpenter Landing", "StationType":"Coriolis", "StarSystem":"Basus", "Faction":"Basus Major Systems", "Allegiance":"Federation", "Economy":"$economy_Refinery;", "Economy_Localised":"Refinery", "Government":"$government_Corporate;", "Government_Localised":"Corporate", "Security":"$SYSTEM_SECURITY_medium;", "Security_Localised":"Medium Security" }
{ "timestamp":"2016-11-04T22:46:10Z", "event":"RefuelAll", "Cost":96, "Amount":1.886689 }
{ "timestamp":"2016-11-04T22:46:58Z", "event":"Undocked", "StationName":"Carpenter Landing", "StationType":"Coriolis" }
{ "timestamp":"2016-11-04T22:48:06Z", "event":"ReceiveText", "From":"Carpenter Landing", "Message":"$STATION_NoFireZone_exited;", "Message_Localised":"No fire zone left.", "Channel":"npc" }
{ "timestamp":"2016-11-04T22:49:27Z", "event":"ReceiveText", "From":"$npc_name_decorate:#name=Henry Swanbere;", "From_Localised":"Henry Swanbere", "Message":"$Commuter_AuthorityScan04;", "Message_Localised":"Is this really necessary?", "Channel":"npc" }
{ "timestamp":"2016-11-04T22:49:56Z", "event":"FSDJump", "StarSystem":"Banisas", "StarPos":[-97.344,42.625,-6.938], "Allegiance":"Independent", "Economy":"$economy_HighTech;", "Economy_Localised":"High tech", "Government":"$government_Dictatorship;", "Government_Localised":"Dictatorship", "Security":"$SYSTEM_SECURITY_medium;", "Security_Localised":"Medium Security", "JumpDist":8.144, "FuelUsed":0.336675, "FuelLevel":31.663324, "Faction":"Freedom Party of Banisas" }
{ "timestamp":"2016-11-04T22:51:36Z", "event":"USSDrop", "USSType":"$USS_Type_Convoy;", "USSType_Localised":"Convoy dispersal pattern detected", "USSThreat":4 }
{ "timestamp":"2016-11-04T22:51:38Z", "event":"SupercruiseExit", "StarSystem":"Banisas", "Body":"Banisas 1", "BodyType":"Planet" }
{ "timestamp":"2016-11-04T22:52:26Z", "event":"MaterialCollected", "Category":"Encoded", "Name":"shielddensityreports", "Count":3 }
{ "timestamp":"2016-11-04T22:53:47Z", "event":"SupercruiseEntry", "StarSystem":"Banisas" }
{ "timestamp":"2016-11-04T22:54:34Z", "event":"SupercruiseExit", "StarSystem":"Banisas", "Body":"Weyn Ring", "BodyType":"Station" }
{ "timestamp":"2016-11-04T22:54:50Z", "event":"DockingRequested", "StationName":"Weyn Ring" }
{ "timestamp":"2016-11-04T22:54:50Z", "event":"ReceiveText", "From":"Weyn Ring", "Message":"$DockingChatter_Cordial;", "Message_Localised":"Welcome back, Commander.", "Channel":"npc" }
{ "timestamp":"2016-11-04T22:54:51Z", "event":"ReceiveText", "From":"Weyn Ring", "Message":"$STATION_docking_granted;", "Message_Localised":"Docking request granted.", "Channel":"npc" }
{ "timestamp":"2016-11-04T22:54:51Z", "event":"DockingGranted", "LandingPad":3, "StationName":"Weyn Ring" }
{ "timestamp":"2016-11-04T22:55:10Z", "event":"ReceiveText", "From":"Weyn Ring", "Message":"$STATION_NoFireZone_entered;", "Message_Localised":"No fire zone entered.", "Channel":"npc" }
{ "timestamp":"2016-11-04T22:56:12Z", "event":"Docked", "StationName":"Weyn Ring", "StationType":"Coriolis", "StarSystem":"Banisas", "Faction":"Freedom Party of Banisas", "Allegiance":"Independent", "Economy":"$economy_HighTech;", "Economy_Localised":"High tech", "Government":"$government_Dictatorship;", "Government_Localised":"Dictatorship", "Security":"$SYSTEM_SECURITY_medium;", "Security_Localised":"Medium Security" }
{ "timestamp":"2016-11-04T23:03:42Z", "event":"ShipyardTransfer", "ShipType":"Python", "ShipID":14, "System":"Basus", "Distance":8.143788, "TransferPrice":53443 }
{ "timestamp":"2016-11-04T23:08:11Z", "event":"MissionAccepted", "Faction":"Banisas Services", "Name":"Mission_PassengerBulk", "DestinationSystem":"LTT 15294", "DestinationStation":"Salam Settlement", "Expiry":"2016-11-05T01:46:27Z", "PassengerCount":9, "PassengerVIPs":false, "PassengerWanted":false, "PassengerType":"Tourist", "MissionID":47780124 }
{ "timestamp":"2016-11-04T23:08:58Z", "event":"Undocked", "StationName":"Weyn Ring", "StationType":"Coriolis" }
{ "timestamp":"2016-11-04T23:09:41Z", "event":"ReceiveText", "From":"Weyn Ring", "Message":"$STATION_NoFireZone_exited;", "Message_Localised":"No fire zone left.", "Channel":"npc" }
{ "timestamp":"2016-11-04T23:10:30Z", "event":"FSDJump", "StarSystem":"LTT 15294", "StarPos":[-84.688,50.219,-6.406], "Allegiance":"Federation", "Economy":"$economy_Refinery;", "Economy_Localised":"Refinery", "Government":"$government_Democracy;", "Government_Localised":"Democracy", "Security":"$SYSTEM_SECURITY_medium;", "Security_Localised":"Medium Security", "JumpDist":14.769, "FuelUsed":1.445089, "FuelLevel":30.218235, "Faction":"Values Party of LTT 15294" }
{ "timestamp":"2016-11-04T23:10:45Z", "event":"ReceiveText", "From":"$npc_name_decorate:#name=Steven Clarke;", "From_Localised":"Steven Clarke", "Message":"$Pirate_HunterHostileSC_Relevant05;", "Message_Localised":"The rumour was right... good job I found you first.", "Channel":"npc" }
{ "timestamp":"2016-11-04T23:10:55Z", "event":"ReceiveText", "From":"$npc_name_decorate:#name=Steven Clarke;", "From_Localised":"Steven Clarke", "Message":"$Pirate_StartInterdiction02;", "Message_Localised":"There's no escape!", "Channel":"npc" }
{ "timestamp":"2016-11-04T23:11:02Z", "event":"Interdicted", "Submitted":true, "Interdictor":"Steven Clarke", "IsPlayer":false, "Faction":"LTT 15294 Silver Posse" }
{ "timestamp":"2016-11-04T23:11:03Z", "event":"SupercruiseExit", "StarSystem":"LTT 15294", "Body":"LTT 15294 A", "BodyType":"Star" }
{ "timestamp":"2016-11-04T23:11:08Z", "event":"ReceiveText", "From":"$npc_name_decorate:#name=Steven Clarke;", "From_Localised":"Steven Clarke", "Message":"$Pirate_Arrival08;", "Message_Localised":"Prepare to hand over your cargo.", "Channel":"npc" }
{ "timestamp":"2016-11-04T23:11:11Z", "event":"ReceiveText", "From":"$npc_name_decorate:#name=Steven Clarke;", "From_Localised":"Steven Clarke", "Message":"$Pirate_OnDeclarePiracyThreaten06;", "Message_Localised":"I want it - I want it all!", "Channel":"npc" }
{ "timestamp":"2016-11-04T23:12:27Z", "event":"ReceiveText", "From":"$ShipName_Police_Federation;", "From_Localised":"Federal Security Service", "Message":"$Police_ArriveInvestigate03;", "Message_Localised":"Crime response flight deployed.", "Channel":"npc" }
{ "timestamp":"2016-11-04T23:12:27Z", "event":"ReceiveText", "From":"$ShipName_Police_Federation;", "From_Localised":"Federal Security Service", "Message":"$Police_ArrivedAtInvestigationLocation02;", "Message_Localised":"Cease and desist! Submit to authority scans immediately!", "Channel":"npc" }
{ "timestamp":"2016-11-04T23:12:36Z", "event":"ShieldState", "ShieldsUp":false }
{ "timestamp":"2016-11-04T23:13:41Z", "event":"ShieldState", "ShieldsUp":true }
{ "timestamp":"2016-11-04T23:14:23Z", "event":"Bounty", "Rewards":[ { "Faction":"Values Party of LTT 15294", "Reward":600 }, { "Faction":"Federation", "Reward":13860 } ], "TotalReward":14460, "VictimFaction":"LTT 15294 Silver Posse" }
{ "timestamp":"2016-11-04T23:14:42Z", "event":"ReceiveText", "From":"$ShipName_Police_Federation;", "From_Localised":"Federal Security Service", "Message":"$Police_ThankYouPassedStopAndSearch07;", "Message_Localised":"Your scan is clear. Carry on with your journey, Commander.", "Channel":"npc" }
{ "timestamp":"2016-11-04T23:14:49Z", "event":"SupercruiseEntry", "StarSystem":"LTT 15294" }
{ "timestamp":"2016-11-04T23:19:10Z", "event":"ApproachSettlement", "Name":"Salam Settlement" }
{ "timestamp":"2016-11-04T23:19:24Z", "event":"SupercruiseExit", "StarSystem":"LTT 15294", "Body":"LTT 15294 B 4", "BodyType":"Planet" }
{ "timestamp":"2016-11-04T23:19:54Z", "event":"ReceiveText", "From":"Salam Settlement", "Message":"$STATION_NoFireZone_entered;", "Message_Localised":"No fire zone entered.", "Channel":"npc" }
{ "timestamp":"2016-11-04T23:19:56Z", "event":"DockingRequested", "StationName":"Salam Settlement" }
{ "timestamp":"2016-11-04T23:19:56Z", "event":"ReceiveText", "From":"Salam Settlement", "Message":"$DockingChatter_Neutral;", "Message_Localised":"Ensure to observe starport protocol during your visit, pilot.", "Channel":"npc" }
{ "timestamp":"2016-11-04T23:19:57Z", "event":"ReceiveText", "From":"Salam Settlement", "Message":"$STATION_docking_granted;", "Message_Localised":"Docking request granted.", "Channel":"npc" }
{ "timestamp":"2016-11-04T23:19:57Z", "event":"DockingGranted", "LandingPad":6, "StationName":"Salam Settlement" }
{ "timestamp":"2016-11-04T23:20:44Z", "event":"Docked", "StationName":"Salam Settlement", "StarSystem":"LTT 15294", "Faction":"Values Party of LTT 15294", "Allegiance":"Federation", "Economy":"$economy_Refinery;", "Economy_Localised":"Refinery", "Government":"$government_Democracy;", "Government_Localised":"Democracy", "Security":"$SYSTEM_SECURITY_medium;", "Security_Localised":"Medium Security" }
{ "timestamp":"2016-11-04T23:21:07Z", "event":"MissionCompleted", "Faction":"LTT 15294 Power Solutions", "Name":"Mission_PassengerBulk_name", "MissionID":47780124, "DestinationSystem":"LTT 15294", "DestinationStation":"Salam Settlement", "Reward":153900 }
{ "timestamp":"2016-11-04T23:31:53Z", "event":"ReceiveText", "From":"$ShipName_Police_Federation;", "From_Localised":"Federal Security Service", "Message":"$Police_EndPatrol01;", "Message_Localised":"Shift's over guys, I'm heading back to base.", "Channel":"npc" }
{ "timestamp":"2016-11-04T23:35:32Z", "event":"ReceiveText", "From":"$ShipName_Police_Federation;", "From_Localised":"Federal Security Service", "Message":"$Police_StartPatrol04;", "Message_Localised":"I'm away, heading to patrol route alpha now.", "Channel":"npc" }
{ "timestamp":"2016-11-04T23:38:34Z", "event":"ReceiveText", "From":"$ShipName_Police_Federation;", "From_Localised":"Federal Security Service", "Message":"$Police_StartPatrol05;", "Message_Localised":"I'm heading out, Control. Hearing that rattle again, I'll see if I can lock it down.", "Channel":"npc" }
{ "timestamp":"2016-11-04T23:39:07Z", "event":"ReceiveText", "From":"$ShipName_Police_Federation;", "From_Localised":"Federal Security Service", "Message":"$Police_EndPatrol02;", "Message_Localised":"Requesting docking clearance, Control.", "Channel":"npc" }
{ "timestamp":"2016-11-04T23:42:25Z", "event":"ReceiveText", "From":"$ShipName_Police_Federation;", "From_Localised":"Federal Security Service", "Message":"$Police_StartPatrol04;", "Message_Localised":"I'm away, heading to patrol route alpha now.", "Channel":"npc" }
{ "timestamp":"2016-11-04T23:43:08Z", "event":"ReceiveText", "From":"$ShipName_Police_Federation;", "From_Localised":"Federal Security Service", "Message":"$Police_EndPatrol05;", "Message_Localised":"Patrol completed, Command, I'm heading home.", "Channel":"npc" }
{ "timestamp":"2016-11-04T23:45:55Z", "event":"ReceiveText", "From":"$ShipName_Police_Federation;", "From_Localised":"Federal Security Service", "Message":"$Police_StartPatrol04;", "Message_Localised":"I'm away, heading to patrol route alpha now.", "Channel":"npc" }
{ "timestamp":"2016-11-04T23:45:56Z", "event":"ReceiveText", "From":"$ShipName_Police_Federation;", "From_Localised":"Federal Security Service", "Message":"$Police_StartPatrol04;", "Message_Localised":"I'm away, heading to patrol route alpha now.", "Channel":"npc" }
{ "timestamp":"2016-11-04T23:48:47Z", "event":"ReceiveText", "From":"$ShipName_Police_Federation;", "From_Localised":"Federal Security Service", "Message":"$Police_EndPatrol02;", "Message_Localised":"Requesting docking clearance, Control.", "Channel":"npc" }
{ "timestamp":"2016-11-04T23:49:26Z", "event":"ReceiveText", "From":"$ShipName_Police_Federation;", "From_Localised":"Federal Security Service", "Message":"$Police_StartPatrol05;", "Message_Localised":"I'm heading out, Control. Hearing that rattle again, I'll see if I can lock it down.", "Channel":"npc" }
{ "timestamp":"2016-11-04T23:52:17Z", "event":"ReceiveText", "From":"$ShipName_Police_Federation;", "From_Localised":"Federal Security Service", "Message":"$Police_StartPatrol02;", "Message_Localised":"Tower, this is Patrol. Launch completed.", "Channel":"npc" }
{ "timestamp":"2016-11-04T23:52:32Z", "event":"ReceiveText", "From":"$ShipName_Police_Federation;", "From_Localised":"Federal Security Service", "Message":"$Police_StartPatrol01;", "Message_Localised":"Patrol craft checking in. Pre-flight checks complete, I'm heading out.", "Channel":"npc" }
{ "timestamp":"2016-11-04T23:55:26Z", "event":"ReceiveText", "From":"$ShipName_Police_Federation;", "From_Localised":"Federal Security Service", "Message":"$Police_StartPatrol01;", "Message_Localised":"Patrol craft checking in. Pre-flight checks complete, I'm heading out.", "Channel":"npc" }
{ "timestamp":"2016-11-04T23:55:46Z", "event":"ReceiveText", "From":"$ShipName_Police_Federation;", "From_Localised":"Federal Security Service", "Message":"$Police_StartPatrol02;", "Message_Localised":"Tower, this is Patrol. Launch completed.", "Channel":"npc" }
{ "timestamp":"2016-11-04T23:57:51Z", "event":"ReceiveText", "From":"$ShipName_Police_Federation;", "From_Localised":"Federal Security Service", "Message":"$Police_EndPatrol04;", "Message_Localised":"Negative, Tower, I'm bingo on fuel, RTB.", "Channel":"npc" }
{ "timestamp":"2016-11-04T23:58:39Z", "event":"ReceiveText", "From":"$ShipName_Police_Federation;", "From_Localised":"Federal Security Service", "Message":"$Police_StartPatrol05;", "Message_Localised":"I'm heading out, Control. Hearing that rattle again, I'll see if I can lock it down.", "Channel":"npc" }
{ "timestamp":"2016-11-05T00:00:59Z", "event":"ReceiveText", "From":"$ShipName_Police_Federation;", "From_Localised":"Federal Security Service", "Message":"$Police_StartPatrol05;", "Message_Localised":"I'm heading out, Control. Hearing that rattle again, I'll see if I can lock it down.", "Channel":"npc" }
{ "timestamp":"2016-11-05T00:10:47Z", "event":"Undocked", "StationName":"Salam Settlement" }
{ "timestamp":"2016-11-05T00:11:05Z", "event":"ReceiveText", "From":"Salam Settlement", "Message":"$STATION_NoFireZone_exited;", "Message_Localised":"No fire zone left.", "Channel":"npc" }
{ "timestamp":"2016-11-05T00:11:40Z", "event":"FSDJump", "StarSystem":"Banisas", "StarPos":[-97.344,42.625,-6.938], "Allegiance":"Independent", "Economy":"$economy_HighTech;", "Economy_Localised":"High tech", "Government":"$government_Dictatorship;", "Government_Localised":"Dictatorship", "Security":"$SYSTEM_SECURITY_medium;", "Security_Localised":"Medium Security", "JumpDist":14.769, "FuelUsed":1.434928, "FuelLevel":28.783308, "Faction":"Freedom Party of Banisas" }
{ "timestamp":"2016-11-05T00:15:52Z", "event":"SupercruiseExit", "StarSystem":"Banisas", "Body":"Weyn Ring", "BodyType":"Station" }
{ "timestamp":"2016-11-05T00:16:02Z", "event":"DockingRequested", "StationName":"Weyn Ring" }
{ "timestamp":"2016-11-05T00:16:02Z", "event":"ReceiveText", "From":"Weyn Ring", "Message":"$DockingChatter_Cordial;", "Message_Localised":"Welcome back, Commander.", "Channel":"npc" }
{ "timestamp":"2016-11-05T00:16:03Z", "event":"ReceiveText", "From":"Weyn Ring", "Message":"$STATION_docking_granted;", "Message_Localised":"Docking request granted.", "Channel":"npc" }
{ "timestamp":"2016-11-05T00:16:03Z", "event":"DockingGranted", "LandingPad":22, "StationName":"Weyn Ring" }
{ "timestamp":"2016-11-05T00:16:10Z", "event":"ReceiveText", "From":"Weyn Ring", "Message":"$STATION_NoFireZone_entered;", "Message_Localised":"No fire zone entered.", "Channel":"npc" }
{ "timestamp":"2016-11-05T00:16:50Z", "event":"Docked", "StationName":"Weyn Ring", "StationType":"Coriolis", "StarSystem":"Banisas", "Faction":"Freedom Party of Banisas", "Allegiance":"Independent", "Economy":"$economy_HighTech;", "Economy_Localised":"High tech", "Government":"$government_Dictatorship;", "Government_Localised":"Dictatorship", "Security":"$SYSTEM_SECURITY_medium;", "Security_Localised":"Medium Security" }
{ "timestamp":"2016-11-05T00:17:10Z", "event":"RefuelAll", "Cost":194, "Amount":3.864522 }
{ "timestamp":"2016-11-05T00:17:21Z", "event":"ShipyardSwap", "ShipType":"python", "ShipID":14, "StoreOldShip":"Asp", "StoreShipID":13 }
{ "timestamp":"2016-11-05T00:17:37Z", "event":"Docked", "StationName":"Weyn Ring", "StationType":"Coriolis", "StarSystem":"Banisas", "Faction":"Freedom Party of Banisas", "Allegiance":"Independent", "Economy":"$economy_HighTech;", "Economy_Localised":"High tech", "Government":"$government_Dictatorship;", "Government_Localised":"Dictatorship", "Security":"$SYSTEM_SECURITY_medium;", "Security_Localised":"Medium Security" }
{ "timestamp":"2016-11-05T00:19:34Z", "event":"MissionAccepted", "Faction":"Independents of HIP 88617", "Name":"Mission_Assassinate", "TargetType":"$MissionUtil_FactionTag_PirateLord;", "TargetType_Localised":"Pirate lord", "DestinationSystem":"Li Quang", "DestinationStation":"Al-Battani Relay", "Expiry":"2016-11-06T00:18:42Z", "MissionID":47799302 }
{ "timestamp":"2016-11-05T00:20:41Z", "event":"ModuleBuy", "Slot":"Slot02_Size6", "SellItem":"$int_cargorack_size6_class1_name;", "SellItem_Localised":"Cargo Rack", "SellPrice":362591, "BuyItem":"$int_hullreinforcement_size4_class2_name;", "BuyItem_Localised":"Hull Reinforcement", "BuyPrice":195000, "Ship":"python", "ShipID":14 }
{ "timestamp":"2016-11-05T00:21:00Z", "event":"ModuleBuy", "Slot":"Slot03_Size6", "SellItem":"$int_cargorack_size6_class1_name;", "SellItem_Localised":"Cargo Rack", "SellPrice":362591, "BuyItem":"$int_hullreinforcement_size4_class2_name;", "BuyItem_Localised":"Hull Reinforcement", "BuyPrice":195000, "Ship":"python", "ShipID":14 }
{ "timestamp":"2016-11-05T00:21:16Z", "event":"ModuleBuy", "Slot":"Slot06_Size4", "SellItem":"$int_cargorack_size4_class1_name;", "SellItem_Localised":"Cargo Rack", "SellPrice":34328, "BuyItem":"$int_fsdinterdictor_size4_class3_name;", "BuyItem_Localised":"FSD Interdictor", "BuyPrice":2370816, "Ship":"python", "ShipID":14 }
{ "timestamp":"2016-11-05T00:21:30Z", "event":"ModuleSell", "Slot":"Slot07_Size3", "SellItem":"$int_shieldgenerator_size3_class3_name;", "SellItem_Localised":"Shield Generator", "SellPrice":56435, "Ship":"python", "ShipID":14 }
{ "timestamp":"2016-11-05T00:21:58Z", "event":"ModuleBuy", "Slot":"Slot01_Size6", "SellItem":"$int_cargorack_size6_class1_name;", "SellItem_Localised":"Cargo Rack", "SellPrice":308203, "BuyItem":"$int_shieldgenerator_size6_class4_name;", "BuyItem_Localised":"Shield Generator", "BuyPrice":5393177, "Ship":"python", "ShipID":14 }
{ "timestamp":"2016-11-05T00:22:54Z", "event":"ModuleBuy", "Slot":"PowerDistributor", "SellItem":"$int_powerdistributor_size7_class4_name;", "SellItem_Localised":"Power Distributor", "SellPrice":3892770, "BuyItem":"$int_powerdistributor_size7_class5_name;", "BuyItem_Localised":"Power Distributor", "BuyPrice":9731925, "Ship":"python", "ShipID":14 }
{ "timestamp":"2016-11-05T00:24:53Z", "event":"BuyExplorationData", "System":"Li Quang", "Cost":186 }
{ "timestamp":"2016-11-05T00:25:34Z", "event":"Undocked", "StationName":"Weyn Ring", "StationType":"Coriolis" }
{ "timestamp":"2016-11-05T00:26:10Z", "event":"ReceiveText", "From":"Weyn Ring", "Message":"$STATION_NoFireZone_exited;", "Message_Localised":"No fire zone left.", "Channel":"npc" }
{ "timestamp":"2016-11-05T00:27:05Z", "event":"FSDJump", "StarSystem":"Li Quang", "StarPos":[-108.031,36.844,-11.750], "Allegiance":"Federation", "Economy":"$economy_Colony;", "Economy_Localised":"Colony", "Government":"$government_Confederacy;", "Government_Localised":"Confederacy", "Security":"$SYSTEM_SECURITY_low;", "Security_Localised":"Low Security", "JumpDist":13.069, "FuelUsed":2.940321, "FuelLevel":29.059679, "Faction":"Li Quang Confederation" }
{ "timestamp":"2016-11-05T00:27:52Z", "event":"ReceiveText", "From":"$npc_name_decorate:#name=Gábor Rénes;", "From_Localised":"Gￃﾡbor Rￃﾩnes", "Message":"$Pirate_HunterHostileSC_Relevant04;", "Message_Localised":"Big haul like that, surprised you made it this far.", "Channel":"npc" }
{ "timestamp":"2016-11-05T00:29:04Z", "event":"ReceiveText", "From":"$npc_name_decorate:#name=Gábor Rénes;", "From_Localised":"Gￃﾡbor Rￃﾩnes", "Message":"$Pirate_StartInterdiction08;", "Message_Localised":"I've found my next target and it's you, Commander.", "Channel":"npc" }
{ "timestamp":"2016-11-05T00:29:10Z", "event":"Interdicted", "Submitted":true, "Interdictor":"Gábor Rénes", "IsPlayer":false, "Faction":"Lakluit PLC" }
{ "timestamp":"2016-11-05T00:29:11Z", "event":"SupercruiseExit", "StarSystem":"Li Quang", "Body":"Li Quang 2", "BodyType":"Planet" }
{ "timestamp":"2016-11-05T00:29:41Z", "event":"SupercruiseEntry", "StarSystem":"Li Quang" }
{ "timestamp":"2016-11-05T00:30:48Z", "event":"USSDrop", "USSType":"$USS_Type_MissionTarget;", "USSType_Localised":"Mission target", "USSThreat":2 }
{ "timestamp":"2016-11-05T00:30:50Z", "event":"SupercruiseExit", "StarSystem":"Li Quang", "Body":"Li Quang 2", "BodyType":"Planet" }
{ "timestamp":"2016-11-05T00:31:19Z", "event":"ReceiveText", "From":"$npc_name_decorate:#name=Arch Stanton;", "From_Localised":"Arch Stanton", "Message":"$PirateLord_OnDeclarePiracyThreaten04;", "Message_Localised":"Hand over the cargo and perhaps I'll let you live.", "Channel":"npc" }
{ "timestamp":"2016-11-05T00:31:43Z", "event":"HeatWarning" }
{ "timestamp":"2016-11-05T00:31:44Z", "event":"ReceiveText", "From":"$npc_name_decorate:#name=Alexandre Foissac;", "From_Localised":"Alexandre Foissac", "Message":"$DistressCallOutofFuelPilot_Raided_02;", "Message_Localised":"I should have guessed there would be scumbags like you looking to take advantage of a situation like this. ", "Channel":"npc" }
{ "timestamp":"2016-11-05T00:31:55Z", "event":"ReceiveText", "From":"$npc_name_decorate:#name=Gábor Rénes;", "From_Localised":"Gￃﾡbor Rￃﾩnes", "Message":"$Pirate_Arrival08;", "Message_Localised":"Prepare to hand over your cargo.", "Channel":"npc" }
{ "timestamp":"2016-11-05T00:32:07Z", "event":"ReceiveText", "From":"$npc_name_decorate:#name=Arch Stanton;", "From_Localised":"Arch Stanton", "Message":"$BadKarmaCriticalDamage05;", "Message_Localised":"No, no!", "Channel":"npc" }
{ "timestamp":"2016-11-05T00:32:38Z", "event":"HeatWarning" }
{ "timestamp":"2016-11-05T00:33:43Z", "event":"SupercruiseEntry", "StarSystem":"Li Quang" }
