{ "timestamp":"2017-02-26T19:15:37Z", "event":"Fileheader", "part":1, "language":"English\\UK", "gameversion":"2.2", "build":"r131487/r0 " }
{ "timestamp":"2017-02-26T19:16:59Z", "event":"LoadGame", "Commander":"Blantyre", "Ship":"Vulture", "ShipID":15, "GameMode":"Solo", "Credits":39245122, "Loan":0 }
{ "timestamp":"2017-02-26T19:16:59Z", "event":"Rank", "Combat":4, "Trade":6, "Explore":5, "Empire":2, "Federation":7, "CQC":0 }
{ "timestamp":"2017-02-26T19:16:59Z", "event":"Progress", "Combat":39, "Trade":5, "Explore":26, "Empire":41, "Federation":16, "CQC":0 }
{ "timestamp":"2017-02-26T19:17:26Z", "event":"Location", "Docked":false, "StarSystem":"Rahu", "StarPos":[-43.781,62.438,-0.250], "SystemAllegiance":"Alliance", "SystemEconomy":"$economy_Refinery;", "SystemEconomy_Localised":"Refinery", "SystemGovernment":"$government_Corporate;", "SystemGovernment_Localised":"Corporate", "SystemSecurity":"$SYSTEM_SECURITY_medium;", "SystemSecurity_Localised":"Medium Security", "Body":"Rahu 4", "BodyType":"Planet", "SystemFaction":"Rahu Power Industry", "FactionState":"Boom" }
{ "timestamp":"2017-02-26T19:18:13Z", "event":"SupercruiseEntry", "StarSystem":"Rahu" }
{ "timestamp":"2017-02-26T19:19:50Z", "event":"SupercruiseExit", "StarSystem":"Rahu", "Body":"Acharya Station", "BodyType":"Station" }
{ "timestamp":"2017-02-26T19:19:59Z", "event":"DockingRequested", "StationName":"Acharya Station" }
{ "timestamp":"2017-02-26T19:19:59Z", "event":"ReceiveText", "From":"Acharya Station", "Message":"$DockingChatter_Cordial;", "Message_Localised":"Welcome back, Commander.", "Channel":"npc" }
{ "timestamp":"2017-02-26T19:20:00Z", "event":"ReceiveText", "From":"Acharya Station", "Message":"$STATION_docking_granted;", "Message_Localised":"Docking request granted.", "Channel":"npc" }
{ "timestamp":"2017-02-26T19:20:00Z", "event":"DockingGranted", "LandingPad":6, "StationName":"Acharya Station" }
{ "timestamp":"2017-02-26T19:20:10Z", "event":"ReceiveText", "From":"Acharya Station", "Message":"$STATION_NoFireZone_entered;", "Message_Localised":"No fire zone entered.", "Channel":"npc" }
{ "timestamp":"2017-02-26T19:21:03Z", "event":"Docked", "StationName":"Acharya Station", "StationType":"Coriolis", "StarSystem":"Rahu", "StationFaction":"Rahu Power Industry", "FactionState":"Boom", "StationGovernment":"$government_Corporate;", "StationGovernment_Localised":"Corporate", "StationAllegiance":"Alliance", "StationEconomy":"$economy_Refinery;", "StationEconomy_Localised":"Refinery" }
{ "timestamp":"2017-02-26T19:21:12Z", "event":"RepairAll", "Cost":12569 }
{ "timestamp":"2017-02-26T19:21:38Z", "event":"ModuleStore", "Slot":"LargeHardpoint1", "StoredItem":"$hpt_beamlaser_gimbal_large_name;", "StoredItem_Localised":"Beam Laser", "Ship":"vulture", "ShipID":15, "EngineerModifications":"Weapon_Overcharged" }
{ "timestamp":"2017-02-26T19:21:50Z", "event":"ModuleStore", "Slot":"LargeHardpoint2", "StoredItem":"$hpt_multicannon_gimbal_large_name;", "StoredItem_Localised":"Multi-Cannon", "Ship":"vulture", "ShipID":15, "EngineerModifications":"Weapon_Overcharged" }
{ "timestamp":"2017-02-26T19:22:32Z", "event":"ShipyardSwap", "ShipType":"python", "ShipID":16, "StoreOldShip":"Vulture", "StoreShipID":15 }
{ "timestamp":"2017-02-26T19:22:45Z", "event":"Docked", "StationName":"Acharya Station", "StationType":"Coriolis", "StarSystem":"Rahu", "StationFaction":"Rahu Power Industry", "FactionState":"Boom", "StationGovernment":"$government_Corporate;", "StationGovernment_Localised":"Corporate", "StationAllegiance":"Alliance", "StationEconomy":"$economy_Refinery;", "StationEconomy_Localised":"Refinery" }
{ "timestamp":"2017-02-26T19:23:14Z", "event":"ModuleRetrieve", "Slot":"LargeHardpoint3", "RetrievedItem":"$hpt_beamlaser_gimbal_large_name;", "RetrievedItem_Localised":"Beam Laser", "Ship":"python", "ShipID":16, "EngineerModifications":"Weapon_Overcharged" }
{ "timestamp":"2017-02-26T19:23:25Z", "event":"ModuleRetrieve", "Slot":"LargeHardpoint1", "RetrievedItem":"$hpt_multicannon_gimbal_large_name;", "RetrievedItem_Localised":"Multi-Cannon", "Ship":"python", "ShipID":16, "EngineerModifications":"Weapon_Overcharged" }
{ "timestamp":"2017-02-26T19:23:45Z", "event":"ModuleSellRemote", "StorageSlot":46, "SellItem":"$hpt_beamlaser_gimbal_large_name;", "SellItem_Localised":"Beam Laser", "ServerId":128049434, "SellPrice":2156544, "Ship":"python", "ShipID":16 }
{ "timestamp":"2017-02-26T19:23:49Z", "event":"ModuleSellRemote", "StorageSlot":33, "SellItem":"$hpt_multicannon_gimbal_large_name;", "SellItem_Localised":"Multi-Cannon", "ServerId":128049461, "SellPrice":520593, "Ship":"python", "ShipID":16 }
{ "timestamp":"2017-02-26T19:24:19Z", "event":"ModuleStore", "Slot":"PowerDistributor", "StoredItem":"$int_powerdistributor_size7_class4_name;", "StoredItem_Localised":"Power Distributor", "Ship":"python", "ShipID":16, "EngineerModifications":"PowerDistributor_HighCapacity" }
{ "timestamp":"2017-02-26T19:24:29Z", "event":"ModuleRetrieve", "Slot":"PowerDistributor", "RetrievedItem":"$int_powerdistributor_size7_class4_name;", "RetrievedItem_Localised":"Power Distributor", "Ship":"python", "ShipID":16, "EngineerModifications":"PowerDistributor_HighCapacity", "SwapOutItem":"$int_powerdistributor_size7_class1_name;", "SwapOutItem_Localised":"Power Distributor", "Cost":0 }
{ "timestamp":"2017-02-26T19:24:56Z", "event":"FetchRemoteModule", "StorageSlot":42, "StoredItem":"$int_fuelscoop_size6_class3_name;", "StoredItem_Localised":"Fuel Scoop", "ServerId":128666665, "TransferCost":10183, "Ship":"python", "ShipID":16 }
{ "timestamp":"2017-02-26T19:26:42Z", "event":"ModuleBuy", "Slot":"TinyHardpoint3", "BuyItem":"$hpt_shieldbooster_size0_class5_name;", "BuyItem_Localised":"Shield Booster", "BuyPrice":281000, "Ship":"python", "ShipID":16 }
{ "timestamp":"2017-02-26T19:27:44Z", "event":"BuyAmmo", "Cost":83 }
{ "timestamp":"2017-02-26T19:29:23Z", "event":"Undocked", "StationName":"Acharya Station", "StationType":"Coriolis" }
{ "timestamp":"2017-02-26T19:29:56Z", "event":"ReceiveText", "From":"Acharya Station", "Message":"$STATION_NoFireZone_exited;", "Message_Localised":"No fire zone left.", "Channel":"npc" }
{ "timestamp":"2017-02-26T19:30:37Z", "event":"SupercruiseEntry", "StarSystem":"Rahu" }
{ "timestamp":"2017-02-26T19:32:01Z", "event":"SupercruiseExit", "StarSystem":"Rahu", "Body":"Rahu 4 A Ring", "BodyType":"PlanetaryRing" }
{ "timestamp":"2017-02-26T19:32:23Z", "event":"ReceiveText", "From":"$npc_name_decorate:#name=Lazeer;", "From_Localised":"Lazeer", "Message":"$Pirate_OnStartScanCargo11;", "Message_Localised":"I hope you have something good in your hold.", "Channel":"npc" }
{ "timestamp":"2017-02-26T19:32:33Z", "event":"ReceiveText", "From":"$npc_name_decorate:#name=Lazeer;", "From_Localised":"Lazeer", "Message":"$Pirate_OnNoCargoFound03;", "Message_Localised":"No cargo? Useless dreg.", "Channel":"npc" }
{ "timestamp":"2017-02-26T19:32:47Z", "event":"ReceiveText", "From":"$npc_name_decorate:#name=Charlotte Stone;", "From_Localised":"Charlotte Stone", "Message":"$Pirate_OnStartScanCargo07;", "Message_Localised":"Do you have anything of value?", "Channel":"npc" }
{ "timestamp":"2017-02-26T19:32:53Z", "event":"ReceiveText", "From":"$npc_name_decorate:#name=Richard Vernon;", "From_Localised":"Richard Vernon", "Message":"$Pirate_OnStartScanCargo09;", "Message_Localised":"The scan will soon be over.", "Channel":"npc" }
{ "timestamp":"2017-02-26T19:33:03Z", "event":"ReceiveText", "From":"$npc_name_decorate:#name=Richard Vernon;", "From_Localised":"Richard Vernon", "Message":"$Pirate_OnNoCargoFound05;", "Message_Localised":"How do you fools make a living?", "Channel":"npc" }
{ "timestamp":"2017-02-26T19:33:03Z", "event":"ReceiveText", "From":"$npc_name_decorate:#name=Cyril Picardi;", "From_Localised":"Cyril Picardi", "Message":"$Pirate_OnStartScanCargo08;", "Message_Localised":"What do you have in your cargo hold?", "Channel":"npc" }
{ "timestamp":"2017-02-26T19:33:05Z", "event":"ReceiveText", "From":"$npc_name_decorate:#name=Charlotte Stone;", "From_Localised":"Charlotte Stone", "Message":"$Pirate_OnNoCargoFound01;", "Message_Localised":"No cargo? Waste of time...", "Channel":"npc" }
{ "timestamp":"2017-02-26T19:33:19Z", "event":"ReceiveText", "From":"$npc_name_decorate:#name=Cyril Picardi;", "From_Localised":"Cyril Picardi", "Message":"$Pirate_OnStartScanCargo06;", "Message_Localised":"Let's see what you are carrying.", "Channel":"npc" }
{ "timestamp":"2017-02-26T19:33:28Z", "event":"ReceiveText", "From":"$npc_name_decorate:#name=Alliance Enforcer;", "From_Localised":"Alliance Enforcer", "Message":"$Generic_NoAttackGeneric03;", "Message_Localised":"Another ship that's not worth my time, this is turning into a bad day.", "Channel":"npc" }
{ "timestamp":"2017-02-26T19:33:29Z", "event":"ReceiveText", "From":"$npc_name_decorate:#name=Cyril Picardi;", "From_Localised":"Cyril Picardi", "Message":"$Pirate_OnNoCargoFound05;", "Message_Localised":"How do you fools make a living?", "Channel":"npc" }
{ "timestamp":"2017-02-26T19:33:30Z", "event":"ReceiveText", "From":"$npc_name_decorate:#name=Alliance Enforcer;", "From_Localised":"Alliance Enforcer", "Message":"$Generic_NoAttackGeneric02;", "Message_Localised":"Well, you were a complete waste of my time and effort.", "Channel":"npc" }
{ "timestamp":"2017-02-26T19:33:33Z", "event":"ReceiveText", "From":"$npc_name_decorate:#name=Anatri;", "From_Localised":"Anatri", "Message":"$Pirate_OnStartScanCargo04;", "Message_Localised":"What do you carry, I wonder?", "Channel":"npc" }
{ "timestamp":"2017-02-26T19:33:39Z", "event":"ReceiveText", "From":"$npc_name_decorate:#name=Alliance Enforcer;", "From_Localised":"Alliance Enforcer", "Message":"$Generic_NoAttackGeneric05;", "Message_Localised":"Another ship, another useless spacer. Get out of my way!", "Channel":"npc" }
{ "timestamp":"2017-02-26T19:33:41Z", "event":"ShieldState", "ShieldsUp":false }
{ "timestamp":"2017-02-26T19:33:43Z", "event":"ReceiveText", "From":"$npc_name_decorate:#name=Lazeer;", "From_Localised":"Lazeer", "Message":"$Pirate_OnDeclarePiracyAttack10;", "Message_Localised":"Die now, wretch!", "Channel":"npc" }
{ "timestamp":"2017-02-26T19:33:43Z", "event":"ReceiveText", "From":"$npc_name_decorate:#name=Anatri;", "From_Localised":"Anatri", "Message":"$Pirate_OnNoCargoFound05;", "Message_Localised":"How do you fools make a living?", "Channel":"npc" }
{ "timestamp":"2017-02-26T19:33:47Z", "event":"HullDamage", "Health":0.796795, "PlayerPilot":true, "Fighter":false }
{ "timestamp":"2017-02-26T19:34:02Z", "event":"ReceiveText", "From":"$npc_name_decorate:#name=Mitnal;", "From_Localised":"Mitnal", "Message":"$Pirate_OnStartScanCargo01;", "Message_Localised":"I see all!", "Channel":"npc" }
{ "timestamp":"2017-02-26T19:34:11Z", "event":"HullDamage", "Health":0.591142, "PlayerPilot":true, "Fighter":false }
{ "timestamp":"2017-02-26T19:34:12Z", "event":"ReceiveText", "From":"$npc_name_decorate:#name=Mitnal;", "From_Localised":"Mitnal", "Message":"$Pirate_OnNoCargoFound01;", "Message_Localised":"No cargo? Waste of time...", "Channel":"npc" }
{ "timestamp":"2017-02-26T19:34:14Z", "event":"HullDamage", "Health":0.399855, "PlayerPilot":true, "Fighter":false }
{ "timestamp":"2017-02-26T19:34:16Z", "event":"Bounty", "Rewards":[ { "Faction":"Rahu Power Industry", "Reward":108670 } ], "Target":"federation_dropship_mkii", "TotalReward":108670, "VictimFaction":"Rahu Society" }
{ "timestamp":"2017-02-26T19:34:47Z", "event":"SupercruiseEntry", "StarSystem":"Rahu" }
{ "timestamp":"2017-02-26T19:35:40Z", "event":"ReceiveText", "From":"$npc_name_decorate:#name=Cruise Ship;", "From_Localised":"Cruise Ship", "Message":"$CruiseLiner_SCPatrol02;", "Message_Localised":"We will be cruising in-system for a while, please feel free to take advantage of our in-flight entertainment.", "Channel":"npc" }
{ "timestamp":"2017-02-26T19:36:06Z", "event":"ReceiveText", "From":"$npc_name_decorate:#name=Cruise Ship;", "From_Localised":"Cruise Ship", "Message":"$CruiseLiner_SCPatrol04;", "Message_Localised":"I'd like to direct your attention to our flight attendants for a brief safety demonstration.", "Channel":"npc" }
{ "timestamp":"2017-02-26T19:36:35Z", "event":"ReceiveText", "From":"$npc_name_decorate:#name=Cruise Ship;", "From_Localised":"Cruise Ship", "Message":"$CruiseLiner_SCPatrol03;", "Message_Localised":"Today's cruise includes some delightful views, our flight attendants are on hand with full details.", "Channel":"npc" }
{ "timestamp":"2017-02-26T19:37:25Z", "event":"SupercruiseExit", "StarSystem":"Rahu", "Body":"Acharya Station", "BodyType":"Station" }
{ "timestamp":"2017-02-26T19:38:27Z", "event":"ReceiveText", "From":"$npc_name_decorate:#name=Alliance Enforcer;", "From_Localised":"Alliance Enforcer", "Message":"$Generic_NoAttackGeneric04;", "Message_Localised":"Damn! You're useless to me! They said this sector was rich pickings, what gives?", "Channel":"npc" }
{ "timestamp":"2017-02-26T19:38:30Z", "event":"DockingRequested", "StationName":"Acharya Station" }
{ "timestamp":"2017-02-26T19:38:30Z", "event":"ReceiveText", "From":"Acharya Station", "Message":"$DockingChatter_Cordial;", "Message_Localised":"Welcome back, Commander.", "Channel":"npc" }
{ "timestamp":"2017-02-26T19:38:31Z", "event":"ReceiveText", "From":"Acharya Station", "Message":"$STATION_docking_granted;", "Message_Localised":"Docking request granted.", "Channel":"npc" }
{ "timestamp":"2017-02-26T19:38:31Z", "event":"DockingGranted", "LandingPad":23, "StationName":"Acharya Station" }
{ "timestamp":"2017-02-26T19:38:43Z", "event":"ReceiveText", "From":"Acharya Station", "Message":"$STATION_NoFireZone_entered;", "Message_Localised":"No fire zone entered.", "Channel":"npc" }
{ "timestamp":"2017-02-26T19:39:24Z", "event":"ReceiveText", "From":"$npc_name_decorate:#name=Glyndwr;", "From_Localised":"Glyndwr", "Message":"$Commuter_HostileScan01;", "Message_Localised":"Please cease your unauthorised scan immediately.", "Channel":"npc" }
{ "timestamp":"2017-02-26T19:39:28Z", "event":"Docked", "StationName":"Acharya Station", "StationType":"Coriolis", "StarSystem":"Rahu", "StationFaction":"Rahu Power Industry", "FactionState":"Boom", "StationGovernment":"$government_Corporate;", "StationGovernment_Localised":"Corporate", "StationAllegiance":"Alliance", "StationEconomy":"$economy_Refinery;", "StationEconomy_Localised":"Refinery" }
{ "timestamp":"2017-02-26T19:39:36Z", "event":"RepairAll", "Cost":41884 }
{ "timestamp":"2017-02-26T19:39:37Z", "event":"BuyAmmo", "Cost":5654 }
{ "timestamp":"2017-02-26T19:39:41Z", "event":"RedeemVoucher", "Type":"bounty", "Amount":108670 }
{ "timestamp":"2017-02-26T19:42:23Z", "event":"RefuelAll", "Cost":14, "Amount":0.264181 }
{ "timestamp":"2017-02-26T19:43:41Z", "event":"ReceiveText", "From":"$npc_name_decorate:#name=David Widdick;", "From_Localised":"David Widdick", "Message":"$Commuter_HostileScan03;", "Message_Localised":"We have no valuable cargo onboard, please halt your scan.", "Channel":"npc" }
{ "timestamp":"2017-02-26T19:46:03Z", "event":"Undocked", "StationName":"Acharya Station", "StationType":"Coriolis" }
{ "timestamp":"2017-02-26T19:46:47Z", "event":"ReceiveText", "From":"Acharya Station", "Message":"$STATION_NoFireZone_exited;", "Message_Localised":"No fire zone left.", "Channel":"npc" }
{ "timestamp":"2017-02-26T19:46:52Z", "event":"ReceiveText", "From":"$ShipName_Police_Alliance;", "From_Localised":"Allied Police Forces", "Message":"$Police_ThankYouPassedStopAndSearch10;", "Message_Localised":"Everything looks fine, Commander. Have a good day.", "Channel":"npc" }
{ "timestamp":"2017-02-26T19:47:38Z", "event":"FSDJump", "StarSystem":"Khernidjal", "StarPos":[-35.938,70.563,-7.656], "SystemAllegiance":"Alliance", "SystemEconomy":"$economy_HighTech;", "SystemEconomy_Localised":"High tech", "SystemGovernment":"$government_Democracy;", "SystemGovernment_Localised":"Democracy", "SystemSecurity":"$SYSTEM_SECURITY_medium;", "SystemSecurity_Localised":"Medium Security", "JumpDist":13.505, "FuelUsed":1.412476, "FuelLevel":30.587524, "SystemFaction":"Khernidjal Future", "FactionState":"Boom" }
{ "timestamp":"2017-02-26T19:48:24Z", "event":"ReceiveText", "From":"$npc_name_decorate:#name=Cruise Ship;", "From_Localised":"Cruise Ship", "Message":"$CruiseLiner_SCPatrol01;", "Message_Localised":"And don't forget, this Liner is in the top 1% of all Liners out there.", "Channel":"npc" }
{ "timestamp":"2017-02-26T19:49:12Z", "event":"ReceiveText", "From":"$npc_name_decorate:#name=Cruise Ship;", "From_Localised":"Cruise Ship", "Message":"$CruiseLiner_SCPatrol01;", "Message_Localised":"And don't forget, this Liner is in the top 1% of all Liners out there.", "Channel":"npc" }
{ "timestamp":"2017-02-26T19:49:46Z", "event":"SupercruiseExit", "StarSystem":"Khernidjal", "Body":"Brooks Enterprise", "BodyType":"Station" }
{ "timestamp":"2017-02-26T19:49:55Z", "event":"DockingRequested", "StationName":"Brooks Enterprise" }
{ "timestamp":"2017-02-26T19:49:55Z", "event":"ReceiveText", "From":"Brooks Enterprise", "Message":"$DockingChatter_Neutral;", "Message_Localised":"Ensure to observe starport protocol during your visit, pilot.", "Channel":"npc" }
{ "timestamp":"2017-02-26T19:49:56Z", "event":"ReceiveText", "From":"Brooks Enterprise", "Message":"$STATION_docking_granted;", "Message_Localised":"Docking request granted.", "Channel":"npc" }
{ "timestamp":"2017-02-26T19:49:56Z", "event":"DockingGranted", "LandingPad":3, "StationName":"Brooks Enterprise" }
{ "timestamp":"2017-02-26T19:50:08Z", "event":"ReceiveText", "From":"Brooks Enterprise", "Message":"$STATION_NoFireZone_entered;", "Message_Localised":"No fire zone entered.", "Channel":"npc" }
{ "timestamp":"2017-02-26T19:50:52Z", "event":"Docked", "StationName":"Brooks Enterprise", "StationType":"Outpost", "StarSystem":"Khernidjal", "StationFaction":"Alioth Independents", "StationGovernment":"$government_Democracy;", "StationGovernment_Localised":"Democracy", "StationAllegiance":"Alliance", "StationEconomy":"$economy_Extraction;", "StationEconomy_Localised":"Extraction" }
{ "timestamp":"2017-02-26T19:51:05Z", "event":"SellExplorationData", "Systems":[ "Taran" ], "Discovered":[  ], "BaseValue":805, "Bonus":0 }
{ "timestamp":"2017-02-26T19:53:33Z", "event":"ModuleBuy", "Slot":"Slot03_Size6", "SellItem":"$int_shieldgenerator_size6_class1_name;", "SellItem_Localised":"Shield Generator", "SellPrice":169784, "BuyItem":"$int_shieldgenerator_size6_class4_name;", "BuyItem_Localised":"Shield Generator", "BuyPrice":5393177, "Ship":"python", "ShipID":16 }
{ "timestamp":"2017-02-26T19:54:51Z", "event":"ModuleBuy", "Slot":"Slot04_Size5", "SellItem":"$int_cargorack_size5_class1_name;", "SellItem_Localised":"Cargo Rack", "SellPrice":111566, "BuyItem":"$int_hullreinforcement_size5_class2_name;", "BuyItem_Localised":"Hull Reinforcement", "BuyPrice":450000, "Ship":"python", "ShipID":16 }
{ "timestamp":"2017-02-26T19:56:04Z", "event":"ModuleBuy", "Slot":"PowerPlant", "SellItem":"$int_powerplant_size7_class2_name;", "SellItem_Localised":"Power Plant", "SellPrice":1899597, "BuyItem":"$int_powerplant_size6_class4_name;", "BuyItem_Localised":"Power Plant", "BuyPrice":5393177, "Ship":"python", "ShipID":16 }
{ "timestamp":"2017-02-26T19:56:04Z", "event":"ShieldState", "ShieldsUp":false }
{ "timestamp":"2017-02-26T19:56:10Z", "event":"ShieldState", "ShieldsUp":true }
{ "timestamp":"2017-02-26T19:56:59Z", "event":"Undocked", "StationName":"Brooks Enterprise", "StationType":"Outpost" }
{ "timestamp":"2017-02-26T19:57:32Z", "event":"ReceiveText", "From":"Brooks Enterprise", "Message":"$STATION_NoFireZone_exited;", "Message_Localised":"No fire zone left.", "Channel":"npc" }
{ "timestamp":"2017-02-26T19:58:33Z", "event":"FSDJump", "StarSystem":"Rahu", "StarPos":[-43.781,62.438,-0.250], "SystemAllegiance":"Alliance", "SystemEconomy":"$economy_Refinery;", "SystemEconomy_Localised":"Refinery", "SystemGovernment":"$government_Corporate;", "SystemGovernment_Localised":"Corporate", "SystemSecurity":"$SYSTEM_SECURITY_medium;", "SystemSecurity_Localised":"Medium Security", "JumpDist":13.505, "FuelUsed":1.603493, "FuelLevel":28.984032, "SystemFaction":"Rahu Power Industry", "FactionState":"Boom" }
{ "timestamp":"2017-02-26T19:58:56Z", "event":"FuelScoop", "Scooped":0.493313, "Total":29.477345 }
{ "timestamp":"2017-02-26T20:03:59Z", "event":"LoadGame", "Commander":"Blantyre", "Ship":"Python", "ShipID":16, "GameMode":"Solo", "Credits":32375802, "Loan":0 }
{ "timestamp":"2017-02-26T20:03:59Z", "event":"Rank", "Combat":4, "Trade":6, "Explore":5, "Empire":2, "Federation":7, "CQC":0 }
{ "timestamp":"2017-02-26T20:03:59Z", "event":"Progress", "Combat":40, "Trade":5, "Explore":26, "Empire":41, "Federation":16, "CQC":0 }
{ "timestamp":"2017-02-26T20:04:16Z", "event":"Location", "Docked":false, "StarSystem":"Rahu", "StarPos":[-43.781,62.438,-0.250], "SystemAllegiance":"Alliance", "SystemEconomy":"$economy_Refinery;", "SystemEconomy_Localised":"Refinery", "SystemGovernment":"$government_Corporate;", "SystemGovernment_Localised":"Corporate", "SystemSecurity":"$SYSTEM_SECURITY_medium;", "SystemSecurity_Localised":"Medium Security", "Body":"Rahu 3", "BodyType":"Planet", "SystemFaction":"Rahu Power Industry", "FactionState":"Boom" }
{ "timestamp":"2017-02-26T20:04:51Z", "event":"SupercruiseEntry", "StarSystem":"Rahu" }
{ "timestamp":"2017-02-26T20:08:10Z", "event":"SupercruiseExit", "StarSystem":"Rahu", "Body":"Rahu 4 A Ring", "BodyType":"PlanetaryRing" }
{ "timestamp":"2017-02-26T20:08:45Z", "event":"ReceiveText", "From":"$npc_name_decorate:#name=Mike Hobbs;", "From_Localised":"Mike Hobbs", "Message":"$Pirate_OnStartScanCargo03;", "Message_Localised":"What are you hauling?", "Channel":"npc" }
{ "timestamp":"2017-02-26T20:08:51Z", "event":"ReceiveText", "From":"$npc_name_decorate:#name=Mike Hobbs;", "From_Localised":"Mike Hobbs", "Message":"$Pirate_OnDeclarePiracyAttack04;", "Message_Localised":"I'm gonna boil you up!", "Channel":"npc" }
{ "timestamp":"2017-02-26T20:08:59Z", "event":"ReceiveText", "From":"$npc_name_decorate:#name=Max Littlewood;", "From_Localised":"Max Littlewood", "Message":"$Pirate_OnStartScanCargo01;", "Message_Localised":"I see all!", "Channel":"npc" }
{ "timestamp":"2017-02-26T20:09:02Z", "event":"ReceiveText", "From":"$npc_name_decorate:#name=Alliance Enforcer;", "From_Localised":"Alliance Enforcer", "Message":"$Generic_NoAttackGeneric01;", "Message_Localised":"I don't got a problem with you, you have nothing I want.", "Channel":"npc" }
{ "timestamp":"2017-02-26T20:09:09Z", "event":"ReceiveText", "From":"$npc_name_decorate:#name=Max Littlewood;", "From_Localised":"Max Littlewood", "Message":"$Pirate_OnNoCargoFound07;", "Message_Localised":"Nothing for me here.", "Channel":"npc" }
{ "timestamp":"2017-02-26T20:09:14Z", "event":"ReceiveText", "From":"$npc_name_decorate:#name=Tattum;", "From_Localised":"Tattum", "Message":"$Pirate_OnStartScanCargo03;", "Message_Localised":"What are you hauling?", "Channel":"npc" }
{ "timestamp":"2017-02-26T20:09:18Z", "event":"Bounty", "Rewards":[ { "Faction":"Rahu Power Industry", "Reward":200 }, { "Faction":"Alliance", "Reward":21735 } ], "Target":"empire_eagle", "TotalReward":21935, "VictimFaction":"Rahu Society" }
{ "timestamp":"2017-02-26T20:09:22Z", "event":"ReceiveText", "From":"$npc_name_decorate:#name=Alliance Enforcer;", "From_Localised":"Alliance Enforcer", "Message":"$Generic_NoAttackGeneric01;", "Message_Localised":"I don't got a problem with you, you have nothing I want.", "Channel":"npc" }
{ "timestamp":"2017-02-26T20:09:24Z", "event":"ReceiveText", "From":"$npc_name_decorate:#name=Tattum;", "From_Localised":"Tattum", "Message":"$Pirate_OnNoCargoFound11;", "Message_Localised":"Another empty cargo hold. My children will go hungry tonight.", "Channel":"npc" }
{ "timestamp":"2017-02-26T20:09:27Z", "event":"ReceiveText", "From":"$npc_name_decorate:#name=Alliance Enforcer;", "From_Localised":"Alliance Enforcer", "Message":"$Generic_NoAttackGeneric02;", "Message_Localised":"Well, you were a complete waste of my time and effort.", "Channel":"npc" }
{ "timestamp":"2017-02-26T20:09:46Z", "event":"ReceiveText", "From":"$npc_name_decorate:#name=Tattum;", "From_Localised":"Tattum", "Message":"$Pirate_OnDeclarePiracyAttack05;", "Message_Localised":"You have no chance now.", "Channel":"npc" }
{ "timestamp":"2017-02-26T20:10:17Z", "event":"ReceiveText", "From":"$ShipName_Police_Alliance;", "From_Localised":"Allied Police Forces", "Message":"$Police_ArrivedAtInvestigationLocation06;", "Message_Localised":"Crime response team in situ. Security sweep and scan commencing.", "Channel":"npc" }
{ "timestamp":"2017-02-26T20:10:35Z", "event":"ReceiveText", "From":"$npc_name_decorate:#name=Richard Baguley;", "From_Localised":"Richard Baguley", "Message":"$BadKarmaCriticalDamage07;", "Message_Localised":"Too much damage!", "Channel":"npc" }
{ "timestamp":"2017-02-26T20:10:54Z", "event":"ReceiveText", "From":"$ShipName_Police_Alliance;", "From_Localised":"Allied Police Forces", "Message":"$Police_ArriveInvestigate02;", "Message_Localised":"Incident response units on station.", "Channel":"npc" }
{ "timestamp":"2017-02-26T20:10:56Z", "event":"ReceiveText", "From":"$ShipName_Police_Alliance;", "From_Localised":"Allied Police Forces", "Message":"$Police_ArrivedAtInvestigationLocation04;", "Message_Localised":"Rapid deployment unit deployed. Initiating scans of all ships in the area.", "Channel":"npc" }
{ "timestamp":"2017-02-26T20:11:08Z", "event":"ReceiveText", "From":"$npc_name_decorate:#name=Tattum;", "From_Localised":"Tattum", "Message":"$BadKarmaCriticalDamage05;", "Message_Localised":"No, no!", "Channel":"npc" }
{ "timestamp":"2017-02-26T20:11:34Z", "event":"Bounty", "Rewards":[ { "Faction":"Rahu Power Industry", "Reward":200 }, { "Faction":"Alliance", "Reward":55822 } ], "Target":"viper", "TotalReward":56022, "VictimFaction":"Rahu Society" }
{ "timestamp":"2017-02-26T20:11:47Z", "event":"ReceiveText", "From":"$ShipName_Police_Alliance;", "From_Localised":"Allied Police Forces", "Message":"$Police_ThankYouPassedStopAndSearch09;", "Message_Localised":"Move along, Commander, we're done here.", "Channel":"npc" }
{ "timestamp":"2017-02-26T20:11:48Z", "event":"ReceiveText", "From":"$ShipName_Police_Alliance;", "From_Localised":"Allied Police Forces", "Message":"$Police_FinishedAtInvestigationLocation06;", "Message_Localised":"Rapid criminal investigation scans are finished. Please continue about your business.", "Channel":"npc" }
{ "timestamp":"2017-02-26T20:12:24Z", "event":"ReceiveText", "From":"$npc_name_decorate:#name=Alliance Enforcer;", "From_Localised":"Alliance Enforcer", "Message":"$Generic_NoAttackGeneric05;", "Message_Localised":"Another ship, another useless spacer. Get out of my way!", "Channel":"npc" }
{ "timestamp":"2017-02-26T20:12:26Z", "event":"ReceiveText", "From":"$npc_name_decorate:#name=Max Littlewood;", "From_Localised":"Max Littlewood", "Message":"$Pirate_OnDeclarePiracyAttack04;", "Message_Localised":"I'm gonna boil you up!", "Channel":"npc" }
{ "timestamp":"2017-02-26T20:13:16Z", "event":"Bounty", "Rewards":[ { "Faction":"Rahu Power Industry", "Reward":200 }, { "Faction":"Alliance", "Reward":60750 } ], "Target":"viper", "TotalReward":60950, "VictimFaction":"Rahu Society" }
{ "timestamp":"2017-02-26T20:13:18Z", "event":"ReceiveText", "From":"$ShipName_Police_Alliance;", "From_Localised":"Allied Police Forces", "Message":"$Police_ArriveReinforcement05;", "Message_Localised":"Emergency reserve force deploying.", "Channel":"npc" }
{ "timestamp":"2017-02-26T20:13:24Z", "event":"ReceiveText", "From":"$npc_name_decorate:#name=Terlov;", "From_Localised":"Terlov", "Message":"$Pirate_OnStartScanCargo09;", "Message_Localised":"The scan will soon be over.", "Channel":"npc" }
{ "timestamp":"2017-02-26T20:13:34Z", "event":"ReceiveText", "From":"$npc_name_decorate:#name=Terlov;", "From_Localised":"Terlov", "Message":"$Pirate_OnNoCargoFound06;", "Message_Localised":"Another dream of riches dashed.", "Channel":"npc" }
{ "timestamp":"2017-02-26T20:13:37Z", "event":"ReceiveText", "From":"$npc_name_decorate:#name=Terlov;", "From_Localised":"Terlov", "Message":"$Pirate_OnDeclarePiracyAttack05;", "Message_Localised":"You have no chance now.", "Channel":"npc" }
{ "timestamp":"2017-02-26T20:13:48Z", "event":"ReceiveText", "From":"$npc_name_decorate:#name=Robert Kleinhans;", "From_Localised":"Robert Kleinhans", "Message":"$Pirate_OnStartScanCargo03;", "Message_Localised":"What are you hauling?", "Channel":"npc" }
{ "timestamp":"2017-02-26T20:13:54Z", "event":"ReceiveText", "From":"$ShipName_Police_Alliance;", "From_Localised":"Allied Police Forces", "Message":"$Police_ArriveInvestigate03;", "Message_Localised":"Crime response flight deployed.", "Channel":"npc" }
{ "timestamp":"2017-02-26T20:13:56Z", "event":"ReceiveText", "From":"$npc_name_decorate:#name=Terlov;", "From_Localised":"Terlov", "Message":"$BadKarmaCriticalDamage04;", "Message_Localised":"I don't believe it!", "Channel":"npc" }
{ "timestamp":"2017-02-26T20:13:58Z", "event":"ReceiveText", "From":"$npc_name_decorate:#name=Robert Kleinhans;", "From_Localised":"Robert Kleinhans", "Message":"$Pirate_OnNoCargoFound04;", "Message_Localised":"Another dud? Damn it all!", "Channel":"npc" }
{ "timestamp":"2017-02-26T20:14:12Z", "event":"Bounty", "Rewards":[ { "Faction":"Rahu Power Industry", "Reward":200 }, { "Faction":"Alliance", "Reward":24075 } ], "Target":"adder", "TotalReward":24275, "VictimFaction":"Rahu Society" }
{ "timestamp":"2017-02-26T20:14:26Z", "event":"ReceiveText", "From":"$npc_name_decorate:#name=KorPoll;", "From_Localised":"KorPoll", "Message":"$Pirate_OnStartScanCargo05;", "Message_Localised":"What treats do you carry?", "Channel":"npc" }
{ "timestamp":"2017-02-26T20:14:41Z", "event":"ReceiveText", "From":"$npc_name_decorate:#name=KorPoll;", "From_Localised":"KorPoll", "Message":"$BadKarmaCriticalDamage08;", "Message_Localised":"I've taken too many hits.", "Channel":"npc" }
{ "timestamp":"2017-02-26T20:14:52Z", "event":"Bounty", "Rewards":[ { "Faction":"Rahu Power Industry", "Reward":200 }, { "Faction":"Alliance", "Reward":15900 } ], "Target":"empire_eagle", "TotalReward":16100, "VictimFaction":"Rahu Society" }
{ "timestamp":"2017-02-26T20:15:52Z", "event":"ReceiveText", "From":"$npc_name_decorate:#name=Robert Kleinhans;", "From_Localised":"Robert Kleinhans", "Message":"$Pirate_OnDeclarePiracyAttack15;", "Message_Localised":"There will be no escape for you.", "Channel":"npc" }
{ "timestamp":"2017-02-26T20:16:08Z", "event":"ReceiveText", "From":"$npc_name_decorate:#name=Robert Kleinhans;", "From_Localised":"Robert Kleinhans", "Message":"$BadKarmaCriticalDamage04;", "Message_Localised":"I don't believe it!", "Channel":"npc" }
{ "timestamp":"2017-02-26T20:16:24Z", "event":"Bounty", "Rewards":[ { "Faction":"Rahu Power Industry", "Reward":200 }, { "Faction":"Alliance", "Reward":14535 } ], "Target":"adder", "TotalReward":14735, "VictimFaction":"Rahu Society" }
{ "timestamp":"2017-02-26T20:16:39Z", "event":"ReceiveText", "From":"$ShipName_Police_Alliance;", "From_Localised":"Allied Police Forces", "Message":"$Police_ArrivedAtInvestigationLocation01;", "Message_Localised":"All citizens must submit to authority scans. Do not attempt to flee!", "Channel":"npc" }
{ "timestamp":"2017-02-26T20:16:49Z", "event":"ReceiveText", "From":"$npc_name_decorate:#name=ecolne;", "From_Localised":"ecolne", "Message":"$Pirate_OnStartScanCargo04;", "Message_Localised":"What do you carry, I wonder?", "Channel":"npc" }
{ "timestamp":"2017-02-26T20:16:51Z", "event":"ReceiveText", "From":"$npc_name_decorate:#name=ecolne;", "From_Localised":"ecolne", "Message":"$Pirate_OnDeclarePiracyAttack01;", "Message_Localised":"I'll pick your bones clean, greenhorn.", "Channel":"npc" }
{ "timestamp":"2017-02-26T20:18:14Z", "event":"Bounty", "Rewards":[ { "Faction":"Rahu Power Industry", "Reward":200 }, { "Faction":"Alliance", "Reward":46642 } ], "Target":"diamondback", "TotalReward":46842, "VictimFaction":"Rahu Society" }
{ "timestamp":"2017-02-26T20:18:19Z", "event":"ReceiveText", "From":"$npc_name_decorate:#name=Ian Magill;", "From_Localised":"Ian Magill", "Message":"$Pirate_OnStartScanCargo06;", "Message_Localised":"Let's see what you are carrying.", "Channel":"npc" }
{ "timestamp":"2017-02-26T20:18:23Z", "event":"ReceiveText", "From":"$ShipName_Police_Alliance;", "From_Localised":"Allied Police Forces", "Message":"$Police_FinishedAtInvestigationLocation03;", "Message_Localised":"Crime scene cordon removed, go back about your business.", "Channel":"npc" }
{ "timestamp":"2017-02-26T20:18:36Z", "event":"ReceiveText", "From":"$npc_name_decorate:#name=Ian Magill;", "From_Localised":"Ian Magill", "Message":"$Pirate_OnStartScanCargo07;", "Message_Localised":"Do you have anything of value?", "Channel":"npc" }
{ "timestamp":"2017-02-26T20:19:35Z", "event":"ShieldState", "ShieldsUp":false }
{ "timestamp":"2017-02-26T20:20:08Z", "event":"ReceiveText", "From":"$npc_name_decorate:#name=John M Oultram;", "From_Localised":"John M Oultram", "Message":"$Pirate_OnStartScanCargo08;", "Message_Localised":"What do you have in your cargo hold?", "Channel":"npc" }
{ "timestamp":"2017-02-26T20:20:18Z", "event":"ReceiveText", "From":"$npc_name_decorate:#name=John M Oultram;", "From_Localised":"John M Oultram", "Message":"$Pirate_OnNoCargoFound04;", "Message_Localised":"Another dud? Damn it all!", "Channel":"npc" }
{ "timestamp":"2017-02-26T20:20:29Z", "event":"ReceiveText", "From":"$ShipName_Police_Alliance;", "From_Localised":"Allied Police Forces", "Message":"$Military_AccidentalDamage07;", "Message_Localised":"You're shooting at the wrong person, Commander!", "Channel":"npc" }
{ "timestamp":"2017-02-26T20:20:47Z", "event":"HullDamage", "Health":0.798862, "PlayerPilot":true, "Fighter":false }
{ "timestamp":"2017-02-26T20:21:03Z", "event":"ShieldState", "ShieldsUp":true }
{ "timestamp":"2017-02-26T20:21:04Z", "event":"Bounty", "Rewards":[ { "Faction":"Rahu Power Industry", "Reward":800 }, { "Faction":"Alliance", "Reward":247117 } ], "Target":"anaconda", "TotalReward":247917, "VictimFaction":"Rahu Society" }
{ "timestamp":"2017-02-26T20:21:20Z", "event":"MaterialCollected", "Category":"Encoded", "Name":"emissiondata", "Count":3 }
{ "timestamp":"2017-02-26T20:21:52Z", "event":"SupercruiseEntry", "StarSystem":"Rahu" }
{ "timestamp":"2017-02-26T20:24:12Z", "event":"ReceiveText", "From":"$npc_name_decorate:#name=Wedding Barge;", "From_Localised":"Wedding Barge", "Message":"$ConvoyWedding_Patrol02;", "Message_Localised":"Three cheers for the happy couple!", "Channel":"npc" }
{ "timestamp":"2017-02-26T20:24:29Z", "event":"SupercruiseExit", "StarSystem":"Rahu", "Body":"Acharya Station", "BodyType":"Station" }
{ "timestamp":"2017-02-26T20:24:41Z", "event":"DockingRequested", "StationName":"Acharya Station" }
{ "timestamp":"2017-02-26T20:24:41Z", "event":"ReceiveText", "From":"Acharya Station", "Message":"$DockingChatter_Cordial;", "Message_Localised":"Welcome back, Commander.", "Channel":"npc" }
{ "timestamp":"2017-02-26T20:24:42Z", "event":"ReceiveText", "From":"Acharya Station", "Message":"$STATION_docking_granted;", "Message_Localised":"Docking request granted.", "Channel":"npc" }
{ "timestamp":"2017-02-26T20:24:42Z", "event":"DockingGranted", "LandingPad":41, "StationName":"Acharya Station" }
{ "timestamp":"2017-02-26T20:24:54Z", "event":"ReceiveText", "From":"Acharya Station", "Message":"$STATION_NoFireZone_entered;", "Message_Localised":"No fire zone entered.", "Channel":"npc" }
{ "timestamp":"2017-02-26T20:25:37Z", "event":"Docked", "StationName":"Acharya Station", "StationType":"Coriolis", "StarSystem":"Rahu", "StationFaction":"Rahu Power Industry", "FactionState":"Boom", "StationGovernment":"$government_Corporate;", "StationGovernment_Localised":"Corporate", "StationAllegiance":"Alliance", "StationEconomy":"$economy_Refinery;", "StationEconomy_Localised":"Refinery" }
{ "timestamp":"2017-02-26T20:25:55Z", "event":"BuyAmmo", "Cost":26840 }
{ "timestamp":"2017-02-26T20:25:56Z", "event":"RefuelAll", "Cost":175, "Amount":3.487322 }
{ "timestamp":"2017-02-26T20:25:57Z", "event":"RepairAll", "Cost":14507 }
{ "timestamp":"2017-02-26T20:26:02Z", "event":"RedeemVoucher", "Type":"bounty", "Amount":488776 }
{ "timestamp":"2017-02-26T20:31:07Z", "event":"Undocked", "StationName":"Acharya Station", "StationType":"Coriolis" }
{ "timestamp":"2017-02-26T20:31:47Z", "event":"ReceiveText", "From":"Acharya Station", "Message":"$STATION_NoFireZone_exited;", "Message_Localised":"No fire zone left.", "Channel":"npc" }
{ "timestamp":"2017-02-26T20:32:05Z", "event":"SupercruiseEntry", "StarSystem":"Rahu" }
{ "timestamp":"2017-02-26T20:33:23Z", "event":"SupercruiseExit", "StarSystem":"Rahu", "Body":"Rahu 4 A Ring", "BodyType":"PlanetaryRing" }
{ "timestamp":"2017-02-26T20:33:54Z", "event":"ReceiveText", "From":"$npc_name_decorate:#name=Spark;", "From_Localised":"Spark", "Message":"$Pirate_OnStartScanCargo07;", "Message_Localised":"Do you have anything of value?", "Channel":"npc" }
{ "timestamp":"2017-02-26T20:34:01Z", "event":"ReceiveText", "From":"$ShipName_Police_Alliance;", "From_Localised":"Allied Police Forces", "Message":"$Police_ThankYouPassedStopAndSearch05;", "Message_Localised":"Scan finished. Be about your business.", "Channel":"npc" }
{ "timestamp":"2017-02-26T20:34:04Z", "event":"ReceiveText", "From":"$npc_name_decorate:#name=Spark;", "From_Localised":"Spark", "Message":"$Pirate_OnNoCargoFound01;", "Message_Localised":"No cargo? Waste of time...", "Channel":"npc" }
{ "timestamp":"2017-02-26T20:34:08Z", "event":"ReceiveText", "From":"$npc_name_decorate:#name=Alliance Enforcer;", "From_Localised":"Alliance Enforcer", "Message":"$Generic_NoAttackGeneric04;", "Message_Localised":"Damn! You're useless to me! They said this sector was rich pickings, what gives?", "Channel":"npc" }
{ "timestamp":"2017-02-26T20:34:23Z", "event":"ReceiveText", "From":"$npc_name_decorate:#name=Spark;", "From_Localised":"Spark", "Message":"$Pirate_OnDeclarePiracyAttack03;", "Message_Localised":"Now you die, victim.", "Channel":"npc" }
{ "timestamp":"2017-02-26T20:35:15Z", "event":"ShieldState", "ShieldsUp":false }
{ "timestamp":"2017-02-26T20:35:52Z", "event":"ReceiveText", "From":"$npc_name_decorate:#name=Sebastian Kotthoff;", "From_Localised":"Sebastian Kotthoff", "Message":"$Escort_AttackRun03;", "Message_Localised":"Target in my heads up, locking on.", "Channel":"npc" }
{ "timestamp":"2017-02-26T20:36:20Z", "event":"ShieldState", "ShieldsUp":true }
{ "timestamp":"2017-02-26T20:37:31Z", "event":"ReceiveText", "From":"$npc_name_decorate:#name=Commander Rich Davis;", "From_Localised":"Commander Rich Davis", "Message":"$BadKarmaCriticalDamage08;", "Message_Localised":"I've taken too many hits.", "Channel":"npc" }
{ "timestamp":"2017-02-26T20:38:37Z", "event":"ReceiveText", "From":"$npc_name_decorate:#name=Horatio Morbidius;", "From_Localised":"Horatio Morbidius", "Message":"$Pirate_OnStartScanCargo08;", "Message_Localised":"What do you have in your cargo hold?", "Channel":"npc" }
{ "timestamp":"2017-02-26T20:38:47Z", "event":"ReceiveText", "From":"$npc_name_decorate:#name=Horatio Morbidius;", "From_Localised":"Horatio Morbidius", "Message":"$Pirate_OnNoCargoFound10;", "Message_Localised":"There's nothing worth my while here.", "Channel":"npc" }
{ "timestamp":"2017-02-26T20:38:52Z", "event":"Bounty", "Rewards":[ { "Faction":"Rahu Power Industry", "Reward":30920 } ], "Target":"viper", "TotalReward":30920, "VictimFaction":"Rahu Society" }
{ "timestamp":"2017-02-26T20:38:55Z", "event":"ReceiveText", "From":"$npc_name_decorate:#name=Vadbarin;", "From_Localised":"Vadbarin", "Message":"$BadKarmaCriticalDamage09;", "Message_Localised":"I can see when I'm outmatched.", "Channel":"npc" }
{ "timestamp":"2017-02-26T20:39:57Z", "event":"Bounty", "Rewards":[ { "Faction":"Rahu Power Industry", "Reward":200 }, { "Faction":"Alliance", "Reward":14445 } ], "Target":"empire_eagle", "TotalReward":14645, "VictimFaction":"LTT 14437 Inc" }
{ "timestamp":"2017-02-26T20:40:36Z", "event":"ReceiveText", "From":"$npc_name_decorate:#name=Jan Mäser;", "From_Localised":"Jan Mￃﾤser", "Message":"$Pirate_OnDeclarePiracyAttack02;", "Message_Localised":"You choose death then. Very well.", "Channel":"npc" }
{ "timestamp":"2017-02-26T20:40:44Z", "event":"ReceiveText", "From":"$npc_name_decorate:#name=Jiri Dvorak;", "From_Localised":"Jiri Dvorak", "Message":"$Pirate_OnStartScanCargo03;", "Message_Localised":"What are you hauling?", "Channel":"npc" }
{ "timestamp":"2017-02-26T20:40:55Z", "event":"ReceiveText", "From":"$npc_name_decorate:#name=Jan Mäser;", "From_Localised":"Jan Mￃﾤser", "Message":"$BadKarmaCriticalDamage01;", "Message_Localised":"How is this happening?!", "Channel":"npc" }
{ "timestamp":"2017-02-26T20:40:57Z", "event":"ReceiveText", "From":"$npc_name_decorate:#name=Jiri Dvorak;", "From_Localised":"Jiri Dvorak", "Message":"$Pirate_OnNoCargoFound05;", "Message_Localised":"How do you fools make a living?", "Channel":"npc" }
{ "timestamp":"2017-02-26T20:41:03Z", "event":"Bounty", "Rewards":[ { "Faction":"Rahu Power Industry", "Reward":32530 } ], "Target":"adder", "TotalReward":32530, "VictimFaction":"Rahu Society" }
{ "timestamp":"2017-02-26T20:41:26Z", "event":"ReceiveText", "From":"$ShipName_Police_Alliance;", "From_Localised":"Allied Police Forces", "Message":"$Police_ThankYouPassedStopAndSearch10;", "Message_Localised":"Everything looks fine, Commander. Have a good day.", "Channel":"npc" }
{ "timestamp":"2017-02-26T20:41:33Z", "event":"ReceiveText", "From":"$ShipName_Police_Alliance;", "From_Localised":"Allied Police Forces", "Message":"$Police_ThankYouPassedStopAndSearch08;", "Message_Localised":"All done and you're clear to proceed, Commander.", "Channel":"npc" }
{ "timestamp":"2017-02-26T20:42:01Z", "event":"ReceiveText", "From":"$npc_name_decorate:#name=Jiri Dvorak;", "From_Localised":"Jiri Dvorak", "Message":"$Pirate_NiggledByNewShip03;", "Message_Localised":"So you have chosen that this day will be your last.", "Channel":"npc" }
{ "timestamp":"2017-02-26T20:42:03Z", "event":"ReceiveText", "From":"$npc_name_decorate:#name=Matt Worsdell;", "From_Localised":"Matt Worsdell", "Message":"$Escort_NearDeath05;", "Message_Localised":"Taking evasive action.", "Channel":"npc" }
{ "timestamp":"2017-02-26T20:42:34Z", "event":"Bounty", "Rewards":[ { "Faction":"Rahu Power Industry", "Reward":200 }, { "Faction":"Alliance", "Reward":33885 } ], "Target":"viper_mkiv", "TotalReward":34085, "VictimFaction":"Rahu Society" }
{ "timestamp":"2017-02-26T20:43:00Z", "event":"ReceiveText", "From":"$npc_name_decorate:#name=Mike Gregson;", "From_Localised":"Mike Gregson", "Message":"$Escort_AttackDutyStart01;", "Message_Localised":"Commencing engagement, cover formation.", "Channel":"npc" }
{ "timestamp":"2017-02-26T20:43:00Z", "event":"ReceiveText", "From":"$npc_name_decorate:#name=Rodner Stillwater;", "From_Localised":"Rodner Stillwater", "Message":"$Pirate_OnDeclarePiracyAttack02;", "Message_Localised":"You choose death then. Very well.", "Channel":"npc" }
{ "timestamp":"2017-02-26T20:43:18Z", "event":"Bounty", "Rewards":[ { "Faction":"Rahu Power Industry", "Reward":200 }, { "Faction":"Alliance", "Reward":15300 } ], "Target":"adder", "TotalReward":15500, "VictimFaction":"Rahu Society" }
{ "timestamp":"2017-02-26T20:43:27Z", "event":"ReceiveText", "From":"$npc_name_decorate:#name=Janel Faye Goyette;", "From_Localised":"Janel Faye Goyette", "Message":"$Escort_NearDeath07;", "Message_Localised":"I've taken too much damage.", "Channel":"npc" }
{ "timestamp":"2017-02-26T20:43:51Z", "event":"ReceiveText", "From":"$npc_name_decorate:#name=Rodner Stillwater;", "From_Localised":"Rodner Stillwater", "Message":"$BadKarmaCriticalDamage08;", "Message_Localised":"I've taken too many hits.", "Channel":"npc" }
{ "timestamp":"2017-02-26T20:43:57Z", "event":"Bounty", "Rewards":[ { "Faction":"Rahu Power Industry", "Reward":400 }, { "Faction":"Alliance", "Reward":77122 } ], "Target":"diamondbackxl", "TotalReward":77522, "VictimFaction":"Rahu Society" }
{ "timestamp":"2017-02-26T20:44:13Z", "event":"Synthesis", "Name":"Missile Ammo Basic", "Materials":{ "iron":3, "nickel":3, "carbon":4, "sulphur":4 } }
{ "timestamp":"2017-02-26T20:44:14Z", "event":"Synthesis", "Name":"Missile Ammo Basic", "Materials":{ "iron":3, "nickel":3, "carbon":4, "sulphur":4 } }
{ "timestamp":"2017-02-26T20:44:34Z", "event":"MaterialCollected", "Category":"Encoded", "Name":"shieldpatternanalysis", "Count":3 }
{ "timestamp":"2017-02-26T20:44:40Z", "event":"ReceiveText", "From":"$npc_name_decorate:#name=Daniel Fandrich;", "From_Localised":"Daniel Fandrich", "Message":"$Pirate_OnDeclarePiracyAttack05;", "Message_Localised":"You have no chance now.", "Channel":"npc" }
{ "timestamp":"2017-02-26T20:45:04Z", "event":"ShieldState", "ShieldsUp":false }
{ "timestamp":"2017-02-26T20:45:06Z", "event":"HullDamage", "Health":0.795388, "PlayerPilot":true, "Fighter":false }
{ "timestamp":"2017-02-26T20:45:17Z", "event":"HullDamage", "Health":0.586435, "PlayerPilot":true, "Fighter":false }
{ "timestamp":"2017-02-26T20:45:21Z", "event":"ReceiveText", "From":"$npc_name_decorate:#name=Bungay;", "From_Localised":"Bungay", "Message":"$Escort_NearDeath10;", "Message_Localised":"My ship is almost done for. Help!", "Channel":"npc" }
{ "timestamp":"2017-02-26T20:45:31Z", "event":"Bounty", "Rewards":[ { "Faction":"Rahu Power Industry", "Reward":200 }, { "Faction":"Alliance", "Reward":28927 } ], "Target":"empire_courier", "TotalReward":29127, "VictimFaction":"Rahu Society" }
{ "timestamp":"2017-02-26T20:45:36Z", "event":"ReceiveText", "From":"$npc_name_decorate:#name=Jean-Marc Paquin;", "From_Localised":"Jean-Marc Paquin", "Message":"$Pirate_OnStartScanCargo05;", "Message_Localised":"What treats do you carry?", "Channel":"npc" }
{ "timestamp":"2017-02-26T20:45:46Z", "event":"ReceiveText", "From":"$npc_name_decorate:#name=Jean-Marc Paquin;", "From_Localised":"Jean-Marc Paquin", "Message":"$Pirate_OnNoCargoFound09;", "Message_Localised":"Next time you should fill your hold with gold.", "Channel":"npc" }
{ "timestamp":"2017-02-26T20:46:02Z", "event":"SupercruiseEntry", "StarSystem":"Rahu" }
{ "timestamp":"2017-02-26T20:48:32Z", "event":"ReceiveText", "From":"$npc_name_decorate:#name=Cruise Ship;", "From_Localised":"Cruise Ship", "Message":"$CruiseLiner_SCPatrol03;", "Message_Localised":"Today's cruise includes some delightful views, our flight attendants are on hand with full details.", "Channel":"npc" }
{ "timestamp":"2017-02-26T20:49:18Z", "event":"ReceiveText", "From":"$npc_name_decorate:#name=Cruise Ship;", "From_Localised":"Cruise Ship", "Message":"$CruiseLiner_SCPatrol05;", "Message_Localised":"This is your captain. Due to some unforeseen delays, we will be arriving at our next destination later than scheduled.", "Channel":"npc" }
{ "timestamp":"2017-02-26T20:50:00Z", "event":"SupercruiseExit", "StarSystem":"Rahu", "Body":"Acharya Station", "BodyType":"Station" }
{ "timestamp":"2017-02-26T20:50:14Z", "event":"DockingRequested", "StationName":"Acharya Station" }
{ "timestamp":"2017-02-26T20:50:14Z", "event":"ReceiveText", "From":"Acharya Station", "Message":"$DockingChatter_Cordial;", "Message_Localised":"Welcome back, Commander.", "Channel":"npc" }
{ "timestamp":"2017-02-26T20:50:15Z", "event":"ReceiveText", "From":"Acharya Station", "Message":"$STATION_docking_granted;", "Message_Localised":"Docking request granted.", "Channel":"npc" }
{ "timestamp":"2017-02-26T20:50:15Z", "event":"DockingGranted", "LandingPad":35, "StationName":"Acharya Station" }
{ "timestamp":"2017-02-26T20:50:25Z", "event":"ReceiveText", "From":"Acharya Station", "Message":"$STATION_NoFireZone_entered;", "Message_Localised":"No fire zone entered.", "Channel":"npc" }
{ "timestamp":"2017-02-26T20:51:02Z", "event":"Docked", "StationName":"Acharya Station", "StationType":"Coriolis", "StarSystem":"Rahu", "StationFaction":"Rahu Power Industry", "FactionState":"Boom", "StationGovernment":"$government_Corporate;", "StationGovernment_Localised":"Corporate", "StationAllegiance":"Alliance", "StationEconomy":"$economy_Refinery;", "StationEconomy_Localised":"Refinery" }
{ "timestamp":"2017-02-26T20:52:50Z", "event":"RedeemVoucher", "Type":"bounty", "Amount":234329 }
{ "timestamp":"2017-02-26T20:53:10Z", "event":"RepairAll", "Cost":34603 }
{ "timestamp":"2017-02-26T20:53:11Z", "event":"BuyAmmo", "Cost":17397 }
{ "timestamp":"2017-02-26T20:53:12Z", "event":"RefuelAll", "Cost":30, "Amount":0.592858 }
