{ "timestamp":"2017-02-21T20:13:51Z", "event":"Fileheader", "part":1, "language":"English\\UK", "gameversion":"2.2", "build":"r131487/r0 " }
{ "timestamp":"2017-02-21T20:14:35Z", "event":"LoadGame", "Commander":"Blantyre", "Ship":"Asp", "ShipID":13, "GameMode":"Solo", "Credits":37711915, "Loan":0 }
{ "timestamp":"2017-02-21T20:14:35Z", "event":"Rank", "Combat":4, "Trade":6, "Explore":5, "Empire":2, "Federation":7, "CQC":0 }
{ "timestamp":"2017-02-21T20:14:35Z", "event":"Progress", "Combat":37, "Trade":5, "Explore":15, "Empire":39, "Federation":16, "CQC":0 }
{ "timestamp":"2017-02-21T20:15:09Z", "event":"Location", "Docked":true, "StationName":"Hammel Terminal", "StationType":"Orbis", "StarSystem":"Kamitra", "StarPos":[5.531,-183.406,63.844], "SystemAllegiance":"Empire", "SystemEconomy":"$economy_Agri;", "SystemEconomy_Localised":"Agriculture", "SystemGovernment":"$government_Patronage;", "SystemGovernment_Localised":"Patronage", "SystemSecurity":"$SYSTEM_SECURITY_medium;", "SystemSecurity_Localised":"Medium Security", "Body":"Hammel Terminal", "BodyType":"Station", "SystemFaction":"Kamitra Empire Pact", "FactionState":"Boom" }
{ "timestamp":"2017-02-21T20:15:09Z", "event":"Docked", "StationName":"Hammel Terminal", "StationType":"Orbis", "StarSystem":"Kamitra", "StationFaction":"Kamitra Empire Pact", "FactionState":"Boom", "StationGovernment":"$government_Patronage;", "StationGovernment_Localised":"Patronage", "StationAllegiance":"Empire", "StationEconomy":"$economy_Agri;", "StationEconomy_Localised":"Agriculture" }
{ "timestamp":"2017-02-21T20:17:43Z", "event":"MissionAccepted", "Faction":"Kamitra Crimson United Ltd", "Name":"Mission_Sightseeing_Criminal_BOOM", "Commodity":"$CropHarvesters_Name;", "Commodity_Localised":"Crop Harvesters", "Count":1, "Expiry":"2017-02-22T07:49:07Z", "PassengerCount":8, "PassengerVIPs":true, "PassengerWanted":true, "PassengerType":"Criminal", "MissionID":94918869 }
{ "timestamp":"2017-02-21T20:26:08Z", "event":"ReceiveText", "From":"$npc_name_decorate:#name=Eugen Tenpenny;", "From_Localised":"Eugen Tenpenny", "Message":"$Smuggler_NearDeath03;", "Message_Localised":"You almost had me there!", "Channel":"npc" }
{ "timestamp":"2017-02-21T20:27:20Z", "event":"ModuleSell", "Slot":"TinyHardpoint2", "SellItem":"$hpt_cloudscanner_size0_class4_name;", "SellItem_Localised":"Wake Scanner", "SellPrice":365698, "Ship":"asp", "ShipID":13 }
{ "timestamp":"2017-02-21T20:28:48Z", "event":"ReceiveText", "From":"$npc_name_decorate:#name=Michael Fenn;", "From_Localised":"Michael Fenn", "Message":"$Commuter_AuthorityScan01;", "Message_Localised":"Is there a problem here, officer?", "Channel":"npc" }
{ "timestamp":"2017-02-21T20:35:01Z", "event":"Undocked", "StationName":"Hammel Terminal", "StationType":"Orbis" }
{ "timestamp":"2017-02-21T20:35:45Z", "event":"SupercruiseEntry", "StarSystem":"Kamitra" }
{ "timestamp":"2017-02-21T20:36:41Z", "event":"FSDJump", "StarSystem":"HIP 794", "StarPos":[3.781,-177.344,32.844], "SystemAllegiance":"Independent", "SystemEconomy":"$economy_Industrial;", "SystemEconomy_Localised":"Industrial", "SystemGovernment":"$government_Anarchy;", "SystemGovernment_Localised":"Anarchy", "SystemSecurity":"$GAlAXY_MAP_INFO_state_anarchy;", "SystemSecurity_Localised":"Anarchy", "JumpDist":31.636, "FuelUsed":3.885570, "FuelLevel":28.114429, "SystemFaction":"Partnership of HIP 794" }
{ "timestamp":"2017-02-21T20:37:22Z", "event":"FuelScoop", "Scooped":3.270613, "Total":31.385042 }
{ "timestamp":"2017-02-21T20:37:58Z", "event":"FSDJump", "StarSystem":"Kholhou", "StarPos":[14.094,-177.875,1.938], "SystemAllegiance":"Empire", "SystemEconomy":"$economy_Tourism;", "SystemEconomy_Localised":"Tourism", "SystemGovernment":"$government_Patronage;", "SystemGovernment_Localised":"Patronage", "SystemSecurity":"$SYSTEM_SECURITY_medium;", "SystemSecurity_Localised":"Medium Security", "JumpDist":32.586, "FuelUsed":4.163930, "FuelLevel":27.221111, "SystemFaction":"Kholhou Empire League" }
{ "timestamp":"2017-02-21T20:38:25Z", "event":"FuelScoop", "Scooped":0.808084, "Total":28.029196 }
{ "timestamp":"2017-02-21T20:40:30Z", "event":"SupercruiseExit", "StarSystem":"Kholhou", "Body":"Kholhou 4", "BodyType":"Planet" }
{ "timestamp":"2017-02-21T20:40:46Z", "event":"DataScanned", "Type":"TouristBeacon" }
{ "timestamp":"2017-02-21T20:41:03Z", "event":"SupercruiseEntry", "StarSystem":"Kholhou" }
{ "timestamp":"2017-02-21T20:42:22Z", "event":"FSDJump", "StarSystem":"ICZ DL-Y d114", "StarPos":[18.531,-144.594,-0.219], "SystemAllegiance":"", "SystemEconomy":"$economy_None;", "SystemEconomy_Localised":"None", "SystemGovernment":"$government_None;", "SystemGovernment_Localised":"None", "SystemSecurity":"$SYSTEM_SECURITY_low;", "SystemSecurity_Localised":"Low Security", "JumpDist":33.645, "FuelUsed":4.425057, "FuelLevel":23.604137 }
{ "timestamp":"2017-02-21T20:43:52Z", "event":"FuelScoop", "Scooped":8.395863, "Total":32.000000 }
{ "timestamp":"2017-02-21T20:44:14Z", "event":"FSDJump", "StarSystem":"ICZ CQ-Y c18", "StarPos":[21.125,-111.719,3.438], "SystemAllegiance":"", "SystemEconomy":"$economy_None;", "SystemEconomy_Localised":"None", "SystemGovernment":"$government_None;", "SystemGovernment_Localised":"None", "SystemSecurity":"$SYSTEM_SECURITY_low;", "SystemSecurity_Localised":"Low Security", "JumpDist":33.179, "FuelUsed":4.366176, "FuelLevel":27.633823 }
{ "timestamp":"2017-02-21T20:45:16Z", "event":"FSDJump", "StarSystem":"Zelano", "StarPos":[27.781,-83.000,16.688], "SystemAllegiance":"Empire", "SystemEconomy":"$economy_Industrial;", "SystemEconomy_Localised":"Industrial", "SystemGovernment":"$government_Corporate;", "SystemGovernment_Localised":"Corporate", "SystemSecurity":"$SYSTEM_SECURITY_high;", "SystemSecurity_Localised":"High Security", "JumpDist":32.321, "FuelUsed":4.002127, "FuelLevel":23.631697, "SystemFaction":"G.O.M. Collective", "FactionState":"Boom" }
{ "timestamp":"2017-02-21T20:46:49Z", "event":"FuelScoop", "Scooped":8.368303, "Total":32.000000 }
{ "timestamp":"2017-02-21T20:47:28Z", "event":"FSDJump", "StarSystem":"Kappa Tucanae", "StarPos":[39.563,-51.063,22.281], "SystemAllegiance":"Independent", "SystemEconomy":"$economy_Agri;", "SystemEconomy_Localised":"Agriculture", "SystemGovernment":"$government_Dictatorship;", "SystemGovernment_Localised":"Dictatorship", "SystemSecurity":"$SYSTEM_SECURITY_medium;", "SystemSecurity_Localised":"Medium Security", "JumpDist":34.498, "FuelUsed":4.803668, "FuelLevel":27.196333, "SystemFaction":"EG Union", "FactionState":"Expansion" }
{ "timestamp":"2017-02-21T20:48:02Z", "event":"FuelScoop", "Scooped":1.540489, "Total":28.736822 }
{ "timestamp":"2017-02-21T20:48:23Z", "event":"FSDJump", "StarSystem":"LHS 1992", "StarPos":[45.500,-19.063,15.656], "SystemAllegiance":"", "SystemEconomy":"$economy_None;", "SystemEconomy_Localised":"None", "SystemGovernment":"$government_None;", "SystemGovernment_Localised":"None", "SystemSecurity":"$SYSTEM_SECURITY_low;", "SystemSecurity_Localised":"Low Security", "JumpDist":33.214, "FuelUsed":4.301116, "FuelLevel":24.435707 }
{ "timestamp":"2017-02-21T20:48:49Z", "event":"FuelScoop", "Scooped":0.885712, "Total":25.321419 }
{ "timestamp":"2017-02-21T20:49:23Z", "event":"FSDJump", "StarSystem":"Lugh", "StarPos":[44.656,-5.719,27.469], "SystemAllegiance":"Independent", "SystemEconomy":"$economy_Agri;", "SystemEconomy_Localised":"Agriculture", "SystemGovernment":"$government_Corporate;", "SystemGovernment_Localised":"Corporate", "SystemSecurity":"$SYSTEM_SECURITY_high;", "SystemSecurity_Localised":"High Security", "JumpDist":17.841, "FuelUsed":0.921953, "FuelLevel":24.399466, "SystemFaction":"Crimson State Group" }
{ "timestamp":"2017-02-21T20:49:45Z", "event":"FuelScoop", "Scooped":0.136057, "Total":24.535522 }
{ "timestamp":"2017-02-21T20:52:00Z", "event":"SupercruiseExit", "StarSystem":"Lugh", "Body":"Hartsfield Market", "BodyType":"Station" }
{ "timestamp":"2017-02-21T20:52:32Z", "event":"DataScanned", "Type":"TouristBeacon" }
{ "timestamp":"2017-02-21T20:52:49Z", "event":"SupercruiseEntry", "StarSystem":"Lugh" }
{ "timestamp":"2017-02-21T20:54:09Z", "event":"FSDJump", "StarSystem":"Col 285 Sector WQ-N a36-1", "StarPos":[36.813,-38.313,36.438], "SystemAllegiance":"", "SystemEconomy":"$economy_None;", "SystemEconomy_Localised":"None", "SystemGovernment":"$government_None;", "SystemGovernment_Localised":"None", "SystemSecurity":"$SYSTEM_SECURITY_low;", "SystemSecurity_Localised":"Low Security", "JumpDist":34.703, "FuelUsed":4.686412, "FuelLevel":19.849110 }
{ "timestamp":"2017-02-21T20:54:54Z", "event":"FSDJump", "StarSystem":"LTT 9494", "StarPos":[31.313,-69.594,39.688], "SystemAllegiance":"", "SystemEconomy":"$economy_None;", "SystemEconomy_Localised":"None", "SystemGovernment":"$government_None;", "SystemGovernment_Localised":"None", "SystemSecurity":"$SYSTEM_SECURITY_low;", "SystemSecurity_Localised":"Low Security", "JumpDist":31.927, "FuelUsed":3.726055, "FuelLevel":16.123055 }
{ "timestamp":"2017-02-21T20:57:01Z", "event":"FuelScoop", "Scooped":13.915897, "Total":30.038952 }
{ "timestamp":"2017-02-21T20:58:02Z", "event":"FSDJump", "StarSystem":"Kausan", "StarPos":[25.250,-101.688,42.719], "SystemAllegiance":"Empire", "SystemEconomy":"$economy_Industrial;", "SystemEconomy_Localised":"Industrial", "SystemGovernment":"$government_Dictatorship;", "SystemGovernment_Localised":"Dictatorship", "SystemSecurity":"$SYSTEM_SECURITY_high;", "SystemSecurity_Localised":"High Security", "JumpDist":32.802, "FuelUsed":4.202049, "FuelLevel":25.836903, "SystemFaction":"Regulatory State of Kausan", "FactionState":"Boom" }
{ "timestamp":"2017-02-21T20:58:29Z", "event":"FuelScoop", "Scooped":0.934366, "Total":26.771269 }
{ "timestamp":"2017-02-21T20:58:52Z", "event":"FSDJump", "StarSystem":"Annar", "StarPos":[19.969,-132.938,53.563], "SystemAllegiance":"Empire", "SystemEconomy":"$economy_Refinery;", "SystemEconomy_Localised":"Refinery", "SystemGovernment":"$government_Corporate;", "SystemGovernment_Localised":"Corporate", "SystemSecurity":"$SYSTEM_SECURITY_low;", "SystemSecurity_Localised":"Low Security", "JumpDist":33.497, "FuelUsed":4.348145, "FuelLevel":22.423122, "SystemFaction":"Annar Netcoms Ltd" }
{ "timestamp":"2017-02-21T20:59:23Z", "event":"FuelScoop", "Scooped":1.013800, "Total":23.436922 }
{ "timestamp":"2017-02-21T20:59:48Z", "event":"FSDJump", "StarSystem":"ICZ PI-T b3-3", "StarPos":[19.313,-167.469,49.375], "SystemAllegiance":"", "SystemEconomy":"$economy_None;", "SystemEconomy_Localised":"None", "SystemGovernment":"$government_None;", "SystemGovernment_Localised":"None", "SystemSecurity":"$SYSTEM_SECURITY_low;", "SystemSecurity_Localised":"Low Security", "JumpDist":34.790, "FuelUsed":4.678564, "FuelLevel":18.758358 }
{ "timestamp":"2017-02-21T21:00:11Z", "event":"FuelScoop", "Scooped":0.457632, "Total":19.215990 }
{ "timestamp":"2017-02-21T21:00:50Z", "event":"FSDJump", "StarSystem":"Kamitra", "StarPos":[5.531,-183.406,63.844], "SystemAllegiance":"Empire", "SystemEconomy":"$economy_Agri;", "SystemEconomy_Localised":"Agriculture", "SystemGovernment":"$government_Patronage;", "SystemGovernment_Localised":"Patronage", "SystemSecurity":"$SYSTEM_SECURITY_medium;", "SystemSecurity_Localised":"Medium Security", "JumpDist":25.559, "FuelUsed":2.153110, "FuelLevel":17.062880, "SystemFaction":"Kamitra Empire Pact", "FactionState":"Boom" }
{ "timestamp":"2017-02-21T21:02:43Z", "event":"SupercruiseExit", "StarSystem":"Kamitra", "Body":"Hammel Terminal", "BodyType":"Station" }
{ "timestamp":"2017-02-21T21:02:44Z", "event":"ReceiveText", "From":"Hammel Terminal", "Message":"$STATION_NoFireZone_entered;", "Message_Localised":"No fire zone entered.", "Channel":"npc" }
{ "timestamp":"2017-02-21T21:02:52Z", "event":"DockingRequested", "StationName":"Hammel Terminal" }
{ "timestamp":"2017-02-21T21:02:52Z", "event":"ReceiveText", "From":"Hammel Terminal", "Message":"$DockingChatter_Cordial;", "Message_Localised":"Welcome back, Commander.", "Channel":"npc" }
{ "timestamp":"2017-02-21T21:02:53Z", "event":"ReceiveText", "From":"Hammel Terminal", "Message":"$STATION_docking_granted;", "Message_Localised":"Docking request granted.", "Channel":"npc" }
{ "timestamp":"2017-02-21T21:02:53Z", "event":"DockingGranted", "LandingPad":37, "StationName":"Hammel Terminal" }
{ "timestamp":"2017-02-21T21:03:36Z", "event":"Docked", "StationName":"Hammel Terminal", "StationType":"Orbis", "StarSystem":"Kamitra", "StationFaction":"Kamitra Empire Pact", "FactionState":"Boom", "StationGovernment":"$government_Patronage;", "StationGovernment_Localised":"Patronage", "StationAllegiance":"Empire", "StationEconomy":"$economy_Agri;", "StationEconomy_Localised":"Agriculture" }
{ "timestamp":"2017-02-21T21:03:38Z", "event":"ShieldState", "ShieldsUp":true }
{ "timestamp":"2017-02-21T21:03:56Z", "event":"MissionCompleted", "Faction":"Kamitra Crimson United Ltd", "Name":"Mission_Sightseeing_Criminal_BOOM_name", "MissionID":94918869, "Commodity":"$CropHarvesters_Name;", "Commodity_Localised":"Crop Harvesters", "Count":1, "Reward":2739200 }
{ "timestamp":"2017-02-21T21:03:56Z", "event":"MaterialDiscovered", "Category":"Manufactured", "Name":"exquisitefocuscrystals", "DiscoveryNumber":35 }
{ "timestamp":"2017-02-21T21:03:56Z", "event":"MaterialCollected", "Category":"Manufactured", "Name":"exquisitefocuscrystals", "Count":1 }
{ "timestamp":"2017-02-21T21:04:36Z", "event":"ReceiveText", "From":"$npc_name_decorate:#name=Creon;", "From_Localised":"Creon", "Message":"$Commuter_AuthorityScan10;", "Message_Localised":"You'll get no trouble from me, officer.", "Channel":"npc" }
{ "timestamp":"2017-02-21T21:04:44Z", "event":"RefuelAll", "Cost":783, "Amount":15.633184 }
{ "timestamp":"2017-02-21T21:04:45Z", "event":"RepairAll", "Cost":38 }
{ "timestamp":"2017-02-21T21:08:04Z", "event":"SellExplorationData", "Systems":[ "Annar", "LHS 1992", "ICZ DL-Y d114", "ICZ CQ-Y c18", "LTT 9494", "ICZ PI-T b3-3", "Col 285 Sector WQ-N a36-1" ], "Discovered":[  ], "BaseValue":14033, "Bonus":0 }
{ "timestamp":"2017-02-21T21:14:29Z", "event":"Undocked", "StationName":"Hammel Terminal", "StationType":"Orbis" }
{ "timestamp":"2017-02-21T21:15:34Z", "event":"ReceiveText", "From":"Hammel Terminal", "Message":"$STATION_NoFireZone_exited;", "Message_Localised":"No fire zone left.", "Channel":"npc" }
{ "timestamp":"2017-02-21T21:15:59Z", "event":"FSDJump", "StarSystem":"Ancate", "StarPos":[7.813,-155.688,43.188], "SystemAllegiance":"Empire", "SystemEconomy":"$economy_Agri;", "SystemEconomy_Localised":"Agriculture", "SystemGovernment":"$government_Corporate;", "SystemGovernment_Localised":"Corporate", "SystemSecurity":"$SYSTEM_SECURITY_high;", "SystemSecurity_Localised":"High Security", "JumpDist":34.644, "FuelUsed":4.854143, "FuelLevel":27.145857, "SystemFaction":"Ancate Vision Network" }
{ "timestamp":"2017-02-21T21:16:32Z", "event":"FuelScoop", "Scooped":1.166191, "Total":28.312048 }
{ "timestamp":"2017-02-21T21:17:03Z", "event":"FSDJump", "StarSystem":"HIP 1885", "StarPos":[12.031,-128.719,21.531], "SystemAllegiance":"Empire", "SystemEconomy":"$economy_Industrial;", "SystemEconomy_Localised":"Industrial", "SystemGovernment":"$government_Patronage;", "SystemGovernment_Localised":"Patronage", "SystemSecurity":"$SYSTEM_SECURITY_medium;", "SystemSecurity_Localised":"Medium Security", "JumpDist":34.844, "FuelUsed":4.828502, "FuelLevel":23.483545, "SystemFaction":"HIP 1885 Patron's Principles", "FactionState":"Retreat" }
{ "timestamp":"2017-02-21T21:17:33Z", "event":"FuelScoop", "Scooped":0.653809, "Total":24.137354 }
{ "timestamp":"2017-02-21T21:17:56Z", "event":"FSDJump", "StarSystem":"Ceti Sector QY-R b4-0", "StarPos":[1.094,-106.250,-2.188], "SystemAllegiance":"", "SystemEconomy":"$economy_None;", "SystemEconomy_Localised":"None", "SystemGovernment":"$government_None;", "SystemGovernment_Localised":"None", "SystemSecurity":"$SYSTEM_SECURITY_low;", "SystemSecurity_Localised":"Low Security", "JumpDist":34.454, "FuelUsed":4.594139, "FuelLevel":19.543215 }
{ "timestamp":"2017-02-21T21:18:51Z", "event":"FSDJump", "StarSystem":"Tarach Tor", "StarPos":[-13.125,-81.000,-20.281], "SystemAllegiance":"Independent", "SystemEconomy":"$economy_HighTech;", "SystemEconomy_Localised":"High tech", "SystemGovernment":"$government_Dictatorship;", "SystemGovernment_Localised":"Dictatorship", "SystemSecurity":"$SYSTEM_SECURITY_low;", "SystemSecurity_Localised":"Low Security", "JumpDist":34.163, "FuelUsed":4.391034, "FuelLevel":15.152181, "SystemFaction":"Guardians of Tranquillity" }
{ "timestamp":"2017-02-21T21:19:21Z", "event":"FuelScoop", "Scooped":1.260419, "Total":16.412600 }
{ "timestamp":"2017-02-21T21:19:48Z", "event":"FSDJump", "StarSystem":"84 Ceti", "StarPos":[-5.563,-58.156,-44.938], "SystemAllegiance":"Independent", "SystemEconomy":"$economy_Agri;", "SystemEconomy_Localised":"Agriculture", "SystemGovernment":"$government_Democracy;", "SystemGovernment_Localised":"Democracy", "SystemSecurity":"$SYSTEM_SECURITY_high;", "SystemSecurity_Localised":"High Security", "JumpDist":34.452, "FuelUsed":4.407444, "FuelLevel":12.005156, "SystemFaction":"Liberals of 84 Ceti" }
{ "timestamp":"2017-02-21T21:20:19Z", "event":"FuelScoop", "Scooped":1.068911, "Total":13.074066 }
{ "timestamp":"2017-02-21T21:20:39Z", "event":"FSDJump", "StarSystem":"Fujin", "StarPos":[-6.031,-30.375,-59.031], "SystemAllegiance":"Federation", "SystemEconomy":"$economy_Agri;", "SystemEconomy_Localised":"Agriculture", "SystemGovernment":"$government_Corporate;", "SystemGovernment_Localised":"Corporate", "SystemSecurity":"$SYSTEM_SECURITY_low;", "SystemSecurity_Localised":"Low Security", "JumpDist":31.155, "FuelUsed":3.380184, "FuelLevel":9.693882, "SystemFaction":"Fujin Gold General Organisation" }
{ "timestamp":"2017-02-21T21:22:41Z", "event":"ReceiveText", "From":"$npc_name_decorate:#name=Paul Steven Haigh;", "From_Localised":"Paul Steven Haigh", "Message":"$Pirate_StartInterdiction04;", "Message_Localised":"Prepare yourself!", "Channel":"npc" }
{ "timestamp":"2017-02-21T21:22:50Z", "event":"Interdicted", "Submitted":true, "Interdictor":"Paul Steven Haigh", "IsPlayer":false, "Faction":"Hand Gang of Fujin" }
{ "timestamp":"2017-02-21T21:22:51Z", "event":"SupercruiseExit", "StarSystem":"Fujin", "Body":"Futen", "BodyType":"Planet" }
{ "timestamp":"2017-02-21T21:22:52Z", "event":"ReceiveText", "From":"$npc_name_decorate:#name=Paul Steven Haigh;", "From_Localised":"Paul Steven Haigh", "Message":"$Pirate_OnDeclarePiracyThreaten02;", "Message_Localised":"All I want is all you have.", "Channel":"npc" }
{ "timestamp":"2017-02-21T21:23:10Z", "event":"ReceiveText", "From":"$npc_name_decorate:#name=Paul Steven Haigh;", "From_Localised":"Paul Steven Haigh", "Message":"$Pirate_OnDeclarePiracyAttack03;", "Message_Localised":"Now you die, victim.", "Channel":"npc" }
{ "timestamp":"2017-02-21T21:23:17Z", "event":"SupercruiseEntry", "StarSystem":"Fujin" }
{ "timestamp":"2017-02-21T21:23:30Z", "event":"SupercruiseExit", "StarSystem":"Fujin", "Body":"Futen Spaceport", "BodyType":"Station" }
{ "timestamp":"2017-02-21T21:23:45Z", "event":"DockingRequested", "StationName":"Futen Spaceport" }
{ "timestamp":"2017-02-21T21:23:45Z", "event":"ReceiveText", "From":"Futen Spaceport", "Message":"$DockingChatter_Neutral;", "Message_Localised":"Ensure to observe starport protocol during your visit, pilot.", "Channel":"npc" }
{ "timestamp":"2017-02-21T21:23:47Z", "event":"ReceiveText", "From":"Futen Spaceport", "Message":"$STATION_docking_granted;", "Message_Localised":"Docking request granted.", "Channel":"npc" }
{ "timestamp":"2017-02-21T21:23:47Z", "event":"DockingGranted", "LandingPad":5, "StationName":"Futen Spaceport" }
{ "timestamp":"2017-02-21T21:24:01Z", "event":"ReceiveText", "From":"Futen Spaceport", "Message":"$STATION_NoFireZone_entered;", "Message_Localised":"No fire zone entered.", "Channel":"npc" }
{ "timestamp":"2017-02-21T21:24:44Z", "event":"Docked", "StationName":"Futen Spaceport", "StationType":"Coriolis", "StarSystem":"Fujin", "StationFaction":"Fujin Gold General Organisation", "StationGovernment":"$government_Corporate;", "StationGovernment_Localised":"Corporate", "StationAllegiance":"Federation", "StationEconomy":"$economy_Agri;", "StationEconomy_Localised":"Agriculture" }
{ "timestamp":"2017-02-21T21:25:00Z", "event":"MarketBuy", "Type":"fujintea", "Count":10, "BuyPrice":992, "TotalCost":9920 }
{ "timestamp":"2017-02-21T21:25:18Z", "event":"RefuelAll", "Cost":1128, "Amount":22.530695 }
{ "timestamp":"2017-02-21T21:25:19Z", "event":"BuyAmmo", "Cost":100 }
{ "timestamp":"2017-02-21T21:27:24Z", "event":"SellExplorationData", "Systems":[ "Ceti Sector QY-R b4-0", "HIP 115888", "Kazemlya" ], "Discovered":[  ], "BaseValue":18517, "Bonus":0 }
{ "timestamp":"2017-02-21T21:27:59Z", "event":"Undocked", "StationName":"Futen Spaceport", "StationType":"Coriolis" }
{ "timestamp":"2017-02-21T21:28:24Z", "event":"ReceiveText", "From":"Futen Spaceport", "Message":"$STATION_NoFireZone_exited;", "Message_Localised":"No fire zone left.", "Channel":"npc" }
