{ "timestamp":"2017-07-04T17:19:30Z", "event":"Fileheader", "part":1, "language":"English\\UK", "gameversion":"2.3.10", "build":"r147540/r0 " }
{ "timestamp":"2017-07-04T17:20:17Z", "event":"Cargo", "Inventory":[  ] }
{ "timestamp":"2017-07-04T17:20:17Z", "event":"Loadout", "Ship":"Anaconda", "ShipID":16, "ShipName":"sepia II", "ShipIdent":"BL-19A", "Modules":[ { "Slot":"TinyHardpoint1", "Item":"Hpt_HeatSinkLauncher_Turret_Tiny", "On":true, "Priority":0, "AmmoInClip":1, "Health":1.000000, "Value":2975 }, { "Slot":"TinyHardpoint3", "Item":"Hpt_HeatSinkLauncher_Turret_Tiny", "On":true, "Priority":0, "AmmoInClip":1, "Health":1.000000, "Value":3500 }, { "Slot":"Armour", "Item":"Anaconda_Armour_Grade1", "On":true, "Priority":1, "Health":1.000000, "Value":0 }, { "Slot":"PaintJob", "Item":"PaintJob_Anaconda_BlackFriday_01", "On":true, "Priority":1, "Health":1.000000, "Value":0 }, { "Slot":"PowerPlant", "Item":"Int_Powerplant_Size5_Class2", "On":true, "Priority":1, "Health":1.000000, "Value":189035 }, { "Slot":"MainEngines", "Item":"Int_Engine_Size6_Class2", "On":true, "Priority":0, "Health":1.000000, "Value":509356, "EngineerBlueprint":"Engine_Tuned", "EngineerLevel":1 }, { "Slot":"FrameShiftDrive", "Item":"Int_Hyperdrive_Size6_Class5", "On":true, "Priority":0, "Health":1.000000, "Value":13752602, "EngineerBlueprint":"FSD_LongRange", "EngineerLevel":5 }, { "Slot":"LifeSupport", "Item":"Int_LifeSupport_Size5_Class2", "On":true, "Priority":0, "Health":1.000000, "Value":79444 }, { "Slot":"PowerDistributor", "Item":"Int_PowerDistributor_Size8_Class2", "On":true, "Priority":0, "Health":1.000000, "Value":1482367, "EngineerBlueprint":"PowerDistributor_PriorityEngines", "EngineerLevel":2 }, { "Slot":"Radar", "Item":"Int_Sensors_Size8_Class2", "On":true, "Priority":0, "Health":1.000000, "Value":1482367, "EngineerBlueprint":"Sensor_Sensor_LightWeight", "EngineerLevel":5 }, { "Slot":"FuelTank", "Item":"Int_FuelTank_Size5_Class3", "On":true, "Priority":1, "Health":1.000000, "Value":83090 }, { "Slot":"ShipName0", "Item":"Nameplate_Practical02_White", "On":true, "Priority":1, "Health":1.000000, "Value":0 }, { "Slot":"ShipName1", "Item":"Nameplate_Practical02_White", "On":true, "Priority":1, "Health":1.000000, "Value":0 }, { "Slot":"Slot01_Size7", "Item":"Int_CargoRack_Size7_Class1", "On":true, "Priority":1, "Health":1.000000, "Value":1001657 }, { "Slot":"Slot03_Size6", "Item":"Int_BuggyBay_Size2_Class2", "On":true, "Priority":0, "Health":1.000000, "Value":21600 }, { "Slot":"Slot04_Size6", "Item":"Int_Repairer_Size5_Class5", "On":true, "Priority":0, "AmmoInClip":6700, "Health":1.000000, "Value":8503056 }, { "Slot":"Slot05_Size5", "Item":"Int_FuelScoop_Size5_Class5", "On":true, "Priority":0, "Health":1.000000, "Value":9073694 }, { "Slot":"Slot06_Size5", "Item":"Int_ShieldGenerator_Size3_Class2", "On":true, "Priority":0, "Health":1.000000, "Value":18812 }, { "Slot":"Slot07_Size5", "Item":"Int_CargoRack_Size5_Class1", "On":true, "Priority":1, "Health":1.000000, "Value":111566 }, { "Slot":"Slot08_Size4", "Item":"Int_CargoRack_Size4_Class1", "On":true, "Priority":1, "Health":1.000000, "Value":34328 }, { "Slot":"Slot09_Size4", "Item":"Int_CargoRack_Size4_Class1", "On":true, "Priority":1, "Health":1.000000, "Value":34328 }, { "Slot":"Slot10_Size4", "Item":"Int_DetailedSurfaceScanner_Tiny", "On":true, "Priority":1, "Health":1.000000, "Value":250000 }, { "Slot":"Slot13_Size2", "Item":"Int_StellarBodyDiscoveryScanner_Advanced", "On":true, "Priority":1, "Health":1.000000, "Value":1545000 }, { "Slot":"PlanetaryApproachSuite", "Item":"Int_PlanetApproachSuite", "On":true, "Priority":1, "Health":1.000000, "Value":425 }, { "Slot":"Bobble02", "Item":"Bobble_PilotMale", "On":true, "Priority":1, "Health":1.000000, "Value":0 }, { "Slot":"ShipCockpit", "Item":"Anaconda_Cockpit", "On":true, "Priority":1, "Health":1.000000, "Value":0 }, { "Slot":"CargoHatch", "Item":"ModularCargoBayDoor", "On":false, "Priority":2, "Health":1.000000, "Value":0 } ] }
{ "timestamp":"2017-07-04T17:20:17Z", "event":"Materials", "Raw":[ { "Name":"chromium", "Count":31 }, { "Name":"iron", "Count":99 }, { "Name":"carbon", "Count":26 }, { "Name":"nickel", "Count":50 }, { "Name":"zinc", "Count":27 }, { "Name":"cadmium", "Count":8 }, { "Name":"phosphorus", "Count":31 }, { "Name":"germanium", "Count":20 }, { "Name":"manganese", "Count":23 }, { "Name":"yttrium", "Count":3 }, { "Name":"molybdenum", "Count":6 }, { "Name":"polonium", "Count":3 }, { "Name":"niobium", "Count":27 }, { "Name":"zirconium", "Count":9 }, { "Name":"sulphur", "Count":22 }, { "Name":"selenium", "Count":1 }, { "Name":"mercury", "Count":3 } ], "Manufactured":[ { "Name":"chemicalprocessors", "Count":11 }, { "Name":"salvagedalloys", "Count":11 }, { "Name":"shieldemitters", "Count":3 }, { "Name":"compoundshielding", "Count":24 }, { "Name":"refinedfocuscrystals", "Count":69 }, { "Name":"shieldingsensors", "Count":8 }, { "Name":"focuscrystals", "Count":9 }, { "Name":"fedproprietarycomposites", "Count":6 }, { "Name":"protolightalloys", "Count":14 }, { "Name":"galvanisingalloys", "Count":11 }, { "Name":"precipitatedalloys", "Count":6 }, { "Name":"heatconductionwiring", "Count":7 }, { "Name":"phasealloys", "Count":1 }, { "Name":"wornshieldemitters", "Count":15 }, { "Name":"configurablecomponents", "Count":12 }, { "Name":"conductivepolymers", "Count":21 }, { "Name":"chemicalmanipulators", "Count":1 }, { "Name":"fedcorecomposites", "Count":2 }, { "Name":"biotechconductors", "Count":2 }, { "Name":"protoheatradiators", "Count":1 }, { "Name":"crystalshards", "Count":3 }, { "Name":"heatresistantceramics", "Count":1 }, { "Name":"protoradiolicalloys", "Count":2 }, { "Name":"gridresistors", "Count":3 }, { "Name":"basicconductors", "Count":1 }, { "Name":"exquisitefocuscrystals", "Count":1 }, { "Name":"mechanicalscrap", "Count":1 }, { "Name":"heatdispersionplate", "Count":6 }, { "Name":"mechanicalcomponents", "Count":3 }, { "Name":"polymercapacitors", "Count":3 }, { "Name":"heatexchangers", "Count":1 }, { "Name":"heatvanes", "Count":3 }, { "Name":"mechanicalequipment", "Count":1 }, { "Name":"chemicaldistillery", "Count":3 }, { "Name":"hybridcapacitors", "Count":1 }, { "Name":"uncutfocuscrystals", "Count":1 }, { "Name":"unknownenergysource", "Count":5 } ], "Encoded":[ { "Name":"emissiondata", "Count":43 }, { "Name":"shieldsoakanalysis", "Count":29 }, { "Name":"shieldcyclerecordings", "Count":47 }, { "Name":"decodedemissiondata", "Count":77 }, { "Name":"classifiedscandata", "Count":3 }, { "Name":"encodedscandata", "Count":8 }, { "Name":"shielddensityreports", "Count":48 }, { "Name":"scanarchives", "Count":20 }, { "Name":"securityfirmware", "Count":8 }, { "Name":"bulkscandata", "Count":27 }, { "Name":"shieldpatternanalysis", "Count":52 }, { "Name":"scandatabanks", "Count":18 }, { "Name":"fsdtelemetry", "Count":21 }, { "Name":"encryptedfiles", "Count":3 }, { "Name":"scrambledemissiondata", "Count":5 }, { "Name":"wakesolutions", "Count":7 }, { "Name":"hyperspacetrajectories", "Count":19 }, { "Name":"industrialfirmware", "Count":1 }, { "Name":"shieldfrequencydata", "Count":3 }, { "Name":"compactemissionsdata", "Count":6 }, { "Name":"disruptedwakeechoes", "Count":39 }, { "Name":"dataminedwake", "Count":1 }, { "Name":"consumerfirmware", "Count":6 } ] }
{ "timestamp":"2017-07-04T17:20:17Z", "event":"LoadGame", "Commander":"Blantyre", "Ship":"Anaconda", "ShipID":16, "ShipName":"sepia II", "ShipIdent":"BL-19A", "FuelLevel":32.000000, "FuelCapacity":32.000000, "GameMode":"Solo", "Credits":84570859, "Loan":0 }
{ "timestamp":"2017-07-04T17:20:17Z", "event":"Rank", "Combat":4, "Trade":6, "Explore":6, "Empire":2, "Federation":7, "CQC":0 }
{ "timestamp":"2017-07-04T17:20:17Z", "event":"Progress", "Combat":78, "Trade":26, "Explore":92, "Empire":76, "Federation":19, "CQC":0 }
{ "timestamp":"2017-07-04T17:20:30Z", "event":"Location", "Docked":false, "StarSystem":"Oochoxt NW-Y b47-0", "StarPos":[1236.031,-162.469,-1320.000], "SystemAllegiance":"", "SystemEconomy":"$economy_None;", "SystemEconomy_Localised":"None", "SystemGovernment":"$government_None;", "SystemGovernment_Localised":"None", "SystemSecurity":"$SYSTEM_SECURITY_low;", "SystemSecurity_Localised":"Low Security", "Body":"Oochoxt NW-Y b47-0 A", "BodyType":"Star" }
{ "timestamp":"2017-07-04T17:21:31Z", "event":"StartJump", "JumpType":"Hyperspace", "StarSystem":"Oochorrs XG-N c23-0", "StarClass":"K" }
{ "timestamp":"2017-07-04T17:21:49Z", "event":"FSDJump", "StarSystem":"Oochorrs XG-N c23-0", "StarPos":[1197.344,-146.219,-1315.531], "SystemAllegiance":"", "SystemEconomy":"$economy_None;", "SystemEconomy_Localised":"None", "SystemGovernment":"$government_None;", "SystemGovernment_Localised":"None", "SystemSecurity":"$SYSTEM_SECURITY_low;", "SystemSecurity_Localised":"Low Security", "JumpDist":42.199, "FuelUsed":4.439739, "FuelLevel":27.560261 }
{ "timestamp":"2017-07-04T17:22:05Z", "event":"FuelScoop", "Scooped":4.439738, "Total":32.000000 }
{ "timestamp":"2017-07-04T17:22:10Z", "event":"FuelScoop", "Scooped":0.016392, "Total":30.946396 }
{ "timestamp":"2017-07-04T17:22:24Z", "event":"StartJump", "JumpType":"Hyperspace", "StarSystem":"Oochorrs XJ-X b48-0", "StarClass":"M" }
{ "timestamp":"2017-07-04T17:22:43Z", "event":"FSDJump", "StarSystem":"Oochorrs XJ-X b48-0", "StarPos":[1160.156,-144.250,-1299.406], "SystemAllegiance":"", "SystemEconomy":"$economy_None;", "SystemEconomy_Localised":"None", "SystemGovernment":"$government_None;", "SystemGovernment_Localised":"None", "SystemSecurity":"$SYSTEM_SECURITY_low;", "SystemSecurity_Localised":"Low Security", "JumpDist":40.581, "FuelUsed":4.010506, "FuelLevel":26.935890 }
{ "timestamp":"2017-07-04T17:24:11Z", "event":"FuelScoop", "Scooped":4.183076, "Total":31.118938 }
{ "timestamp":"2017-07-04T17:24:33Z", "event":"StartJump", "JumpType":"Hyperspace", "StarSystem":"Oochorrs XR-L c24-1", "StarClass":"K" }
{ "timestamp":"2017-07-04T17:24:51Z", "event":"FSDJump", "StarSystem":"Oochorrs XR-L c24-1", "StarPos":[1114.438,-127.906,-1285.750], "SystemAllegiance":"", "SystemEconomy":"$economy_None;", "SystemEconomy_Localised":"None", "SystemGovernment":"$government_None;", "SystemGovernment_Localised":"None", "SystemSecurity":"$SYSTEM_SECURITY_low;", "SystemSecurity_Localised":"Low Security", "JumpDist":50.436, "FuelUsed":7.031848, "FuelLevel":24.087090 }
{ "timestamp":"2017-07-04T17:25:10Z", "event":"FuelScoop", "Scooped":5.002116, "Total":29.089197 }
{ "timestamp":"2017-07-04T17:25:17Z", "event":"FuelScoop", "Scooped":2.910796, "Total":32.000000 }
{ "timestamp":"2017-07-04T17:26:08Z", "event":"StartJump", "JumpType":"Hyperspace", "StarSystem":"Oochorrs AY-J c25-4", "StarClass":"TTS" }
{ "timestamp":"2017-07-04T17:26:26Z", "event":"FSDJump", "StarSystem":"Oochorrs AY-J c25-4", "StarPos":[1075.469,-109.656,-1262.875], "SystemAllegiance":"", "SystemEconomy":"$economy_None;", "SystemEconomy_Localised":"None", "SystemGovernment":"$government_None;", "SystemGovernment_Localised":"None", "SystemSecurity":"$SYSTEM_SECURITY_low;", "SystemSecurity_Localised":"Low Security", "JumpDist":48.733, "FuelUsed":6.455042, "FuelLevel":25.544958 }
{ "timestamp":"2017-07-04T17:27:03Z", "event":"StartJump", "JumpType":"Hyperspace", "StarSystem":"Oochorrs XQ-S b51-0", "StarClass":"TTS" }
{ "timestamp":"2017-07-04T17:27:21Z", "event":"FSDJump", "StarSystem":"Oochorrs XQ-S b51-0", "StarPos":[1037.969,-83.219,-1240.469], "SystemAllegiance":"", "SystemEconomy":"$economy_None;", "SystemEconomy_Localised":"None", "SystemGovernment":"$government_None;", "SystemGovernment_Localised":"None", "SystemSecurity":"$SYSTEM_SECURITY_low;", "SystemSecurity_Localised":"Low Security", "JumpDist":51.061, "FuelUsed":7.089088, "FuelLevel":18.455870 }
{ "timestamp":"2017-07-04T17:27:59Z", "event":"StartJump", "JumpType":"Hyperspace", "StarSystem":"Oochorrs DD-P b53-0", "StarClass":"M" }
{ "timestamp":"2017-07-04T17:28:18Z", "event":"FSDJump", "StarSystem":"Oochorrs DD-P b53-0", "StarPos":[1009.469,-78.625,-1199.125], "SystemAllegiance":"", "SystemEconomy":"$economy_None;", "SystemEconomy_Localised":"None", "SystemGovernment":"$government_None;", "SystemGovernment_Localised":"None", "SystemSecurity":"$SYSTEM_SECURITY_low;", "SystemSecurity_Localised":"Low Security", "JumpDist":50.425, "FuelUsed":6.654059, "FuelLevel":11.801810 }
{ "timestamp":"2017-07-04T17:28:35Z", "event":"FuelScoop", "Scooped":5.003946, "Total":16.805754 }
{ "timestamp":"2017-07-04T17:28:46Z", "event":"FuelScoop", "Scooped":5.005797, "Total":21.811531 }
{ "timestamp":"2017-07-04T17:28:56Z", "event":"FuelScoop", "Scooped":5.006135, "Total":26.817648 }
{ "timestamp":"2017-07-04T17:29:06Z", "event":"FuelScoop", "Scooped":5.000878, "Total":31.818533 }
{ "timestamp":"2017-07-04T17:29:06Z", "event":"FuelScoop", "Scooped":0.181464, "Total":32.000000 }
{ "timestamp":"2017-07-04T17:29:42Z", "event":"StartJump", "JumpType":"Hyperspace", "StarSystem":"Oochorrs NE-E d13-20", "StarClass":"TTS" }
{ "timestamp":"2017-07-04T17:30:01Z", "event":"FSDJump", "StarSystem":"Oochorrs NE-E d13-20", "StarPos":[979.688,-50.063,-1169.844], "SystemAllegiance":"", "SystemEconomy":"$economy_None;", "SystemEconomy_Localised":"None", "SystemGovernment":"$government_None;", "SystemGovernment_Localised":"None", "SystemSecurity":"$SYSTEM_SECURITY_low;", "SystemSecurity_Localised":"Low Security", "JumpDist":50.598, "FuelUsed":7.117088, "FuelLevel":24.882912 }
{ "timestamp":"2017-07-04T17:31:06Z", "event":"StartJump", "JumpType":"Hyperspace", "StarSystem":"Oochorrs QK-C d14-17", "StarClass":"F" }
{ "timestamp":"2017-07-04T17:31:25Z", "event":"FSDJump", "StarSystem":"Oochorrs QK-C d14-17", "StarPos":[953.781,-28.719,-1133.656], "SystemAllegiance":"", "SystemEconomy":"$economy_None;", "SystemEconomy_Localised":"None", "SystemGovernment":"$government_None;", "SystemGovernment_Localised":"None", "SystemSecurity":"$SYSTEM_SECURITY_low;", "SystemSecurity_Localised":"Low Security", "JumpDist":49.358, "FuelUsed":6.472167, "FuelLevel":18.410744 }
{ "timestamp":"2017-07-04T17:31:42Z", "event":"FuelScoop", "Scooped":5.007873, "Total":23.418613 }
{ "timestamp":"2017-07-04T17:31:51Z", "event":"FuelScoop", "Scooped":5.006140, "Total":28.424765 }
{ "timestamp":"2017-07-04T17:32:01Z", "event":"FuelScoop", "Scooped":2.858119, "Total":31.282875 }
{ "timestamp":"2017-07-04T17:32:33Z", "event":"StartJump", "JumpType":"Hyperspace", "StarSystem":"Outotz LT-U b57-0", "StarClass":"M" }
{ "timestamp":"2017-07-04T17:32:52Z", "event":"FSDJump", "StarSystem":"Outotz LT-U b57-0", "StarPos":[918.656,-22.500,-1099.219], "SystemAllegiance":"", "SystemEconomy":"$economy_None;", "SystemEconomy_Localised":"None", "SystemGovernment":"$government_None;", "SystemGovernment_Localised":"None", "SystemSecurity":"$SYSTEM_SECURITY_low;", "SystemSecurity_Localised":"Low Security", "JumpDist":49.582, "FuelUsed":6.730882, "FuelLevel":24.551992 }
{ "timestamp":"2017-07-04T17:33:09Z", "event":"FuelScoop", "Scooped":5.006169, "Total":29.558161 }
{ "timestamp":"2017-07-04T17:33:16Z", "event":"FuelScoop", "Scooped":2.441830, "Total":32.000000 }
{ "timestamp":"2017-07-04T17:35:11Z", "event":"Scan", "BodyName":"Outotz LT-U b57-0 A 1", "DistanceFromArrivalLS":904.439148, "TidalLock":false, "TerraformState":"", "PlanetClass":"High metal content body", "Atmosphere":"argon rich atmosphere", "AtmosphereType":"ArgonRich", "AtmosphereComposition":[ { "Name":"Nitrogen", "Percent":99.007530 }, { "Name":"Argon", "Percent":0.949106 } ], "Volcanism":"", "MassEM":0.303677, "Radius":4414809.000000, "SurfaceGravity":6.210087, "SurfaceTemperature":86.236404, "SurfacePressure":153367.203125, "Landable":false, "SemiMajorAxis":270838579200.000000, "Eccentricity":0.002519, "OrbitalInclination":1.621632, "Periapsis":135.194275, "OrbitalPeriod":123606160.000000, "RotationPeriod":72297.132813, "AxialTilt":-0.174713 }
{ "timestamp":"2017-07-04T17:35:33Z", "event":"StartJump", "JumpType":"Hyperspace", "StarSystem":"Wregoe VB-A b2", "StarClass":"M" }
{ "timestamp":"2017-07-04T17:35:51Z", "event":"FSDJump", "StarSystem":"Wregoe VB-A b2", "StarPos":[882.906,-9.875,-1064.375], "SystemAllegiance":"", "SystemEconomy":"$economy_None;", "SystemEconomy_Localised":"None", "SystemGovernment":"$government_None;", "SystemGovernment_Localised":"None", "SystemSecurity":"$SYSTEM_SECURITY_low;", "SystemSecurity_Localised":"Low Security", "JumpDist":51.493, "FuelUsed":7.449018, "FuelLevel":24.550983 }
{ "timestamp":"2017-07-04T17:36:09Z", "event":"FuelScoop", "Scooped":4.639854, "Total":29.190832 }
{ "timestamp":"2017-07-04T17:36:49Z", "event":"StartJump", "JumpType":"Hyperspace", "StarSystem":"Wregoe LA-A d33", "StarClass":"F" }
{ "timestamp":"2017-07-04T17:37:08Z", "event":"FSDJump", "StarSystem":"Wregoe LA-A d33", "StarPos":[857.813,0.000,-1022.438], "SystemAllegiance":"", "SystemEconomy":"$economy_None;", "SystemEconomy_Localised":"None", "SystemGovernment":"$government_None;", "SystemGovernment_Localised":"None", "SystemSecurity":"$SYSTEM_SECURITY_low;", "SystemSecurity_Localised":"Low Security", "JumpDist":49.859, "FuelUsed":6.768346, "FuelLevel":22.422485 }
{ "timestamp":"2017-07-04T17:37:25Z", "event":"FuelScoop", "Scooped":5.008001, "Total":27.430490 }
{ "timestamp":"2017-07-04T17:37:35Z", "event":"FuelScoop", "Scooped":4.569506, "Total":32.000000 }
{ "timestamp":"2017-07-04T17:38:00Z", "event":"StartJump", "JumpType":"Hyperspace", "StarSystem":"Wregoe HF-T b3-1", "StarClass":"M" }
{ "timestamp":"2017-07-04T17:38:19Z", "event":"FSDJump", "StarSystem":"Wregoe HF-T b3-1", "StarPos":[835.188,9.156,-976.000], "SystemAllegiance":"", "SystemEconomy":"$economy_None;", "SystemEconomy_Localised":"None", "SystemGovernment":"$government_None;", "SystemGovernment_Localised":"None", "SystemSecurity":"$SYSTEM_SECURITY_low;", "SystemSecurity_Localised":"Low Security", "JumpDist":52.461, "FuelUsed":7.818686, "FuelLevel":24.181314 }
{ "timestamp":"2017-07-04T17:38:37Z", "event":"FuelScoop", "Scooped":5.004719, "Total":29.186018 }
{ "timestamp":"2017-07-04T17:38:41Z", "event":"FuelScoop", "Scooped":0.678279, "Total":29.864300 }
{ "timestamp":"2017-07-04T17:38:59Z", "event":"StartJump", "JumpType":"Hyperspace", "StarSystem":"Wregoe OG-Y d32", "StarClass":"F" }
{ "timestamp":"2017-07-04T17:39:17Z", "event":"FSDJump", "StarSystem":"Wregoe OG-Y d32", "StarPos":[810.063,17.438,-933.156], "SystemAllegiance":"", "SystemEconomy":"$economy_None;", "SystemEconomy_Localised":"None", "SystemGovernment":"$government_None;", "SystemGovernment_Localised":"None", "SystemSecurity":"$SYSTEM_SECURITY_low;", "SystemSecurity_Localised":"Low Security", "JumpDist":50.353, "FuelUsed":6.964244, "FuelLevel":22.900055 }
{ "timestamp":"2017-07-04T17:39:37Z", "event":"FuelScoop", "Scooped":5.004308, "Total":27.904371 }
{ "timestamp":"2017-07-04T17:39:42Z", "event":"FuelScoop", "Scooped":0.785137, "Total":28.689491 }
{ "timestamp":"2017-07-04T17:40:42Z", "event":"StartJump", "JumpType":"Hyperspace", "StarSystem":"Wregoe SI-M b7-1", "StarClass":"M" }
{ "timestamp":"2017-07-04T17:41:01Z", "event":"FSDJump", "StarSystem":"Wregoe SI-M b7-1", "StarPos":[794.156,17.656,-886.188], "SystemAllegiance":"", "SystemEconomy":"$economy_None;", "SystemEconomy_Localised":"None", "SystemGovernment":"$government_None;", "SystemGovernment_Localised":"None", "SystemSecurity":"$SYSTEM_SECURITY_low;", "SystemSecurity_Localised":"Low Security", "JumpDist":49.590, "FuelUsed":6.659151, "FuelLevel":22.030340 }
{ "timestamp":"2017-07-04T17:41:18Z", "event":"FuelScoop", "Scooped":3.918906, "Total":25.949255 }
{ "timestamp":"2017-07-04T17:41:36Z", "event":"StartJump", "JumpType":"Hyperspace", "StarSystem":"Wregoe SM-W d1-46", "StarClass":"G" }
{ "timestamp":"2017-07-04T17:41:54Z", "event":"FSDJump", "StarSystem":"Wregoe SM-W d1-46", "StarPos":[751.844,16.344,-858.719], "SystemAllegiance":"", "SystemEconomy":"$economy_None;", "SystemEconomy_Localised":"None", "SystemGovernment":"$government_None;", "SystemGovernment_Localised":"None", "SystemSecurity":"$SYSTEM_SECURITY_low;", "SystemSecurity_Localised":"Low Security", "JumpDist":50.464, "FuelUsed":6.886991, "FuelLevel":19.062263 }
{ "timestamp":"2017-07-04T17:42:12Z", "event":"FuelScoop", "Scooped":5.004766, "Total":24.067034 }
{ "timestamp":"2017-07-04T17:42:21Z", "event":"FuelScoop", "Scooped":5.006603, "Total":29.073618 }
{ "timestamp":"2017-07-04T17:42:27Z", "event":"FuelScoop", "Scooped":2.926376, "Total":32.000000 }
{ "timestamp":"2017-07-04T17:43:55Z", "event":"Scan", "BodyName":"Wregoe SM-W d1-46 AB 2", "DistanceFromArrivalLS":385.234985, "TidalLock":true, "TerraformState":"", "PlanetClass":"High metal content body", "Atmosphere":"hot sulfur dioxide atmosphere", "AtmosphereType":"SulphurDioxide", "AtmosphereComposition":[ { "Name":"SulphurDioxide", "Percent":63.860237 }, { "Name":"CarbonDioxide", "Percent":36.139755 } ], "Volcanism":"", "MassEM":0.455836, "Radius":4789910.500000, "SurfaceGravity":7.918862, "SurfaceTemperature":574.219849, "SurfacePressure":116186.156250, "Landable":false, "SemiMajorAxis":106673840128.000000, "Eccentricity":0.005456, "OrbitalInclination":-0.073903, "Periapsis":135.344574, "OrbitalPeriod":16000426.000000, "RotationPeriod":16000444.000000, "AxialTilt":1.500048 }
{ "timestamp":"2017-07-04T17:46:48Z", "event":"StartJump", "JumpType":"Hyperspace", "StarSystem":"Wregoe FH-F b11-0", "StarClass":"M" }
{ "timestamp":"2017-07-04T17:47:07Z", "event":"FSDJump", "StarSystem":"Wregoe FH-F b11-0", "StarPos":[716.563,19.969,-820.781], "SystemAllegiance":"", "SystemEconomy":"$economy_None;", "SystemEconomy_Localised":"None", "SystemGovernment":"$government_None;", "SystemGovernment_Localised":"None", "SystemSecurity":"$SYSTEM_SECURITY_low;", "SystemSecurity_Localised":"Low Security", "JumpDist":51.934, "FuelUsed":7.616101, "FuelLevel":24.383900 }
{ "timestamp":"2017-07-04T17:47:25Z", "event":"FuelScoop", "Scooped":5.005899, "Total":29.389799 }
{ "timestamp":"2017-07-04T17:47:30Z", "event":"FuelScoop", "Scooped":0.794686, "Total":30.184502 }
{ "timestamp":"2017-07-04T17:47:50Z", "event":"StartJump", "JumpType":"Hyperspace", "StarSystem":"Wregoe LT-B b13-0", "StarClass":"M" }
{ "timestamp":"2017-07-04T17:48:09Z", "event":"FSDJump", "StarSystem":"Wregoe LT-B b13-0", "StarPos":[680.344,16.625,-783.875], "SystemAllegiance":"", "SystemEconomy":"$economy_None;", "SystemEconomy_Localised":"None", "SystemGovernment":"$government_None;", "SystemGovernment_Localised":"None", "SystemSecurity":"$SYSTEM_SECURITY_low;", "SystemSecurity_Localised":"Low Security", "JumpDist":51.817, "FuelUsed":7.513230, "FuelLevel":22.671272 }
{ "timestamp":"2017-07-04T17:48:27Z", "event":"FuelScoop", "Scooped":3.561980, "Total":26.233244 }
{ "timestamp":"2017-07-04T17:48:52Z", "event":"StartJump", "JumpType":"Hyperspace", "StarSystem":"Wregoe SF-Y b14-2", "StarClass":"M" }
{ "timestamp":"2017-07-04T17:49:11Z", "event":"FSDJump", "StarSystem":"Wregoe SF-Y b14-2", "StarPos":[658.594,21.406,-737.688], "SystemAllegiance":"", "SystemEconomy":"$economy_None;", "SystemEconomy_Localised":"None", "SystemGovernment":"$government_None;", "SystemGovernment_Localised":"None", "SystemSecurity":"$SYSTEM_SECURITY_low;", "SystemSecurity_Localised":"Low Security", "JumpDist":51.276, "FuelUsed":7.187762, "FuelLevel":19.045483 }
{ "timestamp":"2017-07-04T17:49:32Z", "event":"FuelScoop", "Scooped":5.002266, "Total":24.047741 }
{ "timestamp":"2017-07-04T17:49:45Z", "event":"FuelScoop", "Scooped":5.004153, "Total":29.051882 }
{ "timestamp":"2017-07-04T17:49:53Z", "event":"FuelScoop", "Scooped":2.948131, "Total":32.000000 }
{ "timestamp":"2017-07-04T17:52:29Z", "event":"StartJump", "JumpType":"Hyperspace", "StarSystem":"Wregoe YR-U b16-0", "StarClass":"M" }
{ "timestamp":"2017-07-04T17:52:48Z", "event":"FSDJump", "StarSystem":"Wregoe YR-U b16-0", "StarPos":[628.719,16.969,-695.625], "SystemAllegiance":"", "SystemEconomy":"$economy_None;", "SystemEconomy_Localised":"None", "SystemGovernment":"$government_None;", "SystemGovernment_Localised":"None", "SystemSecurity":"$SYSTEM_SECURITY_low;", "SystemSecurity_Localised":"Low Security", "JumpDist":51.783, "FuelUsed":7.558837, "FuelLevel":24.441162 }
{ "timestamp":"2017-07-04T17:53:06Z", "event":"FuelScoop", "Scooped":4.369674, "Total":28.810820 }
{ "timestamp":"2017-07-04T17:53:22Z", "event":"StartJump", "JumpType":"Hyperspace", "StarSystem":"Wregoe AY-S b17-2", "StarClass":"M" }
{ "timestamp":"2017-07-04T17:53:40Z", "event":"FSDJump", "StarSystem":"Wregoe AY-S b17-2", "StarPos":[592.688,28.406,-665.594], "SystemAllegiance":"", "SystemEconomy":"$economy_None;", "SystemEconomy_Localised":"None", "SystemGovernment":"$government_None;", "SystemGovernment_Localised":"None", "SystemSecurity":"$SYSTEM_SECURITY_low;", "SystemSecurity_Localised":"Low Security", "JumpDist":48.280, "FuelUsed":6.214713, "FuelLevel":22.596107 }
{ "timestamp":"2017-07-04T17:53:57Z", "event":"FuelScoop", "Scooped":5.004246, "Total":27.600368 }
{ "timestamp":"2017-07-04T17:54:00Z", "event":"FuelScoop", "Scooped":0.622459, "Total":28.222818 }
{ "timestamp":"2017-07-04T17:54:38Z", "event":"StartJump", "JumpType":"Hyperspace", "StarSystem":"Wregoe BF-R d4-41", "StarClass":"G" }
{ "timestamp":"2017-07-04T17:54:57Z", "event":"FSDJump", "StarSystem":"Wregoe BF-R d4-41", "StarPos":[560.531,28.406,-633.438], "SystemAllegiance":"", "SystemEconomy":"$economy_None;", "SystemEconomy_Localised":"None", "SystemGovernment":"$government_None;", "SystemGovernment_Localised":"None", "SystemSecurity":"$SYSTEM_SECURITY_low;", "SystemSecurity_Localised":"Low Security", "JumpDist":45.476, "FuelUsed":5.306125, "FuelLevel":22.916693 }
{ "timestamp":"2017-07-04T17:55:17Z", "event":"FuelScoop", "Scooped":5.001516, "Total":27.918207 }
{ "timestamp":"2017-07-04T17:55:20Z", "event":"FuelScoop", "Scooped":0.357085, "Total":28.275293 }
{ "timestamp":"2017-07-04T17:55:57Z", "event":"StartJump", "JumpType":"Hyperspace", "StarSystem":"Wregoe FV-G c10-4", "StarClass":"K" }
{ "timestamp":"2017-07-04T17:56:15Z", "event":"FSDJump", "StarSystem":"Wregoe FV-G c10-4", "StarPos":[551.344,37.188,-620.000], "SystemAllegiance":"", "SystemEconomy":"$economy_None;", "SystemEconomy_Localised":"None", "SystemGovernment":"$government_None;", "SystemGovernment_Localised":"None", "SystemSecurity":"$SYSTEM_SECURITY_low;", "SystemSecurity_Localised":"Low Security", "JumpDist":18.496, "FuelUsed":0.511701, "FuelLevel":27.763594 }
{ "timestamp":"2017-07-04T17:56:31Z", "event":"FuelScoop", "Scooped":4.236403, "Total":32.000000 }
{ "timestamp":"2017-07-04T18:10:21Z", "event":"StartJump", "JumpType":"Hyperspace", "StarSystem":"Wregoe FL-P d5-69", "StarClass":"G" }
{ "timestamp":"2017-07-04T18:10:40Z", "event":"FSDJump", "StarSystem":"Wregoe FL-P d5-69", "StarPos":[532.813,27.063,-572.594], "SystemAllegiance":"", "SystemEconomy":"$economy_None;", "SystemEconomy_Localised":"None", "SystemGovernment":"$government_None;", "SystemGovernment_Localised":"None", "SystemSecurity":"$SYSTEM_SECURITY_low;", "SystemSecurity_Localised":"Low Security", "JumpDist":51.897, "FuelUsed":7.567529, "FuelLevel":23.362471 }
{ "timestamp":"2017-07-04T18:11:00Z", "event":"FuelScoop", "Scooped":5.004883, "Total":28.367342 }
{ "timestamp":"2017-07-04T18:11:14Z", "event":"FuelScoop", "Scooped":3.414996, "Total":31.782324 }
{ "timestamp":"2017-07-04T18:12:32Z", "event":"StartJump", "JumpType":"Hyperspace", "StarSystem":"Wregoe YO-G b24-3", "StarClass":"M" }
{ "timestamp":"2017-07-04T18:12:50Z", "event":"FSDJump", "StarSystem":"Wregoe YO-G b24-3", "StarPos":[498.781,19.469,-539.000], "SystemAllegiance":"", "SystemEconomy":"$economy_None;", "SystemEconomy_Localised":"None", "SystemGovernment":"$government_None;", "SystemGovernment_Localised":"None", "SystemSecurity":"$SYSTEM_SECURITY_low;", "SystemSecurity_Localised":"Low Security", "JumpDist":48.418, "FuelUsed":6.341188, "FuelLevel":25.441135 }
{ "timestamp":"2017-07-04T18:13:09Z", "event":"FuelScoop", "Scooped":5.000237, "Total":30.441372 }
{ "timestamp":"2017-07-04T18:13:12Z", "event":"FuelScoop", "Scooped":1.558614, "Total":32.000000 }
{ "timestamp":"2017-07-04T18:13:39Z", "event":"StartJump", "JumpType":"Hyperspace", "StarSystem":"Wregoe EB-D b26-0", "StarClass":"M" }
{ "timestamp":"2017-07-04T18:13:57Z", "event":"FSDJump", "StarSystem":"Wregoe EB-D b26-0", "StarPos":[458.844,18.844,-504.625], "SystemAllegiance":"", "SystemEconomy":"$economy_None;", "SystemEconomy_Localised":"None", "SystemGovernment":"$government_None;", "SystemGovernment_Localised":"None", "SystemSecurity":"$SYSTEM_SECURITY_low;", "SystemSecurity_Localised":"Low Security", "JumpDist":52.698, "FuelUsed":7.910384, "FuelLevel":24.089615 }
{ "timestamp":"2017-07-04T18:14:18Z", "event":"FuelScoop", "Scooped":5.001013, "Total":29.090612 }
{ "timestamp":"2017-07-04T18:14:22Z", "event":"FuelScoop", "Scooped":1.152996, "Total":30.243601 }
{ "timestamp":"2017-07-04T18:14:48Z", "event":"StartJump", "JumpType":"Hyperspace", "StarSystem":"Wregoe KN-Z b27-0", "StarClass":"M" }
{ "timestamp":"2017-07-04T18:15:07Z", "event":"FSDJump", "StarSystem":"Wregoe KN-Z b27-0", "StarPos":[428.594,17.125,-464.094], "SystemAllegiance":"", "SystemEconomy":"$economy_None;", "SystemEconomy_Localised":"None", "SystemGovernment":"$government_None;", "SystemGovernment_Localised":"None", "SystemSecurity":"$SYSTEM_SECURITY_low;", "SystemSecurity_Localised":"Low Security", "JumpDist":50.604, "FuelUsed":7.066178, "FuelLevel":23.177422 }
{ "timestamp":"2017-07-04T18:15:24Z", "event":"FuelScoop", "Scooped":5.001153, "Total":28.178574 }
{ "timestamp":"2017-07-04T18:15:27Z", "event":"FuelScoop", "Scooped":0.530158, "Total":28.708731 }
{ "timestamp":"2017-07-04T18:15:47Z", "event":"StartJump", "JumpType":"Hyperspace", "StarSystem":"Wregoe TO-Z c13-4", "StarClass":"K" }
{ "timestamp":"2017-07-04T18:16:05Z", "event":"FSDJump", "StarSystem":"Wregoe TO-Z c13-4", "StarPos":[398.063,1.063,-427.031], "SystemAllegiance":"", "SystemEconomy":"$economy_None;", "SystemEconomy_Localised":"None", "SystemGovernment":"$government_None;", "SystemGovernment_Localised":"None", "SystemSecurity":"$SYSTEM_SECURITY_low;", "SystemSecurity_Localised":"Low Security", "JumpDist":50.634, "FuelUsed":7.030626, "FuelLevel":21.678104 }
{ "timestamp":"2017-07-04T18:16:22Z", "event":"FuelScoop", "Scooped":5.001575, "Total":26.679667 }
{ "timestamp":"2017-07-04T18:16:28Z", "event":"FuelScoop", "Scooped":1.859570, "Total":28.539251 }
{ "timestamp":"2017-07-04T18:16:45Z", "event":"StartJump", "JumpType":"Hyperspace", "StarSystem":"Wregoe VA-U b30-6", "StarClass":"M" }
{ "timestamp":"2017-07-04T18:17:03Z", "event":"FSDJump", "StarSystem":"Wregoe VA-U b30-6", "StarPos":[358.125,0.375,-395.656], "SystemAllegiance":"", "SystemEconomy":"$economy_None;", "SystemEconomy_Localised":"None", "SystemGovernment":"$government_None;", "SystemGovernment_Localised":"None", "SystemSecurity":"$SYSTEM_SECURITY_low;", "SystemSecurity_Localised":"Low Security", "JumpDist":50.792, "FuelUsed":7.082645, "FuelLevel":21.456606 }
{ "timestamp":"2017-07-04T18:17:18Z", "event":"FuelScoop", "Scooped":2.433857, "Total":23.890440 }
{ "timestamp":"2017-07-04T18:17:54Z", "event":"StartJump", "JumpType":"Hyperspace", "StarSystem":"Wregoe DI-Q b32-4", "StarClass":"M" }
{ "timestamp":"2017-07-04T18:18:12Z", "event":"FSDJump", "StarSystem":"Wregoe DI-Q b32-4", "StarPos":[332.438,-6.156,-354.063], "SystemAllegiance":"", "SystemEconomy":"$economy_None;", "SystemEconomy_Localised":"None", "SystemGovernment":"$government_None;", "SystemGovernment_Localised":"None", "SystemSecurity":"$SYSTEM_SECURITY_low;", "SystemSecurity_Localised":"Low Security", "JumpDist":49.321, "FuelUsed":6.431643, "FuelLevel":17.458797 }
{ "timestamp":"2017-07-04T18:18:34Z", "event":"FuelScoop", "Scooped":5.004805, "Total":22.463600 }
{ "timestamp":"2017-07-04T18:18:47Z", "event":"FuelScoop", "Scooped":5.003431, "Total":27.466999 }
{ "timestamp":"2017-07-04T18:18:55Z", "event":"FuelScoop", "Scooped":2.743494, "Total":30.210474 }
{ "timestamp":"2017-07-04T18:19:13Z", "event":"StartJump", "JumpType":"Hyperspace", "StarSystem":"Wregoe IZ-M b34-5", "StarClass":"M" }
{ "timestamp":"2017-07-04T18:19:32Z", "event":"FSDJump", "StarSystem":"Wregoe IZ-M b34-5", "StarPos":[304.469,-4.469,-309.875], "SystemAllegiance":"", "SystemEconomy":"$economy_None;", "SystemEconomy_Localised":"None", "SystemGovernment":"$government_None;", "SystemGovernment_Localised":"None", "SystemSecurity":"$SYSTEM_SECURITY_low;", "SystemSecurity_Localised":"Low Security", "JumpDist":52.322, "FuelUsed":7.705926, "FuelLevel":22.504547 }
{ "timestamp":"2017-07-04T18:19:51Z", "event":"FuelScoop", "Scooped":4.552255, "Total":27.056793 }
{ "timestamp":"2017-07-04T18:20:15Z", "event":"StartJump", "JumpType":"Hyperspace", "StarSystem":"Wregoe GN-S c17-11", "StarClass":"K" }
{ "timestamp":"2017-07-04T18:20:33Z", "event":"FSDJump", "StarSystem":"Wregoe GN-S c17-11", "StarPos":[265.844,-5.969,-274.094], "SystemAllegiance":"", "SystemEconomy":"$economy_None;", "SystemEconomy_Localised":"None", "SystemGovernment":"$government_None;", "SystemGovernment_Localised":"None", "SystemSecurity":"$SYSTEM_SECURITY_low;", "SystemSecurity_Localised":"Low Security", "JumpDist":52.673, "FuelUsed":7.735507, "FuelLevel":19.321287 }
{ "timestamp":"2017-07-04T18:20:52Z", "event":"FuelScoop", "Scooped":5.003884, "Total":24.325153 }
{ "timestamp":"2017-07-04T18:21:02Z", "event":"FuelScoop", "Scooped":5.004698, "Total":29.329870 }
{ "timestamp":"2017-07-04T18:21:07Z", "event":"FuelScoop", "Scooped":2.670135, "Total":32.000000 }
{ "timestamp":"2017-07-04T18:22:07Z", "event":"StartJump", "JumpType":"Hyperspace", "StarSystem":"Synuefe ZP-W c18-8", "StarClass":"K" }
{ "timestamp":"2017-07-04T18:22:25Z", "event":"FSDJump", "StarSystem":"Synuefe ZP-W c18-8", "StarPos":[237.031,-27.938,-236.156], "SystemAllegiance":"", "SystemEconomy":"$economy_None;", "SystemEconomy_Localised":"None", "SystemGovernment":"$government_None;", "SystemGovernment_Localised":"None", "SystemSecurity":"$SYSTEM_SECURITY_low;", "SystemSecurity_Localised":"Low Security", "JumpDist":52.460, "FuelUsed":7.818443, "FuelLevel":24.181557 }
{ "timestamp":"2017-07-04T18:22:44Z", "event":"FuelScoop", "Scooped":5.004721, "Total":29.186279 }
{ "timestamp":"2017-07-04T18:22:47Z", "event":"FuelScoop", "Scooped":0.381443, "Total":29.567730 }
{ "timestamp":"2017-07-04T18:23:13Z", "event":"StartJump", "JumpType":"Hyperspace", "StarSystem":"Synuefe NF-L d9-88", "StarClass":"F" }
{ "timestamp":"2017-07-04T18:23:31Z", "event":"FSDJump", "StarSystem":"Synuefe NF-L d9-88", "StarPos":[204.781,-39.000,-195.844], "SystemAllegiance":"", "SystemEconomy":"$economy_None;", "SystemEconomy_Localised":"None", "SystemGovernment":"$government_None;", "SystemGovernment_Localised":"None", "SystemSecurity":"$SYSTEM_SECURITY_low;", "SystemSecurity_Localised":"Low Security", "JumpDist":52.797, "FuelUsed":7.867505, "FuelLevel":21.700226 }
{ "timestamp":"2017-07-04T18:23:48Z", "event":"FuelScoop", "Scooped":5.003362, "Total":26.703587 }
{ "timestamp":"2017-07-04T18:23:55Z", "event":"FuelScoop", "Scooped":1.914985, "Total":28.618570 }
{ "timestamp":"2017-07-04T18:25:54Z", "event":"Scan", "BodyName":"Synuefe NF-L d9-88 A 9", "DistanceFromArrivalLS":1072.335571, "TidalLock":false, "TerraformState":"", "PlanetClass":"High metal content body", "Atmosphere":"hot water atmosphere", "AtmosphereType":"Water", "AtmosphereComposition":[ { "Name":"Water", "Percent":100.000000 } ], "Volcanism":"", "MassEM":0.023762, "Radius":1874394.000000, "SurfaceGravity":2.695682, "SurfaceTemperature":597.343994, "SurfacePressure":194251.062500, "Landable":false, "SemiMajorAxis":135760640.000000, "Eccentricity":0.078207, "OrbitalInclination":0.543786, "Periapsis":281.557495, "OrbitalPeriod":6140633.000000, "RotationPeriod":134903.562500, "AxialTilt":0.106697 }
{ "timestamp":"2017-07-04T18:26:11Z", "event":"Scan", "BodyName":"Synuefe NF-L d9-88 A 8", "DistanceFromArrivalLS":1071.534302, "TidalLock":false, "TerraformState":"", "PlanetClass":"High metal content body", "Atmosphere":"hot water atmosphere", "AtmosphereType":"Water", "AtmosphereComposition":[ { "Name":"Water", "Percent":100.000000 } ], "Volcanism":"", "MassEM":0.025002, "Radius":1905668.625000, "SurfaceGravity":2.744062, "SurfaceTemperature":599.917480, "SurfacePressure":201286.203125, "Landable":false, "SemiMajorAxis":129025496.000000, "Eccentricity":0.078207, "OrbitalInclination":0.543786, "Periapsis":101.557472, "OrbitalPeriod":6140633.000000, "RotationPeriod":405572.406250, "AxialTilt":0.049291 }
{ "timestamp":"2017-07-04T18:26:38Z", "event":"StartJump", "JumpType":"Hyperspace", "StarSystem":"HIP 31401", "StarClass":"F" }
{ "timestamp":"2017-07-04T18:26:56Z", "event":"FSDJump", "StarSystem":"HIP 31401", "StarPos":[165.031,-41.188,-164.125], "SystemAllegiance":"", "SystemEconomy":"$economy_None;", "SystemEconomy_Localised":"None", "SystemGovernment":"$government_None;", "SystemGovernment_Localised":"None", "SystemSecurity":"$SYSTEM_SECURITY_low;", "SystemSecurity_Localised":"Low Security", "JumpDist":50.901, "FuelUsed":7.124661, "FuelLevel":21.493908 }
{ "timestamp":"2017-07-04T18:27:13Z", "event":"FuelScoop", "Scooped":5.000296, "Total":26.494188 }
{ "timestamp":"2017-07-04T18:27:22Z", "event":"FuelScoop", "Scooped":5.005019, "Total":31.499193 }
{ "timestamp":"2017-07-04T18:27:23Z", "event":"FuelScoop", "Scooped":0.500814, "Total":32.000000 }
{ "timestamp":"2017-07-04T18:27:38Z", "event":"StartJump", "JumpType":"Hyperspace", "StarSystem":"Hyades Sector GG-N b7-3", "StarClass":"M" }
{ "timestamp":"2017-07-04T18:27:57Z", "event":"FSDJump", "StarSystem":"Hyades Sector GG-N b7-3", "StarPos":[139.563,-46.969,-118.750], "SystemAllegiance":"", "SystemEconomy":"$economy_None;", "SystemEconomy_Localised":"None", "SystemGovernment":"$government_None;", "SystemGovernment_Localised":"None", "SystemSecurity":"$SYSTEM_SECURITY_low;", "SystemSecurity_Localised":"Low Security", "JumpDist":52.354, "FuelUsed":7.777327, "FuelLevel":24.222673 }
{ "timestamp":"2017-07-04T18:28:15Z", "event":"FuelScoop", "Scooped":4.432504, "Total":28.655163 }
{ "timestamp":"2017-07-04T18:28:32Z", "event":"StartJump", "JumpType":"Hyperspace", "StarSystem":"Meene", "StarClass":"F" }
{ "timestamp":"2017-07-04T18:28:50Z", "event":"FSDJump", "StarSystem":"Meene", "StarPos":[118.781,-56.438,-97.188], "SystemAllegiance":"Federation", "SystemEconomy":"$economy_Industrial;", "SystemEconomy_Localised":"Industrial", "SystemGovernment":"$government_Democracy;", "SystemGovernment_Localised":"Democracy", "SystemSecurity":"$SYSTEM_SECURITY_medium;", "SystemSecurity_Localised":"Medium Security", "JumpDist":31.408, "FuelUsed":2.030633, "FuelLevel":26.624531, "Factions":[ { "Name":"Ram Tah", "FactionState":"None", "Government":"Engineer", "Influence":0.142007, "Allegiance":"Independent" }, { "Name":"Leaders of HIP 29644", "FactionState":"Retreat", "Government":"Feudal", "Influence":0.011054, "Allegiance":"Independent" }, { "Name":"Independent HIP 29241 Green Party", "FactionState":"Boom", "Government":"Democracy", "Influence":0.801871, "Allegiance":"Federation", "PendingStates":[ { "State":"Expansion", "Trend":0 } ] }, { "Name":"Meene Purple Drug Empire", "FactionState":"Boom", "Government":"Anarchy", "Influence":0.008503, "Allegiance":"Independent" }, { "Name":"Meene General Industries", "FactionState":"CivilWar", "Government":"Corporate", "Influence":0.008503, "Allegiance":"Independent" }, { "Name":"Bureau of Meene Order", "FactionState":"CivilWar", "Government":"Dictatorship", "Influence":0.011054, "Allegiance":"Independent" }, { "Name":"United Meene Labour", "FactionState":"Boom", "Government":"Democracy", "Influence":0.008503, "Allegiance":"Independent" }, { "Name":"Meene Silver Life Partners", "FactionState":"Boom", "Government":"Corporate", "Influence":0.008503, "Allegiance":"Independent" } ], "SystemFaction":"Independent HIP 29241 Green Party", "FactionState":"Boom" }
{ "timestamp":"2017-07-04T18:28:59Z", "event":"FuelScoop", "Scooped":0.118435, "Total":26.742960 }
{ "timestamp":"2017-07-04T18:31:50Z", "event":"ApproachSettlement", "Name":"Phoenix Base" }
{ "timestamp":"2017-07-04T18:32:26Z", "event":"ApproachSettlement", "Name":"Phoenix Base" }
{ "timestamp":"2017-07-04T18:32:28Z", "event":"SupercruiseExit", "StarSystem":"Meene", "Body":"Meene AB 5 d", "BodyType":"Planet" }
{ "timestamp":"2017-07-04T18:33:28Z", "event":"StartJump", "JumpType":"Supercruise" }
{ "timestamp":"2017-07-04T18:33:28Z", "event":"ApproachSettlement", "Name":"Phoenix Base" }
{ "timestamp":"2017-07-04T18:33:33Z", "event":"SupercruiseEntry", "StarSystem":"Meene" }
{ "timestamp":"2017-07-04T18:35:28Z", "event":"ApproachSettlement", "Name":"Phoenix Base" }
{ "timestamp":"2017-07-04T18:35:31Z", "event":"SupercruiseExit", "StarSystem":"Meene", "Body":"Meene AB 5 d", "BodyType":"Planet" }
{ "timestamp":"2017-07-04T18:36:09Z", "event":"ReceiveText", "From":"Phoenix Base", "Message":"$STATION_NoFireZone_entered;", "Message_Localised":"No fire zone entered.", "Channel":"npc" }
{ "timestamp":"2017-07-04T18:36:25Z", "event":"DockingRequested", "StationName":"Phoenix Base" }
{ "timestamp":"2017-07-04T18:36:25Z", "event":"ReceiveText", "From":"Phoenix Base", "Message":"$DockingChatter_Neutral;", "Message_Localised":"Ensure to observe starport protocol during your visit, pilot.", "Channel":"npc" }
{ "timestamp":"2017-07-04T18:36:27Z", "event":"ReceiveText", "From":"Phoenix Base", "Message":"$STATION_docking_granted;", "Message_Localised":"Docking request granted.", "Channel":"npc" }
{ "timestamp":"2017-07-04T18:36:27Z", "event":"DockingGranted", "LandingPad":8, "StationName":"Phoenix Base" }
{ "timestamp":"2017-07-04T18:37:49Z", "event":"Docked", "StationName":"Phoenix Base", "StationType":"SurfaceStation", "StarSystem":"Meene", "StationFaction":"Ram Tah", "StationGovernment":"$government_Engineer;", "StationGovernment_Localised":"Workshop", "StationEconomy":"$economy_Colony;", "StationEconomy_Localised":"Colony", "DistFromStarLS":2261.428711 }
{ "timestamp":"2017-07-04T18:38:07Z", "event":"EngineerContribution", "Engineer":"Ram Tah", "Type":"Materials", "Material":"scandatabanks", "Quantity":18, "TotalQuantity":18 }
{ "timestamp":"2017-07-04T18:38:14Z", "event":"RepairAll", "Cost":5059 }
{ "timestamp":"2017-07-04T18:38:15Z", "event":"RefuelAll", "Cost":315, "Amount":6.288274 }
{ "timestamp":"2017-07-04T18:46:42Z", "event":"Undocked", "StationName":"Phoenix Base", "StationType":"SurfaceStation" }
{ "timestamp":"2017-07-04T18:48:07Z", "event":"ReceiveText", "From":"Phoenix Base", "Message":"$STATION_NoFireZone_exited;", "Message_Localised":"No fire zone left.", "Channel":"npc" }
{ "timestamp":"2017-07-04T18:48:32Z", "event":"StartJump", "JumpType":"Supercruise" }
{ "timestamp":"2017-07-04T18:48:32Z", "event":"ApproachSettlement", "Name":"Phoenix Base" }
{ "timestamp":"2017-07-04T18:48:37Z", "event":"SupercruiseEntry", "StarSystem":"Meene" }
{ "timestamp":"2017-07-04T18:50:05Z", "event":"StartJump", "JumpType":"Hyperspace", "StarSystem":"LTT 2277", "StarClass":"F" }
{ "timestamp":"2017-07-04T18:50:24Z", "event":"FSDJump", "StarSystem":"LTT 2277", "StarPos":[73.875,-53.469,-72.656], "SystemAllegiance":"Independent", "SystemEconomy":"$economy_Colony;", "SystemEconomy_Localised":"Colony", "SystemGovernment":"$government_Feudal;", "SystemGovernment_Localised":"Feudal", "SystemSecurity":"$SYSTEM_SECURITY_medium;", "SystemSecurity_Localised":"Medium Security", "JumpDist":51.256, "FuelUsed":7.360479, "FuelLevel":24.639521, "Factions":[ { "Name":"LTT 2277 Corporation", "FactionState":"None", "Government":"Corporate", "Influence":0.369000, "Allegiance":"Empire", "PendingStates":[ { "State":"Boom", "Trend":1 } ] }, { "Name":"Kupoli Fortune Limited", "FactionState":"Boom", "Government":"Corporate", "Influence":0.222000, "Allegiance":"Federation" }, { "Name":"LTT 2277 Partnership", "FactionState":"None", "Government":"Anarchy", "Influence":0.160000, "Allegiance":"Independent" }, { "Name":"Barons of LTT 2277", "FactionState":"Boom", "Government":"Feudal", "Influence":0.249000, "Allegiance":"Independent" } ], "SystemFaction":"Barons of LTT 2277", "FactionState":"Boom" }
{ "timestamp":"2017-07-04T18:50:35Z", "event":"SupercruiseExit", "StarSystem":"LTT 2277", "Body":"LTT 2277", "BodyType":"Star" }
{ "timestamp":"2017-07-04T18:51:54Z", "event":"StartJump", "JumpType":"Supercruise" }
{ "timestamp":"2017-07-04T18:52:00Z", "event":"SupercruiseEntry", "StarSystem":"LTT 2277" }
{ "timestamp":"2017-07-04T18:52:11Z", "event":"FuelScoop", "Scooped":0.319103, "Total":26.903164 }
{ "timestamp":"2017-07-04T18:53:06Z", "event":"StartJump", "JumpType":"Hyperspace", "StarSystem":"Hyades Sector RE-G b11-4", "StarClass":"M" }
{ "timestamp":"2017-07-04T18:53:24Z", "event":"FSDJump", "StarSystem":"Hyades Sector RE-G b11-4", "StarPos":[37.594,-58.625,-36.000], "SystemAllegiance":"", "SystemEconomy":"$economy_None;", "SystemEconomy_Localised":"None", "SystemGovernment":"$government_None;", "SystemGovernment_Localised":"None", "SystemSecurity":"$SYSTEM_SECURITY_low;", "SystemSecurity_Localised":"Low Security", "JumpDist":51.832, "FuelUsed":7.413626, "FuelLevel":19.489538 }
{ "timestamp":"2017-07-04T18:53:44Z", "event":"FuelScoop", "Scooped":4.281213, "Total":23.770782 }
{ "timestamp":"2017-07-04T18:54:18Z", "event":"StartJump", "JumpType":"Hyperspace", "StarSystem":"Teshub", "StarClass":"G" }
{ "timestamp":"2017-07-04T18:54:36Z", "event":"FSDJump", "StarSystem":"Teshub", "StarPos":[3.375,-61.125,-10.781], "SystemAllegiance":"Federation", "SystemEconomy":"$economy_Agri;", "SystemEconomy_Localised":"Agriculture", "SystemGovernment":"$government_Corporate;", "SystemGovernment_Localised":"Corporate", "SystemSecurity":"$SYSTEM_SECURITY_high;", "SystemSecurity_Localised":"High Security", "JumpDist":42.581, "FuelUsed":4.387271, "FuelLevel":19.383511, "Factions":[ { "Name":"T and J Landing Services", "FactionState":"None", "Government":"Communism", "Influence":0.077922, "Allegiance":"Independent", "PendingStates":[ { "State":"CivilWar", "Trend":0 } ] }, { "Name":"Green Party of Neits", "FactionState":"War", "Government":"Democracy", "Influence":0.058941, "Allegiance":"Federation", "PendingStates":[ { "State":"Outbreak", "Trend":-1 } ], "RecoveringStates":[ { "State":"Boom", "Trend":0 } ] }, { "Name":"Independents of LFT 133", "FactionState":"None", "Government":"Democracy", "Influence":0.041958, "Allegiance":"Federation" }, { "Name":"Ekorn Enterprises", "FactionState":"Boom", "Government":"Dictatorship", "Influence":0.077922, "Allegiance":"Independent", "PendingStates":[ { "State":"Outbreak", "Trend":0 }, { "State":"CivilWar", "Trend":0 } ] }, { "Name":"Teshub Natural Corp.", "FactionState":"None", "Government":"Corporate", "Influence":0.687313, "Allegiance":"Federation", "RecoveringStates":[ { "State":"Boom", "Trend":0 } ] }, { "Name":"Brothers of Teshub", "FactionState":"War", "Government":"Anarchy", "Influence":0.055944, "Allegiance":"Independent", "RecoveringStates":[ { "State":"Boom", "Trend":0 } ] } ], "SystemFaction":"Teshub Natural Corp." }
{ "timestamp":"2017-07-04T18:54:53Z", "event":"FuelScoop", "Scooped":1.659232, "Total":21.042746 }
{ "timestamp":"2017-07-04T18:55:27Z", "event":"StartJump", "JumpType":"Hyperspace", "StarSystem":"LP 825-559", "StarClass":"DA" }
{ "timestamp":"2017-07-04T18:55:46Z", "event":"FSDJump", "StarSystem":"LP 825-559", "StarPos":[-6.406,-52.219,-0.594], "SystemAllegiance":"Federation", "SystemEconomy":"$economy_Agri;", "SystemEconomy_Localised":"Agriculture", "SystemGovernment":"$government_Corporate;", "SystemGovernment_Localised":"Corporate", "SystemSecurity":"$SYSTEM_SECURITY_high;", "SystemSecurity_Localised":"High Security", "JumpDist":16.697, "FuelUsed":0.380105, "FuelLevel":20.662642, "Factions":[ { "Name":"LP 825-559 Free", "FactionState":"CivilWar", "Government":"Democracy", "Influence":0.060000, "Allegiance":"Independent" }, { "Name":"League of Horae", "FactionState":"None", "Government":"Confederacy", "Influence":0.035000, "Allegiance":"Federation", "PendingStates":[ { "State":"Boom", "Trend":1 } ] }, { "Name":"LP 825-559 PLC", "FactionState":"Boom", "Government":"Corporate", "Influence":0.604000, "Allegiance":"Federation" }, { "Name":"United LP 825-559 Focus", "FactionState":"Boom", "Government":"Dictatorship", "Influence":0.049000, "Allegiance":"Independent" }, { "Name":"LP 825-559 Crimson Legal Systems", "FactionState":"Boom", "Government":"Corporate", "Influence":0.214000, "Allegiance":"Federation" }, { "Name":"LP 825-559 Purple Raiders", "FactionState":"CivilWar", "Government":"Anarchy", "Influence":0.038000, "Allegiance":"Independent" } ], "SystemFaction":"LP 825-559 PLC", "FactionState":"Boom" }
{ "timestamp":"2017-07-04T18:58:21Z", "event":"SupercruiseExit", "StarSystem":"LP 825-559", "Body":"Larson Terminal", "BodyType":"Station" }
{ "timestamp":"2017-07-04T18:58:22Z", "event":"ReceiveText", "From":"Larson Terminal", "Message":"$STATION_NoFireZone_entered;", "Message_Localised":"No fire zone entered.", "Channel":"npc" }
{ "timestamp":"2017-07-04T18:58:37Z", "event":"DockingRequested", "StationName":"Larson Terminal" }
{ "timestamp":"2017-07-04T18:58:37Z", "event":"ReceiveText", "From":"Larson Terminal", "Message":"$DockingChatter_Neutral;", "Message_Localised":"Ensure to observe starport protocol during your visit, pilot.", "Channel":"npc" }
{ "timestamp":"2017-07-04T18:58:38Z", "event":"ReceiveText", "From":"Larson Terminal", "Message":"$STATION_docking_granted;", "Message_Localised":"Docking request granted.", "Channel":"npc" }
{ "timestamp":"2017-07-04T18:58:38Z", "event":"DockingGranted", "LandingPad":39, "StationName":"Larson Terminal" }
{ "timestamp":"2017-07-04T19:00:11Z", "event":"Docked", "StationName":"Larson Terminal", "StationType":"Orbis", "StarSystem":"LP 825-559", "StationFaction":"LP 825-559 PLC", "FactionState":"Boom", "StationGovernment":"$government_Corporate;", "StationGovernment_Localised":"Corporate", "StationAllegiance":"Federation", "StationEconomy":"$economy_Tourism;", "StationEconomy_Localised":"Tourism", "DistFromStarLS":1339.905640 }
{ "timestamp":"2017-07-04T19:00:23Z", "event":"RefuelAll", "Cost":584, "Amount":11.668277 }
{ "timestamp":"2017-07-04T19:00:24Z", "event":"RepairAll", "Cost":6933 }
{ "timestamp":"2017-07-04T19:00:55Z", "event":"BuyAmmo", "Cost":150 }
{ "timestamp":"2017-07-04T19:01:38Z", "event":"SellExplorationData", "Systems":[ "Oochoxt IW-C d1" ], "Discovered":[  ], "BaseValue":377198, "Bonus":0 }
{ "timestamp":"2017-07-04T19:01:54Z", "event":"SellExplorationData", "Systems":[ "Flyua Eork TF-C d14-2", "Wregoe AM-Y c0", "Oochorrs XG-N c23-0", "Outotch SE-Y c14-0", "Oochoxt RR-E c14-0", "Outotch TE-Y c14-0", "Outotch GN-W c1-0", "Flyua Eork KF-G c27-0", "Flyua Eork KV-E c28-0", "Outotch GW-N d6-7", "Outotch YY-S d3-7", "Oochoxt UM-H d11-9", "Outotch UA-F d11-10", "Seagull Sector HR-W d1-10", "Oochorrs XR-L c24-1", "Outotch ZQ-U c16-1", "Outotch FV-G c10-1", "Oochoxt UF-R c7-1", "Outotch JE-T c3-1", "Oochoxt RS-F c1", "NGC 2353 Sector DW-N c6-1", "Oochoxt WP-V d3-12", "Seagull Sector HR-W d1-12", "Outotch SU-G d10-13", "Outotch LI-K d8-14", "Outotch VS-U d2-15", "Seagull Sector EL-Y d16", "Oochorrs QK-C d14-17", "Wregoe WD-T d3-18", "Outotz NN-Z c27-2", "Outotz JW-C c26-2", "Outotch SH-I c23-2", "Oochoxt GE-K c11-2", "Outotch AE-K c8-2", "Outotch OF-R c4-2", "Wregoe KN-Z b27-0", "Wregoe EB-D b26-0", "Wregoe SN-I b23-0", "Wregoe YR-U b16-0", "Wregoe LT-B b13-0", "Wregoe FH-F b11-0", "Wregoe SN-M b7-0", "Wregoe DU-T b3-0", "Outotz LT-U b57-0", "Wregoe XW-Y b0", "Outotz KD-V b57-0", "Oochorrs DD-P b53-0", "Oochorrs XQ-S b51-0", "Outotz ZP-A b55-0", "Outotz IQ-J b50-0" ], "Discovered":[ "Outotch TE-Y c14-0 A 5", "Outotch TE-Y c14-0 A 4", "Oochoxt GE-K c11-2 2", "Outotz LT-U b57-0 A 1" ], "BaseValue":1814099, "Bonus":174034 }
{ "timestamp":"2017-07-04T19:02:18Z", "event":"SellExplorationData", "Systems":[ "Oochorrs XJ-X b48-0", "Outotz HK-L b49-0", "Oochoxt NW-Y b47-0", "Outotch EI-U b44-0", "Outotch CC-W b43-0", "Outotch ZV-X b42-0", "Oochoxt AS-H b43-0", "Oochoxt PZ-M b40-0", "Outotch QD-D b40-0", "Oochoxt NT-O b39-0", "Outotch KR-G b38-0", "Oochoxt HH-S b37-0", "Outotch DF-K b36-0", "Oochoxt AV-V b35-0", "Oochoxt WD-Z b33-0", "Oochoxt UX-A b33-0", "Outotch TG-R b32-0", "Oochoxt SR-C b32-0", "Oochoxt NA-G b30-0", "Oochoxt YG-N b26-0", "Oochoxt WA-P b25-0", "Outotch VT-G b24-0", "Oochoxt JC-W b21-0", "Oochoxt GB-Y b20-0", "Oochoxt ZO-B b19-0", "Oochoxt LF-K b14-0", "Oochoxt CY-N b12-0", "Outotch MD-D b12-0", "Oochorrs NE-E d13-20", "Outotch BF-R d4-20", "Oochoxt YW-P b11-0", "Oochoxt PP-T b9-0", "Outotch EB-H b10-0", "M50 Sector UJ-H b10-0", "M50 Sector NX-K b8-0", "Outotch RC-O b6-0", "Oochoxt AL-C b5-0", "Outotch RR-P b5-0", "Oochoxt YE-E b4-0", "Oochoxt PH-J b1-0", "Oochoxt NB-L b0", "Flyua Eork AO-E b59-0", "Flyua Eork JU-D b59-0", "Flyua Eork AD-G b58-0", "Flyua Eork WK-M b54-0", "Flyua Eork UF-L b55-0", "Flyua Eork NT-O b53-0", "Flyua Eork QO-O b53-0", "Flyua Eork JC-S b51-0", "Flyua Eork NI-Q b52-0" ], "Discovered":[ "Oochoxt AV-V b35-0 A 1" ], "BaseValue":1147160, "Bonus":18019 }
{ "timestamp":"2017-07-04T19:02:36Z", "event":"SellExplorationData", "Systems":[ "Flyua Eork NX-R b51-0", "NGC 2353 Sector BB-F b11-0", "NGC 2353 Sector VZ-G b10-0", "NGC 2353 Sector QI-K b8-0", "NGC 2353 Sector XZ-G b10-0", "NGC 2353 Sector QN-K b8-0", "Seagull Sector VP-O b6-0", "Seagull Sector QO-Q b5-0", "Outotch FL-P d5-21", "Oochoxt VM-H d11-25", "Outotz KH-B c27-3", "Oochoxt LY-Q c21-3", "Outotch NS-B c13-3", "Wregoe VS-U d2-30", "Wregoe OG-Y d32", "Col 285 Sector HG-X d1-33", "Wregoe LA-A d33", "Wregoe TO-Z c13-4", "Wregoe FV-G c10-4", "Wregoe QQ-P c5-4", "Oochorrs AY-J c25-4", "HIP 31401", "LTT 2277", "Wregoe BF-R d4-41", "Wregoe WD-T d3-46", "Wregoe SM-W d1-46", "Wregoe KH-D c12-7", "Seagull Sector GW-W c1-7", "Synuefe ZP-W c18-8", "Wregoe FL-P d5-69", "Wregoe CS-W c1-9", "Wregoe HS-D b12-1", "Wregoe SI-M b7-1", "Wregoe HF-T b3-1", "Wregoe HR-N d6-84", "Col 285 Sector GG-X d1-88", "Synuefe NF-L d9-88", "Wregoe GN-S c17-11", "Hyades Sector FB-X d1-92", "Morinbath", "Wregoe ES-S c17-14", "Wregoe AM-U c16-17", "Wregoe RT-Z c13-17", "LHS 2212", "Wregoe MB-M b21-2", "Wregoe HA-O b20-2", "Wregoe AY-S b17-2", "Wregoe SF-Y b14-2", "Wregoe SV-W b15-2", "Wregoe UT-K b8-2" ], "Discovered":[  ], "BaseValue":2915510, "Bonus":0 }
{ "timestamp":"2017-07-04T19:02:48Z", "event":"SellExplorationData", "Systems":[ "Wregoe VB-A b2", "Hyades Sector GG-N b7-3", "Wregoe MB-I b37-3", "Wregoe TQ-S b31-3", "Wregoe OZ-V b29-3", "Wregoe YO-G b24-3", "Hyades Sector RE-G b11-4", "Hyades Sector TE-O b7-4", "Wregoe DI-Q b32-4", "Wregoe IZ-M b34-5", "Wregoe VA-U b30-6" ], "Discovered":[  ], "BaseValue":43284, "Bonus":0 }
{ "timestamp":"2017-07-04T19:05:14Z", "event":"Cargo", "Inventory":[  ] }
{ "timestamp":"2017-07-04T19:05:14Z", "event":"Loadout", "Ship":"Anaconda", "ShipID":16, "ShipName":"sepia II", "ShipIdent":"BL-19A", "Modules":[ { "Slot":"TinyHardpoint1", "Item":"Hpt_HeatSinkLauncher_Turret_Tiny", "On":true, "Priority":0, "AmmoInClip":1, "AmmoInHopper":2, "Health":1.000000, "Value":2975 }, { "Slot":"TinyHardpoint3", "Item":"Hpt_HeatSinkLauncher_Turret_Tiny", "On":true, "Priority":0, "AmmoInClip":1, "AmmoInHopper":2, "Health":1.000000, "Value":3500 }, { "Slot":"Armour", "Item":"Anaconda_Armour_Grade1", "On":true, "Priority":1, "Health":1.000000, "Value":0 }, { "Slot":"PaintJob", "Item":"PaintJob_Anaconda_BlackFriday_01", "On":true, "Priority":1, "Health":1.000000, "Value":0 }, { "Slot":"PowerPlant", "Item":"Int_Powerplant_Size5_Class2", "On":true, "Priority":1, "Health":1.000000, "Value":189035 }, { "Slot":"MainEngines", "Item":"Int_Engine_Size6_Class2", "On":true, "Priority":0, "Health":1.000000, "Value":509356, "EngineerBlueprint":"Engine_Tuned", "EngineerLevel":1 }, { "Slot":"FrameShiftDrive", "Item":"Int_Hyperdrive_Size6_Class5", "On":true, "Priority":0, "Health":1.000000, "Value":13752602, "EngineerBlueprint":"FSD_LongRange", "EngineerLevel":5 }, { "Slot":"LifeSupport", "Item":"Int_LifeSupport_Size5_Class2", "On":true, "Priority":0, "Health":1.000000, "Value":79444 }, { "Slot":"PowerDistributor", "Item":"Int_PowerDistributor_Size8_Class2", "On":true, "Priority":0, "Health":1.000000, "Value":1482367, "EngineerBlueprint":"PowerDistributor_PriorityEngines", "EngineerLevel":2 }, { "Slot":"Radar", "Item":"Int_Sensors_Size8_Class2", "On":true, "Priority":0, "Health":1.000000, "Value":1482367, "EngineerBlueprint":"Sensor_Sensor_LightWeight", "EngineerLevel":5 }, { "Slot":"FuelTank", "Item":"Int_FuelTank_Size5_Class3", "On":true, "Priority":1, "Health":1.000000, "Value":83090 }, { "Slot":"ShipName0", "Item":"Nameplate_Practical02_White", "On":true, "Priority":1, "Health":1.000000, "Value":0 }, { "Slot":"ShipName1", "Item":"Nameplate_Practical02_White", "On":true, "Priority":1, "Health":1.000000, "Value":0 }, { "Slot":"Slot01_Size7", "Item":"Int_CargoRack_Size7_Class1", "On":true, "Priority":1, "Health":1.000000, "Value":1001657 }, { "Slot":"Slot03_Size6", "Item":"Int_BuggyBay_Size2_Class2", "On":true, "Priority":0, "Health":1.000000, "Value":21600 }, { "Slot":"Slot04_Size6", "Item":"Int_Repairer_Size5_Class5", "On":true, "Priority":0, "AmmoInClip":6700, "Health":1.000000, "Value":8503056 }, { "Slot":"Slot05_Size5", "Item":"Int_FuelScoop_Size5_Class5", "On":true, "Priority":0, "Health":1.000000, "Value":9073694 }, { "Slot":"Slot06_Size5", "Item":"Int_ShieldGenerator_Size3_Class2", "On":true, "Priority":0, "Health":1.000000, "Value":18812 }, { "Slot":"Slot07_Size5", "Item":"Int_CargoRack_Size5_Class1", "On":true, "Priority":1, "Health":1.000000, "Value":111566 }, { "Slot":"Slot08_Size4", "Item":"Int_CargoRack_Size4_Class1", "On":true, "Priority":1, "Health":1.000000, "Value":34328 }, { "Slot":"Slot09_Size4", "Item":"Int_CargoRack_Size4_Class1", "On":true, "Priority":1, "Health":1.000000, "Value":34328 }, { "Slot":"Slot10_Size4", "Item":"Int_DetailedSurfaceScanner_Tiny", "On":true, "Priority":1, "Health":1.000000, "Value":250000 }, { "Slot":"Slot13_Size2", "Item":"Int_StellarBodyDiscoveryScanner_Advanced", "On":true, "Priority":1, "Health":1.000000, "Value":1545000 }, { "Slot":"PlanetaryApproachSuite", "Item":"Int_PlanetApproachSuite", "On":true, "Priority":1, "Health":1.000000, "Value":425 }, { "Slot":"Bobble02", "Item":"Bobble_PilotMale", "On":true, "Priority":1, "Health":1.000000, "Value":0 }, { "Slot":"ShipCockpit", "Item":"Anaconda_Cockpit", "On":true, "Priority":1, "Health":1.000000, "Value":0 }, { "Slot":"CargoHatch", "Item":"ModularCargoBayDoor", "On":false, "Priority":2, "Health":1.000000, "Value":0 } ] }
{ "timestamp":"2017-07-04T19:05:14Z", "event":"Materials", "Raw":[ { "Name":"chromium", "Count":31 }, { "Name":"iron", "Count":99 }, { "Name":"carbon", "Count":26 }, { "Name":"nickel", "Count":50 }, { "Name":"zinc", "Count":27 }, { "Name":"cadmium", "Count":8 }, { "Name":"phosphorus", "Count":31 }, { "Name":"germanium", "Count":20 }, { "Name":"manganese", "Count":23 }, { "Name":"yttrium", "Count":3 }, { "Name":"molybdenum", "Count":6 }, { "Name":"polonium", "Count":3 }, { "Name":"niobium", "Count":27 }, { "Name":"zirconium", "Count":9 }, { "Name":"sulphur", "Count":22 }, { "Name":"selenium", "Count":1 }, { "Name":"mercury", "Count":3 } ], "Manufactured":[ { "Name":"chemicalprocessors", "Count":11 }, { "Name":"salvagedalloys", "Count":11 }, { "Name":"shieldemitters", "Count":3 }, { "Name":"compoundshielding", "Count":24 }, { "Name":"refinedfocuscrystals", "Count":69 }, { "Name":"shieldingsensors", "Count":8 }, { "Name":"focuscrystals", "Count":9 }, { "Name":"fedproprietarycomposites", "Count":6 }, { "Name":"protolightalloys", "Count":14 }, { "Name":"galvanisingalloys", "Count":11 }, { "Name":"precipitatedalloys", "Count":6 }, { "Name":"heatconductionwiring", "Count":7 }, { "Name":"phasealloys", "Count":1 }, { "Name":"wornshieldemitters", "Count":15 }, { "Name":"configurablecomponents", "Count":12 }, { "Name":"conductivepolymers", "Count":21 }, { "Name":"chemicalmanipulators", "Count":1 }, { "Name":"fedcorecomposites", "Count":2 }, { "Name":"biotechconductors", "Count":2 }, { "Name":"protoheatradiators", "Count":1 }, { "Name":"crystalshards", "Count":3 }, { "Name":"heatresistantceramics", "Count":1 }, { "Name":"protoradiolicalloys", "Count":2 }, { "Name":"gridresistors", "Count":3 }, { "Name":"basicconductors", "Count":1 }, { "Name":"exquisitefocuscrystals", "Count":1 }, { "Name":"mechanicalscrap", "Count":1 }, { "Name":"heatdispersionplate", "Count":6 }, { "Name":"mechanicalcomponents", "Count":3 }, { "Name":"polymercapacitors", "Count":3 }, { "Name":"heatexchangers", "Count":1 }, { "Name":"heatvanes", "Count":3 }, { "Name":"mechanicalequipment", "Count":1 }, { "Name":"chemicaldistillery", "Count":3 }, { "Name":"hybridcapacitors", "Count":1 }, { "Name":"uncutfocuscrystals", "Count":1 }, { "Name":"unknownenergysource", "Count":5 } ], "Encoded":[ { "Name":"emissiondata", "Count":43 }, { "Name":"shieldsoakanalysis", "Count":29 }, { "Name":"shieldcyclerecordings", "Count":47 }, { "Name":"decodedemissiondata", "Count":77 }, { "Name":"classifiedscandata", "Count":3 }, { "Name":"encodedscandata", "Count":8 }, { "Name":"shielddensityreports", "Count":48 }, { "Name":"scanarchives", "Count":20 }, { "Name":"securityfirmware", "Count":8 }, { "Name":"bulkscandata", "Count":27 }, { "Name":"shieldpatternanalysis", "Count":52 }, { "Name":"fsdtelemetry", "Count":21 }, { "Name":"encryptedfiles", "Count":3 }, { "Name":"scrambledemissiondata", "Count":5 }, { "Name":"wakesolutions", "Count":7 }, { "Name":"hyperspacetrajectories", "Count":19 }, { "Name":"industrialfirmware", "Count":1 }, { "Name":"shieldfrequencydata", "Count":3 }, { "Name":"compactemissionsdata", "Count":6 }, { "Name":"disruptedwakeechoes", "Count":39 }, { "Name":"dataminedwake", "Count":1 }, { "Name":"consumerfirmware", "Count":6 } ] }
{ "timestamp":"2017-07-04T19:05:14Z", "event":"LoadGame", "Commander":"Blantyre", "Ship":"Anaconda", "ShipID":16, "ShipName":"sepia II", "ShipIdent":"BL-19A", "FuelLevel":32.000000, "FuelCapacity":32.000000, "GameMode":"Group", "Group":"Blantyre", "Credits":91047028, "Loan":0 }
{ "timestamp":"2017-07-04T19:05:14Z", "event":"Rank", "Combat":4, "Trade":6, "Explore":7, "Empire":2, "Federation":7, "CQC":0 }
{ "timestamp":"2017-07-04T19:05:14Z", "event":"Progress", "Combat":78, "Trade":26, "Explore":0, "Empire":76, "Federation":19, "CQC":0 }
{ "timestamp":"2017-07-04T19:06:15Z", "event":"Location", "Docked":true, "StationName":"Larson Terminal", "StationType":"Orbis", "StarSystem":"LP 825-559", "StarPos":[-6.406,-52.219,-0.594], "SystemAllegiance":"Federation", "SystemEconomy":"$economy_Agri;", "SystemEconomy_Localised":"Agriculture", "SystemGovernment":"$government_Corporate;", "SystemGovernment_Localised":"Corporate", "SystemSecurity":"$SYSTEM_SECURITY_high;", "SystemSecurity_Localised":"High Security", "Body":"Larson Terminal", "BodyType":"Station", "Factions":[ { "Name":"LP 825-559 Free", "FactionState":"CivilWar", "Government":"Democracy", "Influence":0.060000, "Allegiance":"Independent" }, { "Name":"League of Horae", "FactionState":"None", "Government":"Confederacy", "Influence":0.035000, "Allegiance":"Federation", "PendingStates":[ { "State":"Boom", "Trend":1 } ] }, { "Name":"LP 825-559 PLC", "FactionState":"Boom", "Government":"Corporate", "Influence":0.604000, "Allegiance":"Federation" }, { "Name":"United LP 825-559 Focus", "FactionState":"Boom", "Government":"Dictatorship", "Influence":0.049000, "Allegiance":"Independent" }, { "Name":"LP 825-559 Crimson Legal Systems", "FactionState":"Boom", "Government":"Corporate", "Influence":0.214000, "Allegiance":"Federation" }, { "Name":"LP 825-559 Purple Raiders", "FactionState":"CivilWar", "Government":"Anarchy", "Influence":0.038000, "Allegiance":"Independent" } ], "SystemFaction":"LP 825-559 PLC", "FactionState":"Boom" }
{ "timestamp":"2017-07-04T19:06:15Z", "event":"Docked", "StationName":"Larson Terminal", "StationType":"Orbis", "StarSystem":"LP 825-559", "StationFaction":"LP 825-559 PLC", "FactionState":"Boom", "StationGovernment":"$government_Corporate;", "StationGovernment_Localised":"Corporate", "StationAllegiance":"Federation", "StationEconomy":"$economy_Tourism;", "StationEconomy_Localised":"Tourism", "DistFromStarLS":1339.905640 }
{ "timestamp":"2017-07-04T19:31:36Z", "event":"ModuleBuy", "Slot":"Slot02_Size6", "BuyItem":"$int_cargorack_size6_class1_name;", "BuyItem_Localised":"Cargo Rack", "BuyPrice":362591, "Ship":"anaconda", "ShipID":16 }
{ "timestamp":"2017-07-04T19:31:47Z", "event":"ModuleBuy", "Slot":"Slot03_Size6", "SellItem":"$int_buggybay_size2_class2_name;", "SellItem_Localised":"Planetary Vehicle Hangar", "SellPrice":26870, "BuyItem":"$int_cargorack_size6_class1_name;", "BuyItem_Localised":"Cargo Rack", "BuyPrice":362591, "Ship":"anaconda", "ShipID":16 }
{ "timestamp":"2017-07-04T19:31:56Z", "event":"ModuleBuy", "Slot":"Slot04_Size6", "SellItem":"$int_repairer_size5_class5_name;", "SellItem_Localised":"AFM Unit", "SellPrice":8503056, "BuyItem":"$int_cargorack_size6_class1_name;", "BuyItem_Localised":"Cargo Rack", "BuyPrice":362591, "Ship":"anaconda", "ShipID":16 }
{ "timestamp":"2017-07-04T19:32:12Z", "event":"ModuleBuy", "Slot":"Slot10_Size4", "SellItem":"$int_detailedsurfacescanner_tiny_name;", "SellItem_Localised":"Surface Scanner", "SellPrice":250000, "BuyItem":"$int_cargorack_size4_class1_name;", "BuyItem_Localised":"Cargo Rack", "BuyPrice":34328, "Ship":"anaconda", "ShipID":16 }
{ "timestamp":"2017-07-04T19:35:11Z", "event":"Undocked", "StationName":"Larson Terminal", "StationType":"Orbis" }
{ "timestamp":"2017-07-04T19:36:25Z", "event":"StartJump", "JumpType":"Hyperspace", "StarSystem":"Andhrimi", "StarClass":"M" }
{ "timestamp":"2017-07-04T19:36:54Z", "event":"FSDJump", "StarSystem":"Andhrimi", "StarPos":[10.375,-54.406,18.688], "SystemAllegiance":"Independent", "SystemEconomy":"$economy_HighTech;", "SystemEconomy_Localised":"High Tech", "SystemGovernment":"$government_Democracy;", "SystemGovernment_Localised":"Democracy", "SystemSecurity":"$SYSTEM_SECURITY_high;", "SystemSecurity_Localised":"High Security", "JumpDist":25.655, "FuelUsed":1.179797, "FuelLevel":30.820204, "Factions":[ { "Name":"Andhrimi Values Party", "FactionState":"None", "Government":"Democracy", "Influence":0.123876, "Allegiance":"Federation", "RecoveringStates":[ { "State":"Boom", "Trend":0 } ] }, { "Name":"League of Andhrimi Defence Party", "FactionState":"Boom", "Government":"Dictatorship", "Influence":0.049950, "Allegiance":"Independent" }, { "Name":"Alectrona Imperial Society", "FactionState":"None", "Government":"Patronage", "Influence":0.066933, "Allegiance":"Empire" }, { "Name":"Andhrimi Crimson Travel PLC", "FactionState":"Boom", "Government":"Corporate", "Influence":0.051948, "Allegiance":"Federation" }, { "Name":"Andhrimi Movement", "FactionState":"Outbreak", "Government":"Dictatorship", "Influence":0.066933, "Allegiance":"Independent", "RecoveringStates":[ { "State":"Boom", "Trend":-1 } ] }, { "Name":"Viracocha Services", "FactionState":"Boom", "Government":"Corporate", "Influence":0.040959, "Allegiance":"Federation" }, { "Name":"Paladin Consortium", "FactionState":"Boom", "Government":"Democracy", "Influence":0.599401, "Allegiance":"Independent" } ], "SystemFaction":"Paladin Consortium", "FactionState":"Boom" }
{ "timestamp":"2017-07-04T19:37:03Z", "event":"FuelScoop", "Scooped":1.179800, "Total":32.000000 }
{ "timestamp":"2017-07-04T19:38:53Z", "event":"SupercruiseExit", "StarSystem":"Andhrimi", "Body":"Yurchikhin Station", "BodyType":"Station" }
{ "timestamp":"2017-07-04T19:39:39Z", "event":"ReceiveText", "From":"Yurchikhin Station", "Message":"$STATION_NoFireZone_entered;", "Message_Localised":"No fire zone entered.", "Channel":"npc" }
{ "timestamp":"2017-07-04T19:39:40Z", "event":"DockingRequested", "StationName":"Yurchikhin Station" }
{ "timestamp":"2017-07-04T19:39:40Z", "event":"ReceiveText", "From":"Yurchikhin Station", "Message":"$DockingChatter_Neutral;", "Message_Localised":"Ensure to observe starport protocol during your visit, pilot.", "Channel":"npc" }
{ "timestamp":"2017-07-04T19:39:41Z", "event":"ReceiveText", "From":"Yurchikhin Station", "Message":"$STATION_docking_granted;", "Message_Localised":"Docking request granted.", "Channel":"npc" }
{ "timestamp":"2017-07-04T19:39:41Z", "event":"DockingGranted", "LandingPad":25, "StationName":"Yurchikhin Station" }
{ "timestamp":"2017-07-04T19:40:44Z", "event":"Docked", "StationName":"Yurchikhin Station", "StationType":"Coriolis", "StarSystem":"Andhrimi", "StationFaction":"Paladin Consortium", "FactionState":"Boom", "StationGovernment":"$government_Democracy;", "StationGovernment_Localised":"Democracy", "StationEconomy":"$economy_HighTech;", "StationEconomy_Localised":"High Tech", "DistFromStarLS":16.827929 }
{ "timestamp":"2017-07-04T19:42:24Z", "event":"ReceiveText", "From":"$npc_name_decorate:#name=Tink O'Loki;", "From_Localised":"Tink O'Loki", "Message":"$Commuter_AuthorityScan03;", "Message_Localised":"Will this take long? Ive got a schedule to keep. ", "Channel":"npc" }
{ "timestamp":"2017-07-04T19:43:29Z", "event":"MarketBuy", "Type":"consumertechnology", "Count":400, "BuyPrice":6314, "TotalCost":2525600 }
{ "timestamp":"2017-07-04T19:45:20Z", "event":"ModuleBuy", "Slot":"Slot05_Size5", "StoredItem":"$int_fuelscoop_size5_class5_name;", "StoredItem_Localised":"Fuel Scoop", "BuyItem":"$int_cargorack_size5_class1_name;", "BuyItem_Localised":"Cargo Rack", "BuyPrice":111566, "Ship":"anaconda", "ShipID":16 }
{ "timestamp":"2017-07-04T19:45:46Z", "event":"ModuleSell", "Slot":"Slot06_Size5", "SellItem":"$int_shieldgenerator_size3_class2_name;", "SellItem_Localised":"Shield Generator", "SellPrice":18812, "Ship":"anaconda", "ShipID":16 }
{ "timestamp":"2017-07-04T19:45:52Z", "event":"ModuleBuy", "Slot":"Slot06_Size5", "BuyItem":"$int_cargorack_size5_class1_name;", "BuyItem_Localised":"Cargo Rack", "BuyPrice":111566, "Ship":"anaconda", "ShipID":16 }
{ "timestamp":"2017-07-04T19:46:38Z", "event":"ModuleBuy", "Slot":"Slot10_Size4", "SellItem":"$int_cargorack_size4_class1_name;", "SellItem_Localised":"Cargo Rack", "SellPrice":34328, "BuyItem":"$int_shieldgenerator_size4_class2_name;", "BuyItem_Localised":"Shield Generator", "BuyPrice":59633, "Ship":"anaconda", "ShipID":16 }
{ "timestamp":"2017-07-04T19:47:18Z", "event":"ModuleBuy", "Slot":"PowerPlant", "SellItem":"$int_powerplant_size5_class2_name;", "SellItem_Localised":"Power Plant", "SellPrice":189035, "BuyItem":"$int_powerplant_size3_class5_name;", "BuyItem_Localised":"Power Plant", "BuyPrice":507912, "Ship":"anaconda", "ShipID":16 }
{ "timestamp":"2017-07-04T19:47:19Z", "event":"ShieldState", "ShieldsUp":false }
{ "timestamp":"2017-07-04T19:47:25Z", "event":"ShieldState", "ShieldsUp":true }
{ "timestamp":"2017-07-04T19:47:43Z", "event":"ModuleBuy", "Slot":"Slot13_Size2", "SellItem":"$int_stellarbodydiscoveryscanner_advanced_name;", "SellItem_Localised":"D - Scanner", "SellPrice":1545000, "BuyItem":"$int_dockingcomputer_standard_name;", "BuyItem_Localised":"Docking Computer", "BuyPrice":4500, "Ship":"anaconda", "ShipID":16 }
{ "timestamp":"2017-07-04T19:48:51Z", "event":"MarketBuy", "Type":"consumertechnology", "Count":48, "BuyPrice":6314, "TotalCost":303072 }
{ "timestamp":"2017-07-04T19:49:28Z", "event":"RefuelAll", "Cost":10, "Amount":0.100600 }
{ "timestamp":"2017-07-04T19:49:50Z", "event":"ReceiveText", "From":"$npc_name_decorate:#name=Gareth P D Williams;", "From_Localised":"Gareth P D Williams", "Message":"$Commuter_AuthorityScan02;", "Message_Localised":"How can I be of assistance?", "Channel":"npc" }
{ "timestamp":"2017-07-04T19:50:06Z", "event":"Undocked", "StationName":"Yurchikhin Station", "StationType":"Coriolis" }
{ "timestamp":"2017-07-04T19:51:18Z", "event":"Scanned", "ScanType":"Cargo" }
{ "timestamp":"2017-07-04T19:51:18Z", "event":"ReceiveText", "From":"$ShipName_Police_Independent;", "From_Localised":"System Authority Vessel", "Message":"$Police_ThankYouPassedStopAndSearch01;", "Message_Localised":"Thank you for your cooperation, Commander.", "Channel":"npc" }
{ "timestamp":"2017-07-04T19:51:22Z", "event":"ReceiveText", "From":"Yurchikhin Station", "Message":"$STATION_NoFireZone_exited;", "Message_Localised":"No fire zone left.", "Channel":"npc" }
{ "timestamp":"2017-07-04T19:51:39Z", "event":"Scanned", "ScanType":"Cargo" }
{ "timestamp":"2017-07-04T19:51:57Z", "event":"StartJump", "JumpType":"Hyperspace", "StarSystem":"Silvanitou", "StarClass":"L" }
{ "timestamp":"2017-07-04T19:52:15Z", "event":"FSDJump", "StarSystem":"Silvanitou", "StarPos":[5.625,-29.531,11.563], "SystemAllegiance":"Federation", "SystemEconomy":"$economy_Refinery;", "SystemEconomy_Localised":"Refinery", "SystemGovernment":"$government_Corporate;", "SystemGovernment_Localised":"Corporate", "SystemSecurity":"$SYSTEM_SECURITY_medium;", "SystemSecurity_Localised":"Medium Security", "JumpDist":26.308, "FuelUsed":5.271751, "FuelLevel":26.728249, "Factions":[ { "Name":"Workers of Silvanitou Future", "FactionState":"Boom", "Government":"Democracy", "Influence":0.139860, "Allegiance":"Federation" }, { "Name":"Official Silvanitou Flag", "FactionState":"None", "Government":"Dictatorship", "Influence":0.018981, "Allegiance":"Independent", "RecoveringStates":[ { "State":"Outbreak", "Trend":0 } ] }, { "Name":"Silvanitou Group", "FactionState":"CivilWar", "Government":"Corporate", "Influence":0.022977, "Allegiance":"Federation" }, { "Name":"LHS 4058 Central Corp.", "FactionState":"Boom", "Government":"Corporate", "Influence":0.514486, "Allegiance":"Federation" }, { "Name":"Silvanitou Blue Gang", "FactionState":"None", "Government":"Anarchy", "Influence":0.061938, "Allegiance":"Independent" }, { "Name":"Official Silvanitou Freedom Party", "FactionState":"CivilWar", "Government":"Dictatorship", "Influence":0.019980, "Allegiance":"Independent" }, { "Name":"Black Sails Sq.69", "FactionState":"Boom", "Government":"Confederacy", "Influence":0.221778, "Allegiance":"Federation" } ], "SystemFaction":"LHS 4058 Central Corp.", "FactionState":"Boom" }
{ "timestamp":"2017-07-04T19:52:46Z", "event":"StartJump", "JumpType":"Hyperspace", "StarSystem":"Talta", "StarClass":"M" }
{ "timestamp":"2017-07-04T19:53:05Z", "event":"FSDJump", "StarSystem":"Talta", "StarPos":[5.594,-5.125,10.344], "SystemAllegiance":"", "SystemEconomy":"$economy_None;", "SystemEconomy_Localised":"None", "SystemGovernment":"$government_None;", "SystemGovernment_Localised":"None", "SystemSecurity":"$SYSTEM_SECURITY_low;", "SystemSecurity_Localised":"Low Security", "JumpDist":24.437, "FuelUsed":4.294770, "FuelLevel":22.433479 }
{ "timestamp":"2017-07-04T19:53:44Z", "event":"StartJump", "JumpType":"Hyperspace", "StarSystem":"37 Xi Bootis", "StarClass":"G" }
{ "timestamp":"2017-07-04T19:54:48Z", "event":"FSDJump", "StarSystem":"37 Xi Bootis", "StarPos":[-4.219,19.094,9.813], "SystemAllegiance":"Federation", "SystemEconomy":"$economy_Agri;", "SystemEconomy_Localised":"Agriculture", "SystemGovernment":"$government_Corporate;", "SystemGovernment_Localised":"Corporate", "SystemSecurity":"$SYSTEM_SECURITY_high;", "SystemSecurity_Localised":"High Security", "JumpDist":26.136, "FuelUsed":5.060563, "FuelLevel":17.372917, "Factions":[ { "Name":"37 Xi Bootis Resistance", "FactionState":"CivilWar", "Government":"Democracy", "Influence":0.055944, "Allegiance":"Federation", "PendingStates":[ { "State":"Boom", "Trend":0 } ] }, { "Name":"Workers of Flousop Progressive Party", "FactionState":"None", "Government":"Democracy", "Influence":0.065934, "Allegiance":"Federation" }, { "Name":"37 Xi Bootis Gold Advanced Ltd", "FactionState":"Boom", "Government":"Corporate", "Influence":0.566434, "Allegiance":"Federation", "PendingStates":[ { "State":"Outbreak", "Trend":1 } ] }, { "Name":"37 Xi Bootis Purple United Comms", "FactionState":"CivilWar", "Government":"Corporate", "Influence":0.035964, "Allegiance":"Independent" }, { "Name":"Brotherhood of 37 Xi Bootis", "FactionState":"CivilWar", "Government":"Anarchy", "Influence":0.041958, "Allegiance":"Independent", "PendingStates":[ { "State":"Famine", "Trend":0 } ] }, { "Name":"LHS 2541 Alliance Combine", "FactionState":"Boom", "Government":"Patronage", "Influence":0.194805, "Allegiance":"Alliance", "PendingStates":[ { "State":"Expansion", "Trend":0 } ] }, { "Name":"37 Xi Bootis Focus", "FactionState":"CivilWar", "Government":"Dictatorship", "Influence":0.038961, "Allegiance":"Independent" } ], "SystemFaction":"37 Xi Bootis Gold Advanced Ltd", "FactionState":"Boom" }
{ "timestamp":"2017-07-04T19:55:43Z", "event":"StartJump", "JumpType":"Hyperspace", "StarSystem":"Rakapila", "StarClass":"M" }
{ "timestamp":"2017-07-04T19:58:11Z", "event":"Cargo", "Inventory":[ { "Name":"consumertechnology", "Count":448 } ] }
{ "timestamp":"2017-07-04T19:58:11Z", "event":"Loadout", "Ship":"Anaconda", "ShipID":16, "ShipName":"sepia II", "ShipIdent":"BL-19A", "Modules":[ { "Slot":"TinyHardpoint1", "Item":"Hpt_HeatSinkLauncher_Turret_Tiny", "On":true, "Priority":0, "AmmoInClip":1, "AmmoInHopper":2, "Health":1.000000, "Value":2975 }, { "Slot":"TinyHardpoint3", "Item":"Hpt_HeatSinkLauncher_Turret_Tiny", "On":true, "Priority":0, "AmmoInClip":1, "AmmoInHopper":1, "Health":1.000000, "Value":3500 }, { "Slot":"Armour", "Item":"Anaconda_Armour_Grade1", "On":true, "Priority":1, "Health":1.000000, "Value":0 }, { "Slot":"PaintJob", "Item":"PaintJob_Anaconda_BlackFriday_01", "On":true, "Priority":1, "Health":1.000000, "Value":0 }, { "Slot":"PowerPlant", "Item":"Int_Powerplant_Size3_Class5", "On":true, "Priority":1, "Health":1.000000, "Value":507912 }, { "Slot":"MainEngines", "Item":"Int_Engine_Size6_Class2", "On":true, "Priority":0, "Health":1.000000, "Value":509356, "EngineerBlueprint":"Engine_Tuned", "EngineerLevel":1 }, { "Slot":"FrameShiftDrive", "Item":"Int_Hyperdrive_Size6_Class5", "On":true, "Priority":0, "Health":1.000000, "Value":13752602, "EngineerBlueprint":"FSD_LongRange", "EngineerLevel":5 }, { "Slot":"LifeSupport", "Item":"Int_LifeSupport_Size5_Class2", "On":true, "Priority":0, "Health":1.000000, "Value":79444 }, { "Slot":"PowerDistributor", "Item":"Int_PowerDistributor_Size8_Class2", "On":true, "Priority":0, "Health":1.000000, "Value":1482367, "EngineerBlueprint":"PowerDistributor_PriorityEngines", "EngineerLevel":2 }, { "Slot":"Radar", "Item":"Int_Sensors_Size8_Class2", "On":true, "Priority":0, "Health":1.000000, "Value":1482367, "EngineerBlueprint":"Sensor_Sensor_LightWeight", "EngineerLevel":5 }, { "Slot":"FuelTank", "Item":"Int_FuelTank_Size5_Class3", "On":true, "Priority":1, "Health":1.000000, "Value":83090 }, { "Slot":"ShipName0", "Item":"Nameplate_Practical02_White", "On":true, "Priority":1, "Health":1.000000, "Value":0 }, { "Slot":"ShipName1", "Item":"Nameplate_Practical02_White", "On":true, "Priority":1, "Health":1.000000, "Value":0 }, { "Slot":"Slot01_Size7", "Item":"Int_CargoRack_Size7_Class1", "On":true, "Priority":1, "Health":1.000000, "Value":1001657 }, { "Slot":"Slot02_Size6", "Item":"Int_CargoRack_Size6_Class1", "On":true, "Priority":1, "Health":1.000000, "Value":362591 }, { "Slot":"Slot03_Size6", "Item":"Int_CargoRack_Size6_Class1", "On":true, "Priority":1, "Health":1.000000, "Value":362591 }, { "Slot":"Slot04_Size6", "Item":"Int_CargoRack_Size6_Class1", "On":true, "Priority":1, "Health":1.000000, "Value":362591 }, { "Slot":"Slot05_Size5", "Item":"Int_CargoRack_Size5_Class1", "On":true, "Priority":1, "Health":1.000000, "Value":111566 }, { "Slot":"Slot06_Size5", "Item":"Int_CargoRack_Size5_Class1", "On":true, "Priority":1, "Health":1.000000, "Value":111566 }, { "Slot":"Slot07_Size5", "Item":"Int_CargoRack_Size5_Class1", "On":true, "Priority":1, "Health":1.000000, "Value":111566 }, { "Slot":"Slot08_Size4", "Item":"Int_CargoRack_Size4_Class1", "On":true, "Priority":1, "Health":1.000000, "Value":34328 }, { "Slot":"Slot09_Size4", "Item":"Int_CargoRack_Size4_Class1", "On":true, "Priority":1, "Health":1.000000, "Value":34328 }, { "Slot":"Slot10_Size4", "Item":"Int_ShieldGenerator_Size4_Class2", "On":true, "Priority":0, "Health":1.000000, "Value":59633 }, { "Slot":"Slot13_Size2", "Item":"Int_DockingComputer_Standard", "On":true, "Priority":0, "Health":1.000000, "Value":4500 }, { "Slot":"PlanetaryApproachSuite", "Item":"Int_PlanetApproachSuite", "On":true, "Priority":1, "Health":1.000000, "Value":425 }, { "Slot":"Bobble02", "Item":"Bobble_PilotMale", "On":true, "Priority":1, "Health":1.000000, "Value":0 }, { "Slot":"ShipCockpit", "Item":"Anaconda_Cockpit", "On":true, "Priority":1, "Health":1.000000, "Value":0 }, { "Slot":"CargoHatch", "Item":"ModularCargoBayDoor", "On":false, "Priority":2, "Health":1.000000, "Value":0 } ] }
{ "timestamp":"2017-07-04T19:58:11Z", "event":"Materials", "Raw":[ { "Name":"chromium", "Count":31 }, { "Name":"iron", "Count":99 }, { "Name":"carbon", "Count":26 }, { "Name":"nickel", "Count":50 }, { "Name":"zinc", "Count":27 }, { "Name":"cadmium", "Count":8 }, { "Name":"phosphorus", "Count":31 }, { "Name":"germanium", "Count":20 }, { "Name":"manganese", "Count":23 }, { "Name":"yttrium", "Count":3 }, { "Name":"molybdenum", "Count":6 }, { "Name":"polonium", "Count":3 }, { "Name":"niobium", "Count":27 }, { "Name":"zirconium", "Count":9 }, { "Name":"sulphur", "Count":22 }, { "Name":"selenium", "Count":1 }, { "Name":"mercury", "Count":3 } ], "Manufactured":[ { "Name":"chemicalprocessors", "Count":11 }, { "Name":"salvagedalloys", "Count":11 }, { "Name":"shieldemitters", "Count":3 }, { "Name":"compoundshielding", "Count":24 }, { "Name":"refinedfocuscrystals", "Count":69 }, { "Name":"shieldingsensors", "Count":8 }, { "Name":"focuscrystals", "Count":9 }, { "Name":"fedproprietarycomposites", "Count":6 }, { "Name":"protolightalloys", "Count":14 }, { "Name":"galvanisingalloys", "Count":11 }, { "Name":"precipitatedalloys", "Count":6 }, { "Name":"heatconductionwiring", "Count":7 }, { "Name":"phasealloys", "Count":1 }, { "Name":"wornshieldemitters", "Count":15 }, { "Name":"configurablecomponents", "Count":12 }, { "Name":"conductivepolymers", "Count":21 }, { "Name":"chemicalmanipulators", "Count":1 }, { "Name":"fedcorecomposites", "Count":2 }, { "Name":"biotechconductors", "Count":2 }, { "Name":"protoheatradiators", "Count":1 }, { "Name":"crystalshards", "Count":3 }, { "Name":"heatresistantceramics", "Count":1 }, { "Name":"protoradiolicalloys", "Count":2 }, { "Name":"gridresistors", "Count":3 }, { "Name":"basicconductors", "Count":1 }, { "Name":"exquisitefocuscrystals", "Count":1 }, { "Name":"mechanicalscrap", "Count":1 }, { "Name":"heatdispersionplate", "Count":6 }, { "Name":"mechanicalcomponents", "Count":3 }, { "Name":"polymercapacitors", "Count":3 }, { "Name":"heatexchangers", "Count":1 }, { "Name":"heatvanes", "Count":3 }, { "Name":"mechanicalequipment", "Count":1 }, { "Name":"chemicaldistillery", "Count":3 }, { "Name":"hybridcapacitors", "Count":1 }, { "Name":"uncutfocuscrystals", "Count":1 }, { "Name":"unknownenergysource", "Count":5 } ], "Encoded":[ { "Name":"emissiondata", "Count":43 }, { "Name":"shieldsoakanalysis", "Count":29 }, { "Name":"shieldcyclerecordings", "Count":47 }, { "Name":"decodedemissiondata", "Count":77 }, { "Name":"classifiedscandata", "Count":3 }, { "Name":"encodedscandata", "Count":8 }, { "Name":"shielddensityreports", "Count":48 }, { "Name":"scanarchives", "Count":20 }, { "Name":"securityfirmware", "Count":8 }, { "Name":"bulkscandata", "Count":27 }, { "Name":"shieldpatternanalysis", "Count":52 }, { "Name":"fsdtelemetry", "Count":21 }, { "Name":"encryptedfiles", "Count":3 }, { "Name":"scrambledemissiondata", "Count":5 }, { "Name":"wakesolutions", "Count":7 }, { "Name":"hyperspacetrajectories", "Count":19 }, { "Name":"industrialfirmware", "Count":1 }, { "Name":"shieldfrequencydata", "Count":3 }, { "Name":"compactemissionsdata", "Count":6 }, { "Name":"disruptedwakeechoes", "Count":39 }, { "Name":"dataminedwake", "Count":1 }, { "Name":"consumerfirmware", "Count":6 } ] }
{ "timestamp":"2017-07-04T19:58:11Z", "event":"LoadGame", "Commander":"Blantyre", "Ship":"Anaconda", "ShipID":16, "ShipName":"sepia II", "ShipIdent":"BL-19A", "FuelLevel":15.464153, "FuelCapacity":32.000000, "GameMode":"Solo", "Credits":96862899, "Loan":0 }
{ "timestamp":"2017-07-04T19:58:14Z", "event":"Rank", "Combat":4, "Trade":6, "Explore":7, "Empire":2, "Federation":7, "CQC":0 }
{ "timestamp":"2017-07-04T19:58:14Z", "event":"Progress", "Combat":78, "Trade":26, "Explore":0, "Empire":76, "Federation":19, "CQC":0 }
{ "timestamp":"2017-07-04T19:58:21Z", "event":"Location", "Docked":false, "StarSystem":"Rakapila", "StarPos":[-14.906,33.625,9.125], "SystemAllegiance":"Federation", "SystemEconomy":"$economy_Industrial;", "SystemEconomy_Localised":"Industrial", "SystemGovernment":"$government_Democracy;", "SystemGovernment_Localised":"Democracy", "SystemSecurity":"$SYSTEM_SECURITY_medium;", "SystemSecurity_Localised":"Medium Security", "Body":"Rakapila", "BodyType":"Star", "Factions":[ { "Name":"Workers of LHS 2887 League", "FactionState":"War", "Government":"Confederacy", "Influence":0.083000, "Allegiance":"Federation", "PendingStates":[ { "State":"Boom", "Trend":1 } ] }, { "Name":"People's Rakapila Progressive Party", "FactionState":"None", "Government":"Democracy", "Influence":0.719000, "Allegiance":"Federation", "RecoveringStates":[ { "State":"Boom", "Trend":1 } ] }, { "Name":"Rakapila Silver Mafia", "FactionState":"Boom", "Government":"Anarchy", "Influence":0.017000, "Allegiance":"Independent", "PendingStates":[ { "State":"CivilUnrest", "Trend":1 }, { "State":"Lockdown", "Trend":1 } ] }, { "Name":"Rakapila aristocrats", "FactionState":"War", "Government":"Feudal", "Influence":0.059000, "Allegiance":"Independent", "PendingStates":[ { "State":"Boom", "Trend":1 }, { "State":"Outbreak", "Trend":-1 } ] }, { "Name":"Rakapila State Systems", "FactionState":"Boom", "Government":"Corporate", "Influence":0.122000, "Allegiance":"Federation" } ], "SystemFaction":"People's Rakapila Progressive Party" }
{ "timestamp":"2017-07-04T19:58:37Z", "event":"StartJump", "JumpType":"Supercruise" }
{ "timestamp":"2017-07-04T19:58:42Z", "event":"SupercruiseEntry", "StarSystem":"Rakapila" }
{ "timestamp":"2017-07-04T20:00:09Z", "event":"SupercruiseExit", "StarSystem":"Rakapila", "Body":"Stone Enterprise", "BodyType":"Station" }
{ "timestamp":"2017-07-04T20:00:10Z", "event":"ReceiveText", "From":"Stone Enterprise", "Message":"$STATION_NoFireZone_entered;", "Message_Localised":"No fire zone entered.", "Channel":"npc" }
{ "timestamp":"2017-07-04T20:00:15Z", "event":"ReceiveText", "From":"Stone Enterprise", "Message":"$DockingFailed_Distance:#distance=7500;", "Message_Localised":"Docking request denied, please approach to 7500m", "Channel":"npc" }
{ "timestamp":"2017-07-04T20:00:15Z", "event":"DockingDenied", "Reason":"Distance", "StationName":"Stone Enterprise" }
{ "timestamp":"2017-07-04T20:00:23Z", "event":"DockingRequested", "StationName":"Stone Enterprise" }
{ "timestamp":"2017-07-04T20:00:23Z", "event":"ReceiveText", "From":"Stone Enterprise", "Message":"$DockingChatter_Allied;", "Message_Localised":"An ally like you is always welcome here.", "Channel":"npc" }
{ "timestamp":"2017-07-04T20:00:25Z", "event":"ReceiveText", "From":"Stone Enterprise", "Message":"$STATION_docking_granted;", "Message_Localised":"Docking request granted.", "Channel":"npc" }
{ "timestamp":"2017-07-04T20:00:25Z", "event":"DockingGranted", "LandingPad":25, "StationName":"Stone Enterprise" }
{ "timestamp":"2017-07-04T20:01:24Z", "event":"Docked", "StationName":"Stone Enterprise", "StationType":"Orbis", "StarSystem":"Rakapila", "StationFaction":"People's Rakapila Progressive Party", "StationGovernment":"$government_Democracy;", "StationGovernment_Localised":"Democracy", "StationAllegiance":"Federation", "StationEconomy":"$economy_Industrial;", "StationEconomy_Localised":"Industrial", "DistFromStarLS":39.496155 }
{ "timestamp":"2017-07-04T20:02:30Z", "event":"RefuelAll", "Cost":834, "Amount":16.662678 }
{ "timestamp":"2017-07-04T20:02:31Z", "event":"BuyAmmo", "Cost":25 }
{ "timestamp":"2017-07-04T20:03:16Z", "event":"MarketSell", "Type":"consumertechnology", "Count":448, "SellPrice":10154, "TotalSale":4548992, "AvgPricePaid":6314 }
{ "timestamp":"2017-07-04T20:08:35Z", "event":"ReceiveText", "From":"$npc_name_decorate:#name=Mills;", "From_Localised":"Mills", "Message":"$Commuter_AuthorityScan09;", "Message_Localised":"Can we hurry this up please, officer?", "Channel":"npc" }
{ "timestamp":"2017-07-04T20:24:32Z", "event":"Undocked", "StationName":"Stone Enterprise", "StationType":"Orbis" }
{ "timestamp":"2017-07-04T20:25:48Z", "event":"ReceiveText", "From":"Stone Enterprise", "Message":"$STATION_NoFireZone_exited;", "Message_Localised":"No fire zone left.", "Channel":"npc" }
{ "timestamp":"2017-07-04T20:25:49Z", "event":"StartJump", "JumpType":"Hyperspace", "StarSystem":"EZ Aquarii", "StarClass":"M" }
{ "timestamp":"2017-07-04T20:26:07Z", "event":"FSDJump", "StarSystem":"EZ Aquarii", "StarPos":[-4.438,-9.313,4.094], "SystemAllegiance":"Federation", "SystemEconomy":"$economy_HighTech;", "SystemEconomy_Localised":"High Tech", "SystemGovernment":"$government_Democracy;", "SystemGovernment_Localised":"Democracy", "SystemSecurity":"$SYSTEM_SECURITY_high;", "SystemSecurity_Localised":"High Security", "JumpDist":44.481, "FuelUsed":4.818012, "FuelLevel":27.181988, "Factions":[ { "Name":"Lacaille 9352 Jet State Holdings", "FactionState":"Boom", "Government":"Corporate", "Influence":0.114228, "Allegiance":"Independent" }, { "Name":"EZ Aquarii Advanced Industries", "FactionState":"Boom", "Government":"Corporate", "Influence":0.160321, "Allegiance":"Federation" }, { "Name":"League of EZ Aquarii Flag", "FactionState":"None", "Government":"Dictatorship", "Influence":0.066132, "Allegiance":"Independent", "RecoveringStates":[ { "State":"Boom", "Trend":0 } ] }, { "Name":"Camorra of Epsilon Eridani", "FactionState":"Boom", "Government":"Anarchy", "Influence":0.089178, "Allegiance":"Independent" }, { "Name":"Future of EZ Aquarii", "FactionState":"Boom", "Government":"Democracy", "Influence":0.464930, "Allegiance":"Federation" }, { "Name":"EZ Aquarii Crimson Organisation", "FactionState":"CivilWar", "Government":"Anarchy", "Influence":0.057114, "Allegiance":"Independent", "RecoveringStates":[ { "State":"Boom", "Trend":0 } ] }, { "Name":"Sentinel Logistic Services", "FactionState":"CivilWar", "Government":"Corporate", "Influence":0.048096, "Allegiance":"Independent" } ], "SystemFaction":"Future of EZ Aquarii", "FactionState":"Boom" }
{ "timestamp":"2017-07-04T20:26:38Z", "event":"StartJump", "JumpType":"Hyperspace", "StarSystem":"LHS 3885", "StarClass":"K" }
{ "timestamp":"2017-07-04T20:26:56Z", "event":"FSDJump", "StarSystem":"LHS 3885", "StarPos":[-7.031,-24.281,8.906], "SystemAllegiance":"Federation", "SystemEconomy":"$economy_HighTech;", "SystemEconomy_Localised":"High Tech", "SystemGovernment":"$government_Democracy;", "SystemGovernment_Localised":"Democracy", "SystemSecurity":"$SYSTEM_SECURITY_high;", "SystemSecurity_Localised":"High Security", "JumpDist":15.936, "FuelUsed":0.327075, "FuelLevel":26.854914, "Factions":[ { "Name":"Union of Gliese 868 Green Party", "FactionState":"None", "Government":"Democracy", "Influence":0.060939, "Allegiance":"Federation", "PendingStates":[ { "State":"Boom", "Trend":1 } ] }, { "Name":"League of LHS 3885 League", "FactionState":"Boom", "Government":"Dictatorship", "Influence":0.128871, "Allegiance":"Independent" }, { "Name":"LP 525-39 & Co", "FactionState":"None", "Government":"Corporate", "Influence":0.077922, "Allegiance":"Federation" }, { "Name":"Crew of LHS 3885", "FactionState":"Boom", "Government":"Anarchy", "Influence":0.070929, "Allegiance":"Independent" }, { "Name":"5 G. Capricorni Inc", "FactionState":"None", "Government":"Corporate", "Influence":0.155844, "Allegiance":"Federation", "RecoveringStates":[ { "State":"Boom", "Trend":1 } ] }, { "Name":"LHS 3885 Co", "FactionState":"None", "Government":"Corporate", "Influence":0.177822, "Allegiance":"Federation", "PendingStates":[ { "State":"CivilWar", "Trend":0 } ], "RecoveringStates":[ { "State":"Boom", "Trend":0 } ] }, { "Name":"Democrats of LHS 3885", "FactionState":"Boom", "Government":"Democracy", "Influence":0.327672, "Allegiance":"Federation", "PendingStates":[ { "State":"CivilWar", "Trend":0 } ] } ], "SystemFaction":"Democrats of LHS 3885", "FactionState":"Boom" }
{ "timestamp":"2017-07-04T20:27:43Z", "event":"ReceiveText", "From":"$ShipName_PassengerLiner_Cruise;", "From_Localised":"Cruise Ship", "Message":"$CruiseLiner_SCPatrol03;", "Message_Localised":"Today's cruise includes some delightful views, our flight attendants are on hand with full details.", "Channel":"npc" }
{ "timestamp":"2017-07-04T20:28:24Z", "event":"MaterialCollected", "Category":"Encoded", "Name":"shielddensityreports", "Count":3 }
{ "timestamp":"2017-07-04T20:28:31Z", "event":"MaterialCollected", "Category":"Encoded", "Name":"bulkscandata", "Count":3 }
{ "timestamp":"2017-07-04T20:29:42Z", "event":"SupercruiseExit", "StarSystem":"LHS 3885", "Body":"Alvarado Ring", "BodyType":"Station" }
{ "timestamp":"2017-07-04T20:29:59Z", "event":"DockingRequested", "StationName":"Alvarado Ring" }
{ "timestamp":"2017-07-04T20:29:59Z", "event":"ReceiveText", "From":"Alvarado Ring", "Message":"$DockingChatter_Neutral;", "Message_Localised":"Ensure to observe starport protocol during your visit, pilot.", "Channel":"npc" }
{ "timestamp":"2017-07-04T20:30:00Z", "event":"ReceiveText", "From":"Alvarado Ring", "Message":"$STATION_docking_granted;", "Message_Localised":"Docking request granted.", "Channel":"npc" }
{ "timestamp":"2017-07-04T20:30:00Z", "event":"DockingGranted", "LandingPad":9, "StationName":"Alvarado Ring" }
{ "timestamp":"2017-07-04T20:30:25Z", "event":"ReceiveText", "From":"Alvarado Ring", "Message":"$STATION_NoFireZone_entered;", "Message_Localised":"No fire zone entered.", "Channel":"npc" }
{ "timestamp":"2017-07-04T20:31:24Z", "event":"Docked", "StationName":"Alvarado Ring", "StationType":"Coriolis", "StarSystem":"LHS 3885", "StationFaction":"Democrats of LHS 3885", "FactionState":"Boom", "StationGovernment":"$government_Democracy;", "StationGovernment_Localised":"Democracy", "StationAllegiance":"Federation", "StationEconomy":"$economy_HighTech;", "StationEconomy_Localised":"High Tech", "DistFromStarLS":722.582092 }
{ "timestamp":"2017-07-04T20:31:46Z", "event":"RefuelAll", "Cost":265, "Amount":5.281313 }
{ "timestamp":"2017-07-04T20:31:48Z", "event":"BuyAmmo", "Cost":25 }
{ "timestamp":"2017-07-04T20:31:57Z", "event":"MarketBuy", "Type":"consumertechnology", "Count":448, "BuyPrice":6317, "TotalCost":2830016 }
{ "timestamp":"2017-07-04T20:32:48Z", "event":"Undocked", "StationName":"Alvarado Ring", "StationType":"Coriolis" }
{ "timestamp":"2017-07-04T20:33:53Z", "event":"ReceiveText", "From":"Alvarado Ring", "Message":"$STATION_NoFireZone_exited;", "Message_Localised":"No fire zone left.", "Channel":"npc" }
{ "timestamp":"2017-07-04T20:33:54Z", "event":"Scanned", "ScanType":"Cargo" }
{ "timestamp":"2017-07-04T20:33:54Z", "event":"ReceiveText", "From":"$ShipName_Police_Federation;", "From_Localised":"Federal Security Service", "Message":"$Police_ThankYouPassedStopAndSearch04;", "Message_Localised":"No crimes detected. You're free to go, Commander.", "Channel":"npc" }
{ "timestamp":"2017-07-04T20:34:15Z", "event":"StartJump", "JumpType":"Hyperspace", "StarSystem":"Struve 2398", "StarClass":"M" }
{ "timestamp":"2017-07-04T20:34:34Z", "event":"FSDJump", "StarSystem":"Struve 2398", "StarPos":[-10.625,4.750,0.094], "SystemAllegiance":"", "SystemEconomy":"$economy_None;", "SystemEconomy_Localised":"None", "SystemGovernment":"$government_None;", "SystemGovernment_Localised":"None", "SystemSecurity":"$SYSTEM_SECURITY_low;", "SystemSecurity_Localised":"Low Security", "JumpDist":30.551, "FuelUsed":7.777174, "FuelLevel":24.222826 }
{ "timestamp":"2017-07-04T20:35:03Z", "event":"StartJump", "JumpType":"Hyperspace", "StarSystem":"Rakapila", "StarClass":"M" }
{ "timestamp":"2017-07-04T20:35:22Z", "event":"FSDJump", "StarSystem":"Rakapila", "StarPos":[-14.906,33.625,9.125], "SystemAllegiance":"Federation", "SystemEconomy":"$economy_Industrial;", "SystemEconomy_Localised":"Industrial", "SystemGovernment":"$government_Democracy;", "SystemGovernment_Localised":"Democracy", "SystemSecurity":"$SYSTEM_SECURITY_medium;", "SystemSecurity_Localised":"Medium Security", "JumpDist":30.556, "FuelUsed":7.630455, "FuelLevel":16.592371, "Factions":[ { "Name":"Workers of LHS 2887 League", "FactionState":"War", "Government":"Confederacy", "Influence":0.083000, "Allegiance":"Federation", "PendingStates":[ { "State":"Boom", "Trend":1 } ] }, { "Name":"People's Rakapila Progressive Party", "FactionState":"None", "Government":"Democracy", "Influence":0.719000, "Allegiance":"Federation", "RecoveringStates":[ { "State":"Boom", "Trend":1 } ] }, { "Name":"Rakapila Silver Mafia", "FactionState":"Boom", "Government":"Anarchy", "Influence":0.017000, "Allegiance":"Independent", "PendingStates":[ { "State":"CivilUnrest", "Trend":1 }, { "State":"Lockdown", "Trend":1 } ] }, { "Name":"Rakapila aristocrats", "FactionState":"War", "Government":"Feudal", "Influence":0.059000, "Allegiance":"Independent", "PendingStates":[ { "State":"Boom", "Trend":1 }, { "State":"Outbreak", "Trend":-1 } ] }, { "Name":"Rakapila State Systems", "FactionState":"Boom", "Government":"Corporate", "Influence":0.122000, "Allegiance":"Federation" } ], "SystemFaction":"People's Rakapila Progressive Party" }
{ "timestamp":"2017-07-04T20:35:32Z", "event":"ReceiveText", "From":"$npc_name_decorate:#name=DJ Nanite;", "From_Localised":"DJ Nanite", "Message":"$Pirate_HunterHostileSC_Relevant05;", "Message_Localised":"The rumour was right... good job I found you first.", "Channel":"npc" }
{ "timestamp":"2017-07-04T20:37:19Z", "event":"SupercruiseExit", "StarSystem":"Rakapila", "Body":"Stone Enterprise", "BodyType":"Station" }
{ "timestamp":"2017-07-04T20:37:20Z", "event":"ReceiveText", "From":"Stone Enterprise", "Message":"$STATION_NoFireZone_entered;", "Message_Localised":"No fire zone entered.", "Channel":"npc" }
{ "timestamp":"2017-07-04T20:37:29Z", "event":"DockingRequested", "StationName":"Stone Enterprise" }
{ "timestamp":"2017-07-04T20:37:29Z", "event":"ReceiveText", "From":"Stone Enterprise", "Message":"$DockingChatter_Allied;", "Message_Localised":"An ally like you is always welcome here.", "Channel":"npc" }
{ "timestamp":"2017-07-04T20:37:30Z", "event":"ReceiveText", "From":"Stone Enterprise", "Message":"$STATION_docking_granted;", "Message_Localised":"Docking request granted.", "Channel":"npc" }
{ "timestamp":"2017-07-04T20:37:30Z", "event":"DockingGranted", "LandingPad":17, "StationName":"Stone Enterprise" }
{ "timestamp":"2017-07-04T20:37:51Z", "event":"ReceiveText", "From":"$npc_name_decorate:#name=DJ Nanite;", "From_Localised":"DJ Nanite", "Message":"$Pirate_Arrival12;", "Message_Localised":"I hope my reputation precedes me.", "Channel":"npc" }
{ "timestamp":"2017-07-04T20:38:34Z", "event":"Docked", "StationName":"Stone Enterprise", "StationType":"Orbis", "StarSystem":"Rakapila", "StationFaction":"People's Rakapila Progressive Party", "StationGovernment":"$government_Democracy;", "StationGovernment_Localised":"Democracy", "StationAllegiance":"Federation", "StationEconomy":"$economy_Industrial;", "StationEconomy_Localised":"Industrial", "DistFromStarLS":39.506432 }
{ "timestamp":"2017-07-04T20:39:14Z", "event":"RefuelAll", "Cost":777, "Amount":15.517508 }
{ "timestamp":"2017-07-04T20:39:41Z", "event":"MarketSell", "Type":"consumertechnology", "Count":448, "SellPrice":10154, "TotalSale":4548992, "AvgPricePaid":6317 }
{ "timestamp":"2017-07-04T20:40:42Z", "event":"BuyAmmo", "Cost":25 }
