{ "timestamp":"2016-09-21T20:23:23Z", "event":"Fileheader", "part":1, "language":"English\\UK", "gameversion":"2.2 (Beta 3)", "build":"r121970/r0 " }
{ "timestamp":"2016-09-21T20:24:21Z", "event":"LoadGame", "Commander":"Blantyre", "Ship":"Python", "ShipID":12, "GameMode":"Solo", "Credits":17132538, "Loan":0 }
{ "timestamp":"2016-09-21T20:24:21Z", "event":"Rank", "Combat":4, "Trade":5, "Explore":4, "Empire":2, "Federation":6, "CQC":0 }
{ "timestamp":"2016-09-21T20:24:21Z", "event":"Progress", "Combat":8, "Trade":84, "Explore":12, "Empire":14, "Federation":95, "CQC":0 }
{ "timestamp":"2016-09-21T20:24:38Z", "event":"Location", "Docked":1, "StationName":"Crown Station", "StationType":"Coriolis", "StarSystem":"HIP 20395", "StarPos":[-57.031,-19.938,-167.406], "Allegiance":"Independent", "Economy":"$economy_Industrial;", "Economy_Localised":"Industrial", "Government":"$government_PrisonColony;", "Government_Localised":"Prison colony", "Security":"$SYSTEM_SECURITY_low;", "Security_Localised":"Low Security", "Faction":"HIP 20395 Prison Colony" }
{ "timestamp":"2016-09-21T20:24:38Z", "event":"Docked", "StationName":"Crown Station", "StationType":"Coriolis", "StarSystem":"HIP 20395", "Faction":"HIP 20395 Prison Colony", "Allegiance":"Independent", "Economy":"$economy_Industrial;", "Economy_Localised":"Industrial", "Government":"$government_PrisonColony;", "Government_Localised":"Prison colony", "Security":"$SYSTEM_SECURITY_low;", "Security_Localised":"Low Security" }
{ "timestamp":"2016-09-21T20:28:19Z", "event":"LoadGame", "Commander":"Blantyre", "Ship":"Python", "ShipID":12, "GameMode":"Solo", "Credits":17132538, "Loan":0 }
{ "timestamp":"2016-09-21T20:28:19Z", "event":"Rank", "Combat":4, "Trade":5, "Explore":4, "Empire":2, "Federation":6, "CQC":0 }
{ "timestamp":"2016-09-21T20:28:19Z", "event":"Progress", "Combat":8, "Trade":84, "Explore":12, "Empire":14, "Federation":95, "CQC":0 }
{ "timestamp":"2016-09-21T20:28:28Z", "event":"Location", "Docked":1, "StationName":"Crown Station", "StationType":"Coriolis", "StarSystem":"HIP 20395", "StarPos":[-57.031,-19.938,-167.406], "Allegiance":"Independent", "Economy":"$economy_Industrial;", "Economy_Localised":"Industrial", "Government":"$government_PrisonColony;", "Government_Localised":"Prison colony", "Security":"$SYSTEM_SECURITY_low;", "Security_Localised":"Low Security", "Faction":"HIP 20395 Prison Colony" }
{ "timestamp":"2016-09-21T20:28:28Z", "event":"Docked", "StationName":"Crown Station", "StationType":"Coriolis", "StarSystem":"HIP 20395", "Faction":"HIP 20395 Prison Colony", "Allegiance":"Independent", "Economy":"$economy_Industrial;", "Economy_Localised":"Industrial", "Government":"$government_PrisonColony;", "Government_Localised":"Prison colony", "Security":"$SYSTEM_SECURITY_low;", "Security_Localised":"Low Security" }
{ "timestamp":"2016-09-21T20:29:38Z", "event":"ModuleBuy", "Slot":"PaintJob", "BuyItem":"$paintjob_python_blackfriday_01_name;", "BuyItem_Localised":"Black Friday", "BuyPrice":0, "Ship":"python", "ShipID":12 }
{ "timestamp":"2016-09-21T20:33:41Z", "event":"SellExplorationData", "Systems":[ "LFT 324", "Hyades Sector DB-X d1-62", "Hyades Sector VA-M b8-1", "Ross 27", "Jangore", "Huveang De", "Heili", "Arietis Sector IH-U b3-4", "Arietis Sector QT-Q b5-5", "Hyades Sector XV-L b8-6", "Arietis Sector RJ-O a7-2", "Arietis Sector MD-Q a6-3" ], "Discovered":[  ], "BaseValue":47158, "Bonus":0 }
{ "timestamp":"2016-09-21T20:34:02Z", "event":"Undocked", "StationName":"Crown Station", "StationType":"Coriolis" }
{ "timestamp":"2016-09-21T20:36:09Z", "event":"FSDJump", "StarSystem":"Arietis Sector DB-W b2-4", "StarPos":[-50.375,-11.781,-161.531], "Allegiance":"", "Economy":"$economy_None;", "Economy_Localised":"None", "Government":"$government_None;", "Government_Localised":"None", "Security":"$SYSTEM_SECURITY_low;", "Security_Localised":"Low Security", "JumpDist":12.056, "FuelUsed":2.620413, "FuelLevel":29.379587 }
{ "timestamp":"2016-09-21T20:36:37Z", "event":"FuelScoop", "Scooped":1.995932, "Total":31.375519 }
{ "timestamp":"2016-09-21T20:37:55Z", "event":"FSDJump", "StarSystem":"Arietis Sector ZZ-Y c12", "StarPos":[-46.969,-6.156,-151.875], "Allegiance":"Independent", "Economy":"$economy_Military;", "Economy_Localised":"Military", "Government":"$government_Dictatorship;", "Government_Localised":"Dictatorship", "Security":"$SYSTEM_SECURITY_medium;", "Security_Localised":"Medium Security", "JumpDist":11.683, "FuelUsed":2.421271, "FuelLevel":28.954248, "Faction":"Traditional Nyala Freedom Party" }
{ "timestamp":"2016-09-21T20:38:29Z", "event":"FuelScoop", "Scooped":3.045752, "Total":32.000000 }
{ "timestamp":"2016-09-21T20:39:06Z", "event":"FSDJump", "StarSystem":"Nyala", "StarPos":[-45.813,-2.625,-138.500], "Allegiance":"Federation", "Economy":"$economy_Industrial;", "Economy_Localised":"Industrial", "Government":"$government_Democracy;", "Government_Localised":"Democracy", "Security":"$SYSTEM_SECURITY_medium;", "Security_Localised":"Medium Security", "JumpDist":13.882, "FuelUsed":3.701635, "FuelLevel":28.298365, "Faction":"Nyala Values Party" }
{ "timestamp":"2016-09-21T20:39:49Z", "event":"FuelScoop", "Scooped":3.701635, "Total":32.000000 }
{ "timestamp":"2016-09-21T20:40:24Z", "event":"FSDJump", "StarSystem":"Allowini", "StarPos":[-43.344,4.031,-126.688], "Allegiance":"Federation", "Economy":"$economy_Refinery;", "Economy_Localised":"Refinery", "Government":"$government_Corporate;", "Government_Localised":"Corporate", "Security":"$SYSTEM_SECURITY_low;", "Security_Localised":"Low Security", "JumpDist":13.782, "FuelUsed":3.636597, "FuelLevel":28.363403, "Faction":"Allowini Blue Comms Systems" }
{ "timestamp":"2016-09-21T20:40:49Z", "event":"FuelScoop", "Scooped":2.090759, "Total":30.454163 }
{ "timestamp":"2016-09-21T20:41:22Z", "event":"FSDJump", "StarSystem":"Hyades Sector RU-N b7-2", "StarPos":[-34.906,5.719,-118.188], "Allegiance":"", "Economy":"$economy_None;", "Economy_Localised":"None", "Government":"$government_None;", "Government_Localised":"None", "Security":"$SYSTEM_SECURITY_low;", "Security_Localised":"Low Security", "JumpDist":12.095, "FuelUsed":2.628513, "FuelLevel":27.825649 }
{ "timestamp":"2016-09-21T20:41:52Z", "event":"FuelScoop", "Scooped":4.174351, "Total":32.000000 }
{ "timestamp":"2016-09-21T20:41:54Z", "event":"Interdicted", "Submitted":true, "Interdictor":"Skydd Terhaven", "IsPlayer":false, "Faction":"" }
{ "timestamp":"2016-09-21T20:41:55Z", "event":"SupercruiseExit", "StarSystem":"Hyades Sector RU-N b7-2", "Body":"Hyades Sector RU-N b7-2 A" }
{ "timestamp":"2016-09-21T20:42:52Z", "event":"Bounty", "Reward":0, "VictimFaction":"$faction_none;", "VictimFaction_Localised":"None" }
