{ "timestamp":"2017-02-19T19:31:49Z", "event":"Fileheader", "part":1, "language":"English\\UK", "gameversion":"2.2", "build":"r131487/r0 " }
{ "timestamp":"2017-02-19T19:33:38Z", "event":"LoadGame", "Commander":"Blantyre", "Ship":"Python", "ShipID":16, "GameMode":"Solo", "Credits":23261483, "Loan":0 }
{ "timestamp":"2017-02-19T19:33:38Z", "event":"Rank", "Combat":4, "Trade":5, "Explore":5, "Empire":2, "Federation":7, "CQC":0 }
{ "timestamp":"2017-02-19T19:33:38Z", "event":"Progress", "Combat":36, "Trade":97, "Explore":13, "Empire":18, "Federation":16, "CQC":0 }
{ "timestamp":"2017-02-19T19:34:12Z", "event":"Location", "Docked":true, "StationName":"Demolition Unlimited", "StationType":"", "StarSystem":"Eurybia", "StarPos":[51.406,-54.406,-30.500], "SystemAllegiance":"Independent", "SystemEconomy":"$economy_Industrial;", "SystemEconomy_Localised":"Industrial", "SystemGovernment":"$government_Anarchy;", "SystemGovernment_Localised":"Anarchy", "SystemSecurity":"$GAlAXY_MAP_INFO_state_anarchy;", "SystemSecurity_Localised":"Anarchy", "Body":"Makalu", "BodyType":"Planet", "SystemFaction":"Eurybia Blue Mafia" }
{ "timestamp":"2017-02-19T19:34:13Z", "event":"Docked", "StationName":"Demolition Unlimited", "StarSystem":"Eurybia", "StationFaction":"Liz Ryder", "StationGovernment":"$government_Engineer;", "StationGovernment_Localised":"Workshop", "StationAllegiance":"Empire", "StationEconomy":"$economy_Colony;", "StationEconomy_Localised":"Colony" }
{ "timestamp":"2017-02-19T19:35:19Z", "event":"EngineerCraft", "Engineer":"Liz Ryder", "Blueprint":"Weapon_LightWeight", "Level":1, "Ingredients":{"phosphorus":1 } }
{ "timestamp":"2017-02-19T19:35:49Z", "event":"EngineerApply", "Engineer":"Liz Ryder", "Blueprint":"Weapon_LightWeight", "Level":1 }
{ "timestamp":"2017-02-19T19:37:34Z", "event":"Undocked", "StationName":"Demolition Unlimited" }
{ "timestamp":"2017-02-19T19:38:01Z", "event":"ReceiveText", "From":"Demolition Unlimited", "Message":"$STATION_NoFireZone_exited;", "Message_Localised":"No fire zone left.", "Channel":"npc" }
{ "timestamp":"2017-02-19T19:38:13Z", "event":"SupercruiseEntry", "StarSystem":"Eurybia" }
{ "timestamp":"2017-02-19T19:40:17Z", "event":"FSDJump", "StarSystem":"Mebegernir", "StarPos":[50.688,-67.188,-12.813], "SystemAllegiance":"Federation", "SystemEconomy":"$economy_Industrial;", "SystemEconomy_Localised":"Industrial", "SystemGovernment":"$government_Corporate;", "SystemGovernment_Localised":"Corporate", "SystemSecurity":"$SYSTEM_SECURITY_medium;", "SystemSecurity_Localised":"Medium Security", "JumpDist":21.834, "FuelUsed":4.227180, "FuelLevel":27.724215, "SystemFaction":"Mebegernir Network", "FactionState":"Retreat" }
{ "timestamp":"2017-02-19T19:41:23Z", "event":"FSDJump", "StarSystem":"ICZ YU-X b1-6", "StarPos":[41.531,-79.656,-0.719], "SystemAllegiance":"", "SystemEconomy":"$economy_None;", "SystemEconomy_Localised":"None", "SystemGovernment":"$government_None;", "SystemGovernment_Localised":"None", "SystemSecurity":"$SYSTEM_SECURITY_low;", "SystemSecurity_Localised":"Low Security", "JumpDist":19.636, "FuelUsed":3.211611, "FuelLevel":24.512604 }
{ "timestamp":"2017-02-19T19:42:11Z", "event":"FSDJump", "StarSystem":"Long", "StarPos":[31.688,-89.500,17.844], "SystemAllegiance":"Empire", "SystemEconomy":"$economy_Refinery;", "SystemEconomy_Localised":"Refinery", "SystemGovernment":"$government_Corporate;", "SystemGovernment_Localised":"Corporate", "SystemSecurity":"$SYSTEM_SECURITY_medium;", "SystemSecurity_Localised":"Medium Security", "JumpDist":23.203, "FuelUsed":4.779893, "FuelLevel":19.732710, "SystemFaction":"G.O.M. Collective", "FactionState":"Boom" }
{ "timestamp":"2017-02-19T19:42:59Z", "event":"FSDJump", "StarSystem":"ICZ FR-V b2-1", "StarPos":[21.344,-105.031,22.875], "SystemAllegiance":"", "SystemEconomy":"$economy_None;", "SystemEconomy_Localised":"None", "SystemGovernment":"$government_None;", "SystemGovernment_Localised":"None", "SystemSecurity":"$SYSTEM_SECURITY_low;", "SystemSecurity_Localised":"Low Security", "JumpDist":19.327, "FuelUsed":3.003320, "FuelLevel":16.729389 }
{ "timestamp":"2017-02-19T19:43:59Z", "event":"FSDJump", "StarSystem":"ICZ FR-V b2-3", "StarPos":[19.500,-124.000,32.438], "SystemAllegiance":"", "SystemEconomy":"$economy_None;", "SystemEconomy_Localised":"None", "SystemGovernment":"$government_None;", "SystemGovernment_Localised":"None", "SystemSecurity":"$SYSTEM_SECURITY_low;", "SystemSecurity_Localised":"Low Security", "JumpDist":21.323, "FuelUsed":3.780325, "FuelLevel":12.949064 }
{ "timestamp":"2017-02-19T19:45:10Z", "event":"FSDJump", "StarSystem":"Bactrib", "StarPos":[17.406,-140.813,37.313], "SystemAllegiance":"Empire", "SystemEconomy":"$economy_Industrial;", "SystemEconomy_Localised":"Industrial", "SystemGovernment":"$government_Patronage;", "SystemGovernment_Localised":"Patronage", "SystemSecurity":"$SYSTEM_SECURITY_medium;", "SystemSecurity_Localised":"Medium Security", "JumpDist":17.630, "FuelUsed":2.340496, "FuelLevel":10.608568, "SystemFaction":"Bactrib Patrons of Law", "FactionState":"Retreat" }
{ "timestamp":"2017-02-19T19:45:59Z", "event":"FSDJump", "StarSystem":"ICZ NN-T b3-2", "StarPos":[16.594,-153.125,51.000], "SystemAllegiance":"", "SystemEconomy":"$economy_None;", "SystemEconomy_Localised":"None", "SystemGovernment":"$government_None;", "SystemGovernment_Localised":"None", "SystemSecurity":"$SYSTEM_SECURITY_low;", "SystemSecurity_Localised":"Low Security", "JumpDist":18.428, "FuelUsed":2.587006, "FuelLevel":8.021563 }
{ "timestamp":"2017-02-19T19:46:58Z", "event":"FSDJump", "StarSystem":"HIP 115966", "StarPos":[5.844,-166.625,59.938], "SystemAllegiance":"", "SystemEconomy":"$economy_None;", "SystemEconomy_Localised":"None", "SystemGovernment":"$government_None;", "SystemGovernment_Localised":"None", "SystemSecurity":"$SYSTEM_SECURITY_low;", "SystemSecurity_Localised":"Low Security", "JumpDist":19.434, "FuelUsed":2.919433, "FuelLevel":5.102129 }
{ "timestamp":"2017-02-19T19:48:01Z", "event":"FSDJump", "StarSystem":"Kamitra", "StarPos":[5.531,-183.406,63.844], "SystemAllegiance":"Empire", "SystemEconomy":"$economy_Agri;", "SystemEconomy_Localised":"Agriculture", "SystemGovernment":"$government_Patronage;", "SystemGovernment_Localised":"Patronage", "SystemSecurity":"$SYSTEM_SECURITY_medium;", "SystemSecurity_Localised":"Medium Security", "JumpDist":17.233, "FuelUsed":2.151723, "FuelLevel":2.950406, "SystemFaction":"Kamitra Empire Pact", "FactionState":"Boom" }
{ "timestamp":"2017-02-19T19:48:47Z", "event":"ReceiveText", "From":"$npc_name_decorate:#name=Cruise Ship;", "From_Localised":"Cruise Ship", "Message":"$CruiseLiner_SCPatrol04;", "Message_Localised":"I'd like to direct your attention to our flight attendants for a brief safety demonstration.", "Channel":"npc" }
{ "timestamp":"2017-02-19T19:49:19Z", "event":"ReceiveText", "From":"$npc_name_decorate:#name=Cruise Ship;", "From_Localised":"Cruise Ship", "Message":"$CruiseLiner_SCPatrol05;", "Message_Localised":"This is your captain. Due to some unforeseen delays, we will be arriving at our next destination later than scheduled.", "Channel":"npc" }
{ "timestamp":"2017-02-19T19:49:58Z", "event":"ReceiveText", "From":"$npc_name_decorate:#name=Cruise Ship;", "From_Localised":"Cruise Ship", "Message":"$CruiseLiner_SCPatrol01;", "Message_Localised":"And don't forget, this Liner is in the top 1% of all Liners out there.", "Channel":"npc" }
{ "timestamp":"2017-02-19T19:50:29Z", "event":"SupercruiseExit", "StarSystem":"Kamitra", "Body":"Hammel Terminal", "BodyType":"Station" }
{ "timestamp":"2017-02-19T19:50:30Z", "event":"ReceiveText", "From":"Hammel Terminal", "Message":"$STATION_NoFireZone_entered;", "Message_Localised":"No fire zone entered.", "Channel":"npc" }
{ "timestamp":"2017-02-19T19:50:43Z", "event":"DockingRequested", "StationName":"Hammel Terminal" }
{ "timestamp":"2017-02-19T19:50:43Z", "event":"ReceiveText", "From":"Hammel Terminal", "Message":"$DockingChatter_Neutral;", "Message_Localised":"Ensure to observe starport protocol during your visit, pilot.", "Channel":"npc" }
{ "timestamp":"2017-02-19T19:50:44Z", "event":"ReceiveText", "From":"Hammel Terminal", "Message":"$STATION_docking_granted;", "Message_Localised":"Docking request granted.", "Channel":"npc" }
{ "timestamp":"2017-02-19T19:50:44Z", "event":"DockingGranted", "LandingPad":35, "StationName":"Hammel Terminal" }
{ "timestamp":"2017-02-19T19:51:31Z", "event":"ReceiveText", "From":"$ShipName_Police_Empire;", "From_Localised":"Internal Security Service", "Message":"$Police_ThankYouPassedStopAndSearch10;", "Message_Localised":"Everything looks fine, Commander. Have a good day.", "Channel":"npc" }
{ "timestamp":"2017-02-19T19:51:50Z", "event":"Docked", "StationName":"Hammel Terminal", "StationType":"Orbis", "StarSystem":"Kamitra", "StationFaction":"Kamitra Empire Pact", "FactionState":"Boom", "StationGovernment":"$government_Patronage;", "StationGovernment_Localised":"Patronage", "StationAllegiance":"Empire", "StationEconomy":"$economy_Agri;", "StationEconomy_Localised":"Agriculture" }
{ "timestamp":"2017-02-19T19:51:59Z", "event":"RefuelAll", "Cost":1476, "Amount":29.491394 }
{ "timestamp":"2017-02-19T19:52:36Z", "event":"ModuleBuy", "Slot":"Slot04_Size5", "BuyItem":"$int_fuelscoop_size5_class3_name;", "BuyItem_Localised":"Fuel Scoop", "BuyPrice":567106, "Ship":"python", "ShipID":16 }
{ "timestamp":"2017-02-19T19:53:12Z", "event":"SellExplorationData", "Systems":[ "ICZ FR-V b2-1", "V2431 Cygni", "ICZ NN-T b3-2", "Long", "Piscium Sector GD-I a10-0", "Piscium Sector EX-J a9-0", "Core Sys Sector VJ-R a4-0", "Core Sys Sector XJ-R a4-0", "ICZ FR-V b2-3", "Alrai Sector DL-Y c31", "ICZ YU-X b1-6", "Ninabin", "Nyokojai", "Core Sys Sector VD-T a3-1" ], "Discovered":[  ], "BaseValue":59351, "Bonus":0 }
{ "timestamp":"2017-02-19T19:53:29Z", "event":"MarketBuy", "Type":"kamitracigars", "Count":45, "BuyPrice":6374, "TotalCost":286830 }
{ "timestamp":"2017-02-19T19:56:03Z", "event":"MissionAccepted", "Faction":"Kamitra Crimson United Ltd", "Name":"Mission_Delivery_Boom", "Commodity":"$FruitAndVegetables_Name;", "Commodity_Localised":"Fruit and Vegetables", "Count":2, "DestinationSystem":"Lambda-2 Phoenicis", "DestinationStation":"Stevenson Vision", "Expiry":"2017-02-20T19:53:38Z", "MissionID":93568447 }
{ "timestamp":"2017-02-19T19:56:06Z", "event":"MissionAccepted", "Faction":"Kamitra Crimson United Ltd", "Name":"Mission_Delivery_Boom", "Commodity":"$Water_Name;", "Commodity_Localised":"Water", "Count":27, "DestinationSystem":"Lambda-2 Phoenicis", "DestinationStation":"Kerimov Keep", "Expiry":"2017-02-20T19:53:38Z", "MissionID":93568481 }
{ "timestamp":"2017-02-19T19:56:08Z", "event":"MissionAccepted", "Faction":"Kamitra Crimson United Ltd", "Name":"Mission_Delivery_Boom", "Commodity":"$Tea_Name;", "Commodity_Localised":"Tea", "Count":2, "DestinationSystem":"Lambda-2 Phoenicis", "DestinationStation":"Peltier Vision", "Expiry":"2017-02-20T19:53:38Z", "MissionID":93568503 }
{ "timestamp":"2017-02-19T19:56:12Z", "event":"MissionAccepted", "Faction":"HIP 115888 Transport Inc", "Name":"Mission_Delivery_Agriculture", "Commodity":"$HydrogenFuel_Name;", "Commodity_Localised":"Hydrogen Fuel", "Count":14, "DestinationSystem":"Lambda-2 Phoenicis", "DestinationStation":"Kobayashi Dock", "Expiry":"2017-02-20T19:53:38Z", "MissionID":93568570 }
{ "timestamp":"2017-02-19T19:56:15Z", "event":"MissionAccepted", "Faction":"Traditional Kamitra Freedom Party", "Name":"Mission_Delivery_Boom", "Commodity":"$Algae_Name;", "Commodity_Localised":"Algae", "Count":18, "DestinationSystem":"Lambda-2 Phoenicis", "DestinationStation":"Schumacher Station", "Expiry":"2017-02-20T19:53:38Z", "MissionID":93568613 }
{ "timestamp":"2017-02-19T19:57:01Z", "event":"BuyAmmo", "Cost":25 }
{ "timestamp":"2017-02-19T19:57:24Z", "event":"CommunityGoalDiscard", "Name":"Alliance Rescue Operation", "System":"Fedmich" }
{ "timestamp":"2017-02-19T19:58:18Z", "event":"Undocked", "StationName":"Hammel Terminal", "StationType":"Orbis" }
{ "timestamp":"2017-02-19T19:59:05Z", "event":"ReceiveText", "From":"Hammel Terminal", "Message":"$STATION_NoFireZone_exited;", "Message_Localised":"No fire zone left.", "Channel":"npc" }
{ "timestamp":"2017-02-19T19:59:33Z", "event":"FSDJump", "StarSystem":"Beta Sculptoris", "StarPos":[4.875,-164.531,56.563], "SystemAllegiance":"Empire", "SystemEconomy":"$economy_HighTech;", "SystemEconomy_Localised":"High tech", "SystemGovernment":"$government_Dictatorship;", "SystemGovernment_Localised":"Dictatorship", "SystemSecurity":"$SYSTEM_SECURITY_medium;", "SystemSecurity_Localised":"Medium Security", "JumpDist":20.241, "FuelUsed":4.984853, "FuelLevel":27.015148, "SystemFaction":"The Bright Star Squad" }
{ "timestamp":"2017-02-19T20:00:28Z", "event":"ReceiveText", "From":"$npc_name_decorate:#name=Hannu-Henrik;", "From_Localised":"Hannu-Henrik", "Message":"$Pirate_HunterHostileSC_Relevant01;", "Message_Localised":"That's the ship I'm looking for, the one with the big haul...", "Channel":"npc" }
{ "timestamp":"2017-02-19T20:00:57Z", "event":"FSDJump", "StarSystem":"Kamitra", "StarPos":[5.531,-183.406,63.844], "SystemAllegiance":"Empire", "SystemEconomy":"$economy_Agri;", "SystemEconomy_Localised":"Agriculture", "SystemGovernment":"$government_Patronage;", "SystemGovernment_Localised":"Patronage", "SystemSecurity":"$SYSTEM_SECURITY_medium;", "SystemSecurity_Localised":"Medium Security", "JumpDist":20.241, "FuelUsed":4.910092, "FuelLevel":22.105057, "SystemFaction":"Kamitra Empire Pact", "FactionState":"Boom" }
{ "timestamp":"2017-02-19T20:01:09Z", "event":"ReceiveText", "From":"$npc_name_decorate:#name=Ross;", "From_Localised":"Ross", "Message":"$Pirate_HunterHostileSC_Relevant01;", "Message_Localised":"That's the ship I'm looking for, the one with the big haul...", "Channel":"npc" }
{ "timestamp":"2017-02-19T20:01:19Z", "event":"FuelScoop", "Scooped":0.307882, "Total":22.412939 }
{ "timestamp":"2017-02-19T20:01:47Z", "event":"ReceiveText", "From":"$npc_name_decorate:#name=Cruise Ship;", "From_Localised":"Cruise Ship", "Message":"$CruiseLiner_SCPatrol04;", "Message_Localised":"I'd like to direct your attention to our flight attendants for a brief safety demonstration.", "Channel":"npc" }
{ "timestamp":"2017-02-19T20:02:19Z", "event":"ReceiveText", "From":"$npc_name_decorate:#name=Cruise Ship;", "From_Localised":"Cruise Ship", "Message":"$CruiseLiner_SCPatrol04;", "Message_Localised":"I'd like to direct your attention to our flight attendants for a brief safety demonstration.", "Channel":"npc" }
{ "timestamp":"2017-02-19T20:02:58Z", "event":"SupercruiseExit", "StarSystem":"Kamitra", "Body":"Hammel Terminal", "BodyType":"Station" }
{ "timestamp":"2017-02-19T20:02:59Z", "event":"ReceiveText", "From":"Hammel Terminal", "Message":"$STATION_NoFireZone_entered;", "Message_Localised":"No fire zone entered.", "Channel":"npc" }
{ "timestamp":"2017-02-19T20:03:06Z", "event":"DockingRequested", "StationName":"Hammel Terminal" }
{ "timestamp":"2017-02-19T20:03:06Z", "event":"ReceiveText", "From":"Hammel Terminal", "Message":"$DockingChatter_Neutral;", "Message_Localised":"Ensure to observe starport protocol during your visit, pilot.", "Channel":"npc" }
{ "timestamp":"2017-02-19T20:03:08Z", "event":"ReceiveText", "From":"Hammel Terminal", "Message":"$STATION_docking_granted;", "Message_Localised":"Docking request granted.", "Channel":"npc" }
{ "timestamp":"2017-02-19T20:03:08Z", "event":"DockingGranted", "LandingPad":3, "StationName":"Hammel Terminal" }
{ "timestamp":"2017-02-19T20:03:59Z", "event":"Docked", "StationName":"Hammel Terminal", "StationType":"Orbis", "StarSystem":"Kamitra", "StationFaction":"Kamitra Empire Pact", "FactionState":"Boom", "StationGovernment":"$government_Patronage;", "StationGovernment_Localised":"Patronage", "StationAllegiance":"Empire", "StationEconomy":"$economy_Agri;", "StationEconomy_Localised":"Agriculture" }
{ "timestamp":"2017-02-19T20:04:17Z", "event":"RefuelAll", "Cost":487, "Amount":9.714499 }
{ "timestamp":"2017-02-19T20:13:05Z", "event":"Undocked", "StationName":"Hammel Terminal", "StationType":"Orbis" }
{ "timestamp":"2017-02-19T20:14:11Z", "event":"ReceiveText", "From":"$ShipName_Police_Empire;", "From_Localised":"Internal Security Service", "Message":"$Police_ThankYouPassedStopAndSearch10;", "Message_Localised":"Everything looks fine, Commander. Have a good day.", "Channel":"npc" }
{ "timestamp":"2017-02-19T20:15:07Z", "event":"FSDJump", "StarSystem":"Wardhr", "StarPos":[23.969,-184.875,56.125], "SystemAllegiance":"Independent", "SystemEconomy":"$economy_Industrial;", "SystemEconomy_Localised":"Industrial", "SystemGovernment":"$government_Democracy;", "SystemGovernment_Localised":"Democracy", "SystemSecurity":"$SYSTEM_SECURITY_medium;", "SystemSecurity_Localised":"Medium Security", "JumpDist":20.042, "FuelUsed":4.865360, "FuelLevel":27.134640, "SystemFaction":"Revolutionary HIP 599 Independents", "FactionState":"Boom" }
{ "timestamp":"2017-02-19T20:15:37Z", "event":"FuelScoop", "Scooped":3.576300, "Total":30.710939 }
{ "timestamp":"2017-02-19T20:15:48Z", "event":"ReceiveText", "From":"$npc_name_decorate:#name=Cruise Ship;", "From_Localised":"Cruise Ship", "Message":"$CruiseLiner_SCPatrol01;", "Message_Localised":"And don't forget, this Liner is in the top 1% of all Liners out there.", "Channel":"npc" }
{ "timestamp":"2017-02-19T20:16:06Z", "event":"FSDJump", "StarSystem":"ICZ KM-W c1-5", "StarPos":[32.719,-193.094,43.594], "SystemAllegiance":"", "SystemEconomy":"$economy_None;", "SystemEconomy_Localised":"None", "SystemGovernment":"$government_None;", "SystemGovernment_Localised":"None", "SystemSecurity":"$SYSTEM_SECURITY_low;", "SystemSecurity_Localised":"Low Security", "JumpDist":17.353, "FuelUsed":3.405362, "FuelLevel":27.305578 }
{ "timestamp":"2017-02-19T20:16:43Z", "event":"FuelScoop", "Scooped":4.694422, "Total":32.000000 }
{ "timestamp":"2017-02-19T20:17:13Z", "event":"FSDJump", "StarSystem":"HR 198", "StarPos":[44.906,-202.594,32.406], "SystemAllegiance":"Empire", "SystemEconomy":"$economy_Extraction;", "SystemEconomy_Localised":"Extraction", "SystemGovernment":"$government_Corporate;", "SystemGovernment_Localised":"Corporate", "SystemSecurity":"$SYSTEM_SECURITY_low;", "SystemSecurity_Localised":"Low Security", "JumpDist":19.077, "FuelUsed":4.311403, "FuelLevel":27.688597, "SystemFaction":"HR 198 Holdings", "FactionState":"Famine" }
{ "timestamp":"2017-02-19T20:17:48Z", "event":"FuelScoop", "Scooped":3.894518, "Total":31.583115 }
{ "timestamp":"2017-02-19T20:18:11Z", "event":"FSDJump", "StarSystem":"Col 285 Sector OC-T b17-1", "StarPos":[56.906,-206.469,22.344], "SystemAllegiance":"", "SystemEconomy":"$economy_None;", "SystemEconomy_Localised":"None", "SystemGovernment":"$government_None;", "SystemGovernment_Localised":"None", "SystemSecurity":"$SYSTEM_SECURITY_low;", "SystemSecurity_Localised":"Low Security", "JumpDist":16.133, "FuelUsed":2.855528, "FuelLevel":28.727587 }
{ "timestamp":"2017-02-19T20:18:36Z", "event":"FuelScoop", "Scooped":1.810123, "Total":30.537710 }
{ "timestamp":"2017-02-19T20:19:05Z", "event":"FSDJump", "StarSystem":"Col 285 Sector VT-I c9-6", "StarPos":[71.156,-216.813,16.156], "SystemAllegiance":"", "SystemEconomy":"$economy_None;", "SystemEconomy_Localised":"None", "SystemGovernment":"$government_None;", "SystemGovernment_Localised":"None", "SystemSecurity":"$SYSTEM_SECURITY_low;", "SystemSecurity_Localised":"Low Security", "JumpDist":18.664, "FuelUsed":4.068018, "FuelLevel":26.469692 }
{ "timestamp":"2017-02-19T20:19:21Z", "event":"ReceiveText", "From":"$npc_name_decorate:#name=Hannu-Henrik;", "From_Localised":"Hannu-Henrik", "Message":"$Pirate_HunterHostileSC_Relevant02;", "Message_Localised":"I knew I'd find you eventually, all that tasty cargo!", "Channel":"npc" }
{ "timestamp":"2017-02-19T20:19:55Z", "event":"FSDJump", "StarSystem":"Col 285 Sector LW-U b16-0", "StarPos":[81.281,-222.969,1.344], "SystemAllegiance":"", "SystemEconomy":"$economy_None;", "SystemEconomy_Localised":"None", "SystemGovernment":"$government_None;", "SystemGovernment_Localised":"None", "SystemSecurity":"$SYSTEM_SECURITY_low;", "SystemSecurity_Localised":"Low Security", "JumpDist":18.969, "FuelUsed":4.181131, "FuelLevel":22.288561 }
{ "timestamp":"2017-02-19T20:20:45Z", "event":"FSDJump", "StarSystem":"Col 285 Sector MW-U b16-0", "StarPos":[98.750,-222.469,-1.625], "SystemAllegiance":"", "SystemEconomy":"$economy_None;", "SystemEconomy_Localised":"None", "SystemGovernment":"$government_None;", "SystemGovernment_Localised":"None", "SystemSecurity":"$SYSTEM_SECURITY_low;", "SystemSecurity_Localised":"Low Security", "JumpDist":17.726, "FuelUsed":3.496670, "FuelLevel":18.791891 }
{ "timestamp":"2017-02-19T20:21:15Z", "event":"FuelScoop", "Scooped":3.464981, "Total":22.256872 }
{ "timestamp":"2017-02-19T20:21:41Z", "event":"FSDJump", "StarSystem":"HIP 11181", "StarPos":[115.844,-221.844,-5.344], "SystemAllegiance":"", "SystemEconomy":"$economy_None;", "SystemEconomy_Localised":"None", "SystemGovernment":"$government_None;", "SystemGovernment_Localised":"None", "SystemSecurity":"$SYSTEM_SECURITY_low;", "SystemSecurity_Localised":"Low Security", "JumpDist":17.505, "FuelUsed":3.390105, "FuelLevel":18.866768 }
{ "timestamp":"2017-02-19T20:22:09Z", "event":"FuelScoop", "Scooped":1.098927, "Total":19.965694 }
{ "timestamp":"2017-02-19T20:22:43Z", "event":"FSDJump", "StarSystem":"Kuwemaki", "StarPos":[134.656,-226.906,-7.813], "SystemAllegiance":"Independent", "SystemEconomy":"$economy_Extraction;", "SystemEconomy_Localised":"Extraction", "SystemGovernment":"$government_Cooperative;", "SystemGovernment_Localised":"Cooperative", "SystemSecurity":"$SYSTEM_SECURITY_medium;", "SystemSecurity_Localised":"Medium Security", "JumpDist":19.638, "FuelUsed":4.461828, "FuelLevel":15.503866, "SystemFaction":"Uniting Kuwemaki", "FactionState":"Expansion" }
{ "timestamp":"2017-02-19T20:25:17Z", "event":"SupercruiseExit", "StarSystem":"Kuwemaki", "Body":"Kuwemaki A 3 a", "BodyType":"Planet" }
{ "timestamp":"2017-02-19T20:25:52Z", "event":"DockingRequested", "StationName":"The Jet's Hole" }
{ "timestamp":"2017-02-19T20:25:52Z", "event":"ReceiveText", "From":"The Jet's Hole", "Message":"$DockingChatter_Neutral;", "Message_Localised":"Ensure to observe starport protocol during your visit, pilot.", "Channel":"npc" }
{ "timestamp":"2017-02-19T20:25:53Z", "event":"ReceiveText", "From":"The Jet's Hole", "Message":"$STATION_docking_granted;", "Message_Localised":"Docking request granted.", "Channel":"npc" }
{ "timestamp":"2017-02-19T20:25:53Z", "event":"DockingGranted", "LandingPad":4, "StationName":"The Jet's Hole" }
{ "timestamp":"2017-02-19T20:26:12Z", "event":"ReceiveText", "From":"The Jet's Hole", "Message":"$STATION_NoFireZone_entered;", "Message_Localised":"No fire zone entered.", "Channel":"npc" }
{ "timestamp":"2017-02-19T20:26:59Z", "event":"Docked", "StationName":"The Jet's Hole", "StarSystem":"Kuwemaki", "StationFaction":"Hera Tani", "StationGovernment":"$government_Engineer;", "StationGovernment_Localised":"Workshop", "StationAllegiance":"Empire", "StationEconomy":"$economy_Colony;", "StationEconomy_Localised":"Colony" }
{ "timestamp":"2017-02-19T20:27:12Z", "event":"RefuelAll", "Cost":841, "Amount":16.804869 }
{ "timestamp":"2017-02-19T20:27:48Z", "event":"Undocked", "StationName":"The Jet's Hole" }
{ "timestamp":"2017-02-19T20:28:11Z", "event":"ReceiveText", "From":"The Jet's Hole", "Message":"$STATION_NoFireZone_exited;", "Message_Localised":"No fire zone left.", "Channel":"npc" }
{ "timestamp":"2017-02-19T20:29:22Z", "event":"SupercruiseEntry", "StarSystem":"Kuwemaki" }
{ "timestamp":"2017-02-19T20:30:20Z", "event":"ReceiveText", "From":"$npc_name_decorate:#name=Hannu-Henrik;", "From_Localised":"Hannu-Henrik", "Message":"$Pirate_HunterHostileSC_Relevant03;", "Message_Localised":"I've come a long way for what's in your hold, don't try to run!", "Channel":"npc" }
{ "timestamp":"2017-02-19T20:30:45Z", "event":"FSDJump", "StarSystem":"HIP 11181", "StarPos":[115.844,-221.844,-5.344], "SystemAllegiance":"", "SystemEconomy":"$economy_None;", "SystemEconomy_Localised":"None", "SystemGovernment":"$government_None;", "SystemGovernment_Localised":"None", "SystemSecurity":"$SYSTEM_SECURITY_low;", "SystemSecurity_Localised":"Low Security", "JumpDist":19.638, "FuelUsed":4.024080, "FuelLevel":27.975920 }
{ "timestamp":"2017-02-19T20:31:27Z", "event":"FuelScoop", "Scooped":4.024080, "Total":32.000000 }
{ "timestamp":"2017-02-19T20:31:59Z", "event":"FSDJump", "StarSystem":"HR 574", "StarPos":[100.813,-226.750,6.719], "SystemAllegiance":"", "SystemEconomy":"$economy_None;", "SystemEconomy_Localised":"None", "SystemGovernment":"$government_None;", "SystemGovernment_Localised":"None", "SystemSecurity":"$SYSTEM_SECURITY_low;", "SystemSecurity_Localised":"Low Security", "JumpDist":19.888, "FuelUsed":4.150540, "FuelLevel":27.849461 }
{ "timestamp":"2017-02-19T20:32:34Z", "event":"FuelScoop", "Scooped":3.772669, "Total":31.622129 }
{ "timestamp":"2017-02-19T20:33:06Z", "event":"FSDJump", "StarSystem":"Panga", "StarPos":[81.938,-232.656,13.188], "SystemAllegiance":"Empire", "SystemEconomy":"$economy_Colony;", "SystemEconomy_Localised":"Colony", "SystemGovernment":"$government_Dictatorship;", "SystemGovernment_Localised":"Dictatorship", "SystemSecurity":"$SYSTEM_SECURITY_medium;", "SystemSecurity_Localised":"Medium Security", "JumpDist":20.809, "FuelUsed":4.631804, "FuelLevel":26.990326, "SystemFaction":"Bureau of Panga" }
{ "timestamp":"2017-02-19T20:33:22Z", "event":"ReceiveText", "From":"$npc_name_decorate:#name=Hannu-Henrik;", "From_Localised":"Hannu-Henrik", "Message":"$Pirate_HunterHostileSC_Relevant05;", "Message_Localised":"The rumour was right... good job I found you first.", "Channel":"npc" }
{ "timestamp":"2017-02-19T20:33:31Z", "event":"FuelScoop", "Scooped":1.552837, "Total":28.543163 }
{ "timestamp":"2017-02-19T20:33:57Z", "event":"FSDJump", "StarSystem":"Col 285 Sector VT-I c9-4", "StarPos":[67.656,-222.656,23.750], "SystemAllegiance":"", "SystemEconomy":"$economy_None;", "SystemEconomy_Localised":"None", "SystemGovernment":"$government_None;", "SystemGovernment_Localised":"None", "SystemSecurity":"$SYSTEM_SECURITY_low;", "SystemSecurity_Localised":"Low Security", "JumpDist":20.384, "FuelUsed":4.360596, "FuelLevel":24.182568 }
{ "timestamp":"2017-02-19T20:34:27Z", "event":"FuelScoop", "Scooped":2.494246, "Total":26.676813 }
{ "timestamp":"2017-02-19T20:34:46Z", "event":"FSDJump", "StarSystem":"Col 285 Sector OC-T b17-1", "StarPos":[56.906,-206.469,22.344], "SystemAllegiance":"", "SystemEconomy":"$economy_None;", "SystemEconomy_Localised":"None", "SystemGovernment":"$government_None;", "SystemGovernment_Localised":"None", "SystemSecurity":"$SYSTEM_SECURITY_low;", "SystemSecurity_Localised":"Low Security", "JumpDist":19.483, "FuelUsed":3.874043, "FuelLevel":22.802771 }
{ "timestamp":"2017-02-19T20:35:08Z", "event":"FuelScoop", "Scooped":0.797390, "Total":23.600161 }
{ "timestamp":"2017-02-19T20:36:02Z", "event":"FSDJump", "StarSystem":"Col 285 Sector XJ-R d4-63", "StarPos":[39.125,-210.313,32.375], "SystemAllegiance":"", "SystemEconomy":"$economy_None;", "SystemEconomy_Localised":"None", "SystemGovernment":"$government_None;", "SystemGovernment_Localised":"None", "SystemSecurity":"$SYSTEM_SECURITY_low;", "SystemSecurity_Localised":"Low Security", "JumpDist":20.774, "FuelUsed":4.495732, "FuelLevel":19.104429 }
{ "timestamp":"2017-02-19T20:36:36Z", "event":"FuelScoop", "Scooped":4.599159, "Total":23.703588 }
{ "timestamp":"2017-02-19T20:37:06Z", "event":"FSDJump", "StarSystem":"Col 285 Sector QI-R b18-0", "StarPos":[24.125,-205.031,42.156], "SystemAllegiance":"", "SystemEconomy":"$economy_None;", "SystemEconomy_Localised":"None", "SystemGovernment":"$government_None;", "SystemGovernment_Localised":"None", "SystemSecurity":"$SYSTEM_SECURITY_low;", "SystemSecurity_Localised":"Low Security", "JumpDist":18.670, "FuelUsed":3.461651, "FuelLevel":20.241938 }
{ "timestamp":"2017-02-19T20:37:34Z", "event":"FuelScoop", "Scooped":1.880207, "Total":22.122145 }
{ "timestamp":"2017-02-19T20:38:08Z", "event":"FSDJump", "StarSystem":"HIP 117513", "StarPos":[14.469,-197.031,58.094], "SystemAllegiance":"", "SystemEconomy":"$economy_None;", "SystemEconomy_Localised":"None", "SystemGovernment":"$government_None;", "SystemGovernment_Localised":"None", "SystemSecurity":"$SYSTEM_SECURITY_low;", "SystemSecurity_Localised":"Low Security", "JumpDist":20.279, "FuelUsed":4.217507, "FuelLevel":17.904638 }
{ "timestamp":"2017-02-19T20:38:44Z", "event":"FuelScoop", "Scooped":4.524994, "Total":22.429632 }
{ "timestamp":"2017-02-19T20:39:14Z", "event":"FSDJump", "StarSystem":"Kamitra", "StarPos":[5.531,-183.406,63.844], "SystemAllegiance":"Empire", "SystemEconomy":"$economy_Agri;", "SystemEconomy_Localised":"Agriculture", "SystemGovernment":"$government_Patronage;", "SystemGovernment_Localised":"Patronage", "SystemSecurity":"$SYSTEM_SECURITY_medium;", "SystemSecurity_Localised":"Medium Security", "JumpDist":17.280, "FuelUsed":2.851861, "FuelLevel":19.577770, "SystemFaction":"Kamitra Empire Pact", "FactionState":"Boom" }
{ "timestamp":"2017-02-19T20:39:52Z", "event":"ReceiveText", "From":"$npc_name_decorate:#name=Cruise Ship;", "From_Localised":"Cruise Ship", "Message":"$CruiseLiner_SCPatrol03;", "Message_Localised":"Today's cruise includes some delightful views, our flight attendants are on hand with full details.", "Channel":"npc" }
{ "timestamp":"2017-02-19T20:40:23Z", "event":"ReceiveText", "From":"$npc_name_decorate:#name=Cruise Ship;", "From_Localised":"Cruise Ship", "Message":"$CruiseLiner_SCPatrol03;", "Message_Localised":"Today's cruise includes some delightful views, our flight attendants are on hand with full details.", "Channel":"npc" }
{ "timestamp":"2017-02-19T20:41:05Z", "event":"ReceiveText", "From":"$npc_name_decorate:#name=Cruise Ship;", "From_Localised":"Cruise Ship", "Message":"$CruiseLiner_SCPatrol04;", "Message_Localised":"I'd like to direct your attention to our flight attendants for a brief safety demonstration.", "Channel":"npc" }
{ "timestamp":"2017-02-19T20:41:41Z", "event":"SupercruiseExit", "StarSystem":"Kamitra", "Body":"Hammel Terminal", "BodyType":"Station" }
{ "timestamp":"2017-02-19T20:41:42Z", "event":"ReceiveText", "From":"Hammel Terminal", "Message":"$STATION_NoFireZone_entered;", "Message_Localised":"No fire zone entered.", "Channel":"npc" }
{ "timestamp":"2017-02-19T20:42:03Z", "event":"DockingRequested", "StationName":"Hammel Terminal" }
{ "timestamp":"2017-02-19T20:42:03Z", "event":"ReceiveText", "From":"Hammel Terminal", "Message":"$DockingChatter_Neutral;", "Message_Localised":"Ensure to observe starport protocol during your visit, pilot.", "Channel":"npc" }
{ "timestamp":"2017-02-19T20:42:04Z", "event":"ReceiveText", "From":"Hammel Terminal", "Message":"$STATION_docking_granted;", "Message_Localised":"Docking request granted.", "Channel":"npc" }
{ "timestamp":"2017-02-19T20:42:04Z", "event":"DockingGranted", "LandingPad":26, "StationName":"Hammel Terminal" }
{ "timestamp":"2017-02-19T20:42:27Z", "event":"ReceiveText", "From":"$ShipName_Police_Empire;", "From_Localised":"Internal Security Service", "Message":"$Police_ThankYouPassedStopAndSearch07;", "Message_Localised":"Your scan is clear. Carry on with your journey, Commander.", "Channel":"npc" }
{ "timestamp":"2017-02-19T20:42:42Z", "event":"Docked", "StationName":"Hammel Terminal", "StationType":"Orbis", "StarSystem":"Kamitra", "StationFaction":"Kamitra Empire Pact", "FactionState":"Boom", "StationGovernment":"$government_Patronage;", "StationGovernment_Localised":"Patronage", "StationAllegiance":"Empire", "StationEconomy":"$economy_Agri;", "StationEconomy_Localised":"Agriculture" }
{ "timestamp":"2017-02-19T20:42:58Z", "event":"MarketBuy", "Type":"kamitracigars", "Count":10, "BuyPrice":6374, "TotalCost":63740 }
{ "timestamp":"2017-02-19T20:43:02Z", "event":"RefuelAll", "Cost":639, "Amount":12.753690 }
{ "timestamp":"2017-02-19T20:43:43Z", "event":"Undocked", "StationName":"Hammel Terminal", "StationType":"Orbis" }
{ "timestamp":"2017-02-19T20:45:22Z", "event":"ReceiveText", "From":"$npc_name_decorate:#name=James Swinburn;", "From_Localised":"James Swinburn", "Message":"$Commuter_AuthorityScan02;", "Message_Localised":"How can I be of assistance?", "Channel":"npc" }
{ "timestamp":"2017-02-19T20:46:23Z", "event":"FSDJump", "StarSystem":"Wardhr", "StarPos":[23.969,-184.875,56.125], "SystemAllegiance":"Independent", "SystemEconomy":"$economy_Industrial;", "SystemEconomy_Localised":"Industrial", "SystemGovernment":"$government_Democracy;", "SystemGovernment_Localised":"Democracy", "SystemSecurity":"$SYSTEM_SECURITY_medium;", "SystemSecurity_Localised":"Medium Security", "JumpDist":20.042, "FuelUsed":4.366747, "FuelLevel":27.633253, "SystemFaction":"Revolutionary HIP 599 Independents", "FactionState":"Boom" }
{ "timestamp":"2017-02-19T20:46:39Z", "event":"ReceiveText", "From":"$npc_name_decorate:#name=Hannu-Henrik;", "From_Localised":"Hannu-Henrik", "Message":"$Pirate_HunterHostileSC_Relevant03;", "Message_Localised":"I've come a long way for what's in your hold, don't try to run!", "Channel":"npc" }
{ "timestamp":"2017-02-19T20:46:45Z", "event":"Interdicted", "Submitted":true, "Interdictor":"Hannu-Henrik", "IsPlayer":false, "Faction":"HIP 115584 Shared" }
{ "timestamp":"2017-02-19T20:46:46Z", "event":"SupercruiseExit", "StarSystem":"Wardhr", "Body":"Wardhr A", "BodyType":"Star" }
{ "timestamp":"2017-02-19T20:46:47Z", "event":"ReceiveText", "From":"$npc_name_decorate:#name=Hannu-Henrik;", "From_Localised":"Hannu-Henrik", "Message":"$Pirate_OnDeclarePiracyThreaten12;", "Message_Localised":"Hand over your cargo and I'll let you fly away.", "Channel":"npc" }
{ "timestamp":"2017-02-19T20:46:57Z", "event":"ReceiveText", "From":"$npc_name_decorate:#name=Hannu-Henrik;", "From_Localised":"Hannu-Henrik", "Message":"$Pirate_OnDeclarePiracyAttack10;", "Message_Localised":"Die now, wretch!", "Channel":"npc" }
{ "timestamp":"2017-02-19T20:47:37Z", "event":"HeatWarning" }
{ "timestamp":"2017-02-19T20:47:41Z", "event":"ReceiveText", "From":"$npc_name_decorate:#name=Hannu-Henrik;", "From_Localised":"Hannu-Henrik", "Message":"$BadKarmaCriticalDamage07;", "Message_Localised":"Too much damage!", "Channel":"npc" }
{ "timestamp":"2017-02-19T20:47:47Z", "event":"Bounty", "Rewards":[ { "Faction":"Revolutionary HIP 599 Independents", "Reward":71180 } ], "Target":"vulture", "TotalReward":71180, "VictimFaction":"HIP 115584 Shared" }
{ "timestamp":"2017-02-19T20:48:32Z", "event":"FSDJump", "StarSystem":"ICZ KM-W c1-5", "StarPos":[32.719,-193.094,43.594], "SystemAllegiance":"", "SystemEconomy":"$economy_None;", "SystemEconomy_Localised":"None", "SystemGovernment":"$government_None;", "SystemGovernment_Localised":"None", "SystemSecurity":"$SYSTEM_SECURITY_low;", "SystemSecurity_Localised":"Low Security", "JumpDist":17.353, "FuelUsed":3.068342, "FuelLevel":28.931658 }
{ "timestamp":"2017-02-19T20:49:08Z", "event":"FuelScoop", "Scooped":3.068342, "Total":32.000000 }
{ "timestamp":"2017-02-19T20:49:32Z", "event":"FSDJump", "StarSystem":"HR 198", "StarPos":[44.906,-202.594,32.406], "SystemAllegiance":"Empire", "SystemEconomy":"$economy_Extraction;", "SystemEconomy_Localised":"Extraction", "SystemGovernment":"$government_Corporate;", "SystemGovernment_Localised":"Corporate", "SystemSecurity":"$SYSTEM_SECURITY_low;", "SystemSecurity_Localised":"Low Security", "JumpDist":19.077, "FuelUsed":3.869655, "FuelLevel":28.130344, "SystemFaction":"HR 198 Holdings", "FactionState":"Famine" }
{ "timestamp":"2017-02-19T20:50:15Z", "event":"FuelScoop", "Scooped":3.869656, "Total":32.000000 }
{ "timestamp":"2017-02-19T20:50:39Z", "event":"FSDJump", "StarSystem":"Col 285 Sector OC-T b17-1", "StarPos":[56.906,-206.469,22.344], "SystemAllegiance":"", "SystemEconomy":"$economy_None;", "SystemEconomy_Localised":"None", "SystemGovernment":"$government_None;", "SystemGovernment_Localised":"None", "SystemSecurity":"$SYSTEM_SECURITY_low;", "SystemSecurity_Localised":"Low Security", "JumpDist":16.133, "FuelUsed":2.566208, "FuelLevel":29.433792 }
{ "timestamp":"2017-02-19T20:51:05Z", "event":"FuelScoop", "Scooped":2.019100, "Total":31.452892 }
{ "timestamp":"2017-02-19T20:51:31Z", "event":"FSDJump", "StarSystem":"Col 285 Sector KW-U b16-2", "StarPos":[68.938,-212.344,11.844], "SystemAllegiance":"", "SystemEconomy":"$economy_None;", "SystemEconomy_Localised":"None", "SystemGovernment":"$government_None;", "SystemGovernment_Localised":"None", "SystemSecurity":"$SYSTEM_SECURITY_low;", "SystemSecurity_Localised":"Low Security", "JumpDist":17.015, "FuelUsed":2.918727, "FuelLevel":28.534164 }
{ "timestamp":"2017-02-19T20:51:47Z", "event":"ReceiveText", "From":"$npc_name_decorate:#name=Wolfpak;", "From_Localised":"Wolfpak", "Message":"$Pirate_HunterHostileSC_Relevant03;", "Message_Localised":"I've come a long way for what's in your hold, don't try to run!", "Channel":"npc" }
{ "timestamp":"2017-02-19T20:51:55Z", "event":"FuelScoop", "Scooped":1.142124, "Total":29.676289 }
{ "timestamp":"2017-02-19T20:53:08Z", "event":"FSDJump", "StarSystem":"Col 285 Sector LW-U b16-0", "StarPos":[81.281,-222.969,1.344], "SystemAllegiance":"", "SystemEconomy":"$economy_None;", "SystemEconomy_Localised":"None", "SystemGovernment":"$government_None;", "SystemGovernment_Localised":"None", "SystemSecurity":"$SYSTEM_SECURITY_low;", "SystemSecurity_Localised":"Low Security", "JumpDist":19.378, "FuelUsed":3.991317, "FuelLevel":25.684971 }
{ "timestamp":"2017-02-19T20:54:06Z", "event":"FSDJump", "StarSystem":"Col 285 Sector MW-U b16-0", "StarPos":[98.750,-222.469,-1.625], "SystemAllegiance":"", "SystemEconomy":"$economy_None;", "SystemEconomy_Localised":"None", "SystemGovernment":"$government_None;", "SystemGovernment_Localised":"None", "SystemSecurity":"$SYSTEM_SECURITY_low;", "SystemSecurity_Localised":"Low Security", "JumpDist":17.726, "FuelUsed":3.168276, "FuelLevel":22.516695 }
{ "timestamp":"2017-02-19T20:54:34Z", "event":"FuelScoop", "Scooped":2.236347, "Total":24.753042 }
{ "timestamp":"2017-02-19T20:54:59Z", "event":"FSDJump", "StarSystem":"HIP 11181", "StarPos":[115.844,-221.844,-5.344], "SystemAllegiance":"", "SystemEconomy":"$economy_None;", "SystemEconomy_Localised":"None", "SystemGovernment":"$government_None;", "SystemGovernment_Localised":"None", "SystemSecurity":"$SYSTEM_SECURITY_low;", "SystemSecurity_Localised":"Low Security", "JumpDist":17.505, "FuelUsed":3.062900, "FuelLevel":21.690142 }
{ "timestamp":"2017-02-19T20:55:30Z", "event":"ReceiveText", "From":"$npc_name_decorate:#name=Wolfpak;", "From_Localised":"Wolfpak", "Message":"$Pirate_HunterHostileSC_Relevant02;", "Message_Localised":"I knew I'd find you eventually, all that tasty cargo!", "Channel":"npc" }
{ "timestamp":"2017-02-19T20:55:39Z", "event":"FuelScoop", "Scooped":6.272438, "Total":27.962580 }
{ "timestamp":"2017-02-19T20:56:06Z", "event":"FSDJump", "StarSystem":"Kuwemaki", "StarPos":[134.656,-226.906,-7.813], "SystemAllegiance":"Independent", "SystemEconomy":"$economy_Extraction;", "SystemEconomy_Localised":"Extraction", "SystemGovernment":"$government_Cooperative;", "SystemGovernment_Localised":"Cooperative", "SystemSecurity":"$SYSTEM_SECURITY_medium;", "SystemSecurity_Localised":"Medium Security", "JumpDist":19.638, "FuelUsed":4.097216, "FuelLevel":23.865364, "SystemFaction":"Uniting Kuwemaki" }
{ "timestamp":"2017-02-19T20:58:29Z", "event":"SupercruiseExit", "StarSystem":"Kuwemaki", "Body":"Kuwemaki A 3 a", "BodyType":"Planet" }
{ "timestamp":"2017-02-19T20:59:21Z", "event":"ReceiveText", "From":"The Jet's Hole", "Message":"$DockingFailed_Distance:#distance=7500;", "Message_Localised":"Docking request denied, please approach to 7500m", "Channel":"npc" }
{ "timestamp":"2017-02-19T20:59:21Z", "event":"DockingDenied", "Reason":"Distance", "StationName":"" }
{ "timestamp":"2017-02-19T20:59:29Z", "event":"DockingRequested", "StationName":"The Jet's Hole" }
{ "timestamp":"2017-02-19T20:59:29Z", "event":"ReceiveText", "From":"The Jet's Hole", "Message":"$DockingChatter_Neutral;", "Message_Localised":"Ensure to observe starport protocol during your visit, pilot.", "Channel":"npc" }
{ "timestamp":"2017-02-19T20:59:31Z", "event":"ReceiveText", "From":"The Jet's Hole", "Message":"$STATION_docking_granted;", "Message_Localised":"Docking request granted.", "Channel":"npc" }
{ "timestamp":"2017-02-19T20:59:31Z", "event":"DockingGranted", "LandingPad":7, "StationName":"The Jet's Hole" }
{ "timestamp":"2017-02-19T20:59:51Z", "event":"ReceiveText", "From":"The Jet's Hole", "Message":"$STATION_NoFireZone_entered;", "Message_Localised":"No fire zone entered.", "Channel":"npc" }
{ "timestamp":"2017-02-19T21:00:36Z", "event":"Docked", "StationName":"The Jet's Hole", "StarSystem":"Kuwemaki", "StationFaction":"Hera Tani", "StationGovernment":"$government_Engineer;", "StationGovernment_Localised":"Workshop", "StationAllegiance":"Empire", "StationEconomy":"$economy_Colony;", "StationEconomy_Localised":"Colony" }
{ "timestamp":"2017-02-19T21:00:55Z", "event":"EngineerProgress", "Engineer":"Hera Tani", "Progress":"Unlocked", "Rank":1 }
{ "timestamp":"2017-02-19T21:01:33Z", "event":"EngineerCraft", "Engineer":"Hera Tani", "Blueprint":"PowerDistributor_HighCapacity", "Level":1, "Ingredients":{"sulphur":1 } }
{ "timestamp":"2017-02-19T21:01:55Z", "event":"EngineerApply", "Engineer":"Hera Tani", "Blueprint":"PowerDistributor_HighCapacity", "Level":1 }
{ "timestamp":"2017-02-19T21:02:21Z", "event":"EngineerCraft", "Engineer":"Hera Tani", "Blueprint":"PowerPlant_Stealth", "Level":1, "Ingredients":{"iron":1 } }
{ "timestamp":"2017-02-19T21:02:34Z", "event":"EngineerCraft", "Engineer":"Hera Tani", "Blueprint":"PowerPlant_Stealth", "Level":1, "Ingredients":{"iron":1 } }
{ "timestamp":"2017-02-19T21:02:35Z", "event":"EngineerProgress", "Engineer":"Hera Tani", "Rank":2 }
{ "timestamp":"2017-02-19T21:03:08Z", "event":"EngineerCraft", "Engineer":"Hera Tani", "Blueprint":"PowerDistributor_PriorityWeapons", "Level":2, "Ingredients":{"sulphur":1, "conductivecomponents":1 } }
{ "timestamp":"2017-02-19T21:03:54Z", "event":"EngineerCraft", "Engineer":"Hera Tani", "Blueprint":"PowerPlant_Armoured", "Level":2, "Ingredients":{"carbon":1, "shieldemitters":1 } }
{ "timestamp":"2017-02-19T21:04:11Z", "event":"EngineerCraft", "Engineer":"Hera Tani", "Blueprint":"PowerPlant_Armoured", "Level":2, "Ingredients":{"carbon":1, "shieldemitters":1 } }
{ "timestamp":"2017-02-19T21:04:13Z", "event":"EngineerProgress", "Engineer":"Hera Tani", "Rank":3 }
{ "timestamp":"2017-02-19T21:04:37Z", "event":"EngineerCraft", "Engineer":"Hera Tani", "Blueprint":"PowerPlant_Armoured", "Level":2, "Ingredients":{"carbon":1, "shieldemitters":1 } }
{ "timestamp":"2017-02-19T21:05:18Z", "event":"EngineerProgress", "Engineer":"Broo Tarquin", "Progress":"Invited" }
{ "timestamp":"2017-02-19T21:05:18Z", "event":"EngineerProgress", "Engineer":"Tiana Fortune", "Progress":"Invited" }
{ "timestamp":"2017-02-19T21:05:18Z", "event":"EngineerCraft", "Engineer":"Hera Tani", "Blueprint":"PowerDistributor_PriorityWeapons", "Level":3, "Ingredients":{"bulkscandata":1, "hybridcapacitors":1, "selenium":1 } }
{ "timestamp":"2017-02-19T21:07:12Z", "event":"RefuelAll", "Cost":426, "Amount":8.513955 }
{ "timestamp":"2017-02-19T21:07:13Z", "event":"BuyAmmo", "Cost":6448 }
{ "timestamp":"2017-02-19T21:08:31Z", "event":"RepairAll", "Cost":10 }
{ "timestamp":"2017-02-19T21:09:33Z", "event":"Undocked", "StationName":"The Jet's Hole" }
{ "timestamp":"2017-02-19T21:11:43Z", "event":"ReceiveText", "From":"The Jet's Hole", "Message":"$STATION_NoFireZone_exited;", "Message_Localised":"No fire zone left.", "Channel":"npc" }
{ "timestamp":"2017-02-19T21:11:49Z", "event":"SupercruiseEntry", "StarSystem":"Kuwemaki" }
{ "timestamp":"2017-02-19T21:13:06Z", "event":"FSDJump", "StarSystem":"Col 285 Sector NW-U b16-1", "StarPos":[122.000,-213.406,-3.250], "SystemAllegiance":"", "SystemEconomy":"$economy_None;", "SystemEconomy_Localised":"None", "SystemGovernment":"$government_None;", "SystemGovernment_Localised":"None", "SystemSecurity":"$SYSTEM_SECURITY_low;", "SystemSecurity_Localised":"Low Security", "JumpDist":19.059, "FuelUsed":3.799927, "FuelLevel":28.200073 }
{ "timestamp":"2017-02-19T21:13:21Z", "event":"ReceiveText", "From":"$npc_name_decorate:#name=Wolfpak;", "From_Localised":"Wolfpak", "Message":"$Pirate_HunterHostileSC_Relevant01;", "Message_Localised":"That's the ship I'm looking for, the one with the big haul...", "Channel":"npc" }
{ "timestamp":"2017-02-19T21:13:34Z", "event":"FuelScoop", "Scooped":2.507835, "Total":30.707909 }
{ "timestamp":"2017-02-19T21:13:58Z", "event":"FSDJump", "StarSystem":"Kokap", "StarPos":[112.625,-204.844,11.031], "SystemAllegiance":"Empire", "SystemEconomy":"$economy_Extraction;", "SystemEconomy_Localised":"Extraction", "SystemGovernment":"$government_Corporate;", "SystemGovernment_Localised":"Corporate", "SystemSecurity":"$SYSTEM_SECURITY_low;", "SystemSecurity_Localised":"Low Security", "JumpDist":19.109, "FuelUsed":3.808758, "FuelLevel":26.899151, "SystemFaction":"Kokap Jet Universal Corp." }
{ "timestamp":"2017-02-19T21:14:49Z", "event":"FSDJump", "StarSystem":"ICZ MM-W c1-2", "StarPos":[101.781,-188.344,15.250], "SystemAllegiance":"", "SystemEconomy":"$economy_None;", "SystemEconomy_Localised":"None", "SystemGovernment":"$government_None;", "SystemGovernment_Localised":"None", "SystemSecurity":"$SYSTEM_SECURITY_low;", "SystemSecurity_Localised":"Low Security", "JumpDist":20.190, "FuelUsed":4.305705, "FuelLevel":22.593447 }
{ "timestamp":"2017-02-19T21:15:22Z", "event":"FuelScoop", "Scooped":3.749157, "Total":26.342604 }
{ "timestamp":"2017-02-19T21:16:19Z", "event":"FSDJump", "StarSystem":"Matucae", "StarPos":[98.906,-170.625,19.156], "SystemAllegiance":"Empire", "SystemEconomy":"$economy_Extraction;", "SystemEconomy_Localised":"Extraction", "SystemGovernment":"$government_Patronage;", "SystemGovernment_Localised":"Patronage", "SystemSecurity":"$SYSTEM_SECURITY_medium;", "SystemSecurity_Localised":"Medium Security", "JumpDist":18.371, "FuelUsed":3.410118, "FuelLevel":22.932486, "SystemFaction":"Matucae Empire Consulate" }
{ "timestamp":"2017-02-19T21:16:35Z", "event":"ReceiveText", "From":"$npc_name_decorate:#name=Wolfpak;", "From_Localised":"Wolfpak", "Message":"$Pirate_HunterHostileSC_Relevant04;", "Message_Localised":"Big haul like that, surprised you made it this far.", "Channel":"npc" }
{ "timestamp":"2017-02-19T21:16:50Z", "event":"FuelScoop", "Scooped":2.316240, "Total":25.248726 }
{ "timestamp":"2017-02-19T21:17:18Z", "event":"FSDJump", "StarSystem":"ICZ MH-V b2-0", "StarPos":[85.531,-156.656,22.781], "SystemAllegiance":"", "SystemEconomy":"$economy_None;", "SystemEconomy_Localised":"None", "SystemGovernment":"$government_None;", "SystemGovernment_Localised":"None", "SystemSecurity":"$SYSTEM_SECURITY_low;", "SystemSecurity_Localised":"Low Security", "JumpDist":19.676, "FuelUsed":4.018341, "FuelLevel":21.230385 }
{ "timestamp":"2017-02-19T21:17:45Z", "event":"FuelScoop", "Scooped":2.152800, "Total":23.383184 }
{ "timestamp":"2017-02-19T21:18:13Z", "event":"FSDJump", "StarSystem":"ICZ LH-V b2-3", "StarPos":[68.250,-147.500,25.313], "SystemAllegiance":"", "SystemEconomy":"$economy_None;", "SystemEconomy_Localised":"None", "SystemGovernment":"$government_None;", "SystemGovernment_Localised":"None", "SystemSecurity":"$SYSTEM_SECURITY_low;", "SystemSecurity_Localised":"Low Security", "JumpDist":19.720, "FuelUsed":4.018783, "FuelLevel":19.364401 }
{ "timestamp":"2017-02-19T21:18:43Z", "event":"FuelScoop", "Scooped":3.899420, "Total":23.263821 }
{ "timestamp":"2017-02-19T21:19:17Z", "event":"FSDJump", "StarSystem":"ICZ IM-V b2-1", "StarPos":[49.031,-140.438,27.188], "SystemAllegiance":"", "SystemEconomy":"$economy_None;", "SystemEconomy_Localised":"None", "SystemGovernment":"$government_None;", "SystemGovernment_Localised":"None", "SystemSecurity":"$SYSTEM_SECURITY_low;", "SystemSecurity_Localised":"Low Security", "JumpDist":20.561, "FuelUsed":4.449925, "FuelLevel":18.813896 }
{ "timestamp":"2017-02-19T21:19:33Z", "event":"ReceiveText", "From":"$npc_name_decorate:#name=Wolfpak;", "From_Localised":"Wolfpak", "Message":"$Pirate_HunterHostileSC_Relevant02;", "Message_Localised":"I knew I'd find you eventually, all that tasty cargo!", "Channel":"npc" }
{ "timestamp":"2017-02-19T21:19:42Z", "event":"FuelScoop", "Scooped":1.614857, "Total":20.428753 }
{ "timestamp":"2017-02-19T21:20:33Z", "event":"FSDJump", "StarSystem":"Smethells 173", "StarPos":[44.594,-120.031,30.469], "SystemAllegiance":"Empire", "SystemEconomy":"$economy_Tourism;", "SystemEconomy_Localised":"Tourism", "SystemGovernment":"$government_Patronage;", "SystemGovernment_Localised":"Patronage", "SystemSecurity":"$SYSTEM_SECURITY_medium;", "SystemSecurity_Localised":"Medium Security", "JumpDist":21.139, "FuelUsed":4.719378, "FuelLevel":15.709374, "SystemFaction":"Smethells 173 Empire Party", "FactionState":"Expansion" }
{ "timestamp":"2017-02-19T21:20:57Z", "event":"FuelScoop", "Scooped":1.103843, "Total":16.813217 }
{ "timestamp":"2017-02-19T21:21:52Z", "event":"FSDJump", "StarSystem":"Lambda-2 Phoenicis", "StarPos":[31.156,-106.219,25.469], "SystemAllegiance":"Empire", "SystemEconomy":"$economy_Agri;", "SystemEconomy_Localised":"Agriculture", "SystemGovernment":"$government_Patronage;", "SystemGovernment_Localised":"Patronage", "SystemSecurity":"$SYSTEM_SECURITY_high;", "SystemSecurity_Localised":"High Security", "JumpDist":19.909, "FuelUsed":4.026934, "FuelLevel":12.786283, "SystemFaction":"Lambda-2 Phoenicis Society", "FactionState":"Boom" }
{ "timestamp":"2017-02-19T21:22:10Z", "event":"FuelScoop", "Scooped":0.062165, "Total":12.848449 }
{ "timestamp":"2017-02-19T21:22:49Z", "event":"ReceiveText", "From":"$npc_name_decorate:#name=Wolfpak;", "From_Localised":"Wolfpak", "Message":"$Pirate_HunterHostileSC_Relevant05;", "Message_Localised":"The rumour was right... good job I found you first.", "Channel":"npc" }
{ "timestamp":"2017-02-19T21:23:53Z", "event":"ReceiveText", "From":"$npc_name_decorate:#name=Wolfpak;", "From_Localised":"Wolfpak", "Message":"$Pirate_StartInterdiction04;", "Message_Localised":"Prepare yourself!", "Channel":"npc" }
{ "timestamp":"2017-02-19T21:24:00Z", "event":"Interdicted", "Submitted":true, "Interdictor":"Wolfpak", "IsPlayer":false, "Faction":"HIP 115584 Shared" }
{ "timestamp":"2017-02-19T21:24:03Z", "event":"SupercruiseExit", "StarSystem":"Lambda-2 Phoenicis", "Body":"Lambda-2 Phoenicis 4", "BodyType":"Planet" }
{ "timestamp":"2017-02-19T21:24:05Z", "event":"ReceiveText", "From":"$npc_name_decorate:#name=Wolfpak;", "From_Localised":"Wolfpak", "Message":"$Pirate_OnDeclarePiracyThreaten08;", "Message_Localised":"Release any cargo and I may let you live.", "Channel":"npc" }
{ "timestamp":"2017-02-19T21:24:15Z", "event":"ReceiveText", "From":"$npc_name_decorate:#name=Wolfpak;", "From_Localised":"Wolfpak", "Message":"$Pirate_OnDeclarePiracyAttack12;", "Message_Localised":"I'm coming for you!", "Channel":"npc" }
{ "timestamp":"2017-02-19T21:24:32Z", "event":"ReceiveText", "From":"$ShipName_Police_Empire;", "From_Localised":"Internal Security Service", "Message":"$Police_ArriveInvestigate05;", "Message_Localised":"Police response unit in position.", "Channel":"npc" }
{ "timestamp":"2017-02-19T21:24:32Z", "event":"ReceiveText", "From":"$ShipName_Police_Empire;", "From_Localised":"Internal Security Service", "Message":"$Police_ArrivedAtInvestigationLocation01;", "Message_Localised":"All citizens must submit to authority scans. Do not attempt to flee!", "Channel":"npc" }
{ "timestamp":"2017-02-19T21:24:46Z", "event":"Bounty", "Rewards":[ { "Faction":"Lambda-2 Phoenicis Society", "Reward":57125 } ], "Target":"vulture", "TotalReward":57125, "VictimFaction":"HIP 115584 Shared" }
{ "timestamp":"2017-02-19T21:25:28Z", "event":"SupercruiseEntry", "StarSystem":"Lambda-2 Phoenicis" }
{ "timestamp":"2017-02-19T21:26:43Z", "event":"SupercruiseExit", "StarSystem":"Lambda-2 Phoenicis", "Body":"Kobayashi Dock", "BodyType":"Station" }
{ "timestamp":"2017-02-19T21:26:44Z", "event":"ReceiveText", "From":"Kobayashi Dock", "Message":"$STATION_NoFireZone_entered;", "Message_Localised":"No fire zone entered.", "Channel":"npc" }
{ "timestamp":"2017-02-19T21:27:01Z", "event":"DockingRequested", "StationName":"Kobayashi Dock" }
{ "timestamp":"2017-02-19T21:27:01Z", "event":"ReceiveText", "From":"Kobayashi Dock", "Message":"$DockingChatter_Neutral;", "Message_Localised":"Ensure to observe starport protocol during your visit, pilot.", "Channel":"npc" }
{ "timestamp":"2017-02-19T21:27:03Z", "event":"ReceiveText", "From":"Kobayashi Dock", "Message":"$STATION_docking_granted;", "Message_Localised":"Docking request granted.", "Channel":"npc" }
{ "timestamp":"2017-02-19T21:27:03Z", "event":"DockingGranted", "LandingPad":3, "StationName":"Kobayashi Dock" }
{ "timestamp":"2017-02-19T21:27:39Z", "event":"Docked", "StationName":"Kobayashi Dock", "StationType":"Orbis", "StarSystem":"Lambda-2 Phoenicis", "StationFaction":"Lambda-2 Phoenicis Society", "FactionState":"Boom", "StationGovernment":"$government_Patronage;", "StationGovernment_Localised":"Patronage", "StationAllegiance":"Empire", "StationEconomy":"$economy_Agri;", "StationEconomy_Localised":"Agriculture" }
{ "timestamp":"2017-02-19T21:27:52Z", "event":"MissionCompleted", "Faction":"Lambda-2 Phoenicis Commodities", "Name":"Mission_Delivery_Agriculture_name", "MissionID":93568570, "Commodity":"$HydrogenFuel_Name;", "Commodity_Localised":"Hydrogen Fuel", "Count":14, "DestinationSystem":"Lambda-2 Phoenicis", "DestinationStation":"Kobayashi Dock", "Reward":507924 }
{ "timestamp":"2017-02-19T21:28:15Z", "event":"MarketSell", "Type":"kamitracigars", "Count":5, "SellPrice":9740, "TotalSale":48700, "AvgPricePaid":6374 }
{ "timestamp":"2017-02-19T21:28:20Z", "event":"RefuelAll", "Cost":979, "Amount":19.555887 }
{ "timestamp":"2017-02-19T21:28:25Z", "event":"BuyAmmo", "Cost":4298 }
{ "timestamp":"2017-02-19T21:29:15Z", "event":"Undocked", "StationName":"Kobayashi Dock", "StationType":"Orbis" }
{ "timestamp":"2017-02-19T21:31:54Z", "event":"ReceiveText", "From":"$ShipName_Police_Empire;", "From_Localised":"Internal Security Service", "Message":"$Police_ThankYouPassedStopAndSearch01;", "Message_Localised":"Thank you for your cooperation, Commander.", "Channel":"npc" }
{ "timestamp":"2017-02-19T21:32:12Z", "event":"SupercruiseEntry", "StarSystem":"Lambda-2 Phoenicis" }
{ "timestamp":"2017-02-19T21:32:30Z", "event":"ReceiveText", "From":"$npc_name_decorate:#name=Bent;", "From_Localised":"Bent", "Message":"$Pirate_HunterHostileSC_Relevant01;", "Message_Localised":"That's the ship I'm looking for, the one with the big haul...", "Channel":"npc" }
{ "timestamp":"2017-02-19T21:32:56Z", "event":"ReceiveText", "From":"$npc_name_decorate:#name=Bent;", "From_Localised":"Bent", "Message":"$Pirate_StartInterdiction02;", "Message_Localised":"There's no escape!", "Channel":"npc" }
{ "timestamp":"2017-02-19T21:33:02Z", "event":"Interdicted", "Submitted":true, "Interdictor":"Bent", "IsPlayer":false, "Faction":"HIP 115584 Shared" }
{ "timestamp":"2017-02-19T21:33:04Z", "event":"SupercruiseExit", "StarSystem":"Lambda-2 Phoenicis", "Body":"Lambda-2 Phoenicis 4 a", "BodyType":"Planet" }
{ "timestamp":"2017-02-19T21:33:06Z", "event":"ReceiveText", "From":"$npc_name_decorate:#name=Bent;", "From_Localised":"Bent", "Message":"$Pirate_Arrival13;", "Message_Localised":"You will keep your life if you hand over any valuable cargo you have.", "Channel":"npc" }
{ "timestamp":"2017-02-19T21:33:16Z", "event":"ReceiveText", "From":"$npc_name_decorate:#name=Bent;", "From_Localised":"Bent", "Message":"$Pirate_OnDeclarePiracyAttack15;", "Message_Localised":"There will be no escape for you.", "Channel":"npc" }
{ "timestamp":"2017-02-19T21:33:34Z", "event":"ReceiveText", "From":"$ShipName_Police_Empire;", "From_Localised":"Internal Security Service", "Message":"$Police_ArriveInvestigate05;", "Message_Localised":"Police response unit in position.", "Channel":"npc" }
{ "timestamp":"2017-02-19T21:33:37Z", "event":"ReceiveText", "From":"$ShipName_Police_Empire;", "From_Localised":"Internal Security Service", "Message":"$Police_ArrivedAtInvestigationLocation05;", "Message_Localised":"A crime has been reported here. All ships will be scanned.", "Channel":"npc" }
{ "timestamp":"2017-02-19T21:34:05Z", "event":"Bounty", "Rewards":[ { "Faction":"Lambda-2 Phoenicis Society", "Reward":61940 } ], "Target":"vulture", "TotalReward":61940, "VictimFaction":"HIP 115584 Shared" }
{ "timestamp":"2017-02-19T21:34:23Z", "event":"ReceiveText", "From":"$ShipName_Police_Empire;", "From_Localised":"Internal Security Service", "Message":"$Police_ThankYouPassedStopAndSearch03;", "Message_Localised":"All clear. Carry on, pilot.", "Channel":"npc" }
{ "timestamp":"2017-02-19T21:34:35Z", "event":"SupercruiseEntry", "StarSystem":"Lambda-2 Phoenicis" }
{ "timestamp":"2017-02-19T21:36:14Z", "event":"ApproachSettlement", "Name":"Kerimov Keep" }
{ "timestamp":"2017-02-19T21:36:23Z", "event":"SupercruiseExit", "StarSystem":"Lambda-2 Phoenicis", "Body":"Lambda-2 Phoenicis 4 a", "BodyType":"Planet" }
{ "timestamp":"2017-02-19T21:37:00Z", "event":"DockingRequested", "StationName":"Kerimov Keep" }
{ "timestamp":"2017-02-19T21:37:00Z", "event":"ReceiveText", "From":"Kerimov Keep", "Message":"$DockingChatter_Neutral;", "Message_Localised":"Ensure to observe starport protocol during your visit, pilot.", "Channel":"npc" }
{ "timestamp":"2017-02-19T21:37:01Z", "event":"ReceiveText", "From":"Kerimov Keep", "Message":"$STATION_docking_granted;", "Message_Localised":"Docking request granted.", "Channel":"npc" }
{ "timestamp":"2017-02-19T21:37:01Z", "event":"DockingGranted", "LandingPad":5, "StationName":"Kerimov Keep" }
{ "timestamp":"2017-02-19T21:37:17Z", "event":"ReceiveText", "From":"Kerimov Keep", "Message":"$STATION_NoFireZone_entered;", "Message_Localised":"No fire zone entered.", "Channel":"npc" }
{ "timestamp":"2017-02-19T21:37:50Z", "event":"ReceiveText", "From":"$ShipName_Police_Empire;", "From_Localised":"Internal Security Service", "Message":"$Police_ThankYouPassedStopAndSearch11;", "Message_Localised":"We didn't find anything on you this time.", "Channel":"npc" }
{ "timestamp":"2017-02-19T21:38:05Z", "event":"Docked", "StationName":"Kerimov Keep", "StarSystem":"Lambda-2 Phoenicis", "StationFaction":"Lambda-2 Phoenicis Principles", "FactionState":"Boom", "StationGovernment":"$government_Patronage;", "StationGovernment_Localised":"Patronage", "StationAllegiance":"Empire", "StationEconomy":"$economy_Military;", "StationEconomy_Localised":"Military" }
{ "timestamp":"2017-02-19T21:38:19Z", "event":"MissionCompleted", "Faction":"Future of Lambda-2 Phoenicis", "Name":"Mission_Delivery_Boom_name", "MissionID":93568481, "Commodity":"$Water_Name;", "Commodity_Localised":"Water", "Count":27, "DestinationSystem":"Lambda-2 Phoenicis", "DestinationStation":"Kerimov Keep", "Reward":519296 }
{ "timestamp":"2017-02-19T21:38:30Z", "event":"RefuelAll", "Cost":10, "Amount":0.195366 }
{ "timestamp":"2017-02-19T21:38:31Z", "event":"BuyAmmo", "Cost":5349 }
{ "timestamp":"2017-02-19T21:38:52Z", "event":"Undocked", "StationName":"Kerimov Keep" }
{ "timestamp":"2017-02-19T21:39:13Z", "event":"ReceiveText", "From":"Kerimov Keep", "Message":"$STATION_NoFireZone_exited;", "Message_Localised":"No fire zone left.", "Channel":"npc" }
{ "timestamp":"2017-02-19T21:39:24Z", "event":"SupercruiseEntry", "StarSystem":"Lambda-2 Phoenicis" }
{ "timestamp":"2017-02-19T21:40:16Z", "event":"SupercruiseExit", "StarSystem":"Lambda-2 Phoenicis", "Body":"Lambda-2 Phoenicis 4 a", "BodyType":"Planet" }
{ "timestamp":"2017-02-19T21:40:54Z", "event":"SupercruiseEntry", "StarSystem":"Lambda-2 Phoenicis" }
{ "timestamp":"2017-02-19T21:45:58Z", "event":"SupercruiseExit", "StarSystem":"Lambda-2 Phoenicis", "Body":"Stevenson Vision", "BodyType":"Station" }
{ "timestamp":"2017-02-19T21:46:08Z", "event":"DockingRequested", "StationName":"Stevenson Vision" }
{ "timestamp":"2017-02-19T21:46:08Z", "event":"ReceiveText", "From":"Stevenson Vision", "Message":"$DockingChatter_Neutral;", "Message_Localised":"Ensure to observe starport protocol during your visit, pilot.", "Channel":"npc" }
{ "timestamp":"2017-02-19T21:46:09Z", "event":"ReceiveText", "From":"Stevenson Vision", "Message":"$STATION_docking_granted;", "Message_Localised":"Docking request granted.", "Channel":"npc" }
{ "timestamp":"2017-02-19T21:46:09Z", "event":"DockingGranted", "LandingPad":5, "StationName":"Stevenson Vision" }
{ "timestamp":"2017-02-19T21:46:26Z", "event":"ReceiveText", "From":"Stevenson Vision", "Message":"$STATION_NoFireZone_entered;", "Message_Localised":"No fire zone entered.", "Channel":"npc" }
{ "timestamp":"2017-02-19T21:47:34Z", "event":"Docked", "StationName":"Stevenson Vision", "StationType":"Outpost", "StarSystem":"Lambda-2 Phoenicis", "StationFaction":"Lambda-2 Phoenicis Principles", "FactionState":"Boom", "StationGovernment":"$government_Patronage;", "StationGovernment_Localised":"Patronage", "StationAllegiance":"Empire", "StationEconomy":"$economy_Industrial;", "StationEconomy_Localised":"Industrial" }
{ "timestamp":"2017-02-19T21:48:11Z", "event":"MissionCompleted", "Faction":"Lambda-2 Phoenicis Commodities", "Name":"Mission_Delivery_Boom_name", "MissionID":93568447, "Commodity":"$FruitAndVegetables_Name;", "Commodity_Localised":"Fruit and Vegetables", "Count":2, "DestinationSystem":"Lambda-2 Phoenicis", "DestinationStation":"Stevenson Vision", "Reward":335469, "CommodityReward":[ { "Name": "ModularTerminals", "Count": 4 } ] }
{ "timestamp":"2017-02-19T21:48:49Z", "event":"Undocked", "StationName":"Stevenson Vision", "StationType":"Outpost" }
{ "timestamp":"2017-02-19T21:49:21Z", "event":"ReceiveText", "From":"Stevenson Vision", "Message":"$STATION_NoFireZone_exited;", "Message_Localised":"No fire zone left.", "Channel":"npc" }
{ "timestamp":"2017-02-19T21:49:27Z", "event":"SupercruiseEntry", "StarSystem":"Lambda-2 Phoenicis" }
{ "timestamp":"2017-02-19T21:53:27Z", "event":"SupercruiseExit", "StarSystem":"Lambda-2 Phoenicis", "Body":"Schumacher Station", "BodyType":"Station" }
{ "timestamp":"2017-02-19T21:53:55Z", "event":"DockingRequested", "StationName":"Schumacher Station" }
{ "timestamp":"2017-02-19T21:53:55Z", "event":"ReceiveText", "From":"Schumacher Station", "Message":"$DockingChatter_Neutral;", "Message_Localised":"Ensure to observe starport protocol during your visit, pilot.", "Channel":"npc" }
{ "timestamp":"2017-02-19T21:53:56Z", "event":"ReceiveText", "From":"Schumacher Station", "Message":"$STATION_docking_granted;", "Message_Localised":"Docking request granted.", "Channel":"npc" }
{ "timestamp":"2017-02-19T21:53:56Z", "event":"DockingGranted", "LandingPad":5, "StationName":"Schumacher Station" }
{ "timestamp":"2017-02-19T21:54:08Z", "event":"ReceiveText", "From":"Schumacher Station", "Message":"$STATION_NoFireZone_entered;", "Message_Localised":"No fire zone entered.", "Channel":"npc" }
{ "timestamp":"2017-02-19T21:55:32Z", "event":"Docked", "StationName":"Schumacher Station", "StationType":"Outpost", "StarSystem":"Lambda-2 Phoenicis", "StationFaction":"Tir Na Nog Dominion", "StationGovernment":"$government_Dictatorship;", "StationGovernment_Localised":"Dictatorship", "StationAllegiance":"Empire", "StationEconomy":"$economy_Industrial;", "StationEconomy_Localised":"Industrial" }
{ "timestamp":"2017-02-19T21:56:15Z", "event":"MissionCompleted", "Faction":"Lambda-2 Phoenicis Commodities", "Name":"Mission_Delivery_Boom_name", "MissionID":93568613, "Commodity":"$Algae_Name;", "Commodity_Localised":"Algae", "Count":18, "DestinationSystem":"Lambda-2 Phoenicis", "DestinationStation":"Schumacher Station", "Reward":498733 }
{ "timestamp":"2017-02-19T21:56:58Z", "event":"Undocked", "StationName":"Schumacher Station", "StationType":"Outpost" }
{ "timestamp":"2017-02-19T21:57:20Z", "event":"ReceiveText", "From":"Schumacher Station", "Message":"$STATION_NoFireZone_exited;", "Message_Localised":"No fire zone left.", "Channel":"npc" }
{ "timestamp":"2017-02-19T21:57:35Z", "event":"SupercruiseEntry", "StarSystem":"Lambda-2 Phoenicis" }
{ "timestamp":"2017-02-19T22:02:59Z", "event":"SupercruiseExit", "StarSystem":"Lambda-2 Phoenicis", "Body":"Peltier Vision", "BodyType":"Station" }
{ "timestamp":"2017-02-19T22:03:13Z", "event":"DockingRequested", "StationName":"Peltier Vision" }
{ "timestamp":"2017-02-19T22:03:13Z", "event":"ReceiveText", "From":"Peltier Vision", "Message":"$DockingChatter_Neutral;", "Message_Localised":"Ensure to observe starport protocol during your visit, pilot.", "Channel":"npc" }
{ "timestamp":"2017-02-19T22:03:14Z", "event":"ReceiveText", "From":"Peltier Vision", "Message":"$STATION_docking_granted;", "Message_Localised":"Docking request granted.", "Channel":"npc" }
{ "timestamp":"2017-02-19T22:03:14Z", "event":"DockingGranted", "LandingPad":4, "StationName":"Peltier Vision" }
{ "timestamp":"2017-02-19T22:03:28Z", "event":"ReceiveText", "From":"Peltier Vision", "Message":"$STATION_NoFireZone_entered;", "Message_Localised":"No fire zone entered.", "Channel":"npc" }
{ "timestamp":"2017-02-19T22:04:27Z", "event":"Docked", "StationName":"Peltier Vision", "StationType":"Outpost", "StarSystem":"Lambda-2 Phoenicis", "StationFaction":"Lambda-2 Phoenicis Society", "FactionState":"Boom", "StationGovernment":"$government_Patronage;", "StationGovernment_Localised":"Patronage", "StationAllegiance":"Empire", "StationEconomy":"$economy_Industrial;", "StationEconomy_Localised":"Industrial" }
{ "timestamp":"2017-02-19T22:04:37Z", "event":"MissionCompleted", "Faction":"LTT 135 Empire Consulate", "Name":"Mission_Delivery_Boom_name", "MissionID":93568503, "Commodity":"$Tea_Name;", "Commodity_Localised":"Tea", "Count":2, "DestinationSystem":"Lambda-2 Phoenicis", "DestinationStation":"Peltier Vision", "Reward":266880 }
