{ "timestamp":"2016-12-31T22:27:38Z", "event":"Fileheader", "part":1, "language":"English\\UK", "gameversion":"2.2", "build":"r126898/r0 " }
{ "timestamp":"2016-12-31T22:28:18Z", "event":"LoadGame", "Commander":"Coccolithophore", "Ship":"Vulture", "ShipID":1, "GameMode":"Open", "Credits":34650649, "Loan":0 }
{ "timestamp":"2016-12-31T22:28:18Z", "event":"Rank", "Combat":3, "Trade":2, "Explore":2, "Empire":0, "Federation":0, "CQC":0 }
{ "timestamp":"2016-12-31T22:28:18Z", "event":"Progress", "Combat":9, "Trade":85, "Explore":88, "Empire":0, "Federation":56, "CQC":0 }
{ "timestamp":"2016-12-31T22:28:58Z", "event":"Location", "Docked":true, "StationName":"Tshang City", "StationType":"Coriolis", "StarSystem":"Furuhjelm III-674", "StarPos":[-39.000,-8.125,-87.750], "SystemAllegiance":"Alliance", "SystemEconomy":"$economy_Industrial;", "SystemEconomy_Localised":"Industrial", "SystemGovernment":"$government_Democracy;", "SystemGovernment_Localised":"Democracy", "SystemSecurity":"$SYSTEM_SECURITY_high;", "SystemSecurity_Localised":"High Security", "Body":"Tshang City", "BodyType":"Station", "SystemFaction":"160 S.O.A.R.", "FactionState":"Expansion" }
{ "timestamp":"2016-12-31T22:28:58Z", "event":"Docked", "StationName":"Tshang City", "StationType":"Coriolis", "StarSystem":"Furuhjelm III-674", "StationFaction":"160 S.O.A.R.", "FactionState":"Expansion", "StationGovernment":"$government_Democracy;", "StationGovernment_Localised":"Democracy", "StationAllegiance":"Alliance", "StationEconomy":"$economy_Industrial;", "StationEconomy_Localised":"Industrial" }
{ "timestamp":"2016-12-31T22:29:23Z", "event":"CommunityGoalReward", "Name":"Neutralising Agitators in Furuhjelm III-674", "System":"Furuhjelm III-674", "Reward":5283533 }
{ "timestamp":"2016-12-31T22:31:04Z", "event":"ModuleSell", "Slot":"LargeHardpoint2", "SellItem":"$hpt_multicannon_gimbal_large_name;", "SellItem_Localised":"Multi-Cannon", "SellPrice":462749, "Ship":"vulture", "ShipID":1 }
{ "timestamp":"2016-12-31T22:31:14Z", "event":"ModuleSell", "Slot":"LargeHardpoint1", "SellItem":"$hpt_beamlaser_gimbal_large_name;", "SellItem_Localised":"Beam Laser", "SellPrice":1916928, "Ship":"vulture", "ShipID":1 }
{ "timestamp":"2016-12-31T22:31:46Z", "event":"ModuleBuy", "Slot":"MainEngines", "SellItem":"$int_engine_size5_class5_name;", "SellItem_Localised":"Thrusters", "SellPrice":5103953, "BuyItem":"$int_engine_size5_class1_name;", "BuyItem_Localised":"Thrusters", "BuyPrice":63012, "Ship":"vulture", "ShipID":1 }
{ "timestamp":"2016-12-31T22:32:00Z", "event":"ModuleBuy", "Slot":"MainEngines", "SellItem":"$int_engine_size5_class5_name;", "SellItem_Localised":"Thrusters", "SellPrice":5103953, "BuyItem":"$int_engine_size5_class1_name;", "BuyItem_Localised":"Thrusters", "BuyPrice":63012, "Ship":"vulture", "ShipID":1 }
{ "timestamp":"2016-12-31T22:32:18Z", "event":"ModuleSell", "Slot":"Slot01_Size5", "SellItem":"$int_shieldgenerator_size5_class5_name;", "SellItem_Localised":"Shield Generator", "SellPrice":5103953, "Ship":"vulture", "ShipID":1 }
{ "timestamp":"2016-12-31T22:32:22Z", "event":"ModuleSell", "Slot":"Slot03_Size2", "SellItem":"$int_stellarbodydiscoveryscanner_advanced_name;", "SellItem_Localised":"D - Scanner", "SellPrice":1545000, "Ship":"vulture", "ShipID":1 }
{ "timestamp":"2016-12-31T22:32:35Z", "event":"ModuleBuy", "Slot":"MainEngines", "SellItem":"$int_engine_size5_class5_name;", "SellItem_Localised":"Thrusters", "SellPrice":5103953, "BuyItem":"$int_engine_size5_class1_name;", "BuyItem_Localised":"Thrusters", "BuyPrice":63012, "Ship":"vulture", "ShipID":1 }
{ "timestamp":"2016-12-31T22:32:43Z", "event":"ShipyardSwap", "ShipType":"asp", "ShipID":2, "StoreOldShip":"Vulture", "StoreShipID":1 }
{ "timestamp":"2016-12-31T22:32:54Z", "event":"Docked", "StationName":"Tshang City", "StationType":"Coriolis", "StarSystem":"Furuhjelm III-674", "StationFaction":"160 S.O.A.R.", "FactionState":"Expansion", "StationGovernment":"$government_Democracy;", "StationGovernment_Localised":"Democracy", "StationAllegiance":"Alliance", "StationEconomy":"$economy_Industrial;", "StationEconomy_Localised":"Industrial" }
{ "timestamp":"2016-12-31T22:33:06Z", "event":"ShipyardSell", "ShipType":"vulture", "SellShipID":1, "ShipPrice":11967309 }
{ "timestamp":"2016-12-31T22:34:46Z", "event":"ModuleSell", "Slot":"Slot01_Size6", "SellItem":"$int_cargorack_size6_class1_name;", "SellItem_Localised":"Cargo Rack", "SellPrice":308203, "Ship":"asp", "ShipID":2 }
{ "timestamp":"2016-12-31T22:35:40Z", "event":"ModuleBuy", "Slot":"Slot01_Size6", "BuyItem":"$int_fuelscoop_size6_class4_name;", "BuyItem_Localised":"Fuel Scoop", "BuyPrice":7190903, "Ship":"asp", "ShipID":2 }
{ "timestamp":"2016-12-31T22:35:41Z", "event":"ShieldState", "ShieldsUp":false }
{ "timestamp":"2016-12-31T22:35:49Z", "event":"ModuleSell", "Slot":"Slot05_Size3", "SellItem":"$int_repairer_size3_class3_name;", "SellItem_Localised":"AFM Unit", "SellPrice":247860, "Ship":"asp", "ShipID":2 }
{ "timestamp":"2016-12-31T22:35:54Z", "event":"ShieldState", "ShieldsUp":true }
{ "timestamp":"2016-12-31T22:36:06Z", "event":"ModuleBuy", "Slot":"Slot05_Size3", "BuyItem":"$int_cargorack_size3_class1_name;", "BuyItem_Localised":"Cargo Rack", "BuyPrice":10563, "Ship":"asp", "ShipID":2 }
{ "timestamp":"2016-12-31T22:40:06Z", "event":"Undocked", "StationName":"Tshang City", "StationType":"Coriolis" }
{ "timestamp":"2016-12-31T22:40:41Z", "event":"ReceiveText", "From":"Tshang City", "Message":"$STATION_NoFireZone_exited;", "Message_Localised":"No fire zone left.", "Channel":"npc" }
{ "timestamp":"2016-12-31T22:41:20Z", "event":"FSDJump", "StarSystem":"50 Persei", "StarPos":[-22.375,-11.438,-63.719], "SystemAllegiance":"", "SystemEconomy":"$economy_None;", "SystemEconomy_Localised":"None", "SystemGovernment":"$government_None;", "SystemGovernment_Localised":"None", "SystemSecurity":"$SYSTEM_SECURITY_low;", "SystemSecurity_Localised":"Low Security", "JumpDist":29.409, "FuelUsed":4.076019, "FuelLevel":35.923981 }
{ "timestamp":"2016-12-31T22:42:06Z", "event":"FuelScoop", "Scooped":4.076019, "Total":40.000000 }
{ "timestamp":"2016-12-31T22:42:30Z", "event":"FSDJump", "StarSystem":"Wolf 1323", "StarPos":[-22.125,-17.625,-38.375], "SystemAllegiance":"Federation", "SystemEconomy":"$economy_Industrial;", "SystemEconomy_Localised":"Industrial", "SystemGovernment":"$government_Corporate;", "SystemGovernment_Localised":"Corporate", "SystemSecurity":"$SYSTEM_SECURITY_medium;", "SystemSecurity_Localised":"Medium Security", "JumpDist":26.089, "FuelUsed":3.039441, "FuelLevel":36.960560, "SystemFaction":"Wolf 1323 Crimson Energy Systems", "FactionState":"Boom" }
{ "timestamp":"2016-12-31T22:42:57Z", "event":"FuelScoop", "Scooped":2.508484, "Total":39.469044 }
{ "timestamp":"2016-12-31T22:43:22Z", "event":"FSDJump", "StarSystem":"George Pantazis", "StarPos":[-12.094,-16.000,-14.219], "SystemAllegiance":"Independent", "SystemEconomy":"$economy_Refinery;", "SystemEconomy_Localised":"Refinery", "SystemGovernment":"$government_Cooperative;", "SystemGovernment_Localised":"Cooperative", "SystemSecurity":"$SYSTEM_SECURITY_medium;", "SystemSecurity_Localised":"Medium Security", "JumpDist":26.207, "FuelUsed":3.040172, "FuelLevel":36.428871, "SystemFaction":"Hutton Orbital Truckers Co-Operative", "FactionState":"Boom" }
{ "timestamp":"2016-12-31T22:43:53Z", "event":"FuelScoop", "Scooped":3.571129, "Total":40.000000 }
{ "timestamp":"2016-12-31T22:44:17Z", "event":"FSDJump", "StarSystem":"LHS 3799", "StarPos":[-9.188,-19.844,10.688], "SystemAllegiance":"", "SystemEconomy":"$economy_None;", "SystemEconomy_Localised":"None", "SystemGovernment":"$government_None;", "SystemGovernment_Localised":"None", "SystemSecurity":"$SYSTEM_SECURITY_low;", "SystemSecurity_Localised":"Low Security", "JumpDist":25.368, "FuelUsed":2.837800, "FuelLevel":37.162201 }
{ "timestamp":"2016-12-31T22:44:44Z", "event":"FuelScoop", "Scooped":2.837799, "Total":40.000000 }
{ "timestamp":"2016-12-31T22:45:15Z", "event":"FSDJump", "StarSystem":"Fusang", "StarPos":[-12.594,-19.031,39.719], "SystemAllegiance":"Federation", "SystemEconomy":"$economy_HighTech;", "SystemEconomy_Localised":"High tech", "SystemGovernment":"$government_Democracy;", "SystemGovernment_Localised":"Democracy", "SystemSecurity":"$SYSTEM_SECURITY_medium;", "SystemSecurity_Localised":"Medium Security", "JumpDist":29.242, "FuelUsed":4.019532, "FuelLevel":35.980469, "SystemFaction":"Liberals of Fusang" }
{ "timestamp":"2016-12-31T22:45:41Z", "event":"FuelScoop", "Scooped":2.164951, "Total":38.145420 }
{ "timestamp":"2016-12-31T22:46:09Z", "event":"FSDJump", "StarSystem":"Aeternitas", "StarPos":[-1.500,-14.656,56.875], "SystemAllegiance":"Federation", "SystemEconomy":"$economy_Agri;", "SystemEconomy_Localised":"Agriculture", "SystemGovernment":"$government_Corporate;", "SystemGovernment_Localised":"Corporate", "SystemSecurity":"$SYSTEM_SECURITY_high;", "SystemSecurity_Localised":"High Security", "JumpDist":20.894, "FuelUsed":1.741407, "FuelLevel":36.404015, "SystemFaction":"Aeternitas Industries", "FactionState":"Boom" }
{ "timestamp":"2016-12-31T22:46:31Z", "event":"FuelScoop", "Scooped":0.674473, "Total":37.078487 }
{ "timestamp":"2016-12-31T22:47:52Z", "event":"SupercruiseExit", "StarSystem":"Aeternitas", "Body":"Houtman City", "BodyType":"Station" }
{ "timestamp":"2016-12-31T22:47:54Z", "event":"ReceiveText", "From":"Houtman City", "Message":"$STATION_NoFireZone_entered;", "Message_Localised":"No fire zone entered.", "Channel":"npc" }
{ "timestamp":"2016-12-31T22:48:10Z", "event":"DockingRequested", "StationName":"Houtman City" }
{ "timestamp":"2016-12-31T22:48:10Z", "event":"ReceiveText", "From":"Houtman City", "Message":"$DockingChatter_Cordial;", "Message_Localised":"Welcome back, Commander.", "Channel":"npc" }
{ "timestamp":"2016-12-31T22:48:12Z", "event":"ReceiveText", "From":"Houtman City", "Message":"$STATION_docking_granted;", "Message_Localised":"Docking request granted.", "Channel":"npc" }
{ "timestamp":"2016-12-31T22:48:12Z", "event":"DockingGranted", "LandingPad":15, "StationName":"Houtman City" }
{ "timestamp":"2016-12-31T22:48:52Z", "event":"Docked", "StationName":"Houtman City", "StationType":"Orbis", "StarSystem":"Aeternitas", "StationFaction":"Aeternitas Industries", "FactionState":"Boom", "StationGovernment":"$government_Corporate;", "StationGovernment_Localised":"Corporate", "StationAllegiance":"Federation", "StationEconomy":"$economy_Industrial;", "StationEconomy_Localised":"Industrial" }
{ "timestamp":"2016-12-31T22:50:41Z", "event":"CommunityGoalDiscard", "Name":"Alliance Appeal for Construction Materials", "System":"Furuhjelm III-674" }
{ "timestamp":"2016-12-31T22:51:37Z", "event":"LoadGame", "Commander":"Coccolithophore", "Ship":"Asp", "ShipID":2, "GameMode":"Open", "Credits":54284718, "Loan":0 }
{ "timestamp":"2016-12-31T22:51:37Z", "event":"Rank", "Combat":3, "Trade":2, "Explore":2, "Empire":0, "Federation":0, "CQC":0 }
{ "timestamp":"2016-12-31T22:51:37Z", "event":"Progress", "Combat":9, "Trade":85, "Explore":88, "Empire":0, "Federation":56, "CQC":0 }
{ "timestamp":"2016-12-31T22:51:59Z", "event":"Location", "Docked":true, "StationName":"Houtman City", "StationType":"Orbis", "StarSystem":"Aeternitas", "StarPos":[-1.500,-14.656,56.875], "SystemAllegiance":"Federation", "SystemEconomy":"$economy_Agri;", "SystemEconomy_Localised":"Agriculture", "SystemGovernment":"$government_Corporate;", "SystemGovernment_Localised":"Corporate", "SystemSecurity":"$SYSTEM_SECURITY_high;", "SystemSecurity_Localised":"High Security", "Body":"Houtman City", "BodyType":"Station", "SystemFaction":"Aeternitas Industries", "FactionState":"Boom" }
{ "timestamp":"2016-12-31T22:51:59Z", "event":"Docked", "StationName":"Houtman City", "StationType":"Orbis", "StarSystem":"Aeternitas", "StationFaction":"Aeternitas Industries", "FactionState":"Boom", "StationGovernment":"$government_Corporate;", "StationGovernment_Localised":"Corporate", "StationAllegiance":"Federation", "StationEconomy":"$economy_Industrial;", "StationEconomy_Localised":"Industrial" }
{ "timestamp":"2016-12-31T22:52:40Z", "event":"RefuelAll", "Cost":155, "Amount":3.076230 }
{ "timestamp":"2016-12-31T22:55:23Z", "event":"Undocked", "StationName":"Houtman City", "StationType":"Orbis" }
{ "timestamp":"2016-12-31T22:57:04Z", "event":"FSDJump", "StarSystem":"Ho Hsi", "StarPos":[-0.438,-11.469,61.281], "SystemAllegiance":"Independent", "SystemEconomy":"$economy_HighTech;", "SystemEconomy_Localised":"High tech", "SystemGovernment":"$government_Dictatorship;", "SystemGovernment_Localised":"Dictatorship", "SystemSecurity":"$SYSTEM_SECURITY_high;", "SystemSecurity_Localised":"High Security", "JumpDist":5.541, "FuelUsed":0.068280, "FuelLevel":39.931721, "SystemFaction":"United Ho Hsi Regulatory State" }
{ "timestamp":"2016-12-31T22:59:28Z", "event":"SupercruiseExit", "StarSystem":"Ho Hsi", "Body":"Steiner Hub", "BodyType":"Station" }
{ "timestamp":"2016-12-31T22:59:41Z", "event":"DockingRequested", "StationName":"Steiner Hub" }
{ "timestamp":"2016-12-31T22:59:41Z", "event":"ReceiveText", "From":"Steiner Hub", "Message":"$DockingChatter_Neutral;", "Message_Localised":"Ensure to observe starport protocol during your visit, pilot.", "Channel":"npc" }
{ "timestamp":"2016-12-31T22:59:42Z", "event":"ReceiveText", "From":"Steiner Hub", "Message":"$STATION_docking_granted;", "Message_Localised":"Docking request granted.", "Channel":"npc" }
{ "timestamp":"2016-12-31T22:59:42Z", "event":"DockingGranted", "LandingPad":4, "StationName":"Steiner Hub" }
{ "timestamp":"2016-12-31T22:59:52Z", "event":"ReceiveText", "From":"Steiner Hub", "Message":"$STATION_NoFireZone_entered;", "Message_Localised":"No fire zone entered.", "Channel":"npc" }
{ "timestamp":"2016-12-31T23:00:31Z", "event":"Docked", "StationName":"Steiner Hub", "StationType":"Outpost", "StarSystem":"Ho Hsi", "StationFaction":"Ho Hsi Jet Comms Limited", "FactionState":"Boom", "StationGovernment":"$government_Corporate;", "StationGovernment_Localised":"Corporate", "StationAllegiance":"Federation", "StationEconomy":"$economy_HighTech;", "StationEconomy_Localised":"High tech" }
{ "timestamp":"2016-12-31T23:02:28Z", "event":"ModuleBuy", "Slot":"Slot01_Size6", "SellItem":"$int_fuelscoop_size6_class4_name;", "SellItem_Localised":"Fuel Scoop", "SellPrice":7190903, "BuyItem":"$int_passengercabin_size6_class3_name;", "BuyItem_Localised":"FC Passenger Cabin", "BuyPrice":552698, "Ship":"asp", "ShipID":2 }
{ "timestamp":"2016-12-31T23:02:36Z", "event":"ModuleBuy", "Slot":"Slot03_Size3", "SellItem":"$int_cargorack_size3_class1_name;", "SellItem_Localised":"Cargo Rack", "SellPrice":10563, "BuyItem":"$int_fuelscoop_size3_class5_name;", "BuyItem_Localised":"Fuel Scoop", "BuyPrice":902954, "Ship":"asp", "ShipID":2 }
{ "timestamp":"2016-12-31T23:04:51Z", "event":"RefuelAll", "Cost":10, "Amount":0.161735 }
{ "timestamp":"2016-12-31T23:08:08Z", "event":"Undocked", "StationName":"Steiner Hub", "StationType":"Outpost" }
{ "timestamp":"2016-12-31T23:08:44Z", "event":"ReceiveText", "From":"Steiner Hub", "Message":"$STATION_NoFireZone_exited;", "Message_Localised":"No fire zone left.", "Channel":"npc" }
{ "timestamp":"2016-12-31T23:09:35Z", "event":"FSDJump", "StarSystem":"Aeternitas", "StarPos":[-1.500,-14.656,56.875], "SystemAllegiance":"Federation", "SystemEconomy":"$economy_Agri;", "SystemEconomy_Localised":"Agriculture", "SystemGovernment":"$government_Corporate;", "SystemGovernment_Localised":"Corporate", "SystemSecurity":"$SYSTEM_SECURITY_high;", "SystemSecurity_Localised":"High Security", "JumpDist":5.541, "FuelUsed":0.086973, "FuelLevel":39.913025, "SystemFaction":"Aeternitas Industries", "FactionState":"Boom" }
{ "timestamp":"2016-12-31T23:10:52Z", "event":"FuelScoop", "Scooped":0.086975, "Total":40.000000 }
{ "timestamp":"2016-12-31T23:12:16Z", "event":"SupercruiseExit", "StarSystem":"Aeternitas", "Body":"Filter Station", "BodyType":"Station" }
{ "timestamp":"2016-12-31T23:12:17Z", "event":"ReceiveText", "From":"Filter Station", "Message":"$STATION_NoFireZone_entered;", "Message_Localised":"No fire zone entered.", "Channel":"npc" }
{ "timestamp":"2016-12-31T23:12:38Z", "event":"DockingRequested", "StationName":"Filter Station" }
{ "timestamp":"2016-12-31T23:12:38Z", "event":"ReceiveText", "From":"Filter Station", "Message":"$DockingChatter_Cordial;", "Message_Localised":"Welcome back, Commander.", "Channel":"npc" }
{ "timestamp":"2016-12-31T23:12:39Z", "event":"ReceiveText", "From":"Filter Station", "Message":"$STATION_docking_granted;", "Message_Localised":"Docking request granted.", "Channel":"npc" }
{ "timestamp":"2016-12-31T23:12:39Z", "event":"DockingGranted", "LandingPad":45, "StationName":"Filter Station" }
{ "timestamp":"2016-12-31T23:13:34Z", "event":"Docked", "StationName":"Filter Station", "StationType":"Orbis", "StarSystem":"Aeternitas", "StationFaction":"Aeternitas Industries", "FactionState":"Boom", "StationGovernment":"$government_Corporate;", "StationGovernment_Localised":"Corporate", "StationAllegiance":"Federation", "StationEconomy":"$economy_Agri;", "StationEconomy_Localised":"Agriculture" }
{ "timestamp":"2016-12-31T23:13:38Z", "event":"ReceiveText", "From":"$npc_name_decorate:#name=Dunnel Vandras;", "From_Localised":"Dunnel Vandras", "Message":"$Smuggler_NearDeath02;", "Message_Localised":"I won't let it end like this!", "Channel":"npc" }
{ "timestamp":"2016-12-31T23:24:36Z", "event":"Undocked", "StationName":"Filter Station", "StationType":"Orbis" }
{ "timestamp":"2016-12-31T23:25:59Z", "event":"ReceiveText", "From":"Filter Station", "Message":"$STATION_NoFireZone_exited;", "Message_Localised":"No fire zone left.", "Channel":"npc" }
{ "timestamp":"2016-12-31T23:26:15Z", "event":"FSDJump", "StarSystem":"Hanggardi", "StarPos":[-19.031,7.375,56.500], "SystemAllegiance":"Federation", "SystemEconomy":"$economy_Agri;", "SystemEconomy_Localised":"Agriculture", "SystemGovernment":"$government_Corporate;", "SystemGovernment_Localised":"Corporate", "SystemSecurity":"$SYSTEM_SECURITY_high;", "SystemSecurity_Localised":"High Security", "JumpDist":28.158, "FuelUsed":4.667537, "FuelLevel":35.332462, "SystemFaction":"Hanggardi Partners" }
{ "timestamp":"2016-12-31T23:27:00Z", "event":"FuelScoop", "Scooped":3.443451, "Total":38.775913 }
{ "timestamp":"2016-12-31T23:27:33Z", "event":"FSDJump", "StarSystem":"Alrai Sector IM-V b2-3", "StarPos":[-31.281,32.375,60.594], "SystemAllegiance":"", "SystemEconomy":"$economy_None;", "SystemEconomy_Localised":"None", "SystemGovernment":"$government_None;", "SystemGovernment_Localised":"None", "SystemSecurity":"$SYSTEM_SECURITY_low;", "SystemSecurity_Localised":"Low Security", "JumpDist":28.139, "FuelUsed":4.626912, "FuelLevel":34.149002 }
{ "timestamp":"2016-12-31T23:28:57Z", "event":"FuelScoop", "Scooped":5.850998, "Total":40.000000 }
{ "timestamp":"2016-12-31T23:29:29Z", "event":"FSDJump", "StarSystem":"LP 387-31", "StarPos":[-49.625,47.656,47.531], "SystemAllegiance":"Independent", "SystemEconomy":"$economy_Military;", "SystemEconomy_Localised":"Military", "SystemGovernment":"$government_Cooperative;", "SystemGovernment_Localised":"Cooperative", "SystemSecurity":"$SYSTEM_SECURITY_low;", "SystemSecurity_Localised":"Low Security", "JumpDist":27.215, "FuelUsed":4.293303, "FuelLevel":35.706696, "SystemFaction":"LP 387-31 allied", "FactionState":"Retreat" }
{ "timestamp":"2016-12-31T23:30:11Z", "event":"FuelScoop", "Scooped":3.388126, "Total":39.094822 }
{ "timestamp":"2016-12-31T23:30:47Z", "event":"FSDJump", "StarSystem":"Fall", "StarPos":[-68.750,63.188,37.438], "SystemAllegiance":"Independent", "SystemEconomy":"$economy_Colony;", "SystemEconomy_Localised":"Colony", "SystemGovernment":"$government_Anarchy;", "SystemGovernment_Localised":"Anarchy", "SystemSecurity":"$GAlAXY_MAP_INFO_state_anarchy;", "SystemSecurity_Localised":"Anarchy", "JumpDist":26.625, "FuelUsed":4.047957, "FuelLevel":35.046864, "SystemFaction":"Mafia of Fall", "FactionState":"Boom" }
{ "timestamp":"2016-12-31T23:31:14Z", "event":"FuelScoop", "Scooped":0.866543, "Total":35.913406 }
{ "timestamp":"2016-12-31T23:31:46Z", "event":"FSDJump", "StarSystem":"Herculis Sector IH-V b2-3", "StarPos":[-84.875,84.938,45.500], "SystemAllegiance":"", "SystemEconomy":"$economy_None;", "SystemEconomy_Localised":"None", "SystemGovernment":"$government_None;", "SystemGovernment_Localised":"None", "SystemSecurity":"$SYSTEM_SECURITY_low;", "SystemSecurity_Localised":"Low Security", "JumpDist":28.250, "FuelUsed":4.594820, "FuelLevel":31.318586 }
{ "timestamp":"2016-12-31T23:32:33Z", "event":"HeatWarning" }
{ "timestamp":"2016-12-31T23:32:52Z", "event":"FuelScoop", "Scooped":7.457125, "Total":38.775711 }
{ "timestamp":"2016-12-31T23:33:27Z", "event":"FSDJump", "StarSystem":"Herculis Sector FM-V b2-1", "StarPos":[-104.594,102.656,38.188], "SystemAllegiance":"", "SystemEconomy":"$economy_None;", "SystemEconomy_Localised":"None", "SystemGovernment":"$government_None;", "SystemGovernment_Localised":"None", "SystemSecurity":"$SYSTEM_SECURITY_low;", "SystemSecurity_Localised":"Low Security", "JumpDist":27.500, "FuelUsed":4.373826, "FuelLevel":34.401886 }
{ "timestamp":"2016-12-31T23:33:55Z", "event":"FuelScoop", "Scooped":0.784142, "Total":35.186028 }
{ "timestamp":"2016-12-31T23:34:22Z", "event":"FSDJump", "StarSystem":"Col 285 Sector CJ-U b18-4", "StarPos":[-131.531,110.469,37.969], "SystemAllegiance":"", "SystemEconomy":"$economy_None;", "SystemEconomy_Localised":"None", "SystemGovernment":"$government_None;", "SystemGovernment_Localised":"None", "SystemSecurity":"$SYSTEM_SECURITY_low;", "SystemSecurity_Localised":"Low Security", "JumpDist":28.048, "FuelUsed":4.495676, "FuelLevel":30.690350 }
{ "timestamp":"2016-12-31T23:35:52Z", "event":"FuelScoop", "Scooped":9.309650, "Total":40.000000 }
{ "timestamp":"2016-12-31T23:36:25Z", "event":"FSDJump", "StarSystem":"Col 285 Sector ZN-U b18-3", "StarPos":[-148.656,127.219,43.469], "SystemAllegiance":"", "SystemEconomy":"$economy_None;", "SystemEconomy_Localised":"None", "SystemGovernment":"$government_None;", "SystemGovernment_Localised":"None", "SystemSecurity":"$SYSTEM_SECURITY_low;", "SystemSecurity_Localised":"Low Security", "JumpDist":24.578, "FuelUsed":3.344753, "FuelLevel":36.655247 }
{ "timestamp":"2016-12-31T23:36:55Z", "event":"FuelScoop", "Scooped":1.602795, "Total":38.258041 }
{ "timestamp":"2016-12-31T23:37:27Z", "event":"FSDJump", "StarSystem":"HIP 82573", "StarPos":[-170.844,142.406,41.063], "SystemAllegiance":"", "SystemEconomy":"$economy_None;", "SystemEconomy_Localised":"None", "SystemGovernment":"$government_None;", "SystemGovernment_Localised":"None", "SystemSecurity":"$SYSTEM_SECURITY_low;", "SystemSecurity_Localised":"Low Security", "JumpDist":26.995, "FuelUsed":4.167207, "FuelLevel":34.090836 }
{ "timestamp":"2016-12-31T23:38:39Z", "event":"FuelScoop", "Scooped":5.909164, "Total":40.000000 }
{ "timestamp":"2016-12-31T23:39:18Z", "event":"FSDJump", "StarSystem":"Col 285 Sector TX-U b18-2", "StarPos":[-194.000,155.250,40.656], "SystemAllegiance":"", "SystemEconomy":"$economy_None;", "SystemEconomy_Localised":"None", "SystemGovernment":"$government_None;", "SystemGovernment_Localised":"None", "SystemSecurity":"$SYSTEM_SECURITY_low;", "SystemSecurity_Localised":"Low Security", "JumpDist":26.483, "FuelUsed":4.016165, "FuelLevel":35.983833 }
{ "timestamp":"2016-12-31T23:39:46Z", "event":"FuelScoop", "Scooped":0.418087, "Total":36.401920 }
{ "timestamp":"2016-12-31T23:40:13Z", "event":"FSDJump", "StarSystem":"Col 285 Sector RC-V b18-1", "StarPos":[-204.000,177.688,37.656], "SystemAllegiance":"", "SystemEconomy":"$economy_None;", "SystemEconomy_Localised":"None", "SystemGovernment":"$government_None;", "SystemGovernment_Localised":"None", "SystemSecurity":"$SYSTEM_SECURITY_low;", "SystemSecurity_Localised":"Low Security", "JumpDist":24.748, "FuelUsed":3.331635, "FuelLevel":33.070286 }
{ "timestamp":"2016-12-31T23:41:29Z", "event":"FSDJump", "StarSystem":"Col 285 Sector UQ-K c9-9", "StarPos":[-217.250,199.844,40.594], "SystemAllegiance":"", "SystemEconomy":"$economy_None;", "SystemEconomy_Localised":"None", "SystemGovernment":"$government_None;", "SystemGovernment_Localised":"None", "SystemSecurity":"$SYSTEM_SECURITY_low;", "SystemSecurity_Localised":"Low Security", "JumpDist":25.983, "FuelUsed":3.681801, "FuelLevel":29.388485 }
{ "timestamp":"2016-12-31T23:42:35Z", "event":"FuelScoop", "Scooped":2.755989, "Total":32.144474 }
{ "timestamp":"2016-12-31T23:43:08Z", "event":"FSDJump", "StarSystem":"Col 285 Sector JI-S d4-29", "StarPos":[-240.125,210.875,34.344], "SystemAllegiance":"", "SystemEconomy":"$economy_None;", "SystemEconomy_Localised":"None", "SystemGovernment":"$government_None;", "SystemGovernment_Localised":"None", "SystemSecurity":"$SYSTEM_SECURITY_low;", "SystemSecurity_Localised":"Low Security", "JumpDist":26.154, "FuelUsed":3.720868, "FuelLevel":28.423607 }
{ "timestamp":"2016-12-31T23:43:48Z", "event":"FuelScoop", "Scooped":2.757128, "Total":31.180735 }
{ "timestamp":"2016-12-31T23:44:21Z", "event":"FSDJump", "StarSystem":"Col 285 Sector HN-S d4-25", "StarPos":[-262.313,227.219,42.938], "SystemAllegiance":"", "SystemEconomy":"$economy_None;", "SystemEconomy_Localised":"None", "SystemGovernment":"$government_None;", "SystemGovernment_Localised":"None", "SystemSecurity":"$SYSTEM_SECURITY_low;", "SystemSecurity_Localised":"Low Security", "JumpDist":28.866, "FuelUsed":4.711870, "FuelLevel":26.468864 }
{ "timestamp":"2016-12-31T23:45:51Z", "event":"FuelScoop", "Scooped":5.035639, "Total":31.504503 }
{ "timestamp":"2016-12-31T23:46:12Z", "event":"FSDJump", "StarSystem":"Col 285 Sector HR-V b18-1", "StarPos":[-273.969,245.531,43.031], "SystemAllegiance":"", "SystemEconomy":"$economy_None;", "SystemEconomy_Localised":"None", "SystemGovernment":"$government_None;", "SystemGovernment_Localised":"None", "SystemSecurity":"$SYSTEM_SECURITY_low;", "SystemSecurity_Localised":"Low Security", "JumpDist":21.708, "FuelUsed":2.348058, "FuelLevel":29.156445 }
{ "timestamp":"2016-12-31T23:47:13Z", "event":"FSDJump", "StarSystem":"Col 285 Sector EW-V b18-2", "StarPos":[-292.281,259.719,41.344], "SystemAllegiance":"", "SystemEconomy":"$economy_None;", "SystemEconomy_Localised":"None", "SystemGovernment":"$government_None;", "SystemGovernment_Localised":"None", "SystemSecurity":"$SYSTEM_SECURITY_low;", "SystemSecurity_Localised":"Low Security", "JumpDist":23.227, "FuelUsed":2.733764, "FuelLevel":26.422680 }
{ "timestamp":"2016-12-31T23:47:41Z", "event":"FuelScoop", "Scooped":0.901966, "Total":27.324646 }
{ "timestamp":"2016-12-31T23:48:14Z", "event":"FSDJump", "StarSystem":"17 Draconis", "StarPos":[-305.750,272.219,49.500], "SystemAllegiance":"Federation", "SystemEconomy":"$economy_Military;", "SystemEconomy_Localised":"Military", "SystemGovernment":"$government_Confederacy;", "SystemGovernment_Localised":"Confederacy", "SystemSecurity":"$SYSTEM_SECURITY_medium;", "SystemSecurity_Localised":"Medium Security", "JumpDist":20.104, "FuelUsed":1.898451, "FuelLevel":25.426195, "SystemFaction":"New 17 Draconis Alliance", "FactionState":"CivilWar" }
{ "timestamp":"2016-12-31T23:48:38Z", "event":"MaterialCollected", "Category":"Encoded", "Name":"emissiondata", "Count":3 }
{ "timestamp":"2016-12-31T23:48:47Z", "event":"ReceiveText", "From":"$npc_name_decorate:#name=Merlin;", "From_Localised":"Merlin", "Message":"$RefugeeFlotillaWar_Patrol06;", "Message_Localised":"Gotta get as far away from this place as we can. It's nothing but death and destruction.", "Channel":"npc" }
{ "timestamp":"2016-12-31T23:49:16Z", "event":"ReceiveText", "From":"$npc_name_decorate:#name=Merlin;", "From_Localised":"Merlin", "Message":"$RefugeeFlotillaWar_Patrol01;", "Message_Localised":"This war has gone too far, we're leavin' here before we get killed. ", "Channel":"npc" }
{ "timestamp":"2016-12-31T23:50:00Z", "event":"ReceiveText", "From":"$npc_name_decorate:#name=Merlin;", "From_Localised":"Merlin", "Message":"$RefugeeFlotillaWar_Patrol06;", "Message_Localised":"Gotta get as far away from this place as we can. It's nothing but death and destruction.", "Channel":"npc" }
{ "timestamp":"2016-12-31T23:55:33Z", "event":"SupercruiseExit", "StarSystem":"17 Draconis", "Body":"Paradiso Outpost", "BodyType":"Station" }
{ "timestamp":"2016-12-31T23:55:34Z", "event":"ReceiveText", "From":"Paradiso Outpost", "Message":"$STATION_NoFireZone_entered;", "Message_Localised":"No fire zone entered.", "Channel":"npc" }
{ "timestamp":"2016-12-31T23:55:44Z", "event":"DockingRequested", "StationName":"Paradiso Outpost" }
{ "timestamp":"2016-12-31T23:55:44Z", "event":"ReceiveText", "From":"Paradiso Outpost", "Message":"$DockingChatter_Unfriendly;", "Message_Localised":"You are advised to make your visit here short, Commander.", "Channel":"npc" }
{ "timestamp":"2016-12-31T23:55:46Z", "event":"ReceiveText", "From":"Paradiso Outpost", "Message":"$STATION_docking_granted;", "Message_Localised":"Docking request granted.", "Channel":"npc" }
{ "timestamp":"2016-12-31T23:55:46Z", "event":"DockingGranted", "LandingPad":11, "StationName":"Paradiso Outpost" }
{ "timestamp":"2016-12-31T23:56:31Z", "event":"Docked", "StationName":"Paradiso Outpost", "StationType":"Orbis", "StarSystem":"17 Draconis", "StationFaction":"New 17 Draconis Alliance", "FactionState":"CivilWar", "StationGovernment":"$government_Confederacy;", "StationGovernment_Localised":"Confederacy", "StationAllegiance":"Federation", "StationEconomy":"$economy_Service;", "StationEconomy_Localised":"Service" }
{ "timestamp":"2016-12-31T23:56:48Z", "event":"RefuelAll", "Cost":767, "Amount":15.317457 }
{ "timestamp":"2016-12-31T23:56:49Z", "event":"RepairAll", "Cost":370 }
{ "timestamp":"2016-12-31T23:59:44Z", "event":"ReceiveText", "From":"$cmdr_decorate:#name=Browney;", "From_Localised":"CMDR Browney", "Message":"dunno why ur all hanging about missions are crap ", "Channel":"local" }
{ "timestamp":"2017-01-01T00:16:05Z", "event":"ModuleSell", "Slot":"Slot03_Size3", "SellItem":"$int_fuelscoop_size3_class5_name;", "SellItem_Localised":"Fuel Scoop", "SellPrice":902954, "Ship":"asp", "ShipID":2 }
{ "timestamp":"2017-01-01T00:16:30Z", "event":"ModuleBuy", "Slot":"Slot01_Size6", "SellItem":"$int_passengercabin_size6_class3_name;", "SellItem_Localised":"FC Passenger Cabin", "SellPrice":552698, "BuyItem":"$int_fuelscoop_size6_class3_name;", "BuyItem_Localised":"Fuel Scoop", "BuyPrice":1797726, "Ship":"asp", "ShipID":2 }
{ "timestamp":"2017-01-01T00:21:21Z", "event":"Undocked", "StationName":"Paradiso Outpost", "StationType":"Orbis" }
{ "timestamp":"2017-01-01T00:22:07Z", "event":"ReceiveText", "From":"Paradiso Outpost", "Message":"$STATION_NoFireZone_exited;", "Message_Localised":"No fire zone left.", "Channel":"npc" }
{ "timestamp":"2017-01-01T00:22:33Z", "event":"FSDJump", "StarSystem":"Col 285 Sector BL-X b17-3", "StarPos":[-307.875,247.469,32.750], "SystemAllegiance":"", "SystemEconomy":"$economy_None;", "SystemEconomy_Localised":"None", "SystemGovernment":"$government_None;", "SystemGovernment_Localised":"None", "SystemSecurity":"$SYSTEM_SECURITY_low;", "SystemSecurity_Localised":"Low Security", "JumpDist":29.961, "FuelUsed":4.266046, "FuelLevel":35.733955 }
{ "timestamp":"2017-01-01T00:23:00Z", "event":"FuelScoop", "Scooped":4.266045, "Total":40.000000 }
{ "timestamp":"2017-01-01T00:23:26Z", "event":"FSDJump", "StarSystem":"Col 285 Sector MP-M c8-5", "StarPos":[-288.125,235.250,14.844], "SystemAllegiance":"", "SystemEconomy":"$economy_None;", "SystemEconomy_Localised":"None", "SystemGovernment":"$government_None;", "SystemGovernment_Localised":"None", "SystemSecurity":"$SYSTEM_SECURITY_low;", "SystemSecurity_Localised":"Low Security", "JumpDist":29.326, "FuelUsed":4.047472, "FuelLevel":35.952530 }
{ "timestamp":"2017-01-01T00:24:24Z", "event":"FuelScoop", "Scooped":4.047470, "Total":40.000000 }
{ "timestamp":"2017-01-01T00:24:54Z", "event":"FSDJump", "StarSystem":"Col 285 Sector OK-M c8-9", "StarPos":[-278.750,214.469,-7.031], "SystemAllegiance":"", "SystemEconomy":"$economy_None;", "SystemEconomy_Localised":"None", "SystemGovernment":"$government_None;", "SystemGovernment_Localised":"None", "SystemSecurity":"$SYSTEM_SECURITY_low;", "SystemSecurity_Localised":"Low Security", "JumpDist":31.595, "FuelUsed":4.858671, "FuelLevel":35.141327 }
{ "timestamp":"2017-01-01T00:25:27Z", "event":"FuelScoop", "Scooped":4.858673, "Total":40.000000 }
{ "timestamp":"2017-01-01T00:25:49Z", "event":"FSDJump", "StarSystem":"Col 285 Sector BK-A b16-3", "StarPos":[-277.438,187.656,-21.969], "SystemAllegiance":"", "SystemEconomy":"$economy_None;", "SystemEconomy_Localised":"None", "SystemGovernment":"$government_None;", "SystemGovernment_Localised":"None", "SystemSecurity":"$SYSTEM_SECURITY_low;", "SystemSecurity_Localised":"Low Security", "JumpDist":30.721, "FuelUsed":4.535773, "FuelLevel":35.464226 }
{ "timestamp":"2017-01-01T00:26:17Z", "event":"FuelScoop", "Scooped":4.535774, "Total":40.000000 }
{ "timestamp":"2017-01-01T00:26:47Z", "event":"FSDJump", "StarSystem":"Col 285 Sector YD-C b15-1", "StarPos":[-255.438,178.969,-43.156], "SystemAllegiance":"", "SystemEconomy":"$economy_None;", "SystemEconomy_Localised":"None", "SystemGovernment":"$government_None;", "SystemGovernment_Localised":"None", "SystemSecurity":"$SYSTEM_SECURITY_low;", "SystemSecurity_Localised":"Low Security", "JumpDist":31.755, "FuelUsed":4.919346, "FuelLevel":35.080654 }
{ "timestamp":"2017-01-01T00:27:18Z", "event":"FuelScoop", "Scooped":4.919346, "Total":40.000000 }
{ "timestamp":"2017-01-01T00:27:42Z", "event":"FSDJump", "StarSystem":"Col 285 Sector NZ-N c7-12", "StarPos":[-243.281,151.250,-52.656], "SystemAllegiance":"", "SystemEconomy":"$economy_None;", "SystemEconomy_Localised":"None", "SystemGovernment":"$government_None;", "SystemGovernment_Localised":"None", "SystemSecurity":"$SYSTEM_SECURITY_low;", "SystemSecurity_Localised":"Low Security", "JumpDist":31.723, "FuelUsed":4.907167, "FuelLevel":35.092834 }
{ "timestamp":"2017-01-01T00:28:11Z", "event":"FuelScoop", "Scooped":4.615143, "Total":39.707977 }
{ "timestamp":"2017-01-01T00:28:37Z", "event":"FSDJump", "StarSystem":"Col 285 Sector XC-F b13-3", "StarPos":[-231.844,129.969,-70.969], "SystemAllegiance":"", "SystemEconomy":"$economy_None;", "SystemEconomy_Localised":"None", "SystemGovernment":"$government_None;", "SystemGovernment_Localised":"None", "SystemSecurity":"$SYSTEM_SECURITY_low;", "SystemSecurity_Localised":"Low Security", "JumpDist":30.316, "FuelUsed":4.382462, "FuelLevel":35.325516 }
{ "timestamp":"2017-01-01T00:29:12Z", "event":"FuelScoop", "Scooped":1.447701, "Total":36.773216 }
{ "timestamp":"2017-01-01T00:30:04Z", "event":"FSDJump", "StarSystem":"Col 285 Sector UW-G b12-2", "StarPos":[-223.250,117.469,-98.406], "SystemAllegiance":"", "SystemEconomy":"$economy_None;", "SystemEconomy_Localised":"None", "SystemGovernment":"$government_None;", "SystemGovernment_Localised":"None", "SystemSecurity":"$SYSTEM_SECURITY_low;", "SystemSecurity_Localised":"Low Security", "JumpDist":31.352, "FuelUsed":4.670249, "FuelLevel":32.102966 }
{ "timestamp":"2017-01-01T00:30:29Z", "event":"FuelScoop", "Scooped":3.239609, "Total":35.342575 }
{ "timestamp":"2017-01-01T00:31:14Z", "event":"FSDJump", "StarSystem":"HR 8546", "StarPos":[-201.844,105.781,-118.031], "SystemAllegiance":"", "SystemEconomy":"$economy_None;", "SystemEconomy_Localised":"None", "SystemGovernment":"$government_None;", "SystemGovernment_Localised":"None", "SystemSecurity":"$SYSTEM_SECURITY_low;", "SystemSecurity_Localised":"Low Security", "JumpDist":31.304, "FuelUsed":4.610476, "FuelLevel":30.732100 }
{ "timestamp":"2017-01-01T00:32:05Z", "event":"FuelScoop", "Scooped":9.267900, "Total":40.000000 }
{ "timestamp":"2017-01-01T00:32:31Z", "event":"FSDJump", "StarSystem":"Col 285 Sector RA-K b10-1", "StarPos":[-198.938,80.563,-137.281], "SystemAllegiance":"", "SystemEconomy":"$economy_None;", "SystemEconomy_Localised":"None", "SystemGovernment":"$government_None;", "SystemGovernment_Localised":"None", "SystemSecurity":"$SYSTEM_SECURITY_low;", "SystemSecurity_Localised":"Low Security", "JumpDist":31.859, "FuelUsed":4.958544, "FuelLevel":35.041458 }
{ "timestamp":"2017-01-01T00:32:58Z", "event":"FuelScoop", "Scooped":4.307907, "Total":39.349365 }
{ "timestamp":"2017-01-01T00:33:20Z", "event":"FSDJump", "StarSystem":"Col 285 Sector QP-L b9-2", "StarPos":[-182.906,64.156,-159.031], "SystemAllegiance":"", "SystemEconomy":"$economy_None;", "SystemEconomy_Localised":"None", "SystemGovernment":"$government_None;", "SystemGovernment_Localised":"None", "SystemSecurity":"$SYSTEM_SECURITY_low;", "SystemSecurity_Localised":"Low Security", "JumpDist":31.611, "FuelUsed":4.841330, "FuelLevel":34.508034 }
{ "timestamp":"2017-01-01T00:33:51Z", "event":"FuelScoop", "Scooped":5.268517, "Total":39.776550 }
{ "timestamp":"2017-01-01T00:34:21Z", "event":"FSDJump", "StarSystem":"Col 285 Sector OE-N b8-4", "StarPos":[-180.500,38.563,-177.656], "SystemAllegiance":"", "SystemEconomy":"$economy_None;", "SystemEconomy_Localised":"None", "SystemGovernment":"$government_None;", "SystemGovernment_Localised":"None", "SystemSecurity":"$SYSTEM_SECURITY_low;", "SystemSecurity_Localised":"Low Security", "JumpDist":31.745, "FuelUsed":4.908096, "FuelLevel":34.868454 }
{ "timestamp":"2017-01-01T00:34:50Z", "event":"FuelScoop", "Scooped":4.882839, "Total":39.751293 }
{ "timestamp":"2017-01-01T00:35:20Z", "event":"FSDJump", "StarSystem":"Col 285 Sector MT-O b7-0", "StarPos":[-179.594,16.719,-199.063], "SystemAllegiance":"", "SystemEconomy":"$economy_None;", "SystemEconomy_Localised":"None", "SystemGovernment":"$government_None;", "SystemGovernment_Localised":"None", "SystemSecurity":"$SYSTEM_SECURITY_low;", "SystemSecurity_Localised":"Low Security", "JumpDist":30.597, "FuelUsed":4.484274, "FuelLevel":35.267021 }
{ "timestamp":"2017-01-01T00:35:48Z", "event":"FuelScoop", "Scooped":4.078735, "Total":39.345757 }
{ "timestamp":"2017-01-01T00:36:20Z", "event":"FSDJump", "StarSystem":"HIP 15111", "StarPos":[-170.188,-3.656,-219.875], "SystemAllegiance":"", "SystemEconomy":"$economy_None;", "SystemEconomy_Localised":"None", "SystemGovernment":"$government_None;", "SystemGovernment_Localised":"None", "SystemSecurity":"$SYSTEM_SECURITY_low;", "SystemSecurity_Localised":"Low Security", "JumpDist":30.607, "FuelUsed":4.475942, "FuelLevel":34.869816 }
{ "timestamp":"2017-01-01T00:36:54Z", "event":"FuelScoop", "Scooped":1.361046, "Total":36.230862 }
{ "timestamp":"2017-01-01T00:37:16Z", "event":"FSDJump", "StarSystem":"Col 285 Sector JX-R b5-5", "StarPos":[-159.531,-20.781,-240.031], "SystemAllegiance":"", "SystemEconomy":"$economy_None;", "SystemEconomy_Localised":"None", "SystemGovernment":"$government_None;", "SystemGovernment_Localised":"None", "SystemSecurity":"$SYSTEM_SECURITY_low;", "SystemSecurity_Localised":"Low Security", "JumpDist":28.515, "FuelUsed":3.769139, "FuelLevel":36.230862 }
{ "timestamp":"2017-01-01T00:37:45Z", "event":"FuelScoop", "Scooped":-1.081318, "Total":35.149544 }
{ "timestamp":"2017-01-01T00:38:09Z", "event":"FSDJump", "StarSystem":"Col 285 Sector JH-T b4-4", "StarPos":[-155.375,-45.750,-259.031], "SystemAllegiance":"", "SystemEconomy":"$economy_None;", "SystemEconomy_Localised":"None", "SystemGovernment":"$government_None;", "SystemGovernment_Localised":"None", "SystemSecurity":"$SYSTEM_SECURITY_low;", "SystemSecurity_Localised":"Low Security", "JumpDist":31.650, "FuelUsed":4.850456, "FuelLevel":35.149544 }
{ "timestamp":"2017-01-01T00:38:38Z", "event":"FuelScoop", "Scooped":3.804539, "Total":38.954082 }
{ "timestamp":"2017-01-01T00:39:06Z", "event":"FSDJump", "StarSystem":"Col 285 Sector GB-V b3-2", "StarPos":[-142.688,-63.563,-278.813], "SystemAllegiance":"", "SystemEconomy":"$economy_None;", "SystemEconomy_Localised":"None", "SystemGovernment":"$government_None;", "SystemGovernment_Localised":"None", "SystemSecurity":"$SYSTEM_SECURITY_low;", "SystemSecurity_Localised":"Low Security", "JumpDist":29.488, "FuelUsed":4.071097, "FuelLevel":34.882984 }
{ "timestamp":"2017-01-01T00:39:35Z", "event":"FuelScoop", "Scooped":5.030838, "Total":39.913822 }
{ "timestamp":"2017-01-01T00:40:03Z", "event":"FSDJump", "StarSystem":"Pleiades Sector FW-W d1-61", "StarPos":[-121.531,-78.781,-290.938], "SystemAllegiance":"", "SystemEconomy":"$economy_None;", "SystemEconomy_Localised":"None", "SystemGovernment":"$government_None;", "SystemGovernment_Localised":"None", "SystemSecurity":"$SYSTEM_SECURITY_low;", "SystemSecurity_Localised":"Low Security", "JumpDist":28.744, "FuelUsed":3.849687, "FuelLevel":36.064137 }
{ "timestamp":"2017-01-01T00:40:30Z", "event":"FuelScoop", "Scooped":2.288055, "Total":38.352192 }
{ "timestamp":"2017-01-01T00:41:03Z", "event":"FSDJump", "StarSystem":"Pleiades Sector RZ-O b6-1", "StarPos":[-109.969,-105.375,-302.500], "SystemAllegiance":"", "SystemEconomy":"$economy_None;", "SystemEconomy_Localised":"None", "SystemGovernment":"$government_None;", "SystemGovernment_Localised":"None", "SystemSecurity":"$SYSTEM_SECURITY_low;", "SystemSecurity_Localised":"Low Security", "JumpDist":31.219, "FuelUsed":4.668941, "FuelLevel":33.683250 }
{ "timestamp":"2017-01-01T00:41:34Z", "event":"FuelScoop", "Scooped":5.878113, "Total":39.561363 }
{ "timestamp":"2017-01-01T00:42:03Z", "event":"FSDJump", "StarSystem":"HIP 17125", "StarPos":[-95.875,-128.750,-316.563], "SystemAllegiance":"", "SystemEconomy":"$economy_None;", "SystemEconomy_Localised":"None", "SystemGovernment":"$government_None;", "SystemGovernment_Localised":"None", "SystemSecurity":"$SYSTEM_SECURITY_low;", "SystemSecurity_Localised":"Low Security", "JumpDist":30.705, "FuelUsed":4.515189, "FuelLevel":35.046173 }
{ "timestamp":"2017-01-01T00:42:31Z", "event":"HeatWarning" }
{ "timestamp":"2017-01-01T00:42:40Z", "event":"FuelScoop", "Scooped":3.633114, "Total":38.679287 }
{ "timestamp":"2017-01-01T00:43:05Z", "event":"FSDJump", "StarSystem":"Pleiades Sector IH-V c2-13", "StarPos":[-84.156,-137.500,-328.000], "SystemAllegiance":"", "SystemEconomy":"$economy_None;", "SystemEconomy_Localised":"None", "SystemGovernment":"$government_None;", "SystemGovernment_Localised":"None", "SystemSecurity":"$SYSTEM_SECURITY_low;", "SystemSecurity_Localised":"Low Security", "JumpDist":18.566, "FuelUsed":1.320713, "FuelLevel":38.679287 }
{ "timestamp":"2017-01-01T00:43:29Z", "event":"FuelScoop", "Scooped":0.909683, "Total":39.588970 }
{ "timestamp":"2017-01-01T00:44:02Z", "event":"FSDJump", "StarSystem":"Maia", "StarPos":[-81.781,-149.438,-343.375], "SystemAllegiance":"Independent", "SystemEconomy":"$economy_Refinery;", "SystemEconomy_Localised":"Refinery", "SystemGovernment":"$government_Anarchy;", "SystemGovernment_Localised":"Anarchy", "SystemSecurity":"$GAlAXY_MAP_INFO_state_anarchy;", "SystemSecurity_Localised":"Anarchy", "JumpDist":19.610, "FuelUsed":1.506208, "FuelLevel":38.082764, "SystemFaction":"The Ant Hill Mob" }
{ "timestamp":"2017-01-01T00:47:10Z", "event":"ApproachSettlement", "Name":"Darnielle's Progress" }
{ "timestamp":"2017-01-01T00:47:18Z", "event":"SupercruiseExit", "StarSystem":"Maia", "Body":"Maia A 2 a", "BodyType":"Planet" }
{ "timestamp":"2017-01-01T00:47:52Z", "event":"DockingRequested", "StationName":"Darnielle's Progress" }
{ "timestamp":"2017-01-01T00:47:52Z", "event":"ReceiveText", "From":"Darnielle's Progress", "Message":"$DockingChatter_Neutral;", "Message_Localised":"Ensure to observe starport protocol during your visit, pilot.", "Channel":"npc" }
{ "timestamp":"2017-01-01T00:47:54Z", "event":"ReceiveText", "From":"Darnielle's Progress", "Message":"$STATION_docking_granted;", "Message_Localised":"Docking request granted.", "Channel":"npc" }
{ "timestamp":"2017-01-01T00:47:54Z", "event":"DockingGranted", "LandingPad":10, "StationName":"Darnielle's Progress" }
{ "timestamp":"2017-01-01T00:48:02Z", "event":"ReceiveText", "From":"Darnielle's Progress", "Message":"$STATION_NoFireZone_entered;", "Message_Localised":"No fire zone entered.", "Channel":"npc" }
{ "timestamp":"2017-01-01T00:48:40Z", "event":"Docked", "StationName":"Darnielle's Progress", "StarSystem":"Maia", "StationFaction":"The Ant Hill Mob", "StationGovernment":"$government_Anarchy;", "StationGovernment_Localised":"Anarchy", "StationEconomy":"$economy_Extraction;", "StationEconomy_Localised":"Extraction" }
{ "timestamp":"2017-01-01T00:48:50Z", "event":"RefuelAll", "Cost":121, "Amount":2.414550 }
{ "timestamp":"2017-01-01T00:48:51Z", "event":"BuyAmmo", "Cost":50 }
{ "timestamp":"2017-01-01T00:49:04Z", "event":"MarketBuy", "Type":"metaalloys", "Count":1, "BuyPrice":105497, "TotalCost":105497 }
{ "timestamp":"2017-01-01T00:50:15Z", "event":"Undocked", "StationName":"Darnielle's Progress" }
{ "timestamp":"2017-01-01T00:50:48Z", "event":"ReceiveText", "From":"Darnielle's Progress", "Message":"$STATION_NoFireZone_exited;", "Message_Localised":"No fire zone left.", "Channel":"npc" }
{ "timestamp":"2017-01-01T00:51:35Z", "event":"FSDJump", "StarSystem":"Pleiades Sector OI-S b4-0", "StarPos":[-63.188,-135.750,-325.219], "SystemAllegiance":"", "SystemEconomy":"$economy_None;", "SystemEconomy_Localised":"None", "SystemGovernment":"$government_None;", "SystemGovernment_Localised":"None", "SystemSecurity":"$SYSTEM_SECURITY_low;", "SystemSecurity_Localised":"Low Security", "JumpDist":29.372, "FuelUsed":4.089559, "FuelLevel":35.910442 }
{ "timestamp":"2017-01-01T00:52:05Z", "event":"FuelScoop", "Scooped":4.089558, "Total":40.000000 }
{ "timestamp":"2017-01-01T00:52:34Z", "event":"FSDJump", "StarSystem":"Pleiades Sector TO-Q b5-3", "StarPos":[-36.563,-130.250,-312.500], "SystemAllegiance":"", "SystemEconomy":"$economy_None;", "SystemEconomy_Localised":"None", "SystemGovernment":"$government_None;", "SystemGovernment_Localised":"None", "SystemSecurity":"$SYSTEM_SECURITY_low;", "SystemSecurity_Localised":"Low Security", "JumpDist":30.015, "FuelUsed":4.312211, "FuelLevel":35.687790 }
{ "timestamp":"2017-01-01T00:53:07Z", "event":"FuelScoop", "Scooped":4.312210, "Total":40.000000 }
{ "timestamp":"2017-01-01T00:53:36Z", "event":"FSDJump", "StarSystem":"Pleiades Sector WZ-O b6-2", "StarPos":[-23.500,-116.688,-287.281], "SystemAllegiance":"", "SystemEconomy":"$economy_None;", "SystemEconomy_Localised":"None", "SystemGovernment":"$government_None;", "SystemGovernment_Localised":"None", "SystemSecurity":"$SYSTEM_SECURITY_low;", "SystemSecurity_Localised":"Low Security", "JumpDist":31.473, "FuelUsed":4.843465, "FuelLevel":35.156536 }
{ "timestamp":"2017-01-01T00:54:05Z", "event":"FuelScoop", "Scooped":3.493999, "Total":38.650536 }
{ "timestamp":"2017-01-01T00:54:27Z", "event":"FSDJump", "StarSystem":"HIP 20041", "StarPos":[-10.813,-109.813,-265.906], "SystemAllegiance":"", "SystemEconomy":"$economy_None;", "SystemEconomy_Localised":"None", "SystemGovernment":"$government_None;", "SystemGovernment_Localised":"None", "SystemSecurity":"$SYSTEM_SECURITY_low;", "SystemSecurity_Localised":"Low Security", "JumpDist":25.790, "FuelUsed":2.945850, "FuelLevel":35.704685 }
{ "timestamp":"2017-01-01T00:55:06Z", "event":"FuelScoop", "Scooped":4.295315, "Total":40.000000 }
{ "timestamp":"2017-01-01T00:55:34Z", "event":"FSDJump", "StarSystem":"Hyades Sector FL-X b1-2", "StarPos":[7.656,-103.000,-241.656], "SystemAllegiance":"", "SystemEconomy":"$economy_None;", "SystemEconomy_Localised":"None", "SystemGovernment":"$government_None;", "SystemGovernment_Localised":"None", "SystemSecurity":"$SYSTEM_SECURITY_low;", "SystemSecurity_Localised":"Low Security", "JumpDist":31.234, "FuelUsed":4.753925, "FuelLevel":35.246075 }
{ "timestamp":"2017-01-01T00:56:08Z", "event":"FuelScoop", "Scooped":4.753925, "Total":40.000000 }
{ "timestamp":"2017-01-01T00:56:38Z", "event":"FSDJump", "StarSystem":"Hyades Sector GB-X c1-22", "StarPos":[21.063,-90.250,-219.094], "SystemAllegiance":"", "SystemEconomy":"$economy_None;", "SystemEconomy_Localised":"None", "SystemGovernment":"$government_None;", "SystemGovernment_Localised":"None", "SystemSecurity":"$SYSTEM_SECURITY_low;", "SystemSecurity_Localised":"Low Security", "JumpDist":29.178, "FuelUsed":4.023438, "FuelLevel":35.976563 }
{ "timestamp":"2017-01-01T00:57:11Z", "event":"FuelScoop", "Scooped":4.023438, "Total":40.000000 }
{ "timestamp":"2017-01-01T00:57:30Z", "event":"FSDJump", "StarSystem":"Hyades Sector GB-X c1-12", "StarPos":[40.375,-73.594,-202.313], "SystemAllegiance":"", "SystemEconomy":"$economy_None;", "SystemEconomy_Localised":"None", "SystemGovernment":"$government_None;", "SystemGovernment_Localised":"None", "SystemSecurity":"$SYSTEM_SECURITY_low;", "SystemSecurity_Localised":"Low Security", "JumpDist":30.529, "FuelUsed":4.495015, "FuelLevel":35.504986 }
{ "timestamp":"2017-01-01T00:57:58Z", "event":"FuelScoop", "Scooped":3.255363, "Total":38.760349 }
{ "timestamp":"2017-01-01T00:58:25Z", "event":"FSDJump", "StarSystem":"HIP 24180", "StarPos":[50.563,-61.750,-176.500], "SystemAllegiance":"", "SystemEconomy":"$economy_None;", "SystemEconomy_Localised":"None", "SystemGovernment":"$government_None;", "SystemGovernment_Localised":"None", "SystemSecurity":"$SYSTEM_SECURITY_low;", "SystemSecurity_Localised":"Low Security", "JumpDist":30.172, "FuelUsed":4.318993, "FuelLevel":34.441357 }
{ "timestamp":"2017-01-01T00:59:03Z", "event":"FuelScoop", "Scooped":5.558643, "Total":40.000000 }
{ "timestamp":"2017-01-01T00:59:51Z", "event":"FSDJump", "StarSystem":"Hyades Sector UT-Q b5-5", "StarPos":[60.344,-46.500,-153.625], "SystemAllegiance":"", "SystemEconomy":"$economy_None;", "SystemEconomy_Localised":"None", "SystemGovernment":"$government_None;", "SystemGovernment_Localised":"None", "SystemSecurity":"$SYSTEM_SECURITY_low;", "SystemSecurity_Localised":"Low Security", "JumpDist":29.180, "FuelUsed":4.024481, "FuelLevel":35.975517 }
{ "timestamp":"2017-01-01T01:00:15Z", "event":"FuelScoop", "Scooped":2.773796, "Total":38.749313 }
{ "timestamp":"2017-01-01T01:00:39Z", "event":"FSDJump", "StarSystem":"Hyades Sector ZZ-O b6-0", "StarPos":[80.063,-46.813,-130.344], "SystemAllegiance":"", "SystemEconomy":"$economy_None;", "SystemEconomy_Localised":"None", "SystemGovernment":"$government_None;", "SystemGovernment_Localised":"None", "SystemSecurity":"$SYSTEM_SECURITY_low;", "SystemSecurity_Localised":"Low Security", "JumpDist":30.511, "FuelUsed":4.453564, "FuelLevel":34.295750 }
{ "timestamp":"2017-01-01T01:01:04Z", "event":"FuelScoop", "Scooped":2.354897, "Total":36.650646 }
{ "timestamp":"2017-01-01T01:01:37Z", "event":"FSDJump", "StarSystem":"HIP 29330", "StarPos":[90.625,-35.844,-103.531], "SystemAllegiance":"", "SystemEconomy":"$economy_None;", "SystemEconomy_Localised":"None", "SystemGovernment":"$government_None;", "SystemGovernment_Localised":"None", "SystemSecurity":"$SYSTEM_SECURITY_low;", "SystemSecurity_Localised":"Low Security", "JumpDist":30.835, "FuelUsed":4.509423, "FuelLevel":32.141224 }
{ "timestamp":"2017-01-01T01:02:15Z", "event":"FuelScoop", "Scooped":7.858776, "Total":40.000000 }
{ "timestamp":"2017-01-01T01:02:43Z", "event":"FSDJump", "StarSystem":"Trianguli Sector JM-V b2-0", "StarPos":[100.938,-20.250,-79.188], "SystemAllegiance":"", "SystemEconomy":"$economy_None;", "SystemEconomy_Localised":"None", "SystemGovernment":"$government_None;", "SystemGovernment_Localised":"None", "SystemSecurity":"$SYSTEM_SECURITY_low;", "SystemSecurity_Localised":"Low Security", "JumpDist":30.694, "FuelUsed":4.555285, "FuelLevel":35.444714 }
{ "timestamp":"2017-01-01T01:03:11Z", "event":"FuelScoop", "Scooped":4.555286, "Total":40.000000 }
{ "timestamp":"2017-01-01T01:03:41Z", "event":"FSDJump", "StarSystem":"Col 285 Sector GB-C b14-6", "StarPos":[114.250,-9.438,-63.969], "SystemAllegiance":"", "SystemEconomy":"$economy_None;", "SystemEconomy_Localised":"None", "SystemGovernment":"$government_None;", "SystemGovernment_Localised":"None", "SystemSecurity":"$SYSTEM_SECURITY_low;", "SystemSecurity_Localised":"Low Security", "JumpDist":22.929, "FuelUsed":2.229203, "FuelLevel":37.770798 }
{ "timestamp":"2017-01-01T01:04:07Z", "event":"FuelScoop", "Scooped":2.229202, "Total":40.000000 }
{ "timestamp":"2017-01-01T01:04:45Z", "event":"FSDJump", "StarSystem":"Deciat", "StarPos":[122.625,-0.813,-47.281], "SystemAllegiance":"Federation", "SystemEconomy":"$economy_Industrial;", "SystemEconomy_Localised":"Industrial", "SystemGovernment":"$government_Democracy;", "SystemGovernment_Localised":"Democracy", "SystemSecurity":"$SYSTEM_SECURITY_high;", "SystemSecurity_Localised":"High Security", "JumpDist":20.567, "FuelUsed":1.707906, "FuelLevel":38.292095, "SystemFaction":"Independent Deciat Green Party", "FactionState":"Boom" }
{ "timestamp":"2017-01-01T01:08:44Z", "event":"SupercruiseExit", "StarSystem":"Deciat", "Body":"Deciat 6 a", "BodyType":"Planet" }
{ "timestamp":"2017-01-01T01:09:55Z", "event":"ReceiveText", "From":"Farseer Inc", "Message":"$STATION_NoFireZone_entered;", "Message_Localised":"No fire zone entered.", "Channel":"npc" }
{ "timestamp":"2017-01-01T01:09:57Z", "event":"DockingRequested", "StationName":"Farseer Inc" }
{ "timestamp":"2017-01-01T01:09:57Z", "event":"ReceiveText", "From":"Farseer Inc", "Message":"$DockingChatter_Neutral;", "Message_Localised":"Ensure to observe starport protocol during your visit, pilot.", "Channel":"npc" }
{ "timestamp":"2017-01-01T01:09:58Z", "event":"ReceiveText", "From":"Farseer Inc", "Message":"$STATION_docking_granted;", "Message_Localised":"Docking request granted.", "Channel":"npc" }
{ "timestamp":"2017-01-01T01:09:58Z", "event":"DockingGranted", "LandingPad":2, "StationName":"Farseer Inc" }
{ "timestamp":"2017-01-01T01:11:06Z", "event":"Docked", "StationName":"Farseer Inc", "StarSystem":"Deciat", "StationFaction":"Independent Deciat Green Party", "FactionState":"Boom", "StationGovernment":"$government_Democracy;", "StationGovernment_Localised":"Democracy", "StationAllegiance":"Federation" }
{ "timestamp":"2017-01-01T01:11:26Z", "event":"EngineerProgress", "Engineer":"Felicity Farseer", "Progress":"Unlocked", "Rank":1 }
{ "timestamp":"2017-01-01T01:12:11Z", "event":"EngineerCraft", "Engineer":"Felicity Farseer", "Blueprint":"FSD_Shielded", "Level":1, "Ingredients":{"nickel":1 } }
{ "timestamp":"2017-01-01T01:12:53Z", "event":"EngineerCraft", "Engineer":"Felicity Farseer", "Blueprint":"Engine_Dirty", "Level":1, "Ingredients":{"legacyfirmware":1 } }
{ "timestamp":"2017-01-01T01:13:18Z", "event":"EngineerApply", "Engineer":"Felicity Farseer", "Blueprint":"Engine_Dirty", "Level":1 }
{ "timestamp":"2017-01-01T01:13:53Z", "event":"EngineerCraft", "Engineer":"Felicity Farseer", "Blueprint":"PowerPlant_Stealth", "Level":1, "Ingredients":{"iron":1 } }
{ "timestamp":"2017-01-01T01:13:55Z", "event":"EngineerProgress", "Engineer":"Felicity Farseer", "Rank":2 }
{ "timestamp":"2017-01-01T01:14:52Z", "event":"RefuelAll", "Cost":106, "Amount":2.089032 }
{ "timestamp":"2017-01-01T01:14:53Z", "event":"BuyAmmo", "Cost":25 }
{ "timestamp":"2017-01-01T01:14:57Z", "event":"RepairAll", "Cost":236 }
{ "timestamp":"2017-01-01T01:15:53Z", "event":"LoadGame", "Commander":"Coccolithophore", "Ship":"Asp", "ShipID":2, "GameMode":"Solo", "Credits":59581096, "Loan":0 }
{ "timestamp":"2017-01-01T01:15:53Z", "event":"Rank", "Combat":3, "Trade":2, "Explore":2, "Empire":0, "Federation":0, "CQC":0 }
{ "timestamp":"2017-01-01T01:15:53Z", "event":"Progress", "Combat":9, "Trade":85, "Explore":88, "Empire":0, "Federation":56, "CQC":0 }
{ "timestamp":"2017-01-01T01:16:12Z", "event":"Location", "Docked":true, "StationName":"Farseer Inc", "StationType":"", "StarSystem":"Deciat", "StarPos":[122.625,-0.813,-47.281], "SystemAllegiance":"Federation", "SystemEconomy":"$economy_Industrial;", "SystemEconomy_Localised":"Industrial", "SystemGovernment":"$government_Democracy;", "SystemGovernment_Localised":"Democracy", "SystemSecurity":"$SYSTEM_SECURITY_high;", "SystemSecurity_Localised":"High Security", "Body":"Deciat 6 a", "BodyType":"Planet", "SystemFaction":"Independent Deciat Green Party", "FactionState":"Boom" }
{ "timestamp":"2017-01-01T01:16:12Z", "event":"Docked", "StationName":"Farseer Inc", "StarSystem":"Deciat", "StationFaction":"Independent Deciat Green Party", "FactionState":"Boom", "StationGovernment":"$government_Democracy;", "StationGovernment_Localised":"Democracy", "StationAllegiance":"Federation" }
{ "timestamp":"2017-01-01T01:16:39Z", "event":"SellExplorationData", "Systems":[ "Maia", "HIP 15111", "HR 8546", "HIP 17125", "Col 285 Sector MT-O b7-0", "Pleiades Sector OI-S b4-0", "Hyades Sector ZZ-O b6-0", "Trianguli Sector JM-V b2-0", "HIP 20041", "HIP 24180", "HIP 82573", "Col 285 Sector JI-S d4-29", "HIP 29330", "Col 285 Sector MP-M c8-5", "50 Persei", "Fall", "Pleiades Sector FW-W d1-61", "Col 285 Sector OK-M c8-9", "Col 285 Sector UQ-K c9-9", "Col 285 Sector HR-V b18-1", "Col 285 Sector YD-C b15-1", "Col 285 Sector RA-K b10-1", "Col 285 Sector RC-V b18-1", "Pleiades Sector RZ-O b6-1", "Herculis Sector FM-V b2-1", "LP 387-31", "Col 285 Sector NZ-N c7-12", "Hyades Sector GB-X c1-12", "Pleiades Sector IH-V c2-13", "Jangore", "Col 285 Sector UW-G b12-2", "Col 285 Sector TX-U b18-2", "Col 285 Sector QP-L b9-2", "Col 285 Sector GB-V b3-2", "Pleiades Sector WZ-O b6-2", "Hyades Sector FL-X b1-2", "Hyades Sector GB-X c1-22", "Col 285 Sector BL-X b17-3", "Col 285 Sector BK-A b16-3", "Col 285 Sector XC-F b13-3", "Col 285 Sector ZN-U b18-3", "Herculis Sector IH-V b2-3", "Pleiades Sector TO-Q b5-3", "Alrai Sector IM-V b2-3", "Col 285 Sector OE-N b8-4", "Col 285 Sector JH-T b4-4", "Col 285 Sector CJ-U b18-4", "Col 285 Sector JX-R b5-5", "Hyades Sector UT-Q b5-5", "Col 285 Sector GB-C b14-6" ], "Discovered":[  ], "BaseValue":301608, "Bonus":0 }
{ "timestamp":"2017-01-01T01:16:44Z", "event":"SellExplorationData", "Systems":[ "LHS 3799" ], "Discovered":[  ], "BaseValue":803, "Bonus":0 }
{ "timestamp":"2017-01-01T01:17:32Z", "event":"EngineerCraft", "Engineer":"Felicity Farseer", "Blueprint":"PowerPlant_Boosted", "Level":1, "Ingredients":{"sulphur":1 } }
{ "timestamp":"2017-01-01T01:17:52Z", "event":"EngineerApply", "Engineer":"Felicity Farseer", "Blueprint":"PowerPlant_Boosted", "Level":1 }
{ "timestamp":"2017-01-01T01:17:52Z", "event":"ShieldState", "ShieldsUp":false }
{ "timestamp":"2017-01-01T01:17:56Z", "event":"ShieldState", "ShieldsUp":true }
{ "timestamp":"2017-01-01T01:18:27Z", "event":"EngineerCraft", "Engineer":"Felicity Farseer", "Blueprint":"Engine_Dirty", "Level":1, "Ingredients":{"legacyfirmware":1 } }
{ "timestamp":"2017-01-01T01:18:28Z", "event":"EngineerProgress", "Engineer":"Felicity Farseer", "Rank":3 }
{ "timestamp":"2017-01-01T01:18:47Z", "event":"EngineerCraft", "Engineer":"Felicity Farseer", "Blueprint":"Engine_Dirty", "Level":1, "Ingredients":{"legacyfirmware":1 } }
{ "timestamp":"2017-01-01T01:19:12Z", "event":"EngineerApply", "Engineer":"Felicity Farseer", "Blueprint":"Engine_Dirty", "Level":1 }
{ "timestamp":"2017-01-01T01:22:32Z", "event":"Undocked", "StationName":"Farseer Inc" }
{ "timestamp":"2017-01-01T01:22:52Z", "event":"ReceiveText", "From":"Farseer Inc", "Message":"$STATION_NoFireZone_exited;", "Message_Localised":"No fire zone left.", "Channel":"npc" }
{ "timestamp":"2017-01-01T01:23:06Z", "event":"SupercruiseEntry", "StarSystem":"Deciat" }
{ "timestamp":"2017-01-01T01:25:21Z", "event":"FSDJump", "StarSystem":"Djiwal", "StarPos":[119.531,-0.125,-41.063], "SystemAllegiance":"Independent", "SystemEconomy":"$economy_Agri;", "SystemEconomy_Localised":"Agriculture", "SystemGovernment":"$government_Democracy;", "SystemGovernment_Localised":"Democracy", "SystemSecurity":"$SYSTEM_SECURITY_high;", "SystemSecurity_Localised":"High Security", "JumpDist":6.980, "FuelUsed":0.120194, "FuelLevel":39.879807, "SystemFaction":"People's Djiwal Revolutionary Party" }
{ "timestamp":"2017-01-01T01:25:54Z", "event":"Promotion", "Combat":3 }
{ "timestamp":"2017-01-01T01:25:54Z", "event":"Promotion", "Explore":3 }
{ "timestamp":"2017-01-01T01:27:28Z", "event":"SupercruiseExit", "StarSystem":"Djiwal", "Body":"White Station", "BodyType":"Station" }
{ "timestamp":"2017-01-01T01:27:38Z", "event":"DockingRequested", "StationName":"White Station" }
{ "timestamp":"2017-01-01T01:27:38Z", "event":"ReceiveText", "From":"White Station", "Message":"$DockingChatter_Neutral;", "Message_Localised":"Ensure to observe starport protocol during your visit, pilot.", "Channel":"npc" }
{ "timestamp":"2017-01-01T01:27:39Z", "event":"ReceiveText", "From":"White Station", "Message":"$STATION_docking_granted;", "Message_Localised":"Docking request granted.", "Channel":"npc" }
{ "timestamp":"2017-01-01T01:27:39Z", "event":"DockingGranted", "LandingPad":4, "StationName":"White Station" }
{ "timestamp":"2017-01-01T01:27:47Z", "event":"ReceiveText", "From":"White Station", "Message":"$STATION_NoFireZone_entered;", "Message_Localised":"No fire zone entered.", "Channel":"npc" }
{ "timestamp":"2017-01-01T01:28:28Z", "event":"Docked", "StationName":"White Station", "StationType":"Outpost", "StarSystem":"Djiwal", "StationFaction":"People's Djiwal Revolutionary Party", "StationGovernment":"$government_Democracy;", "StationGovernment_Localised":"Democracy", "StationEconomy":"$economy_Industrial;", "StationEconomy_Localised":"Industrial" }
{ "timestamp":"2017-01-01T01:28:56Z", "event":"MissionAccepted", "Faction":"People's Djiwal Revolutionary Party", "Name":"Mission_AltruismCredits", "Expiry":"2017-01-01T05:01:44Z", "MissionID":64771512 }
{ "timestamp":"2017-01-01T01:28:58Z", "event":"MissionCompleted", "Faction":"People's Djiwal Revolutionary Party", "Name":"Mission_AltruismCredits_name", "MissionID":64771512, "Donation":50000 }
{ "timestamp":"2017-01-01T01:37:31Z", "event":"Undocked", "StationName":"White Station", "StationType":"Outpost" }
{ "timestamp":"2017-01-01T01:38:04Z", "event":"ReceiveText", "From":"White Station", "Message":"$STATION_NoFireZone_exited;", "Message_Localised":"No fire zone left.", "Channel":"npc" }
{ "timestamp":"2017-01-01T01:38:14Z", "event":"SupercruiseEntry", "StarSystem":"Djiwal" }
{ "timestamp":"2017-01-01T01:42:36Z", "event":"SupercruiseExit", "StarSystem":"Djiwal", "Body":"Thompson Dock", "BodyType":"Station" }
{ "timestamp":"2017-01-01T01:42:37Z", "event":"ReceiveText", "From":"Thompson Dock", "Message":"$STATION_NoFireZone_entered;", "Message_Localised":"No fire zone entered.", "Channel":"npc" }
{ "timestamp":"2017-01-01T01:42:57Z", "event":"DockingRequested", "StationName":"Thompson Dock" }
{ "timestamp":"2017-01-01T01:42:57Z", "event":"ReceiveText", "From":"Thompson Dock", "Message":"$DockingChatter_Neutral;", "Message_Localised":"Ensure to observe starport protocol during your visit, pilot.", "Channel":"npc" }
{ "timestamp":"2017-01-01T01:42:58Z", "event":"ReceiveText", "From":"Thompson Dock", "Message":"$STATION_docking_granted;", "Message_Localised":"Docking request granted.", "Channel":"npc" }
{ "timestamp":"2017-01-01T01:42:58Z", "event":"DockingGranted", "LandingPad":18, "StationName":"Thompson Dock" }
{ "timestamp":"2017-01-01T01:43:55Z", "event":"Docked", "StationName":"Thompson Dock", "StationType":"Orbis", "StarSystem":"Djiwal", "StationFaction":"People's Djiwal Revolutionary Party", "StationGovernment":"$government_Democracy;", "StationGovernment_Localised":"Democracy", "StationEconomy":"$economy_Agri;", "StationEconomy_Localised":"Agriculture" }
