{ "timestamp":"2016-11-05T16:56:21Z", "event":"Fileheader", "part":1, "language":"English\\UK", "gameversion":"2.2", "build":"r125374/r0 " }
{ "timestamp":"2016-11-05T16:57:06Z", "event":"LoadGame", "Commander":"Von Cadfael", "Ship":"TestBuggy", "ShipID":2, "StartLanded":true, "GameMode":"Solo", "Credits":144725, "Loan":0 }
{ "timestamp":"2016-11-05T16:57:06Z", "event":"Rank", "Combat":0, "Trade":2, "Explore":1, "Empire":0, "Federation":0, "CQC":0 }
{ "timestamp":"2016-11-05T16:57:06Z", "event":"Progress", "Combat":99, "Trade":36, "Explore":10, "Empire":0, "Federation":6, "CQC":0 }
{ "timestamp":"2016-11-05T16:57:08Z", "event":"ApproachSettlement", "Name":"Flinders Bastion +++" }
{ "timestamp":"2016-11-05T16:57:38Z", "event":"Location", "Docked":false, "StarSystem":"Brizo", "StarPos":[-20.219,71.656,-29.156], "Allegiance":"Independent", "Economy":"$economy_Military;", "Economy_Localised":"Military", "Government":"$government_Corporate;", "Government_Localised":"Corporate", "Security":"$SYSTEM_SECURITY_medium;", "Security_Localised":"Medium Security", "Body":"Brizo 3 a", "BodyType":"Planet", "Faction":"The Ancients of Mumu", "FactionState":"Retreat" }
{ "timestamp":"2016-11-05T17:00:35Z", "event":"HullDamage", "Health":0.592632 }
{ "timestamp":"2016-11-05T17:03:45Z", "event":"LoadGame", "Commander":"Von Cadfael", "Ship":"TestBuggy", "ShipID":2, "StartLanded":true, "GameMode":"Solo", "Credits":144725, "Loan":0 }
{ "timestamp":"2016-11-05T17:03:45Z", "event":"Rank", "Combat":0, "Trade":2, "Explore":1, "Empire":0, "Federation":0, "CQC":0 }
{ "timestamp":"2016-11-05T17:03:45Z", "event":"Progress", "Combat":99, "Trade":36, "Explore":10, "Empire":0, "Federation":6, "CQC":0 }
{ "timestamp":"2016-11-05T17:03:46Z", "event":"ApproachSettlement", "Name":"Flinders Bastion +++" }
{ "timestamp":"2016-11-05T17:04:05Z", "event":"Location", "Docked":false, "StarSystem":"Brizo", "StarPos":[-20.219,71.656,-29.156], "Allegiance":"Independent", "Economy":"$economy_Military;", "Economy_Localised":"Military", "Government":"$government_Corporate;", "Government_Localised":"Corporate", "Security":"$SYSTEM_SECURITY_medium;", "Security_Localised":"Medium Security", "Body":"Brizo 3 a", "BodyType":"Planet", "Faction":"The Ancients of Mumu", "FactionState":"Retreat" }
{ "timestamp":"2016-11-05T17:18:41Z", "event":"HullDamage", "Health":0.398522 }
{ "timestamp":"2016-11-05T17:22:39Z", "event":"Bounty", "Faction":"The Ancients of Mumu", "Target":"Skimmer", "Reward":1000, "VictimFaction":"The Ancients of Mumu" }
{ "timestamp":"2016-11-05T17:22:40Z", "event":"Promotion", "Combat":1 }
{ "timestamp":"2016-11-05T17:26:38Z", "event":"DatalinkScan", "Message":"$DATAPOINT_GAMEPLAY_complete;", "Message_Localised":"Alert: All Data Point telemetry links established, Intel package created." }
{ "timestamp":"2016-11-05T17:26:38Z", "event":"DatalinkVoucher", "Reward":4586, "VictimFaction":"", "PayeeFaction":"Alliance" }
{ "timestamp":"2016-11-05T17:33:26Z", "event":"Screenshot", "Filename":"\\ED_Pictures\\Screenshot_0001.bmp", "Width":1920, "Height":1080, "System":"Brizo", "Body":"Brizo 3 a" }
{ "timestamp":"2016-11-05T17:33:29Z", "event":"Screenshot", "Filename":"\\ED_Pictures\\Screenshot_0002.bmp", "Width":1920, "Height":1080, "System":"Brizo", "Body":"Brizo 3 a" }
{ "timestamp":"2016-11-05T17:33:35Z", "event":"Screenshot", "Filename":"\\ED_Pictures\\Screenshot_0003.bmp", "Width":1920, "Height":1080, "System":"Brizo", "Body":"Brizo 3 a" }
{ "timestamp":"2016-11-05T17:36:49Z", "event":"DockSRV" }
{ "timestamp":"2016-11-05T17:37:04Z", "event":"Liftoff", "Latitude":-15.373335, "Longitude":-92.137329 }
{ "timestamp":"2016-11-05T17:38:47Z", "event":"SupercruiseEntry", "StarSystem":"Brizo" }
{ "timestamp":"2016-11-05T17:40:59Z", "event":"SupercruiseExit", "StarSystem":"Brizo", "Body":"Resnick Platform", "BodyType":"Station" }
{ "timestamp":"2016-11-05T17:41:22Z", "event":"DockingRequested", "StationName":"Resnick Platform" }
{ "timestamp":"2016-11-05T17:41:22Z", "event":"ReceiveText", "From":"Resnick Platform", "Message":"$DockingChatter_Neutral;", "Message_Localised":"Ensure to observe starport protocol during your visit, pilot.", "Channel":"npc" }
{ "timestamp":"2016-11-05T17:41:23Z", "event":"ReceiveText", "From":"Resnick Platform", "Message":"$STATION_docking_granted;", "Message_Localised":"Docking request granted.", "Channel":"npc" }
{ "timestamp":"2016-11-05T17:41:23Z", "event":"DockingGranted", "LandingPad":2, "StationName":"Resnick Platform" }
{ "timestamp":"2016-11-05T17:41:35Z", "event":"ReceiveText", "From":"Resnick Platform", "Message":"$STATION_NoFireZone_entered;", "Message_Localised":"No fire zone entered.", "Channel":"npc" }
{ "timestamp":"2016-11-05T17:43:52Z", "event":"Docked", "StationName":"Resnick Platform", "StationType":"Outpost", "StarSystem":"Brizo", "Faction":"The Ancients of Mumu", "FactionState":"Retreat", "Allegiance":"Independent", "Economy":"$economy_Military;", "Economy_Localised":"Military", "Government":"$government_Corporate;", "Government_Localised":"Corporate", "Security":"$SYSTEM_SECURITY_medium;", "Security_Localised":"Medium Security" }
{ "timestamp":"2016-11-05T17:44:06Z", "event":"RefuelAll", "Cost":17, "Amount":0.334093 }
{ "timestamp":"2016-11-05T17:44:27Z", "event":"RedeemVoucher", "Type":"bounty", "Amount":5000 }
{ "timestamp":"2016-11-05T17:44:32Z", "event":"RedeemVoucher", "Type":"settlement", "Amount":4586 }
{ "timestamp":"2016-11-05T17:50:26Z", "event":"MissionAccepted", "Faction":"Amber Pro-Alliance Party", "Name":"Mission_PassengerVIP", "Commodity":"$Clothing_Name;", "Commodity_Localised":"Clothing", "Count":2, "DestinationSystem":"G 122-60", "DestinationStation":"Watts Enterprise", "Expiry":"2016-11-05T20:23:18Z", "PassengerCount":3, "PassengerVIPs":true, "PassengerWanted":false, "PassengerType":"Tourist", "MissionID":48038794 }
{ "timestamp":"2016-11-05T17:50:55Z", "event":"LoadGame", "Commander":"Von Cadfael", "Ship":"Adder", "ShipID":1, "GameMode":"Solo", "Credits":154294, "Loan":0 }
{ "timestamp":"2016-11-05T17:50:55Z", "event":"Rank", "Combat":1, "Trade":2, "Explore":1, "Empire":0, "Federation":0, "CQC":0 }
{ "timestamp":"2016-11-05T17:50:55Z", "event":"Progress", "Combat":1, "Trade":36, "Explore":10, "Empire":0, "Federation":6, "CQC":0 }
{ "timestamp":"2016-11-05T17:51:15Z", "event":"Location", "Docked":true, "StationName":"Resnick Platform", "StationType":"Outpost", "StarSystem":"Brizo", "StarPos":[-20.219,71.656,-29.156], "Allegiance":"Independent", "Economy":"$economy_Military;", "Economy_Localised":"Military", "Government":"$government_Corporate;", "Government_Localised":"Corporate", "Security":"$SYSTEM_SECURITY_medium;", "Security_Localised":"Medium Security", "Body":"Resnick Platform", "BodyType":"Station", "Faction":"The Ancients of Mumu", "FactionState":"Retreat" }
{ "timestamp":"2016-11-05T17:51:15Z", "event":"Docked", "StationName":"Resnick Platform", "StationType":"Outpost", "StarSystem":"Brizo", "Faction":"The Ancients of Mumu", "FactionState":"Retreat", "Allegiance":"Independent", "Economy":"$economy_Military;", "Economy_Localised":"Military", "Government":"$government_Corporate;", "Government_Localised":"Corporate", "Security":"$SYSTEM_SECURITY_medium;", "Security_Localised":"Medium Security" }
{ "timestamp":"2016-11-05T17:53:15Z", "event":"Undocked", "StationName":"Resnick Platform", "StationType":"Outpost" }
{ "timestamp":"2016-11-05T17:53:42Z", "event":"ReceiveText", "From":"Resnick Platform", "Message":"$STATION_NoFireZone_exited;", "Message_Localised":"No fire zone left.", "Channel":"npc" }
{ "timestamp":"2016-11-05T17:54:11Z", "event":"FSDJump", "StarSystem":"Ratri", "StarPos":[-11.531,70.000,-26.750], "Allegiance":"Alliance", "Economy":"$economy_Agri;", "Economy_Localised":"Agriculture", "Government":"$government_Democracy;", "Government_Localised":"Democracy", "Security":"$SYSTEM_SECURITY_medium;", "Security_Localised":"Medium Security", "JumpDist":9.165, "FuelUsed":0.869809, "FuelLevel":7.130191, "Faction":"Movement for Ratri Resistance" }
{ "timestamp":"2016-11-05T17:55:06Z", "event":"FSDJump", "StarSystem":"G 122-60", "StarPos":[-11.000,73.469,-22.563], "Allegiance":"Alliance", "Economy":"$economy_HighTech;", "Economy_Localised":"High tech", "Government":"$government_Democracy;", "Government_Localised":"Democracy", "Security":"$SYSTEM_SECURITY_high;", "Security_Localised":"High Security", "JumpDist":5.463, "FuelUsed":0.280481, "FuelLevel":6.849710, "Faction":"Workers of G 122-60 Free" }
{ "timestamp":"2016-11-05T17:57:56Z", "event":"SupercruiseExit", "StarSystem":"G 122-60", "Body":"Watts Enterprise", "BodyType":"Station" }
{ "timestamp":"2016-11-05T17:58:34Z", "event":"ReceiveText", "From":"Watts Enterprise", "Message":"$STATION_NoFireZone_entered;", "Message_Localised":"No fire zone entered.", "Channel":"npc" }
{ "timestamp":"2016-11-05T17:59:36Z", "event":"DockingRequested", "StationName":"Watts Enterprise" }
{ "timestamp":"2016-11-05T17:59:36Z", "event":"ReceiveText", "From":"Watts Enterprise", "Message":"$DockingChatter_Neutral;", "Message_Localised":"Ensure to observe starport protocol during your visit, pilot.", "Channel":"npc" }
{ "timestamp":"2016-11-05T17:59:37Z", "event":"ReceiveText", "From":"Watts Enterprise", "Message":"$STATION_docking_granted;", "Message_Localised":"Docking request granted.", "Channel":"npc" }
{ "timestamp":"2016-11-05T17:59:37Z", "event":"DockingGranted", "LandingPad":13, "StationName":"Watts Enterprise" }
{ "timestamp":"2016-11-05T18:00:08Z", "event":"ReceiveText", "From":"$ShipName_Police_Alliance;", "From_Localised":"Allied Police Forces", "Message":"$Police_ThankYouPassedStopAndSearch07;", "Message_Localised":"Your scan is clear. Carry on with your journey, Commander.", "Channel":"npc" }
{ "timestamp":"2016-11-05T18:00:45Z", "event":"Docked", "StationName":"Watts Enterprise", "StationType":"Coriolis", "StarSystem":"G 122-60", "Faction":"Workers of G 122-60 Free", "Allegiance":"Alliance", "Economy":"$economy_HighTech;", "Economy_Localised":"High tech", "Government":"$government_Democracy;", "Government_Localised":"Democracy", "Security":"$SYSTEM_SECURITY_high;", "Security_Localised":"High Security" }
{ "timestamp":"2016-11-05T18:01:27Z", "event":"RefuelAll", "Cost":63, "Amount":1.243399 }
{ "timestamp":"2016-11-05T18:03:33Z", "event":"MarketSell", "Type":"platinum", "Count":2, "SellPrice":19028, "TotalSale":38056, "AvgPricePaid":0 }
{ "timestamp":"2016-11-05T18:03:59Z", "event":"MissionCompleted", "Faction":"G 122-60 Liberty Party", "Name":"Mission_PassengerVIP_name", "MissionID":48038794, "Commodity":"$Clothing_Name;", "Commodity_Localised":"Clothing", "Count":2, "DestinationSystem":"G 122-60", "DestinationStation":"Watts Enterprise", "Reward":18188, "CommodityReward":[ { "Name": "CoolingHoses", "Count": 4 } ] }
{ "timestamp":"2016-11-05T18:03:59Z", "event":"MaterialDiscovered", "Category":"Manufactured", "Name":"gridresistors", "DiscoveryNumber":2 }
{ "timestamp":"2016-11-05T18:07:30Z", "event":"MissionAccepted", "Faction":"G 122-60 Solutions", "Name":"Mission_PassengerVIP", "Commodity":"$AtmosphericExtractors_Name;", "Commodity_Localised":"Atmospheric Processors", "Count":2, "DestinationSystem":"NLTT 21440", "DestinationStation":"Delbruck Gateway", "Expiry":"2016-11-05T19:43:57Z", "PassengerCount":3, "PassengerVIPs":true, "PassengerWanted":true, "PassengerType":"Criminal", "MissionID":48044681 }
{ "timestamp":"2016-11-05T18:08:57Z", "event":"ModuleBuy", "Slot":"Decal2", "BuyItem":"$decal_combat_mostly_harmless_name;", "BuyItem_Localised":"Combat Mostly Harmless", "BuyPrice":0, "Ship":"adder", "ShipID":1 }
{ "timestamp":"2016-11-05T18:09:02Z", "event":"ModuleBuy", "Slot":"Decal3", "BuyItem":"$decal_combat_mostly_harmless_name;", "BuyItem_Localised":"Combat Mostly Harmless", "BuyPrice":0, "Ship":"adder", "ShipID":1 }
{ "timestamp":"2016-11-05T18:09:15Z", "event":"ModuleBuy", "Slot":"Bobble01", "BuyItem":"$bobble_pilotmale_name;", "BuyItem_Localised":"Male Pilot", "BuyPrice":0, "Ship":"adder", "ShipID":1 }
{ "timestamp":"2016-11-05T18:11:02Z", "event":"Undocked", "StationName":"Watts Enterprise", "StationType":"Coriolis" }
{ "timestamp":"2016-11-05T18:11:23Z", "event":"ReceiveText", "From":"Watts Enterprise", "Message":"$STATION_NoFireZone_exited;", "Message_Localised":"No fire zone left.", "Channel":"npc" }
{ "timestamp":"2016-11-05T18:12:18Z", "event":"FSDJump", "StarSystem":"G 122-20", "StarPos":[-10.375,72.125,-31.938], "Allegiance":"", "Economy":"$economy_None;", "Economy_Localised":"None", "Government":"$government_None;", "Government_Localised":"None", "Security":"$SYSTEM_SECURITY_low;", "Security_Localised":"Low Security", "JumpDist":9.491, "FuelUsed":0.979911, "FuelLevel":7.020089 }
{ "timestamp":"2016-11-05T18:13:15Z", "event":"FSDJump", "StarSystem":"LHS 2363", "StarPos":[-11.938,62.250,-31.781], "Allegiance":"Independent", "Economy":"$economy_Colony;", "Economy_Localised":"Colony", "Government":"$government_Anarchy;", "Government_Localised":"Anarchy", "Security":"$GAlAXY_MAP_INFO_state_anarchy;", "Security_Localised":"Anarchy", "JumpDist":9.999, "FuelUsed":1.072785, "FuelLevel":5.947304, "Faction":"LHS 2363 Crimson Brothers", "FactionState":"Boom" }
{ "timestamp":"2016-11-05T18:14:14Z", "event":"FSDJump", "StarSystem":"LP 167-64", "StarPos":[-7.344,55.781,-35.594], "Allegiance":"Alliance", "Economy":"$economy_Military;", "Economy_Localised":"Military", "Government":"$government_Feudal;", "Government_Localised":"Feudal", "Security":"$SYSTEM_SECURITY_low;", "Security_Localised":"Low Security", "JumpDist":8.802, "FuelUsed":0.796480, "FuelLevel":5.150824, "Faction":"LP 167-64 aristocrats", "FactionState":"Boom" }
{ "timestamp":"2016-11-05T18:15:05Z", "event":"FSDJump", "StarSystem":"LHS 2220", "StarPos":[-0.844,54.563,-39.563], "Allegiance":"", "Economy":"$economy_None;", "Economy_Localised":"None", "Government":"$government_None;", "Government_Localised":"None", "Security":"$SYSTEM_SECURITY_low;", "Security_Localised":"Low Security", "JumpDist":7.713, "FuelUsed":0.588905, "FuelLevel":4.561919 }
{ "timestamp":"2016-11-05T18:15:29Z", "event":"HeatWarning" }
{ "timestamp":"2016-11-05T18:16:05Z", "event":"FSDJump", "StarSystem":"LP 211-22", "StarPos":[1.094,51.594,-46.406], "Allegiance":"", "Economy":"$economy_None;", "Economy_Localised":"None", "Government":"$government_None;", "Government_Localised":"None", "Security":"$SYSTEM_SECURITY_low;", "Security_Localised":"Low Security", "JumpDist":7.707, "FuelUsed":0.580283, "FuelLevel":3.981636 }
{ "timestamp":"2016-11-05T18:17:12Z", "event":"FSDJump", "StarSystem":"NLTT 21440", "StarPos":[3.594,46.188,-46.656], "Allegiance":"Federation", "Economy":"$economy_Agri;", "Economy_Localised":"Agriculture", "Government":"$government_Democracy;", "Government_Localised":"Democracy", "Security":"$SYSTEM_SECURITY_medium;", "Security_Localised":"Medium Security", "JumpDist":5.962, "FuelUsed":0.329683, "FuelLevel":3.651953, "Faction":"Workers of NLTT 21440 for Equality", "FactionState":"Boom" }
{ "timestamp":"2016-11-05T18:19:31Z", "event":"ReceiveText", "From":"$npc_name_decorate:#name=Wedding Barge;", "From_Localised":"Wedding Barge", "Message":"$ConvoyWedding_Patrol09;", "Message_Localised":"I don't know if I can go through with the wedding.", "Channel":"npc" }
{ "timestamp":"2016-11-05T18:20:02Z", "event":"ReceiveText", "From":"$npc_name_decorate:#name=Wedding Barge;", "From_Localised":"Wedding Barge", "Message":"$ConvoyWedding_Patrol09;", "Message_Localised":"I don't know if I can go through with the wedding.", "Channel":"npc" }
{ "timestamp":"2016-11-05T18:20:34Z", "event":"SupercruiseExit", "StarSystem":"NLTT 21440", "Body":"Delbruck Gateway", "BodyType":"Station" }
{ "timestamp":"2016-11-05T18:20:36Z", "event":"ReceiveText", "From":"Delbruck Gateway", "Message":"$STATION_NoFireZone_entered;", "Message_Localised":"No fire zone entered.", "Channel":"npc" }
{ "timestamp":"2016-11-05T18:20:45Z", "event":"DockingRequested", "StationName":"Delbruck Gateway" }
{ "timestamp":"2016-11-05T18:20:45Z", "event":"ReceiveText", "From":"Delbruck Gateway", "Message":"$DockingChatter_Neutral;", "Message_Localised":"Ensure to observe starport protocol during your visit, pilot.", "Channel":"npc" }
{ "timestamp":"2016-11-05T18:20:47Z", "event":"ReceiveText", "From":"Delbruck Gateway", "Message":"$STATION_docking_granted;", "Message_Localised":"Docking request granted.", "Channel":"npc" }
{ "timestamp":"2016-11-05T18:20:47Z", "event":"DockingGranted", "LandingPad":4, "StationName":"Delbruck Gateway" }
{ "timestamp":"2016-11-05T18:21:38Z", "event":"Docked", "StationName":"Delbruck Gateway", "StationType":"Orbis", "StarSystem":"NLTT 21440", "Faction":"Workers of NLTT 21440 for Equality", "FactionState":"Boom", "Allegiance":"Federation", "Economy":"$economy_Agri;", "Economy_Localised":"Agriculture", "Government":"$government_Democracy;", "Government_Localised":"Democracy", "Security":"$SYSTEM_SECURITY_medium;", "Security_Localised":"Medium Security" }
{ "timestamp":"2016-11-05T18:22:02Z", "event":"MissionCompleted", "Faction":"NLTT 21440 Camorra", "Name":"Mission_PassengerVIP_name", "MissionID":48044681, "Commodity":"$AtmosphericExtractors_Name;", "Commodity_Localised":"Atmospheric Processors", "Count":2, "DestinationSystem":"NLTT 21440", "DestinationStation":"Delbruck Gateway", "Reward":63900 }
{ "timestamp":"2016-11-05T18:22:02Z", "event":"MaterialDiscovered", "Category":"Manufactured", "Name":"crystalshards", "DiscoveryNumber":3 }
{ "timestamp":"2016-11-05T18:30:12Z", "event":"MissionAccepted", "Faction":"NLTT 21440 Purple Natural Ex", "Name":"Mission_Massacre_Conflict_War", "DestinationSystem":"NLTT 21440", "DestinationStation":"Delbruck Gateway", "Expiry":"2016-11-06T15:02:46Z", "MissionID":48052133 }
{ "timestamp":"2016-11-05T18:30:45Z", "event":"RepairAll", "Cost":24 }
{ "timestamp":"2016-11-05T18:30:46Z", "event":"RefuelAll", "Cost":226, "Amount":4.489362 }
{ "timestamp":"2016-11-05T18:34:14Z", "event":"ModuleBuy", "Slot":"Slot01_Size3", "SellItem":"$int_passengercabin_size3_class2_name;", "SellItem_Localised":"BC Passenger Cabin", "SellPrice":26705, "BuyItem":"$int_hullreinforcement_size3_class2_name;", "BuyItem_Localised":"Hull Reinforcement", "BuyPrice":84000, "Ship":"adder", "ShipID":1 }
{ "timestamp":"2016-11-05T18:35:12Z", "event":"Undocked", "StationName":"Delbruck Gateway", "StationType":"Orbis" }
{ "timestamp":"2016-11-05T18:36:32Z", "event":"ReceiveText", "From":"Delbruck Gateway", "Message":"$STATION_NoFireZone_exited;", "Message_Localised":"No fire zone left.", "Channel":"npc" }
{ "timestamp":"2016-11-05T18:36:36Z", "event":"SupercruiseEntry", "StarSystem":"NLTT 21440" }
{ "timestamp":"2016-11-05T18:39:48Z", "event":"SupercruiseExit", "StarSystem":"NLTT 21440", "Body":"NLTT 21440 B 5", "BodyType":"Planet" }
{ "timestamp":"2016-11-05T18:41:06Z", "event":"ShieldState", "ShieldsUp":false }
{ "timestamp":"2016-11-05T18:41:47Z", "event":"ShieldState", "ShieldsUp":true }
{ "timestamp":"2016-11-05T18:42:04Z", "event":"ReceiveText", "From":"$ShipName_Military_Independent;", "From_Localised":"System Defence Force", "Message":"$Military_UnderFire08;", "Message_Localised":"Enemy fire incoming!", "Channel":"npc" }
{ "timestamp":"2016-11-05T18:42:24Z", "event":"HullDamage", "Health":0.785975 }
{ "timestamp":"2016-11-05T18:42:24Z", "event":"ShieldState", "ShieldsUp":false }
{ "timestamp":"2016-11-05T18:42:47Z", "event":"HullDamage", "Health":0.578166 }
{ "timestamp":"2016-11-05T18:43:08Z", "event":"HullDamage", "Health":0.384304 }
{ "timestamp":"2016-11-05T18:43:18Z", "event":"HullDamage", "Health":0.153504 }
{ "timestamp":"2016-11-05T18:43:27Z", "event":"ShieldState", "ShieldsUp":true }
{ "timestamp":"2016-11-05T18:43:30Z", "event":"ShieldState", "ShieldsUp":false }
{ "timestamp":"2016-11-05T18:43:31Z", "event":"Died", "KillerName":"$ShipName_Military_Independent;", "KillerName_Localised":"System Defence Force", "KillerShip":"eagle", "KillerRank":"Dangerous" }
{ "timestamp":"2016-11-05T18:44:31Z", "event":"Resurrect", "Option":"rebuy", "Cost":20279, "Bankrupt":false }
{ "timestamp":"2016-11-05T18:44:58Z", "event":"Location", "Docked":true, "StationName":"Delbruck Gateway", "StationType":"Orbis", "StarSystem":"NLTT 21440", "StarPos":[3.594,46.188,-46.656], "Allegiance":"Federation", "Economy":"$economy_Agri;", "Economy_Localised":"Agriculture", "Government":"$government_Democracy;", "Government_Localised":"Democracy", "Security":"$SYSTEM_SECURITY_medium;", "Security_Localised":"Medium Security", "Body":"Delbruck Gateway", "BodyType":"Station", "Faction":"Workers of NLTT 21440 for Equality", "FactionState":"Boom" }
{ "timestamp":"2016-11-05T18:44:58Z", "event":"Docked", "StationName":"Delbruck Gateway", "StationType":"Orbis", "StarSystem":"NLTT 21440", "Faction":"Workers of NLTT 21440 for Equality", "FactionState":"Boom", "Allegiance":"Federation", "Economy":"$economy_Agri;", "Economy_Localised":"Agriculture", "Government":"$government_Democracy;", "Government_Localised":"Democracy", "Security":"$SYSTEM_SECURITY_medium;", "Security_Localised":"Medium Security" }
