{ "timestamp":"2016-10-28T17:33:21Z", "event":"Fileheader", "part":1, "language":"English\\UK", "gameversion":"2.2", "build":"r125374/r0 " }
{ "timestamp":"2016-10-28T17:34:07Z", "event":"LoadGame", "Commander":"Blantyre", "Ship":"Asp", "ShipID":13, "GameMode":"Solo", "Credits":19944889, "Loan":0 }
{ "timestamp":"2016-10-28T17:34:07Z", "event":"Rank", "Combat":4, "Trade":5, "Explore":4, "Empire":2, "Federation":7, "CQC":0 }
{ "timestamp":"2016-10-28T17:34:07Z", "event":"Progress", "Combat":18, "Trade":87, "Explore":28, "Empire":18, "Federation":2, "CQC":0 }
{ "timestamp":"2016-10-28T17:34:37Z", "event":"Location", "Docked":true, "StationName":"Richer Port", "StationType":"Coriolis", "StarSystem":"Tialocan", "StarPos":[99.656,-124.500,-7.719], "Allegiance":"Empire", "Economy":"$economy_HighTech;", "Economy_Localised":"High tech", "Government":"$government_Patronage;", "Government_Localised":"Patronage", "Security":"$SYSTEM_SECURITY_high;", "Security_Localised":"High Security", "Body":"Richer Port", "BodyType":"Station", "Faction":"Tialocan Empire Party", "FactionState":"Boom" }
{ "timestamp":"2016-10-28T17:34:38Z", "event":"Docked", "StationName":"Richer Port", "StationType":"Coriolis", "StarSystem":"Tialocan", "Faction":"Tialocan Empire Party", "FactionState":"Boom", "Allegiance":"Empire", "Economy":"$economy_HighTech;", "Economy_Localised":"High tech", "Government":"$government_Patronage;", "Government_Localised":"Patronage", "Security":"$SYSTEM_SECURITY_high;", "Security_Localised":"High Security" }
{ "timestamp":"2016-10-28T17:36:23Z", "event":"ReceiveText", "From":"$npc_name_decorate:#name=Chris O'Sullivan;", "From_Localised":"Chris O'Sullivan", "Message":"$Commuter_AuthorityScan05;", "Message_Localised":"On what grounds are you scanning this vessel, officer?", "Channel":"npc" }
{ "timestamp":"2016-10-28T17:38:13Z", "event":"Undocked", "StationName":"Richer Port", "StationType":"Coriolis" }
{ "timestamp":"2016-10-28T17:38:57Z", "event":"ReceiveText", "From":"Richer Port", "Message":"$STATION_NoFireZone_exited;", "Message_Localised":"No fire zone left.", "Channel":"npc" }
{ "timestamp":"2016-10-28T17:39:49Z", "event":"FSDJump", "StarSystem":"Gyvatices", "StarPos":[101.781,-126.406,-12.781], "Allegiance":"Empire", "Economy":"$economy_Agri;", "Economy_Localised":"Agriculture", "Government":"$government_Corporate;", "Government_Localised":"Corporate", "Security":"$SYSTEM_SECURITY_medium;", "Security_Localised":"Medium Security", "JumpDist":5.812, "FuelUsed":0.139906, "FuelLevel":30.371233, "Faction":"Gyvatices Crimson Advanced Hldgs", "FactionState":"Boom" }
{ "timestamp":"2016-10-28T17:43:18Z", "event":"ReceiveText", "From":"$npc_name_decorate:#name=Cruise Ship;", "From_Localised":"Cruise Ship", "Message":"$CruiseLiner_SCPatrol02;", "Message_Localised":"We will be cruising in-system for a while, please feel free to take advantage of our in-flight entertainment.", "Channel":"npc" }
{ "timestamp":"2016-10-28T17:43:59Z", "event":"ReceiveText", "From":"$npc_name_decorate:#name=Cruise Ship;", "From_Localised":"Cruise Ship", "Message":"$CruiseLiner_SCPatrol02;", "Message_Localised":"We will be cruising in-system for a while, please feel free to take advantage of our in-flight entertainment.", "Channel":"npc" }
{ "timestamp":"2016-10-28T17:44:47Z", "event":"ReceiveText", "From":"$npc_name_decorate:#name=Cruise Ship;", "From_Localised":"Cruise Ship", "Message":"$CruiseLiner_SCPatrol01;", "Message_Localised":"And don't forget, this Liner is in the top 1% of all Liners out there.", "Channel":"npc" }
{ "timestamp":"2016-10-28T17:45:16Z", "event":"SupercruiseExit", "StarSystem":"Gyvatices", "Body":"Walter Dock", "BodyType":"Station" }
{ "timestamp":"2016-10-28T17:45:18Z", "event":"ReceiveText", "From":"Walter Dock", "Message":"$STATION_NoFireZone_entered;", "Message_Localised":"No fire zone entered.", "Channel":"npc" }
{ "timestamp":"2016-10-28T17:45:32Z", "event":"DockingRequested", "StationName":"Walter Dock" }
{ "timestamp":"2016-10-28T17:45:32Z", "event":"ReceiveText", "From":"Walter Dock", "Message":"$DockingChatter_Cordial;", "Message_Localised":"Welcome back, Commander.", "Channel":"npc" }
{ "timestamp":"2016-10-28T17:45:36Z", "event":"ReceiveText", "From":"Walter Dock", "Message":"$STATION_docking_granted;", "Message_Localised":"Docking request granted.", "Channel":"npc" }
{ "timestamp":"2016-10-28T17:45:36Z", "event":"DockingGranted", "LandingPad":20, "StationName":"Walter Dock" }
{ "timestamp":"2016-10-28T17:46:17Z", "event":"Docked", "StationName":"Walter Dock", "StationType":"Orbis", "StarSystem":"Gyvatices", "Faction":"Gyvatices Crimson Advanced Hldgs", "FactionState":"Boom", "Allegiance":"Empire", "Economy":"$economy_Agri;", "Economy_Localised":"Agriculture", "Government":"$government_Corporate;", "Government_Localised":"Corporate", "Security":"$SYSTEM_SECURITY_medium;", "Security_Localised":"Medium Security" }
{ "timestamp":"2016-10-28T17:46:40Z", "event":"ReceiveText", "From":"$npc_name_decorate:#name=Jess Carey;", "From_Localised":"Jess Carey", "Message":"$Commuter_AuthorityScan05;", "Message_Localised":"On what grounds are you scanning this vessel, officer?", "Channel":"npc" }
{ "timestamp":"2016-10-28T17:46:59Z", "event":"CommunityGoalReward", "Name":"Farewell to Walter Waldo", "System":"Gyvatices", "Reward":6772147 }
