{ "timestamp":"2017-06-18T21:45:47Z", "event":"Fileheader", "part":1, "language":"English\\UK", "gameversion":"2.3.02", "build":"r143095/r0 " }
{ "timestamp":"2017-06-18T21:46:49Z", "event":"Cargo", "Inventory":[  ] }
{ "timestamp":"2017-06-18T21:46:49Z", "event":"Loadout", "Ship":"Python", "ShipID":16, "ShipName":"sepia", "ShipIdent":"BL-05P", "Modules":[ { "Slot":"LargeHardpoint2", "Item":"Hpt_MultiCannon_Gimbal_Large", "On":true, "Priority":0, "AmmoInClip":75, "AmmoInHopper":2100, "Health":1.000000, "Value":491671, "EngineerBlueprint":"Weapon_Overcharged", "EngineerLevel":4 }, { "Slot":"MediumHardpoint2", "Item":"Hpt_BeamLaser_Gimbal_Medium", "On":true, "Priority":0, "Health":1.000000, "Value":500600, "EngineerBlueprint":"Weapon_Efficient", "EngineerLevel":5 }, { "Slot":"TinyHardpoint1", "Item":"Hpt_ChaffLauncher_Tiny", "On":true, "Priority":0, "AmmoInClip":1, "AmmoInHopper":10, "Health":1.000000, "Value":7225 }, { "Slot":"TinyHardpoint2", "Item":"Hpt_HeatSinkLauncher_Turret_Tiny", "On":true, "Priority":0, "AmmoInClip":1, "AmmoInHopper":2, "Health":1.000000, "Value":2975 }, { "Slot":"TinyHardpoint3", "Item":"Hpt_CloudScanner_Size0_Class5", "On":true, "Priority":0, "Health":1.000000, "Value":1097095 }, { "Slot":"TinyHardpoint4", "Item":"Hpt_ShieldBooster_Size0_Class5", "On":true, "Priority":0, "Health":1.000000, "Value":238850 }, { "Slot":"PaintJob", "Item":"PaintJob_Python_BlackFriday_01", "On":true, "Priority":1, "Health":1.000000, "Value":0 }, { "Slot":"ShipName0", "Item":"Nameplate_Practical03_White", "On":true, "Priority":1, "Health":1.000000, "Value":0 }, { "Slot":"ShipName1", "Item":"Nameplate_Practical03_White", "On":true, "Priority":1, "Health":1.000000, "Value":0 }, { "Slot":"Armour", "Item":"Python_Armour_Grade1", "On":true, "Priority":1, "Health":1.000000, "Value":0 }, { "Slot":"PowerPlant", "Item":"Int_Powerplant_Size6_Class4", "On":true, "Priority":1, "Health":1.000000, "Value":5393177, "EngineerBlueprint":"PowerPlant_Boosted", "EngineerLevel":1 }, { "Slot":"MainEngines", "Item":"Int_Engine_Size6_Class5", "On":true, "Priority":0, "Health":1.000000, "Value":13752602, "EngineerBlueprint":"Engine_Dirty", "EngineerLevel":3 }, { "Slot":"FrameShiftDrive", "Item":"Int_Hyperdrive_Size5_Class5", "On":true, "Priority":0, "Health":1.000000, "Value":4338361, "EngineerBlueprint":"FSD_LongRange", "EngineerLevel":5 }, { "Slot":"LifeSupport", "Item":"Int_LifeSupport_Size4_Class2", "On":true, "Priority":0, "Health":1.000000, "Value":28373 }, { "Slot":"PowerDistributor", "Item":"Int_PowerDistributor_Size7_Class4", "On":true, "Priority":0, "Health":1.000000, "Value":3892770, "EngineerBlueprint":"PowerDistributor_HighCapacity", "EngineerLevel":1 }, { "Slot":"Radar", "Item":"Int_Sensors_Size6_Class2", "On":true, "Priority":0, "Health":1.000000, "Value":189078, "EngineerBlueprint":"Sensor_Sensor_LightWeight", "EngineerLevel":2 }, { "Slot":"FuelTank", "Item":"Int_FuelTank_Size5_Class3", "On":true, "Priority":1, "Health":1.000000, "Value":83090 }, { "Slot":"Slot01_Size6", "Item":"Int_CargoRack_Size6_Class1", "On":true, "Priority":1, "Health":1.000000, "Value":362591 }, { "Slot":"Slot02_Size6", "Item":"Int_CargoRack_Size6_Class1", "On":true, "Priority":1, "Health":1.000000, "Value":362591 }, { "Slot":"Slot03_Size6", "Item":"Int_CargoRack_Size6_Class1", "On":true, "Priority":1, "Health":1.000000, "Value":362591 }, { "Slot":"Slot04_Size5", "Item":"Int_FuelScoop_Size5_Class5", "On":true, "Priority":0, "Health":1.000000, "Value":9073694 }, { "Slot":"Slot05_Size5", "Item":"Int_CargoRack_Size5_Class1", "On":true, "Priority":1, "Health":1.000000, "Value":111566 }, { "Slot":"Slot06_Size4", "Item":"Int_CargoRack_Size4_Class1", "On":true, "Priority":1, "Health":1.000000, "Value":34328 }, { "Slot":"Slot07_Size3", "Item":"Int_ShieldGenerator_Size3_Class5", "On":true, "Priority":0, "Health":1.000000, "Value":507912 }, { "Slot":"Slot08_Size3", "Item":"Int_CargoRack_Size3_Class1", "On":true, "Priority":1, "Health":1.000000, "Value":10563 }, { "Slot":"Slot09_Size2", "Item":"Int_StellarBodyDiscoveryScanner_Advanced", "On":true, "Priority":1, "Health":1.000000, "Value":1545000 }, { "Slot":"PlanetaryApproachSuite", "Item":"Int_PlanetApproachSuite", "On":true, "Priority":1, "Health":1.000000, "Value":425 }, { "Slot":"ShipCockpit", "Item":"Python_Cockpit", "On":true, "Priority":1, "Health":1.000000, "Value":0 }, { "Slot":"CargoHatch", "Item":"ModularCargoBayDoor", "On":true, "Priority":2, "Health":1.000000, "Value":0 } ] }
{ "timestamp":"2017-06-18T21:46:49Z", "event":"Materials", "Raw":[ { "Name":"chromium", "Count":31 }, { "Name":"iron", "Count":62 }, { "Name":"carbon", "Count":11 }, { "Name":"nickel", "Count":20 }, { "Name":"zinc", "Count":15 }, { "Name":"cadmium", "Count":8 }, { "Name":"phosphorus", "Count":19 }, { "Name":"germanium", "Count":14 }, { "Name":"manganese", "Count":20 }, { "Name":"yttrium", "Count":3 }, { "Name":"molybdenum", "Count":6 }, { "Name":"polonium", "Count":3 }, { "Name":"niobium", "Count":27 }, { "Name":"zirconium", "Count":9 }, { "Name":"sulphur", "Count":2 }, { "Name":"selenium", "Count":2 } ], "Manufactured":[ { "Name":"chemicalprocessors", "Count":11 }, { "Name":"salvagedalloys", "Count":14 }, { "Name":"shieldemitters", "Count":3 }, { "Name":"compoundshielding", "Count":24 }, { "Name":"refinedfocuscrystals", "Count":68 }, { "Name":"shieldingsensors", "Count":8 }, { "Name":"focuscrystals", "Count":9 }, { "Name":"fedproprietarycomposites", "Count":6 }, { "Name":"protolightalloys", "Count":13 }, { "Name":"galvanisingalloys", "Count":11 }, { "Name":"precipitatedalloys", "Count":9 }, { "Name":"heatconductionwiring", "Count":9 }, { "Name":"phasealloys", "Count":1 }, { "Name":"wornshieldemitters", "Count":15 }, { "Name":"configurablecomponents", "Count":12 }, { "Name":"conductivepolymers", "Count":21 }, { "Name":"chemicalmanipulators", "Count":4 }, { "Name":"fedcorecomposites", "Count":2 }, { "Name":"biotechconductors", "Count":2 }, { "Name":"protoheatradiators", "Count":1 }, { "Name":"crystalshards", "Count":3 }, { "Name":"heatresistantceramics", "Count":1 }, { "Name":"protoradiolicalloys", "Count":4 }, { "Name":"gridresistors", "Count":3 }, { "Name":"basicconductors", "Count":1 }, { "Name":"exquisitefocuscrystals", "Count":1 }, { "Name":"mechanicalscrap", "Count":1 }, { "Name":"heatdispersionplate", "Count":6 }, { "Name":"mechanicalcomponents", "Count":3 }, { "Name":"polymercapacitors", "Count":3 }, { "Name":"heatexchangers", "Count":3 }, { "Name":"conductivecomponents", "Count":6 }, { "Name":"heatvanes", "Count":3 }, { "Name":"mechanicalequipment", "Count":1 }, { "Name":"chemicaldistillery", "Count":3 } ], "Encoded":[ { "Name":"emissiondata", "Count":40 }, { "Name":"shieldsoakanalysis", "Count":29 }, { "Name":"shieldcyclerecordings", "Count":65 }, { "Name":"decodedemissiondata", "Count":74 }, { "Name":"classifiedscandata", "Count":3 }, { "Name":"encodedscandata", "Count":2 }, { "Name":"shielddensityreports", "Count":45 }, { "Name":"scanarchives", "Count":17 }, { "Name":"securityfirmware", "Count":3 }, { "Name":"bulkscandata", "Count":45 }, { "Name":"shieldpatternanalysis", "Count":52 }, { "Name":"scandatabanks", "Count":18 }, { "Name":"fsdtelemetry", "Count":20 }, { "Name":"encryptedfiles", "Count":3 }, { "Name":"archivedemissiondata", "Count":2 }, { "Name":"scrambledemissiondata", "Count":4 }, { "Name":"wakesolutions", "Count":6 }, { "Name":"hyperspacetrajectories", "Count":16 }, { "Name":"industrialfirmware", "Count":1 }, { "Name":"shieldfrequencydata", "Count":3 }, { "Name":"compactemissionsdata", "Count":6 }, { "Name":"disruptedwakeechoes", "Count":39 }, { "Name":"dataminedwake", "Count":4 }, { "Name":"consumerfirmware", "Count":3 } ] }
{ "timestamp":"2017-06-18T21:46:49Z", "event":"LoadGame", "Commander":"Blantyre", "Ship":"Python", "ShipID":16, "ShipName":"sepia", "ShipIdent":"BL-05P", "FuelLevel":32.000000, "FuelCapacity":32.000000, "GameMode":"Group", "Group":"Blantyre", "Credits":88855130, "Loan":0 }
{ "timestamp":"2017-06-18T21:46:49Z", "event":"Rank", "Combat":4, "Trade":6, "Explore":6, "Empire":2, "Federation":7, "CQC":0 }
{ "timestamp":"2017-06-18T21:46:49Z", "event":"Progress", "Combat":78, "Trade":12, "Explore":82, "Empire":60, "Federation":18, "CQC":0 }
{ "timestamp":"2017-06-18T21:46:58Z", "event":"Location", "Docked":true, "StationName":"Obsidian Orbital", "StationType":"Bernal", "StarSystem":"Maia", "StarPos":[-81.781,-149.438,-343.375], "SystemAllegiance":"Independent", "SystemEconomy":"$economy_Industrial;", "SystemEconomy_Localised":"Industrial", "SystemGovernment":"$government_Anarchy;", "SystemGovernment_Localised":"Anarchy", "SystemSecurity":"$GAlAXY_MAP_INFO_state_anarchy;", "SystemSecurity_Localised":"Anarchy", "Body":"Obsidian Orbital", "BodyType":"Station", "Factions":[ { "Name":"Professor Palin", "FactionState":"None", "Government":"Engineer", "Influence":0.023438, "Allegiance":"Independent" }, { "Name":"The Ant Hill Mob", "FactionState":"CivilWar", "Government":"Anarchy", "Influence":0.278320, "Allegiance":"Independent" }, { "Name":"Pleiades Resource Enterprise", "FactionState":"None", "Government":"Corporate", "Influence":0.238281, "Allegiance":"Federation" }, { "Name":"Cooper Research Associates", "FactionState":"Retreat", "Government":"Democracy", "Influence":0.075195, "Allegiance":"Alliance" }, { "Name":"Merope Expeditionary Fleet", "FactionState":"Investment", "Government":"Patronage", "Influence":0.163086, "Allegiance":"Empire" }, { "Name":"Ryder Revolutionary Party", "FactionState":"CivilWar", "Government":"Communism", "Influence":0.033203, "Allegiance":"Independent" }, { "Name":"Nebula Goat Appreciation Society", "FactionState":"Boom", "Government":"Democracy", "Influence":0.087891, "Allegiance":"Independent" }, { "Name":"The Pioneer's Cooperative", "FactionState":"CivilUnrest", "Government":"Cooperative", "Influence":0.052734, "Allegiance":"Independent" }, { "Name":"Hagglebeard's Heroes", "FactionState":"Boom", "Government":"Cooperative", "Influence":0.047852, "Allegiance":"Independent" } ], "SystemFaction":"The Ant Hill Mob", "FactionState":"CivilWar" }
{ "timestamp":"2017-06-18T21:46:58Z", "event":"Docked", "StationName":"Obsidian Orbital", "StationType":"Bernal", "StarSystem":"Maia", "StationFaction":"The Ant Hill Mob", "FactionState":"CivilWar", "StationGovernment":"$government_Anarchy;", "StationGovernment_Localised":"Anarchy", "StationEconomy":"$economy_HighTech;", "StationEconomy_Localised":"High Tech", "DistFromStarLS":635.404297 }
{ "timestamp":"2017-06-18T21:49:31Z", "event":"Undocked", "StationName":"Obsidian Orbital", "StationType":"Bernal" }
{ "timestamp":"2017-06-18T21:50:20Z", "event":"ReceiveText", "From":"Obsidian Orbital", "Message":"$STATION_NoFireZone_exited;", "Message_Localised":"No fire zone left.", "Channel":"npc" }
{ "timestamp":"2017-06-18T21:53:56Z", "event":"StartJump", "JumpType":"Hyperspace", "StarSystem":"Pleiades Sector RO-Q b5-1", "StarClass":"M" }
{ "timestamp":"2017-06-18T21:54:15Z", "event":"FSDJump", "StarSystem":"Pleiades Sector RO-Q b5-1", "StarPos":[-78.594,-143.094,-320.813], "SystemAllegiance":"", "SystemEconomy":"$economy_None;", "SystemEconomy_Localised":"None", "SystemGovernment":"$government_None;", "SystemGovernment_Localised":"None", "SystemSecurity":"$SYSTEM_SECURITY_low;", "SystemSecurity_Localised":"Low Security", "JumpDist":23.653, "FuelUsed":3.420763, "FuelLevel":28.579237 }
{ "timestamp":"2017-06-18T21:54:29Z", "event":"FuelScoop", "Scooped":3.420781, "Total":32.000000 }
{ "timestamp":"2017-06-18T21:54:47Z", "event":"StartJump", "JumpType":"Hyperspace", "StarSystem":"Pleiades Sector VU-O b6-3", "StarClass":"M" }
{ "timestamp":"2017-06-18T21:55:06Z", "event":"FSDJump", "StarSystem":"Pleiades Sector VU-O b6-3", "StarPos":[-71.781,-141.375,-294.531], "SystemAllegiance":"", "SystemEconomy":"$economy_None;", "SystemEconomy_Localised":"None", "SystemGovernment":"$government_None;", "SystemGovernment_Localised":"None", "SystemSecurity":"$SYSTEM_SECURITY_low;", "SystemSecurity_Localised":"Low Security", "JumpDist":27.204, "FuelUsed":4.818626, "FuelLevel":27.181374 }
{ "timestamp":"2017-06-18T21:57:09Z", "event":"FuelScoop", "Scooped":3.743293, "Total":30.924669 }
{ "timestamp":"2017-06-18T21:57:33Z", "event":"StartJump", "JumpType":"Hyperspace", "StarSystem":"Pleiades Sector NN-T c3-12", "StarClass":"M" }
{ "timestamp":"2017-06-18T21:57:51Z", "event":"FSDJump", "StarSystem":"Pleiades Sector NN-T c3-12", "StarPos":[-63.750,-132.969,-270.125], "SystemAllegiance":"", "SystemEconomy":"$economy_None;", "SystemEconomy_Localised":"None", "SystemGovernment":"$government_None;", "SystemGovernment_Localised":"None", "SystemSecurity":"$SYSTEM_SECURITY_low;", "SystemSecurity_Localised":"Low Security", "JumpDist":27.034, "FuelUsed":4.726136, "FuelLevel":26.198532 }
{ "timestamp":"2017-06-18T21:58:09Z", "event":"FuelScoop", "Scooped":3.250852, "Total":29.449373 }
{ "timestamp":"2017-06-18T21:59:06Z", "event":"StartJump", "JumpType":"Hyperspace", "StarSystem":"Aries Dark Region LS-S b4-2", "StarClass":"M" }
{ "timestamp":"2017-06-18T21:59:24Z", "event":"FSDJump", "StarSystem":"Aries Dark Region LS-S b4-2", "StarPos":[-51.813,-122.938,-248.000], "SystemAllegiance":"", "SystemEconomy":"$economy_None;", "SystemEconomy_Localised":"None", "SystemGovernment":"$government_None;", "SystemGovernment_Localised":"None", "SystemSecurity":"$SYSTEM_SECURITY_low;", "SystemSecurity_Localised":"Low Security", "JumpDist":27.067, "FuelUsed":4.713799, "FuelLevel":24.735575 }
{ "timestamp":"2017-06-18T21:59:40Z", "event":"FuelScoop", "Scooped":3.039900, "Total":27.775478 }
{ "timestamp":"2017-06-18T21:59:56Z", "event":"StartJump", "JumpType":"Hyperspace", "StarSystem":"HIP 17763", "StarClass":"A" }
{ "timestamp":"2017-06-18T22:00:15Z", "event":"FSDJump", "StarSystem":"HIP 17763", "StarPos":[-43.594,-108.531,-230.719], "SystemAllegiance":"", "SystemEconomy":"$economy_None;", "SystemEconomy_Localised":"None", "SystemGovernment":"$government_None;", "SystemGovernment_Localised":"None", "SystemSecurity":"$SYSTEM_SECURITY_low;", "SystemSecurity_Localised":"Low Security", "JumpDist":23.953, "FuelUsed":3.471759, "FuelLevel":24.303719 }
{ "timestamp":"2017-06-18T22:00:39Z", "event":"FuelScoop", "Scooped":5.004097, "Total":29.307816 }
{ "timestamp":"2017-06-18T22:00:48Z", "event":"FuelScoop", "Scooped":2.692190, "Total":32.000000 }
{ "timestamp":"2017-06-18T22:01:12Z", "event":"StartJump", "JumpType":"Hyperspace", "StarSystem":"Hyades Sector LX-T b3-0", "StarClass":"M" }
{ "timestamp":"2017-06-18T22:01:31Z", "event":"FSDJump", "StarSystem":"Hyades Sector LX-T b3-0", "StarPos":[-39.063,-102.656,-204.125], "SystemAllegiance":"", "SystemEconomy":"$economy_None;", "SystemEconomy_Localised":"None", "SystemGovernment":"$government_None;", "SystemGovernment_Localised":"None", "SystemSecurity":"$SYSTEM_SECURITY_low;", "SystemSecurity_Localised":"Low Security", "JumpDist":27.609, "FuelUsed":4.996610, "FuelLevel":27.003391 }
{ "timestamp":"2017-06-18T22:01:46Z", "event":"FuelScoop", "Scooped":2.465214, "Total":29.468584 }
{ "timestamp":"2017-06-18T22:02:04Z", "event":"StartJump", "JumpType":"Hyperspace", "StarSystem":"Arietis Sector AF-A d93", "StarClass":"F" }
{ "timestamp":"2017-06-18T22:02:22Z", "event":"FSDJump", "StarSystem":"Arietis Sector AF-A d93", "StarPos":[-22.219,-101.438,-188.031], "SystemAllegiance":"", "SystemEconomy":"$economy_None;", "SystemEconomy_Localised":"None", "SystemGovernment":"$government_None;", "SystemGovernment_Localised":"None", "SystemSecurity":"$SYSTEM_SECURITY_low;", "SystemSecurity_Localised":"Low Security", "JumpDist":23.328, "FuelUsed":3.275011, "FuelLevel":26.193573 }
{ "timestamp":"2017-06-18T22:02:43Z", "event":"FuelScoop", "Scooped":4.629516, "Total":30.823080 }
{ "timestamp":"2017-06-18T22:03:02Z", "event":"StartJump", "JumpType":"Hyperspace", "StarSystem":"Arietis Sector JB-X b1-2", "StarClass":"M" }
{ "timestamp":"2017-06-18T22:03:20Z", "event":"FSDJump", "StarSystem":"Arietis Sector JB-X b1-2", "StarPos":[-14.188,-98.344,-167.469], "SystemAllegiance":"", "SystemEconomy":"$economy_None;", "SystemEconomy_Localised":"None", "SystemGovernment":"$government_None;", "SystemGovernment_Localised":"None", "SystemSecurity":"$SYSTEM_SECURITY_low;", "SystemSecurity_Localised":"Low Security", "JumpDist":22.291, "FuelUsed":2.944812, "FuelLevel":27.878269 }
{ "timestamp":"2017-06-18T22:03:36Z", "event":"FuelScoop", "Scooped":4.121694, "Total":32.000000 }
{ "timestamp":"2017-06-18T22:04:02Z", "event":"StartJump", "JumpType":"Hyperspace", "StarSystem":"HIP 17472", "StarClass":"G" }
{ "timestamp":"2017-06-18T22:04:20Z", "event":"FSDJump", "StarSystem":"HIP 17472", "StarPos":[-5.781,-94.406,-143.938], "SystemAllegiance":"", "SystemEconomy":"$economy_None;", "SystemEconomy_Localised":"None", "SystemGovernment":"$government_None;", "SystemGovernment_Localised":"None", "SystemSecurity":"$SYSTEM_SECURITY_low;", "SystemSecurity_Localised":"Low Security", "JumpDist":25.296, "FuelUsed":4.032324, "FuelLevel":27.967676 }
{ "timestamp":"2017-06-18T22:04:38Z", "event":"FuelScoop", "Scooped":4.032361, "Total":32.000000 }
{ "timestamp":"2017-06-18T22:05:02Z", "event":"StartJump", "JumpType":"Hyperspace", "StarSystem":"Gciriko", "StarClass":"M" }
{ "timestamp":"2017-06-18T22:05:20Z", "event":"FSDJump", "StarSystem":"Gciriko", "StarPos":[3.000,-103.844,-131.938], "SystemAllegiance":"Independent", "SystemEconomy":"$economy_Refinery;", "SystemEconomy_Localised":"Refinery", "SystemGovernment":"$government_Anarchy;", "SystemGovernment_Localised":"Anarchy", "SystemSecurity":"$GAlAXY_MAP_INFO_state_anarchy;", "SystemSecurity_Localised":"Anarchy", "JumpDist":17.612, "FuelUsed":1.660739, "FuelLevel":30.339260, "Factions":[ { "Name":"Liberty Party of HIP 17272", "FactionState":"None", "Government":"Dictatorship", "Influence":0.047000, "Allegiance":"Independent" }, { "Name":"Co-operative of Nunu", "FactionState":"Retreat", "Government":"Cooperative", "Influence":0.014000, "Allegiance":"Independent" }, { "Name":"Gciriko Purple Clan", "FactionState":"Boom", "Government":"Anarchy", "Influence":0.842000, "Allegiance":"Independent" }, { "Name":"Gciriko Major Group", "FactionState":"None", "Government":"Corporate", "Influence":0.026000, "Allegiance":"Independent" }, { "Name":"Law Party of Gciriko", "FactionState":"None", "Government":"Dictatorship", "Influence":0.027000, "Allegiance":"Independent" }, { "Name":"Labour of Gciriko", "FactionState":"None", "Government":"Democracy", "Influence":0.032000, "Allegiance":"Independent" }, { "Name":"Gciriko Vision Inc", "FactionState":"None", "Government":"Corporate", "Influence":0.012000, "Allegiance":"Independent" } ], "SystemFaction":"Gciriko Purple Clan", "FactionState":"Boom" }
{ "timestamp":"2017-06-18T22:07:03Z", "event":"ReceiveText", "From":"$npc_name_decorate:#name=Gareth Knipe;", "From_Localised":"Gareth Knipe", "Message":"$Pirate_StartInterdiction04;", "Message_Localised":"Prepare yourself!", "Channel":"npc" }
{ "timestamp":"2017-06-18T22:07:10Z", "event":"Interdicted", "Submitted":true, "Interdictor":"Gareth Knipe", "IsPlayer":false, "Faction":"Gciriko Purple Clan" }
{ "timestamp":"2017-06-18T22:07:10Z", "event":"SupercruiseExit", "StarSystem":"Gciriko", "Body":"Gciriko", "BodyType":"Star" }
{ "timestamp":"2017-06-18T22:07:14Z", "event":"ReceiveText", "From":"$npc_name_decorate:#name=Gareth Knipe;", "From_Localised":"Gareth Knipe", "Message":"$Pirate_OnStartScanCargo03;", "Message_Localised":"What are you hauling?", "Channel":"npc" }
{ "timestamp":"2017-06-18T22:07:34Z", "event":"StartJump", "JumpType":"Supercruise" }
{ "timestamp":"2017-06-18T22:07:39Z", "event":"SupercruiseEntry", "StarSystem":"Gciriko" }
{ "timestamp":"2017-06-18T22:08:53Z", "event":"SupercruiseExit", "StarSystem":"Gciriko", "Body":"Iqbal Installation", "BodyType":"Station" }
{ "timestamp":"2017-06-18T22:09:02Z", "event":"DockingRequested", "StationName":"Iqbal Installation" }
{ "timestamp":"2017-06-18T22:09:02Z", "event":"ReceiveText", "From":"Iqbal Installation", "Message":"$DockingChatter_Cordial;", "Message_Localised":"Welcome back, Commander.", "Channel":"npc" }
{ "timestamp":"2017-06-18T22:09:04Z", "event":"ReceiveText", "From":"Iqbal Installation", "Message":"$STATION_docking_granted;", "Message_Localised":"Docking request granted.", "Channel":"npc" }
{ "timestamp":"2017-06-18T22:09:04Z", "event":"DockingGranted", "LandingPad":33, "StationName":"Iqbal Installation" }
{ "timestamp":"2017-06-18T22:09:10Z", "event":"ReceiveText", "From":"Iqbal Installation", "Message":"$STATION_NoFireZone_entered;", "Message_Localised":"No fire zone entered.", "Channel":"npc" }
{ "timestamp":"2017-06-18T22:09:49Z", "event":"Docked", "StationName":"Iqbal Installation", "StationType":"Coriolis", "StarSystem":"Gciriko", "StationFaction":"Gciriko Purple Clan", "FactionState":"Boom", "StationGovernment":"$government_Anarchy;", "StationGovernment_Localised":"Anarchy", "StationEconomy":"$economy_Refinery;", "StationEconomy_Localised":"Refinery", "DistFromStarLS":67.352524 }
{ "timestamp":"2017-06-18T22:10:08Z", "event":"MarketBuy", "Type":"superconductors", "Count":172, "BuyPrice":7038, "TotalCost":1210536 }
{ "timestamp":"2017-06-18T22:10:16Z", "event":"MarketBuy", "Type":"tantalum", "Count":76, "BuyPrice":4190, "TotalCost":318440 }
{ "timestamp":"2017-06-18T22:10:20Z", "event":"RefuelAll", "Cost":112, "Amount":2.220101 }
{ "timestamp":"2017-06-18T22:10:21Z", "event":"BuyAmmo", "Cost":225 }
{ "timestamp":"2017-06-18T22:10:25Z", "event":"SellExplorationData", "Systems":[ "HIP 17763", "Celaeno", "Arietis Sector AF-A d93", "Arietis Sector JB-X b1-2" ], "Discovered":[  ], "BaseValue":212232, "Bonus":0 }
{ "timestamp":"2017-06-18T22:11:13Z", "event":"Undocked", "StationName":"Iqbal Installation", "StationType":"Coriolis" }
{ "timestamp":"2017-06-18T22:11:50Z", "event":"ReceiveText", "From":"Iqbal Installation", "Message":"$STATION_NoFireZone_exited;", "Message_Localised":"No fire zone left.", "Channel":"npc" }
{ "timestamp":"2017-06-18T22:12:10Z", "event":"StartJump", "JumpType":"Hyperspace", "StarSystem":"Hyades Sector XE-Q b5-1", "StarClass":"M" }
{ "timestamp":"2017-06-18T22:12:29Z", "event":"FSDJump", "StarSystem":"Hyades Sector XE-Q b5-1", "StarPos":[0.813,-116.781,-146.656], "SystemAllegiance":"", "SystemEconomy":"$economy_None;", "SystemEconomy_Localised":"None", "SystemGovernment":"$government_None;", "SystemGovernment_Localised":"None", "SystemSecurity":"$SYSTEM_SECURITY_low;", "SystemSecurity_Localised":"Low Security", "JumpDist":19.718, "FuelUsed":4.842641, "FuelLevel":27.157360 }
{ "timestamp":"2017-06-18T22:12:46Z", "event":"FuelScoop", "Scooped":3.094612, "Total":30.251978 }
{ "timestamp":"2017-06-18T22:13:11Z", "event":"StartJump", "JumpType":"Hyperspace", "StarSystem":"Hyades Sector LC-V c2-9", "StarClass":"K" }
{ "timestamp":"2017-06-18T22:13:30Z", "event":"FSDJump", "StarSystem":"Hyades Sector LC-V c2-9", "StarPos":[-6.781,-117.719,-163.281], "SystemAllegiance":"", "SystemEconomy":"$economy_None;", "SystemEconomy_Localised":"None", "SystemGovernment":"$government_None;", "SystemGovernment_Localised":"None", "SystemSecurity":"$SYSTEM_SECURITY_low;", "SystemSecurity_Localised":"Low Security", "JumpDist":18.301, "FuelUsed":4.014582, "FuelLevel":26.237396 }
{ "timestamp":"2017-06-18T22:13:50Z", "event":"FuelScoop", "Scooped":3.903542, "Total":30.140907 }
{ "timestamp":"2017-06-18T22:14:25Z", "event":"StartJump", "JumpType":"Hyperspace", "StarSystem":"Hyades Sector HR-W d1-56", "StarClass":"L" }
{ "timestamp":"2017-06-18T22:14:44Z", "event":"FSDJump", "StarSystem":"Hyades Sector HR-W d1-56", "StarPos":[-12.625,-127.344,-176.969], "SystemAllegiance":"", "SystemEconomy":"$economy_None;", "SystemEconomy_Localised":"None", "SystemGovernment":"$government_None;", "SystemGovernment_Localised":"None", "SystemSecurity":"$SYSTEM_SECURITY_low;", "SystemSecurity_Localised":"Low Security", "JumpDist":17.724, "FuelUsed":3.710330, "FuelLevel":26.430578 }
{ "timestamp":"2017-06-18T22:14:55Z", "event":"ReceiveText", "From":"$npc_name_decorate:#name=Mad Dog O'connell;", "From_Localised":"Mad Dog O'connell", "Message":"$Pirate_HunterHostileSC_Relevant05;", "Message_Localised":"The rumour was right... good job I found you first.", "Channel":"npc" }
{ "timestamp":"2017-06-18T22:15:11Z", "event":"StartJump", "JumpType":"Hyperspace", "StarSystem":"Hyades Sector DL-Y d56", "StarClass":"A" }
{ "timestamp":"2017-06-18T22:15:29Z", "event":"FSDJump", "StarSystem":"Hyades Sector DL-Y d56", "StarPos":[-18.031,-132.125,-194.500], "SystemAllegiance":"", "SystemEconomy":"$economy_None;", "SystemEconomy_Localised":"None", "SystemGovernment":"$government_None;", "SystemGovernment_Localised":"None", "SystemSecurity":"$SYSTEM_SECURITY_low;", "SystemSecurity_Localised":"Low Security", "JumpDist":18.959, "FuelUsed":4.331723, "FuelLevel":22.098856 }
{ "timestamp":"2017-06-18T22:15:47Z", "event":"FuelScoop", "Scooped":5.002469, "Total":27.101332 }
{ "timestamp":"2017-06-18T22:15:57Z", "event":"FuelScoop", "Scooped":4.898657, "Total":32.000000 }
{ "timestamp":"2017-06-18T22:16:18Z", "event":"StartJump", "JumpType":"Hyperspace", "StarSystem":"HIP 16991", "StarClass":"F" }
{ "timestamp":"2017-06-18T22:16:37Z", "event":"FSDJump", "StarSystem":"HIP 16991", "StarPos":[-23.781,-131.844,-210.094], "SystemAllegiance":"", "SystemEconomy":"$economy_None;", "SystemEconomy_Localised":"None", "SystemGovernment":"$government_None;", "SystemGovernment_Localised":"None", "SystemSecurity":"$SYSTEM_SECURITY_low;", "SystemSecurity_Localised":"Low Security", "JumpDist":16.622, "FuelUsed":3.186743, "FuelLevel":28.813257 }
{ "timestamp":"2017-06-18T22:16:53Z", "event":"FuelScoop", "Scooped":3.186759, "Total":32.000000 }
{ "timestamp":"2017-06-18T22:17:16Z", "event":"StartJump", "JumpType":"Hyperspace", "StarSystem":"Aries Dark Region TT-Q b5-2", "StarClass":"M" }
{ "timestamp":"2017-06-18T22:17:35Z", "event":"FSDJump", "StarSystem":"Aries Dark Region TT-Q b5-2", "StarPos":[-24.938,-144.313,-225.563], "SystemAllegiance":"", "SystemEconomy":"$economy_None;", "SystemEconomy_Localised":"None", "SystemGovernment":"$government_None;", "SystemGovernment_Localised":"None", "SystemSecurity":"$SYSTEM_SECURITY_low;", "SystemSecurity_Localised":"Low Security", "JumpDist":19.902, "FuelUsed":4.953749, "FuelLevel":27.046251 }
{ "timestamp":"2017-06-18T22:17:47Z", "event":"FuelScoop", "Scooped":0.585269, "Total":27.631516 }
{ "timestamp":"2017-06-18T22:18:03Z", "event":"StartJump", "JumpType":"Hyperspace", "StarSystem":"Aries Dark Region IM-V c2-13", "StarClass":"M" }
{ "timestamp":"2017-06-18T22:18:21Z", "event":"FSDJump", "StarSystem":"Aries Dark Region IM-V c2-13", "StarPos":[-40.188,-142.063,-236.750], "SystemAllegiance":"", "SystemEconomy":"$economy_None;", "SystemEconomy_Localised":"None", "SystemGovernment":"$government_None;", "SystemGovernment_Localised":"None", "SystemSecurity":"$SYSTEM_SECURITY_low;", "SystemSecurity_Localised":"Low Security", "JumpDist":19.047, "FuelUsed":4.395564, "FuelLevel":23.235950 }
{ "timestamp":"2017-06-18T22:18:38Z", "event":"FuelScoop", "Scooped":5.003115, "Total":28.239038 }
{ "timestamp":"2017-06-18T22:18:42Z", "event":"FuelScoop", "Scooped":0.979403, "Total":29.218445 }
{ "timestamp":"2017-06-18T22:18:56Z", "event":"StartJump", "JumpType":"Hyperspace", "StarSystem":"HIP 16896", "StarClass":"F" }
{ "timestamp":"2017-06-18T22:19:14Z", "event":"FSDJump", "StarSystem":"HIP 16896", "StarPos":[-47.063,-138.000,-249.438], "SystemAllegiance":"", "SystemEconomy":"$economy_None;", "SystemEconomy_Localised":"None", "SystemGovernment":"$government_None;", "SystemGovernment_Localised":"None", "SystemSecurity":"$SYSTEM_SECURITY_low;", "SystemSecurity_Localised":"Low Security", "JumpDist":14.991, "FuelUsed":2.454695, "FuelLevel":26.763750 }
{ "timestamp":"2017-06-18T22:19:33Z", "event":"FuelScoop", "Scooped":5.005680, "Total":31.769447 }
{ "timestamp":"2017-06-18T22:19:34Z", "event":"FuelScoop", "Scooped":0.230550, "Total":32.000000 }
{ "timestamp":"2017-06-18T22:20:16Z", "event":"StartJump", "JumpType":"Hyperspace", "StarSystem":"Pleiades Sector IR-W d1-56", "StarClass":"K" }
{ "timestamp":"2017-06-18T22:20:34Z", "event":"FSDJump", "StarSystem":"Pleiades Sector IR-W d1-56", "StarPos":[-51.719,-133.063,-268.219], "SystemAllegiance":"", "SystemEconomy":"$economy_None;", "SystemEconomy_Localised":"None", "SystemGovernment":"$government_None;", "SystemGovernment_Localised":"None", "SystemSecurity":"$SYSTEM_SECURITY_low;", "SystemSecurity_Localised":"Low Security", "JumpDist":19.970, "FuelUsed":4.995390, "FuelLevel":27.004610 }
{ "timestamp":"2017-06-18T22:20:45Z", "event":"ReceiveText", "From":"$npc_name_decorate:#name=Nar Dereb;", "From_Localised":"Nar Dereb", "Message":"$Pirate_HunterHostileSC_Relevant02;", "Message_Localised":"I knew I'd find you eventually, all that tasty cargo!", "Channel":"npc" }
{ "timestamp":"2017-06-18T22:20:55Z", "event":"FuelScoop", "Scooped":4.605633, "Total":31.610256 }
{ "timestamp":"2017-06-18T22:20:59Z", "event":"ReceiveText", "From":"$npc_name_decorate:#name=Nar Dereb;", "From_Localised":"Nar Dereb", "Message":"$Pirate_StartInterdiction01;", "Message_Localised":"You're mine now, Commander. ", "Channel":"npc" }
{ "timestamp":"2017-06-18T22:21:11Z", "event":"StartJump", "JumpType":"Hyperspace", "StarSystem":"Pleiades Sector WU-O b6-3", "StarClass":"M" }
{ "timestamp":"2017-06-18T22:21:29Z", "event":"FSDJump", "StarSystem":"Pleiades Sector WU-O b6-3", "StarPos":[-53.125,-135.063,-288.000], "SystemAllegiance":"", "SystemEconomy":"$economy_None;", "SystemEconomy_Localised":"None", "SystemGovernment":"$government_None;", "SystemGovernment_Localised":"None", "SystemSecurity":"$SYSTEM_SECURITY_low;", "SystemSecurity_Localised":"Low Security", "JumpDist":19.932, "FuelUsed":4.966697, "FuelLevel":26.643559 }
{ "timestamp":"2017-06-18T22:21:48Z", "event":"FuelScoop", "Scooped":3.653707, "Total":30.297281 }
{ "timestamp":"2017-06-18T22:22:05Z", "event":"StartJump", "JumpType":"Hyperspace", "StarSystem":"Pleiades Sector YP-O b6-2", "StarClass":"M" }
{ "timestamp":"2017-06-18T22:22:24Z", "event":"FSDJump", "StarSystem":"Pleiades Sector YP-O b6-2", "StarPos":[-58.156,-146.750,-303.188], "SystemAllegiance":"", "SystemEconomy":"$economy_None;", "SystemEconomy_Localised":"None", "SystemGovernment":"$government_None;", "SystemGovernment_Localised":"None", "SystemSecurity":"$SYSTEM_SECURITY_low;", "SystemSecurity_Localised":"Low Security", "JumpDist":19.813, "FuelUsed":4.877306, "FuelLevel":25.419975 }
{ "timestamp":"2017-06-18T22:22:40Z", "event":"FuelScoop", "Scooped":2.475286, "Total":27.895264 }
{ "timestamp":"2017-06-18T22:22:56Z", "event":"StartJump", "JumpType":"Hyperspace", "StarSystem":"Pleiades Sector IR-W d1-55", "StarClass":"F" }
{ "timestamp":"2017-06-18T22:23:14Z", "event":"FSDJump", "StarSystem":"Pleiades Sector IR-W d1-55", "StarPos":[-63.594,-147.406,-319.094], "SystemAllegiance":"", "SystemEconomy":"$economy_None;", "SystemEconomy_Localised":"None", "SystemGovernment":"$government_None;", "SystemGovernment_Localised":"None", "SystemSecurity":"$SYSTEM_SECURITY_low;", "SystemSecurity_Localised":"Low Security", "JumpDist":16.823, "FuelUsed":3.245055, "FuelLevel":24.650208 }
{ "timestamp":"2017-06-18T22:23:31Z", "event":"FuelScoop", "Scooped":2.589912, "Total":27.240118 }
{ "timestamp":"2017-06-18T22:23:47Z", "event":"StartJump", "JumpType":"Hyperspace", "StarSystem":"HIP 17692", "StarClass":"A" }
{ "timestamp":"2017-06-18T22:24:06Z", "event":"FSDJump", "StarSystem":"HIP 17692", "StarPos":[-74.125,-143.969,-328.781], "SystemAllegiance":"Federation", "SystemEconomy":"$economy_HighTech;", "SystemEconomy_Localised":"High Tech", "SystemGovernment":"$government_Democracy;", "SystemGovernment_Localised":"Democracy", "SystemSecurity":"$SYSTEM_SECURITY_low;", "SystemSecurity_Localised":"Low Security", "JumpDist":14.716, "FuelUsed":2.333946, "FuelLevel":24.906172, "Factions":[ { "Name":"Pleiades Resource Enterprise", "FactionState":"None", "Government":"Corporate", "Influence":1.000000, "Allegiance":"Federation" } ], "SystemFaction":"Pleiades Resource Enterprise" }
{ "timestamp":"2017-06-18T22:24:22Z", "event":"FuelScoop", "Scooped":2.293714, "Total":27.199902 }
{ "timestamp":"2017-06-18T22:24:39Z", "event":"StartJump", "JumpType":"Hyperspace", "StarSystem":"Maia", "StarClass":"B" }
{ "timestamp":"2017-06-18T22:24:57Z", "event":"FSDJump", "StarSystem":"Maia", "StarPos":[-81.781,-149.438,-343.375], "SystemAllegiance":"Independent", "SystemEconomy":"$economy_Industrial;", "SystemEconomy_Localised":"Industrial", "SystemGovernment":"$government_Anarchy;", "SystemGovernment_Localised":"Anarchy", "SystemSecurity":"$GAlAXY_MAP_INFO_state_anarchy;", "SystemSecurity_Localised":"Anarchy", "JumpDist":17.364, "FuelUsed":3.500016, "FuelLevel":23.699884, "Factions":[ { "Name":"Professor Palin", "FactionState":"None", "Government":"Engineer", "Influence":0.023438, "Allegiance":"Independent" }, { "Name":"The Ant Hill Mob", "FactionState":"CivilWar", "Government":"Anarchy", "Influence":0.278320, "Allegiance":"Independent" }, { "Name":"Pleiades Resource Enterprise", "FactionState":"None", "Government":"Corporate", "Influence":0.238281, "Allegiance":"Federation" }, { "Name":"Cooper Research Associates", "FactionState":"Retreat", "Government":"Democracy", "Influence":0.075195, "Allegiance":"Alliance" }, { "Name":"Merope Expeditionary Fleet", "FactionState":"Investment", "Government":"Patronage", "Influence":0.163086, "Allegiance":"Empire" }, { "Name":"Ryder Revolutionary Party", "FactionState":"CivilWar", "Government":"Communism", "Influence":0.033203, "Allegiance":"Independent" }, { "Name":"Nebula Goat Appreciation Society", "FactionState":"Boom", "Government":"Democracy", "Influence":0.087891, "Allegiance":"Independent" }, { "Name":"The Pioneer's Cooperative", "FactionState":"CivilUnrest", "Government":"Cooperative", "Influence":0.052734, "Allegiance":"Independent" }, { "Name":"Hagglebeard's Heroes", "FactionState":"Boom", "Government":"Cooperative", "Influence":0.047852, "Allegiance":"Independent" } ], "SystemFaction":"The Ant Hill Mob", "FactionState":"CivilWar" }
{ "timestamp":"2017-06-18T22:25:38Z", "event":"ReceiveText", "From":"$npc_name_decorate:#name=Chris Chapman;", "From_Localised":"Chris Chapman", "Message":"$Pirate_HunterHostileSC_Relevant05;", "Message_Localised":"The rumour was right... good job I found you first.", "Channel":"npc" }
{ "timestamp":"2017-06-18T22:26:19Z", "event":"ReceiveText", "From":"$npc_name_decorate:#name=Chris Chapman;", "From_Localised":"Chris Chapman", "Message":"$Pirate_StartInterdiction06;", "Message_Localised":"Make it easy on yourself and submit.", "Channel":"npc" }
{ "timestamp":"2017-06-18T22:26:26Z", "event":"Interdicted", "Submitted":true, "Interdictor":"Chris Chapman", "IsPlayer":false, "Faction":"Cooper Research Associates" }
{ "timestamp":"2017-06-18T22:26:27Z", "event":"SupercruiseExit", "StarSystem":"Maia", "Body":"Maia A 2", "BodyType":"Star" }
{ "timestamp":"2017-06-18T22:26:28Z", "event":"ReceiveText", "From":"$npc_name_decorate:#name=Chris Chapman;", "From_Localised":"Chris Chapman", "Message":"$Pirate_ThreatenUnits01:#units=20;", "Message_Localised":"Give me 20t of cargo if you want to live.", "Channel":"npc" }
{ "timestamp":"2017-06-18T22:26:29Z", "event":"ReceiveText", "From":"$npc_name_decorate:#name=Chris Chapman;", "From_Localised":"Chris Chapman", "Message":"$Pirate_ThreatenTimer05:#seconds=10;", "Message_Localised":"In 10 seconds, I'm going to start boiling bulkheads off you.", "Channel":"npc" }
{ "timestamp":"2017-06-18T22:26:32Z", "event":"ReceiveText", "From":"$npc_name_decorate:#name=Chris Chapman;", "From_Localised":"Chris Chapman", "Message":"$Pirate_OnTargetFleeing01;", "Message_Localised":"Hey, where are you going!", "Channel":"npc" }
{ "timestamp":"2017-06-18T22:26:48Z", "event":"StartJump", "JumpType":"Supercruise" }
{ "timestamp":"2017-06-18T22:26:53Z", "event":"ReceiveText", "From":"$npc_name_decorate:#name=Chris Chapman;", "From_Localised":"Chris Chapman", "Message":"$Pirate_ReminderUnits01:#units=20;", "Message_Localised":"This can all stop if you just give me 20t of cargo.", "Channel":"npc" }
{ "timestamp":"2017-06-18T22:26:53Z", "event":"SupercruiseEntry", "StarSystem":"Maia" }
{ "timestamp":"2017-06-18T22:27:18Z", "event":"ReceiveText", "From":"$npc_name_decorate:#name=Chris Chapman;", "From_Localised":"Chris Chapman", "Message":"$Pirate_HunterHostileSC_Relevant03;", "Message_Localised":"I've come a long way for what's in your hold, don't try to run!", "Channel":"npc" }
{ "timestamp":"2017-06-18T22:27:33Z", "event":"ReceiveText", "From":"$npc_name_decorate:#name=Chris Chapman;", "From_Localised":"Chris Chapman", "Message":"$Pirate_StartInterdiction08;", "Message_Localised":"I've found my next target and it's you, Commander.", "Channel":"npc" }
{ "timestamp":"2017-06-18T22:27:38Z", "event":"ApproachSettlement", "Name":"Darnielle's Progress" }
{ "timestamp":"2017-06-18T22:27:59Z", "event":"EscapeInterdiction", "Interdictor":"Chris Chapman", "IsPlayer":false }
{ "timestamp":"2017-06-18T22:28:52Z", "event":"SupercruiseExit", "StarSystem":"Maia", "Body":"Obsidian Orbital", "BodyType":"Station" }
{ "timestamp":"2017-06-18T22:29:01Z", "event":"DockingRequested", "StationName":"Obsidian Orbital" }
{ "timestamp":"2017-06-18T22:29:01Z", "event":"ReceiveText", "From":"Obsidian Orbital", "Message":"$DockingChatter_Allied;", "Message_Localised":"An ally like you is always welcome here.", "Channel":"npc" }
{ "timestamp":"2017-06-18T22:29:02Z", "event":"ReceiveText", "From":"Obsidian Orbital", "Message":"$STATION_docking_granted;", "Message_Localised":"Docking request granted.", "Channel":"npc" }
{ "timestamp":"2017-06-18T22:29:02Z", "event":"DockingGranted", "LandingPad":8, "StationName":"Obsidian Orbital" }
{ "timestamp":"2017-06-18T22:29:10Z", "event":"ReceiveText", "From":"Obsidian Orbital", "Message":"$STATION_NoFireZone_entered;", "Message_Localised":"No fire zone entered.", "Channel":"npc" }
{ "timestamp":"2017-06-18T22:29:49Z", "event":"Docked", "StationName":"Obsidian Orbital", "StationType":"Bernal", "StarSystem":"Maia", "StationFaction":"The Ant Hill Mob", "FactionState":"CivilWar", "StationGovernment":"$government_Anarchy;", "StationGovernment_Localised":"Anarchy", "StationEconomy":"$economy_HighTech;", "StationEconomy_Localised":"High Tech", "DistFromStarLS":635.934998 }
{ "timestamp":"2017-06-18T22:30:07Z", "event":"MarketSell", "Type":"superconductors", "Count":172, "SellPrice":9253, "TotalSale":1591516, "AvgPricePaid":7038 }
{ "timestamp":"2017-06-18T22:30:18Z", "event":"MarketSell", "Type":"tantalum", "Count":76, "SellPrice":5547, "TotalSale":421572, "AvgPricePaid":4190 }
{ "timestamp":"2017-06-18T22:31:17Z", "event":"RefuelAll", "Cost":442, "Amount":8.815367 }
{ "timestamp":"2017-06-18T22:31:18Z", "event":"BuyAmmo", "Cost":175 }
{ "timestamp":"2017-06-18T22:43:23Z", "event":"Undocked", "StationName":"Obsidian Orbital", "StationType":"Bernal" }
{ "timestamp":"2017-06-18T22:44:27Z", "event":"ReceiveText", "From":"Obsidian Orbital", "Message":"$STATION_NoFireZone_exited;", "Message_Localised":"No fire zone left.", "Channel":"npc" }
{ "timestamp":"2017-06-18T22:44:51Z", "event":"StartJump", "JumpType":"Hyperspace", "StarSystem":"Pleiades Sector IH-V c2-5", "StarClass":"K" }
{ "timestamp":"2017-06-18T22:45:09Z", "event":"FSDJump", "StarSystem":"Pleiades Sector IH-V c2-5", "StarPos":[-78.719,-138.031,-321.781], "SystemAllegiance":"Alliance", "SystemEconomy":"$economy_Military;", "SystemEconomy_Localised":"Military", "SystemGovernment":"$government_Democracy;", "SystemGovernment_Localised":"Democracy", "SystemSecurity":"$SYSTEM_SECURITY_medium;", "SystemSecurity_Localised":"Medium Security", "JumpDist":24.612, "FuelUsed":3.770725, "FuelLevel":28.229275, "Factions":[ { "Name":"The Ant Hill Mob", "FactionState":"None", "Government":"Anarchy", "Influence":0.010978, "Allegiance":"Independent" }, { "Name":"Pleiades Resource Enterprise", "FactionState":"None", "Government":"Corporate", "Influence":0.481038, "Allegiance":"Federation" }, { "Name":"Cooper Research Associates", "FactionState":"Retreat", "Government":"Democracy", "Influence":0.498004, "Allegiance":"Alliance" }, { "Name":"Ursa Mercenaries", "FactionState":"Famine", "Government":"Anarchy", "Influence":0.009980, "Allegiance":"Independent" } ], "SystemFaction":"Cooper Research Associates", "FactionState":"Retreat" }
{ "timestamp":"2017-06-18T22:45:26Z", "event":"FuelScoop", "Scooped":3.770721, "Total":32.000000 }
{ "timestamp":"2017-06-18T22:45:52Z", "event":"StartJump", "JumpType":"Hyperspace", "StarSystem":"Pleiades Sector MN-T c3-12", "StarClass":"K" }
{ "timestamp":"2017-06-18T22:46:11Z", "event":"FSDJump", "StarSystem":"Pleiades Sector MN-T c3-12", "StarPos":[-70.656,-119.750,-302.813], "SystemAllegiance":"", "SystemEconomy":"$economy_None;", "SystemEconomy_Localised":"None", "SystemGovernment":"$government_None;", "SystemGovernment_Localised":"None", "SystemSecurity":"$SYSTEM_SECURITY_low;", "SystemSecurity_Localised":"Low Security", "JumpDist":27.550, "FuelUsed":4.970372, "FuelLevel":27.029629 }
{ "timestamp":"2017-06-18T22:46:22Z", "event":"SupercruiseExit", "StarSystem":"Pleiades Sector MN-T c3-12", "Body":"Pleiades Sector MN-T c3-12", "BodyType":"Star" }
{ "timestamp":"2017-06-18T22:47:27Z", "event":"StartJump", "JumpType":"Supercruise" }
{ "timestamp":"2017-06-18T22:47:32Z", "event":"SupercruiseEntry", "StarSystem":"Pleiades Sector MN-T c3-12" }
{ "timestamp":"2017-06-18T22:47:41Z", "event":"FuelScoop", "Scooped":0.255900, "Total":29.159357 }
{ "timestamp":"2017-06-18T22:48:09Z", "event":"StartJump", "JumpType":"Hyperspace", "StarSystem":"Pleiades Sector XF-N b7-3", "StarClass":"M" }
{ "timestamp":"2017-06-18T22:48:27Z", "event":"FSDJump", "StarSystem":"Pleiades Sector XF-N b7-3", "StarPos":[-69.313,-112.938,-277.594], "SystemAllegiance":"", "SystemEconomy":"$economy_None;", "SystemEconomy_Localised":"None", "SystemGovernment":"$government_None;", "SystemGovernment_Localised":"None", "SystemSecurity":"$SYSTEM_SECURITY_low;", "SystemSecurity_Localised":"Low Security", "JumpDist":26.157, "FuelUsed":4.330173, "FuelLevel":24.829184 }
{ "timestamp":"2017-06-18T22:48:42Z", "event":"FuelScoop", "Scooped":2.151975, "Total":26.981165 }
{ "timestamp":"2017-06-18T22:48:59Z", "event":"StartJump", "JumpType":"Hyperspace", "StarSystem":"Pleiades Sector AR-L b8-2", "StarClass":"TTS" }
{ "timestamp":"2017-06-18T22:49:18Z", "event":"FSDJump", "StarSystem":"Pleiades Sector AR-L b8-2", "StarPos":[-58.125,-99.750,-261.500], "SystemAllegiance":"", "SystemEconomy":"$economy_None;", "SystemEconomy_Localised":"None", "SystemGovernment":"$government_None;", "SystemGovernment_Localised":"None", "SystemSecurity":"$SYSTEM_SECURITY_low;", "SystemSecurity_Localised":"Low Security", "JumpDist":23.624, "FuelUsed":3.345873, "FuelLevel":23.635292 }
{ "timestamp":"2017-06-18T22:49:53Z", "event":"StartJump", "JumpType":"Hyperspace", "StarSystem":"Hyades Sector AV-Y c13", "StarClass":"K" }
{ "timestamp":"2017-06-18T22:50:11Z", "event":"FSDJump", "StarSystem":"Hyades Sector AV-Y c13", "StarPos":[-46.063,-81.188,-245.688], "SystemAllegiance":"", "SystemEconomy":"$economy_None;", "SystemEconomy_Localised":"None", "SystemGovernment":"$government_None;", "SystemGovernment_Localised":"None", "SystemSecurity":"$SYSTEM_SECURITY_low;", "SystemSecurity_Localised":"Low Security", "JumpDist":27.205, "FuelUsed":4.668400, "FuelLevel":18.966892 }
{ "timestamp":"2017-06-18T22:50:33Z", "event":"FuelScoop", "Scooped":4.029566, "Total":22.996466 }
{ "timestamp":"2017-06-18T22:51:06Z", "event":"StartJump", "JumpType":"Hyperspace", "StarSystem":"Hyades Sector AV-Y c16", "StarClass":"K" }
{ "timestamp":"2017-06-18T22:51:24Z", "event":"FSDJump", "StarSystem":"Hyades Sector AV-Y c16", "StarPos":[-33.406,-69.750,-225.438], "SystemAllegiance":"", "SystemEconomy":"$economy_None;", "SystemEconomy_Localised":"None", "SystemGovernment":"$government_None;", "SystemGovernment_Localised":"None", "SystemSecurity":"$SYSTEM_SECURITY_low;", "SystemSecurity_Localised":"Low Security", "JumpDist":26.478, "FuelUsed":4.357763, "FuelLevel":18.638702 }
{ "timestamp":"2017-06-18T22:51:43Z", "event":"FuelScoop", "Scooped":5.000174, "Total":23.638878 }
{ "timestamp":"2017-06-18T22:51:54Z", "event":"FuelScoop", "Scooped":5.006920, "Total":28.645803 }
{ "timestamp":"2017-06-18T22:52:02Z", "event":"FuelScoop", "Scooped":2.934592, "Total":31.580402 }
{ "timestamp":"2017-06-18T22:52:15Z", "event":"StartJump", "JumpType":"Hyperspace", "StarSystem":"Arietis Sector CA-Z b3", "StarClass":"M" }
{ "timestamp":"2017-06-18T22:52:33Z", "event":"FSDJump", "StarSystem":"Arietis Sector CA-Z b3", "StarPos":[-29.594,-72.781,-199.813], "SystemAllegiance":"", "SystemEconomy":"$economy_None;", "SystemEconomy_Localised":"None", "SystemGovernment":"$government_None;", "SystemGovernment_Localised":"None", "SystemSecurity":"$SYSTEM_SECURITY_low;", "SystemSecurity_Localised":"Low Security", "JumpDist":26.084, "FuelUsed":4.336657, "FuelLevel":27.243746 }
{ "timestamp":"2017-06-18T22:52:53Z", "event":"FuelScoop", "Scooped":4.657659, "Total":31.901417 }
{ "timestamp":"2017-06-18T22:53:11Z", "event":"StartJump", "JumpType":"Hyperspace", "StarSystem":"Arietis Sector HG-X b1-3", "StarClass":"TTS" }
{ "timestamp":"2017-06-18T22:53:30Z", "event":"FSDJump", "StarSystem":"Arietis Sector HG-X b1-3", "StarPos":[-20.406,-70.188,-174.875], "SystemAllegiance":"", "SystemEconomy":"$economy_None;", "SystemEconomy_Localised":"None", "SystemGovernment":"$government_None;", "SystemGovernment_Localised":"None", "SystemSecurity":"$SYSTEM_SECURITY_low;", "SystemSecurity_Localised":"Low Security", "JumpDist":26.702, "FuelUsed":4.602321, "FuelLevel":27.299095 }
{ "timestamp":"2017-06-18T22:54:09Z", "event":"StartJump", "JumpType":"Hyperspace", "StarSystem":"HIP 20086", "StarClass":"K" }
{ "timestamp":"2017-06-18T22:54:27Z", "event":"FSDJump", "StarSystem":"HIP 20086", "StarPos":[-6.094,-63.313,-154.063], "SystemAllegiance":"", "SystemEconomy":"$economy_None;", "SystemEconomy_Localised":"None", "SystemGovernment":"$government_None;", "SystemGovernment_Localised":"None", "SystemSecurity":"$SYSTEM_SECURITY_low;", "SystemSecurity_Localised":"Low Security", "JumpDist":26.178, "FuelUsed":4.308133, "FuelLevel":22.990963 }
{ "timestamp":"2017-06-18T22:54:49Z", "event":"FuelScoop", "Scooped":4.426429, "Total":27.417391 }
{ "timestamp":"2017-06-18T22:55:06Z", "event":"StartJump", "JumpType":"Hyperspace", "StarSystem":"HIP 20485", "StarClass":"K" }
{ "timestamp":"2017-06-18T22:55:24Z", "event":"FSDJump", "StarSystem":"HIP 20485", "StarPos":[-0.125,-58.625,-141.813], "SystemAllegiance":"Independent", "SystemEconomy":"$economy_Industrial;", "SystemEconomy_Localised":"Industrial", "SystemGovernment":"$government_Dictatorship;", "SystemGovernment_Localised":"Dictatorship", "SystemSecurity":"$SYSTEM_SECURITY_medium;", "SystemSecurity_Localised":"Medium Security", "JumpDist":14.410, "FuelUsed":0.998376, "FuelLevel":26.419014, "Factions":[ { "Name":"Independent HIP 20019 for Equality", "FactionState":"None", "Government":"Democracy", "Influence":0.054000, "Allegiance":"Federation" }, { "Name":"United HIP 20485 Future", "FactionState":"CivilWar", "Government":"Democracy", "Influence":0.092000, "Allegiance":"Independent" }, { "Name":"HIP 20527 Labour", "FactionState":"Expansion", "Government":"Democracy", "Influence":0.042000, "Allegiance":"Federation" }, { "Name":"HIP 20485 Corp.", "FactionState":"None", "Government":"Corporate", "Influence":0.058000, "Allegiance":"Independent" }, { "Name":"HIP 20485 Autocracy", "FactionState":"None", "Government":"Dictatorship", "Influence":0.031000, "Allegiance":"Independent" }, { "Name":"HIP 20485 Interstellar", "FactionState":"CivilWar", "Government":"Corporate", "Influence":0.079000, "Allegiance":"Independent" }, { "Name":"United HIP 20485 Nationalists", "FactionState":"None", "Government":"Dictatorship", "Influence":0.644000, "Allegiance":"Independent" } ], "SystemFaction":"United HIP 20485 Nationalists" }
{ "timestamp":"2017-06-18T22:56:24Z", "event":"ApproachSettlement", "Name":"Barnaby Enterprise" }
{ "timestamp":"2017-06-18T22:56:43Z", "event":"SupercruiseExit", "StarSystem":"HIP 20485", "Body":"Shinn Enterprise", "BodyType":"Station" }
{ "timestamp":"2017-06-18T22:56:55Z", "event":"DockingRequested", "StationName":"Shinn Enterprise" }
{ "timestamp":"2017-06-18T22:56:55Z", "event":"ReceiveText", "From":"Shinn Enterprise", "Message":"$DockingChatter_Neutral;", "Message_Localised":"Ensure to observe starport protocol during your visit, pilot.", "Channel":"npc" }
{ "timestamp":"2017-06-18T22:56:56Z", "event":"ReceiveText", "From":"Shinn Enterprise", "Message":"$STATION_docking_granted;", "Message_Localised":"Docking request granted.", "Channel":"npc" }
{ "timestamp":"2017-06-18T22:56:56Z", "event":"DockingGranted", "LandingPad":38, "StationName":"Shinn Enterprise" }
{ "timestamp":"2017-06-18T22:57:01Z", "event":"ReceiveText", "From":"Shinn Enterprise", "Message":"$STATION_NoFireZone_entered;", "Message_Localised":"No fire zone entered.", "Channel":"npc" }
{ "timestamp":"2017-06-18T22:57:37Z", "event":"Docked", "StationName":"Shinn Enterprise", "StationType":"Coriolis", "StarSystem":"HIP 20485", "StationFaction":"United HIP 20485 Nationalists", "StationGovernment":"$government_Dictatorship;", "StationGovernment_Localised":"Dictatorship", "StationEconomy":"$economy_Industrial;", "StationEconomy_Localised":"Industrial", "DistFromStarLS":26.574389 }
{ "timestamp":"2017-06-18T22:58:11Z", "event":"ShipyardTransfer", "ShipType":"FerDeLance", "ShipID":21, "System":"Qa'wakana", "Distance":208.129791, "TransferPrice":1074729 }
{ "timestamp":"2017-06-18T22:59:02Z", "event":"ShipyardTransfer", "ShipType":"Asp", "ShipID":13, "System":"LHS 547", "Distance":155.812073, "TransferPrice":166721 }
{ "timestamp":"2017-06-18T22:59:12Z", "event":"ShipyardTransfer", "ShipType":"Vulture", "ShipID":15, "System":"Leesti", "Distance":246.913773, "TransferPrice":271499 }
{ "timestamp":"2017-06-18T22:59:21Z", "event":"SellExplorationData", "Systems":[ "Hyades Sector AV-Y c13", "Hyades Sector AV-Y c16", "Pleiades Sector AR-L b8-2", "Arietis Sector CA-Z b3", "Arietis Sector HG-X b1-3" ], "Discovered":[  ], "BaseValue":41444, "Bonus":0 }
{ "timestamp":"2017-06-18T23:04:31Z", "event":"ModuleSellRemote", "StorageSlot":46, "SellItem":"$int_powerdistributor_size7_class1_name;", "SellItem_Localised":"Power Distributor", "ServerId":128064208, "SellPrice":249137, "Ship":"python", "ShipID":16 }
{ "timestamp":"2017-06-18T23:04:39Z", "event":"ModuleSellRemote", "StorageSlot":4, "SellItem":"$int_shieldgenerator_size6_class4_name;", "SellItem_Localised":"Shield Generator", "ServerId":128064286, "SellPrice":5393177, "Ship":"python", "ShipID":16 }
{ "timestamp":"2017-06-18T23:04:47Z", "event":"ModuleSellRemote", "StorageSlot":37, "SellItem":"$int_passengercabin_size6_class3_name;", "SellItem_Localised":"FC Passenger Cabin", "ServerId":128727928, "SellPrice":552698, "Ship":"python", "ShipID":16 }
{ "timestamp":"2017-06-18T23:04:52Z", "event":"ModuleSellRemote", "StorageSlot":8, "SellItem":"$int_passengercabin_size6_class3_name;", "SellItem_Localised":"FC Passenger Cabin", "ServerId":128727928, "SellPrice":552698, "Ship":"python", "ShipID":16 }
{ "timestamp":"2017-06-18T23:05:08Z", "event":"ModuleSellRemote", "StorageSlot":54, "SellItem":"$int_hyperdrive_size5_class5_name;", "SellItem_Localised":"FSD", "ServerId":128064122, "SellPrice":4338361, "Ship":"python", "ShipID":16 }
{ "timestamp":"2017-06-18T23:05:17Z", "event":"ModuleSellRemote", "StorageSlot":21, "SellItem":"$int_powerplant_size5_class5_name;", "SellItem_Localised":"Power Plant", "ServerId":128064052, "SellPrice":4338361, "Ship":"python", "ShipID":16 }
{ "timestamp":"2017-06-18T23:05:28Z", "event":"ModuleSellRemote", "StorageSlot":2, "SellItem":"$int_passengercabin_size5_class2_name;", "SellItem_Localised":"BC Passenger Cabin", "ServerId":128734694, "SellPrice":92362, "Ship":"python", "ShipID":16 }
{ "timestamp":"2017-06-18T23:05:35Z", "event":"ModuleSellRemote", "StorageSlot":34, "SellItem":"$int_engine_size5_class1_name;", "SellItem_Localised":"Thrusters", "ServerId":128064083, "SellPrice":63012, "Ship":"python", "ShipID":16 }
{ "timestamp":"2017-06-18T23:05:40Z", "event":"ModuleSellRemote", "StorageSlot":25, "SellItem":"$int_hyperdrive_size5_class1_name;", "SellItem_Localised":"FSD", "ServerId":128064118, "SellPrice":63012, "Ship":"python", "ShipID":16 }
{ "timestamp":"2017-06-18T23:05:47Z", "event":"ModuleSellRemote", "StorageSlot":20, "SellItem":"$int_engine_size5_class1_name;", "SellItem_Localised":"Thrusters", "ServerId":128064083, "SellPrice":53560, "Ship":"python", "ShipID":16 }
{ "timestamp":"2017-06-18T23:05:55Z", "event":"ModuleSellRemote", "StorageSlot":47, "SellItem":"$int_powerplant_size4_class5_name;", "SellItem_Localised":"Power Plant", "ServerId":128064047, "SellPrice":1610080, "Ship":"python", "ShipID":16 }
{ "timestamp":"2017-06-18T23:06:01Z", "event":"ModuleSellRemote", "StorageSlot":32, "SellItem":"$int_fuelscoop_size3_class5_name;", "SellItem_Localised":"Fuel Scoop", "ServerId":128666678, "SellPrice":902954, "Ship":"python", "ShipID":16 }
{ "timestamp":"2017-06-18T23:06:08Z", "event":"ModuleSellRemote", "StorageSlot":7, "SellItem":"$int_powerplant_size3_class5_name;", "SellItem_Localised":"Power Plant", "ServerId":128064042, "SellPrice":507912, "Ship":"python", "ShipID":16 }
{ "timestamp":"2017-06-18T23:15:17Z", "event":"ModuleStore", "Slot":"Slot04_Size5", "StoredItem":"$int_fuelscoop_size5_class5_name;", "StoredItem_Localised":"Fuel Scoop", "Ship":"python", "ShipID":16 }
