{ "timestamp":"2017-05-01T15:08:13Z", "event":"Fileheader", "part":1, "language":"English\\UK", "gameversion":"2.3.02", "build":"r143095/r0 " }
{ "timestamp":"2017-05-01T15:08:56Z", "event":"Cargo", "Inventory":[  ] }
{ "timestamp":"2017-05-01T15:08:56Z", "event":"Loadout", "Ship":"FerDeLance", "ShipID":21, "ShipName":"sepia", "ShipIdent":"BL-30F", "Modules":[ { "Slot":"HugeHardpoint1", "Item":"Hpt_BeamLaser_Gimbal_Huge", "On":true, "Priority":0, "Health":1.000000, "Value":7434236, "EngineerBlueprint":"Weapon_Efficient", "EngineerLevel":2 }, { "Slot":"MediumHardpoint1", "Item":"Hpt_MultiCannon_Gimbal_Medium", "On":true, "Priority":0, "AmmoInClip":90, "AmmoInHopper":2100, "Health":1.000000, "Value":57000, "EngineerBlueprint":"Weapon_Efficient", "EngineerLevel":1 }, { "Slot":"MediumHardpoint2", "Item":"Hpt_MultiCannon_Gimbal_Medium", "On":true, "Priority":0, "AmmoInClip":90, "AmmoInHopper":2100, "Health":1.000000, "Value":57000, "EngineerBlueprint":"Weapon_Efficient", "EngineerLevel":2 }, { "Slot":"MediumHardpoint3", "Item":"Hpt_MultiCannon_Gimbal_Medium", "On":true, "Priority":0, "AmmoInClip":86, "AmmoInHopper":2100, "Health":1.000000, "Value":48450, "EngineerBlueprint":"Weapon_Overcharged", "EngineerLevel":1 }, { "Slot":"MediumHardpoint4", "Item":"Hpt_MultiCannon_Gimbal_Medium", "On":true, "Priority":0, "AmmoInClip":87, "AmmoInHopper":2100, "Health":1.000000, "Value":48450, "EngineerBlueprint":"Weapon_Overcharged", "EngineerLevel":1 }, { "Slot":"TinyHardpoint1", "Item":"Hpt_ShieldBooster_Size0_Class5", "On":true, "Priority":0, "Health":1.000000, "Value":238850, "EngineerBlueprint":"ShieldBooster_Resistive", "EngineerLevel":1 }, { "Slot":"TinyHardpoint2", "Item":"Hpt_ShieldBooster_Size0_Class5", "On":true, "Priority":0, "Health":1.000000, "Value":238850, "EngineerBlueprint":"ShieldBooster_Resistive", "EngineerLevel":1 }, { "Slot":"TinyHardpoint3", "Item":"Hpt_ShieldBooster_Size0_Class5", "On":true, "Priority":0, "Health":1.000000, "Value":238850, "EngineerBlueprint":"ShieldBooster_Resistive", "EngineerLevel":1 }, { "Slot":"TinyHardpoint4", "Item":"Hpt_HeatSinkLauncher_Turret_Tiny", "On":true, "Priority":0, "AmmoInClip":1, "AmmoInHopper":2, "Health":1.000000, "Value":3500 }, { "Slot":"TinyHardpoint5", "Item":"Hpt_ChaffLauncher_Tiny", "On":true, "Priority":0, "AmmoInClip":1, "AmmoInHopper":10, "Health":1.000000, "Value":7225 }, { "Slot":"TinyHardpoint6", "Item":"Hpt_ChaffLauncher_Tiny", "On":true, "Priority":0, "AmmoInClip":1, "AmmoInHopper":10, "Health":1.000000, "Value":7225 }, { "Slot":"Armour", "Item":"FerDeLance_Armour_Grade1", "On":true, "Priority":1, "Health":1.000000, "Value":0 }, { "Slot":"PaintJob", "Item":"PaintJob_FerDeLance_BlackFriday_01", "On":true, "Priority":1, "Health":1.000000, "Value":0 }, { "Slot":"PowerPlant", "Item":"Int_Powerplant_Size6_Class5", "On":true, "Priority":1, "Health":1.000000, "Value":13752602, "EngineerBlueprint":"PowerPlant_Stealth", "EngineerLevel":1 }, { "Slot":"MainEngines", "Item":"Int_Engine_Size5_Class5", "On":true, "Priority":0, "Health":1.000000, "Value":4338361, "EngineerBlueprint":"Engine_Tuned", "EngineerLevel":1 }, { "Slot":"FrameShiftDrive", "Item":"Int_Hyperdrive_Size4_Class5", "On":true, "Priority":0, "Health":1.000000, "Value":1368568, "EngineerBlueprint":"FSD_LongRange", "EngineerLevel":3 }, { "Slot":"LifeSupport", "Item":"Int_LifeSupport_Size4_Class2", "On":true, "Priority":0, "Health":1.000000, "Value":24118 }, { "Slot":"PowerDistributor", "Item":"Int_PowerDistributor_Size6_Class5", "On":true, "Priority":0, "Health":1.000000, "Value":2954335 }, { "Slot":"Radar", "Item":"Int_Sensors_Size4_Class5", "On":true, "Priority":0, "Health":1.000000, "Value":376829, "EngineerBlueprint":"Sensor_Sensor_LightWeight", "EngineerLevel":2 }, { "Slot":"FuelTank", "Item":"Int_FuelTank_Size3_Class3", "On":true, "Priority":1, "Health":1.000000, "Value":6003 }, { "Slot":"Slot01_Size5", "Item":"Int_ShieldGenerator_Size5_Class5", "On":true, "Priority":0, "Health":1.000000, "Value":4338361 }, { "Slot":"Slot02_Size4", "Item":"Int_FuelScoop_Size4_Class5", "On":true, "Priority":0, "Health":1.000000, "Value":2862364 }, { "Slot":"Slot03_Size4", "Item":"Int_ModuleReinforcement_Size4_Class2", "On":true, "Priority":1, "Health":1.000000, "Value":165750 }, { "Slot":"Slot04_Size2", "Item":"Int_FuelTank_Size2_Class3", "On":true, "Priority":1, "Health":1.000000, "Value":3750 }, { "Slot":"Slot05_Size1", "Item":"Int_StellarBodyDiscoveryScanner_Advanced", "On":true, "Priority":1, "Health":1.000000, "Value":1313250 }, { "Slot":"PlanetaryApproachSuite", "Item":"Int_PlanetApproachSuite", "On":true, "Priority":1, "Health":1.000000, "Value":425 }, { "Slot":"ShipCockpit", "Item":"FerDeLance_Cockpit", "On":true, "Priority":1, "Health":1.000000, "Value":0 }, { "Slot":"CargoHatch", "Item":"ModularCargoBayDoorFDL", "On":true, "Priority":2, "Health":1.000000, "Value":0 } ] }
{ "timestamp":"2017-05-01T15:08:56Z", "event":"Materials", "Raw":[ { "Name":"chromium", "Count":34 }, { "Name":"iron", "Count":50 }, { "Name":"carbon", "Count":2 }, { "Name":"nickel", "Count":14 }, { "Name":"zinc", "Count":18 }, { "Name":"cadmium", "Count":1 }, { "Name":"phosphorus", "Count":19 }, { "Name":"germanium", "Count":14 }, { "Name":"manganese", "Count":21 }, { "Name":"yttrium", "Count":3 }, { "Name":"molybdenum", "Count":6 } ], "Manufactured":[ { "Name":"chemicalprocessors", "Count":11 }, { "Name":"salvagedalloys", "Count":9 }, { "Name":"shieldemitters", "Count":3 }, { "Name":"compoundshielding", "Count":21 }, { "Name":"refinedfocuscrystals", "Count":41 }, { "Name":"shieldingsensors", "Count":8 }, { "Name":"focuscrystals", "Count":9 }, { "Name":"fedproprietarycomposites", "Count":6 }, { "Name":"protolightalloys", "Count":13 }, { "Name":"galvanisingalloys", "Count":11 }, { "Name":"precipitatedalloys", "Count":3 }, { "Name":"heatconductionwiring", "Count":9 }, { "Name":"phasealloys", "Count":1 }, { "Name":"wornshieldemitters", "Count":15 }, { "Name":"heatvanes", "Count":1 }, { "Name":"configurablecomponents", "Count":9 }, { "Name":"conductivepolymers", "Count":9 }, { "Name":"chemicalmanipulators", "Count":1 }, { "Name":"fedcorecomposites", "Count":2 }, { "Name":"biotechconductors", "Count":2 }, { "Name":"protoheatradiators", "Count":9 }, { "Name":"crystalshards", "Count":3 }, { "Name":"heatresistantceramics", "Count":1 }, { "Name":"protoradiolicalloys", "Count":4 }, { "Name":"gridresistors", "Count":3 }, { "Name":"basicconductors", "Count":1 }, { "Name":"exquisitefocuscrystals", "Count":1 }, { "Name":"mechanicalscrap", "Count":1 } ], "Encoded":[ { "Name":"emissiondata", "Count":35 }, { "Name":"shieldsoakanalysis", "Count":55 }, { "Name":"shieldcyclerecordings", "Count":46 }, { "Name":"decodedemissiondata", "Count":68 }, { "Name":"classifiedscandata", "Count":3 }, { "Name":"encodedscandata", "Count":2 }, { "Name":"shielddensityreports", "Count":65 }, { "Name":"scanarchives", "Count":11 }, { "Name":"securityfirmware", "Count":3 }, { "Name":"bulkscandata", "Count":61 }, { "Name":"shieldpatternanalysis", "Count":40 }, { "Name":"scandatabanks", "Count":12 }, { "Name":"fsdtelemetry", "Count":20 }, { "Name":"encryptedfiles", "Count":3 }, { "Name":"archivedemissiondata", "Count":6 }, { "Name":"scrambledemissiondata", "Count":4 }, { "Name":"wakesolutions", "Count":6 }, { "Name":"hyperspacetrajectories", "Count":13 }, { "Name":"industrialfirmware", "Count":1 }, { "Name":"shieldfrequencydata", "Count":3 }, { "Name":"compactemissionsdata", "Count":3 }, { "Name":"disruptedwakeechoes", "Count":36 }, { "Name":"dataminedwake", "Count":4 } ] }
{ "timestamp":"2017-05-01T15:08:56Z", "event":"LoadGame", "Commander":"Blantyre", "Ship":"FerDeLance", "ShipID":21, "ShipName":"sepia", "ShipIdent":"BL-30F", "FuelLevel":12.000000, "FuelCapacity":12.000000, "GameMode":"Solo", "Credits":7496381, "Loan":0 }
{ "timestamp":"2017-05-01T15:08:56Z", "event":"Rank", "Combat":4, "Trade":6, "Explore":6, "Empire":2, "Federation":7, "CQC":0 }
{ "timestamp":"2017-05-01T15:08:56Z", "event":"Progress", "Combat":55, "Trade":6, "Explore":31, "Empire":60, "Federation":16, "CQC":0 }
{ "timestamp":"2017-05-01T15:09:08Z", "event":"Location", "Docked":true, "StationName":"Avdeyev Settlement", "StationType":"Coriolis", "StarSystem":"Cartoq", "StarPos":[45.625,39.438,60.469], "SystemAllegiance":"Federation", "SystemEconomy":"$economy_Military;", "SystemEconomy_Localised":"Military", "SystemGovernment":"$government_Corporate;", "SystemGovernment_Localised":"Corporate", "SystemSecurity":"$SYSTEM_SECURITY_medium;", "SystemSecurity_Localised":"Medium Security", "Body":"Avdeyev Settlement", "BodyType":"Station", "Factions":[ { "Name":"Values Party of Cartoq", "FactionState":"Outbreak", "Government":"Democracy", "Influence":0.088734, "Allegiance":"Federation" }, { "Name":"Gaohikel for Equality", "FactionState":"Boom", "Government":"Democracy", "Influence":0.192423, "Allegiance":"Federation" }, { "Name":"Independents of Yuqui", "FactionState":"CivilUnrest", "Government":"Democracy", "Influence":0.088734, "Allegiance":"Federation" }, { "Name":"Cartoq Purple Major Organisation", "FactionState":"Boom", "Government":"Corporate", "Influence":0.437687, "Allegiance":"Federation" }, { "Name":"Cartoq Gold Drug Empire", "FactionState":"Boom", "Government":"Anarchy", "Influence":0.009970, "Allegiance":"Independent" }, { "Name":"Freedom Party of Cartoq", "FactionState":"Boom", "Government":"Dictatorship", "Influence":0.050847, "Allegiance":"Independent" }, { "Name":"Esumindii for Equality", "FactionState":"Boom", "Government":"Democracy", "Influence":0.131605, "Allegiance":"Federation" } ], "SystemFaction":"Cartoq Purple Major Organisation", "FactionState":"Boom" }
{ "timestamp":"2017-05-01T15:09:09Z", "event":"Docked", "StationName":"Avdeyev Settlement", "StationType":"Coriolis", "StarSystem":"Cartoq", "StationFaction":"Cartoq Purple Major Organisation", "FactionState":"Boom", "StationGovernment":"$government_Corporate;", "StationGovernment_Localised":"Corporate", "StationAllegiance":"Federation", "StationEconomy":"$economy_Refinery;", "StationEconomy_Localised":"Refinery", "DistFromStarLS":2885.071045 }
{ "timestamp":"2017-05-01T15:09:32Z", "event":"Undocked", "StationName":"Avdeyev Settlement", "StationType":"Coriolis" }
{ "timestamp":"2017-05-01T15:09:52Z", "event":"ReceiveText", "From":"Avdeyev Settlement", "Message":"$STATION_NoFireZone_exited;", "Message_Localised":"No fire zone left.", "Channel":"npc" }
{ "timestamp":"2017-05-01T15:09:59Z", "event":"ReceiveText", "From":"Avdeyev Settlement", "Message":"$STATION_NoFireZone_entered;", "Message_Localised":"No fire zone entered.", "Channel":"npc" }
{ "timestamp":"2017-05-01T15:10:01Z", "event":"ReceiveText", "From":"Avdeyev Settlement", "Message":"$STATION_NoFireZone_exited;", "Message_Localised":"No fire zone left.", "Channel":"npc" }
{ "timestamp":"2017-05-01T15:10:42Z", "event":"StartJump", "JumpType":"Supercruise" }
{ "timestamp":"2017-05-01T15:10:47Z", "event":"SupercruiseEntry", "StarSystem":"Cartoq" }
{ "timestamp":"2017-05-01T15:13:14Z", "event":"SupercruiseExit", "StarSystem":"Cartoq", "Body":"Cartoq 2 B Ring", "BodyType":"PlanetaryRing" }
{ "timestamp":"2017-05-01T15:13:36Z", "event":"ReceiveText", "From":"$npc_name_decorate:#name=Zach Forsyth;", "From_Localised":"Zach Forsyth", "Message":"$Pirate_OnStartScanCargo06;", "Message_Localised":"Let's see what you are carrying.", "Channel":"npc" }
{ "timestamp":"2017-05-01T15:13:58Z", "event":"ReceiveText", "From":"$npc_name_decorate:#name=Zach Forsyth;", "From_Localised":"Zach Forsyth", "Message":"$Pirate_OnDeclarePiracyAttack05;", "Message_Localised":"You have no chance now.", "Channel":"npc" }
{ "timestamp":"2017-05-01T15:13:58Z", "event":"ReceiveText", "From":"$npc_name_decorate:#name=Krackenhead;", "From_Localised":"Krackenhead", "Message":"$Escort_AttackDutyStart04;", "Message_Localised":"We got reds on the radar, breaking formation.", "Channel":"npc" }
{ "timestamp":"2017-05-01T15:14:10Z", "event":"ReceiveText", "From":"$npc_name_decorate:#name=Robert Owen;", "From_Localised":"Robert Owen", "Message":"$Escort_AttackRun03;", "Message_Localised":"Target in my heads up, locking on.", "Channel":"npc" }
{ "timestamp":"2017-05-01T15:14:29Z", "event":"ReceiveText", "From":"$npc_name_decorate:#name=Zach Forsyth;", "From_Localised":"Zach Forsyth", "Message":"$Pirate_NiggledByNewShip03;", "Message_Localised":"So you have chosen that this day will be your last.", "Channel":"npc" }
{ "timestamp":"2017-05-01T15:14:33Z", "event":"ReceiveText", "From":"$npc_name_decorate:#name=Shield of Justice;", "From_Localised":"Shield of Justice", "Message":"$PowersPirate_OnStartScanCargo01;", "Message_Localised":"I'm looking for... donations.", "Channel":"npc" }
{ "timestamp":"2017-05-01T15:14:43Z", "event":"Scanned", "ScanType":"Cargo" }
{ "timestamp":"2017-05-01T15:14:43Z", "event":"ReceiveText", "From":"$npc_name_decorate:#name=Shield of Justice;", "From_Localised":"Shield of Justice", "Message":"$Generic_NoAttackGeneric01;", "Message_Localised":"I don't got a problem with you, you have nothing I want.", "Channel":"npc" }
{ "timestamp":"2017-05-01T15:14:46Z", "event":"Scanned", "ScanType":"Cargo" }
{ "timestamp":"2017-05-01T15:14:46Z", "event":"ReceiveText", "From":"$npc_name_decorate:#name=Alliance Enforcer;", "From_Localised":"Alliance Enforcer", "Message":"$Generic_NoAttackGeneric04;", "Message_Localised":"Damn! You're useless to me! They said this sector was rich pickings, what gives?", "Channel":"npc" }
{ "timestamp":"2017-05-01T15:14:54Z", "event":"ReceiveText", "From":"$ShipName_Police_Federation;", "From_Localised":"Federal Security Service", "Message":"$Police_ArrivedAtInvestigationLocation01;", "Message_Localised":"All citizens must submit to authority scans. Do not attempt to flee!", "Channel":"npc" }
{ "timestamp":"2017-05-01T15:14:56Z", "event":"Bounty", "Rewards":[ { "Faction":"Cartoq Purple Major Organisation", "Reward":73390 } ], "Target":"vulture", "TotalReward":73390, "VictimFaction":"Esumindii for Equality" }
{ "timestamp":"2017-05-01T15:15:11Z", "event":"ReceiveText", "From":"$ShipName_Police_Federation;", "From_Localised":"Federal Security Service", "Message":"$Police_ArriveInvestigate04;", "Message_Localised":"Emergency response squad in position.", "Channel":"npc" }
{ "timestamp":"2017-05-01T15:15:12Z", "event":"ReceiveText", "From":"$ShipName_Police_Federation;", "From_Localised":"Federal Security Service", "Message":"$Police_ArrivedAtInvestigationLocation04;", "Message_Localised":"Rapid deployment unit deployed. Initiating scans of all ships in the area.", "Channel":"npc" }
{ "timestamp":"2017-05-01T15:15:14Z", "event":"ReceiveText", "From":"$npc_name_decorate:#name=Krackenhead;", "From_Localised":"Krackenhead", "Message":"$BadKarmaCriticalDamage01;", "Message_Localised":"How is this happening?!", "Channel":"npc" }
{ "timestamp":"2017-05-01T15:15:25Z", "event":"Bounty", "Rewards":[ { "Faction":"Cartoq Purple Major Organisation", "Reward":25225 } ], "Target":"diamondback", "TotalReward":25225, "VictimFaction":"Esumindii for Equality" }
{ "timestamp":"2017-05-01T15:15:26Z", "event":"Scanned", "ScanType":"Cargo" }
{ "timestamp":"2017-05-01T15:15:27Z", "event":"ReceiveText", "From":"$npc_name_decorate:#name=Alliance Enforcer;", "From_Localised":"Alliance Enforcer", "Message":"$Generic_NoAttackGeneric01;", "Message_Localised":"I don't got a problem with you, you have nothing I want.", "Channel":"npc" }
{ "timestamp":"2017-05-01T15:15:57Z", "event":"ReceiveText", "From":"$npc_name_decorate:#name=Robert Owen;", "From_Localised":"Robert Owen", "Message":"$BadKarmaCriticalDamage08;", "Message_Localised":"I've taken too many hits.", "Channel":"npc" }
{ "timestamp":"2017-05-01T15:16:06Z", "event":"Bounty", "Rewards":[ { "Faction":"Cartoq Purple Major Organisation", "Reward":800 }, { "Faction":"Federation", "Reward":25065 } ], "Target":"diamondback", "TotalReward":25865, "VictimFaction":"Esumindii for Equality" }
{ "timestamp":"2017-05-01T15:16:06Z", "event":"ReceiveText", "From":"$ShipName_Police_Federation;", "From_Localised":"Federal Security Service", "Message":"$Police_FinishedAtInvestigationLocation02;", "Message_Localised":"Investigation is complete, you may be on your way.", "Channel":"npc" }
{ "timestamp":"2017-05-01T15:16:19Z", "event":"ReceiveText", "From":"$ShipName_Police_Federation;", "From_Localised":"Federal Security Service", "Message":"$Police_FinishedAtInvestigationLocation06;", "Message_Localised":"Rapid criminal investigation scans are finished. Please continue about your business.", "Channel":"npc" }
{ "timestamp":"2017-05-01T15:16:25Z", "event":"ReceiveText", "From":"$npc_name_decorate:#name=von Hirsch;", "From_Localised":"von Hirsch", "Message":"$Pirate_OnStartScanCargo04;", "Message_Localised":"What do you carry, I wonder?", "Channel":"npc" }
{ "timestamp":"2017-05-01T15:16:28Z", "event":"ReceiveText", "From":"$npc_name_decorate:#name=von Hirsch;", "From_Localised":"von Hirsch", "Message":"$Pirate_OnDeclarePiracyAttack02;", "Message_Localised":"You choose death then. Very well.", "Channel":"npc" }
{ "timestamp":"2017-05-01T15:17:01Z", "event":"ReceiveText", "From":"$npc_name_decorate:#name=von Hirsch;", "From_Localised":"von Hirsch", "Message":"$BadKarmaCriticalDamage07;", "Message_Localised":"Too much damage!", "Channel":"npc" }
{ "timestamp":"2017-05-01T15:17:15Z", "event":"Bounty", "Rewards":[ { "Faction":"Cartoq Purple Major Organisation", "Reward":800 }, { "Faction":"Federation", "Reward":66885 } ], "Target":"federation_dropship_mkii", "TotalReward":67685, "VictimFaction":"Cartoq Gold Drug Empire" }
{ "timestamp":"2017-05-01T15:17:24Z", "event":"ReceiveText", "From":"$npc_name_decorate:#name=Domesday;", "From_Localised":"Domesday", "Message":"$Pirate_OnStartScanCargo11;", "Message_Localised":"I hope you have something good in your hold.", "Channel":"npc" }
{ "timestamp":"2017-05-01T15:18:12Z", "event":"ShieldState", "ShieldsUp":false }
{ "timestamp":"2017-05-01T15:18:13Z", "event":"HullDamage", "Health":0.787967, "PlayerPilot":true, "Fighter":false }
{ "timestamp":"2017-05-01T15:18:15Z", "event":"HullDamage", "Health":0.587396, "PlayerPilot":true, "Fighter":false }
{ "timestamp":"2017-05-01T15:18:20Z", "event":"ReceiveText", "From":"$npc_name_decorate:#name=Domesday;", "From_Localised":"Domesday", "Message":"$BadKarmaCriticalDamage06;", "Message_Localised":"I hadn't expected this.", "Channel":"npc" }
{ "timestamp":"2017-05-01T15:19:59Z", "event":"StartJump", "JumpType":"Supercruise" }
{ "timestamp":"2017-05-01T15:20:04Z", "event":"SupercruiseEntry", "StarSystem":"Cartoq" }
{ "timestamp":"2017-05-01T15:20:42Z", "event":"ReceiveText", "From":"$ShipName_PassengerLiner_Cruise;", "From_Localised":"Cruise Ship", "Message":"$CruiseLiner_SCPatrol05;", "Message_Localised":"This is your captain. Due to some unforeseen delays, we will be arriving at our next destination later than scheduled.", "Channel":"npc" }
{ "timestamp":"2017-05-01T15:21:30Z", "event":"ReceiveText", "From":"$ShipName_PassengerLiner_Cruise;", "From_Localised":"Cruise Ship", "Message":"$CruiseLiner_SCPatrol05;", "Message_Localised":"This is your captain. Due to some unforeseen delays, we will be arriving at our next destination later than scheduled.", "Channel":"npc" }
{ "timestamp":"2017-05-01T15:22:34Z", "event":"ReceiveText", "From":"$ShipName_PassengerLiner_Wedding;", "From_Localised":"Wedding Barge", "Message":"$ConvoyWedding_Patrol02;", "Message_Localised":"Three cheers for the happy couple!", "Channel":"npc" }
{ "timestamp":"2017-05-01T15:23:44Z", "event":"SupercruiseExit", "StarSystem":"Cartoq", "Body":"Avdeyev Settlement", "BodyType":"Station" }
{ "timestamp":"2017-05-01T15:23:52Z", "event":"DockingRequested", "StationName":"Avdeyev Settlement" }
{ "timestamp":"2017-05-01T15:23:52Z", "event":"ReceiveText", "From":"Avdeyev Settlement", "Message":"$DockingChatter_Friendly;", "Message_Localised":"It's great to see you again, Commander.", "Channel":"npc" }
{ "timestamp":"2017-05-01T15:23:54Z", "event":"ReceiveText", "From":"Avdeyev Settlement", "Message":"$STATION_docking_granted;", "Message_Localised":"Docking request granted.", "Channel":"npc" }
{ "timestamp":"2017-05-01T15:23:54Z", "event":"DockingGranted", "LandingPad":3, "StationName":"Avdeyev Settlement" }
{ "timestamp":"2017-05-01T15:24:01Z", "event":"ReceiveText", "From":"Avdeyev Settlement", "Message":"$STATION_NoFireZone_entered;", "Message_Localised":"No fire zone entered.", "Channel":"npc" }
{ "timestamp":"2017-05-01T15:25:12Z", "event":"Docked", "StationName":"Avdeyev Settlement", "StationType":"Coriolis", "StarSystem":"Cartoq", "StationFaction":"Cartoq Purple Major Organisation", "FactionState":"Boom", "StationGovernment":"$government_Corporate;", "StationGovernment_Localised":"Corporate", "StationAllegiance":"Federation", "StationEconomy":"$economy_Refinery;", "StationEconomy_Localised":"Refinery", "DistFromStarLS":2885.075928 }
{ "timestamp":"2017-05-01T15:26:08Z", "event":"RedeemVoucher", "Type":"bounty", "Amount":192165, "Factions":[ { "Faction":"Federation", "Amount":91950 }, { "Faction":"Cartoq Purple Major Organisation", "Amount":100215 } ] }
{ "timestamp":"2017-05-01T15:47:33Z", "event":"ReceiveText", "From":"$npc_name_decorate:#name=Ian Ellis;", "From_Localised":"Ian Ellis", "Message":"$Smuggler_NearDeath01;", "Message_Localised":"Okay, okay, the cargo's all yours... This job isn't worth my life.", "Channel":"npc" }
{ "timestamp":"2017-05-01T15:52:19Z", "event":"ShipyardTransfer", "ShipType":"Asp", "ShipID":13, "System":"LTT 17422", "Distance":172.271255, "TransferPrice":156069 }
{ "timestamp":"2017-05-01T16:00:15Z", "event":"RepairAll", "Cost":24248 }
{ "timestamp":"2017-05-01T16:00:16Z", "event":"RefuelAll", "Cost":25, "Amount":0.487533 }
{ "timestamp":"2017-05-01T16:00:17Z", "event":"BuyAmmo", "Cost":3854 }
{ "timestamp":"2017-05-01T16:06:49Z", "event":"ReceiveText", "From":"$npc_name_decorate:#name=Qaranc;", "From_Localised":"Qaranc", "Message":"$Commuter_AuthorityScan05;", "Message_Localised":"On what grounds are you scanning this vessel, officer?", "Channel":"npc" }
{ "timestamp":"2017-05-01T16:16:11Z", "event":"Undocked", "StationName":"Avdeyev Settlement", "StationType":"Coriolis" }
{ "timestamp":"2017-05-01T16:16:39Z", "event":"ReceiveText", "From":"Avdeyev Settlement", "Message":"$STATION_NoFireZone_exited;", "Message_Localised":"No fire zone left.", "Channel":"npc" }
{ "timestamp":"2017-05-01T16:17:23Z", "event":"StartJump", "JumpType":"Supercruise" }
{ "timestamp":"2017-05-01T16:17:28Z", "event":"SupercruiseEntry", "StarSystem":"Cartoq" }
{ "timestamp":"2017-05-01T16:18:09Z", "event":"ReceiveText", "From":"$ShipName_PassengerLiner_Cruise;", "From_Localised":"Cruise Ship", "Message":"$CruiseLiner_SCPatrol01;", "Message_Localised":"And don't forget, this Liner is in the top 1% of all Liners out there.", "Channel":"npc" }
{ "timestamp":"2017-05-01T16:18:39Z", "event":"ReceiveText", "From":"$ShipName_PassengerLiner_Cruise;", "From_Localised":"Cruise Ship", "Message":"$CruiseLiner_SCPatrol01;", "Message_Localised":"And don't forget, this Liner is in the top 1% of all Liners out there.", "Channel":"npc" }
{ "timestamp":"2017-05-01T16:19:15Z", "event":"ReceiveText", "From":"$ShipName_PassengerLiner_Cruise;", "From_Localised":"Cruise Ship", "Message":"$CruiseLiner_SCPatrol05;", "Message_Localised":"This is your captain. Due to some unforeseen delays, we will be arriving at our next destination later than scheduled.", "Channel":"npc" }
{ "timestamp":"2017-05-01T16:21:07Z", "event":"SupercruiseExit", "StarSystem":"Cartoq", "Body":"Cartoq 2 B Ring", "BodyType":"PlanetaryRing" }
{ "timestamp":"2017-05-01T16:21:31Z", "event":"ReceiveText", "From":"$npc_name_decorate:#name=Keum-soon Yoon;", "From_Localised":"Keum-soon Yoon", "Message":"$Pirate_OnDeclarePiracyAttack02;", "Message_Localised":"You choose death then. Very well.", "Channel":"npc" }
{ "timestamp":"2017-05-01T16:22:11Z", "event":"ReceiveText", "From":"$npc_name_decorate:#name=Nickolaus Black;", "From_Localised":"Nickolaus Black", "Message":"$Pirate_OnStartScanCargo11;", "Message_Localised":"I hope you have something good in your hold.", "Channel":"npc" }
{ "timestamp":"2017-05-01T16:22:21Z", "event":"ReceiveText", "From":"$npc_name_decorate:#name=Nickolaus Black;", "From_Localised":"Nickolaus Black", "Message":"$Pirate_OnNoCargoFound02;", "Message_Localised":"Bah, nothing.", "Channel":"npc" }
{ "timestamp":"2017-05-01T16:22:21Z", "event":"Scanned", "ScanType":"Cargo" }
{ "timestamp":"2017-05-01T16:22:37Z", "event":"ReceiveText", "From":"$ShipName_Police_Federation;", "From_Localised":"Federal Security Service", "Message":"$Police_ArriveInvestigate01;", "Message_Localised":"Investigating reports of crime.", "Channel":"npc" }
{ "timestamp":"2017-05-01T16:22:37Z", "event":"ReceiveText", "From":"$ShipName_Police_Federation;", "From_Localised":"Federal Security Service", "Message":"$Police_ArrivedAtInvestigationLocation02;", "Message_Localised":"Cease and desist! Submit to authority scans immediately!", "Channel":"npc" }
{ "timestamp":"2017-05-01T16:22:43Z", "event":"Bounty", "Rewards":[ { "Faction":"Cartoq Purple Major Organisation", "Reward":72760 } ], "Target":"empire_trader", "TotalReward":72760, "VictimFaction":"Cartoq Gold Drug Empire" }
{ "timestamp":"2017-05-01T16:23:15Z", "event":"ReceiveText", "From":"$npc_name_decorate:#name=Nickolaus Black;", "From_Localised":"Nickolaus Black", "Message":"$BadKarmaCriticalDamage04;", "Message_Localised":"I don't believe it!", "Channel":"npc" }
{ "timestamp":"2017-05-01T16:23:29Z", "event":"Bounty", "Rewards":[ { "Faction":"Cartoq Purple Major Organisation", "Reward":400 }, { "Faction":"Federation", "Reward":23414 } ], "Target":"cobramkiii", "TotalReward":23814, "VictimFaction":"Cartoq Gold Drug Empire" }
{ "timestamp":"2017-05-01T16:23:50Z", "event":"Scanned", "ScanType":"Cargo" }
{ "timestamp":"2017-05-01T16:23:50Z", "event":"ReceiveText", "From":"$ShipName_Police_Federation;", "From_Localised":"Federal Security Service", "Message":"$Police_ThankYouPassedStopAndSearch01;", "Message_Localised":"Thank you for your cooperation, Commander.", "Channel":"npc" }
{ "timestamp":"2017-05-01T16:24:37Z", "event":"ReceiveText", "From":"$npc_name_decorate:#name=Halide;", "From_Localised":"Halide", "Message":"$Pirate_OnStartScanCargo09;", "Message_Localised":"The scan will soon be over.", "Channel":"npc" }
{ "timestamp":"2017-05-01T16:24:58Z", "event":"ReceiveText", "From":"$npc_name_decorate:#name=Fuhrmann;", "From_Localised":"Fuhrmann", "Message":"$BadKarmaCriticalDamage09;", "Message_Localised":"I can see when I'm outmatched.", "Channel":"npc" }
{ "timestamp":"2017-05-01T16:24:59Z", "event":"ReceiveText", "From":"$npc_name_decorate:#name=Roy Tan;", "From_Localised":"Roy Tan", "Message":"$Pirate_OnStartScanCargo08;", "Message_Localised":"What do you have in your cargo hold?", "Channel":"npc" }
{ "timestamp":"2017-05-01T16:25:06Z", "event":"HullDamage", "Health":0.637881, "PlayerPilot":true, "Fighter":false }
{ "timestamp":"2017-05-01T16:25:06Z", "event":"ShieldState", "ShieldsUp":false }
{ "timestamp":"2017-05-01T16:25:14Z", "event":"ReceiveText", "From":"$npc_name_decorate:#name=Roy Tan;", "From_Localised":"Roy Tan", "Message":"$Pirate_OnStartScanCargo06;", "Message_Localised":"Let's see what you are carrying.", "Channel":"npc" }
{ "timestamp":"2017-05-01T16:25:24Z", "event":"ReceiveText", "From":"$npc_name_decorate:#name=Roy Tan;", "From_Localised":"Roy Tan", "Message":"$Pirate_OnNoCargoFound09;", "Message_Localised":"Next time you should fill your hold with gold.", "Channel":"npc" }
{ "timestamp":"2017-05-01T16:25:24Z", "event":"Scanned", "ScanType":"Cargo" }
{ "timestamp":"2017-05-01T16:25:58Z", "event":"StartJump", "JumpType":"Supercruise" }
{ "timestamp":"2017-05-01T16:26:03Z", "event":"SupercruiseEntry", "StarSystem":"Cartoq" }
{ "timestamp":"2017-05-01T16:28:29Z", "event":"ReceiveText", "From":"$ShipName_PassengerLiner_Wedding;", "From_Localised":"Wedding Barge", "Message":"$ConvoyWedding_Patrol02;", "Message_Localised":"Three cheers for the happy couple!", "Channel":"npc" }
{ "timestamp":"2017-05-01T16:28:34Z", "event":"Scan", "BodyName":"Cartoq 3", "DistanceFromArrivalLS":2885.178467, "PlanetClass":"High metal content body", "MassEM":1.047028, "Radius":6196086.500000, "SurfaceGravity":10.870075, "SemiMajorAxis":18957131776.000000, "Eccentricity":0.135454, "OrbitalInclination":-3.140889, "Periapsis":48.102512, "OrbitalPeriod":22073028.000000, "RotationPeriod":73218.929688 }
{ "timestamp":"2017-05-01T16:29:15Z", "event":"ReceiveText", "From":"$ShipName_PassengerLiner_Wedding;", "From_Localised":"Wedding Barge", "Message":"$ConvoyWedding_Patrol09;", "Message_Localised":"I don't know if I can go through with the wedding.", "Channel":"npc" }
{ "timestamp":"2017-05-01T16:29:36Z", "event":"SupercruiseExit", "StarSystem":"Cartoq", "Body":"Avdeyev Settlement", "BodyType":"Station" }
{ "timestamp":"2017-05-01T16:29:45Z", "event":"DockingRequested", "StationName":"Avdeyev Settlement" }
{ "timestamp":"2017-05-01T16:29:45Z", "event":"ReceiveText", "From":"Avdeyev Settlement", "Message":"$DockingChatter_Friendly;", "Message_Localised":"It's great to see you again, Commander.", "Channel":"npc" }
{ "timestamp":"2017-05-01T16:29:47Z", "event":"ReceiveText", "From":"Avdeyev Settlement", "Message":"$STATION_docking_granted;", "Message_Localised":"Docking request granted.", "Channel":"npc" }
{ "timestamp":"2017-05-01T16:29:47Z", "event":"DockingGranted", "LandingPad":38, "StationName":"Avdeyev Settlement" }
{ "timestamp":"2017-05-01T16:30:16Z", "event":"ReceiveText", "From":"Avdeyev Settlement", "Message":"$STATION_NoFireZone_entered;", "Message_Localised":"No fire zone entered.", "Channel":"npc" }
{ "timestamp":"2017-05-01T16:30:49Z", "event":"Docked", "StationName":"Avdeyev Settlement", "StationType":"Coriolis", "StarSystem":"Cartoq", "StationFaction":"Cartoq Purple Major Organisation", "FactionState":"Boom", "StationGovernment":"$government_Corporate;", "StationGovernment_Localised":"Corporate", "StationAllegiance":"Federation", "StationEconomy":"$economy_Refinery;", "StationEconomy_Localised":"Refinery", "DistFromStarLS":2885.139648 }
{ "timestamp":"2017-05-01T16:31:38Z", "event":"Undocked", "StationName":"Avdeyev Settlement", "StationType":"Coriolis" }
{ "timestamp":"2017-05-01T16:32:10Z", "event":"ReceiveText", "From":"Avdeyev Settlement", "Message":"$STATION_docking_requestfailnotyetclear;", "Message_Localised":"Dock request denied, please clear bay doors.", "Channel":"npc" }
{ "timestamp":"2017-05-01T16:32:15Z", "event":"DockingRequested", "StationName":"Avdeyev Settlement" }
{ "timestamp":"2017-05-01T16:32:15Z", "event":"ReceiveText", "From":"Avdeyev Settlement", "Message":"$DockingChatter_Friendly;", "Message_Localised":"It's great to see you again, Commander.", "Channel":"npc" }
{ "timestamp":"2017-05-01T16:32:16Z", "event":"ReceiveText", "From":"Avdeyev Settlement", "Message":"$STATION_docking_granted;", "Message_Localised":"Docking request granted.", "Channel":"npc" }
{ "timestamp":"2017-05-01T16:32:16Z", "event":"DockingGranted", "LandingPad":30, "StationName":"Avdeyev Settlement" }
{ "timestamp":"2017-05-01T16:33:07Z", "event":"Docked", "StationName":"Avdeyev Settlement", "StationType":"Coriolis", "StarSystem":"Cartoq", "StationFaction":"Cartoq Purple Major Organisation", "FactionState":"Boom", "StationGovernment":"$government_Corporate;", "StationGovernment_Localised":"Corporate", "StationAllegiance":"Federation", "StationEconomy":"$economy_Refinery;", "StationEconomy_Localised":"Refinery", "DistFromStarLS":2885.143311 }
{ "timestamp":"2017-05-01T16:33:17Z", "event":"RepairAll", "Cost":17873 }
{ "timestamp":"2017-05-01T16:33:17Z", "event":"BuyAmmo", "Cost":2380 }
{ "timestamp":"2017-05-01T16:33:23Z", "event":"RedeemVoucher", "Type":"bounty", "Amount":96574, "Factions":[ { "Faction":"Federation", "Amount":23414 }, { "Faction":"Cartoq Purple Major Organisation", "Amount":73160 } ] }
{ "timestamp":"2017-05-01T16:33:33Z", "event":"ShipyardSwap", "ShipType":"asp", "ShipID":13, "StoreOldShip":"FerDeLance", "StoreShipID":21 }
{ "timestamp":"2017-05-01T16:33:34Z", "event":"Cargo", "Inventory":[  ] }
{ "timestamp":"2017-05-01T16:33:34Z", "event":"Loadout", "Ship":"Asp", "ShipID":13, "ShipName":"sepia", "ShipIdent":"BL-10A", "Modules":[ { "Slot":"TinyHardpoint1", "Item":"Hpt_HeatSinkLauncher_Turret_Tiny", "On":true, "Priority":0, "AmmoInClip":1, "AmmoInHopper":2, "Health":1.000000, "Value":3500 }, { "Slot":"TinyHardpoint2", "Item":"Hpt_HeatSinkLauncher_Turret_Tiny", "On":true, "Priority":0, "AmmoInClip":1, "AmmoInHopper":2, "Health":1.000000, "Value":3500 }, { "Slot":"PaintJob", "Item":"PaintJob_Asp_BlackFriday_01", "On":true, "Priority":1, "Health":1.000000, "Value":0 }, { "Slot":"Armour", "Item":"Asp_Armour_Grade1", "On":true, "Priority":1, "Health":1.000000, "Value":0, "EngineerBlueprint":"Armour_Advanced", "EngineerLevel":1 }, { "Slot":"PowerPlant", "Item":"Int_Powerplant_Size4_Class5", "On":true, "Priority":1, "Health":1.000000, "Value":1610080 }, { "Slot":"MainEngines", "Item":"Int_Engine_Size5_Class2", "On":true, "Priority":0, "Health":1.000000, "Value":189035, "EngineerBlueprint":"Engine_Tuned", "EngineerLevel":1 }, { "Slot":"FrameShiftDrive", "Item":"Int_Hyperdrive_Size5_Class5", "On":true, "Priority":0, "Health":1.000000, "Value":4338361, "EngineerBlueprint":"FSD_LongRange", "EngineerLevel":5 }, { "Slot":"LifeSupport", "Item":"Int_LifeSupport_Size4_Class2", "On":true, "Priority":0, "Health":1.000000, "Value":28373 }, { "Slot":"PowerDistributor", "Item":"Int_PowerDistributor_Size4_Class2", "On":true, "Priority":0, "Health":1.000000, "Value":28373 }, { "Slot":"Radar", "Item":"Int_Sensors_Size5_Class2", "On":true, "Priority":0, "Health":1.000000, "Value":79444 }, { "Slot":"FuelTank", "Item":"Int_FuelTank_Size5_Class3", "On":true, "Priority":1, "Health":1.000000, "Value":83090 }, { "Slot":"Slot01_Size6", "Item":"Int_PassengerCabin_Size6_Class3", "On":true, "Priority":1, "AmmoInClip":12, "Health":1.000000, "Value":469794 }, { "Slot":"Slot02_Size5", "Item":"Int_FuelScoop_Size5_Class3", "On":true, "Priority":0, "Health":1.000000, "Value":567106 }, { "Slot":"Slot03_Size3", "Item":"Int_ShieldGenerator_Size3_Class5", "On":true, "Priority":0, "Health":1.000000, "Value":507912 }, { "Slot":"Slot04_Size3", "Item":"Int_CargoRack_Size3_Class1", "On":true, "Priority":1, "Health":1.000000, "Value":8979 }, { "Slot":"Slot05_Size3", "Item":"Int_BuggyBay_Size2_Class2", "On":true, "Priority":0, "Health":1.000000, "Value":21600 }, { "Slot":"Slot06_Size2", "Item":"Int_DetailedSurfaceScanner_Tiny", "On":true, "Priority":1, "Health":1.000000, "Value":250000, "EngineerBlueprint":"Sensor_SurfaceScanner_LongRange", "EngineerLevel":1 }, { "Slot":"Slot07_Size2", "Item":"Int_StellarBodyDiscoveryScanner_Advanced", "On":true, "Priority":1, "Health":1.000000, "Value":1313250 }, { "Slot":"PlanetaryApproachSuite", "Item":"Int_PlanetApproachSuite", "On":true, "Priority":1, "Health":1.000000, "Value":425 }, { "Slot":"Bobble01", "Item":"Bobble_PilotMale", "On":true, "Priority":1, "Health":1.000000, "Value":0 }, { "Slot":"ShipCockpit", "Item":"Asp_Cockpit", "On":true, "Priority":1, "Health":1.000000, "Value":0 }, { "Slot":"CargoHatch", "Item":"ModularCargoBayDoor", "On":true, "Priority":2, "Health":1.000000, "Value":0 } ] }
{ "timestamp":"2017-05-01T16:33:43Z", "event":"Docked", "StationName":"Avdeyev Settlement", "StationType":"Coriolis", "StarSystem":"Cartoq", "StationFaction":"Cartoq Purple Major Organisation", "FactionState":"Boom", "StationGovernment":"$government_Corporate;", "StationGovernment_Localised":"Corporate", "StationAllegiance":"Federation", "StationEconomy":"$economy_Refinery;", "StationEconomy_Localised":"Refinery", "DistFromStarLS":2885.144287 }
{ "timestamp":"2017-05-01T16:39:46Z", "event":"MissionAccepted", "Faction":"Gaohikel for Equality", "Name":"Mission_Sightseeing_CEO_BOOM", "Commodity":"$Grain_Name;", "Commodity_Localised":"Grain", "Count":2, "DestinationSystem":"Hofada$MISSIONUTIL_MULTIPLE_INNER_SEPARATOR;Apisulfr$MISSIONUTIL_MULTIPLE_FINAL_SEPARATOR;HIP 41181", "Expiry":"2017-05-02T06:23:08Z", "Influence":"Low", "Reputation":"Med", "PassengerCount":4, "PassengerVIPs":true, "PassengerWanted":false, "PassengerType":"Business", "MissionID":132631732 }
{ "timestamp":"2017-05-01T16:40:47Z", "event":"Undocked", "StationName":"Avdeyev Settlement", "StationType":"Coriolis" }
{ "timestamp":"2017-05-01T16:41:50Z", "event":"ReceiveText", "From":"Avdeyev Settlement", "Message":"$STATION_NoFireZone_exited;", "Message_Localised":"No fire zone left.", "Channel":"npc" }
{ "timestamp":"2017-05-01T16:42:24Z", "event":"StartJump", "JumpType":"Hyperspace", "StarSystem":"Crucis Sector HM-V b2-5", "StarClass":"M" }
{ "timestamp":"2017-05-01T16:42:42Z", "event":"FSDJump", "StarSystem":"Crucis Sector HM-V b2-5", "StarPos":[75.813,34.625,40.344], "SystemAllegiance":"", "SystemEconomy":"$economy_None;", "SystemEconomy_Localised":"None", "SystemGovernment":"$government_None;", "SystemGovernment_Localised":"None", "SystemSecurity":"$SYSTEM_SECURITY_low;", "SystemSecurity_Localised":"Low Security", "JumpDist":36.599, "FuelUsed":3.553824, "FuelLevel":28.446177 }
{ "timestamp":"2017-05-01T16:43:01Z", "event":"FuelScoop", "Scooped":3.264817, "Total":31.710997 }
{ "timestamp":"2017-05-01T16:43:18Z", "event":"StartJump", "JumpType":"Hyperspace", "StarSystem":"Hofada", "StarClass":"K" }
{ "timestamp":"2017-05-01T16:43:36Z", "event":"FSDJump", "StarSystem":"Hofada", "StarPos":[90.844,35.344,38.625], "SystemAllegiance":"Independent", "SystemEconomy":"$economy_Tourism;", "SystemEconomy_Localised":"Tourism", "SystemGovernment":"$government_Corporate;", "SystemGovernment_Localised":"Corporate", "SystemSecurity":"$SYSTEM_SECURITY_medium;", "SystemSecurity_Localised":"Medium Security", "JumpDist":15.146, "FuelUsed":0.408519, "FuelLevel":31.302479, "Factions":[ { "Name":"LP 470-65 Jet Public Services", "FactionState":"Boom", "Government":"Corporate", "Influence":0.406593, "Allegiance":"Federation" }, { "Name":"Values Party of LTT 4337", "FactionState":"Boom", "Government":"Democracy", "Influence":0.213786, "Allegiance":"Federation" }, { "Name":"Helgaedi Labour", "FactionState":"None", "Government":"Democracy", "Influence":0.063936, "Allegiance":"Federation" }, { "Name":"Hofada Silver Power Solutions", "FactionState":"None", "Government":"Corporate", "Influence":0.193806, "Allegiance":"Independent" }, { "Name":"Confederation of Hofada", "FactionState":"None", "Government":"Confederacy", "Influence":0.121878, "Allegiance":"Independent" } ], "SystemFaction":"Hofada Silver Power Solutions" }
{ "timestamp":"2017-05-01T16:43:50Z", "event":"FuelScoop", "Scooped":0.287229, "Total":31.589706 }
{ "timestamp":"2017-05-01T16:50:47Z", "event":"SupercruiseExit", "StarSystem":"Hofada", "Body":"Hofada 6", "BodyType":"Planet" }
{ "timestamp":"2017-05-01T16:50:58Z", "event":"DataScanned", "Type":"TouristBeacon" }
{ "timestamp":"2017-05-01T16:51:14Z", "event":"StartJump", "JumpType":"Supercruise" }
{ "timestamp":"2017-05-01T16:51:19Z", "event":"SupercruiseEntry", "StarSystem":"Hofada" }
{ "timestamp":"2017-05-01T16:51:50Z", "event":"StartJump", "JumpType":"Hyperspace", "StarSystem":"Konggul", "StarClass":"M" }
{ "timestamp":"2017-05-01T16:52:08Z", "event":"FSDJump", "StarSystem":"Konggul", "StarPos":[99.188,-1.250,49.750], "SystemAllegiance":"Independent", "SystemEconomy":"$economy_Colony;", "SystemEconomy_Localised":"Colony", "SystemGovernment":"$government_Feudal;", "SystemGovernment_Localised":"Feudal", "SystemSecurity":"$SYSTEM_SECURITY_medium;", "SystemSecurity_Localised":"Medium Security", "JumpDist":39.147, "FuelUsed":4.181109, "FuelLevel":27.408598, "Factions":[ { "Name":"Konggul allied", "FactionState":"CivilWar", "Government":"Cooperative", "Influence":0.086000, "Allegiance":"Independent" }, { "Name":"Karecoya Advanced Ltd", "FactionState":"None", "Government":"Corporate", "Influence":0.053000, "Allegiance":"Federation" }, { "Name":"Konggul Crimson Boys", "FactionState":"CivilWar", "Government":"Anarchy", "Influence":0.078000, "Allegiance":"Independent" }, { "Name":"Konggul Purple Vision Ltd", "FactionState":"Boom", "Government":"Corporate", "Influence":0.131000, "Allegiance":"Federation" }, { "Name":"Dukes of Konggul", "FactionState":"None", "Government":"Feudal", "Influence":0.652000, "Allegiance":"Independent" } ], "SystemFaction":"Dukes of Konggul" }
{ "timestamp":"2017-05-01T16:52:30Z", "event":"FuelScoop", "Scooped":4.186345, "Total":31.594975 }
{ "timestamp":"2017-05-01T16:52:48Z", "event":"StartJump", "JumpType":"Hyperspace", "StarSystem":"Crucis Sector PN-K a8-2", "StarClass":"L" }
{ "timestamp":"2017-05-01T16:53:07Z", "event":"FSDJump", "StarSystem":"Crucis Sector PN-K a8-2", "StarPos":[108.156,-32.219,69.063], "SystemAllegiance":"", "SystemEconomy":"$economy_None;", "SystemEconomy_Localised":"None", "SystemGovernment":"$government_None;", "SystemGovernment_Localised":"None", "SystemSecurity":"$SYSTEM_SECURITY_low;", "SystemSecurity_Localised":"Low Security", "JumpDist":37.583, "FuelUsed":3.783660, "FuelLevel":27.811314 }
{ "timestamp":"2017-05-01T16:53:38Z", "event":"StartJump", "JumpType":"Hyperspace", "StarSystem":"HIP 83217", "StarClass":"G" }
{ "timestamp":"2017-05-01T16:53:56Z", "event":"FSDJump", "StarSystem":"HIP 83217", "StarPos":[115.813,-69.938,83.438], "SystemAllegiance":"Independent", "SystemEconomy":"$economy_Military;", "SystemEconomy_Localised":"Military", "SystemGovernment":"$government_Cooperative;", "SystemGovernment_Localised":"Cooperative", "SystemSecurity":"$SYSTEM_SECURITY_low;", "SystemSecurity_Localised":"Low Security", "JumpDist":41.085, "FuelUsed":4.604735, "FuelLevel":23.206577, "Factions":[ { "Name":"HIP 83217 Partners", "FactionState":"None", "Government":"Corporate", "Influence":0.147000, "Allegiance":"Empire" }, { "Name":"Kao Wanga Guardians of Tradition", "FactionState":"Boom", "Government":"Patronage", "Influence":0.133000, "Allegiance":"Empire" }, { "Name":"Aebocori Industry", "FactionState":"War", "Government":"Corporate", "Influence":0.060000, "Allegiance":"Empire" }, { "Name":"HIP 83217 Gold Brothers", "FactionState":"War", "Government":"Anarchy", "Influence":0.036000, "Allegiance":"Independent" }, { "Name":"Integrated HIP 83217", "FactionState":"Outbreak", "Government":"Cooperative", "Influence":0.624000, "Allegiance":"Independent" } ], "SystemFaction":"Integrated HIP 83217", "FactionState":"Outbreak" }
{ "timestamp":"2017-05-01T16:54:13Z", "event":"FuelScoop", "Scooped":1.882832, "Total":25.089405 }
{ "timestamp":"2017-05-01T16:54:29Z", "event":"StartJump", "JumpType":"Hyperspace", "StarSystem":"Apisulfr", "StarClass":"K" }
{ "timestamp":"2017-05-01T16:54:48Z", "event":"FSDJump", "StarSystem":"Apisulfr", "StarPos":[103.813,-82.406,82.219], "SystemAllegiance":"Independent", "SystemEconomy":"$economy_Agri;", "SystemEconomy_Localised":"Agriculture", "SystemGovernment":"$government_Democracy;", "SystemGovernment_Localised":"Democracy", "SystemSecurity":"$SYSTEM_SECURITY_medium;", "SystemSecurity_Localised":"Medium Security", "JumpDist":17.348, "FuelUsed":0.548173, "FuelLevel":24.541231, "Factions":[ { "Name":"Apisulfr Patron's Principles", "FactionState":"CivilWar", "Government":"Patronage", "Influence":0.058000, "Allegiance":"Empire" }, { "Name":"Pi Dhod Patron's Principles", "FactionState":"None", "Government":"Patronage", "Influence":0.155000, "Allegiance":"Empire" }, { "Name":"Apisulfr Limited", "FactionState":"None", "Government":"Corporate", "Influence":0.052000, "Allegiance":"Independent" }, { "Name":"Hayimshis Noblement", "FactionState":"Boom", "Government":"Feudal", "Influence":0.111000, "Allegiance":"Empire" }, { "Name":"Apisulfr Purple Fortune Services", "FactionState":"CivilWar", "Government":"Corporate", "Influence":0.040000, "Allegiance":"Empire" }, { "Name":"United Apisulfr Future", "FactionState":"None", "Government":"Democracy", "Influence":0.529000, "Allegiance":"Independent" }, { "Name":"Apisulfr Silver Drug Empire", "FactionState":"None", "Government":"Anarchy", "Influence":0.055000, "Allegiance":"Independent" } ], "SystemFaction":"United Apisulfr Future" }
{ "timestamp":"2017-05-01T16:54:58Z", "event":"FuelScoop", "Scooped":0.081709, "Total":24.622946 }
{ "timestamp":"2017-05-01T16:57:59Z", "event":"SupercruiseExit", "StarSystem":"Apisulfr", "Body":"Apisulfr A 6", "BodyType":"Planet" }
{ "timestamp":"2017-05-01T16:58:10Z", "event":"DataScanned", "Type":"TouristBeacon" }
{ "timestamp":"2017-05-01T16:58:36Z", "event":"StartJump", "JumpType":"Hyperspace", "StarSystem":"L 12-40", "StarClass":"K" }
{ "timestamp":"2017-05-01T16:58:54Z", "event":"FSDJump", "StarSystem":"L 12-40", "StarPos":[88.125,-65.688,47.375], "SystemAllegiance":"Empire", "SystemEconomy":"$economy_Extraction;", "SystemEconomy_Localised":"Extraction", "SystemGovernment":"$government_Patronage;", "SystemGovernment_Localised":"Patronage", "SystemSecurity":"$SYSTEM_SECURITY_medium;", "SystemSecurity_Localised":"Medium Security", "JumpDist":41.710, "FuelUsed":4.690161, "FuelLevel":19.932785, "Factions":[ { "Name":"L 12-40 Blue Power Corporation", "FactionState":"None", "Government":"Corporate", "Influence":0.196196, "Allegiance":"Empire" }, { "Name":"CD-86 4 Empire Party", "FactionState":"None", "Government":"Patronage", "Influence":0.116116, "Allegiance":"Empire" }, { "Name":"L 12-40 Crimson Ring", "FactionState":"CivilWar", "Government":"Anarchy", "Influence":0.020020, "Allegiance":"Independent" }, { "Name":"L 12-40 Empire League", "FactionState":"None", "Government":"Patronage", "Influence":0.490490, "Allegiance":"Empire" }, { "Name":"Baltah'Sine Freedom Party", "FactionState":"None", "Government":"Dictatorship", "Influence":0.085085, "Allegiance":"Empire" }, { "Name":"Independent L 12-40 Free", "FactionState":"CivilWar", "Government":"Democracy", "Influence":0.044044, "Allegiance":"Independent" }, { "Name":"L 12-40 Silver Comms Partners", "FactionState":"Famine", "Government":"Corporate", "Influence":0.048048, "Allegiance":"Independent" } ], "SystemFaction":"L 12-40 Empire League" }
{ "timestamp":"2017-05-01T16:59:23Z", "event":"FuelScoop", "Scooped":5.000120, "Total":24.932888 }
{ "timestamp":"2017-05-01T16:59:43Z", "event":"FuelScoop", "Scooped":5.002688, "Total":29.935610 }
{ "timestamp":"2017-05-01T16:59:52Z", "event":"FuelScoop", "Scooped":2.064376, "Total":32.000000 }
{ "timestamp":"2017-05-01T17:00:31Z", "event":"StartJump", "JumpType":"Hyperspace", "StarSystem":"Crucis Sector UD-T a3-3", "StarClass":"Y" }
{ "timestamp":"2017-05-01T17:00:49Z", "event":"FSDJump", "StarSystem":"Crucis Sector UD-T a3-3", "StarPos":[75.563,-40.688,16.344], "SystemAllegiance":"", "SystemEconomy":"$economy_None;", "SystemEconomy_Localised":"None", "SystemGovernment":"$government_None;", "SystemGovernment_Localised":"None", "SystemSecurity":"$SYSTEM_SECURITY_low;", "SystemSecurity_Localised":"Low Security", "JumpDist":41.782, "FuelUsed":4.915936, "FuelLevel":27.084064 }
{ "timestamp":"2017-05-01T17:01:15Z", "event":"StartJump", "JumpType":"Hyperspace", "StarSystem":"Ladabalbasa", "StarClass":"K" }
{ "timestamp":"2017-05-01T17:01:33Z", "event":"FSDJump", "StarSystem":"Ladabalbasa", "StarPos":[59.719,-11.344,-7.313], "SystemAllegiance":"Federation", "SystemEconomy":"$economy_Tourism;", "SystemEconomy_Localised":"Tourism", "SystemGovernment":"$government_Confederacy;", "SystemGovernment_Localised":"Confederacy", "SystemSecurity":"$SYSTEM_SECURITY_low;", "SystemSecurity_Localised":"Low Security", "JumpDist":40.886, "FuelUsed":4.531232, "FuelLevel":22.552834, "Factions":[ { "Name":"Partnership of Ladabalbasa", "FactionState":"Boom", "Government":"Confederacy", "Influence":0.656000, "Allegiance":"Federation" }, { "Name":"Ladabalbasa Silver Crew", "FactionState":"None", "Government":"Anarchy", "Influence":0.039000, "Allegiance":"Independent" }, { "Name":"Raugeni Purple Major Partners", "FactionState":"None", "Government":"Corporate", "Influence":0.038000, "Allegiance":"Independent" }, { "Name":"Jet United Industry", "FactionState":"Boom", "Government":"Corporate", "Influence":0.073000, "Allegiance":"Federation" }, { "Name":"Ladabalbasa Silver Creative & Co", "FactionState":"Boom", "Government":"Corporate", "Influence":0.024000, "Allegiance":"Independent" }, { "Name":"Green Party of Ladabalbasa", "FactionState":"Boom", "Government":"Democracy", "Influence":0.127000, "Allegiance":"Federation" }, { "Name":"Ladabalbasa Silver Gang", "FactionState":"None", "Government":"Anarchy", "Influence":0.043000, "Allegiance":"Independent" } ], "SystemFaction":"Partnership of Ladabalbasa", "FactionState":"Boom" }
{ "timestamp":"2017-05-01T17:01:55Z", "event":"FuelScoop", "Scooped":5.000919, "Total":27.553734 }
{ "timestamp":"2017-05-01T17:02:08Z", "event":"FuelScoop", "Scooped":4.446218, "Total":32.000000 }
{ "timestamp":"2017-05-01T17:02:39Z", "event":"StartJump", "JumpType":"Hyperspace", "StarSystem":"Fasti", "StarClass":"K" }
{ "timestamp":"2017-05-01T17:02:58Z", "event":"FSDJump", "StarSystem":"Fasti", "StarPos":[36.719,20.188,-22.313], "SystemAllegiance":"Independent", "SystemEconomy":"$economy_Refinery;", "SystemEconomy_Localised":"Refinery", "SystemGovernment":"$government_Feudal;", "SystemGovernment_Localised":"Feudal", "SystemSecurity":"$SYSTEM_SECURITY_low;", "SystemSecurity_Localised":"Low Security", "JumpDist":41.812, "FuelUsed":4.924630, "FuelLevel":27.075371, "Factions":[ { "Name":"Union of Atarapa Independents", "FactionState":"None", "Government":"Democracy", "Influence":0.188000, "Allegiance":"Federation" }, { "Name":"Fasti Industries", "FactionState":"CivilWar", "Government":"Corporate", "Influence":0.135000, "Allegiance":"Federation" }, { "Name":"Fasti League", "FactionState":"CivilWar", "Government":"Confederacy", "Influence":0.133000, "Allegiance":"Federation" }, { "Name":"Crew of Fasti", "FactionState":"Boom", "Government":"Anarchy", "Influence":0.040000, "Allegiance":"Independent" }, { "Name":"Marquis du Fasti", "FactionState":"None", "Government":"Feudal", "Influence":0.504000, "Allegiance":"Independent" } ], "SystemFaction":"Marquis du Fasti" }
{ "timestamp":"2017-05-01T17:03:15Z", "event":"FuelScoop", "Scooped":1.935926, "Total":29.011286 }
{ "timestamp":"2017-05-01T17:03:37Z", "event":"StartJump", "JumpType":"Hyperspace", "StarSystem":"LHS 2011", "StarClass":"M" }
{ "timestamp":"2017-05-01T17:03:55Z", "event":"FSDJump", "StarSystem":"LHS 2011", "StarPos":[25.875,36.344,-57.531], "SystemAllegiance":"", "SystemEconomy":"$economy_None;", "SystemEconomy_Localised":"None", "SystemGovernment":"$government_None;", "SystemGovernment_Localised":"None", "SystemSecurity":"$SYSTEM_SECURITY_low;", "SystemSecurity_Localised":"Low Security", "JumpDist":40.236, "FuelUsed":4.405746, "FuelLevel":24.605539 }
{ "timestamp":"2017-05-01T17:04:17Z", "event":"FuelScoop", "Scooped":5.003190, "Total":29.608736 }
{ "timestamp":"2017-05-01T17:04:21Z", "event":"FuelScoop", "Scooped":0.582252, "Total":30.190992 }
{ "timestamp":"2017-05-01T17:04:38Z", "event":"StartJump", "JumpType":"Hyperspace", "StarSystem":"Saras", "StarClass":"M" }
{ "timestamp":"2017-05-01T17:04:56Z", "event":"FSDJump", "StarSystem":"Saras", "StarPos":[0.125,60.500,-77.375], "SystemAllegiance":"Federation", "SystemEconomy":"$economy_Military;", "SystemEconomy_Localised":"Military", "SystemGovernment":"$government_Corporate;", "SystemGovernment_Localised":"Corporate", "SystemSecurity":"$SYSTEM_SECURITY_medium;", "SystemSecurity_Localised":"Medium Security", "JumpDist":40.501, "FuelUsed":4.507411, "FuelLevel":25.683580, "Factions":[ { "Name":"Saras Incorporated", "FactionState":"None", "Government":"Corporate", "Influence":0.487000, "Allegiance":"Federation" }, { "Name":"Cauac Resistance", "FactionState":"None", "Government":"Democracy", "Influence":0.151000, "Allegiance":"Federation" }, { "Name":"Kaushpoos Pro-Alliance Union", "FactionState":"None", "Government":"Patronage", "Influence":0.156000, "Allegiance":"Alliance" }, { "Name":"Saras Noblement", "FactionState":"Boom", "Government":"Feudal", "Influence":0.066000, "Allegiance":"Independent" }, { "Name":"Saras Confederation", "FactionState":"None", "Government":"Confederacy", "Influence":0.140000, "Allegiance":"Federation" } ], "SystemFaction":"Saras Incorporated" }
{ "timestamp":"2017-05-01T17:05:22Z", "event":"FuelScoop", "Scooped":5.000814, "Total":30.684370 }
{ "timestamp":"2017-05-01T17:05:26Z", "event":"FuelScoop", "Scooped":0.386947, "Total":31.071333 }
{ "timestamp":"2017-05-01T17:05:37Z", "event":"StartJump", "JumpType":"Hyperspace", "StarSystem":"HIP 41181", "StarClass":"K" }
{ "timestamp":"2017-05-01T17:05:55Z", "event":"FSDJump", "StarSystem":"HIP 41181", "StarPos":[-8.156,74.813,-105.125], "SystemAllegiance":"Independent", "SystemEconomy":"$economy_Agri;", "SystemEconomy_Localised":"Agriculture", "SystemGovernment":"$government_Democracy;", "SystemGovernment_Localised":"Democracy", "SystemSecurity":"$SYSTEM_SECURITY_medium;", "SystemSecurity_Localised":"Medium Security", "JumpDist":32.303, "FuelUsed":2.595299, "FuelLevel":28.476034, "Factions":[ { "Name":"HIP 43296 Labour", "FactionState":"None", "Government":"Democracy", "Influence":0.046000, "Allegiance":"Federation" }, { "Name":"Revolutionary HIP 41181 Liberals", "FactionState":"None", "Government":"Democracy", "Influence":0.736000, "Allegiance":"Independent" }, { "Name":"Lakho Blue Power Co", "FactionState":"None", "Government":"Corporate", "Influence":0.028000, "Allegiance":"Independent" }, { "Name":"HIP 41181 Company", "FactionState":"None", "Government":"Corporate", "Influence":0.051000, "Allegiance":"Independent" }, { "Name":"HIP 41181 Boys", "FactionState":"None", "Government":"Anarchy", "Influence":0.022000, "Allegiance":"Independent" }, { "Name":"Rain Blue Cartel", "FactionState":"None", "Government":"Anarchy", "Influence":0.045000, "Allegiance":"Independent" }, { "Name":"Purple Advanced Ltd", "FactionState":"None", "Government":"Corporate", "Influence":0.029000, "Allegiance":"Independent" }, { "Name":"Conservatives of HIP 41181", "FactionState":"None", "Government":"Dictatorship", "Influence":0.043000, "Allegiance":"Independent" } ], "SystemFaction":"Revolutionary HIP 41181 Liberals" }
{ "timestamp":"2017-05-01T17:08:34Z", "event":"ApproachSettlement", "Name":"Stevens Barracks" }
{ "timestamp":"2017-05-01T17:08:34Z", "event":"ApproachSettlement", "Name":"HIP 41181 A 1 a Lava Spouts" }
{ "timestamp":"2017-05-01T17:08:35Z", "event":"ApproachSettlement", "Name":"d'Eyncourt's Inheritance ++" }
{ "timestamp":"2017-05-01T17:08:36Z", "event":"ApproachSettlement", "Name":"Hugh Terminal +" }
{ "timestamp":"2017-05-01T17:09:12Z", "event":"ApproachSettlement", "Name":"d'Eyncourt's Inheritance ++" }
{ "timestamp":"2017-05-01T17:09:12Z", "event":"ApproachSettlement", "Name":"HIP 41181 A 1 a Lava Spouts" }
{ "timestamp":"2017-05-01T17:09:14Z", "event":"SupercruiseExit", "StarSystem":"HIP 41181", "Body":"HIP 41181 A 1 a", "BodyType":"Planet" }
{ "timestamp":"2017-05-01T17:09:21Z", "event":"ApproachSettlement", "Name":"Stevens Barracks" }
{ "timestamp":"2017-05-01T17:09:55Z", "event":"DataScanned", "Type":"TouristBeacon" }
{ "timestamp":"2017-05-01T17:10:33Z", "event":"StartJump", "JumpType":"Supercruise" }
{ "timestamp":"2017-05-01T17:10:33Z", "event":"ApproachSettlement", "Name":"Stevens Barracks" }
{ "timestamp":"2017-05-01T17:10:33Z", "event":"ApproachSettlement", "Name":"Hugh Terminal +" }
{ "timestamp":"2017-05-01T17:10:33Z", "event":"ApproachSettlement", "Name":"d'Eyncourt's Inheritance ++" }
{ "timestamp":"2017-05-01T17:10:33Z", "event":"ApproachSettlement", "Name":"HIP 41181 A 1 a Lava Spouts" }
{ "timestamp":"2017-05-01T17:10:38Z", "event":"SupercruiseEntry", "StarSystem":"HIP 41181" }
{ "timestamp":"2017-05-01T17:12:23Z", "event":"StartJump", "JumpType":"Hyperspace", "StarSystem":"Fugeniez", "StarClass":"M" }
{ "timestamp":"2017-05-01T17:12:41Z", "event":"FSDJump", "StarSystem":"Fugeniez", "StarPos":[4.219,60.125,-67.969], "SystemAllegiance":"Independent", "SystemEconomy":"$economy_Colony;", "SystemEconomy_Localised":"Colony", "SystemGovernment":"$government_Cooperative;", "SystemGovernment_Localised":"Cooperative", "SystemSecurity":"$SYSTEM_SECURITY_low;", "SystemSecurity_Localised":"Low Security", "JumpDist":41.826, "FuelUsed":4.812019, "FuelLevel":23.034016, "Factions":[ { "Name":"Durinn Gold Natural Interstellar", "FactionState":"None", "Government":"Corporate", "Influence":0.083916, "Allegiance":"Independent" }, { "Name":"Lalande 17161 Universal Partners", "FactionState":"None", "Government":"Corporate", "Influence":0.275724, "Allegiance":"Federation" }, { "Name":"Fugeniez Silver Dynamic Comms", "FactionState":"CivilWar", "Government":"Corporate", "Influence":0.084915, "Allegiance":"Independent" }, { "Name":"Friends of Fugeniez", "FactionState":"None", "Government":"Cooperative", "Influence":0.474525, "Allegiance":"Independent" }, { "Name":"Fugeniez Jet Ring", "FactionState":"CivilWar", "Government":"Anarchy", "Influence":0.080919, "Allegiance":"Independent" } ], "SystemFaction":"Friends of Fugeniez" }
{ "timestamp":"2017-05-01T17:13:04Z", "event":"FuelScoop", "Scooped":4.691346, "Total":27.725330 }
{ "timestamp":"2017-05-01T17:13:20Z", "event":"StartJump", "JumpType":"Hyperspace", "StarSystem":"40 Leonis", "StarClass":"F" }
{ "timestamp":"2017-05-01T17:13:39Z", "event":"FSDJump", "StarSystem":"40 Leonis", "StarPos":[24.563,57.063,-31.563], "SystemAllegiance":"Federation", "SystemEconomy":"$economy_Refinery;", "SystemEconomy_Localised":"Refinery", "SystemGovernment":"$government_Theocracy;", "SystemGovernment_Localised":"Theocracy", "SystemSecurity":"$SYSTEM_SECURITY_medium;", "SystemSecurity_Localised":"Medium Security", "JumpDist":41.817, "FuelUsed":4.805519, "FuelLevel":22.919811, "Factions":[ { "Name":"40 Leonis Vision Industries", "FactionState":"None", "Government":"Corporate", "Influence":0.142857, "Allegiance":"Federation" }, { "Name":"LTT 12680 Interstellar", "FactionState":"Boom", "Government":"Corporate", "Influence":0.106893, "Allegiance":"Federation" }, { "Name":"League of 40 Leonis Justice Party", "FactionState":"None", "Government":"Dictatorship", "Influence":0.039960, "Allegiance":"Independent" }, { "Name":"40 Leonis Future", "FactionState":"None", "Government":"Democracy", "Influence":0.143856, "Allegiance":"Federation" }, { "Name":"40 Leonis Posse", "FactionState":"None", "Government":"Anarchy", "Influence":0.052947, "Allegiance":"Independent" }, { "Name":"40 Leonis Power Group", "FactionState":"Boom", "Government":"Corporate", "Influence":0.059940, "Allegiance":"Independent" }, { "Name":"Hidden Tradition", "FactionState":"Boom", "Government":"Theocracy", "Influence":0.453546, "Allegiance":"Federation" } ], "SystemFaction":"Hidden Tradition", "FactionState":"Boom" }
{ "timestamp":"2017-05-01T17:14:00Z", "event":"FuelScoop", "Scooped":5.005550, "Total":27.925373 }
{ "timestamp":"2017-05-01T17:14:11Z", "event":"FuelScoop", "Scooped":2.716895, "Total":30.642292 }
{ "timestamp":"2017-05-01T17:14:18Z", "event":"StartJump", "JumpType":"Hyperspace", "StarSystem":"LP 673-42", "StarClass":"M" }
{ "timestamp":"2017-05-01T17:14:37Z", "event":"FSDJump", "StarSystem":"LP 673-42", "StarPos":[40.031,53.344,6.906], "SystemAllegiance":"Independent", "SystemEconomy":"$economy_Refinery;", "SystemEconomy_Localised":"Refinery", "SystemGovernment":"$government_Corporate;", "SystemGovernment_Localised":"Corporate", "SystemSecurity":"$SYSTEM_SECURITY_low;", "SystemSecurity_Localised":"Low Security", "JumpDist":41.629, "FuelUsed":4.795022, "FuelLevel":25.847271, "Factions":[ { "Name":"LP 673-42 Crimson Dragons", "FactionState":"None", "Government":"Anarchy", "Influence":0.049049, "Allegiance":"Independent" }, { "Name":"LP 673-42 Crimson Energy Inc", "FactionState":"Boom", "Government":"Corporate", "Influence":0.108108, "Allegiance":"Federation" }, { "Name":"Lords of LP 673-42", "FactionState":"CivilWar", "Government":"Feudal", "Influence":0.080080, "Allegiance":"Independent" }, { "Name":"LHS 2541 Alliance Combine", "FactionState":"Boom", "Government":"Patronage", "Influence":0.336336, "Allegiance":"Alliance" }, { "Name":"Unified LP 673-42", "FactionState":"CivilWar", "Government":"Cooperative", "Influence":0.050050, "Allegiance":"Independent" }, { "Name":"LP 673-42 Holdings", "FactionState":"Boom", "Government":"Corporate", "Influence":0.376376, "Allegiance":"Independent" } ], "SystemFaction":"LP 673-42 Holdings", "FactionState":"Boom" }
{ "timestamp":"2017-05-01T17:15:01Z", "event":"FuelScoop", "Scooped":3.984552, "Total":29.831820 }
{ "timestamp":"2017-05-01T17:15:11Z", "event":"StartJump", "JumpType":"Hyperspace", "StarSystem":"Salibal", "StarClass":"M" }
{ "timestamp":"2017-05-01T17:15:29Z", "event":"FSDJump", "StarSystem":"Salibal", "StarPos":[37.250,39.156,45.906], "SystemAllegiance":"Federation", "SystemEconomy":"$economy_Industrial;", "SystemEconomy_Localised":"Industrial", "SystemGovernment":"$government_Corporate;", "SystemGovernment_Localised":"Corporate", "SystemSecurity":"$SYSTEM_SECURITY_high;", "SystemSecurity_Localised":"High Security", "JumpDist":41.594, "FuelUsed":4.787008, "FuelLevel":25.044811, "Factions":[ { "Name":"Salibal Free", "FactionState":"CivilWar", "Government":"Democracy", "Influence":0.029000, "Allegiance":"Independent" }, { "Name":"People's Nganeru Free", "FactionState":"Boom", "Government":"Democracy", "Influence":0.129000, "Allegiance":"Federation" }, { "Name":"Independents of LP 798-44", "FactionState":"None", "Government":"Democracy", "Influence":0.123000, "Allegiance":"Federation" }, { "Name":"League of Salibal", "FactionState":"None", "Government":"Dictatorship", "Influence":0.117000, "Allegiance":"Independent" }, { "Name":"Salibal Creative Inc", "FactionState":"Boom", "Government":"Corporate", "Influence":0.504000, "Allegiance":"Federation" }, { "Name":"Salibal Silver Council", "FactionState":"CivilWar", "Government":"Anarchy", "Influence":0.040000, "Allegiance":"Independent" }, { "Name":"Nationalists of Salibal", "FactionState":"Outbreak", "Government":"Dictatorship", "Influence":0.058000, "Allegiance":"Independent" } ], "SystemFaction":"Salibal Creative Inc", "FactionState":"Boom" }
{ "timestamp":"2017-05-01T17:15:47Z", "event":"FuelScoop", "Scooped":2.153606, "Total":27.198433 }
{ "timestamp":"2017-05-01T17:16:03Z", "event":"StartJump", "JumpType":"Hyperspace", "StarSystem":"Cartoq", "StarClass":"F" }
{ "timestamp":"2017-05-01T17:16:21Z", "event":"FSDJump", "StarSystem":"Cartoq", "StarPos":[45.625,39.438,60.469], "SystemAllegiance":"Federation", "SystemEconomy":"$economy_Military;", "SystemEconomy_Localised":"Military", "SystemGovernment":"$government_Corporate;", "SystemGovernment_Localised":"Corporate", "SystemSecurity":"$SYSTEM_SECURITY_medium;", "SystemSecurity_Localised":"Medium Security", "JumpDist":16.801, "FuelUsed":0.513130, "FuelLevel":26.685303, "Factions":[ { "Name":"Values Party of Cartoq", "FactionState":"Outbreak", "Government":"Democracy", "Influence":0.059701, "Allegiance":"Federation" }, { "Name":"Gaohikel for Equality", "FactionState":"None", "Government":"Democracy", "Influence":0.194030, "Allegiance":"Federation" }, { "Name":"Independents of Yuqui", "FactionState":"CivilUnrest", "Government":"Democracy", "Influence":0.125373, "Allegiance":"Federation" }, { "Name":"Cartoq Purple Major Organisation", "FactionState":"Boom", "Government":"Corporate", "Influence":0.407960, "Allegiance":"Federation" }, { "Name":"Cartoq Gold Drug Empire", "FactionState":"Boom", "Government":"Anarchy", "Influence":0.009950, "Allegiance":"Independent" }, { "Name":"Freedom Party of Cartoq", "FactionState":"Boom", "Government":"Dictatorship", "Influence":0.049751, "Allegiance":"Independent" }, { "Name":"Esumindii for Equality", "FactionState":"Boom", "Government":"Democracy", "Influence":0.153234, "Allegiance":"Federation" } ], "SystemFaction":"Cartoq Purple Major Organisation", "FactionState":"Boom" }
{ "timestamp":"2017-05-01T17:18:29Z", "event":"ReceiveText", "From":"$ShipName_PassengerLiner_Cruise;", "From_Localised":"Cruise Ship", "Message":"$CruiseLiner_SCPatrol04;", "Message_Localised":"I'd like to direct your attention to our flight attendants for a brief safety demonstration.", "Channel":"npc" }
{ "timestamp":"2017-05-01T17:19:39Z", "event":"SupercruiseExit", "StarSystem":"Cartoq", "Body":"Avdeyev Settlement", "BodyType":"Station" }
{ "timestamp":"2017-05-01T17:19:55Z", "event":"DockingRequested", "StationName":"Avdeyev Settlement" }
{ "timestamp":"2017-05-01T17:19:55Z", "event":"ReceiveText", "From":"Avdeyev Settlement", "Message":"$DockingChatter_Friendly;", "Message_Localised":"It's great to see you again, Commander.", "Channel":"npc" }
{ "timestamp":"2017-05-01T17:19:56Z", "event":"ReceiveText", "From":"Avdeyev Settlement", "Message":"$STATION_docking_granted;", "Message_Localised":"Docking request granted.", "Channel":"npc" }
{ "timestamp":"2017-05-01T17:19:56Z", "event":"DockingGranted", "LandingPad":26, "StationName":"Avdeyev Settlement" }
{ "timestamp":"2017-05-01T17:19:58Z", "event":"ReceiveText", "From":"Avdeyev Settlement", "Message":"$STATION_NoFireZone_entered;", "Message_Localised":"No fire zone entered.", "Channel":"npc" }
{ "timestamp":"2017-05-01T17:20:33Z", "event":"ReceiveText", "From":"$npc_name_decorate:#name=F. Walter Seiffer;", "From_Localised":"F. Walter Seiffer", "Message":"$Commuter_AuthorityScan08;", "Message_Localised":"You've got no right to scan me, officer!", "Channel":"npc" }
{ "timestamp":"2017-05-01T17:20:39Z", "event":"Docked", "StationName":"Avdeyev Settlement", "StationType":"Coriolis", "StarSystem":"Cartoq", "StationFaction":"Cartoq Purple Major Organisation", "FactionState":"Boom", "StationGovernment":"$government_Corporate;", "StationGovernment_Localised":"Corporate", "StationAllegiance":"Federation", "StationEconomy":"$economy_Refinery;", "StationEconomy_Localised":"Refinery", "DistFromStarLS":2885.235107 }
{ "timestamp":"2017-05-01T17:20:47Z", "event":"RefuelAll", "Cost":282, "Amount":5.622518 }
{ "timestamp":"2017-05-01T17:20:47Z", "event":"BuyAmmo", "Cost":100 }
{ "timestamp":"2017-05-01T17:20:55Z", "event":"MissionCompleted", "Faction":"Gaohikel for Equality", "Name":"Mission_Sightseeing_CEO_BOOM_name", "MissionID":132631732, "Commodity":"$Grain_Name;", "Commodity_Localised":"Grain", "Count":2, "DestinationSystem":"Hofada$MISSIONUTIL_MULTIPLE_INNER_SEPARATOR;Apisulfr$MISSIONUTIL_MULTIPLE_FINAL_SEPARATOR;HIP 41181", "Reward":3712800 }
{ "timestamp":"2017-05-01T17:21:09Z", "event":"SellExplorationData", "Systems":[ "HIP 83217", "Konggul", "L 12-40", "Fasti", "LHS 2011", "Fugeniez", "Ladabalbasa", "Saras", "LP 673-42", "Crucis Sector HM-V b2-5", "Crucis Sector PN-K a8-2", "Crucis Sector UD-T a3-3" ], "Discovered":[  ], "BaseValue":242644, "Bonus":0 }
