{ "timestamp":"2016-12-13T19:11:06Z", "event":"Fileheader", "part":1, "language":"English\\UK", "gameversion":"2.2", "build":"r126898/r0 " }
{ "timestamp":"2016-12-13T19:11:31Z", "event":"LoadGame", "Commander":"Blantyre", "Ship":"Python", "ShipID":14, "GameMode":"Solo", "Credits":23173870, "Loan":0 }
{ "timestamp":"2016-12-13T19:11:31Z", "event":"Rank", "Combat":4, "Trade":5, "Explore":4, "Empire":2, "Federation":7, "CQC":0 }
{ "timestamp":"2016-12-13T19:11:31Z", "event":"Progress", "Combat":19, "Trade":88, "Explore":30, "Empire":18, "Federation":4, "CQC":0 }
{ "timestamp":"2016-12-13T19:12:00Z", "event":"Location", "Docked":true, "StationName":"Forstchen Plant", "StationType":"Outpost", "StarSystem":"Tivertsi", "StarPos":[-106.688,2.031,-50.063], "SystemAllegiance":"Federation", "SystemEconomy":"$economy_Refinery;", "SystemEconomy_Localised":"Refinery", "SystemGovernment":"$government_Democracy;", "SystemGovernment_Localised":"Democracy", "SystemSecurity":"$SYSTEM_SECURITY_low;", "SystemSecurity_Localised":"Low Security", "Body":"Forstchen Plant", "BodyType":"Station", "SystemFaction":"Tivertsi Labour" }
{ "timestamp":"2016-12-13T19:12:01Z", "event":"Docked", "StationName":"Forstchen Plant", "StationType":"Outpost", "StarSystem":"Tivertsi", "StationFaction":"Tivertsi Labour", "StationGovernment":"$government_Democracy;", "StationGovernment_Localised":"Democracy", "StationAllegiance":"Federation", "StationEconomy":"$economy_Refinery;", "StationEconomy_Localised":"Refinery" }
{ "timestamp":"2016-12-13T19:13:00Z", "event":"BuyAmmo", "Cost":7200 }
{ "timestamp":"2016-12-13T19:14:57Z", "event":"ModuleBuy", "Slot":"Slot04_Size5", "SellItem":"$int_cargorack_size5_class1_name;", "SellItem_Localised":"Cargo Rack", "SellPrice":111566, "BuyItem":"$int_fueltank_size5_class3_name;", "BuyItem_Localised":"Fuel Tank", "BuyPrice":97754, "Ship":"python", "ShipID":14 }
{ "timestamp":"2016-12-13T19:15:23Z", "event":"RefuelAll", "Cost":1600, "Amount":32.000000 }
{ "timestamp":"2016-12-13T19:16:28Z", "event":"ModuleBuy", "Slot":"LargeHardpoint1", "SellItem":"$hpt_mininglaser_fixed_medium_name;", "SellItem_Localised":"Mining Laser", "SellPrice":22576, "BuyItem":"$hpt_multicannon_gimbal_large_name;", "BuyItem_Localised":"Multi-Cannon", "BuyPrice":578436, "Ship":"python", "ShipID":14 }
{ "timestamp":"2016-12-13T19:16:45Z", "event":"ModuleBuy", "Slot":"LargeHardpoint2", "SellItem":"$hpt_mininglaser_fixed_medium_name;", "SellItem_Localised":"Mining Laser", "SellPrice":22576, "BuyItem":"$hpt_multicannon_gimbal_large_name;", "BuyItem_Localised":"Multi-Cannon", "BuyPrice":578436, "Ship":"python", "ShipID":14 }
{ "timestamp":"2016-12-13T19:17:52Z", "event":"Undocked", "StationName":"Forstchen Plant", "StationType":"Outpost" }
{ "timestamp":"2016-12-13T19:18:52Z", "event":"ReceiveText", "From":"Forstchen Plant", "Message":"$STATION_NoFireZone_exited;", "Message_Localised":"No fire zone left.", "Channel":"npc" }
{ "timestamp":"2016-12-13T19:19:22Z", "event":"FSDJump", "StarSystem":"Cephei Sector GG-Y c21", "StarPos":[-94.656,3.813,-42.125], "SystemAllegiance":"", "SystemEconomy":"$economy_None;", "SystemEconomy_Localised":"None", "SystemGovernment":"$government_None;", "SystemGovernment_Localised":"None", "SystemSecurity":"$SYSTEM_SECURITY_low;", "SystemSecurity_Localised":"Low Security", "JumpDist":14.523, "FuelUsed":3.944184, "FuelLevel":60.055817 }
{ "timestamp":"2016-12-13T19:19:45Z", "event":"ReceiveText", "From":"$npc_name_decorate:#name=Michael Kalverkamp;", "From_Localised":"Michael Kalverkamp", "Message":"$Pirate_HunterHostileSC_Relevant05;", "Message_Localised":"The rumour was right... good job I found you first.", "Channel":"npc" }
{ "timestamp":"2016-12-13T19:20:21Z", "event":"FSDJump", "StarSystem":"LTT 16764", "StarPos":[-89.500,-2.469,-31.406], "SystemAllegiance":"Independent", "SystemEconomy":"$economy_Agri;", "SystemEconomy_Localised":"Agriculture", "SystemGovernment":"$government_Corporate;", "SystemGovernment_Localised":"Corporate", "SystemSecurity":"$SYSTEM_SECURITY_high;", "SystemSecurity_Localised":"High Security", "JumpDist":13.451, "FuelUsed":3.227645, "FuelLevel":56.828171, "SystemFaction":"Purple Netcoms Industries", "FactionState":"Boom" }
{ "timestamp":"2016-12-13T19:21:16Z", "event":"FSDJump", "StarSystem":"23 Epsilon Cephei", "StarPos":[-81.719,0.656,-19.188], "SystemAllegiance":"", "SystemEconomy":"$economy_None;", "SystemEconomy_Localised":"None", "SystemGovernment":"$government_None;", "SystemGovernment_Localised":"None", "SystemSecurity":"$SYSTEM_SECURITY_low;", "SystemSecurity_Localised":"Low Security", "JumpDist":14.819, "FuelUsed":4.050056, "FuelLevel":52.778114 }
{ "timestamp":"2016-12-13T19:22:15Z", "event":"FSDJump", "StarSystem":"G 232-62", "StarPos":[-67.969,-2.031,-14.031], "SystemAllegiance":"Federation", "SystemEconomy":"$economy_Colony;", "SystemEconomy_Localised":"Colony", "SystemGovernment":"$government_Corporate;", "SystemGovernment_Localised":"Corporate", "SystemSecurity":"$SYSTEM_SECURITY_low;", "SystemSecurity_Localised":"Low Security", "JumpDist":14.929, "FuelUsed":4.070395, "FuelLevel":48.707718, "SystemFaction":"G 232-62 Ltd", "FactionState":"Retreat" }
{ "timestamp":"2016-12-13T19:23:16Z", "event":"FSDJump", "StarSystem":"Wolf 926", "StarPos":[-58.156,-0.313,-5.313], "SystemAllegiance":"Federation", "SystemEconomy":"$economy_Military;", "SystemEconomy_Localised":"Military", "SystemGovernment":"$government_Confederacy;", "SystemGovernment_Localised":"Confederacy", "SystemSecurity":"$SYSTEM_SECURITY_low;", "SystemSecurity_Localised":"Low Security", "JumpDist":13.238, "FuelUsed":2.992557, "FuelLevel":45.715160, "SystemFaction":"Wolf 926 League" }
{ "timestamp":"2016-12-13T19:24:06Z", "event":"FSDJump", "StarSystem":"V1396 Cygni", "StarPos":[-49.375,-3.594,6.188], "SystemAllegiance":"", "SystemEconomy":"$economy_None;", "SystemEconomy_Localised":"None", "SystemGovernment":"$government_None;", "SystemGovernment_Localised":"None", "SystemSecurity":"$SYSTEM_SECURITY_low;", "SystemSecurity_Localised":"Low Security", "JumpDist":14.837, "FuelUsed":3.918227, "FuelLevel":41.796932 }
{ "timestamp":"2016-12-13T19:24:33Z", "event":"ReceiveText", "From":"$npc_name_decorate:#name=Chloe Conroy;", "From_Localised":"Chloe Conroy", "Message":"$Pirate_HunterHostileSC_Relevant05;", "Message_Localised":"The rumour was right... good job I found you first.", "Channel":"npc" }
{ "timestamp":"2016-12-13T19:25:03Z", "event":"FSDJump", "StarSystem":"Wolf 1373", "StarPos":[-40.438,-11.750,15.719], "SystemAllegiance":"Federation", "SystemEconomy":"$economy_Refinery;", "SystemEconomy_Localised":"Refinery", "SystemGovernment":"$government_Democracy;", "SystemGovernment_Localised":"Democracy", "SystemSecurity":"$SYSTEM_SECURITY_high;", "SystemSecurity_Localised":"High Security", "JumpDist":15.403, "FuelUsed":4.240100, "FuelLevel":37.556831, "SystemFaction":"Labour of Wolf 1373", "FactionState":"Boom" }
{ "timestamp":"2016-12-13T19:25:50Z", "event":"FSDJump", "StarSystem":"Pyredi", "StarPos":[-25.656,-10.563,20.031], "SystemAllegiance":"", "SystemEconomy":"$economy_None;", "SystemEconomy_Localised":"None", "SystemGovernment":"$government_None;", "SystemGovernment_Localised":"None", "SystemSecurity":"$SYSTEM_SECURITY_low;", "SystemSecurity_Localised":"Low Security", "JumpDist":15.443, "FuelUsed":4.208322, "FuelLevel":33.348511 }
{ "timestamp":"2016-12-13T19:26:44Z", "event":"FSDJump", "StarSystem":"LAWD 74", "StarPos":[-17.438,-6.531,30.469], "SystemAllegiance":"", "SystemEconomy":"$economy_None;", "SystemEconomy_Localised":"None", "SystemGovernment":"$government_None;", "SystemGovernment_Localised":"None", "SystemSecurity":"$SYSTEM_SECURITY_low;", "SystemSecurity_Localised":"Low Security", "JumpDist":13.883, "FuelUsed":3.197064, "FuelLevel":30.151447 }
{ "timestamp":"2016-12-13T19:27:47Z", "event":"FSDJump", "StarSystem":"Milscothach", "StarPos":[-9.594,-5.500,41.219], "SystemAllegiance":"Independent", "SystemEconomy":"$economy_Colony;", "SystemEconomy_Localised":"Colony", "SystemGovernment":"$government_PrisonColony;", "SystemGovernment_Localised":"Prison colony", "SystemSecurity":"$SYSTEM_SECURITY_low;", "SystemSecurity_Localised":"Low Security", "JumpDist":13.347, "FuelUsed":2.872511, "FuelLevel":27.278936, "SystemFaction":"Milscothach Prison Colony" }
{ "timestamp":"2016-12-13T19:28:45Z", "event":"FSDJump", "StarSystem":"Algreit", "StarPos":[-8.313,-11.781,53.281], "SystemAllegiance":"Independent", "SystemEconomy":"$economy_Agri;", "SystemEconomy_Localised":"Agriculture", "SystemGovernment":"$government_Dictatorship;", "SystemGovernment_Localised":"Dictatorship", "SystemSecurity":"$SYSTEM_SECURITY_medium;", "SystemSecurity_Localised":"Medium Security", "JumpDist":13.660, "FuelUsed":3.011288, "FuelLevel":24.267649, "SystemFaction":"Nationals of Algreit", "FactionState":"Boom" }
{ "timestamp":"2016-12-13T19:30:05Z", "event":"FSDJump", "StarSystem":"Aeternitas", "StarPos":[-1.500,-14.656,56.875], "SystemAllegiance":"Federation", "SystemEconomy":"$economy_Agri;", "SystemEconomy_Localised":"Agriculture", "SystemGovernment":"$government_Corporate;", "SystemGovernment_Localised":"Corporate", "SystemSecurity":"$SYSTEM_SECURITY_high;", "SystemSecurity_Localised":"High Security", "JumpDist":8.221, "FuelUsed":0.859250, "FuelLevel":23.408400, "SystemFaction":"Aeternitas Industries", "FactionState":"Boom" }
{ "timestamp":"2016-12-13T19:30:28Z", "event":"ReceiveText", "From":"$npc_name_decorate:#name=Zoe O'Connell;", "From_Localised":"Zoe O'Connell", "Message":"$Pirate_HunterHostileSC_Relevant01;", "Message_Localised":"That's the ship I'm looking for, the one with the big haul...", "Channel":"npc" }
{ "timestamp":"2016-12-13T19:31:23Z", "event":"SupercruiseExit", "StarSystem":"Aeternitas", "Body":"Houtman City", "BodyType":"Station" }
{ "timestamp":"2016-12-13T19:31:24Z", "event":"ReceiveText", "From":"Houtman City", "Message":"$STATION_NoFireZone_entered;", "Message_Localised":"No fire zone entered.", "Channel":"npc" }
{ "timestamp":"2016-12-13T19:31:33Z", "event":"DockingRequested", "StationName":"Houtman City" }
{ "timestamp":"2016-12-13T19:31:33Z", "event":"ReceiveText", "From":"Houtman City", "Message":"$DockingChatter_Neutral;", "Message_Localised":"Ensure to observe starport protocol during your visit, pilot.", "Channel":"npc" }
{ "timestamp":"2016-12-13T19:31:34Z", "event":"ReceiveText", "From":"Houtman City", "Message":"$STATION_docking_granted;", "Message_Localised":"Docking request granted.", "Channel":"npc" }
{ "timestamp":"2016-12-13T19:31:34Z", "event":"DockingGranted", "LandingPad":33, "StationName":"Houtman City" }
{ "timestamp":"2016-12-13T19:33:01Z", "event":"Docked", "StationName":"Houtman City", "StationType":"Orbis", "StarSystem":"Aeternitas", "StationFaction":"Aeternitas Industries", "FactionState":"Boom", "StationGovernment":"$government_Corporate;", "StationGovernment_Localised":"Corporate", "StationAllegiance":"Federation", "StationEconomy":"$economy_Industrial;", "StationEconomy_Localised":"Industrial" }
{ "timestamp":"2016-12-13T19:33:41Z", "event":"CommunityGoalJoin", "Name":"Restoring Order in Aeternitas", "System":"Aeternitas" }
{ "timestamp":"2016-12-13T19:38:10Z", "event":"ModuleBuy", "Slot":"MediumHardpoint1", "SellItem":"$hpt_basicmissilerack_fixed_medium_name;", "SellItem_Localised":"Seeker Missile Rack", "SellPrice":435540, "BuyItem":"$hpt_beamlaser_turret_medium_name;", "BuyItem_Localised":"Beam Laser", "BuyPrice":1889910, "Ship":"python", "ShipID":14 }
{ "timestamp":"2016-12-13T19:38:30Z", "event":"ModuleBuy", "Slot":"MediumHardpoint2", "SellItem":"$hpt_basicmissilerack_fixed_medium_name;", "SellItem_Localised":"Seeker Missile Rack", "SellPrice":435540, "BuyItem":"$hpt_beamlaser_turret_medium_name;", "BuyItem_Localised":"Beam Laser", "BuyPrice":1889910, "Ship":"python", "ShipID":14 }
{ "timestamp":"2016-12-13T19:39:29Z", "event":"RefuelAll", "Cost":2047, "Amount":40.930656 }
{ "timestamp":"2016-12-13T19:40:20Z", "event":"Undocked", "StationName":"Houtman City", "StationType":"Orbis" }
{ "timestamp":"2016-12-13T19:41:27Z", "event":"SupercruiseEntry", "StarSystem":"Aeternitas" }
{ "timestamp":"2016-12-13T19:43:09Z", "event":"SupercruiseExit", "StarSystem":"Aeternitas", "Body":"Aeternitas", "BodyType":"Star" }
{ "timestamp":"2016-12-13T19:44:00Z", "event":"ReceiveText", "From":"$npc_name_decorate:#name=EGP Operative;", "From_Localised":"EGP Operative", "Message":"$PowersPirate_OnStartScanCargo05;", "Message_Localised":"We're in need of some contributions. You got any?", "Channel":"npc" }
{ "timestamp":"2016-12-13T19:44:02Z", "event":"ReceiveText", "From":"$npc_name_decorate:#name=Tom Worm;", "From_Localised":"Tom Worm", "Message":"$BountyHunter_ThankYouPassedStopAndSearch04;", "Message_Localised":"Sorry, mistaken identity. I thought you were someone else.", "Channel":"npc" }
{ "timestamp":"2016-12-13T19:44:08Z", "event":"ReceiveText", "From":"$npc_name_decorate:#name=Nathan Corn;", "From_Localised":"Nathan Corn", "Message":"$BountyHunter_ThankYouPassedStopAndSearch04;", "Message_Localised":"Sorry, mistaken identity. I thought you were someone else.", "Channel":"npc" }
{ "timestamp":"2016-12-13T19:44:52Z", "event":"ReceiveText", "From":"$ShipName_Police_Federation;", "From_Localised":"Federal Security Service", "Message":"$Police_ArriveInvestigate02;", "Message_Localised":"Incident response units on station.", "Channel":"npc" }
{ "timestamp":"2016-12-13T19:44:53Z", "event":"ReceiveText", "From":"$ShipName_Police_Federation;", "From_Localised":"Federal Security Service", "Message":"$Police_ArrivedAtInvestigationLocation01;", "Message_Localised":"All citizens must submit to authority scans. Do not attempt to flee!", "Channel":"npc" }
{ "timestamp":"2016-12-13T19:45:31Z", "event":"ReceiveText", "From":"$npc_name_decorate:#name=VonRichtofen;", "From_Localised":"VonRichtofen", "Message":"$Escort_EscortJump08;", "Message_Localised":"The lead is down. No payday for me.", "Channel":"npc" }
{ "timestamp":"2016-12-13T19:45:33Z", "event":"Bounty", "Rewards":[ { "Faction":"Aeternitas Industries", "Reward":37965 } ], "TotalReward":37965, "VictimFaction":"Yuri Grom" }
{ "timestamp":"2016-12-13T19:46:04Z", "event":"ReceiveText", "From":"$npc_name_decorate:#name=EGP Operative;", "From_Localised":"EGP Operative", "Message":"$BadKarmaCriticalDamage06;", "Message_Localised":"I hadn't expected this.", "Channel":"npc" }
{ "timestamp":"2016-12-13T19:46:19Z", "event":"Bounty", "Rewards":[ { "Faction":"Aeternitas Industries", "Reward":800 } ], "TotalReward":800, "VictimFaction":"Yuri Grom" }
{ "timestamp":"2016-12-13T19:46:48Z", "event":"ReceiveText", "From":"$ShipName_Police_Federation;", "From_Localised":"Federal Security Service", "Message":"$Police_ThankYouPassedStopAndSearch06;", "Message_Localised":"We're done here pilot, move along.", "Channel":"npc" }
{ "timestamp":"2016-12-13T19:46:58Z", "event":"ReceiveText", "From":"$ShipName_Police_Federation;", "From_Localised":"Federal Security Service", "Message":"$Police_ThankYouPassedStopAndSearch06;", "Message_Localised":"We're done here pilot, move along.", "Channel":"npc" }
{ "timestamp":"2016-12-13T19:48:35Z", "event":"Bounty", "Rewards":[ { "Faction":"Federation", "Reward":8565 } ], "TotalReward":8565, "VictimFaction":"Union of Aeternitas Liberals" }
{ "timestamp":"2016-12-13T19:48:40Z", "event":"ReceiveText", "From":"$npc_name_decorate:#name=Phillipe Santanna;", "From_Localised":"Phillipe Santanna", "Message":"$BountyHunter_ThankYouPassedStopAndSearch02;", "Message_Localised":"You're not the one I'm looking for. Move along.", "Channel":"npc" }
{ "timestamp":"2016-12-13T19:49:01Z", "event":"MaterialCollected", "Category":"Encoded", "Name":"shielddensityreports", "Count":3 }
{ "timestamp":"2016-12-13T19:50:04Z", "event":"ReceiveText", "From":"$npc_name_decorate:#name=Robsworth;", "From_Localised":"Robsworth", "Message":"$Pirate_OnHullLowJumpAway15;", "Message_Localised":"Urgent repairs needed and then I will hunt you down, Commander.", "Channel":"npc" }
{ "timestamp":"2016-12-13T19:50:12Z", "event":"Bounty", "Rewards":[ { "Faction":"Aeternitas Industries", "Reward":400 }, { "Faction":"Federation", "Reward":10987 } ], "TotalReward":11387, "VictimFaction":"Aeternitas Fortune Ltd" }
{ "timestamp":"2016-12-13T19:52:17Z", "event":"ReceiveText", "From":"$npc_name_decorate:#name=Garukor;", "From_Localised":"Garukor", "Message":"$BountyHunter_ThankYouPassedStopAndSearch05;", "Message_Localised":"Keep your nose clean, Commander. Now proceed with your journey.", "Channel":"npc" }
{ "timestamp":"2016-12-13T19:52:44Z", "event":"ReceiveText", "From":"$ShipName_Police_Federation;", "From_Localised":"Federal Security Service", "Message":"$Police_ThankYouPassedStopAndSearch08;", "Message_Localised":"All done and you're clear to proceed, Commander.", "Channel":"npc" }
{ "timestamp":"2016-12-13T19:53:57Z", "event":"Bounty", "Rewards":[ { "Faction":"Aeternitas Industries", "Reward":400 }, { "Faction":"Federation", "Reward":9150 } ], "TotalReward":9550, "VictimFaction":"Aeternitas Industries" }
{ "timestamp":"2016-12-13T19:54:10Z", "event":"MaterialCollected", "Category":"Encoded", "Name":"shieldsoakanalysis", "Count":3 }
{ "timestamp":"2016-12-13T19:54:11Z", "event":"MaterialCollected", "Category":"Encoded", "Name":"shieldpatternanalysis", "Count":3 }
{ "timestamp":"2016-12-13T19:54:11Z", "event":"MaterialCollected", "Category":"Encoded", "Name":"shieldpatternanalysis", "Count":3 }
{ "timestamp":"2016-12-13T19:54:25Z", "event":"Bounty", "Rewards":[ { "Faction":"Aeternitas Industries", "Reward":19390 } ], "TotalReward":19390, "VictimFaction":"Aeternitas Industries" }
{ "timestamp":"2016-12-13T19:55:09Z", "event":"SupercruiseEntry", "StarSystem":"Aeternitas" }
{ "timestamp":"2016-12-13T19:57:00Z", "event":"SupercruiseExit", "StarSystem":"Aeternitas", "Body":"Houtman City", "BodyType":"Station" }
{ "timestamp":"2016-12-13T19:57:02Z", "event":"ReceiveText", "From":"Houtman City", "Message":"$STATION_NoFireZone_entered;", "Message_Localised":"No fire zone entered.", "Channel":"npc" }
{ "timestamp":"2016-12-13T19:57:11Z", "event":"DockingRequested", "StationName":"Houtman City" }
{ "timestamp":"2016-12-13T19:57:11Z", "event":"ReceiveText", "From":"Houtman City", "Message":"$DockingChatter_Neutral;", "Message_Localised":"Ensure to observe starport protocol during your visit, pilot.", "Channel":"npc" }
{ "timestamp":"2016-12-13T19:57:13Z", "event":"ReceiveText", "From":"Houtman City", "Message":"$STATION_docking_granted;", "Message_Localised":"Docking request granted.", "Channel":"npc" }
{ "timestamp":"2016-12-13T19:57:13Z", "event":"DockingGranted", "LandingPad":22, "StationName":"Houtman City" }
{ "timestamp":"2016-12-13T19:58:21Z", "event":"Docked", "StationName":"Houtman City", "StationType":"Orbis", "StarSystem":"Aeternitas", "StationFaction":"Aeternitas Industries", "FactionState":"Boom", "StationGovernment":"$government_Corporate;", "StationGovernment_Localised":"Corporate", "StationAllegiance":"Federation", "StationEconomy":"$economy_Industrial;", "StationEconomy_Localised":"Industrial" }
{ "timestamp":"2016-12-13T20:00:03Z", "event":"ReceiveText", "From":"$npc_name_decorate:#name=Goudge;", "From_Localised":"Goudge", "Message":"$Smuggler_NearDeath03;", "Message_Localised":"You almost had me there!", "Channel":"npc" }
{ "timestamp":"2016-12-13T20:02:43Z", "event":"RedeemVoucher", "Type":"bounty", "Amount":87657 }
{ "timestamp":"2016-12-13T20:03:13Z", "event":"RefuelAll", "Cost":26, "Amount":0.515721 }
{ "timestamp":"2016-12-13T20:03:14Z", "event":"BuyAmmo", "Cost":713 }
{ "timestamp":"2016-12-13T20:05:31Z", "event":"Undocked", "StationName":"Houtman City", "StationType":"Orbis" }
{ "timestamp":"2016-12-13T20:05:50Z", "event":"ReceiveText", "From":"$npc_name_decorate:#name=Allan Brown;", "From_Localised":"Allan Brown", "Message":"$Commuter_AuthorityScan10;", "Message_Localised":"You'll get no trouble from me, officer.", "Channel":"npc" }
{ "timestamp":"2016-12-13T20:06:39Z", "event":"ReceiveText", "From":"Houtman City", "Message":"$STATION_NoFireZone_exited;", "Message_Localised":"No fire zone left.", "Channel":"npc" }
{ "timestamp":"2016-12-13T20:06:53Z", "event":"FSDJump", "StarSystem":"Core Sys Sector TO-R b4-7", "StarPos":[-3.344,-12.938,44.688], "SystemAllegiance":"", "SystemEconomy":"$economy_None;", "SystemEconomy_Localised":"None", "SystemGovernment":"$government_None;", "SystemGovernment_Localised":"None", "SystemSecurity":"$SYSTEM_SECURITY_low;", "SystemSecurity_Localised":"Low Security", "JumpDist":12.445, "FuelUsed":2.701889, "FuelLevel":61.298111 }
{ "timestamp":"2016-12-13T20:07:20Z", "event":"ReceiveText", "From":"$npc_name_decorate:#name=Jeffrey Jorgensen;", "From_Localised":"Jeffrey Jorgensen", "Message":"$Pirate_HunterHostileSC_Relevant03;", "Message_Localised":"I've come a long way for what's in your hold, don't try to run!", "Channel":"npc" }
{ "timestamp":"2016-12-13T20:07:43Z", "event":"FSDJump", "StarSystem":"Core Sys Sector QT-R b4-5", "StarPos":[-8.406,-4.844,36.625], "SystemAllegiance":"", "SystemEconomy":"$economy_None;", "SystemEconomy_Localised":"None", "SystemGovernment":"$government_None;", "SystemGovernment_Localised":"None", "SystemSecurity":"$SYSTEM_SECURITY_low;", "SystemSecurity_Localised":"Low Security", "JumpDist":12.496, "FuelUsed":2.705282, "FuelLevel":58.592831 }
{ "timestamp":"2016-12-13T20:08:42Z", "event":"FSDJump", "StarSystem":"Haghole", "StarPos":[-5.875,0.906,23.844], "SystemAllegiance":"Federation", "SystemEconomy":"$economy_Industrial;", "SystemEconomy_Localised":"Industrial", "SystemGovernment":"$government_Corporate;", "SystemGovernment_Localised":"Corporate", "SystemSecurity":"$SYSTEM_SECURITY_high;", "SystemSecurity_Localised":"High Security", "JumpDist":14.242, "FuelUsed":3.695135, "FuelLevel":54.897697, "SystemFaction":"Haghole Galactic Company", "FactionState":"Boom" }
{ "timestamp":"2016-12-13T20:09:31Z", "event":"FSDJump", "StarSystem":"Wolf 1061", "StarPos":[-0.844,5.469,12.844], "SystemAllegiance":"", "SystemEconomy":"$economy_None;", "SystemEconomy_Localised":"None", "SystemGovernment":"$government_None;", "SystemGovernment_Localised":"None", "SystemSecurity":"$SYSTEM_SECURITY_low;", "SystemSecurity_Localised":"Low Security", "JumpDist":12.928, "FuelUsed":2.880570, "FuelLevel":52.017128 }
{ "timestamp":"2016-12-13T20:10:31Z", "event":"FSDJump", "StarSystem":"LHS 47", "StarPos":[0.719,16.688,5.406], "SystemAllegiance":"", "SystemEconomy":"$economy_None;", "SystemEconomy_Localised":"None", "SystemGovernment":"$government_None;", "SystemGovernment_Localised":"None", "SystemSecurity":"$SYSTEM_SECURITY_low;", "SystemSecurity_Localised":"Low Security", "JumpDist":13.551, "FuelUsed":3.202558, "FuelLevel":48.814571 }
{ "timestamp":"2016-12-13T20:11:28Z", "event":"FSDJump", "StarSystem":"LHS 2887", "StarPos":[-7.344,26.781,5.719], "SystemAllegiance":"Federation", "SystemEconomy":"$economy_Industrial;", "SystemEconomy_Localised":"Industrial", "SystemGovernment":"$government_Confederacy;", "SystemGovernment_Localised":"Confederacy", "SystemSecurity":"$SYSTEM_SECURITY_low;", "SystemSecurity_Localised":"Low Security", "JumpDist":12.922, "FuelUsed":2.821469, "FuelLevel":45.993103, "SystemFaction":"Workers of LHS 2887 League", "FactionState":"Boom" }
{ "timestamp":"2016-12-13T20:12:31Z", "event":"FSDJump", "StarSystem":"Wyrd", "StarPos":[-11.625,31.531,-3.938], "SystemAllegiance":"Federation", "SystemEconomy":"$economy_Extraction;", "SystemEconomy_Localised":"Extraction", "SystemGovernment":"$government_Confederacy;", "SystemGovernment_Localised":"Confederacy", "SystemSecurity":"$SYSTEM_SECURITY_medium;", "SystemSecurity_Localised":"Medium Security", "JumpDist":11.582, "FuelUsed":2.137699, "FuelLevel":43.855404, "SystemFaction":"Alliance of BD+47 2112" }
{ "timestamp":"2016-12-13T20:14:38Z", "event":"SupercruiseExit", "StarSystem":"Wyrd", "Body":"Wyrd A 2", "BodyType":"Planet" }
{ "timestamp":"2016-12-13T20:14:56Z", "event":"DockingRequested", "StationName":"Black Hide" }
{ "timestamp":"2016-12-13T20:14:56Z", "event":"ReceiveText", "From":"Black Hide", "Message":"$DockingChatter_Cordial;", "Message_Localised":"Welcome back, Commander.", "Channel":"npc" }
{ "timestamp":"2016-12-13T20:14:57Z", "event":"ReceiveText", "From":"Black Hide", "Message":"$STATION_docking_granted;", "Message_Localised":"Docking request granted.", "Channel":"npc" }
{ "timestamp":"2016-12-13T20:14:57Z", "event":"DockingGranted", "LandingPad":7, "StationName":"Black Hide" }
{ "timestamp":"2016-12-13T20:15:13Z", "event":"ReceiveText", "From":"Black Hide", "Message":"$STATION_NoFireZone_entered;", "Message_Localised":"No fire zone entered.", "Channel":"npc" }
{ "timestamp":"2016-12-13T20:15:49Z", "event":"Docked", "StationName":"Black Hide", "StarSystem":"Wyrd", "StationFaction":"Alliance of BD+47 2112", "StationGovernment":"$government_Confederacy;", "StationGovernment_Localised":"Confederacy", "StationAllegiance":"Federation" }
{ "timestamp":"2016-12-13T20:15:59Z", "event":"RefuelAll", "Cost":1020, "Amount":20.377928 }
{ "timestamp":"2016-12-13T20:16:52Z", "event":"EngineerCraft", "Engineer":"The Dweller", "Blueprint":"Weapon_LightWeight", "Level":1, "Ingredients":{"phosphorus":1 } }
{ "timestamp":"2016-12-13T20:17:19Z", "event":"EngineerCraft", "Engineer":"The Dweller", "Blueprint":"Weapon_LightWeight", "Level":1, "Ingredients":{"phosphorus":1 } }
{ "timestamp":"2016-12-13T20:17:47Z", "event":"EngineerApply", "Engineer":"The Dweller", "Blueprint":"Weapon_LightWeight", "Level":1 }
{ "timestamp":"2016-12-13T20:18:39Z", "event":"EngineerCraft", "Engineer":"The Dweller", "Blueprint":"PowerDistributor_HighFrequency", "Level":1, "Ingredients":{"legacyfirmware":1 } }
{ "timestamp":"2016-12-13T20:19:10Z", "event":"EngineerApply", "Engineer":"The Dweller", "Blueprint":"PowerDistributor_HighFrequency", "Level":1 }
{ "timestamp":"2016-12-13T20:19:24Z", "event":"EngineerCraft", "Engineer":"The Dweller", "Blueprint":"Weapon_LightWeight", "Level":1, "Ingredients":{"phosphorus":1 } }
{ "timestamp":"2016-12-13T20:19:57Z", "event":"EngineerApply", "Engineer":"The Dweller", "Blueprint":"Weapon_LightWeight", "Level":1 }
{ "timestamp":"2016-12-13T20:20:51Z", "event":"EngineerCraft", "Engineer":"The Dweller", "Blueprint":"Weapon_LongRange", "Level":1, "Ingredients":{"sulphur":1 } }
{ "timestamp":"2016-12-13T20:21:18Z", "event":"EngineerCraft", "Engineer":"The Dweller", "Blueprint":"Weapon_LongRange", "Level":1, "Ingredients":{"sulphur":1 } }
{ "timestamp":"2016-12-13T20:21:46Z", "event":"EngineerCraft", "Engineer":"The Dweller", "Blueprint":"Weapon_LongRange", "Level":1, "Ingredients":{"sulphur":1 } }
{ "timestamp":"2016-12-13T20:22:46Z", "event":"EngineerCraft", "Engineer":"The Dweller", "Blueprint":"Weapon_LongRange", "Level":1, "Ingredients":{"sulphur":1 } }
{ "timestamp":"2016-12-13T20:23:12Z", "event":"EngineerApply", "Engineer":"The Dweller", "Blueprint":"Weapon_LongRange", "Level":1 }
