{ "timestamp":"2016-09-21T20:46:54Z", "event":"Fileheader", "part":1, "language":"English\\UK", "gameversion":"2.2 (Beta 3)", "build":"r121970/r0 " }
{ "timestamp":"2016-09-21T20:47:36Z", "event":"LoadGame", "Commander":"Blantyre", "Ship":"Python", "ShipID":12, "GameMode":"Solo", "Credits":17179696, "Loan":0 }
{ "timestamp":"2016-09-21T20:47:36Z", "event":"Rank", "Combat":4, "Trade":5, "Explore":4, "Empire":2, "Federation":6, "CQC":0 }
{ "timestamp":"2016-09-21T20:47:36Z", "event":"Progress", "Combat":8, "Trade":84, "Explore":14, "Empire":14, "Federation":95, "CQC":0 }
{ "timestamp":"2016-09-21T20:47:50Z", "event":"Location", "StarSystem":"Hyades Sector RU-N b7-2", "StarPos":[-34.906,5.719,-118.188], "Allegiance":"", "Economy":"$economy_None;", "Economy_Localised":"None", "Government":"$government_None;", "Government_Localised":"None", "Security":"$SYSTEM_SECURITY_low;", "Security_Localised":"Low Security" }
{ "timestamp":"2016-09-21T20:49:19Z", "event":"FSDJump", "StarSystem":"Lu Pardan", "StarPos":[-28.344,7.781,-115.719], "Allegiance":"Federation", "Economy":"$economy_HighTech;", "Economy_Localised":"High tech", "Government":"$government_Corporate;", "Government_Localised":"Corporate", "Security":"$SYSTEM_SECURITY_medium;", "Security_Localised":"Medium Security", "JumpDist":7.309, "FuelUsed":0.768803, "FuelLevel":31.231197, "Faction":"Jet Travel Services" }
{ "timestamp":"2016-09-21T20:54:57Z", "event":"MaterialCollected", "Category":"Encoded", "Name":"shieldsoakanalysis" }
{ "timestamp":"2016-09-21T20:54:57Z", "event":"MaterialCollected", "Category":"Encoded", "Name":"scandatabanks" }
{ "timestamp":"2016-09-21T20:56:11Z", "event":"SupercruiseExit", "StarSystem":"Lu Pardan", "Body":"Sacco Port" }
{ "timestamp":"2016-09-21T20:56:24Z", "event":"DockingRequested", "StationName":"Sacco Port" }
{ "timestamp":"2016-09-21T20:56:25Z", "event":"DockingGranted", "LandingPad":23, "StationName":"Sacco Port" }
{ "timestamp":"2016-09-21T20:57:46Z", "event":"Docked", "StationName":"Sacco Port", "StationType":"Coriolis", "StarSystem":"Lu Pardan", "Faction":"Jet Travel Services", "Allegiance":"Federation", "Economy":"$economy_HighTech;", "Economy_Localised":"High tech", "Government":"$government_Corporate;", "Government_Localised":"Corporate", "Security":"$SYSTEM_SECURITY_medium;", "Security_Localised":"Medium Security" }
{ "timestamp":"2016-09-21T20:59:54Z", "event":"ModuleBuy", "Slot":"PowerPlant", "SellItem":"$int_powerplant_size7_class2_name;", "SellItem_Localised":"Power Plant", "SellPrice":1899597, "BuyItem":"$int_powerplant_size7_class3_name;", "BuyItem_Localised":"Power Plant", "BuyPrice":484398, "Ship":"python", "ShipID":12 }
{ "timestamp":"2016-09-21T20:59:55Z", "event":"ShieldState", "ShieldsUp":false }
{ "timestamp":"2016-09-21T21:00:03Z", "event":"ShieldState", "ShieldsUp":true }
{ "timestamp":"2016-09-21T21:01:04Z", "event":"ModuleBuy", "Slot":"PowerDistributor", "SellItem":"$int_powerdistributor_size7_class4_name;", "SellItem_Localised":"Power Distributor", "SellPrice":3892770, "BuyItem":"$int_powerdistributor_size7_class5_name;", "BuyItem_Localised":"Power Distributor", "BuyPrice":827215, "Ship":"python", "ShipID":12 }
{ "timestamp":"2016-09-21T21:04:36Z", "event":"Undocked", "StationName":"Sacco Port", "StationType":"Coriolis" }
{ "timestamp":"2016-09-21T21:06:15Z", "event":"FSDJump", "StarSystem":"Hyades Sector QZ-N b7-3", "StarPos":[-17.094,16.500,-117.219], "Allegiance":"", "Economy":"$economy_None;", "Economy_Localised":"None", "Government":"$government_None;", "Government_Localised":"None", "Security":"$SYSTEM_SECURITY_low;", "Security_Localised":"Low Security", "JumpDist":14.312, "FuelUsed":3.500423, "FuelLevel":27.730774 }
{ "timestamp":"2016-09-21T21:06:41Z", "event":"FuelScoop", "Scooped":2.490728, "Total":30.221502 }
{ "timestamp":"2016-09-21T21:07:18Z", "event":"FSDJump", "StarSystem":"Kunuvii", "StarPos":[-11.438,18.031,-107.063], "Allegiance":"Federation", "Economy":"$economy_Industrial;", "Economy_Localised":"Industrial", "Government":"$government_Corporate;", "Government_Localised":"Corporate", "Security":"$SYSTEM_SECURITY_medium;", "Security_Localised":"Medium Security", "JumpDist":11.725, "FuelUsed":2.140751, "FuelLevel":28.080751, "Faction":"Catun PLC" }
{ "timestamp":"2016-09-21T21:07:41Z", "event":"FuelScoop", "Scooped":0.535301, "Total":28.616053 }
{ "timestamp":"2016-09-21T21:08:16Z", "event":"FSDJump", "StarSystem":"Catun", "StarPos":[-4.719,25.625,-105.063], "Allegiance":"Empire", "Economy":"$economy_HighTech;", "Economy_Localised":"High tech", "Government":"$government_Feudal;", "Government_Localised":"Feudal", "Security":"$SYSTEM_SECURITY_medium;", "Security_Localised":"Medium Security", "JumpDist":10.335, "FuelUsed":1.562671, "FuelLevel":27.053381, "Faction":"Escuadron Centinelas" }
{ "timestamp":"2016-09-21T21:08:51Z", "event":"FuelScoop", "Scooped":4.551556, "Total":31.604937 }
{ "timestamp":"2016-09-21T21:11:55Z", "event":"SupercruiseExit", "StarSystem":"Catun", "Body":"Gardner Orbital" }
{ "timestamp":"2016-09-21T21:12:12Z", "event":"DockingRequested", "StationName":"Gardner Orbital" }
{ "timestamp":"2016-09-21T21:12:13Z", "event":"DockingGranted", "LandingPad":45, "StationName":"Gardner Orbital" }
{ "timestamp":"2016-09-21T21:13:51Z", "event":"Docked", "StationName":"Gardner Orbital", "StationType":"Coriolis", "StarSystem":"Catun", "Faction":"Escuadron Centinelas", "Allegiance":"Empire", "Economy":"$economy_HighTech;", "Economy_Localised":"High tech", "Government":"$government_Feudal;", "Government_Localised":"Feudal", "Security":"$SYSTEM_SECURITY_medium;", "Security_Localised":"Medium Security" }
{ "timestamp":"2016-09-21T21:14:41Z", "event":"RefuelAll", "Cost":53, "Amount":1.044767 }
{ "timestamp":"2016-09-21T21:24:29Z", "event":"Undocked", "StationName":"Gardner Orbital", "StationType":"Coriolis" }
{ "timestamp":"2016-09-21T21:26:45Z", "event":"ShieldState", "ShieldsUp":true }
{ "timestamp":"2016-09-21T21:27:03Z", "event":"FSDJump", "StarSystem":"Hyades Sector UF-M b8-3", "StarPos":[-15.094,22.406,-99.781], "Allegiance":"", "Economy":"$economy_None;", "Economy_Localised":"None", "Government":"$government_None;", "Government_Localised":"None", "Security":"$SYSTEM_SECURITY_low;", "Security_Localised":"Low Security", "JumpDist":12.079, "FuelUsed":2.315823, "FuelLevel":29.684177 }
{ "timestamp":"2016-09-21T21:27:27Z", "event":"FuelScoop", "Scooped":1.156767, "Total":30.840944 }
{ "timestamp":"2016-09-21T21:27:56Z", "event":"FSDJump", "StarSystem":"Tascheter Sector BQ-Y c18", "StarPos":[-17.750,9.188,-95.000], "Allegiance":"", "Economy":"$economy_None;", "Economy_Localised":"None", "Government":"$government_None;", "Government_Localised":"None", "Security":"$SYSTEM_SECURITY_low;", "Security_Localised":"Low Security", "JumpDist":14.306, "FuelUsed":3.492070, "FuelLevel":27.348875 }
{ "timestamp":"2016-09-21T21:28:20Z", "event":"FuelScoop", "Scooped":0.737392, "Total":28.086267 }
{ "timestamp":"2016-09-21T21:28:56Z", "event":"FSDJump", "StarSystem":"Clarus", "StarPos":[-22.031,2.938,-89.469], "Allegiance":"Federation", "Economy":"$economy_Industrial;", "Economy_Localised":"Industrial", "Government":"$government_Democracy;", "Government_Localised":"Democracy", "Security":"$SYSTEM_SECURITY_high;", "Security_Localised":"High Security", "JumpDist":9.380, "FuelUsed":1.230447, "FuelLevel":26.855820, "Faction":"Clarus Future" }
{ "timestamp":"2016-09-21T21:31:16Z", "event":"SupercruiseExit", "StarSystem":"Clarus", "Body":"MacLean Gateway" }
{ "timestamp":"2016-09-21T21:31:32Z", "event":"DockingRequested", "StationName":"MacLean Gateway" }
{ "timestamp":"2016-09-21T21:31:33Z", "event":"DockingGranted", "LandingPad":11, "StationName":"MacLean Gateway" }
{ "timestamp":"2016-09-21T21:32:08Z", "event":"Docked", "StationName":"MacLean Gateway", "StationType":"Coriolis", "StarSystem":"Clarus", "Faction":"Clarus Future", "Allegiance":"Federation", "Economy":"$economy_Industrial;", "Economy_Localised":"Industrial", "Government":"$government_Democracy;", "Government_Localised":"Democracy", "Security":"$SYSTEM_SECURITY_high;", "Security_Localised":"High Security" }
{ "timestamp":"2016-09-21T21:32:40Z", "event":"ShipyardBuy", "ShipType":"federation_gunship", "ShipPrice":3044208, "SellOldShip":"Python", "SellShipID":12, "SellPrice":64279285 }
{ "timestamp":"2016-09-21T21:32:41Z", "event":"ShipyardNew", "ShipType":"federation_gunship", "NewShipID":12 }
{ "timestamp":"2016-09-21T21:32:54Z", "event":"Docked", "StationName":"MacLean Gateway", "StationType":"Coriolis", "StarSystem":"Clarus", "Faction":"Clarus Future", "Allegiance":"Federation", "Economy":"$economy_Industrial;", "Economy_Localised":"Industrial", "Government":"$government_Democracy;", "Government_Localised":"Democracy", "Security":"$SYSTEM_SECURITY_high;", "Security_Localised":"High Security" }
{ "timestamp":"2016-09-21T21:33:31Z", "event":"ModuleBuy", "Slot":"PowerPlant", "SellItem":"$int_powerplant_size6_class1_name;", "SellItem_Localised":"Power Plant", "SellPrice":16978, "BuyItem":"$int_powerplant_size6_class5_name;", "BuyItem_Localised":"Power Plant", "BuyPrice":1375261, "Ship":"federation_gunship", "ShipID":12 }
{ "timestamp":"2016-09-21T21:33:31Z", "event":"ShieldState", "ShieldsUp":false }
{ "timestamp":"2016-09-21T21:33:35Z", "event":"ShieldState", "ShieldsUp":true }
{ "timestamp":"2016-09-21T21:33:37Z", "event":"ModuleBuy", "Slot":"MainEngines", "SellItem":"$int_engine_size6_class1_name;", "SellItem_Localised":"Thrusters", "SellPrice":16978, "BuyItem":"$int_engine_size6_class5_name;", "BuyItem_Localised":"Thrusters", "BuyPrice":1375261, "Ship":"federation_gunship", "ShipID":12 }
{ "timestamp":"2016-09-21T21:33:43Z", "event":"ModuleBuy", "Slot":"FrameShiftDrive", "SellItem":"$int_hyperdrive_size5_class1_name;", "SellItem_Localised":"FSD", "SellPrice":5355, "BuyItem":"$int_hyperdrive_size5_class5_name;", "BuyItem_Localised":"FSD", "BuyPrice":433836, "Ship":"federation_gunship", "ShipID":12 }
{ "timestamp":"2016-09-21T21:34:05Z", "event":"ModuleBuy", "Slot":"PowerDistributor", "SellItem":"$int_powerdistributor_size7_class1_name;", "SellItem_Localised":"Power Distributor", "SellPrice":21176, "BuyItem":"$int_powerdistributor_size7_class5_name;", "BuyItem_Localised":"Power Distributor", "BuyPrice":827215, "Ship":"federation_gunship", "ShipID":12 }
{ "timestamp":"2016-09-21T21:34:28Z", "event":"ModuleBuy", "Slot":"Radar", "SellItem":"$int_sensors_size5_class1_name;", "SellItem_Localised":"Sensors", "SellPrice":2701, "BuyItem":"$int_sensors_size5_class2_name;", "BuyItem_Localised":"Sensors", "BuyPrice":6753, "Ship":"federation_gunship", "ShipID":12 }
{ "timestamp":"2016-09-21T21:35:32Z", "event":"MarketSell", "Type":"magneticemittercoil", "Count":4, "SellPrice":38, "TotalSale":152, "AvgPricePaid":0 }
{ "timestamp":"2016-09-21T21:35:35Z", "event":"MarketSell", "Type":"reinforcedmountingplate", "Count":4, "SellPrice":609, "TotalSale":2436, "AvgPricePaid":0 }
{ "timestamp":"2016-09-21T21:35:39Z", "event":"MarketSell", "Type":"nanobreakers", "Count":4, "SellPrice":165, "TotalSale":660, "AvgPricePaid":0 }
{ "timestamp":"2016-09-21T21:36:09Z", "event":"ModuleBuy", "Slot":"Slot01_Size6", "BuyItem":"$int_fighterbay_size6_class1_name;", "BuyItem_Localised":"Fighter Hangar", "BuyPrice":158894, "Ship":"federation_gunship", "ShipID":12 }
{ "timestamp":"2016-09-21T21:37:15Z", "event":"ModuleBuy", "Slot":"Slot02_Size6", "SellItem":"$int_shieldgenerator_size6_class1_name;", "SellItem_Localised":"Shield Generator", "SellPrice":16978, "BuyItem":"$int_shieldgenerator_size6_class5_name;", "BuyItem_Localised":"Shield Generator", "BuyPrice":1375261, "Ship":"federation_gunship", "ShipID":12 }
{ "timestamp":"2016-09-21T21:37:30Z", "event":"ModuleBuy", "Slot":"Slot05_Size2", "SellItem":"$int_stellarbodydiscoveryscanner_standard_name;", "SellItem_Localised":"D - Scanner", "SellPrice":85, "BuyItem":"$int_stellarbodydiscoveryscanner_advanced_name;", "BuyItem_Localised":"D - Scanner", "BuyPrice":131325, "Ship":"federation_gunship", "ShipID":12 }
{ "timestamp":"2016-09-21T21:38:02Z", "event":"ModuleBuy", "Slot":"Slot04_Size2", "BuyItem":"$int_buggybay_size2_class2_name;", "BuyItem_Localised":"Planetary Vehicle Hangar", "BuyPrice":1836, "Ship":"federation_gunship", "ShipID":12 }
{ "timestamp":"2016-09-21T21:39:27Z", "event":"ModuleBuy", "Slot":"LargeHardpoint1", "BuyItem":"$hpt_multicannon_gimbal_large_name;", "BuyItem_Localised":"Multi-Cannon", "BuyPrice":49168, "Ship":"federation_gunship", "ShipID":12 }
{ "timestamp":"2016-09-21T21:39:43Z", "event":"ModuleBuy", "Slot":"MediumHardpoint1", "BuyItem":"$hpt_beamlaser_gimbal_medium_name;", "BuyItem_Localised":"Beam Laser", "BuyPrice":42551, "Ship":"federation_gunship", "ShipID":12 }
{ "timestamp":"2016-09-21T21:39:51Z", "event":"ModuleBuy", "Slot":"MediumHardpoint2", "BuyItem":"$hpt_beamlaser_gimbal_medium_name;", "BuyItem_Localised":"Beam Laser", "BuyPrice":42551, "Ship":"federation_gunship", "ShipID":12 }
{ "timestamp":"2016-09-21T21:40:11Z", "event":"ModuleBuy", "Slot":"MediumHardpoint3", "SellItem":"$hpt_pulselaser_fixed_small_name;", "SellItem_Localised":"Pulse Laser", "SellPrice":187, "BuyItem":"$hpt_pulselaser_gimbal_medium_name;", "BuyItem_Localised":"Pulse Laser", "BuyPrice":3009, "Ship":"federation_gunship", "ShipID":12 }
{ "timestamp":"2016-09-21T21:40:24Z", "event":"ModuleBuy", "Slot":"MediumHardpoint4", "SellItem":"$hpt_pulselaser_fixed_small_name;", "SellItem_Localised":"Pulse Laser", "SellPrice":187, "BuyItem":"$hpt_pulselaser_gimbal_medium_name;", "BuyItem_Localised":"Pulse Laser", "BuyPrice":3009, "Ship":"federation_gunship", "ShipID":12 }
{ "timestamp":"2016-09-21T21:40:43Z", "event":"ModuleBuy", "Slot":"SmallHardpoint1", "BuyItem":"$hpt_basicmissilerack_fixed_small_name;", "BuyItem_Localised":"Seeker Missile Rack", "BuyPrice":6171, "Ship":"federation_gunship", "ShipID":12 }
{ "timestamp":"2016-09-21T21:40:52Z", "event":"ModuleBuy", "Slot":"SmallHardpoint2", "BuyItem":"$hpt_basicmissilerack_fixed_small_name;", "BuyItem_Localised":"Seeker Missile Rack", "BuyPrice":6171, "Ship":"federation_gunship", "ShipID":12 }
{ "timestamp":"2016-09-21T21:41:07Z", "event":"ModuleBuy", "Slot":"TinyHardpoint1", "BuyItem":"$hpt_shieldbooster_size0_class5_name;", "BuyItem_Localised":"Shield Booster", "BuyPrice":23885, "Ship":"federation_gunship", "ShipID":12 }
{ "timestamp":"2016-09-21T21:41:20Z", "event":"ModuleBuy", "Slot":"TinyHardpoint2", "BuyItem":"$hpt_chafflauncher_tiny_name;", "BuyItem_Localised":"Chaff", "BuyPrice":723, "Ship":"federation_gunship", "ShipID":12 }
{ "timestamp":"2016-09-21T21:42:15Z", "event":"ModuleBuy", "Slot":"TinyHardpoint3", "BuyItem":"$hpt_shieldbooster_size0_class5_name;", "BuyItem_Localised":"Shield Booster", "BuyPrice":23885, "Ship":"federation_gunship", "ShipID":12 }
{ "timestamp":"2016-09-21T21:42:25Z", "event":"ModuleBuy", "Slot":"PaintJob", "BuyItem":"$paintjob_federation_gunship_blackfriday_01_name;", "BuyItem_Localised":"", "BuyPrice":0, "Ship":"federation_gunship", "ShipID":12 }
{ "timestamp":"2016-09-21T21:43:29Z", "event":"CrewHire", "Name":"Ivory Cooke", "Faction":"Clarus Crimson Galactic Dev", "Cost":150000, "CombatRank":4 }
{ "timestamp":"2016-09-21T21:43:32Z", "event":"CrewHire", "Name":"Kenny Skinner", "Faction":"Clarus Future", "Cost":150000, "CombatRank":4 }
{ "timestamp":"2016-09-21T21:43:34Z", "event":"CrewHire", "Name":"Ada Barlow", "Faction":"Clarus Silver Partnership", "Cost":150000, "CombatRank":4 }
{ "timestamp":"2016-09-21T21:44:56Z", "event":"CrewAssign", "Name":"Ivory Cooke", "Role":"Active" }
{ "timestamp":"2016-09-21T21:45:21Z", "event":"BuyAmmo", "Cost":12000 }
{ "timestamp":"2016-09-21T21:47:22Z", "event":"Undocked", "StationName":"MacLean Gateway", "StationType":"Coriolis" }
{ "timestamp":"2016-09-21T21:48:52Z", "event":"SupercruiseEntry", "StarSystem":"Clarus" }
