{ "timestamp":"2016-12-17T14:12:07Z", "event":"Fileheader", "part":1, "language":"English\\UK", "gameversion":"2.2", "build":"r126898/r0 " }
{ "timestamp":"2016-12-17T14:12:43Z", "event":"LoadGame", "Commander":"Blantyre", "Ship":"Python", "ShipID":14, "GameMode":"Solo", "Credits":18756764, "Loan":0 }
{ "timestamp":"2016-12-17T14:12:43Z", "event":"Rank", "Combat":4, "Trade":5, "Explore":4, "Empire":2, "Federation":7, "CQC":0 }
{ "timestamp":"2016-12-17T14:12:43Z", "event":"Progress", "Combat":24, "Trade":88, "Explore":35, "Empire":18, "Federation":4, "CQC":0 }
{ "timestamp":"2016-12-17T14:13:19Z", "event":"Location", "Docked":true, "StationName":"Whitson Orbital", "StationType":"Orbis", "StarSystem":"LP 339-7", "StarPos":[-70.063,-8.281,27.906], "SystemAllegiance":"Federation", "SystemEconomy":"$economy_Agri;", "SystemEconomy_Localised":"Agriculture", "SystemGovernment":"$government_Corporate;", "SystemGovernment_Localised":"Corporate", "SystemSecurity":"$SYSTEM_SECURITY_high;", "SystemSecurity_Localised":"High Security", "Body":"Whitson Orbital", "BodyType":"Station", "SystemFaction":"Starship Enterprises", "FactionState":"Boom" }
{ "timestamp":"2016-12-17T14:13:19Z", "event":"Docked", "StationName":"Whitson Orbital", "StationType":"Orbis", "StarSystem":"LP 339-7", "StationFaction":"Starship Enterprises", "FactionState":"Boom", "StationGovernment":"$government_Corporate;", "StationGovernment_Localised":"Corporate", "StationAllegiance":"Federation", "StationEconomy":"$economy_Agri;", "StationEconomy_Localised":"Agriculture" }
{ "timestamp":"2016-12-17T14:20:13Z", "event":"Undocked", "StationName":"Whitson Orbital", "StationType":"Orbis" }
{ "timestamp":"2016-12-17T14:21:01Z", "event":"SupercruiseEntry", "StarSystem":"LP 339-7" }
{ "timestamp":"2016-12-17T14:28:18Z", "event":"SupercruiseExit", "StarSystem":"LP 339-7", "Body":"LP 339-7 4 A Ring", "BodyType":"PlanetaryRing" }
{ "timestamp":"2016-12-17T14:29:01Z", "event":"ReceiveText", "From":"$npc_name_decorate:#name=Maria Henriksen;", "From_Localised":"Maria Henriksen", "Message":"$Pirate_OnStartScanCargo03;", "Message_Localised":"What are you hauling?", "Channel":"npc" }
{ "timestamp":"2016-12-17T14:29:10Z", "event":"ReceiveText", "From":"$npc_name_decorate:#name=Maria Henriksen;", "From_Localised":"Maria Henriksen", "Message":"$Pirate_OnNoCargoFound04;", "Message_Localised":"Another dud? Damn it all!", "Channel":"npc" }
{ "timestamp":"2016-12-17T14:29:27Z", "event":"ReceiveText", "From":"$npc_name_decorate:#name=Clive;", "From_Localised":"Clive", "Message":"$BadKarmaCriticalDamage08;", "Message_Localised":"I've taken too many hits.", "Channel":"npc" }
{ "timestamp":"2016-12-17T14:29:39Z", "event":"ReceiveText", "From":"$npc_name_decorate:#name=JPM;", "From_Localised":"JPM", "Message":"$Pirate_OnStartScanCargo04;", "Message_Localised":"What do you carry, I wonder?", "Channel":"npc" }
{ "timestamp":"2016-12-17T14:29:49Z", "event":"ReceiveText", "From":"$npc_name_decorate:#name=JPM;", "From_Localised":"JPM", "Message":"$Pirate_OnNoCargoFound03;", "Message_Localised":"No cargo? Useless dreg.", "Channel":"npc" }
{ "timestamp":"2016-12-17T14:30:07Z", "event":"Bounty", "Rewards":[ { "Faction":"Starship Enterprises", "Reward":62005 } ], "TotalReward":62005, "VictimFaction":"LP 339-7 Blue Clan" }
{ "timestamp":"2016-12-17T14:30:27Z", "event":"ReceiveText", "From":"$npc_name_decorate:#name=JPM;", "From_Localised":"JPM", "Message":"$Pirate_OnDeclarePiracyAttack01;", "Message_Localised":"I'll pick your bones clean, greenhorn.", "Channel":"npc" }
{ "timestamp":"2016-12-17T14:30:41Z", "event":"ShieldState", "ShieldsUp":false }
{ "timestamp":"2016-12-17T14:30:44Z", "event":"HullDamage", "Health":0.765655 }
{ "timestamp":"2016-12-17T14:30:50Z", "event":"HullDamage", "Health":0.556894 }
{ "timestamp":"2016-12-17T14:30:51Z", "event":"HullDamage", "Health":0.399748 }
{ "timestamp":"2016-12-17T14:30:54Z", "event":"ReceiveText", "From":"$npc_name_decorate:#name=JPM;", "From_Localised":"JPM", "Message":"$Pirate_OnDeclarePiracyAttack12;", "Message_Localised":"I'm coming for you!", "Channel":"npc" }
{ "timestamp":"2016-12-17T14:31:00Z", "event":"HullDamage", "Health":0.193245 }
{ "timestamp":"2016-12-17T14:31:15Z", "event":"Died", "KillerName":"JPM", "KillerShip":"anaconda", "KillerRank":"Deadly" }
{ "timestamp":"2016-12-17T14:31:32Z", "event":"Resurrect", "Option":"rebuy", "Cost":4381831, "Bankrupt":false }
{ "timestamp":"2016-12-17T14:31:57Z", "event":"Location", "Docked":true, "StationName":"Whitson Orbital", "StationType":"Orbis", "StarSystem":"LP 339-7", "StarPos":[-70.063,-8.281,27.906], "SystemAllegiance":"Federation", "SystemEconomy":"$economy_Agri;", "SystemEconomy_Localised":"Agriculture", "SystemGovernment":"$government_Corporate;", "SystemGovernment_Localised":"Corporate", "SystemSecurity":"$SYSTEM_SECURITY_high;", "SystemSecurity_Localised":"High Security", "Body":"Whitson Orbital", "BodyType":"Station", "SystemFaction":"Starship Enterprises", "FactionState":"Boom" }
{ "timestamp":"2016-12-17T14:31:57Z", "event":"Docked", "StationName":"Whitson Orbital", "StationType":"Orbis", "StarSystem":"LP 339-7", "StationFaction":"Starship Enterprises", "FactionState":"Boom", "StationGovernment":"$government_Corporate;", "StationGovernment_Localised":"Corporate", "StationAllegiance":"Federation", "StationEconomy":"$economy_Agri;", "StationEconomy_Localised":"Agriculture" }
{ "timestamp":"2016-12-17T14:32:38Z", "event":"Undocked", "StationName":"Whitson Orbital", "StationType":"Orbis" }
{ "timestamp":"2016-12-17T14:33:19Z", "event":"ReceiveText", "From":"$npc_name_decorate:#name=Bittz;", "From_Localised":"Bittz", "Message":"$Commuter_AuthorityScan04;", "Message_Localised":"Is this really necessary?", "Channel":"npc" }
{ "timestamp":"2016-12-17T14:33:23Z", "event":"SupercruiseEntry", "StarSystem":"LP 339-7" }
{ "timestamp":"2016-12-17T14:35:57Z", "event":"SupercruiseExit", "StarSystem":"LP 339-7", "Body":"Gell-Mann Ring", "BodyType":"Station" }
{ "timestamp":"2016-12-17T14:35:58Z", "event":"ReceiveText", "From":"Gell-Mann Ring", "Message":"$STATION_NoFireZone_entered;", "Message_Localised":"No fire zone entered.", "Channel":"npc" }
{ "timestamp":"2016-12-17T14:36:10Z", "event":"DockingRequested", "StationName":"Gell-Mann Ring" }
{ "timestamp":"2016-12-17T14:36:10Z", "event":"ReceiveText", "From":"Gell-Mann Ring", "Message":"$DockingChatter_Neutral;", "Message_Localised":"Ensure to observe starport protocol during your visit, pilot.", "Channel":"npc" }
{ "timestamp":"2016-12-17T14:36:11Z", "event":"ReceiveText", "From":"Gell-Mann Ring", "Message":"$STATION_docking_granted;", "Message_Localised":"Docking request granted.", "Channel":"npc" }
{ "timestamp":"2016-12-17T14:36:11Z", "event":"DockingGranted", "LandingPad":7, "StationName":"Gell-Mann Ring" }
{ "timestamp":"2016-12-17T14:37:22Z", "event":"Docked", "StationName":"Gell-Mann Ring", "StationType":"Orbis", "StarSystem":"LP 339-7", "StationFaction":"LP 339-7 Blue Creative Inc", "FactionState":"Boom", "StationGovernment":"$government_Corporate;", "StationGovernment_Localised":"Corporate", "StationAllegiance":"Federation", "StationEconomy":"$economy_Industrial;", "StationEconomy_Localised":"Industrial" }
{ "timestamp":"2016-12-17T14:37:30Z", "event":"RefuelAll", "Cost":1607, "Amount":32.127041 }
{ "timestamp":"2016-12-17T14:38:00Z", "event":"ModuleBuy", "Slot":"LargeHardpoint1", "SellItem":"$hpt_basicmissilerack_fixed_medium_name;", "SellItem_Localised":"Seeker Missile Rack", "SellPrice":461160, "BuyItem":"$hpt_multicannon_gimbal_large_name;", "BuyItem_Localised":"Multi-Cannon", "BuyPrice":520593, "Ship":"python", "ShipID":14 }
{ "timestamp":"2016-12-17T14:38:19Z", "event":"ModuleBuy", "Slot":"LargeHardpoint2", "SellItem":"$hpt_basicmissilerack_fixed_medium_name;", "SellItem_Localised":"Seeker Missile Rack", "SellPrice":461160, "BuyItem":"$hpt_multicannon_gimbal_large_name;", "BuyItem_Localised":"Multi-Cannon", "BuyPrice":520593, "Ship":"python", "ShipID":14 }
{ "timestamp":"2016-12-17T14:39:01Z", "event":"ReceiveText", "From":"$npc_name_decorate:#name=Batse;", "From_Localised":"Batse", "Message":"$Commuter_AuthorityScan06;", "Message_Localised":"What's going on here, officer?", "Channel":"npc" }
{ "timestamp":"2016-12-17T14:39:03Z", "event":"ModuleBuy", "Slot":"Slot05_Size5", "SellItem":"$int_cargorack_size5_class1_name;", "SellItem_Localised":"Cargo Rack", "SellPrice":111566, "BuyItem":"$int_hullreinforcement_size5_class1_name;", "BuyItem_Localised":"Hull Reinforcement", "BuyPrice":150000, "Ship":"python", "ShipID":14 }
{ "timestamp":"2016-12-17T14:39:13Z", "event":"ModuleBuy", "Slot":"Slot04_Size5", "SellItem":"$int_fueltank_size5_class3_name;", "SellItem_Localised":"Fuel Tank", "SellPrice":97754, "BuyItem":"$int_hullreinforcement_size5_class1_name;", "BuyItem_Localised":"Hull Reinforcement", "BuyPrice":150000, "Ship":"python", "ShipID":14 }
{ "timestamp":"2016-12-17T14:39:34Z", "event":"ModuleBuy", "Slot":"Slot06_Size4", "SellItem":"$int_cargorack_size4_class1_name;", "SellItem_Localised":"Cargo Rack", "SellPrice":34328, "BuyItem":"$int_hullreinforcement_size4_class1_name;", "BuyItem_Localised":"Hull Reinforcement", "BuyPrice":65000, "Ship":"python", "ShipID":14 }
{ "timestamp":"2016-12-17T14:46:52Z", "event":"Undocked", "StationName":"Gell-Mann Ring", "StationType":"Orbis" }
{ "timestamp":"2016-12-17T14:47:40Z", "event":"SupercruiseEntry", "StarSystem":"LP 339-7" }
{ "timestamp":"2016-12-17T14:53:14Z", "event":"SupercruiseExit", "StarSystem":"LP 339-7", "Body":"LP 339-7 5 B Ring", "BodyType":"PlanetaryRing" }
{ "timestamp":"2016-12-17T14:54:13Z", "event":"MaterialCollected", "Category":"Encoded", "Name":"shieldcyclerecordings", "Count":3 }
{ "timestamp":"2016-12-17T14:54:31Z", "event":"ReceiveText", "From":"$npc_name_decorate:#name=Utopian Overseer;", "From_Localised":"Utopian Overseer", "Message":"$Pirate_OnDeclarePiracyAttack15;", "Message_Localised":"There will be no escape for you.", "Channel":"npc" }
{ "timestamp":"2016-12-17T14:54:31Z", "event":"ReceiveText", "From":"$ShipName_Police_Federation;", "From_Localised":"Federal Security Service", "Message":"$Police_ThankYouPassedStopAndSearch09;", "Message_Localised":"Move along, Commander, we're done here.", "Channel":"npc" }
{ "timestamp":"2016-12-17T14:54:43Z", "event":"Bounty", "Rewards":[ { "Faction":"Starship Enterprises", "Reward":400 }, { "Faction":"Federation", "Reward":9412 } ], "TotalReward":9812, "VictimFaction":"Pranav Antal" }
{ "timestamp":"2016-12-17T14:54:54Z", "event":"ReceiveText", "From":"$npc_name_decorate:#name=Utopian Overseer;", "From_Localised":"Utopian Overseer", "Message":"$Escort_NearDeath01;", "Message_Localised":"It's no good, I can't manoeuvre.", "Channel":"npc" }
{ "timestamp":"2016-12-17T14:54:59Z", "event":"Bounty", "Rewards":[ { "Faction":"Starship Enterprises", "Reward":400 }, { "Faction":"Federation", "Reward":8512 } ], "TotalReward":8912, "VictimFaction":"Pranav Antal" }
{ "timestamp":"2016-12-17T14:54:59Z", "event":"ReceiveText", "From":"$ShipName_Police_Federation;", "From_Localised":"Federal Security Service", "Message":"$Police_ArriveReinforcement04;", "Message_Localised":"Reinforcements have arrived.", "Channel":"npc" }
{ "timestamp":"2016-12-17T14:55:35Z", "event":"Bounty", "Rewards":[ { "Faction":"Starship Enterprises", "Reward":11012 } ], "TotalReward":11012, "VictimFaction":"Pranav Antal" }
{ "timestamp":"2016-12-17T15:01:44Z", "event":"ReceiveText", "From":"$npc_name_decorate:#name=Chris Fenly;", "From_Localised":"Chris Fenly", "Message":"$Pirate_OnStartScanCargo10;", "Message_Localised":"Let me see what you have.", "Channel":"npc" }
{ "timestamp":"2016-12-17T15:01:54Z", "event":"ReceiveText", "From":"$npc_name_decorate:#name=Chris Fenly;", "From_Localised":"Chris Fenly", "Message":"$Pirate_OnNoCargoFound10;", "Message_Localised":"There's nothing worth my while here.", "Channel":"npc" }
{ "timestamp":"2016-12-17T15:02:16Z", "event":"ReceiveText", "From":"$npc_name_decorate:#name=Chris Fenly;", "From_Localised":"Chris Fenly", "Message":"$Pirate_OnEnemyShipDetection08;", "Message_Localised":"Things just got a bit more complicated.", "Channel":"npc" }
{ "timestamp":"2016-12-17T15:02:25Z", "event":"ReceiveText", "From":"$npc_name_decorate:#name=Chris Fenly;", "From_Localised":"Chris Fenly", "Message":"$Pirate_OnAuthorityDetection01;", "Message_Localised":"Things just got interesting.", "Channel":"npc" }
{ "timestamp":"2016-12-17T15:02:26Z", "event":"ReceiveText", "From":"$ShipName_Police_Federation;", "From_Localised":"Federal Security Service", "Message":"$Police_ArrivedAtInvestigationLocation04;", "Message_Localised":"Rapid deployment unit deployed. Initiating scans of all ships in the area.", "Channel":"npc" }
{ "timestamp":"2016-12-17T15:02:28Z", "event":"ReceiveText", "From":"$ShipName_Police_Federation;", "From_Localised":"Federal Security Service", "Message":"$Police_ArrivedAtInvestigationLocation06;", "Message_Localised":"Crime response team in situ. Security sweep and scan commencing.", "Channel":"npc" }
{ "timestamp":"2016-12-17T15:02:31Z", "event":"ReceiveText", "From":"$ShipName_Police_Federation;", "From_Localised":"Federal Security Service", "Message":"$Police_ArriveInvestigate04;", "Message_Localised":"Emergency response squad in position.", "Channel":"npc" }
{ "timestamp":"2016-12-17T15:02:31Z", "event":"ReceiveText", "From":"$ShipName_Police_Federation;", "From_Localised":"Federal Security Service", "Message":"$Police_ArrivedAtInvestigationLocation05;", "Message_Localised":"A crime has been reported here. All ships will be scanned.", "Channel":"npc" }
{ "timestamp":"2016-12-17T15:02:32Z", "event":"ReceiveText", "From":"$ShipName_Police_Federation;", "From_Localised":"Federal Security Service", "Message":"$Police_ArriveInvestigate03;", "Message_Localised":"Crime response flight deployed.", "Channel":"npc" }
{ "timestamp":"2016-12-17T15:02:42Z", "event":"ReceiveText", "From":"$ShipName_Police_Federation;", "From_Localised":"Federal Security Service", "Message":"$Police_ArriveInvestigate04;", "Message_Localised":"Emergency response squad in position.", "Channel":"npc" }
{ "timestamp":"2016-12-17T15:02:42Z", "event":"ReceiveText", "From":"$ShipName_Police_Federation;", "From_Localised":"Federal Security Service", "Message":"$Police_ArrivedAtInvestigationLocation01;", "Message_Localised":"All citizens must submit to authority scans. Do not attempt to flee!", "Channel":"npc" }
{ "timestamp":"2016-12-17T15:02:42Z", "event":"ReceiveText", "From":"$ShipName_Police_Federation;", "From_Localised":"Federal Security Service", "Message":"$Police_ArrivedAtInvestigationLocation04;", "Message_Localised":"Rapid deployment unit deployed. Initiating scans of all ships in the area.", "Channel":"npc" }
{ "timestamp":"2016-12-17T15:02:45Z", "event":"ShieldState", "ShieldsUp":false }
{ "timestamp":"2016-12-17T15:03:11Z", "event":"ReceiveText", "From":"$npc_name_decorate:#name=Jon Russell;", "From_Localised":"Jon Russell", "Message":"$Pirate_OnDeclarePiracyAttack02;", "Message_Localised":"You choose death then. Very well.", "Channel":"npc" }
{ "timestamp":"2016-12-17T15:03:24Z", "event":"ReceiveText", "From":"$npc_name_decorate:#name=Huxi;", "From_Localised":"Huxi", "Message":"$Escort_NearDeath04;", "Message_Localised":"Breaking off attack, I can't hold it.", "Channel":"npc" }
{ "timestamp":"2016-12-17T15:03:28Z", "event":"HeatWarning" }
{ "timestamp":"2016-12-17T15:03:37Z", "event":"Bounty", "Rewards":[ { "Faction":"Starship Enterprises", "Reward":800 }, { "Faction":"Federation", "Reward":75075 } ], "TotalReward":75875, "VictimFaction":"Independent LP 339-7 Values Party" }
{ "timestamp":"2016-12-17T15:04:24Z", "event":"ReceiveText", "From":"$npc_name_decorate:#name=Jon Russell;", "From_Localised":"Jon Russell", "Message":"$BadKarmaCriticalDamage02;", "Message_Localised":"Impossible!", "Channel":"npc" }
{ "timestamp":"2016-12-17T15:04:42Z", "event":"ReceiveText", "From":"$npc_name_decorate:#name=Alan Wishart;", "From_Localised":"Alan Wishart", "Message":"$Pirate_OnStartScanCargo04;", "Message_Localised":"What do you carry, I wonder?", "Channel":"npc" }
{ "timestamp":"2016-12-17T15:04:43Z", "event":"ShieldState", "ShieldsUp":true }
{ "timestamp":"2016-12-17T15:04:45Z", "event":"Bounty", "Rewards":[ { "Faction":"Starship Enterprises", "Reward":1200 }, { "Faction":"Federation", "Reward":103050 } ], "TotalReward":104250, "VictimFaction":"Independent LP 339-7 Values Party" }
{ "timestamp":"2016-12-17T15:04:52Z", "event":"ReceiveText", "From":"$npc_name_decorate:#name=Alan Wishart;", "From_Localised":"Alan Wishart", "Message":"$Pirate_OnNoCargoFound05;", "Message_Localised":"How do you fools make a living?", "Channel":"npc" }
{ "timestamp":"2016-12-17T15:05:01Z", "event":"ReceiveText", "From":"$ShipName_Police_Federation;", "From_Localised":"Federal Security Service", "Message":"$Police_FinishedAtInvestigationLocation04;", "Message_Localised":"Crime response sweep completed. All ships are free to depart.", "Channel":"npc" }
{ "timestamp":"2016-12-17T15:05:03Z", "event":"ReceiveText", "From":"$ShipName_Police_Federation;", "From_Localised":"Federal Security Service", "Message":"$Police_FinishedAtInvestigationLocation04;", "Message_Localised":"Crime response sweep completed. All ships are free to depart.", "Channel":"npc" }
{ "timestamp":"2016-12-17T15:05:03Z", "event":"ReceiveText", "From":"$ShipName_Police_Federation;", "From_Localised":"Federal Security Service", "Message":"$Police_FinishedAtInvestigationLocation02;", "Message_Localised":"Investigation is complete, you may be on your way.", "Channel":"npc" }
{ "timestamp":"2016-12-17T15:05:04Z", "event":"MaterialCollected", "Category":"Encoded", "Name":"decodedemissiondata", "Count":3 }
{ "timestamp":"2016-12-17T15:05:56Z", "event":"ReceiveText", "From":"$npc_name_decorate:#name=Alan Wishart;", "From_Localised":"Alan Wishart", "Message":"$BadKarmaCriticalDamage03;", "Message_Localised":"You fight a good fight!", "Channel":"npc" }
{ "timestamp":"2016-12-17T15:05:56Z", "event":"ReceiveText", "From":"$npc_name_decorate:#name=Holbrook Waldron;", "From_Localised":"Holbrook Waldron", "Message":"$Pirate_OnStartScanCargo10;", "Message_Localised":"Let me see what you have.", "Channel":"npc" }
{ "timestamp":"2016-12-17T15:06:06Z", "event":"ReceiveText", "From":"$npc_name_decorate:#name=Holbrook Waldron;", "From_Localised":"Holbrook Waldron", "Message":"$Pirate_OnNoCargoFound03;", "Message_Localised":"No cargo? Useless dreg.", "Channel":"npc" }
{ "timestamp":"2016-12-17T15:06:20Z", "event":"Bounty", "Rewards":[ { "Faction":"Starship Enterprises", "Reward":54985 } ], "TotalReward":54985, "VictimFaction":"LP 339-7 Blue Clan" }
{ "timestamp":"2016-12-17T15:06:39Z", "event":"MaterialCollected", "Category":"Encoded", "Name":"decodedemissiondata", "Count":3 }
{ "timestamp":"2016-12-17T15:06:39Z", "event":"MaterialCollected", "Category":"Encoded", "Name":"shieldpatternanalysis", "Count":3 }
{ "timestamp":"2016-12-17T15:06:52Z", "event":"ReceiveText", "From":"$ShipName_Police_Federation;", "From_Localised":"Federal Security Service", "Message":"$Police_FinishedAtInvestigationLocation04;", "Message_Localised":"Crime response sweep completed. All ships are free to depart.", "Channel":"npc" }
{ "timestamp":"2016-12-17T15:07:48Z", "event":"Bounty", "Rewards":[ { "Faction":"Federation", "Reward":86895 } ], "TotalReward":86895, "VictimFaction":"LP 339-7 Blue Clan" }
{ "timestamp":"2016-12-17T15:08:10Z", "event":"HeatWarning" }
{ "timestamp":"2016-12-17T15:08:16Z", "event":"ReceiveText", "From":"$npc_name_decorate:#name=Nombuyiselo;", "From_Localised":"Nombuyiselo", "Message":"$Escort_NearDeath07;", "Message_Localised":"I've taken too much damage.", "Channel":"npc" }
{ "timestamp":"2016-12-17T15:08:46Z", "event":"ReceiveText", "From":"$npc_name_decorate:#name=Holbrook Waldron;", "From_Localised":"Holbrook Waldron", "Message":"$BadKarmaCriticalDamage01;", "Message_Localised":"How is this happening?!", "Channel":"npc" }
{ "timestamp":"2016-12-17T15:08:56Z", "event":"HeatWarning" }
{ "timestamp":"2016-12-17T15:09:01Z", "event":"ReceiveText", "From":"$npc_name_decorate:#name=Fnagwaa Turnarius;", "From_Localised":"Fnagwaa Turnarius", "Message":"$Pirate_OnStartScanCargo05;", "Message_Localised":"What treats do you carry?", "Channel":"npc" }
{ "timestamp":"2016-12-17T15:09:03Z", "event":"Bounty", "Rewards":[ { "Faction":"Starship Enterprises", "Reward":114160 } ], "TotalReward":114160, "VictimFaction":"LP 339-7 Blue Clan" }
{ "timestamp":"2016-12-17T15:09:11Z", "event":"ReceiveText", "From":"$npc_name_decorate:#name=Fnagwaa Turnarius;", "From_Localised":"Fnagwaa Turnarius", "Message":"$Pirate_OnNoCargoFound06;", "Message_Localised":"Another dream of riches dashed.", "Channel":"npc" }
{ "timestamp":"2016-12-17T15:09:19Z", "event":"Bounty", "Rewards":[ { "Faction":"Starship Enterprises", "Reward":93000 } ], "TotalReward":93000, "VictimFaction":"LP 339-7 Blue Clan" }
{ "timestamp":"2016-12-17T15:10:22Z", "event":"SupercruiseEntry", "StarSystem":"LP 339-7" }
{ "timestamp":"2016-12-17T15:11:18Z", "event":"ReceiveText", "From":"$npc_name_decorate:#name=Cruise Ship;", "From_Localised":"Cruise Ship", "Message":"$CruiseLiner_SCPatrol02;", "Message_Localised":"We will be cruising in-system for a while, please feel free to take advantage of our in-flight entertainment.", "Channel":"npc" }
{ "timestamp":"2016-12-17T15:11:43Z", "event":"FSDJump", "StarSystem":"LTT 15985", "StarPos":[-71.688,-10.156,28.156], "SystemAllegiance":"Federation", "SystemEconomy":"$economy_Refinery;", "SystemEconomy_Localised":"Refinery", "SystemGovernment":"$government_Corporate;", "SystemGovernment_Localised":"Corporate", "SystemSecurity":"$SYSTEM_SECURITY_medium;", "SystemSecurity_Localised":"Medium Security", "JumpDist":2.494, "FuelUsed":0.081260, "FuelLevel":31.918739, "SystemFaction":"Gilgamesh Ltd", "FactionState":"Boom" }
{ "timestamp":"2016-12-17T15:12:42Z", "event":"FSDJump", "StarSystem":"LP 339-7", "StarPos":[-70.063,-8.281,27.906], "SystemAllegiance":"Federation", "SystemEconomy":"$economy_Agri;", "SystemEconomy_Localised":"Agriculture", "SystemGovernment":"$government_Corporate;", "SystemGovernment_Localised":"Corporate", "SystemSecurity":"$SYSTEM_SECURITY_high;", "SystemSecurity_Localised":"High Security", "JumpDist":2.494, "FuelUsed":0.081242, "FuelLevel":31.837498, "SystemFaction":"Starship Enterprises", "FactionState":"Boom" }
{ "timestamp":"2016-12-17T15:13:34Z", "event":"ReceiveText", "From":"$npc_name_decorate:#name=Cruise Ship;", "From_Localised":"Cruise Ship", "Message":"$CruiseLiner_SCPatrol03;", "Message_Localised":"Today's cruise includes some delightful views, our flight attendants are on hand with full details.", "Channel":"npc" }
{ "timestamp":"2016-12-17T15:14:13Z", "event":"ReceiveText", "From":"$npc_name_decorate:#name=Cruise Ship;", "From_Localised":"Cruise Ship", "Message":"$CruiseLiner_SCPatrol03;", "Message_Localised":"Today's cruise includes some delightful views, our flight attendants are on hand with full details.", "Channel":"npc" }
{ "timestamp":"2016-12-17T15:14:54Z", "event":"SupercruiseExit", "StarSystem":"LP 339-7", "Body":"Whitson Orbital", "BodyType":"Station" }
{ "timestamp":"2016-12-17T15:14:55Z", "event":"ReceiveText", "From":"Whitson Orbital", "Message":"$STATION_NoFireZone_entered;", "Message_Localised":"No fire zone entered.", "Channel":"npc" }
{ "timestamp":"2016-12-17T15:15:06Z", "event":"DockingRequested", "StationName":"Whitson Orbital" }
{ "timestamp":"2016-12-17T15:15:06Z", "event":"ReceiveText", "From":"Whitson Orbital", "Message":"$DockingChatter_Cordial;", "Message_Localised":"Welcome back, Commander.", "Channel":"npc" }
{ "timestamp":"2016-12-17T15:15:07Z", "event":"ReceiveText", "From":"Whitson Orbital", "Message":"$STATION_docking_granted;", "Message_Localised":"Docking request granted.", "Channel":"npc" }
{ "timestamp":"2016-12-17T15:15:07Z", "event":"DockingGranted", "LandingPad":8, "StationName":"Whitson Orbital" }
{ "timestamp":"2016-12-17T15:16:05Z", "event":"ReceiveText", "From":"$ShipName_Police_Federation;", "From_Localised":"Federal Security Service", "Message":"$Police_ThankYouPassedStopAndSearch01;", "Message_Localised":"Thank you for your cooperation, Commander.", "Channel":"npc" }
{ "timestamp":"2016-12-17T15:16:39Z", "event":"Docked", "StationName":"Whitson Orbital", "StationType":"Orbis", "StarSystem":"LP 339-7", "StationFaction":"Starship Enterprises", "FactionState":"Boom", "StationGovernment":"$government_Corporate;", "StationGovernment_Localised":"Corporate", "StationAllegiance":"Federation", "StationEconomy":"$economy_Agri;", "StationEconomy_Localised":"Agriculture" }
{ "timestamp":"2016-12-17T15:16:53Z", "event":"RedeemVoucher", "Type":"bounty", "Amount":558901 }
{ "timestamp":"2016-12-17T15:18:00Z", "event":"ReceiveText", "From":"$npc_name_decorate:#name=Hella Helly;", "From_Localised":"Hella Helly", "Message":"$Commuter_AuthorityScan03;", "Message_Localised":"Will this take long? I’ve got a schedule to keep. ", "Channel":"npc" }
{ "timestamp":"2016-12-17T15:21:03Z", "event":"ReceiveText", "From":"$npc_name_decorate:#name=Alex Gavrilyuk;", "From_Localised":"Alex Gavrilyuk", "Message":"$Commuter_AuthorityScan05;", "Message_Localised":"On what grounds are you scanning this vessel, officer?", "Channel":"npc" }
{ "timestamp":"2016-12-17T15:23:47Z", "event":"BuyAmmo", "Cost":2227 }
{ "timestamp":"2016-12-17T15:23:48Z", "event":"RepairAll", "Cost":33918 }
{ "timestamp":"2016-12-17T15:23:49Z", "event":"RefuelAll", "Cost":53, "Amount":1.038456 }
{ "timestamp":"2016-12-17T15:24:14Z", "event":"Undocked", "StationName":"Whitson Orbital", "StationType":"Orbis" }
{ "timestamp":"2016-12-17T15:25:00Z", "event":"SupercruiseEntry", "StarSystem":"LP 339-7" }
{ "timestamp":"2016-12-17T15:31:13Z", "event":"SupercruiseExit", "StarSystem":"LP 339-7", "Body":"LP 339-7 5 A Ring", "BodyType":"PlanetaryRing" }
{ "timestamp":"2016-12-17T15:32:05Z", "event":"ReceiveText", "From":"$npc_name_decorate:#name=Aisling Guardian;", "From_Localised":"Aisling Guardian", "Message":"$PowersPirate_OnStartScanCargo03;", "Message_Localised":"Let's see if you have anything for us.", "Channel":"npc" }
{ "timestamp":"2016-12-17T15:32:12Z", "event":"ReceiveText", "From":"$npc_name_decorate:#name=Shield of Justice;", "From_Localised":"Shield of Justice", "Message":"$PowersPirate_OnStartScanCargo04;", "Message_Localised":"Anything we can use?", "Channel":"npc" }
{ "timestamp":"2016-12-17T15:32:15Z", "event":"ReceiveText", "From":"$npc_name_decorate:#name=Aisling Guardian;", "From_Localised":"Aisling Guardian", "Message":"$PowersPirate_OnNoCargoFound02;", "Message_Localised":"Another dud, I'm really not filling my quota today.", "Channel":"npc" }
{ "timestamp":"2016-12-17T15:32:22Z", "event":"ReceiveText", "From":"$npc_name_decorate:#name=Shield of Justice;", "From_Localised":"Shield of Justice", "Message":"$PowersPirate_OnNoCargoFound02;", "Message_Localised":"Another dud, I'm really not filling my quota today.", "Channel":"npc" }
{ "timestamp":"2016-12-17T15:32:31Z", "event":"ReceiveText", "From":"$ShipName_Police_Federation;", "From_Localised":"Federal Security Service", "Message":"$Police_ArriveInvestigate05;", "Message_Localised":"Police response unit in position.", "Channel":"npc" }
{ "timestamp":"2016-12-17T15:32:31Z", "event":"ReceiveText", "From":"$ShipName_Police_Federation;", "From_Localised":"Federal Security Service", "Message":"$Police_ArrivedAtInvestigationLocation03;", "Message_Localised":"Crime scene cordon initialised, all ships must submit to police scan.", "Channel":"npc" }
{ "timestamp":"2016-12-17T15:33:42Z", "event":"ReceiveText", "From":"$npc_name_decorate:#name=Markus Quillon;", "From_Localised":"Markus Quillon", "Message":"$BadKarmaCriticalDamage01;", "Message_Localised":"How is this happening?!", "Channel":"npc" }
{ "timestamp":"2016-12-17T15:33:45Z", "event":"ShieldState", "ShieldsUp":false }
{ "timestamp":"2016-12-17T15:34:31Z", "event":"LoadGame", "Commander":"Blantyre", "Ship":"Python", "ShipID":14, "GameMode":"Solo", "Credits":14655804, "Loan":0 }
{ "timestamp":"2016-12-17T15:34:31Z", "event":"Rank", "Combat":4, "Trade":5, "Explore":4, "Empire":2, "Federation":7, "CQC":0 }
{ "timestamp":"2016-12-17T15:34:31Z", "event":"Progress", "Combat":26, "Trade":88, "Explore":35, "Empire":18, "Federation":4, "CQC":0 }
{ "timestamp":"2016-12-17T15:34:50Z", "event":"Location", "Docked":false, "StarSystem":"LP 339-7", "StarPos":[-70.063,-8.281,27.906], "SystemAllegiance":"Federation", "SystemEconomy":"$economy_Agri;", "SystemEconomy_Localised":"Agriculture", "SystemGovernment":"$government_Corporate;", "SystemGovernment_Localised":"Corporate", "SystemSecurity":"$SYSTEM_SECURITY_high;", "SystemSecurity_Localised":"High Security", "Body":"LP 339-7 5 A Ring", "BodyType":"PlanetaryRing", "SystemFaction":"Starship Enterprises", "FactionState":"Boom" }
{ "timestamp":"2016-12-17T15:36:04Z", "event":"MaterialCollected", "Category":"Encoded", "Name":"shieldsoakanalysis", "Count":3 }
{ "timestamp":"2016-12-17T15:36:04Z", "event":"MaterialCollected", "Category":"Encoded", "Name":"shieldsoakanalysis", "Count":3 }
{ "timestamp":"2016-12-17T15:36:42Z", "event":"MaterialCollected", "Category":"Encoded", "Name":"shielddensityreports", "Count":3 }
{ "timestamp":"2016-12-17T15:37:11Z", "event":"Bounty", "Rewards":[ { "Faction":"Starship Enterprises", "Reward":400 }, { "Faction":"Federation", "Reward":16200 } ], "TotalReward":16600, "VictimFaction":"LP 339-7 Blue Clan" }
{ "timestamp":"2016-12-17T15:37:36Z", "event":"ReceiveText", "From":"$npc_name_decorate:#name=Louanne Barros;", "From_Localised":"Louanne Barros", "Message":"$BadKarmaCriticalDamage02;", "Message_Localised":"Impossible!", "Channel":"npc" }
{ "timestamp":"2016-12-17T15:37:44Z", "event":"ReceiveText", "From":"$npc_name_decorate:#name=Joseph;", "From_Localised":"Joseph", "Message":"$BadKarmaCriticalDamage08;", "Message_Localised":"I've taken too many hits.", "Channel":"npc" }
{ "timestamp":"2016-12-17T15:37:53Z", "event":"Bounty", "Rewards":[ { "Faction":"Starship Enterprises", "Reward":70150 } ], "TotalReward":70150, "VictimFaction":"LP 339-7 Blue Clan" }
{ "timestamp":"2016-12-17T15:39:40Z", "event":"MaterialCollected", "Category":"Encoded", "Name":"bulkscandata", "Count":3 }
{ "timestamp":"2016-12-17T15:39:52Z", "event":"MaterialCollected", "Category":"Encoded", "Name":"decodedemissiondata", "Count":3 }
{ "timestamp":"2016-12-17T15:39:58Z", "event":"ReceiveText", "From":"$npc_name_decorate:#name=Iain Anderson;", "From_Localised":"Iain Anderson", "Message":"$Pirate_OnDeclarePiracyAttack05;", "Message_Localised":"You have no chance now.", "Channel":"npc" }
{ "timestamp":"2016-12-17T15:40:10Z", "event":"ReceiveText", "From":"$npc_name_decorate:#name=Iain Anderson;", "From_Localised":"Iain Anderson", "Message":"$BadKarmaCriticalDamage05;", "Message_Localised":"No, no!", "Channel":"npc" }
{ "timestamp":"2016-12-17T15:40:11Z", "event":"ReceiveText", "From":"$npc_name_decorate:#name=Iain Anderson;", "From_Localised":"Iain Anderson", "Message":"$Pirate_NiggledByNewShip01;", "Message_Localised":"Oh, so you think you can take me?", "Channel":"npc" }
{ "timestamp":"2016-12-17T15:40:31Z", "event":"Bounty", "Rewards":[ { "Faction":"Starship Enterprises", "Reward":400 }, { "Faction":"Federation", "Reward":28034 } ], "TotalReward":28434, "VictimFaction":"Starship Enterprises" }
{ "timestamp":"2016-12-17T15:41:08Z", "event":"ReceiveText", "From":"$ShipName_Police_Federation;", "From_Localised":"Federal Security Service", "Message":"$Police_ThankYouPassedStopAndSearch01;", "Message_Localised":"Thank you for your cooperation, Commander.", "Channel":"npc" }
{ "timestamp":"2016-12-17T15:41:51Z", "event":"Bounty", "Rewards":[ { "Faction":"Starship Enterprises", "Reward":35500 } ], "TotalReward":35500, "VictimFaction":"LP 339-7 Blue Clan" }
{ "timestamp":"2016-12-17T15:42:35Z", "event":"ReceiveText", "From":"$npc_name_decorate:#name=Roger Karis;", "From_Localised":"Roger Karis", "Message":"$Pirate_NiggledByNewShip03;", "Message_Localised":"So you have chosen that this day will be your last.", "Channel":"npc" }
{ "timestamp":"2016-12-17T15:42:48Z", "event":"ReceiveText", "From":"$npc_name_decorate:#name=Roger Karis;", "From_Localised":"Roger Karis", "Message":"$BadKarmaCriticalDamage04;", "Message_Localised":"I don't believe it!", "Channel":"npc" }
{ "timestamp":"2016-12-17T15:42:54Z", "event":"Bounty", "Rewards":[ { "Faction":"Starship Enterprises", "Reward":400 }, { "Faction":"Federation", "Reward":24780 } ], "TotalReward":25180, "VictimFaction":"LP 339-7 Blue Clan" }
{ "timestamp":"2016-12-17T15:43:22Z", "event":"ReceiveText", "From":"$npc_name_decorate:#name=Edwin Rupert;", "From_Localised":"Edwin Rupert", "Message":"$Pirate_OnDeclarePiracyAttack02;", "Message_Localised":"You choose death then. Very well.", "Channel":"npc" }
{ "timestamp":"2016-12-17T15:43:38Z", "event":"ReceiveText", "From":"$npc_name_decorate:#name=Edwin Rupert;", "From_Localised":"Edwin Rupert", "Message":"$BadKarmaCriticalDamage04;", "Message_Localised":"I don't believe it!", "Channel":"npc" }
{ "timestamp":"2016-12-17T15:43:41Z", "event":"Bounty", "Rewards":[ { "Faction":"Starship Enterprises", "Reward":400 }, { "Faction":"Federation", "Reward":29084 } ], "TotalReward":29484, "VictimFaction":"LP 339-7 Blue Clan" }
{ "timestamp":"2016-12-17T15:45:05Z", "event":"Bounty", "Rewards":[ { "Faction":"Starship Enterprises", "Reward":1600 }, { "Faction":"Federation", "Reward":40162 } ], "TotalReward":41762, "VictimFaction":"LP 339-7 Blue Clan" }
{ "timestamp":"2016-12-17T15:46:05Z", "event":"ReceiveText", "From":"$npc_name_decorate:#name=H.W. Bossert;", "From_Localised":"H.W. Bossert", "Message":"$Escort_NearDeath01;", "Message_Localised":"It's no good, I can't manoeuvre.", "Channel":"npc" }
{ "timestamp":"2016-12-17T15:46:38Z", "event":"Bounty", "Rewards":[ { "Faction":"Starship Enterprises", "Reward":68980 } ], "TotalReward":68980, "VictimFaction":"LP 339-7 Blue Clan" }
{ "timestamp":"2016-12-17T15:48:30Z", "event":"ReceiveText", "From":"$npc_name_decorate:#name=Xridurim;", "From_Localised":"Xridurim", "Message":"$Pirate_NiggledByNewShip01;", "Message_Localised":"Oh, so you think you can take me?", "Channel":"npc" }
{ "timestamp":"2016-12-17T15:48:54Z", "event":"Bounty", "Rewards":[ { "Faction":"Starship Enterprises", "Reward":29380 } ], "TotalReward":29380, "VictimFaction":"LP 339-7 Blue Clan" }
{ "timestamp":"2016-12-17T15:49:25Z", "event":"ReceiveText", "From":"$ShipName_Police_Federation;", "From_Localised":"Federal Security Service", "Message":"$Police_ThankYouPassedStopAndSearch07;", "Message_Localised":"Your scan is clear. Carry on with your journey, Commander.", "Channel":"npc" }
{ "timestamp":"2016-12-17T15:50:09Z", "event":"ShieldState", "ShieldsUp":false }
{ "timestamp":"2016-12-17T15:50:10Z", "event":"ReceiveText", "From":"$npc_name_decorate:#name=Jamie Harper;", "From_Localised":"Jamie Harper", "Message":"$Escort_NearDeath04;", "Message_Localised":"Breaking off attack, I can't hold it.", "Channel":"npc" }
{ "timestamp":"2016-12-17T15:50:20Z", "event":"Bounty", "Rewards":[ { "Faction":"Starship Enterprises", "Reward":400 }, { "Faction":"Federation", "Reward":20745 } ], "TotalReward":21145, "VictimFaction":"LP 339-7 Blue Clan" }
{ "timestamp":"2016-12-17T15:50:36Z", "event":"ReceiveText", "From":"$npc_name_decorate:#name=Arcaniison;", "From_Localised":"Arcaniison", "Message":"$BadKarmaCriticalDamage08;", "Message_Localised":"I've taken too many hits.", "Channel":"npc" }
{ "timestamp":"2016-12-17T15:51:02Z", "event":"Bounty", "Rewards":[ { "Faction":"Starship Enterprises", "Reward":28959 } ], "TotalReward":28959, "VictimFaction":"LP 339-7 Blue Clan" }
{ "timestamp":"2016-12-17T15:51:08Z", "event":"ReceiveText", "From":"$npc_name_decorate:#name=Nexus;", "From_Localised":"Nexus", "Message":"$Pirate_OnStartScanCargo10;", "Message_Localised":"Let me see what you have.", "Channel":"npc" }
{ "timestamp":"2016-12-17T15:51:18Z", "event":"ReceiveText", "From":"$npc_name_decorate:#name=Nexus;", "From_Localised":"Nexus", "Message":"$Pirate_OnNoCargoFound09;", "Message_Localised":"Next time you should fill your hold with gold.", "Channel":"npc" }
{ "timestamp":"2016-12-17T15:51:36Z", "event":"ReceiveText", "From":"$npc_name_decorate:#name=Nexus;", "From_Localised":"Nexus", "Message":"$Pirate_OnDeclarePiracyAttack03;", "Message_Localised":"Now you die, victim.", "Channel":"npc" }
{ "timestamp":"2016-12-17T15:51:57Z", "event":"HeatWarning" }
{ "timestamp":"2016-12-17T15:52:17Z", "event":"HullDamage", "Health":0.798173 }
{ "timestamp":"2016-12-17T15:52:27Z", "event":"ReceiveText", "From":"$npc_name_decorate:#name=Quinton Lee;", "From_Localised":"Quinton Lee", "Message":"$Escort_EscortJump02;", "Message_Localised":"Damn. Looks like I'm done here.", "Channel":"npc" }
{ "timestamp":"2016-12-17T15:52:35Z", "event":"ReceiveText", "From":"$npc_name_decorate:#name=Nexus;", "From_Localised":"Nexus", "Message":"$BadKarmaCriticalDamage05;", "Message_Localised":"No, no!", "Channel":"npc" }
{ "timestamp":"2016-12-17T15:52:46Z", "event":"Bounty", "Rewards":[ { "Faction":"Starship Enterprises", "Reward":43060 } ], "TotalReward":43060, "VictimFaction":"LP 339-7 Blue Clan" }
{ "timestamp":"2016-12-17T15:53:04Z", "event":"ReceiveText", "From":"$npc_name_decorate:#name=Cho de Grande;", "From_Localised":"Cho de Grande", "Message":"$Pirate_OnStartScanCargo10;", "Message_Localised":"Let me see what you have.", "Channel":"npc" }
{ "timestamp":"2016-12-17T15:53:14Z", "event":"ReceiveText", "From":"$npc_name_decorate:#name=Cho de Grande;", "From_Localised":"Cho de Grande", "Message":"$Pirate_OnNoCargoFound09;", "Message_Localised":"Next time you should fill your hold with gold.", "Channel":"npc" }
{ "timestamp":"2016-12-17T15:53:16Z", "event":"SupercruiseEntry", "StarSystem":"LP 339-7" }
{ "timestamp":"2016-12-17T15:54:23Z", "event":"FSDJump", "StarSystem":"LTT 15985", "StarPos":[-71.688,-10.156,28.156], "SystemAllegiance":"Federation", "SystemEconomy":"$economy_Refinery;", "SystemEconomy_Localised":"Refinery", "SystemGovernment":"$government_Corporate;", "SystemGovernment_Localised":"Corporate", "SystemSecurity":"$SYSTEM_SECURITY_medium;", "SystemSecurity_Localised":"Medium Security", "JumpDist":2.494, "FuelUsed":0.081260, "FuelLevel":31.918739, "SystemFaction":"Gilgamesh Ltd", "FactionState":"Boom" }
{ "timestamp":"2016-12-17T15:55:28Z", "event":"FSDJump", "StarSystem":"LP 339-7", "StarPos":[-70.063,-8.281,27.906], "SystemAllegiance":"Federation", "SystemEconomy":"$economy_Agri;", "SystemEconomy_Localised":"Agriculture", "SystemGovernment":"$government_Corporate;", "SystemGovernment_Localised":"Corporate", "SystemSecurity":"$SYSTEM_SECURITY_high;", "SystemSecurity_Localised":"High Security", "JumpDist":2.494, "FuelUsed":0.081242, "FuelLevel":31.837498, "SystemFaction":"Starship Enterprises", "FactionState":"Boom" }
{ "timestamp":"2016-12-17T15:57:31Z", "event":"SupercruiseExit", "StarSystem":"LP 339-7", "Body":"Whitson Orbital", "BodyType":"Station" }
{ "timestamp":"2016-12-17T15:57:33Z", "event":"ReceiveText", "From":"Whitson Orbital", "Message":"$STATION_NoFireZone_entered;", "Message_Localised":"No fire zone entered.", "Channel":"npc" }
{ "timestamp":"2016-12-17T15:57:38Z", "event":"ReceiveText", "From":"Whitson Orbital", "Message":"$DockingFailed_Distance:#distance=7500;", "Message_Localised":"Docking request denied, please approach to 7500m", "Channel":"npc" }
{ "timestamp":"2016-12-17T15:57:38Z", "event":"DockingDenied", "Reason":"Distance", "StationName":"Whitson Orbital" }
{ "timestamp":"2016-12-17T15:57:46Z", "event":"DockingRequested", "StationName":"Whitson Orbital" }
{ "timestamp":"2016-12-17T15:57:46Z", "event":"ReceiveText", "From":"Whitson Orbital", "Message":"$DockingChatter_Cordial;", "Message_Localised":"Welcome back, Commander.", "Channel":"npc" }
{ "timestamp":"2016-12-17T15:57:47Z", "event":"ReceiveText", "From":"Whitson Orbital", "Message":"$STATION_docking_granted;", "Message_Localised":"Docking request granted.", "Channel":"npc" }
{ "timestamp":"2016-12-17T15:57:47Z", "event":"DockingGranted", "LandingPad":22, "StationName":"Whitson Orbital" }
{ "timestamp":"2016-12-17T15:58:48Z", "event":"Docked", "StationName":"Whitson Orbital", "StationType":"Orbis", "StarSystem":"LP 339-7", "StationFaction":"Starship Enterprises", "FactionState":"Boom", "StationGovernment":"$government_Corporate;", "StationGovernment_Localised":"Corporate", "StationAllegiance":"Federation", "StationEconomy":"$economy_Agri;", "StationEconomy_Localised":"Agriculture" }
{ "timestamp":"2016-12-17T15:59:02Z", "event":"RedeemVoucher", "Type":"bounty", "Amount":438634 }
{ "timestamp":"2016-12-17T16:06:18Z", "event":"RepairAll", "Cost":104374 }
{ "timestamp":"2016-12-17T16:06:20Z", "event":"BuyAmmo", "Cost":1826 }
{ "timestamp":"2016-12-17T16:06:21Z", "event":"RefuelAll", "Cost":54, "Amount":1.070546 }
