{ "timestamp":"2016-12-20T14:40:45Z", "event":"Fileheader", "part":1, "language":"English\\UK", "gameversion":"2.2", "build":"r126898/r0 " }
{ "timestamp":"2016-12-20T14:41:26Z", "event":"LoadGame", "Commander":"Blantyre", "Ship":"Asp", "ShipID":13, "GameMode":"Solo", "Credits":70148105, "Loan":0 }
{ "timestamp":"2016-12-20T14:41:26Z", "event":"Rank", "Combat":4, "Trade":5, "Explore":4, "Empire":2, "Federation":7, "CQC":0 }
{ "timestamp":"2016-12-20T14:41:26Z", "event":"Progress", "Combat":33, "Trade":88, "Explore":36, "Empire":18, "Federation":11, "CQC":0 }
{ "timestamp":"2016-12-20T14:42:02Z", "event":"Location", "Docked":true, "StationName":"So-yeon Dock", "StationType":"Orbis", "StarSystem":"LP 339-7", "StarPos":[-70.063,-8.281,27.906], "SystemAllegiance":"Federation", "SystemEconomy":"$economy_Agri;", "SystemEconomy_Localised":"Agriculture", "SystemGovernment":"$government_Corporate;", "SystemGovernment_Localised":"Corporate", "SystemSecurity":"$SYSTEM_SECURITY_high;", "SystemSecurity_Localised":"High Security", "Body":"So-yeon Dock", "BodyType":"Station", "SystemFaction":"Starship Enterprises", "FactionState":"Boom" }
{ "timestamp":"2016-12-20T14:42:02Z", "event":"Docked", "StationName":"So-yeon Dock", "StationType":"Orbis", "StarSystem":"LP 339-7", "StationFaction":"Starship Enterprises", "FactionState":"Boom", "StationGovernment":"$government_Corporate;", "StationGovernment_Localised":"Corporate", "StationAllegiance":"Federation", "StationEconomy":"$economy_Agri;", "StationEconomy_Localised":"Agriculture" }
{ "timestamp":"2016-12-20T14:43:41Z", "event":"MissionAccepted", "Faction":"Starship Enterprises", "Name":"Mission_Sightseeing_CEO_BOOM", "Commodity":"$CombatStabilisers_Name;", "Commodity_Localised":"Combat Stabilisers", "Count":1, "Expiry":"2016-12-21T04:11:46Z", "PassengerCount":8, "PassengerVIPs":true, "PassengerWanted":false, "PassengerType":"Business", "MissionID":60954334 }
{ "timestamp":"2016-12-20T14:45:26Z", "event":"Undocked", "StationName":"So-yeon Dock", "StationType":"Orbis" }
{ "timestamp":"2016-12-20T14:46:32Z", "event":"FSDJump", "StarSystem":"Pareco", "StarPos":[-77.313,12.313,21.406], "SystemAllegiance":"Independent", "SystemEconomy":"$economy_Agri;", "SystemEconomy_Localised":"Agriculture", "SystemGovernment":"$government_Democracy;", "SystemGovernment_Localised":"Democracy", "SystemSecurity":"$SYSTEM_SECURITY_high;", "SystemSecurity_Localised":"High Security", "JumpDist":22.780, "FuelUsed":3.964080, "FuelLevel":28.035921, "SystemFaction":"New Pareco Green Party", "FactionState":"Boom" }
{ "timestamp":"2016-12-20T14:48:20Z", "event":"FSDJump", "StarSystem":"HR 7123", "StarPos":[-77.469,30.250,9.813], "SystemAllegiance":"", "SystemEconomy":"$economy_None;", "SystemEconomy_Localised":"None", "SystemGovernment":"$government_None;", "SystemGovernment_Localised":"None", "SystemSecurity":"$SYSTEM_SECURITY_low;", "SystemSecurity_Localised":"Low Security", "JumpDist":21.359, "FuelUsed":3.318912, "FuelLevel":24.717009 }
{ "timestamp":"2016-12-20T14:49:21Z", "event":"FSDJump", "StarSystem":"MS Draconis", "StarPos":[-72.719,45.406,-5.875], "SystemAllegiance":"Federation", "SystemEconomy":"$economy_Refinery;", "SystemEconomy_Localised":"Refinery", "SystemGovernment":"$government_Democracy;", "SystemGovernment_Localised":"Democracy", "SystemSecurity":"$SYSTEM_SECURITY_low;", "SystemSecurity_Localised":"Low Security", "JumpDist":22.324, "FuelUsed":3.637290, "FuelLevel":21.079720, "SystemFaction":"Future of MS Draconis" }
{ "timestamp":"2016-12-20T14:49:45Z", "event":"FuelScoop", "Scooped":0.355366, "Total":21.435085 }
{ "timestamp":"2016-12-20T14:50:21Z", "event":"FSDJump", "StarSystem":"Meenates", "StarPos":[-78.719,53.563,-23.438], "SystemAllegiance":"Federation", "SystemEconomy":"$economy_Agri;", "SystemEconomy_Localised":"Agriculture", "SystemGovernment":"$government_Corporate;", "SystemGovernment_Localised":"Corporate", "SystemSecurity":"$SYSTEM_SECURITY_medium;", "SystemSecurity_Localised":"Medium Security", "JumpDist":20.272, "FuelUsed":2.824432, "FuelLevel":18.610653, "SystemFaction":"Meenates Travel Services" }
{ "timestamp":"2016-12-20T14:52:20Z", "event":"SupercruiseExit", "StarSystem":"Meenates", "Body":"Meenates 2", "BodyType":"Planet" }
{ "timestamp":"2016-12-20T14:52:47Z", "event":"DataScanned", "Type":"TouristBeacon" }
{ "timestamp":"2016-12-20T14:53:51Z", "event":"FSDJump", "StarSystem":"VW Cephi", "StarPos":[-79.688,31.031,-28.000], "SystemAllegiance":"", "SystemEconomy":"$economy_None;", "SystemEconomy_Localised":"None", "SystemGovernment":"$government_None;", "SystemGovernment_Localised":"None", "SystemSecurity":"$SYSTEM_SECURITY_low;", "SystemSecurity_Localised":"Low Security", "JumpDist":23.009, "FuelUsed":3.796882, "FuelLevel":14.813771 }
{ "timestamp":"2016-12-20T14:55:12Z", "event":"FuelScoop", "Scooped":8.902822, "Total":23.716593 }
{ "timestamp":"2016-12-20T14:55:53Z", "event":"FSDJump", "StarSystem":"NLTT 53889", "StarPos":[-76.500,7.688,-24.969], "SystemAllegiance":"Independent", "SystemEconomy":"$economy_Agri;", "SystemEconomy_Localised":"Agriculture", "SystemGovernment":"$government_Anarchy;", "SystemGovernment_Localised":"Anarchy", "SystemSecurity":"$GALAXY_MAP_INFO_state_lawless;", "SystemSecurity_Localised":"Lawless", "JumpDist":23.755, "FuelUsed":4.213269, "FuelLevel":19.503325, "SystemFaction":"NLTT 53889 Blue Pirates", "FactionState":"Boom" }
{ "timestamp":"2016-12-20T14:58:10Z", "event":"FuelScoop", "Scooped":11.744125, "Total":31.247450 }
{ "timestamp":"2016-12-20T14:58:45Z", "event":"FSDJump", "StarSystem":"Bythos", "StarPos":[-76.625,-16.156,-22.531], "SystemAllegiance":"", "SystemEconomy":"$economy_None;", "SystemEconomy_Localised":"None", "SystemGovernment":"$government_None;", "SystemGovernment_Localised":"None", "SystemSecurity":"$SYSTEM_SECURITY_low;", "SystemSecurity_Localised":"Low Security", "JumpDist":23.968, "FuelUsed":4.473232, "FuelLevel":26.774218 }
{ "timestamp":"2016-12-20T14:59:10Z", "event":"FuelScoop", "Scooped":0.047287, "Total":26.821505 }
{ "timestamp":"2016-12-20T14:59:37Z", "event":"FSDJump", "StarSystem":"Piscium Sector NE-P a6-1", "StarPos":[-91.875,-34.031,-15.781], "SystemAllegiance":"", "SystemEconomy":"$economy_None;", "SystemEconomy_Localised":"None", "SystemGovernment":"$government_None;", "SystemGovernment_Localised":"None", "SystemSecurity":"$SYSTEM_SECURITY_low;", "SystemSecurity_Localised":"Low Security", "JumpDist":24.447, "FuelUsed":4.592082, "FuelLevel":22.229424 }
{ "timestamp":"2016-12-20T15:00:27Z", "event":"FSDJump", "StarSystem":"LHS 3931", "StarPos":[-92.156,-53.750,-17.125], "SystemAllegiance":"Independent", "SystemEconomy":"$economy_Agri;", "SystemEconomy_Localised":"Agriculture", "SystemGovernment":"$government_Corporate;", "SystemGovernment_Localised":"Corporate", "SystemSecurity":"$SYSTEM_SECURITY_medium;", "SystemSecurity_Localised":"Medium Security", "JumpDist":19.766, "FuelUsed":2.665782, "FuelLevel":19.563641, "SystemFaction":"LHS 3931 Advanced Group", "FactionState":"Boom" }
{ "timestamp":"2016-12-20T15:02:05Z", "event":"ReceiveText", "From":"$npc_name_decorate:#name=Cruise Ship;", "From_Localised":"Cruise Ship", "Message":"$CruiseLiner_SCPatrol03;", "Message_Localised":"Today's cruise includes some delightful views, our flight attendants are on hand with full details.", "Channel":"npc" }
{ "timestamp":"2016-12-20T15:02:44Z", "event":"ReceiveText", "From":"$npc_name_decorate:#name=Cruise Ship;", "From_Localised":"Cruise Ship", "Message":"$CruiseLiner_SCPatrol02;", "Message_Localised":"We will be cruising in-system for a while, please feel free to take advantage of our in-flight entertainment.", "Channel":"npc" }
{ "timestamp":"2016-12-20T15:03:09Z", "event":"FuelScoop", "Scooped":12.436359, "Total":32.000000 }
{ "timestamp":"2016-12-20T15:03:21Z", "event":"ReceiveText", "From":"$npc_name_decorate:#name=Cruise Ship;", "From_Localised":"Cruise Ship", "Message":"$CruiseLiner_SCPatrol02;", "Message_Localised":"We will be cruising in-system for a while, please feel free to take advantage of our in-flight entertainment.", "Channel":"npc" }
{ "timestamp":"2016-12-20T15:04:55Z", "event":"SupercruiseExit", "StarSystem":"LHS 3931", "Body":"LHS 3931 2", "BodyType":"Planet" }
{ "timestamp":"2016-12-20T15:05:07Z", "event":"DataScanned", "Type":"TouristBeacon" }
{ "timestamp":"2016-12-20T15:06:39Z", "event":"FSDJump", "StarSystem":"Piscium Sector YL-L a8-3", "StarPos":[-82.781,-35.969,-2.781], "SystemAllegiance":"", "SystemEconomy":"$economy_None;", "SystemEconomy_Localised":"None", "SystemGovernment":"$government_None;", "SystemGovernment_Localised":"None", "SystemSecurity":"$SYSTEM_SECURITY_low;", "SystemSecurity_Localised":"Low Security", "JumpDist":24.694, "FuelUsed":4.830696, "FuelLevel":27.169304 }
{ "timestamp":"2016-12-20T15:07:41Z", "event":"FSDJump", "StarSystem":"Col 285 Sector AJ-R a34-2", "StarPos":[-78.000,-26.594,18.906], "SystemAllegiance":"", "SystemEconomy":"$economy_None;", "SystemEconomy_Localised":"None", "SystemGovernment":"$government_None;", "SystemGovernment_Localised":"None", "SystemSecurity":"$SYSTEM_SECURITY_low;", "SystemSecurity_Localised":"Low Security", "JumpDist":24.106, "FuelUsed":4.444804, "FuelLevel":22.724501 }
{ "timestamp":"2016-12-20T15:08:45Z", "event":"FSDJump", "StarSystem":"LP 339-7", "StarPos":[-70.063,-8.281,27.906], "SystemAllegiance":"Federation", "SystemEconomy":"$economy_Agri;", "SystemEconomy_Localised":"Agriculture", "SystemGovernment":"$government_Corporate;", "SystemGovernment_Localised":"Corporate", "SystemSecurity":"$SYSTEM_SECURITY_high;", "SystemSecurity_Localised":"High Security", "JumpDist":21.894, "FuelUsed":3.433138, "FuelLevel":19.291363, "SystemFaction":"Starship Enterprises", "FactionState":"Boom" }
{ "timestamp":"2016-12-20T15:09:01Z", "event":"ReceiveText", "From":"$npc_name_decorate:#name=Alvio Bethmann;", "From_Localised":"Alvio Bethmann", "Message":"$Pirate_HunterHostileSC_Relevant05;", "Message_Localised":"The rumour was right... good job I found you first.", "Channel":"npc" }
{ "timestamp":"2016-12-20T15:09:47Z", "event":"ReceiveText", "From":"$npc_name_decorate:#name=Alvio Bethmann;", "From_Localised":"Alvio Bethmann", "Message":"$Pirate_StartInterdiction02;", "Message_Localised":"There's no escape!", "Channel":"npc" }
{ "timestamp":"2016-12-20T15:09:55Z", "event":"Interdicted", "Submitted":true, "Interdictor":"Alvio Bethmann", "IsPlayer":false, "Faction":"Traditional LTT 15985 Focus" }
{ "timestamp":"2016-12-20T15:09:56Z", "event":"SupercruiseExit", "StarSystem":"LP 339-7", "Body":"LP 339-7", "BodyType":"Star" }
{ "timestamp":"2016-12-20T15:09:58Z", "event":"ReceiveText", "From":"$npc_name_decorate:#name=Alvio Bethmann;", "From_Localised":"Alvio Bethmann", "Message":"$Pirate_OnDeclarePiracyThreaten12;", "Message_Localised":"Hand over your cargo and I'll let you fly away.", "Channel":"npc" }
{ "timestamp":"2016-12-20T15:10:08Z", "event":"ReceiveText", "From":"$npc_name_decorate:#name=Alvio Bethmann;", "From_Localised":"Alvio Bethmann", "Message":"$Pirate_OnDeclarePiracyAttack12;", "Message_Localised":"I'm coming for you!", "Channel":"npc" }
{ "timestamp":"2016-12-20T15:10:17Z", "event":"SupercruiseEntry", "StarSystem":"LP 339-7" }
{ "timestamp":"2016-12-20T15:10:37Z", "event":"ReceiveText", "From":"$npc_name_decorate:#name=Alvio Bethmann;", "From_Localised":"Alvio Bethmann", "Message":"$Pirate_HunterHostileSC_Relevant01;", "Message_Localised":"That's the ship I'm looking for, the one with the big haul...", "Channel":"npc" }
{ "timestamp":"2016-12-20T15:11:31Z", "event":"SupercruiseExit", "StarSystem":"LP 339-7", "Body":"So-yeon Dock", "BodyType":"Station" }
{ "timestamp":"2016-12-20T15:11:32Z", "event":"ReceiveText", "From":"So-yeon Dock", "Message":"$STATION_NoFireZone_entered;", "Message_Localised":"No fire zone entered.", "Channel":"npc" }
{ "timestamp":"2016-12-20T15:11:54Z", "event":"DockingRequested", "StationName":"So-yeon Dock" }
{ "timestamp":"2016-12-20T15:11:54Z", "event":"ReceiveText", "From":"So-yeon Dock", "Message":"$DockingChatter_Allied;", "Message_Localised":"An ally like you is always welcome here.", "Channel":"npc" }
{ "timestamp":"2016-12-20T15:11:55Z", "event":"ReceiveText", "From":"So-yeon Dock", "Message":"$STATION_docking_granted;", "Message_Localised":"Docking request granted.", "Channel":"npc" }
{ "timestamp":"2016-12-20T15:11:55Z", "event":"DockingGranted", "LandingPad":22, "StationName":"So-yeon Dock" }
{ "timestamp":"2016-12-20T15:12:11Z", "event":"ReceiveText", "From":"$npc_name_decorate:#name=Alvio Bethmann;", "From_Localised":"Alvio Bethmann", "Message":"$Pirate_Arrival05;", "Message_Localised":"Thanks for dropping by.", "Channel":"npc" }
{ "timestamp":"2016-12-20T15:12:40Z", "event":"Docked", "StationName":"So-yeon Dock", "StationType":"Orbis", "StarSystem":"LP 339-7", "StationFaction":"Starship Enterprises", "FactionState":"Boom", "StationGovernment":"$government_Corporate;", "StationGovernment_Localised":"Corporate", "StationAllegiance":"Federation", "StationEconomy":"$economy_Agri;", "StationEconomy_Localised":"Agriculture" }
{ "timestamp":"2016-12-20T15:13:13Z", "event":"MissionCompleted", "Faction":"Starship Enterprises", "Name":"Mission_Sightseeing_CEO_BOOM_name", "MissionID":60954334, "Commodity":"$CombatStabilisers_Name;", "Commodity_Localised":"Combat Stabilisers", "Count":1, "Reward":3076800 }
{ "timestamp":"2016-12-20T15:18:43Z", "event":"RefuelAll", "Cost":670, "Amount":13.396997 }
{ "timestamp":"2016-12-20T15:18:44Z", "event":"BuyAmmo", "Cost":100 }
