{ "timestamp":"2016-12-22T19:15:51Z", "event":"Fileheader", "part":1, "language":"English\\UK", "gameversion":"2.2", "build":"r126898/r0 " }
{ "timestamp":"2016-12-22T19:18:13Z", "event":"LoadGame", "Commander":"Coccolithophore", "Ship":"Asp", "ShipID":2, "GameMode":"Solo", "Credits":43728218, "Loan":0 }
{ "timestamp":"2016-12-22T19:18:13Z", "event":"Rank", "Combat":2, "Trade":2, "Explore":2, "Empire":0, "Federation":0, "CQC":0 }
{ "timestamp":"2016-12-22T19:18:13Z", "event":"Progress", "Combat":94, "Trade":85, "Explore":67, "Empire":0, "Federation":56, "CQC":0 }
{ "timestamp":"2016-12-22T19:18:37Z", "event":"Location", "Docked":false, "StarSystem":"Qama", "StarPos":[-86.313,-16.969,-34.875], "SystemAllegiance":"Federation", "SystemEconomy":"$economy_HighTech;", "SystemEconomy_Localised":"High tech", "SystemGovernment":"$government_Corporate;", "SystemGovernment_Localised":"Corporate", "SystemSecurity":"$SYSTEM_SECURITY_medium;", "SystemSecurity_Localised":"Medium Security", "Body":"Qama", "BodyType":"Star", "SystemFaction":"Qama Legal Ltd", "FactionState":"Boom" }
{ "timestamp":"2016-12-22T19:26:14Z", "event":"SupercruiseEntry", "StarSystem":"Qama" }
{ "timestamp":"2016-12-22T19:27:24Z", "event":"SupercruiseExit", "StarSystem":"Qama", "Body":"Thurston Ring", "BodyType":"Station" }
{ "timestamp":"2016-12-22T19:27:33Z", "event":"DockingRequested", "StationName":"Thurston Ring" }
{ "timestamp":"2016-12-22T19:27:33Z", "event":"ReceiveText", "From":"Thurston Ring", "Message":"$DockingChatter_Neutral;", "Message_Localised":"Ensure to observe starport protocol during your visit, pilot.", "Channel":"npc" }
{ "timestamp":"2016-12-22T19:27:34Z", "event":"ReceiveText", "From":"Thurston Ring", "Message":"$STATION_docking_granted;", "Message_Localised":"Docking request granted.", "Channel":"npc" }
{ "timestamp":"2016-12-22T19:27:34Z", "event":"DockingGranted", "LandingPad":26, "StationName":"Thurston Ring" }
{ "timestamp":"2016-12-22T19:27:46Z", "event":"ReceiveText", "From":"Thurston Ring", "Message":"$STATION_NoFireZone_entered;", "Message_Localised":"No fire zone entered.", "Channel":"npc" }
{ "timestamp":"2016-12-22T19:28:39Z", "event":"Docked", "StationName":"Thurston Ring", "StationType":"Coriolis", "StarSystem":"Qama", "StationFaction":"Qama Legal Ltd", "FactionState":"Boom", "StationGovernment":"$government_Corporate;", "StationGovernment_Localised":"Corporate", "StationAllegiance":"Federation", "StationEconomy":"$economy_HighTech;", "StationEconomy_Localised":"High tech" }
{ "timestamp":"2016-12-22T19:29:06Z", "event":"ShipyardSell", "ShipType":"Viper", "SellShipID":3, "ShipPrice":124677, "System":"17 Draconis" }
{ "timestamp":"2016-12-22T19:29:49Z", "event":"ModuleBuy", "Slot":"Slot01_Size6", "SellItem":"$int_fuelscoop_size6_class3_name;", "SellItem_Localised":"Fuel Scoop", "SellPrice":1766246, "BuyItem":"$int_cargorack_size6_class1_name;", "BuyItem_Localised":"Cargo Rack", "BuyPrice":308203, "Ship":"asp", "ShipID":2 }
{ "timestamp":"2016-12-22T19:33:20Z", "event":"Undocked", "StationName":"Thurston Ring", "StationType":"Coriolis" }
{ "timestamp":"2016-12-22T19:34:03Z", "event":"ReceiveText", "From":"Thurston Ring", "Message":"$STATION_NoFireZone_exited;", "Message_Localised":"No fire zone left.", "Channel":"npc" }
{ "timestamp":"2016-12-22T19:34:09Z", "event":"ReceiveText", "From":"Thurston Ring", "Message":"$STATION_NoFireZone_entered;", "Message_Localised":"No fire zone entered.", "Channel":"npc" }
{ "timestamp":"2016-12-22T19:34:24Z", "event":"ReceiveText", "From":"Thurston Ring", "Message":"$STATION_NoFireZone_exited;", "Message_Localised":"No fire zone left.", "Channel":"npc" }
{ "timestamp":"2016-12-22T19:35:02Z", "event":"FSDJump", "StarSystem":"Piscium Sector ZK-X b1-0", "StarPos":[-70.719,-17.656,-55.813], "SystemAllegiance":"", "SystemEconomy":"$economy_None;", "SystemEconomy_Localised":"None", "SystemGovernment":"$government_None;", "SystemGovernment_Localised":"None", "SystemSecurity":"$SYSTEM_SECURITY_low;", "SystemSecurity_Localised":"Low Security", "JumpDist":26.115, "FuelUsed":3.034818, "FuelLevel":36.335182 }
{ "timestamp":"2016-12-22T19:36:02Z", "event":"FSDJump", "StarSystem":"Ross 345", "StarPos":[-54.375,-6.750,-75.688], "SystemAllegiance":"Federation", "SystemEconomy":"$economy_Colony;", "SystemEconomy_Localised":"Colony", "SystemGovernment":"$government_Corporate;", "SystemGovernment_Localised":"Corporate", "SystemSecurity":"$SYSTEM_SECURITY_low;", "SystemSecurity_Localised":"Low Security", "JumpDist":27.948, "FuelUsed":3.514456, "FuelLevel":32.820724, "SystemFaction":"Gold Bridge Corporation", "FactionState":"Boom" }
{ "timestamp":"2016-12-22T19:36:47Z", "event":"ReceiveText", "From":"$npc_name_decorate:#name=Cruise Ship;", "From_Localised":"Cruise Ship", "Message":"$CruiseLiner_SCPatrol05;", "Message_Localised":"This is your captain. Due to some unforeseen delays, we will be arriving at our next destination later than scheduled.", "Channel":"npc" }
{ "timestamp":"2016-12-22T19:37:45Z", "event":"FSDJump", "StarSystem":"Furuhjelm III-674", "StarPos":[-39.000,-8.125,-87.750], "SystemAllegiance":"Alliance", "SystemEconomy":"$economy_Industrial;", "SystemEconomy_Localised":"Industrial", "SystemGovernment":"$government_Democracy;", "SystemGovernment_Localised":"Democracy", "SystemSecurity":"$SYSTEM_SECURITY_high;", "SystemSecurity_Localised":"High Security", "JumpDist":19.590, "FuelUsed":1.438700, "FuelLevel":31.382025, "SystemFaction":"160 S.O.A.R." }
{ "timestamp":"2016-12-22T19:39:39Z", "event":"SupercruiseExit", "StarSystem":"Furuhjelm III-674", "Body":"Tshang City", "BodyType":"Station" }
{ "timestamp":"2016-12-22T19:39:52Z", "event":"DockingRequested", "StationName":"Tshang City" }
{ "timestamp":"2016-12-22T19:39:52Z", "event":"ReceiveText", "From":"Tshang City", "Message":"$DockingChatter_Neutral;", "Message_Localised":"Ensure to observe starport protocol during your visit, pilot.", "Channel":"npc" }
{ "timestamp":"2016-12-22T19:39:53Z", "event":"ReceiveText", "From":"Tshang City", "Message":"$STATION_docking_granted;", "Message_Localised":"Docking request granted.", "Channel":"npc" }
{ "timestamp":"2016-12-22T19:39:53Z", "event":"DockingGranted", "LandingPad":7, "StationName":"Tshang City" }
{ "timestamp":"2016-12-22T19:40:04Z", "event":"ReceiveText", "From":"Tshang City", "Message":"$STATION_NoFireZone_entered;", "Message_Localised":"No fire zone entered.", "Channel":"npc" }
{ "timestamp":"2016-12-22T19:40:26Z", "event":"ReceiveText", "From":"$ShipName_Police_Alliance;", "From_Localised":"Allied Police Forces", "Message":"$Police_ThankYouPassedStopAndSearch06;", "Message_Localised":"We're done here pilot, move along.", "Channel":"npc" }
{ "timestamp":"2016-12-22T19:40:53Z", "event":"Docked", "StationName":"Tshang City", "StationType":"Coriolis", "StarSystem":"Furuhjelm III-674", "StationFaction":"160 S.O.A.R.", "StationGovernment":"$government_Democracy;", "StationGovernment_Localised":"Democracy", "StationAllegiance":"Alliance", "StationEconomy":"$economy_Industrial;", "StationEconomy_Localised":"Industrial" }
{ "timestamp":"2016-12-22T19:41:03Z", "event":"RefuelAll", "Cost":442, "Amount":8.825817 }
{ "timestamp":"2016-12-22T19:41:03Z", "event":"RepairAll", "Cost":912 }
{ "timestamp":"2016-12-22T19:42:31Z", "event":"CommunityGoalJoin", "Name":"Alliance Appeal for Construction Materials", "System":"Furuhjelm III-674" }
{ "timestamp":"2016-12-22T19:42:32Z", "event":"ReceiveText", "From":"$npc_name_decorate:#name=IDAK;", "From_Localised":"IDAK", "Message":"$Commuter_AuthorityScan01;", "Message_Localised":"Is there a problem here, officer?", "Channel":"npc" }
{ "timestamp":"2016-12-22T19:42:33Z", "event":"CommunityGoalJoin", "Name":"Neutralising Agitators in Furuhjelm III-674", "System":"Furuhjelm III-674" }
{ "timestamp":"2016-12-22T19:43:34Z", "event":"ShipyardTransfer", "ShipType":"Vulture", "ShipID":1, "System":"LP 339-7", "Distance":119.755051, "TransferPrice":90366 }
