{ "timestamp":"2017-05-03T08:44:32Z", "event":"Fileheader", "part":1, "language":"English\\UK", "gameversion":"2.3.02", "build":"r143095/r0 " }
{ "timestamp":"2017-05-03T08:46:12Z", "event":"Cargo", "Inventory":[  ] }
{ "timestamp":"2017-05-03T08:46:12Z", "event":"Passengers", "Manifest":[ { "MissionID":132763713, "Type":"Explorer", "VIP":true, "Wanted":false, "Count":7 } ] }
{ "timestamp":"2017-05-03T08:46:12Z", "event":"Loadout", "Ship":"Asp", "ShipID":13, "ShipName":"sepia", "ShipIdent":"BL-10A", "Modules":[ { "Slot":"TinyHardpoint1", "Item":"Hpt_HeatSinkLauncher_Turret_Tiny", "On":true, "Priority":0, "Health":1.000000, "Value":3500 }, { "Slot":"TinyHardpoint2", "Item":"Hpt_HeatSinkLauncher_Turret_Tiny", "On":true, "Priority":0, "Health":1.000000, "Value":3500 }, { "Slot":"PaintJob", "Item":"PaintJob_Asp_BlackFriday_01", "On":true, "Priority":1, "Health":1.000000, "Value":0 }, { "Slot":"Armour", "Item":"Asp_Armour_Grade1", "On":true, "Priority":1, "Health":1.000000, "Value":0, "EngineerBlueprint":"Armour_Advanced", "EngineerLevel":1 }, { "Slot":"PowerPlant", "Item":"Int_Powerplant_Size4_Class5", "On":true, "Priority":1, "Health":1.000000, "Value":1610080 }, { "Slot":"MainEngines", "Item":"Int_Engine_Size5_Class2", "On":true, "Priority":0, "Health":1.000000, "Value":189035, "EngineerBlueprint":"Engine_Tuned", "EngineerLevel":1 }, { "Slot":"FrameShiftDrive", "Item":"Int_Hyperdrive_Size5_Class5", "On":true, "Priority":0, "Health":1.000000, "Value":4338361, "EngineerBlueprint":"FSD_LongRange", "EngineerLevel":5 }, { "Slot":"LifeSupport", "Item":"Int_LifeSupport_Size4_Class2", "On":true, "Priority":0, "Health":1.000000, "Value":28373 }, { "Slot":"PowerDistributor", "Item":"Int_PowerDistributor_Size4_Class2", "On":true, "Priority":0, "Health":1.000000, "Value":28373 }, { "Slot":"Radar", "Item":"Int_Sensors_Size5_Class2", "On":true, "Priority":0, "Health":1.000000, "Value":79444 }, { "Slot":"FuelTank", "Item":"Int_FuelTank_Size5_Class3", "On":true, "Priority":1, "Health":1.000000, "Value":83090 }, { "Slot":"Slot01_Size6", "Item":"Int_PassengerCabin_Size6_Class3", "On":true, "Priority":1, "AmmoInClip":12, "Health":1.000000, "Value":469794 }, { "Slot":"Slot02_Size5", "Item":"Int_FuelScoop_Size5_Class3", "On":true, "Priority":0, "Health":1.000000, "Value":567106 }, { "Slot":"Slot03_Size3", "Item":"Int_ShieldGenerator_Size3_Class5", "On":true, "Priority":0, "Health":1.000000, "Value":507912 }, { "Slot":"Slot04_Size3", "Item":"Int_CargoRack_Size3_Class1", "On":true, "Priority":1, "Health":1.000000, "Value":8979 }, { "Slot":"Slot05_Size3", "Item":"Int_BuggyBay_Size2_Class2", "On":true, "Priority":0, "Health":1.000000, "Value":21600 }, { "Slot":"Slot06_Size2", "Item":"Int_DetailedSurfaceScanner_Tiny", "On":true, "Priority":1, "Health":1.000000, "Value":250000, "EngineerBlueprint":"Sensor_SurfaceScanner_LongRange", "EngineerLevel":1 }, { "Slot":"Slot07_Size2", "Item":"Int_StellarBodyDiscoveryScanner_Advanced", "On":true, "Priority":1, "Health":1.000000, "Value":1313250 }, { "Slot":"PlanetaryApproachSuite", "Item":"Int_PlanetApproachSuite", "On":true, "Priority":1, "Health":1.000000, "Value":425 }, { "Slot":"Bobble01", "Item":"Bobble_PilotMale", "On":true, "Priority":1, "Health":1.000000, "Value":0 }, { "Slot":"ShipCockpit", "Item":"Asp_Cockpit", "On":true, "Priority":1, "Health":1.000000, "Value":0 }, { "Slot":"CargoHatch", "Item":"ModularCargoBayDoor", "On":true, "Priority":2, "Health":1.000000, "Value":0 } ] }
{ "timestamp":"2017-05-03T08:46:12Z", "event":"Materials", "Raw":[ { "Name":"chromium", "Count":34 }, { "Name":"iron", "Count":50 }, { "Name":"carbon", "Count":2 }, { "Name":"nickel", "Count":14 }, { "Name":"zinc", "Count":18 }, { "Name":"cadmium", "Count":1 }, { "Name":"phosphorus", "Count":19 }, { "Name":"germanium", "Count":14 }, { "Name":"manganese", "Count":21 }, { "Name":"yttrium", "Count":3 }, { "Name":"molybdenum", "Count":6 } ], "Manufactured":[ { "Name":"chemicalprocessors", "Count":11 }, { "Name":"salvagedalloys", "Count":9 }, { "Name":"shieldemitters", "Count":3 }, { "Name":"compoundshielding", "Count":21 }, { "Name":"refinedfocuscrystals", "Count":41 }, { "Name":"shieldingsensors", "Count":8 }, { "Name":"focuscrystals", "Count":9 }, { "Name":"fedproprietarycomposites", "Count":6 }, { "Name":"protolightalloys", "Count":13 }, { "Name":"galvanisingalloys", "Count":11 }, { "Name":"precipitatedalloys", "Count":3 }, { "Name":"heatconductionwiring", "Count":9 }, { "Name":"phasealloys", "Count":1 }, { "Name":"wornshieldemitters", "Count":15 }, { "Name":"heatvanes", "Count":1 }, { "Name":"configurablecomponents", "Count":9 }, { "Name":"conductivepolymers", "Count":9 }, { "Name":"chemicalmanipulators", "Count":1 }, { "Name":"fedcorecomposites", "Count":2 }, { "Name":"biotechconductors", "Count":2 }, { "Name":"protoheatradiators", "Count":9 }, { "Name":"crystalshards", "Count":3 }, { "Name":"heatresistantceramics", "Count":1 }, { "Name":"protoradiolicalloys", "Count":4 }, { "Name":"gridresistors", "Count":3 }, { "Name":"basicconductors", "Count":1 }, { "Name":"exquisitefocuscrystals", "Count":1 }, { "Name":"mechanicalscrap", "Count":1 } ], "Encoded":[ { "Name":"emissiondata", "Count":35 }, { "Name":"shieldsoakanalysis", "Count":55 }, { "Name":"shieldcyclerecordings", "Count":46 }, { "Name":"decodedemissiondata", "Count":68 }, { "Name":"classifiedscandata", "Count":3 }, { "Name":"encodedscandata", "Count":2 }, { "Name":"shielddensityreports", "Count":65 }, { "Name":"scanarchives", "Count":11 }, { "Name":"securityfirmware", "Count":3 }, { "Name":"bulkscandata", "Count":61 }, { "Name":"shieldpatternanalysis", "Count":40 }, { "Name":"scandatabanks", "Count":12 }, { "Name":"fsdtelemetry", "Count":20 }, { "Name":"encryptedfiles", "Count":3 }, { "Name":"archivedemissiondata", "Count":6 }, { "Name":"scrambledemissiondata", "Count":4 }, { "Name":"wakesolutions", "Count":6 }, { "Name":"hyperspacetrajectories", "Count":13 }, { "Name":"industrialfirmware", "Count":1 }, { "Name":"shieldfrequencydata", "Count":3 }, { "Name":"compactemissionsdata", "Count":3 }, { "Name":"disruptedwakeechoes", "Count":36 }, { "Name":"dataminedwake", "Count":4 } ] }
{ "timestamp":"2017-05-03T08:46:12Z", "event":"LoadGame", "Commander":"Blantyre", "Ship":"Asp", "ShipID":13, "ShipName":"sepia", "ShipIdent":"BL-10A", "FuelLevel":29.480145, "FuelCapacity":32.000000, "GameMode":"Solo", "Credits":11535725, "Loan":0 }
{ "timestamp":"2017-05-03T08:46:12Z", "event":"Rank", "Combat":4, "Trade":6, "Explore":6, "Empire":2, "Federation":7, "CQC":0 }
{ "timestamp":"2017-05-03T08:46:12Z", "event":"Progress", "Combat":56, "Trade":6, "Explore":33, "Empire":60, "Federation":17, "CQC":0 }
{ "timestamp":"2017-05-03T08:46:26Z", "event":"Location", "Docked":false, "StarSystem":"Smojue OM-U b16-0", "StarPos":[-899.781,6.813,3149.313], "SystemAllegiance":"", "SystemEconomy":"$economy_None;", "SystemEconomy_Localised":"None", "SystemGovernment":"$government_None;", "SystemGovernment_Localised":"None", "SystemSecurity":"$SYSTEM_SECURITY_low;", "SystemSecurity_Localised":"Low Security", "Body":"Smojue OM-U b16-0", "BodyType":"Star" }
{ "timestamp":"2017-05-03T08:54:13Z", "event":"StartJump", "JumpType":"Hyperspace", "StarSystem":"Smojue GA-Y b14-4", "StarClass":"M" }
{ "timestamp":"2017-05-03T08:54:31Z", "event":"FSDJump", "StarSystem":"Smojue GA-Y b14-4", "StarPos":[-892.656,4.344,3110.906], "SystemAllegiance":"", "SystemEconomy":"$economy_None;", "SystemEconomy_Localised":"None", "SystemGovernment":"$government_None;", "SystemGovernment_Localised":"None", "SystemSecurity":"$SYSTEM_SECURITY_low;", "SystemSecurity_Localised":"Low Security", "JumpDist":39.139, "FuelUsed":4.128544, "FuelLevel":25.351601 }
{ "timestamp":"2017-05-03T08:55:00Z", "event":"FuelScoop", "Scooped":5.003920, "Total":30.355524 }
{ "timestamp":"2017-05-03T08:55:04Z", "event":"FuelScoop", "Scooped":1.644481, "Total":32.000000 }
{ "timestamp":"2017-05-03T08:55:23Z", "event":"StartJump", "JumpType":"Hyperspace", "StarSystem":"Smojue NR-N c6-20", "StarClass":"K" }
{ "timestamp":"2017-05-03T08:55:41Z", "event":"FSDJump", "StarSystem":"Smojue NR-N c6-20", "StarPos":[-884.750,-4.938,3071.438], "SystemAllegiance":"", "SystemEconomy":"$economy_None;", "SystemEconomy_Localised":"None", "SystemGovernment":"$government_None;", "SystemGovernment_Localised":"None", "SystemSecurity":"$SYSTEM_SECURITY_low;", "SystemSecurity_Localised":"Low Security", "JumpDist":41.309, "FuelUsed":4.780737, "FuelLevel":27.219263 }
{ "timestamp":"2017-05-03T08:56:04Z", "event":"FuelScoop", "Scooped":3.557050, "Total":30.776295 }
{ "timestamp":"2017-05-03T08:56:20Z", "event":"StartJump", "JumpType":"Hyperspace", "StarSystem":"Smojue TW-E b11-3", "StarClass":"M" }
{ "timestamp":"2017-05-03T08:56:39Z", "event":"FSDJump", "StarSystem":"Smojue TW-E b11-3", "StarPos":[-874.188,-9.250,3033.125], "SystemAllegiance":"", "SystemEconomy":"$economy_None;", "SystemEconomy_Localised":"None", "SystemGovernment":"$government_None;", "SystemGovernment_Localised":"None", "SystemSecurity":"$SYSTEM_SECURITY_low;", "SystemSecurity_Localised":"Low Security", "JumpDist":39.975, "FuelUsed":4.380273, "FuelLevel":26.396023 }
{ "timestamp":"2017-05-03T08:57:01Z", "event":"FuelScoop", "Scooped":5.001752, "Total":31.397732 }
{ "timestamp":"2017-05-03T08:57:03Z", "event":"FuelScoop", "Scooped":0.602267, "Total":32.000000 }
{ "timestamp":"2017-05-03T08:57:35Z", "event":"Scan", "BodyName":"Smojue TW-E b11-3 A 1", "DistanceFromArrivalLS":40.106937, "TidalLock":true, "TerraformState":"", "PlanetClass":"High metal content body", "Atmosphere":"sulfur dioxide atmosphere", "AtmosphereType":"SulphurDioxide", "AtmosphereComposition":[ { "Name":"SulphurDioxide", "Percent":100.000000 } ], "Volcanism":"", "MassEM":0.241016, "Radius":3936044.250000, "SurfaceGravity":6.200617, "SurfaceTemperature":297.830658, "SurfacePressure":45979.714844, "Landable":false, "SemiMajorAxis":33480442.000000, "Eccentricity":0.123700, "OrbitalInclination":-1.406535, "Periapsis":71.606071, "OrbitalPeriod":348056.656250, "RotationPeriod":537304.000000 }
{ "timestamp":"2017-05-03T08:58:13Z", "event":"Scan", "BodyName":"Smojue TW-E b11-3 A 2", "DistanceFromArrivalLS":39.846729, "TidalLock":true, "TerraformState":"", "PlanetClass":"High metal content body", "Atmosphere":"sulfur dioxide atmosphere", "AtmosphereType":"SulphurDioxide", "AtmosphereComposition":[ { "Name":"SulphurDioxide", "Percent":100.000000 } ], "Volcanism":"", "MassEM":0.174259, "Radius":3554360.000000, "SurfaceGravity":5.497712, "SurfaceTemperature":296.261627, "SurfacePressure":33149.660156, "Landable":false, "SemiMajorAxis":46306432.000000, "Eccentricity":0.123700, "OrbitalInclination":-1.406535, "Periapsis":251.606079, "OrbitalPeriod":348056.656250, "RotationPeriod":456872.468750 }
{ "timestamp":"2017-05-03T08:59:21Z", "event":"Scan", "BodyName":"Smojue TW-E b11-3 A 3", "DistanceFromArrivalLS":74.468506, "TidalLock":true, "TerraformState":"Terraformable", "PlanetClass":"Water world", "Atmosphere":"thin carbon dioxide rich atmosphere", "AtmosphereType":"CarbonDioxideRich", "AtmosphereComposition":[ { "Name":"Oxygen", "Percent":88.774406 }, { "Name":"CarbonDioxide", "Percent":11.099933 }, { "Name":"SulphurDioxide", "Percent":0.125666 } ], "Volcanism":"", "MassEM":0.143109, "Radius":3339676.750000, "SurfaceGravity":5.114090, "SurfaceTemperature":251.246918, "SurfacePressure":8224.491211, "Landable":false, "SemiMajorAxis":22326953984.000000, "Eccentricity":0.000094, "OrbitalInclination":0.001023, "Periapsis":262.241608, "OrbitalPeriod":3430632.500000, "RotationPeriod":3430652.500000 }
{ "timestamp":"2017-05-03T08:59:49Z", "event":"StartJump", "JumpType":"Hyperspace", "StarSystem":"Smojue JP-I b9-2", "StarClass":"M" }
{ "timestamp":"2017-05-03T09:00:07Z", "event":"FSDJump", "StarSystem":"Smojue JP-I b9-2", "StarPos":[-871.563,-4.906,2991.781], "SystemAllegiance":"", "SystemEconomy":"$economy_None;", "SystemEconomy_Localised":"None", "SystemGovernment":"$government_None;", "SystemGovernment_Localised":"None", "SystemSecurity":"$SYSTEM_SECURITY_low;", "SystemSecurity_Localised":"Low Security", "JumpDist":41.654, "FuelUsed":4.879375, "FuelLevel":27.120625 }
{ "timestamp":"2017-05-03T09:00:33Z", "event":"FuelScoop", "Scooped":4.879401, "Total":32.000000 }
{ "timestamp":"2017-05-03T09:01:02Z", "event":"StartJump", "JumpType":"Hyperspace", "StarSystem":"Smojue BD-M b7-3", "StarClass":"M" }
{ "timestamp":"2017-05-03T09:01:20Z", "event":"FSDJump", "StarSystem":"Smojue BD-M b7-3", "StarPos":[-869.063,1.750,2951.063], "SystemAllegiance":"", "SystemEconomy":"$economy_None;", "SystemEconomy_Localised":"None", "SystemGovernment":"$government_None;", "SystemGovernment_Localised":"None", "SystemSecurity":"$SYSTEM_SECURITY_low;", "SystemSecurity_Localised":"Low Security", "JumpDist":41.335, "FuelUsed":4.787895, "FuelLevel":27.212105 }
{ "timestamp":"2017-05-03T09:01:41Z", "event":"FuelScoop", "Scooped":4.460880, "Total":31.673021 }
{ "timestamp":"2017-05-03T09:02:05Z", "event":"StartJump", "JumpType":"Hyperspace", "StarSystem":"Smojue JG-Y d12", "StarClass":"G" }
{ "timestamp":"2017-05-03T09:02:23Z", "event":"FSDJump", "StarSystem":"Smojue JG-Y d12", "StarPos":[-865.125,11.094,2910.250], "SystemAllegiance":"", "SystemEconomy":"$economy_None;", "SystemEconomy_Localised":"None", "SystemGovernment":"$government_None;", "SystemGovernment_Localised":"None", "SystemSecurity":"$SYSTEM_SECURITY_low;", "SystemSecurity_Localised":"Low Security", "JumpDist":42.053, "FuelUsed":4.984999, "FuelLevel":26.688023 }
{ "timestamp":"2017-05-03T09:02:46Z", "event":"FuelScoop", "Scooped":3.198698, "Total":29.886703 }
{ "timestamp":"2017-05-03T09:03:02Z", "event":"StartJump", "JumpType":"Hyperspace", "StarSystem":"Smojue PP-R b4-0", "StarClass":"M" }
{ "timestamp":"2017-05-03T09:03:21Z", "event":"FSDJump", "StarSystem":"Smojue PP-R b4-0", "StarPos":[-843.219,18.156,2875.188], "SystemAllegiance":"", "SystemEconomy":"$economy_None;", "SystemEconomy_Localised":"None", "SystemGovernment":"$government_None;", "SystemGovernment_Localised":"None", "SystemSecurity":"$SYSTEM_SECURITY_low;", "SystemSecurity_Localised":"Low Security", "JumpDist":41.942, "FuelUsed":4.902045, "FuelLevel":24.984659 }
{ "timestamp":"2017-05-03T09:03:39Z", "event":"FuelScoop", "Scooped":2.481742, "Total":27.466400 }
{ "timestamp":"2017-05-03T09:03:55Z", "event":"StartJump", "JumpType":"Hyperspace", "StarSystem":"Smojue FS-W b1-1", "StarClass":"M" }
{ "timestamp":"2017-05-03T09:04:13Z", "event":"FSDJump", "StarSystem":"Smojue FS-W b1-1", "StarPos":[-843.469,8.938,2834.594], "SystemAllegiance":"", "SystemEconomy":"$economy_None;", "SystemEconomy_Localised":"None", "SystemGovernment":"$government_None;", "SystemGovernment_Localised":"None", "SystemSecurity":"$SYSTEM_SECURITY_low;", "SystemSecurity_Localised":"Low Security", "JumpDist":41.628, "FuelUsed":4.745819, "FuelLevel":22.720581 }
{ "timestamp":"2017-05-03T09:05:04Z", "event":"FuelScoop", "Scooped":5.006201, "Total":27.726788 }
{ "timestamp":"2017-05-03T09:05:10Z", "event":"FuelScoop", "Scooped":1.853873, "Total":29.580675 }
{ "timestamp":"2017-05-03T09:05:46Z", "event":"StartJump", "JumpType":"Hyperspace", "StarSystem":"Smojue XF-A b3", "StarClass":"M" }
{ "timestamp":"2017-05-03T09:06:05Z", "event":"FSDJump", "StarSystem":"Smojue XF-A b3", "StarPos":[-839.281,9.156,2792.906], "SystemAllegiance":"", "SystemEconomy":"$economy_None;", "SystemEconomy_Localised":"None", "SystemGovernment":"$government_None;", "SystemGovernment_Localised":"None", "SystemSecurity":"$SYSTEM_SECURITY_low;", "SystemSecurity_Localised":"Low Security", "JumpDist":41.898, "FuelUsed":4.880787, "FuelLevel":24.699888 }
{ "timestamp":"2017-05-03T09:06:28Z", "event":"FuelScoop", "Scooped":5.000972, "Total":29.700869 }
{ "timestamp":"2017-05-03T09:06:35Z", "event":"FuelScoop", "Scooped":2.299142, "Total":32.000000 }
{ "timestamp":"2017-05-03T09:07:02Z", "event":"StartJump", "JumpType":"Hyperspace", "StarSystem":"Bleae Thua QD-T b58-1", "StarClass":"M" }
{ "timestamp":"2017-05-03T09:07:20Z", "event":"FSDJump", "StarSystem":"Bleae Thua QD-T b58-1", "StarPos":[-824.563,0.594,2756.000], "SystemAllegiance":"", "SystemEconomy":"$economy_None;", "SystemEconomy_Localised":"None", "SystemGovernment":"$government_None;", "SystemGovernment_Localised":"None", "SystemSecurity":"$SYSTEM_SECURITY_low;", "SystemSecurity_Localised":"Low Security", "JumpDist":40.645, "FuelUsed":4.594924, "FuelLevel":27.405075 }
{ "timestamp":"2017-05-03T09:07:43Z", "event":"FuelScoop", "Scooped":4.594916, "Total":32.000000 }
{ "timestamp":"2017-05-03T09:08:32Z", "event":"Scan", "BodyName":"Bleae Thua QD-T b58-1 6", "DistanceFromArrivalLS":84.790367, "TidalLock":true, "TerraformState":"Terraformable", "PlanetClass":"High metal content body", "Atmosphere":"hot thick carbon dioxide atmosphere", "AtmosphereType":"CarbonDioxide", "AtmosphereComposition":[ { "Name":"CarbonDioxide", "Percent":98.215561 }, { "Name":"SulphurDioxide", "Percent":0.982156 }, { "Name":"Nitrogen", "Percent":0.802076 } ], "Volcanism":"major rocky magma volcanism", "MassEM":0.886540, "Radius":5863228.000000, "SurfaceGravity":10.278606, "SurfaceTemperature":737.777344, "SurfacePressure":15347534.000000, "Landable":false, "SemiMajorAxis":25419503616.000000, "Eccentricity":0.000009, "OrbitalInclination":-0.000218, "Periapsis":185.321320, "OrbitalPeriod":3742258.750000, "RotationPeriod":3722744.500000 }
{ "timestamp":"2017-05-03T09:09:19Z", "event":"Scan", "BodyName":"Bleae Thua QD-T b58-1 7", "DistanceFromArrivalLS":121.274780, "TidalLock":true, "TerraformState":"", "PlanetClass":"Water world", "Atmosphere":"thick argon rich atmosphere", "AtmosphereType":"ArgonRich", "AtmosphereComposition":[ { "Name":"Nitrogen", "Percent":96.284561 }, { "Name":"Argon", "Percent":3.614062 }, { "Name":"Ammonia", "Percent":0.071608 } ], "Volcanism":"major water geysers volcanism", "MassEM":2.401127, "Radius":9775805.000000, "SurfaceGravity":10.014276, "SurfaceTemperature":278.468781, "SurfacePressure":100170136.000000, "Landable":false, "SemiMajorAxis":36358619136.000000, "Eccentricity":0.000069, "OrbitalInclination":0.008494, "Periapsis":258.056427, "OrbitalPeriod":6401684.500000, "RotationPeriod":6381533.000000 }
{ "timestamp":"2017-05-03T09:10:24Z", "event":"Scan", "BodyName":"Bleae Thua QD-T b58-1 5", "DistanceFromArrivalLS":46.417038, "TidalLock":true, "TerraformState":"", "PlanetClass":"High metal content body", "Atmosphere":"hot thick carbon dioxide atmosphere", "AtmosphereType":"CarbonDioxide", "AtmosphereComposition":[ { "Name":"CarbonDioxide", "Percent":98.975769 }, { "Name":"SulphurDioxide", "Percent":0.989758 } ], "Volcanism":"minor silicate vapour geysers volcanism", "MassEM":1.215398, "Radius":6440469.500000, "SurfaceGravity":11.678655, "SurfaceTemperature":1030.862061, "SurfacePressure":19661072.000000, "Landable":false, "SemiMajorAxis":13915466752.000000, "Eccentricity":0.000001, "OrbitalInclination":0.042421, "Periapsis":256.708649, "OrbitalPeriod":1515758.000000, "RotationPeriod":1499257.625000 }
{ "timestamp":"2017-05-03T09:10:48Z", "event":"StartJump", "JumpType":"Hyperspace", "StarSystem":"Bleae Thua DD-Z c27-3", "StarClass":"K" }
{ "timestamp":"2017-05-03T09:11:06Z", "event":"FSDJump", "StarSystem":"Bleae Thua DD-Z c27-3", "StarPos":[-823.219,6.188,2715.563], "SystemAllegiance":"", "SystemEconomy":"$economy_None;", "SystemEconomy_Localised":"None", "SystemGovernment":"$government_None;", "SystemGovernment_Localised":"None", "SystemSecurity":"$SYSTEM_SECURITY_low;", "SystemSecurity_Localised":"Low Security", "JumpDist":40.845, "FuelUsed":4.650379, "FuelLevel":26.719622 }
{ "timestamp":"2017-05-03T09:11:32Z", "event":"FuelScoop", "Scooped":5.003141, "Total":31.722784 }
{ "timestamp":"2017-05-03T09:11:33Z", "event":"FuelScoop", "Scooped":0.277213, "Total":32.000000 }
{ "timestamp":"2017-05-03T09:13:02Z", "event":"Scan", "BodyName":"Bleae Thua DD-Z c27-3 2", "DistanceFromArrivalLS":524.345276, "TidalLock":true, "TerraformState":"", "PlanetClass":"High metal content body", "Atmosphere":"thin sulfur dioxide atmosphere", "AtmosphereType":"SulphurDioxide", "AtmosphereComposition":[ { "Name":"SulphurDioxide", "Percent":100.000000 } ], "Volcanism":"", "MassEM":0.073885, "Radius":2703414.250000, "SurfaceGravity":4.029420, "SurfaceTemperature":188.713654, "SurfacePressure":232.846039, "Landable":false, "SemiMajorAxis":85083520.000000, "Eccentricity":0.024399, "OrbitalInclination":-0.335188, "Periapsis":235.413147, "OrbitalPeriod":2297507.750000, "RotationPeriod":3450882.250000 }
{ "timestamp":"2017-05-03T09:13:26Z", "event":"Scan", "BodyName":"Bleae Thua DD-Z c27-3 3", "DistanceFromArrivalLS":524.233459, "TidalLock":true, "TerraformState":"", "PlanetClass":"High metal content body", "Atmosphere":"thin sulfur dioxide atmosphere", "AtmosphereType":"SulphurDioxide", "AtmosphereComposition":[ { "Name":"SulphurDioxide", "Percent":100.000000 } ], "Volcanism":"", "MassEM":0.058824, "Radius":2512486.750000, "SurfaceGravity":3.714136, "SurfaceTemperature":188.671860, "SurfacePressure":197.833313, "Landable":false, "SemiMajorAxis":106868096.000000, "Eccentricity":0.024399, "OrbitalInclination":-0.335188, "Periapsis":55.413143, "OrbitalPeriod":2297507.750000, "RotationPeriod":3079136.500000 }
{ "timestamp":"2017-05-03T09:14:27Z", "event":"StartJump", "JumpType":"Hyperspace", "StarSystem":"Bleae Thua AF-A b55-4", "StarClass":"M" }
{ "timestamp":"2017-05-03T09:14:45Z", "event":"FSDJump", "StarSystem":"Bleae Thua AF-A b55-4", "StarPos":[-806.719,11.406,2677.438], "SystemAllegiance":"", "SystemEconomy":"$economy_None;", "SystemEconomy_Localised":"None", "SystemGovernment":"$government_None;", "SystemGovernment_Localised":"None", "SystemSecurity":"$SYSTEM_SECURITY_low;", "SystemSecurity_Localised":"Low Security", "JumpDist":41.869, "FuelUsed":4.941026, "FuelLevel":27.058975 }
{ "timestamp":"2017-05-03T09:15:08Z", "event":"FuelScoop", "Scooped":4.941027, "Total":32.000000 }
{ "timestamp":"2017-05-03T09:15:31Z", "event":"StartJump", "JumpType":"Hyperspace", "StarSystem":"Bleae Thua RX-D b53-0", "StarClass":"M" }
{ "timestamp":"2017-05-03T09:15:50Z", "event":"FSDJump", "StarSystem":"Bleae Thua RX-D b53-0", "StarPos":[-800.844,15.375,2637.219], "SystemAllegiance":"", "SystemEconomy":"$economy_None;", "SystemEconomy_Localised":"None", "SystemGovernment":"$government_None;", "SystemGovernment_Localised":"None", "SystemSecurity":"$SYSTEM_SECURITY_low;", "SystemSecurity_Localised":"Low Security", "JumpDist":40.839, "FuelUsed":4.648266, "FuelLevel":27.351734 }
{ "timestamp":"2017-05-03T09:16:11Z", "event":"FuelScoop", "Scooped":4.648276, "Total":32.000000 }
{ "timestamp":"2017-05-03T09:16:35Z", "event":"StartJump", "JumpType":"Hyperspace", "StarSystem":"Bleae Thua JL-H b51-0", "StarClass":"M" }
{ "timestamp":"2017-05-03T09:16:53Z", "event":"FSDJump", "StarSystem":"Bleae Thua JL-H b51-0", "StarPos":[-801.281,16.969,2595.969], "SystemAllegiance":"", "SystemEconomy":"$economy_None;", "SystemEconomy_Localised":"None", "SystemGovernment":"$government_None;", "SystemGovernment_Localised":"None", "SystemSecurity":"$SYSTEM_SECURITY_low;", "SystemSecurity_Localised":"Low Security", "JumpDist":41.283, "FuelUsed":4.773627, "FuelLevel":27.226374 }
{ "timestamp":"2017-05-03T09:17:08Z", "event":"FuelScoop", "Scooped":1.892775, "Total":29.119143 }
{ "timestamp":"2017-05-03T09:17:26Z", "event":"StartJump", "JumpType":"Hyperspace", "StarSystem":"Bleae Thua BZ-K b49-0", "StarClass":"M" }
{ "timestamp":"2017-05-03T09:17:44Z", "event":"FSDJump", "StarSystem":"Bleae Thua BZ-K b49-0", "StarPos":[-793.938,16.750,2555.594], "SystemAllegiance":"", "SystemEconomy":"$economy_None;", "SystemEconomy_Localised":"None", "SystemGovernment":"$government_None;", "SystemGovernment_Localised":"None", "SystemSecurity":"$SYSTEM_SECURITY_low;", "SystemSecurity_Localised":"Low Security", "JumpDist":41.038, "FuelUsed":4.626528, "FuelLevel":24.492615 }
{ "timestamp":"2017-05-03T09:18:06Z", "event":"FuelScoop", "Scooped":5.024088, "Total":29.516693 }
{ "timestamp":"2017-05-03T09:18:13Z", "event":"FuelScoop", "Scooped":2.483307, "Total":32.000000 }
{ "timestamp":"2017-05-03T09:18:37Z", "event":"StartJump", "JumpType":"Hyperspace", "StarSystem":"Bleae Thua UM-O b47-1", "StarClass":"M" }
{ "timestamp":"2017-05-03T09:18:55Z", "event":"FSDJump", "StarSystem":"Bleae Thua UM-O b47-1", "StarPos":[-783.469,17.063,2515.563], "SystemAllegiance":"", "SystemEconomy":"$economy_None;", "SystemEconomy_Localised":"None", "SystemGovernment":"$government_None;", "SystemGovernment_Localised":"None", "SystemSecurity":"$SYSTEM_SECURITY_low;", "SystemSecurity_Localised":"Low Security", "JumpDist":41.379, "FuelUsed":4.800393, "FuelLevel":27.199608 }
{ "timestamp":"2017-05-03T09:19:15Z", "event":"FuelScoop", "Scooped":4.800393, "Total":32.000000 }
{ "timestamp":"2017-05-03T09:19:54Z", "event":"StartJump", "JumpType":"Hyperspace", "StarSystem":"Bleae Thua NA-S b45-3", "StarClass":"M" }
{ "timestamp":"2017-05-03T09:20:13Z", "event":"FSDJump", "StarSystem":"Bleae Thua NA-S b45-3", "StarPos":[-764.563,19.156,2478.406], "SystemAllegiance":"", "SystemEconomy":"$economy_None;", "SystemEconomy_Localised":"None", "SystemGovernment":"$government_None;", "SystemGovernment_Localised":"None", "SystemSecurity":"$SYSTEM_SECURITY_low;", "SystemSecurity_Localised":"Low Security", "JumpDist":41.742, "FuelUsed":4.904541, "FuelLevel":27.095459 }
{ "timestamp":"2017-05-03T09:20:30Z", "event":"FuelScoop", "Scooped":2.673763, "Total":29.769234 }
{ "timestamp":"2017-05-03T09:20:53Z", "event":"StartJump", "JumpType":"Hyperspace", "StarSystem":"Bleae Thua FO-V b43-5", "StarClass":"M" }
{ "timestamp":"2017-05-03T09:21:11Z", "event":"FSDJump", "StarSystem":"Bleae Thua FO-V b43-5", "StarPos":[-750.031,21.719,2439.500], "SystemAllegiance":"", "SystemEconomy":"$economy_None;", "SystemEconomy_Localised":"None", "SystemGovernment":"$government_None;", "SystemGovernment_Localised":"None", "SystemSecurity":"$SYSTEM_SECURITY_low;", "SystemSecurity_Localised":"Low Security", "JumpDist":41.610, "FuelUsed":4.804413, "FuelLevel":24.964821 }
{ "timestamp":"2017-05-03T09:21:29Z", "event":"FuelScoop", "Scooped":2.113641, "Total":27.078444 }
{ "timestamp":"2017-05-03T09:21:44Z", "event":"StartJump", "JumpType":"Hyperspace", "StarSystem":"Bleae Thua XK-N c20-19", "StarClass":"K" }
{ "timestamp":"2017-05-03T09:22:02Z", "event":"FSDJump", "StarSystem":"Bleae Thua XK-N c20-19", "StarPos":[-737.719,22.250,2399.313], "SystemAllegiance":"", "SystemEconomy":"$economy_None;", "SystemEconomy_Localised":"None", "SystemGovernment":"$government_None;", "SystemGovernment_Localised":"None", "SystemSecurity":"$SYSTEM_SECURITY_low;", "SystemSecurity_Localised":"Low Security", "JumpDist":42.035, "FuelUsed":4.848946, "FuelLevel":22.229498 }
{ "timestamp":"2017-05-03T09:22:26Z", "event":"FuelScoop", "Scooped":5.004171, "Total":27.233675 }
{ "timestamp":"2017-05-03T09:22:40Z", "event":"Scan", "BodyName":"Bleae Thua XK-N c20-19 1", "DistanceFromArrivalLS":10.764233, "TidalLock":true, "TerraformState":"", "PlanetClass":"High metal content body", "Atmosphere":"hot thick silicate vapour atmosphere", "AtmosphereType":"SilicateVapour", "AtmosphereComposition":[ { "Name":"Silicates", "Percent":99.105644 }, { "Name":"CarbonDioxide", "Percent":0.885049 } ], "Volcanism":"major silicate vapour geysers volcanism", "MassEM":7.099748, "Radius":10540037.000000, "SurfaceGravity":25.472296, "SurfaceTemperature":5029.647461, "SurfacePressure":10001970176.000000, "Landable":false, "SemiMajorAxis":3227039744.000000, "Eccentricity":0.000004, "OrbitalInclination":0.000611, "Periapsis":81.896004, "OrbitalPeriod":113502.351563, "RotationPeriod":114255.531250 }
{ "timestamp":"2017-05-03T09:22:41Z", "event":"FuelScoop", "Scooped":4.766305, "Total":32.000000 }
{ "timestamp":"2017-05-03T09:23:15Z", "event":"Scan", "BodyName":"Bleae Thua XK-N c20-19 2", "DistanceFromArrivalLS":19.397572, "TidalLock":true, "TerraformState":"", "PlanetClass":"High metal content body", "Atmosphere":"hot thick carbon dioxide rich atmosphere", "AtmosphereType":"CarbonDioxideRich", "AtmosphereComposition":[ { "Name":"Silicates", "Percent":90.097900 }, { "Name":"CarbonDioxide", "Percent":9.490974 }, { "Name":"Nitrogen", "Percent":0.316185 } ], "Volcanism":"major silicate vapour geysers volcanism", "MassEM":21.329922, "Radius":13696271.000000, "SurfaceGravity":45.320427, "SurfaceTemperature":4258.519043, "SurfacePressure":3103574528.000000, "Landable":false, "SemiMajorAxis":5815250432.000000, "Eccentricity":0.000001, "OrbitalInclination":0.000496, "Periapsis":81.090591, "OrbitalPeriod":274568.656250, "RotationPeriod":276390.656250 }
{ "timestamp":"2017-05-03T09:23:57Z", "event":"StartJump", "JumpType":"Hyperspace", "StarSystem":"Bleae Thua RP-C b40-6", "StarClass":"M" }
{ "timestamp":"2017-05-03T09:24:16Z", "event":"FSDJump", "StarSystem":"Bleae Thua RP-C b40-6", "StarPos":[-713.281,23.656,2365.281], "SystemAllegiance":"", "SystemEconomy":"$economy_None;", "SystemEconomy_Localised":"None", "SystemGovernment":"$government_None;", "SystemGovernment_Localised":"None", "SystemSecurity":"$SYSTEM_SECURITY_low;", "SystemSecurity_Localised":"Low Security", "JumpDist":41.920, "FuelUsed":4.956092, "FuelLevel":27.043907 }
{ "timestamp":"2017-05-03T09:24:37Z", "event":"FuelScoop", "Scooped":4.116066, "Total":31.159977 }
{ "timestamp":"2017-05-03T09:24:55Z", "event":"StartJump", "JumpType":"Hyperspace", "StarSystem":"Bleae Thua KD-G b38-1", "StarClass":"K" }
{ "timestamp":"2017-05-03T09:25:14Z", "event":"FSDJump", "StarSystem":"Bleae Thua KD-G b38-1", "StarPos":[-696.875,28.219,2331.500], "SystemAllegiance":"", "SystemEconomy":"$economy_None;", "SystemEconomy_Localised":"None", "SystemGovernment":"$government_None;", "SystemGovernment_Localised":"None", "SystemSecurity":"$SYSTEM_SECURITY_low;", "SystemSecurity_Localised":"Low Security", "JumpDist":37.831, "FuelUsed":3.835073, "FuelLevel":27.324903 }
{ "timestamp":"2017-05-03T09:25:34Z", "event":"FuelScoop", "Scooped":4.675102, "Total":32.000000 }
{ "timestamp":"2017-05-03T09:26:02Z", "event":"StartJump", "JumpType":"Hyperspace", "StarSystem":"Bleae Thua MS-S c17-19", "StarClass":"K" }
{ "timestamp":"2017-05-03T09:26:21Z", "event":"FSDJump", "StarSystem":"Bleae Thua MS-S c17-19", "StarPos":[-677.219,29.875,2294.625], "SystemAllegiance":"", "SystemEconomy":"$economy_None;", "SystemEconomy_Localised":"None", "SystemGovernment":"$government_None;", "SystemGovernment_Localised":"None", "SystemSecurity":"$SYSTEM_SECURITY_low;", "SystemSecurity_Localised":"Low Security", "JumpDist":41.820, "FuelUsed":4.926850, "FuelLevel":27.073151 }
{ "timestamp":"2017-05-03T09:26:44Z", "event":"FuelScoop", "Scooped":4.288097, "Total":31.361254 }
{ "timestamp":"2017-05-03T09:26:58Z", "event":"StartJump", "JumpType":"Hyperspace", "StarSystem":"Bleae Thua ZK-L b35-0", "StarClass":"M" }
{ "timestamp":"2017-05-03T09:27:16Z", "event":"FSDJump", "StarSystem":"Bleae Thua ZK-L b35-0", "StarPos":[-679.531,18.719,2255.344], "SystemAllegiance":"", "SystemEconomy":"$economy_None;", "SystemEconomy_Localised":"None", "SystemGovernment":"$government_None;", "SystemGovernment_Localised":"None", "SystemSecurity":"$SYSTEM_SECURITY_low;", "SystemSecurity_Localised":"Low Security", "JumpDist":40.900, "FuelUsed":4.647426, "FuelLevel":26.713827 }
{ "timestamp":"2017-05-03T09:27:43Z", "event":"FuelScoop", "Scooped":2.902601, "Total":29.616396 }
{ "timestamp":"2017-05-03T09:27:58Z", "event":"StartJump", "JumpType":"Hyperspace", "StarSystem":"Bleae Thua TT-O b33-4", "StarClass":"M" }
{ "timestamp":"2017-05-03T09:28:17Z", "event":"FSDJump", "StarSystem":"Bleae Thua TT-O b33-4", "StarPos":[-667.313,14.594,2217.344], "SystemAllegiance":"", "SystemEconomy":"$economy_None;", "SystemEconomy_Localised":"None", "SystemGovernment":"$government_None;", "SystemGovernment_Localised":"None", "SystemSecurity":"$SYSTEM_SECURITY_low;", "SystemSecurity_Localised":"Low Security", "JumpDist":40.129, "FuelUsed":4.391876, "FuelLevel":25.224520 }
{ "timestamp":"2017-05-03T09:28:35Z", "event":"FuelScoop", "Scooped":1.475355, "Total":26.699873 }
{ "timestamp":"2017-05-03T09:28:55Z", "event":"StartJump", "JumpType":"Hyperspace", "StarSystem":"Bleae Thua MH-S b31-3", "StarClass":"M" }
{ "timestamp":"2017-05-03T09:29:13Z", "event":"FSDJump", "StarSystem":"Bleae Thua MH-S b31-3", "StarPos":[-657.156,10.906,2181.563], "SystemAllegiance":"", "SystemEconomy":"$economy_None;", "SystemEconomy_Localised":"None", "SystemGovernment":"$government_None;", "SystemGovernment_Localised":"None", "SystemSecurity":"$SYSTEM_SECURITY_low;", "SystemSecurity_Localised":"Low Security", "JumpDist":37.377, "FuelUsed":3.628660, "FuelLevel":23.071213 }
{ "timestamp":"2017-05-03T09:29:41Z", "event":"FuelScoop", "Scooped":5.002023, "Total":28.073242 }
{ "timestamp":"2017-05-03T09:29:57Z", "event":"FuelScoop", "Scooped":3.926753, "Total":32.000000 }
{ "timestamp":"2017-05-03T09:36:42Z", "event":"FuelScoop", "Scooped":0.630000, "Total":32.000000 }
{ "timestamp":"2017-05-03T09:38:47Z", "event":"StartJump", "JumpType":"Hyperspace", "StarSystem":"Bleae Thua DA-W b29-1", "StarClass":"M" }
{ "timestamp":"2017-05-03T09:39:05Z", "event":"FSDJump", "StarSystem":"Bleae Thua DA-W b29-1", "StarPos":[-642.969,21.219,2145.063], "SystemAllegiance":"", "SystemEconomy":"$economy_None;", "SystemEconomy_Localised":"None", "SystemGovernment":"$government_None;", "SystemGovernment_Localised":"None", "SystemSecurity":"$SYSTEM_SECURITY_low;", "SystemSecurity_Localised":"Low Security", "JumpDist":40.495, "FuelUsed":4.553568, "FuelLevel":27.446432 }
{ "timestamp":"2017-05-03T09:39:20Z", "event":"FuelScoop", "Scooped":0.661383, "Total":28.107809 }
{ "timestamp":"2017-05-03T09:39:54Z", "event":"StartJump", "JumpType":"Hyperspace", "StarSystem":"Bleae Thua VN-Z b27-5", "StarClass":"M" }
{ "timestamp":"2017-05-03T09:40:12Z", "event":"FSDJump", "StarSystem":"Bleae Thua VN-Z b27-5", "StarPos":[-630.094,29.156,2105.969], "SystemAllegiance":"", "SystemEconomy":"$economy_None;", "SystemEconomy_Localised":"None", "SystemGovernment":"$government_None;", "SystemGovernment_Localised":"None", "SystemSecurity":"$SYSTEM_SECURITY_low;", "SystemSecurity_Localised":"Low Security", "JumpDist":41.918, "FuelUsed":4.844766, "FuelLevel":23.263042 }
{ "timestamp":"2017-05-03T09:40:35Z", "event":"FuelScoop", "Scooped":5.000840, "Total":28.263887 }
{ "timestamp":"2017-05-03T09:40:47Z", "event":"FuelScoop", "Scooped":3.036421, "Total":31.300314 }
{ "timestamp":"2017-05-03T09:41:47Z", "event":"Scan", "BodyName":"Bleae Thua VN-Z b27-5 A 3", "DistanceFromArrivalLS":104.779724, "TidalLock":true, "TerraformState":"", "PlanetClass":"Ammonia world", "Atmosphere":"thick  atmosphere", "AtmosphereType":"AmmoniaOxygen", "AtmosphereComposition":[ { "Name":"Argon", "Percent":99.398613 }, { "Name":"Water", "Percent":0.487303 }, { "Name":"Oxygen", "Percent":0.111309 } ], "Volcanism":"", "MassEM":0.379812, "Radius":5482227.000000, "SurfaceGravity":5.036914, "SurfaceTemperature":255.388824, "SurfacePressure":544220.687500, "Landable":false, "SemiMajorAxis":140150224.000000, "Eccentricity":0.033740, "OrbitalInclination":-8.546196, "Periapsis":45.243137, "OrbitalPeriod":1140100.625000, "RotationPeriod":1468196.125000 }
{ "timestamp":"2017-05-03T09:42:35Z", "event":"StartJump", "JumpType":"Hyperspace", "StarSystem":"Bleae Thua NB-D b26-0", "StarClass":"M" }
{ "timestamp":"2017-05-03T09:42:53Z", "event":"FSDJump", "StarSystem":"Bleae Thua NB-D b26-0", "StarPos":[-627.125,22.844,2065.813], "SystemAllegiance":"", "SystemEconomy":"$economy_None;", "SystemEconomy_Localised":"None", "SystemGovernment":"$government_None;", "SystemGovernment_Localised":"None", "SystemSecurity":"$SYSTEM_SECURITY_low;", "SystemSecurity_Localised":"Low Security", "JumpDist":40.758, "FuelUsed":4.607153, "FuelLevel":26.693161 }
{ "timestamp":"2017-05-03T09:43:10Z", "event":"FuelScoop", "Scooped":2.562495, "Total":29.255650 }
{ "timestamp":"2017-05-03T09:43:37Z", "event":"StartJump", "JumpType":"Hyperspace", "StarSystem":"Bleae Thua FP-G b24-5", "StarClass":"M" }
{ "timestamp":"2017-05-03T09:43:55Z", "event":"FSDJump", "StarSystem":"Bleae Thua FP-G b24-5", "StarPos":[-627.188,27.375,2024.000], "SystemAllegiance":"", "SystemEconomy":"$economy_None;", "SystemEconomy_Localised":"None", "SystemGovernment":"$government_None;", "SystemGovernment_Localised":"None", "SystemSecurity":"$SYSTEM_SECURITY_low;", "SystemSecurity_Localised":"Low Security", "JumpDist":42.057, "FuelUsed":4.917399, "FuelLevel":24.338251 }
{ "timestamp":"2017-05-03T09:44:32Z", "event":"FuelScoop", "Scooped":5.000335, "Total":29.338596 }
{ "timestamp":"2017-05-03T09:44:34Z", "event":"FuelScoop", "Scooped":0.053439, "Total":29.392033 }
{ "timestamp":"2017-05-03T09:44:56Z", "event":"StartJump", "JumpType":"Hyperspace", "StarSystem":"Bleae Thua HL-P d5-87", "StarClass":"A" }
{ "timestamp":"2017-05-03T09:45:15Z", "event":"FSDJump", "StarSystem":"Bleae Thua HL-P d5-87", "StarPos":[-624.844,32.281,1983.375], "SystemAllegiance":"", "SystemEconomy":"$economy_None;", "SystemEconomy_Localised":"None", "SystemGovernment":"$government_None;", "SystemGovernment_Localised":"None", "SystemSecurity":"$SYSTEM_SECURITY_low;", "SystemSecurity_Localised":"Low Security", "JumpDist":40.987, "FuelUsed":4.619854, "FuelLevel":24.772179 }
{ "timestamp":"2017-05-03T09:45:38Z", "event":"FuelScoop", "Scooped":5.000463, "Total":29.772612 }
{ "timestamp":"2017-05-03T09:45:41Z", "event":"FuelScoop", "Scooped":0.242480, "Total":30.015102 }
{ "timestamp":"2017-05-03T09:46:01Z", "event":"StartJump", "JumpType":"Hyperspace", "StarSystem":"Bleae Thua OV-N b20-4", "StarClass":"M" }
{ "timestamp":"2017-05-03T09:46:19Z", "event":"FSDJump", "StarSystem":"Bleae Thua OV-N b20-4", "StarPos":[-610.281,46.313,1948.031], "SystemAllegiance":"", "SystemEconomy":"$economy_None;", "SystemEconomy_Localised":"None", "SystemGovernment":"$government_None;", "SystemGovernment_Localised":"None", "SystemSecurity":"$SYSTEM_SECURITY_low;", "SystemSecurity_Localised":"Low Security", "JumpDist":40.720, "FuelUsed":4.563115, "FuelLevel":25.451988 }
{ "timestamp":"2017-05-03T09:46:42Z", "event":"FuelScoop", "Scooped":5.000280, "Total":30.452236 }
{ "timestamp":"2017-05-03T09:46:48Z", "event":"FuelScoop", "Scooped":1.547765, "Total":32.000000 }
{ "timestamp":"2017-05-03T09:47:23Z", "event":"StartJump", "JumpType":"Hyperspace", "StarSystem":"Bleae Thua HJ-R b18-3", "StarClass":"M" }
{ "timestamp":"2017-05-03T09:47:41Z", "event":"FSDJump", "StarSystem":"Bleae Thua HJ-R b18-3", "StarPos":[-600.219,41.188,1908.719], "SystemAllegiance":"", "SystemEconomy":"$economy_None;", "SystemEconomy_Localised":"None", "SystemGovernment":"$government_None;", "SystemGovernment_Localised":"None", "SystemSecurity":"$SYSTEM_SECURITY_low;", "SystemSecurity_Localised":"Low Security", "JumpDist":40.902, "FuelUsed":4.666429, "FuelLevel":27.333570 }
{ "timestamp":"2017-05-03T09:48:12Z", "event":"FuelScoop", "Scooped":2.701248, "Total":30.034792 }
{ "timestamp":"2017-05-03T09:48:32Z", "event":"StartJump", "JumpType":"Hyperspace", "StarSystem":"Bleae Thua ED-T b17-0", "StarClass":"M" }
{ "timestamp":"2017-05-03T09:48:50Z", "event":"FSDJump", "StarSystem":"Bleae Thua ED-T b17-0", "StarPos":[-579.688,44.188,1875.094], "SystemAllegiance":"", "SystemEconomy":"$economy_None;", "SystemEconomy_Localised":"None", "SystemGovernment":"$government_None;", "SystemGovernment_Localised":"None", "SystemSecurity":"$SYSTEM_SECURITY_low;", "SystemSecurity_Localised":"Low Security", "JumpDist":39.512, "FuelUsed":4.238609, "FuelLevel":25.796183 }
{ "timestamp":"2017-05-03T09:49:11Z", "event":"FuelScoop", "Scooped":3.055947, "Total":28.852112 }
{ "timestamp":"2017-05-03T09:49:42Z", "event":"StartJump", "JumpType":"Hyperspace", "StarSystem":"Bleae Thua XQ-W b15-0", "StarClass":"M" }
{ "timestamp":"2017-05-03T09:50:01Z", "event":"FSDJump", "StarSystem":"Bleae Thua XQ-W b15-0", "StarPos":[-563.125,49.000,1841.250], "SystemAllegiance":"", "SystemEconomy":"$economy_None;", "SystemEconomy_Localised":"None", "SystemGovernment":"$government_None;", "SystemGovernment_Localised":"None", "SystemSecurity":"$SYSTEM_SECURITY_low;", "SystemSecurity_Localised":"Low Security", "JumpDist":37.985, "FuelUsed":3.822477, "FuelLevel":25.029634 }
{ "timestamp":"2017-05-03T09:50:22Z", "event":"FuelScoop", "Scooped":5.003787, "Total":30.033424 }
{ "timestamp":"2017-05-03T09:50:29Z", "event":"FuelScoop", "Scooped":1.152711, "Total":31.186123 }
{ "timestamp":"2017-05-03T09:50:57Z", "event":"StartJump", "JumpType":"Hyperspace", "StarSystem":"Bleae Thua PE-A b14-0", "StarClass":"M" }
{ "timestamp":"2017-05-03T09:51:15Z", "event":"FSDJump", "StarSystem":"Bleae Thua PE-A b14-0", "StarPos":[-547.125,40.875,1805.500], "SystemAllegiance":"", "SystemEconomy":"$economy_None;", "SystemEconomy_Localised":"None", "SystemGovernment":"$government_None;", "SystemGovernment_Localised":"None", "SystemSecurity":"$SYSTEM_SECURITY_low;", "SystemSecurity_Localised":"Low Security", "JumpDist":40.001, "FuelUsed":4.397594, "FuelLevel":26.788528 }
{ "timestamp":"2017-05-03T09:51:33Z", "event":"FuelScoop", "Scooped":2.524329, "Total":29.312841 }
{ "timestamp":"2017-05-03T09:51:56Z", "event":"StartJump", "JumpType":"Hyperspace", "StarSystem":"Bleae Thua QQ-P c5-13", "StarClass":"K" }
{ "timestamp":"2017-05-03T09:52:15Z", "event":"FSDJump", "StarSystem":"Bleae Thua QQ-P c5-13", "StarPos":[-542.688,41.719,1764.844], "SystemAllegiance":"", "SystemEconomy":"$economy_None;", "SystemEconomy_Localised":"None", "SystemGovernment":"$government_None;", "SystemGovernment_Localised":"None", "SystemSecurity":"$SYSTEM_SECURITY_low;", "SystemSecurity_Localised":"Low Security", "JumpDist":40.906, "FuelUsed":4.595336, "FuelLevel":24.717506 }
{ "timestamp":"2017-05-03T09:52:36Z", "event":"FuelScoop", "Scooped":3.329535, "Total":28.047012 }
{ "timestamp":"2017-05-03T09:52:58Z", "event":"StartJump", "JumpType":"Hyperspace", "StarSystem":"Bleae Thua BG-H b10-2", "StarClass":"M" }
{ "timestamp":"2017-05-03T09:53:17Z", "event":"FSDJump", "StarSystem":"Bleae Thua BG-H b10-2", "StarPos":[-521.563,39.188,1729.219], "SystemAllegiance":"", "SystemEconomy":"$economy_None;", "SystemEconomy_Localised":"None", "SystemGovernment":"$government_None;", "SystemGovernment_Localised":"None", "SystemSecurity":"$SYSTEM_SECURITY_low;", "SystemSecurity_Localised":"Low Security", "JumpDist":41.495, "FuelUsed":4.724496, "FuelLevel":23.322517 }
{ "timestamp":"2017-05-03T09:53:39Z", "event":"FuelScoop", "Scooped":3.611667, "Total":26.934185 }
{ "timestamp":"2017-05-03T09:54:02Z", "event":"StartJump", "JumpType":"Hyperspace", "StarSystem":"Bleae Thua VO-K b8-2", "StarClass":"M" }
{ "timestamp":"2017-05-03T09:54:20Z", "event":"FSDJump", "StarSystem":"Bleae Thua VO-K b8-2", "StarPos":[-516.969,28.781,1688.906], "SystemAllegiance":"", "SystemEconomy":"$economy_None;", "SystemEconomy_Localised":"None", "SystemGovernment":"$government_None;", "SystemGovernment_Localised":"None", "SystemSecurity":"$SYSTEM_SECURITY_low;", "SystemSecurity_Localised":"Low Security", "JumpDist":41.887, "FuelUsed":4.803124, "FuelLevel":22.131062 }
{ "timestamp":"2017-05-03T09:54:56Z", "event":"FuelScoop", "Scooped":3.287783, "Total":25.418831 }
{ "timestamp":"2017-05-03T09:55:18Z", "event":"StartJump", "JumpType":"Hyperspace", "StarSystem":"Bleae Thua NC-O b6-5", "StarClass":"M" }
{ "timestamp":"2017-05-03T09:55:37Z", "event":"FSDJump", "StarSystem":"Bleae Thua NC-O b6-5", "StarPos":[-507.188,29.969,1649.781], "SystemAllegiance":"", "SystemEconomy":"$economy_None;", "SystemEconomy_Localised":"None", "SystemGovernment":"$government_None;", "SystemGovernment_Localised":"None", "SystemSecurity":"$SYSTEM_SECURITY_low;", "SystemSecurity_Localised":"Low Security", "JumpDist":40.347, "FuelUsed":4.343163, "FuelLevel":21.075668 }
{ "timestamp":"2017-05-03T09:56:00Z", "event":"FuelScoop", "Scooped":4.984359, "Total":26.060041 }
{ "timestamp":"2017-05-03T09:56:24Z", "event":"StartJump", "JumpType":"Hyperspace", "StarSystem":"Bleae Thua BS-W c1-8", "StarClass":"M" }
{ "timestamp":"2017-05-03T09:56:45Z", "event":"FSDJump", "StarSystem":"Bleae Thua BS-W c1-8", "StarPos":[-499.469,40.844,1612.063], "SystemAllegiance":"", "SystemEconomy":"$economy_None;", "SystemEconomy_Localised":"None", "SystemGovernment":"$government_None;", "SystemGovernment_Localised":"None", "SystemSecurity":"$SYSTEM_SECURITY_low;", "SystemSecurity_Localised":"Low Security", "JumpDist":40.007, "FuelUsed":4.270142, "FuelLevel":21.789900 }
{ "timestamp":"2017-05-03T09:57:10Z", "event":"FuelScoop", "Scooped":5.004470, "Total":26.794380 }
{ "timestamp":"2017-05-03T09:57:28Z", "event":"FuelScoop", "Scooped":3.617151, "Total":30.411520 }
{ "timestamp":"2017-05-03T09:57:44Z", "event":"StartJump", "JumpType":"Hyperspace", "StarSystem":"Bleae Thua BP-T b3-1", "StarClass":"M" }
{ "timestamp":"2017-05-03T09:58:03Z", "event":"FSDJump", "StarSystem":"Bleae Thua BP-T b3-1", "StarPos":[-481.031,37.906,1576.844], "SystemAllegiance":"", "SystemEconomy":"$economy_None;", "SystemEconomy_Localised":"None", "SystemGovernment":"$government_None;", "SystemGovernment_Localised":"None", "SystemSecurity":"$SYSTEM_SECURITY_low;", "SystemSecurity_Localised":"Low Security", "JumpDist":39.861, "FuelUsed":4.340487, "FuelLevel":26.071033 }
{ "timestamp":"2017-05-03T09:58:26Z", "event":"FuelScoop", "Scooped":5.004880, "Total":31.075947 }
{ "timestamp":"2017-05-03T09:58:29Z", "event":"FuelScoop", "Scooped":0.924063, "Total":32.000000 }
{ "timestamp":"2017-05-03T09:58:50Z", "event":"StartJump", "JumpType":"Hyperspace", "StarSystem":"Bleae Thua XL-Y c17", "StarClass":"K" }
{ "timestamp":"2017-05-03T09:59:09Z", "event":"FSDJump", "StarSystem":"Bleae Thua XL-Y c17", "StarPos":[-478.750,45.250,1535.563], "SystemAllegiance":"", "SystemEconomy":"$economy_None;", "SystemEconomy_Localised":"None", "SystemGovernment":"$government_None;", "SystemGovernment_Localised":"None", "SystemSecurity":"$SYSTEM_SECURITY_low;", "SystemSecurity_Localised":"Low Security", "JumpDist":41.991, "FuelUsed":4.976534, "FuelLevel":27.023466 }
{ "timestamp":"2017-05-03T09:59:29Z", "event":"FuelScoop", "Scooped":1.819410, "Total":28.842875 }
{ "timestamp":"2017-05-03T10:00:13Z", "event":"StartJump", "JumpType":"Hyperspace", "StarSystem":"Bleae Thua LQ-A b3", "StarClass":"M" }
{ "timestamp":"2017-05-03T10:00:32Z", "event":"FSDJump", "StarSystem":"Bleae Thua LQ-A b3", "StarPos":[-474.438,46.813,1496.781], "SystemAllegiance":"", "SystemEconomy":"$economy_None;", "SystemEconomy_Localised":"None", "SystemGovernment":"$government_None;", "SystemGovernment_Localised":"None", "SystemSecurity":"$SYSTEM_SECURITY_low;", "SystemSecurity_Localised":"Low Security", "JumpDist":39.052, "FuelUsed":4.090373, "FuelLevel":24.752502 }
{ "timestamp":"2017-05-03T10:01:03Z", "event":"FuelScoop", "Scooped":4.600512, "Total":29.353039 }
{ "timestamp":"2017-05-03T10:01:41Z", "event":"StartJump", "JumpType":"Hyperspace", "StarSystem":"Pru Euq NO-X c28-21", "StarClass":"K" }
{ "timestamp":"2017-05-03T10:02:00Z", "event":"FSDJump", "StarSystem":"Pru Euq NO-X c28-21", "StarPos":[-466.469,45.250,1455.844], "SystemAllegiance":"", "SystemEconomy":"$economy_None;", "SystemEconomy_Localised":"None", "SystemGovernment":"$government_None;", "SystemGovernment_Localised":"None", "SystemSecurity":"$SYSTEM_SECURITY_low;", "SystemSecurity_Localised":"Low Security", "JumpDist":41.735, "FuelUsed":4.828086, "FuelLevel":24.524952 }
{ "timestamp":"2017-05-03T10:02:24Z", "event":"FuelScoop", "Scooped":4.199506, "Total":28.724485 }
{ "timestamp":"2017-05-03T10:02:50Z", "event":"StartJump", "JumpType":"Hyperspace", "StarSystem":"Pru Euq TO-Z d13-107", "StarClass":"A" }
{ "timestamp":"2017-05-03T10:03:08Z", "event":"FSDJump", "StarSystem":"Pru Euq TO-Z d13-107", "StarPos":[-444.594,36.625,1421.000], "SystemAllegiance":"", "SystemEconomy":"$economy_None;", "SystemEconomy_Localised":"None", "SystemGovernment":"$government_None;", "SystemGovernment_Localised":"None", "SystemSecurity":"$SYSTEM_SECURITY_low;", "SystemSecurity_Localised":"Low Security", "JumpDist":42.036, "FuelUsed":4.895582, "FuelLevel":23.828903 }
{ "timestamp":"2017-05-03T10:03:44Z", "event":"FuelScoop", "Scooped":5.002444, "Total":28.201393 }
{ "timestamp":"2017-05-03T10:04:09Z", "event":"FuelScoop", "Scooped":3.798597, "Total":32.000000 }
{ "timestamp":"2017-05-03T10:04:52Z", "event":"StartJump", "JumpType":"Hyperspace", "StarSystem":"Pru Euq LJ-C b54-1", "StarClass":"M" }
{ "timestamp":"2017-05-03T10:05:11Z", "event":"FSDJump", "StarSystem":"Pru Euq LJ-C b54-1", "StarPos":[-444.031,38.156,1379.125], "SystemAllegiance":"", "SystemEconomy":"$economy_None;", "SystemEconomy_Localised":"None", "SystemGovernment":"$government_None;", "SystemGovernment_Localised":"None", "SystemSecurity":"$SYSTEM_SECURITY_low;", "SystemSecurity_Localised":"Low Security", "JumpDist":41.907, "FuelUsed":4.951820, "FuelLevel":27.048180 }
{ "timestamp":"2017-05-03T10:05:33Z", "event":"FuelScoop", "Scooped":4.951822, "Total":32.000000 }
{ "timestamp":"2017-05-03T10:06:03Z", "event":"StartJump", "JumpType":"Hyperspace", "StarSystem":"Pru Euq GS-F b52-7", "StarClass":"M" }
{ "timestamp":"2017-05-03T10:06:21Z", "event":"FSDJump", "StarSystem":"Pru Euq GS-F b52-7", "StarPos":[-424.281,23.625,1345.469], "SystemAllegiance":"", "SystemEconomy":"$economy_None;", "SystemEconomy_Localised":"None", "SystemGovernment":"$government_None;", "SystemGovernment_Localised":"None", "SystemSecurity":"$SYSTEM_SECURITY_low;", "SystemSecurity_Localised":"Low Security", "JumpDist":41.641, "FuelUsed":4.875429, "FuelLevel":27.124571 }
{ "timestamp":"2017-05-03T10:06:36Z", "event":"FuelScoop", "Scooped":1.723096, "Total":28.847662 }
{ "timestamp":"2017-05-03T10:06:56Z", "event":"StartJump", "JumpType":"Hyperspace", "StarSystem":"Pru Euq YF-J b50-5", "StarClass":"M" }
{ "timestamp":"2017-05-03T10:07:15Z", "event":"FSDJump", "StarSystem":"Pru Euq YF-J b50-5", "StarPos":[-415.438,31.781,1308.563], "SystemAllegiance":"", "SystemEconomy":"$economy_None;", "SystemEconomy_Localised":"None", "SystemGovernment":"$government_None;", "SystemGovernment_Localised":"None", "SystemSecurity":"$SYSTEM_SECURITY_low;", "SystemSecurity_Localised":"Low Security", "JumpDist":38.818, "FuelUsed":4.030676, "FuelLevel":24.816986 }
{ "timestamp":"2017-05-03T10:07:33Z", "event":"FuelScoop", "Scooped":2.447926, "Total":27.264938 }
{ "timestamp":"2017-05-03T10:08:13Z", "event":"StartJump", "JumpType":"Hyperspace", "StarSystem":"Pru Euq VZ-K b49-8", "StarClass":"M" }
{ "timestamp":"2017-05-03T10:08:32Z", "event":"FSDJump", "StarSystem":"Pru Euq VZ-K b49-8", "StarPos":[-403.781,23.344,1275.719], "SystemAllegiance":"", "SystemEconomy":"$economy_None;", "SystemEconomy_Localised":"None", "SystemGovernment":"$government_None;", "SystemGovernment_Localised":"None", "SystemSecurity":"$SYSTEM_SECURITY_low;", "SystemSecurity_Localised":"Low Security", "JumpDist":35.858, "FuelUsed":3.288387, "FuelLevel":23.976551 }
{ "timestamp":"2017-05-03T10:08:56Z", "event":"FuelScoop", "Scooped":4.332354, "Total":28.308928 }
{ "timestamp":"2017-05-03T10:09:24Z", "event":"StartJump", "JumpType":"Hyperspace", "StarSystem":"Pru Euq NN-O b47-2", "StarClass":"M" }
{ "timestamp":"2017-05-03T10:09:43Z", "event":"FSDJump", "StarSystem":"Pru Euq NN-O b47-2", "StarPos":[-391.844,26.625,1240.219], "SystemAllegiance":"", "SystemEconomy":"$economy_None;", "SystemEconomy_Localised":"None", "SystemGovernment":"$government_None;", "SystemGovernment_Localised":"None", "SystemSecurity":"$SYSTEM_SECURITY_low;", "SystemSecurity_Localised":"Low Security", "JumpDist":37.597, "FuelUsed":3.715542, "FuelLevel":24.593386 }
{ "timestamp":"2017-05-03T10:10:00Z", "event":"FuelScoop", "Scooped":1.492009, "Total":26.085382 }
{ "timestamp":"2017-05-03T10:10:22Z", "event":"StartJump", "JumpType":"Hyperspace", "StarSystem":"Col 359 Sector ZA-L b51-5", "StarClass":"M" }
{ "timestamp":"2017-05-03T10:10:40Z", "event":"FSDJump", "StarSystem":"Col 359 Sector ZA-L b51-5", "StarPos":[-380.625,20.781,1229.656], "SystemAllegiance":"", "SystemEconomy":"$economy_None;", "SystemEconomy_Localised":"None", "SystemGovernment":"$government_None;", "SystemGovernment_Localised":"None", "SystemSecurity":"$SYSTEM_SECURITY_low;", "SystemSecurity_Localised":"Low Security", "JumpDist":16.480, "FuelUsed":0.486197, "FuelLevel":25.599186 }
{ "timestamp":"2017-05-03T10:10:56Z", "event":"FuelScoop", "Scooped":2.167242, "Total":27.766415 }
{ "timestamp":"2017-05-03T10:21:36Z", "event":"StartJump", "JumpType":"Hyperspace", "StarSystem":"Col 359 Sector WU-M b50-5", "StarClass":"M" }
{ "timestamp":"2017-05-03T10:21:55Z", "event":"FSDJump", "StarSystem":"Col 359 Sector WU-M b50-5", "StarPos":[-356.875,22.156,1195.406], "SystemAllegiance":"", "SystemEconomy":"$economy_None;", "SystemEconomy_Localised":"None", "SystemGovernment":"$government_None;", "SystemGovernment_Localised":"None", "SystemSecurity":"$SYSTEM_SECURITY_low;", "SystemSecurity_Localised":"Low Security", "JumpDist":41.702, "FuelUsed":4.774546, "FuelLevel":22.991869 }
{ "timestamp":"2017-05-03T10:22:15Z", "event":"FuelScoop", "Scooped":3.923225, "Total":26.915098 }
{ "timestamp":"2017-05-03T10:22:30Z", "event":"StartJump", "JumpType":"Hyperspace", "StarSystem":"Col 359 Sector KC-S b47-2", "StarClass":"M" }
{ "timestamp":"2017-05-03T10:22:49Z", "event":"FSDJump", "StarSystem":"Col 359 Sector KC-S b47-2", "StarPos":[-352.688,19.063,1153.875], "SystemAllegiance":"", "SystemEconomy":"$economy_None;", "SystemEconomy_Localised":"None", "SystemGovernment":"$government_None;", "SystemGovernment_Localised":"None", "SystemSecurity":"$SYSTEM_SECURITY_low;", "SystemSecurity_Localised":"Low Security", "JumpDist":41.856, "FuelUsed":4.793993, "FuelLevel":22.121105 }
{ "timestamp":"2017-05-03T10:23:10Z", "event":"FuelScoop", "Scooped":5.002145, "Total":27.123219 }
{ "timestamp":"2017-05-03T10:23:18Z", "event":"FuelScoop", "Scooped":1.464487, "Total":28.587717 }
{ "timestamp":"2017-05-03T10:29:16Z", "event":"StartJump", "JumpType":"Hyperspace", "StarSystem":"Col 359 Sector QA-K c23-9", "StarClass":"K" }
{ "timestamp":"2017-05-03T10:29:34Z", "event":"FSDJump", "StarSystem":"Col 359 Sector QA-K c23-9", "StarPos":[-333.656,28.875,1119.125], "SystemAllegiance":"", "SystemEconomy":"$economy_None;", "SystemEconomy_Localised":"None", "SystemGovernment":"$government_None;", "SystemGovernment_Localised":"None", "SystemSecurity":"$SYSTEM_SECURITY_low;", "SystemSecurity_Localised":"Low Security", "JumpDist":40.817, "FuelUsed":4.535426, "FuelLevel":23.422291 }
{ "timestamp":"2017-05-03T10:29:59Z", "event":"FuelScoop", "Scooped":4.246617, "Total":27.668943 }
{ "timestamp":"2017-05-03T10:30:21Z", "event":"StartJump", "JumpType":"Hyperspace", "StarSystem":"Col 359 Sector AK-X b44-1", "StarClass":"M" }
{ "timestamp":"2017-05-03T10:30:40Z", "event":"FSDJump", "StarSystem":"Col 359 Sector AK-X b44-1", "StarPos":[-323.750,23.594,1079.344], "SystemAllegiance":"", "SystemEconomy":"$economy_None;", "SystemEconomy_Localised":"None", "SystemGovernment":"$government_None;", "SystemGovernment_Localised":"None", "SystemSecurity":"$SYSTEM_SECURITY_low;", "SystemSecurity_Localised":"Low Security", "JumpDist":41.335, "FuelUsed":4.669732, "FuelLevel":22.999212 }
{ "timestamp":"2017-05-03T10:30:58Z", "event":"FuelScoop", "Scooped":2.243608, "Total":25.242826 }
{ "timestamp":"2017-05-03T10:31:31Z", "event":"StartJump", "JumpType":"Hyperspace", "StarSystem":"Col 359 Sector SX-A b43-0", "StarClass":"M" }
{ "timestamp":"2017-05-03T10:31:49Z", "event":"FSDJump", "StarSystem":"Col 359 Sector SX-A b43-0", "StarPos":[-313.094,25.906,1039.094], "SystemAllegiance":"", "SystemEconomy":"$economy_None;", "SystemEconomy_Localised":"None", "SystemGovernment":"$government_None;", "SystemGovernment_Localised":"None", "SystemSecurity":"$SYSTEM_SECURITY_low;", "SystemSecurity_Localised":"Low Security", "JumpDist":41.701, "FuelUsed":4.704385, "FuelLevel":20.538441 }
{ "timestamp":"2017-05-03T10:32:16Z", "event":"FuelScoop", "Scooped":5.001516, "Total":25.539936 }
{ "timestamp":"2017-05-03T10:32:37Z", "event":"FuelScoop", "Scooped":5.002174, "Total":30.542101 }
{ "timestamp":"2017-05-03T10:32:43Z", "event":"FuelScoop", "Scooped":1.457901, "Total":32.000000 }
{ "timestamp":"2017-05-03T10:33:54Z", "event":"StartJump", "JumpType":"Hyperspace", "StarSystem":"IC 1287 Sector EM-L b8-1", "StarClass":"M" }
{ "timestamp":"2017-05-03T10:34:13Z", "event":"FSDJump", "StarSystem":"IC 1287 Sector EM-L b8-1", "StarPos":[-295.469,24.688,1003.281], "SystemAllegiance":"", "SystemEconomy":"$economy_None;", "SystemEconomy_Localised":"None", "SystemGovernment":"$government_None;", "SystemGovernment_Localised":"None", "SystemSecurity":"$SYSTEM_SECURITY_low;", "SystemSecurity_Localised":"Low Security", "JumpDist":39.933, "FuelUsed":4.399868, "FuelLevel":27.600132 }
{ "timestamp":"2017-05-03T10:34:32Z", "event":"FuelScoop", "Scooped":3.737126, "Total":31.337261 }
{ "timestamp":"2017-05-03T10:34:58Z", "event":"StartJump", "JumpType":"Hyperspace", "StarSystem":"IC 1287 Sector XZ-O b6-4", "StarClass":"M" }
{ "timestamp":"2017-05-03T10:35:16Z", "event":"FSDJump", "StarSystem":"IC 1287 Sector XZ-O b6-4", "StarPos":[-275.656,27.594,966.563], "SystemAllegiance":"", "SystemEconomy":"$economy_None;", "SystemEconomy_Localised":"None", "SystemGovernment":"$government_None;", "SystemGovernment_Localised":"None", "SystemSecurity":"$SYSTEM_SECURITY_low;", "SystemSecurity_Localised":"Low Security", "JumpDist":41.824, "FuelUsed":4.909550, "FuelLevel":26.427711 }
{ "timestamp":"2017-05-03T10:35:34Z", "event":"FuelScoop", "Scooped":2.683925, "Total":29.111683 }
{ "timestamp":"2017-05-03T10:36:21Z", "event":"Scan", "BodyName":"IC 1287 Sector XZ-O b6-4 A 2", "DistanceFromArrivalLS":73.486076, "TidalLock":true, "TerraformState":"", "PlanetClass":"Water world", "Atmosphere":"thick argon rich atmosphere", "AtmosphereType":"ArgonRich", "AtmosphereComposition":[ { "Name":"Nitrogen", "Percent":95.101212 }, { "Name":"Argon", "Percent":4.759543 }, { "Name":"Ammonia", "Percent":0.105100 } ], "Volcanism":"major water geysers volcanism", "MassEM":1.262348, "Radius":7620511.000000, "SurfaceGravity":8.664035, "SurfaceTemperature":264.774689, "SurfacePressure":39032968.000000, "Landable":false, "SemiMajorAxis":22031882240.000000, "Eccentricity":0.000074, "OrbitalInclination":-0.006247, "Periapsis":303.535278, "OrbitalPeriod":3210111.250000, "RotationPeriod":3210425.500000 }
{ "timestamp":"2017-05-03T10:38:14Z", "event":"StartJump", "JumpType":"Hyperspace", "StarSystem":"Col 359 Sector NI-J d9-24", "StarClass":"K" }
{ "timestamp":"2017-05-03T10:38:33Z", "event":"FSDJump", "StarSystem":"Col 359 Sector NI-J d9-24", "StarPos":[-259.125,35.250,929.844], "SystemAllegiance":"", "SystemEconomy":"$economy_None;", "SystemEconomy_Localised":"None", "SystemGovernment":"$government_None;", "SystemGovernment_Localised":"None", "SystemSecurity":"$SYSTEM_SECURITY_low;", "SystemSecurity_Localised":"Low Security", "JumpDist":40.990, "FuelUsed":4.613283, "FuelLevel":24.498400 }
{ "timestamp":"2017-05-03T10:38:55Z", "event":"FuelScoop", "Scooped":5.000069, "Total":29.498440 }
{ "timestamp":"2017-05-03T10:39:00Z", "event":"FuelScoop", "Scooped":0.619402, "Total":30.117849 }
{ "timestamp":"2017-05-03T10:40:01Z", "event":"Scan", "BodyName":"Col 359 Sector NI-J d9-24 1", "DistanceFromArrivalLS":423.581299, "TidalLock":false, "TerraformState":"Terraformable", "PlanetClass":"Water world", "Atmosphere":"thick ammonia atmosphere", "AtmosphereType":"Ammonia", "AtmosphereComposition":[ { "Name":"Ammonia", "Percent":72.789146 }, { "Name":"Nitrogen", "Percent":24.911852 }, { "Name":"Oxygen", "Percent":2.098381 } ], "Volcanism":"minor silicate vapour geysers volcanism", "MassEM":1.102434, "Radius":6259148.500000, "SurfaceGravity":11.215828, "SurfaceTemperature":334.424469, "SurfacePressure":822825.937500, "Landable":false, "SemiMajorAxis":126987239424.000000, "Eccentricity":0.000006, "OrbitalInclination":0.009930, "Periapsis":103.289261, "OrbitalPeriod":27510496.000000, "RotationPeriod":135244.828125 }
{ "timestamp":"2017-05-03T10:40:35Z", "event":"StartJump", "JumpType":"Hyperspace", "StarSystem":"Col 359 Sector OF-P b35-5", "StarClass":"M" }
{ "timestamp":"2017-05-03T10:40:53Z", "event":"FSDJump", "StarSystem":"Col 359 Sector OF-P b35-5", "StarPos":[-240.094,43.969,894.531], "SystemAllegiance":"", "SystemEconomy":"$economy_None;", "SystemEconomy_Localised":"None", "SystemGovernment":"$government_None;", "SystemGovernment_Localised":"None", "SystemSecurity":"$SYSTEM_SECURITY_low;", "SystemSecurity_Localised":"Low Security", "JumpDist":41.051, "FuelUsed":4.656861, "FuelLevel":25.460989 }
{ "timestamp":"2017-05-03T10:41:12Z", "event":"FuelScoop", "Scooped":2.785473, "Total":28.246443 }
{ "timestamp":"2017-05-03T10:41:43Z", "event":"StartJump", "JumpType":"Hyperspace", "StarSystem":"Col 359 Sector UP-U c17-21", "StarClass":"K" }
{ "timestamp":"2017-05-03T10:42:02Z", "event":"FSDJump", "StarSystem":"Col 359 Sector UP-U c17-21", "StarPos":[-230.313,49.031,855.906], "SystemAllegiance":"", "SystemEconomy":"$economy_None;", "SystemEconomy_Localised":"None", "SystemGovernment":"$government_None;", "SystemGovernment_Localised":"None", "SystemSecurity":"$SYSTEM_SECURITY_low;", "SystemSecurity_Localised":"Low Security", "JumpDist":40.165, "FuelUsed":4.366795, "FuelLevel":23.879648 }
{ "timestamp":"2017-05-03T10:42:17Z", "event":"FuelScoop", "Scooped":1.009197, "Total":24.888876 }
{ "timestamp":"2017-05-03T10:42:43Z", "event":"StartJump", "JumpType":"Hyperspace", "StarSystem":"Col 359 Sector DN-U b32-4", "StarClass":"M" }
{ "timestamp":"2017-05-03T10:43:02Z", "event":"FSDJump", "StarSystem":"Col 359 Sector DN-U b32-4", "StarPos":[-214.250,54.875,819.625], "SystemAllegiance":"", "SystemEconomy":"$economy_None;", "SystemEconomy_Localised":"None", "SystemGovernment":"$government_None;", "SystemGovernment_Localised":"None", "SystemSecurity":"$SYSTEM_SECURITY_low;", "SystemSecurity_Localised":"Low Security", "JumpDist":40.106, "FuelUsed":4.266878, "FuelLevel":20.621998 }
{ "timestamp":"2017-05-03T10:43:18Z", "event":"FuelScoop", "Scooped":2.022706, "Total":22.644678 }
{ "timestamp":"2017-05-03T10:43:41Z", "event":"StartJump", "JumpType":"Hyperspace", "StarSystem":"Col 359 Sector VA-Y b30-3", "StarClass":"M" }
{ "timestamp":"2017-05-03T10:43:59Z", "event":"FSDJump", "StarSystem":"Col 359 Sector VA-Y b30-3", "StarPos":[-206.219,39.063,782.281], "SystemAllegiance":"", "SystemEconomy":"$economy_None;", "SystemEconomy_Localised":"None", "SystemGovernment":"$government_None;", "SystemGovernment_Localised":"None", "SystemSecurity":"$SYSTEM_SECURITY_low;", "SystemSecurity_Localised":"Low Security", "JumpDist":41.341, "FuelUsed":4.535821, "FuelLevel":18.108856 }
{ "timestamp":"2017-05-03T10:44:17Z", "event":"FuelScoop", "Scooped":2.408518, "Total":20.517355 }
{ "timestamp":"2017-05-03T10:44:48Z", "event":"StartJump", "JumpType":"Hyperspace", "StarSystem":"Col 359 Sector QJ-B b29-4", "StarClass":"M" }
{ "timestamp":"2017-05-03T10:45:07Z", "event":"FSDJump", "StarSystem":"Col 359 Sector QJ-B b29-4", "StarPos":[-197.813,33.281,741.781], "SystemAllegiance":"", "SystemEconomy":"$economy_None;", "SystemEconomy_Localised":"None", "SystemGovernment":"$government_None;", "SystemGovernment_Localised":"None", "SystemSecurity":"$SYSTEM_SECURITY_low;", "SystemSecurity_Localised":"Low Security", "JumpDist":41.765, "FuelUsed":4.593091, "FuelLevel":15.924263 }
{ "timestamp":"2017-05-03T10:45:30Z", "event":"FuelScoop", "Scooped":5.002624, "Total":20.926901 }
{ "timestamp":"2017-05-03T10:45:42Z", "event":"FuelScoop", "Scooped":5.001414, "Total":25.928333 }
{ "timestamp":"2017-05-03T10:45:55Z", "event":"FuelScoop", "Scooped":5.000902, "Total":30.929260 }
{ "timestamp":"2017-05-03T10:45:58Z", "event":"FuelScoop", "Scooped":1.070747, "Total":32.000000 }
{ "timestamp":"2017-05-03T10:46:53Z", "event":"StartJump", "JumpType":"Hyperspace", "StarSystem":"B92 Sector JC-V d2-62", "StarClass":"K" }
{ "timestamp":"2017-05-03T10:47:12Z", "event":"FSDJump", "StarSystem":"B92 Sector JC-V d2-62", "StarPos":[-190.438,30.813,700.906], "SystemAllegiance":"", "SystemEconomy":"$economy_None;", "SystemEconomy_Localised":"None", "SystemGovernment":"$government_None;", "SystemGovernment_Localised":"None", "SystemSecurity":"$SYSTEM_SECURITY_low;", "SystemSecurity_Localised":"Low Security", "JumpDist":41.608, "FuelUsed":4.865984, "FuelLevel":27.134016 }
{ "timestamp":"2017-05-03T10:47:34Z", "event":"FuelScoop", "Scooped":3.618830, "Total":30.752880 }
{ "timestamp":"2017-05-03T10:47:55Z", "event":"StartJump", "JumpType":"Hyperspace", "StarSystem":"B92 Sector KS-T c3-26", "StarClass":"K" }
{ "timestamp":"2017-05-03T10:48:13Z", "event":"FSDJump", "StarSystem":"B92 Sector KS-T c3-26", "StarPos":[-176.344,31.156,662.031], "SystemAllegiance":"", "SystemEconomy":"$economy_None;", "SystemEconomy_Localised":"None", "SystemGovernment":"$government_None;", "SystemGovernment_Localised":"None", "SystemSecurity":"$SYSTEM_SECURITY_low;", "SystemSecurity_Localised":"Low Security", "JumpDist":41.352, "FuelUsed":4.758679, "FuelLevel":25.994202 }
{ "timestamp":"2017-05-03T10:48:32Z", "event":"FuelScoop", "Scooped":1.881519, "Total":27.875721 }
{ "timestamp":"2017-05-03T10:48:54Z", "event":"StartJump", "JumpType":"Hyperspace", "StarSystem":"B92 Sector GM-V c2-9", "StarClass":"G" }
{ "timestamp":"2017-05-03T10:49:12Z", "event":"FSDJump", "StarSystem":"B92 Sector GM-V c2-9", "StarPos":[-156.344,32.250,625.094], "SystemAllegiance":"", "SystemEconomy":"$economy_None;", "SystemEconomy_Localised":"None", "SystemGovernment":"$government_None;", "SystemGovernment_Localised":"None", "SystemSecurity":"$SYSTEM_SECURITY_low;", "SystemSecurity_Localised":"Low Security", "JumpDist":42.019, "FuelUsed":4.866822, "FuelLevel":23.008900 }
{ "timestamp":"2017-05-03T10:49:35Z", "event":"FuelScoop", "Scooped":3.783311, "Total":26.792221 }
{ "timestamp":"2017-05-03T10:49:55Z", "event":"StartJump", "JumpType":"Hyperspace", "StarSystem":"B92 Sector CG-X c1-9", "StarClass":"G" }
{ "timestamp":"2017-05-03T10:50:13Z", "event":"FSDJump", "StarSystem":"B92 Sector CG-X c1-9", "StarPos":[-149.563,21.000,585.125], "SystemAllegiance":"", "SystemEconomy":"$economy_None;", "SystemEconomy_Localised":"None", "SystemGovernment":"$government_None;", "SystemGovernment_Localised":"None", "SystemSecurity":"$SYSTEM_SECURITY_low;", "SystemSecurity_Localised":"Low Security", "JumpDist":42.072, "FuelUsed":4.851151, "FuelLevel":21.941071 }
{ "timestamp":"2017-05-03T10:50:37Z", "event":"FuelScoop", "Scooped":5.000657, "Total":26.941744 }
{ "timestamp":"2017-05-03T10:50:54Z", "event":"FuelScoop", "Scooped":3.815483, "Total":30.757217 }
{ "timestamp":"2017-05-03T10:51:25Z", "event":"StartJump", "JumpType":"Hyperspace", "StarSystem":"B92 Sector VO-Z b2", "StarClass":"M" }
{ "timestamp":"2017-05-03T10:51:43Z", "event":"FSDJump", "StarSystem":"B92 Sector VO-Z b2", "StarPos":[-144.188,28.438,544.344], "SystemAllegiance":"", "SystemEconomy":"$economy_None;", "SystemEconomy_Localised":"None", "SystemGovernment":"$government_None;", "SystemGovernment_Localised":"None", "SystemSecurity":"$SYSTEM_SECURITY_low;", "SystemSecurity_Localised":"Low Security", "JumpDist":41.801, "FuelUsed":4.886047, "FuelLevel":25.871170 }
{ "timestamp":"2017-05-03T10:52:05Z", "event":"FuelScoop", "Scooped":3.454810, "Total":29.326000 }
{ "timestamp":"2017-05-03T10:52:29Z", "event":"StartJump", "JumpType":"Hyperspace", "StarSystem":"Col 359 Sector VD-S d4-135", "StarClass":"F" }
{ "timestamp":"2017-05-03T10:52:47Z", "event":"FSDJump", "StarSystem":"Col 359 Sector VD-S d4-135", "StarPos":[-127.563,35.969,508.406], "SystemAllegiance":"", "SystemEconomy":"$economy_None;", "SystemEconomy_Localised":"None", "SystemGovernment":"$government_None;", "SystemGovernment_Localised":"None", "SystemSecurity":"$SYSTEM_SECURITY_low;", "SystemSecurity_Localised":"Low Security", "JumpDist":40.307, "FuelUsed":4.432364, "FuelLevel":24.893637 }
{ "timestamp":"2017-05-03T10:53:18Z", "event":"FuelScoop", "Scooped":5.002049, "Total":29.895704 }
{ "timestamp":"2017-05-03T10:53:26Z", "event":"FuelScoop", "Scooped":2.104310, "Total":32.000000 }
{ "timestamp":"2017-05-03T10:55:39Z", "event":"Scan", "BodyName":"Col 359 Sector VD-S d4-135 6", "DistanceFromArrivalLS":3122.544922, "TidalLock":false, "TerraformState":"", "PlanetClass":"High metal content body", "Atmosphere":"thick methane rich atmosphere", "AtmosphereType":"MethaneRich", "AtmosphereComposition":[ { "Name":"Ammonia", "Percent":33.169651 }, { "Name":"Methane", "Percent":33.169651 }, { "Name":"Nitrogen", "Percent":33.169651 } ], "Volcanism":"major rocky magma volcanism", "MassEM":1.146607, "Radius":6337911.000000, "SurfaceGravity":11.377102, "SurfaceTemperature":355.794586, "SurfacePressure":1866160.625000, "Landable":false, "SemiMajorAxis":936338784256.000000, "Eccentricity":0.000529, "OrbitalInclination":-7.832882, "Periapsis":17.519688, "OrbitalPeriod":412118304.000000, "RotationPeriod":120507.390625 }
{ "timestamp":"2017-05-03T10:56:29Z", "event":"StartJump", "JumpType":"Hyperspace", "StarSystem":"Pipe (bowl) Sector EM-V b2-6", "StarClass":"M" }
{ "timestamp":"2017-05-03T10:56:47Z", "event":"FSDJump", "StarSystem":"Pipe (bowl) Sector EM-V b2-6", "StarPos":[-106.500,29.625,473.313], "SystemAllegiance":"", "SystemEconomy":"$economy_None;", "SystemEconomy_Localised":"None", "SystemGovernment":"$government_None;", "SystemGovernment_Localised":"None", "SystemSecurity":"$SYSTEM_SECURITY_low;", "SystemSecurity_Localised":"Low Security", "JumpDist":41.418, "FuelUsed":4.794482, "FuelLevel":26.575520 }
{ "timestamp":"2017-05-03T10:57:01Z", "event":"FuelScoop", "Scooped":0.790752, "Total":27.366274 }
{ "timestamp":"2017-05-03T10:57:55Z", "event":"StartJump", "JumpType":"Hyperspace", "StarSystem":"Pipe (bowl) Sector BQ-Y c20", "StarClass":"G" }
{ "timestamp":"2017-05-03T10:58:14Z", "event":"FSDJump", "StarSystem":"Pipe (bowl) Sector BQ-Y c20", "StarPos":[-84.500,25.813,439.281], "SystemAllegiance":"", "SystemEconomy":"$economy_None;", "SystemEconomy_Localised":"None", "SystemGovernment":"$government_None;", "SystemGovernment_Localised":"None", "SystemSecurity":"$SYSTEM_SECURITY_low;", "SystemSecurity_Localised":"Low Security", "JumpDist":40.702, "FuelUsed":4.488325, "FuelLevel":22.877949 }
{ "timestamp":"2017-05-03T10:58:26Z", "event":"FuelScoop", "Scooped":0.532294, "Total":23.410248 }
{ "timestamp":"2017-05-03T10:59:09Z", "event":"StartJump", "JumpType":"Hyperspace", "StarSystem":"Col 359 Sector IE-F b13-4", "StarClass":"M" }
{ "timestamp":"2017-05-03T10:59:28Z", "event":"FSDJump", "StarSystem":"Col 359 Sector IE-F b13-4", "StarPos":[-69.719,14.938,403.375], "SystemAllegiance":"", "SystemEconomy":"$economy_None;", "SystemEconomy_Localised":"None", "SystemGovernment":"$government_None;", "SystemGovernment_Localised":"None", "SystemSecurity":"$SYSTEM_SECURITY_low;", "SystemSecurity_Localised":"Low Security", "JumpDist":40.324, "FuelUsed":4.286504, "FuelLevel":19.123743 }
{ "timestamp":"2017-05-03T10:59:53Z", "event":"FuelScoop", "Scooped":5.000237, "Total":24.123964 }
{ "timestamp":"2017-05-03T11:00:13Z", "event":"FuelScoop", "Scooped":5.002125, "Total":29.126068 }
{ "timestamp":"2017-05-03T11:00:17Z", "event":"FuelScoop", "Scooped":0.283546, "Total":29.409609 }
{ "timestamp":"2017-05-03T11:00:28Z", "event":"StartJump", "JumpType":"Hyperspace", "StarSystem":"Col 359 Sector ZW-I b11-2", "StarClass":"M" }
{ "timestamp":"2017-05-03T11:00:46Z", "event":"FSDJump", "StarSystem":"Col 359 Sector ZW-I b11-2", "StarPos":[-57.969,18.438,364.031], "SystemAllegiance":"", "SystemEconomy":"$economy_None;", "SystemEconomy_Localised":"None", "SystemGovernment":"$government_None;", "SystemGovernment_Localised":"None", "SystemSecurity":"$SYSTEM_SECURITY_low;", "SystemSecurity_Localised":"Low Security", "JumpDist":41.210, "FuelUsed":4.672346, "FuelLevel":24.737263 }
{ "timestamp":"2017-05-03T11:01:08Z", "event":"FuelScoop", "Scooped":3.333512, "Total":28.070772 }
{ "timestamp":"2017-05-03T11:01:32Z", "event":"StartJump", "JumpType":"Hyperspace", "StarSystem":"Col 359 Sector VH-T c4-12", "StarClass":"G" }
{ "timestamp":"2017-05-03T11:01:50Z", "event":"FSDJump", "StarSystem":"Col 359 Sector VH-T c4-12", "StarPos":[-49.875,28.219,324.719], "SystemAllegiance":"", "SystemEconomy":"$economy_None;", "SystemEconomy_Localised":"None", "SystemGovernment":"$government_None;", "SystemGovernment_Localised":"None", "SystemSecurity":"$SYSTEM_SECURITY_low;", "SystemSecurity_Localised":"Low Security", "JumpDist":41.312, "FuelUsed":4.673874, "FuelLevel":23.396898 }
{ "timestamp":"2017-05-03T11:02:10Z", "event":"FuelScoop", "Scooped":2.293504, "Total":25.690390 }
{ "timestamp":"2017-05-03T11:02:39Z", "event":"StartJump", "JumpType":"Hyperspace", "StarSystem":"Col 285 Sector LL-Y b29-3", "StarClass":"M" }
{ "timestamp":"2017-05-03T11:02:58Z", "event":"FSDJump", "StarSystem":"Col 285 Sector LL-Y b29-3", "StarPos":[-37.594,23.938,291.938], "SystemAllegiance":"", "SystemEconomy":"$economy_None;", "SystemEconomy_Localised":"None", "SystemGovernment":"$government_None;", "SystemGovernment_Localised":"None", "SystemSecurity":"$SYSTEM_SECURITY_low;", "SystemSecurity_Localised":"Low Security", "JumpDist":35.267, "FuelUsed":3.128652, "FuelLevel":22.561737 }
{ "timestamp":"2017-05-03T11:03:23Z", "event":"FuelScoop", "Scooped":5.003450, "Total":27.565199 }
{ "timestamp":"2017-05-03T11:03:39Z", "event":"FuelScoop", "Scooped":4.434782, "Total":32.000000 }
{ "timestamp":"2017-05-03T11:06:07Z", "event":"StartJump", "JumpType":"Hyperspace", "StarSystem":"Col 285 Sector FI-Z c14-4", "StarClass":"G" }
{ "timestamp":"2017-05-03T11:06:26Z", "event":"FSDJump", "StarSystem":"Col 285 Sector FI-Z c14-4", "StarPos":[-23.031,28.281,256.250], "SystemAllegiance":"", "SystemEconomy":"$economy_None;", "SystemEconomy_Localised":"None", "SystemGovernment":"$government_None;", "SystemGovernment_Localised":"None", "SystemSecurity":"$SYSTEM_SECURITY_low;", "SystemSecurity_Localised":"Low Security", "JumpDist":38.788, "FuelUsed":4.097441, "FuelLevel":27.902559 }
{ "timestamp":"2017-05-03T11:06:43Z", "event":"FuelScoop", "Scooped":1.961080, "Total":29.863609 }
{ "timestamp":"2017-05-03T11:07:17Z", "event":"StartJump", "JumpType":"Hyperspace", "StarSystem":"HIP 85176", "StarClass":"F" }
{ "timestamp":"2017-05-03T11:07:36Z", "event":"FSDJump", "StarSystem":"HIP 85176", "StarPos":[-11.281,25.688,217.813], "SystemAllegiance":"", "SystemEconomy":"$economy_None;", "SystemEconomy_Localised":"None", "SystemGovernment":"$government_None;", "SystemGovernment_Localised":"None", "SystemSecurity":"$SYSTEM_SECURITY_low;", "SystemSecurity_Localised":"Low Security", "JumpDist":40.277, "FuelUsed":4.438481, "FuelLevel":25.425129 }
{ "timestamp":"2017-05-03T11:08:06Z", "event":"FuelScoop", "Scooped":4.400613, "Total":29.825739 }
{ "timestamp":"2017-05-03T11:08:43Z", "event":"StartJump", "JumpType":"Hyperspace", "StarSystem":"Col 285 Sector XV-C c13-26", "StarClass":"K" }
{ "timestamp":"2017-05-03T11:09:02Z", "event":"FSDJump", "StarSystem":"Col 285 Sector XV-C c13-26", "StarPos":[-2.125,20.813,177.719], "SystemAllegiance":"", "SystemEconomy":"$economy_None;", "SystemEconomy_Localised":"None", "SystemGovernment":"$government_None;", "SystemGovernment_Localised":"None", "SystemSecurity":"$SYSTEM_SECURITY_low;", "SystemSecurity_Localised":"Low Security", "JumpDist":41.414, "FuelUsed":4.750546, "FuelLevel":25.075193 }
{ "timestamp":"2017-05-03T11:09:13Z", "event":"FuelScoop", "Scooped":0.165563, "Total":25.240768 }
{ "timestamp":"2017-05-03T11:09:54Z", "event":"StartJump", "JumpType":"Hyperspace", "StarSystem":"Scorpii Sector EW-W c1-21", "StarClass":"K" }
{ "timestamp":"2017-05-03T11:10:12Z", "event":"FSDJump", "StarSystem":"Scorpii Sector EW-W c1-21", "StarPos":[5.156,21.781,138.188], "SystemAllegiance":"", "SystemEconomy":"$economy_None;", "SystemEconomy_Localised":"None", "SystemGovernment":"$government_None;", "SystemGovernment_Localised":"None", "SystemSecurity":"$SYSTEM_SECURITY_low;", "SystemSecurity_Localised":"Low Security", "JumpDist":40.208, "FuelUsed":4.302622, "FuelLevel":20.938147 }
{ "timestamp":"2017-05-03T11:10:32Z", "event":"FuelScoop", "Scooped":2.971426, "Total":23.909607 }
{ "timestamp":"2017-05-03T11:10:52Z", "event":"StartJump", "JumpType":"Hyperspace", "StarSystem":"ADS 10035", "StarClass":"F" }
{ "timestamp":"2017-05-03T11:11:10Z", "event":"FSDJump", "StarSystem":"ADS 10035", "StarPos":[19.844,24.406,103.219], "SystemAllegiance":"Federation", "SystemEconomy":"$economy_Agri;", "SystemEconomy_Localised":"Agriculture", "SystemGovernment":"$government_Democracy;", "SystemGovernment_Localised":"Democracy", "SystemSecurity":"$SYSTEM_SECURITY_medium;", "SystemSecurity_Localised":"Medium Security", "JumpDist":38.019, "FuelUsed":3.721817, "FuelLevel":20.187790, "Factions":[ { "Name":"New ADS 10035 Progressive Party", "FactionState":"Boom", "Government":"Democracy", "Influence":0.456000, "Allegiance":"Federation" }, { "Name":"Workers of Djabugandji Resistance", "FactionState":"Boom", "Government":"Democracy", "Influence":0.234000, "Allegiance":"Federation" }, { "Name":"ADS 10035 Crimson Universal & Co", "FactionState":"None", "Government":"Corporate", "Influence":0.086000, "Allegiance":"Independent" }, { "Name":"Bureau of ADS 10035", "FactionState":"Boom", "Government":"Dictatorship", "Influence":0.077000, "Allegiance":"Independent" }, { "Name":"ADS 10035 Purple General Ltd", "FactionState":"None", "Government":"Corporate", "Influence":0.088000, "Allegiance":"Independent" }, { "Name":"Giryak Industries", "FactionState":"None", "Government":"Corporate", "Influence":0.059000, "Allegiance":"Independent" } ], "SystemFaction":"New ADS 10035 Progressive Party", "FactionState":"Boom" }
{ "timestamp":"2017-05-03T11:11:34Z", "event":"FuelScoop", "Scooped":5.003216, "Total":25.191023 }
{ "timestamp":"2017-05-03T11:11:46Z", "event":"FuelScoop", "Scooped":2.941998, "Total":28.133036 }
{ "timestamp":"2017-05-03T11:12:06Z", "event":"StartJump", "JumpType":"Hyperspace", "StarSystem":"Widow's Light", "StarClass":"K" }
{ "timestamp":"2017-05-03T11:12:24Z", "event":"FSDJump", "StarSystem":"Widow's Light", "StarPos":[33.781,41.438,72.000], "SystemAllegiance":"Federation", "SystemEconomy":"$economy_Industrial;", "SystemEconomy_Localised":"Industrial", "SystemGovernment":"$government_Corporate;", "SystemGovernment_Localised":"Corporate", "SystemSecurity":"$SYSTEM_SECURITY_medium;", "SystemSecurity_Localised":"Medium Security", "JumpDist":38.196, "FuelUsed":3.858408, "FuelLevel":24.274628, "Factions":[ { "Name":"Widow's Light Future", "FactionState":"Election", "Government":"Democracy", "Influence":0.149000, "Allegiance":"Federation" }, { "Name":"Progressive Party of Akarn", "FactionState":"None", "Government":"Democracy", "Influence":0.048000, "Allegiance":"Federation" }, { "Name":"Freedom Party of Widow's Light", "FactionState":"None", "Government":"Dictatorship", "Influence":0.043000, "Allegiance":"Independent" }, { "Name":"Widow's Light Comms Co", "FactionState":"Boom", "Government":"Corporate", "Influence":0.422000, "Allegiance":"Federation" }, { "Name":"Widow's Light Conservatives", "FactionState":"None", "Government":"Dictatorship", "Influence":0.037000, "Allegiance":"Independent" }, { "Name":"Drug Empire of Widow's Light", "FactionState":"Boom", "Government":"Anarchy", "Influence":0.073000, "Allegiance":"Independent" }, { "Name":"Eyes of the Witch", "FactionState":"Election", "Government":"Cooperative", "Influence":0.228000, "Allegiance":"Independent" } ], "SystemFaction":"Widow's Light Comms Co", "FactionState":"Boom" }
{ "timestamp":"2017-05-03T11:12:43Z", "event":"FuelScoop", "Scooped":2.747215, "Total":27.021854 }
{ "timestamp":"2017-05-03T11:13:07Z", "event":"StartJump", "JumpType":"Hyperspace", "StarSystem":"Cartoq", "StarClass":"F" }
{ "timestamp":"2017-05-03T11:13:26Z", "event":"FSDJump", "StarSystem":"Cartoq", "StarPos":[45.625,39.438,60.469], "SystemAllegiance":"Federation", "SystemEconomy":"$economy_Military;", "SystemEconomy_Localised":"Military", "SystemGovernment":"$government_Corporate;", "SystemGovernment_Localised":"Corporate", "SystemSecurity":"$SYSTEM_SECURITY_medium;", "SystemSecurity_Localised":"Medium Security", "JumpDist":16.651, "FuelUsed":0.501367, "FuelLevel":26.520487, "Factions":[ { "Name":"Values Party of Cartoq", "FactionState":"Outbreak", "Government":"Democracy", "Influence":0.040877, "Allegiance":"Federation" }, { "Name":"Gaohikel for Equality", "FactionState":"None", "Government":"Democracy", "Influence":0.194417, "Allegiance":"Federation" }, { "Name":"Independents of Yuqui", "FactionState":"CivilUnrest", "Government":"Democracy", "Influence":0.149551, "Allegiance":"Federation" }, { "Name":"Cartoq Purple Major Organisation", "FactionState":"Boom", "Government":"Corporate", "Influence":0.388833, "Allegiance":"Federation" }, { "Name":"Cartoq Gold Drug Empire", "FactionState":"Boom", "Government":"Anarchy", "Influence":0.009970, "Allegiance":"Independent" }, { "Name":"Freedom Party of Cartoq", "FactionState":"Boom", "Government":"Dictatorship", "Influence":0.048853, "Allegiance":"Independent" }, { "Name":"Esumindii for Equality", "FactionState":"Boom", "Government":"Democracy", "Influence":0.167498, "Allegiance":"Federation" } ], "SystemFaction":"Cartoq Purple Major Organisation", "FactionState":"Boom" }
{ "timestamp":"2017-05-03T11:17:02Z", "event":"SupercruiseExit", "StarSystem":"Cartoq", "Body":"Avdeyev Settlement", "BodyType":"Station" }
{ "timestamp":"2017-05-03T11:17:18Z", "event":"DockingRequested", "StationName":"Avdeyev Settlement" }
{ "timestamp":"2017-05-03T11:17:18Z", "event":"ReceiveText", "From":"Avdeyev Settlement", "Message":"$DockingChatter_Friendly;", "Message_Localised":"It's great to see you again, Commander.", "Channel":"npc" }
{ "timestamp":"2017-05-03T11:17:19Z", "event":"ReceiveText", "From":"Avdeyev Settlement", "Message":"$STATION_docking_granted;", "Message_Localised":"Docking request granted.", "Channel":"npc" }
{ "timestamp":"2017-05-03T11:17:19Z", "event":"DockingGranted", "LandingPad":30, "StationName":"Avdeyev Settlement" }
{ "timestamp":"2017-05-03T11:17:47Z", "event":"ReceiveText", "From":"Avdeyev Settlement", "Message":"$STATION_NoFireZone_entered;", "Message_Localised":"No fire zone entered.", "Channel":"npc" }
{ "timestamp":"2017-05-03T11:18:43Z", "event":"Docked", "StationName":"Avdeyev Settlement", "StationType":"Coriolis", "StarSystem":"Cartoq", "StationFaction":"Cartoq Purple Major Organisation", "FactionState":"Boom", "StationGovernment":"$government_Corporate;", "StationGovernment_Localised":"Corporate", "StationAllegiance":"Federation", "StationEconomy":"$economy_Refinery;", "StationEconomy_Localised":"Refinery", "DistFromStarLS":2888.077881 }
{ "timestamp":"2017-05-03T11:19:51Z", "event":"MissionCompleted", "Faction":"Cartoq Purple Major Organisation", "Name":"Mission_LongDistanceExpedition_name", "MissionID":132763713, "DestinationSystem":"Cartoq", "Reward":9145600 }
{ "timestamp":"2017-05-03T11:21:48Z", "event":"RefuelAll", "Cost":304, "Amount":6.069368 }
{ "timestamp":"2017-05-03T11:21:49Z", "event":"BuyAmmo", "Cost":150 }
{ "timestamp":"2017-05-03T11:27:20Z", "event":"Undocked", "StationName":"Avdeyev Settlement", "StationType":"Coriolis" }
{ "timestamp":"2017-05-03T11:27:54Z", "event":"ReceiveText", "From":"Avdeyev Settlement", "Message":"$STATION_NoFireZone_exited;", "Message_Localised":"No fire zone left.", "Channel":"npc" }
{ "timestamp":"2017-05-03T11:28:13Z", "event":"StartJump", "JumpType":"Hyperspace", "StarSystem":"Leesti", "StarClass":"K" }
{ "timestamp":"2017-05-03T11:28:32Z", "event":"FSDJump", "StarSystem":"Leesti", "StarPos":[72.750,48.750,68.250], "SystemAllegiance":"Alliance", "SystemEconomy":"$economy_HighTech;", "SystemEconomy_Localised":"High Tech", "SystemGovernment":"$government_Cooperative;", "SystemGovernment_Localised":"Cooperative", "SystemSecurity":"$SYSTEM_SECURITY_high;", "SystemSecurity_Localised":"High Security", "JumpDist":29.716, "FuelUsed":2.133192, "FuelLevel":29.866808, "Factions":[ { "Name":"Didi Vatermann", "FactionState":"None", "Government":"Engineer", "Influence":0.011858, "Allegiance":"Alliance" }, { "Name":"Independent Leesti for Equality", "FactionState":"Boom", "Government":"Democracy", "Influence":0.539526, "Allegiance":"Alliance" }, { "Name":"Crimson State Limited", "FactionState":"War", "Government":"Corporate", "Influence":0.083992, "Allegiance":"Alliance" }, { "Name":"Leesti United Steelworks", "FactionState":"Boom", "Government":"Corporate", "Influence":0.131423, "Allegiance":"Alliance" }, { "Name":"Orrere Energy Company", "FactionState":"None", "Government":"Corporate", "Influence":0.065217, "Allegiance":"Federation" }, { "Name":"Leesti Alliance Union", "FactionState":"War", "Government":"Patronage", "Influence":0.103755, "Allegiance":"Alliance" }, { "Name":"Reynhardt IntelliSys", "FactionState":"Boom", "Government":"Corporate", "Influence":0.045455, "Allegiance":"Independent" }, { "Name":"Justice Party of Leesti", "FactionState":"None", "Government":"Dictatorship", "Influence":0.018775, "Allegiance":"Independent" } ], "SystemFaction":"Independent Leesti for Equality", "FactionState":"Boom" }
{ "timestamp":"2017-05-03T11:28:43Z", "event":"FuelScoop", "Scooped":0.212873, "Total":30.079674 }
{ "timestamp":"2017-05-03T11:30:36Z", "event":"SupercruiseExit", "StarSystem":"Leesti", "Body":"George Lucas", "BodyType":"Station" }
{ "timestamp":"2017-05-03T11:30:47Z", "event":"DockingRequested", "StationName":"George Lucas" }
{ "timestamp":"2017-05-03T11:30:47Z", "event":"ReceiveText", "From":"George Lucas", "Message":"$DockingChatter_Neutral;", "Message_Localised":"Ensure to observe starport protocol during your visit, pilot.", "Channel":"npc" }
{ "timestamp":"2017-05-03T11:30:48Z", "event":"ReceiveText", "From":"George Lucas", "Message":"$STATION_docking_granted;", "Message_Localised":"Docking request granted.", "Channel":"npc" }
{ "timestamp":"2017-05-03T11:30:48Z", "event":"DockingGranted", "LandingPad":35, "StationName":"George Lucas" }
{ "timestamp":"2017-05-03T11:30:57Z", "event":"ReceiveText", "From":"George Lucas", "Message":"$STATION_NoFireZone_entered;", "Message_Localised":"No fire zone entered.", "Channel":"npc" }
{ "timestamp":"2017-05-03T11:31:41Z", "event":"Docked", "StationName":"George Lucas", "StationType":"Coriolis", "StarSystem":"Leesti", "StationFaction":"Independent Leesti for Equality", "FactionState":"Boom", "StationGovernment":"$government_Democracy;", "StationGovernment_Localised":"Democracy", "StationAllegiance":"Alliance", "StationEconomy":"$economy_HighTech;", "StationEconomy_Localised":"High Tech", "DistFromStarLS":256.216949 }
{ "timestamp":"2017-05-03T11:32:34Z", "event":"SellExplorationData", "Systems":[ "M17 Sector YE-Z d0", "Traikoa FL-P e5-4", "Droju LT-Q e5-4", "Bleia Eohn AS-H d11-2", "Smojue NZ-O c19-0", "Bleia Eohn WR-D c15-0", "M7 Sector JS-T d3-3", "M17 Sector LS-T d3-7", "Droju TM-M c10-1", "HIP 87273", "Swoiwns GS-H d11-11", "Smojue JG-Y d12", "Droju KI-Z d1-15", "Col 359 Sector HW-M d7-16", "M17 Sector TY-Z c2", "Smojue DH-U c16-2", "Traikaae IO-Z b13-0", "Traikaae VC-I b23-0", "Traikaae GE-P b19-0", "M17 Sector CW-S b5-0", "M17 Sector SU-L b9-0", "Smojue QA-U b30-0", "Smojue OM-U b16-0", "Droju LI-L b14-0", "Smojue PP-R b4-0", "Bleae Thua BZ-K b49-0", "Bleae Thua JL-H b51-0", "Bleae Thua RX-D b53-0", "Bleae Thua ZK-L b35-0", "Bleae Thua NB-D b26-0", "Bleae Thua ED-T b17-0", "Bleae Thua PE-A b14-0", "Bleae Thua XQ-W b15-0", "Col 359 Sector SX-A b43-0", "Col 359 Sector DG-Z b29-0", "Scorpii Sector SE-Q b5-0", "Smojue KX-L d7-20", "Droju VA-U d4-21", "Bleia Eohn IE-E d13-24", "Col 359 Sector NI-J d9-24", "Bleae Thua DD-Z c27-3", "M25 Sector IS-S c4-3", "Pru Euq UJ-X c28-3", "LTT 6216", "Col 285 Sector FI-Z c14-4", "HIP 85176", "M17 Sector XE-Z d37", "Traikoa GQ-G d10-39", "Swoiwns GS-H d11-41", "Droju OO-X d2-42" ], "Discovered":[ "M17 Sector YE-Z d0 A 4", "M17 Sector YE-Z d0 A 5", "Bleae Thua DD-Z c27-3 3", "Bleae Thua DD-Z c27-3 2" ], "BaseValue":5079213, "Bonus":358327 }
{ "timestamp":"2017-05-03T11:32:51Z", "event":"SellExplorationData", "Systems":[ "Smojue FN-S c17-5", "Smojue KT-Q c18-5", "Pru Euq JR-C c26-5", "Pipe (stem) Sector LX-U c2-5", "M17 Sector BL-X d1-43", "Smojue RJ-I d9-45", "Droju RU-V d3-46", "Traikoa ZD-K d8-48", "Smojue KC-D c12-6", "Bleia Eohn ST-G c27-6", "Bleia Eohn LQ-W c18-6", "Bleia Eohn EY-F d12-51", "Traikoa FZ-S d3-54", "Droju DW-C d58", "M17 Sector BL-X d1-59", "Bleae Thua UM-W d1-62", "B92 Sector JC-V d2-62", "Droju KI-Z d1-63", "Bleae Thua BS-W c1-8", "Bleae Thua SF-R c4-8", "Droju DW-C d69", "Smojue ND-K d8-70", "Smojue DL-P d5-70", "Traikoa CK-I d9-72", "Smojue YV-E d11-72", "Smojue QF-N c20-9", "Col 359 Sector QA-K c23-9", "B92 Sector CG-X c1-9", "B92 Sector GM-V c2-9", "Smojue XA-W c15-10", "Smojue SO-Z c13-10", "M25 Sector FM-U c3-10", "M17 Sector RI-L b23-1", "M17 Sector NL-Z b15-1", "M17 Sector LQ-Q b20-1", "Smojue AQ-R b45-1", "Smojue MR-Y b41-1", "Smojue FS-W b1-1", "Bleae Thua QD-T b58-1", "Bleae Thua UM-O b47-1", "Bleae Thua KD-G b38-1", "Bleae Thua DA-W b29-1", "Traikaae CR-N d6-83", "M25 Sector ZW-H b11-1", "Bleae Thua BP-T b3-1", "Pru Euq LJ-C b54-1", "Bleae Thua BV-Z b13-1", "Col 359 Sector AK-X b44-1", "IC 1287 Sector EM-L b8-1", "Pru Euq MW-I b50-1" ], "Discovered":[ "Smojue KT-Q c18-5 ABC 4", "Smojue KT-Q c18-5 ABC 5", "Smojue RJ-I d9-45 6 a", "Droju RU-V d3-46 4", "Traikoa ZD-K d8-48 A 2", "Traikoa ZD-K d8-48 A 4", "Traikoa ZD-K d8-48 A 3", "Bleia Eohn LQ-W c18-6 2", "Droju KI-Z d1-63 2 b", "Droju KI-Z d1-63 2 a", "Droju KI-Z d1-63 2", "Smojue DL-P d5-70 ABC 3", "M17 Sector LQ-Q b20-1 A 1", "Bleae Thua QD-T b58-1 6", "Bleae Thua QD-T b58-1 5" ], "BaseValue":5677813, "Bonus":1506938 }
{ "timestamp":"2017-05-03T11:33:16Z", "event":"SellExplorationData", "Systems":[ "M17 Sector BL-X d1-84", "Bleae Thua HL-P d5-87", "Col 359 Sector VH-T c4-12", "M17 Sector SP-N c7-13", "M17 Sector YV-L c8-13", "Bleae Thua QQ-P c5-13", "Pru Euq TO-Z d13-107", "Cartoq", "Traikoa YD-K d8-110", "Traikaae YK-P d5-114", "Blae Drye ZW-U c19-14", "Smojue TL-L c21-14", "Smojue CQ-G c10-14", "Blae Drye YF-L d9-115", "Col 359 Sector OR-V d2-126", "Traikaae IX-L c7-16", "B92 Sector KH-V c2-16", "Col 359 Sector VD-S d4-135", "Bleae Thua XL-Y c17", "Smojue MZ-O c19-18", "Pipe (stem) Sector DL-Y c18", "Snake Sector EL-Y c18", "Smojue BZ-D b39-2", "Smojue IO-X b28-2", "Smojue VY-Q b18-2", "Smojue JP-I b9-2", "Bleae Thua VO-K b8-2", "Bleae Thua BG-H b10-2", "Pru Euq NN-O b47-2", "Col 359 Sector KC-S b47-2", "Pru Euq AV-B b54-2", "Col 359 Sector XS-R b47-2", "B92 Sector VO-Z b2", "Col 359 Sector ZW-I b11-2", "Droju OO-A a27-0", "Droju JF-B a13-0", "Droju AI-G a10-0", "Bleia Eohn SC-A a96-0", "Smojue EW-E c11-19", "Bleae Thua XK-N c20-19", "Bleae Thua MS-S c17-19", "Smojue NR-N c6-20", "Pipe (bowl) Sector BQ-Y c20", "Traikaae MS-U d2-165", "Traikaae QY-S d3-168", "M17 Sector MU-E c12-21", "Traikaae ER-N c6-21", "Smojue VL-L c21-21", "Pru Euq NO-X c28-21", "Col 359 Sector UP-U c17-21" ], "Discovered":[ "M17 Sector YV-L c8-13", "Bleae Thua XK-N c20-19 1", "Bleae Thua XK-N c20-19 2" ], "BaseValue":1343148, "Bonus":46420 }
{ "timestamp":"2017-05-03T11:33:35Z", "event":"SellExplorationData", "Systems":[ "Scorpii Sector EW-W c1-21", "Dadal", "M25 Sector BG-W c2-23", "Bleae Thua DH-Y c24", "M7 Sector JY-Q c5-25", "Col 359 Sector SY-X c15-25", "Traikoa TK-I c9-26", "M25 Sector BG-W c2-26", "Pru Euq QD-Z c27-26", "B92 Sector KS-T c3-26", "Col 285 Sector XV-C c13-26", "M17 Sector JW-O b21-3", "M17 Sector EE-D b14-3", "M17 Sector WI-L b23-3", "Smojue DW-P b46-3", "Smojue BC-B b27-3", "Smojue YB-S b31-3", "Smojue FR-L b21-3", "Smojue CR-C b26-3", "Smojue TW-E b11-3", "Smojue BD-M b7-3", "Smojue XF-A b3", "Bleae Thua NA-S b45-3", "Bleae Thua MH-S b31-3", "Bleae Thua HJ-R b18-3", "Bleae Thua LQ-A b3", "Bleae Thua UI-D b12-3", "Bleae Thua DI-Y b3", "Col 359 Sector VA-Y b30-3", "Col 359 Sector UF-M b9-3", "Col 285 Sector LL-Y b29-3", "Traikoa ED-D c12-29", "Col 285 Sector ZQ-C c13-31", "Traikoa TB-W c15-32", "B92 Sector GB-X c1-32", "M17 Sector JT-N b8-4", "M17 Sector HT-E b13-4", "Smojue NA-L b35-4", "Smojue TP-E b25-4", "Smojue GA-Y b14-4", "Bleae Thua AF-A b55-4", "Bleae Thua TT-O b33-4", "Bleae Thua OV-N b20-4", "Bleia Eohn WG-T b37-4", "Bleae Thua EB-Y b14-4", "Bleae Thua SG-R b4-4", "IC 1287 Sector XZ-O b6-4", "Col 359 Sector DN-U b32-4", "Col 359 Sector QJ-B b29-4", "Col 359 Sector NA-X b44-4" ], "Discovered":[ "Smojue NA-L b35-4 3", "Smojue NA-L b35-4 3 a" ], "BaseValue":1924161, "Bonus":18972 }
{ "timestamp":"2017-05-03T11:33:49Z", "event":"SellExplorationData", "Systems":[ "B92 Sector EW-M b7-4", "Col 359 Sector IE-F b13-4", "Merti", "Traikoa CO-S c17-36", "M17 Sector VV-L c8-36", "Traikoa LY-L c7-39", "Traikoa BF-Z b27-5", "M17 Sector EE-U b18-5", "M17 Sector TJ-W b3-5", "Droju SU-H b16-5", "Bleae Thua FO-V b43-5", "Bleia Eohn YL-G b58-5", "Bleia Eohn AV-S b51-5", "Bleae Thua FP-G b24-5", "Bleae Thua VN-Z b27-5", "Bleia Eohn WX-G b44-5", "Bleae Thua NC-O b6-5", "Pru Euq YF-J b50-5", "Col 359 Sector ZA-L b51-5", "Col 359 Sector WU-M b50-5", "Pru Euq DB-A b55-5", "Col 359 Sector OF-P b35-5", "Col 359 Sector VM-T b46-5", "Col 285 Sector GU-B b28-5", "Birhepri", "M17 Sector XR-G b12-6", "Bleae Thua RP-C b40-6", "Bleia Eohn SZ-J b56-6", "M7 Sector IZ-M b8-6", "M7 Sector QL-J b10-6", "Pipe (bowl) Sector EM-V b2-6", "Col 359 Sector LE-F b13-6", "Traikoa RV-X c14-52", "Traikoa IJ-B c13-58", "Traikoa ET-Y b41-7", "Traikoa YN-L b21-7", "M17 Sector QF-K b10-7", "M17 Sector TC-N b22-7", "Bleia Eohn HZ-N b40-7", "Bleia Eohn PL-K b42-7", "Pru Euq GS-F b52-7", "Bleae Thua AT-N b6-7", "Col 359 Sector SE-S b33-7", "Traikoa II-J b36-8", "M17 Sector AH-I b11-8", "Pru Euq VZ-K b49-8", "M7 Sector AN-Q b6-8", "Traikoa OU-F b38-9", "M17 Sector BK-S b19-9", "Bleae Thua OI-U b16-9" ], "Discovered":[ "Traikoa CO-S c17-36 A 1", "Traikoa CO-S c17-36 A 2", "Traikoa BF-Z b27-5 A 4", "M17 Sector TJ-W b3-5 A 3", "Bleia Eohn YL-G b58-5 1", "Bleia Eohn SZ-J b56-6 1", "Traikoa IJ-B c13-58 2", "Traikoa YN-L b21-7 A 1", "M17 Sector AH-I b11-8 A 4" ], "BaseValue":2892435, "Bonus":959263 }
{ "timestamp":"2017-05-03T11:34:07Z", "event":"SellExplorationData", "Systems":[ "Traikoa CL-X b28-10", "Pipe (stem) Sector NN-T b3-10", "Bleia Eohn BZ-T a71-1", "Bleia Eohn RJ-W a56-1", "Traikaae OQ-L b21-11", "Traikoa KF-V b43-13", "Traikoa OL-T b44-14", "Traikoa LF-V b43-14", "Traikoa WA-N b34-14", "Traikoa JX-T b30-16", "Traikoa QD-S b31-17", "Bleia Eohn JF-B a68-2", "M25 Sector ON-I a26-2", "Traikoa GA-I b23-20", "Droju KO-N a6-3", "Bleia Eohn UG-I a64-3", "Swoiwns TB-V a98-3" ], "Discovered":[ "Bleia Eohn RJ-W a56-1 3" ], "BaseValue":432469, "Bonus":453 }
