{ "timestamp":"2017-06-21T20:40:01Z", "event":"Fileheader", "part":1, "language":"English\\UK", "gameversion":"2.3.02", "build":"r143095/r0 " }
{ "timestamp":"2017-06-21T20:40:57Z", "event":"Cargo", "Inventory":[ { "Name":"nanobreakers", "Count":4 } ] }
{ "timestamp":"2017-06-21T20:40:57Z", "event":"Loadout", "Ship":"Anaconda", "ShipID":16, "ShipName":"sepia II", "ShipIdent":"BL-19A", "Modules":[ { "Slot":"HugeHardpoint1", "Item":"Hpt_BeamLaser_Gimbal_Large", "On":true, "Priority":0, "Health":1.000000, "Value":2036736 }, { "Slot":"TinyHardpoint1", "Item":"Hpt_HeatSinkLauncher_Turret_Tiny", "On":true, "Priority":0, "AmmoInClip":1, "AmmoInHopper":2, "Health":1.000000, "Value":2975 }, { "Slot":"TinyHardpoint2", "Item":"Hpt_ChaffLauncher_Tiny", "On":true, "Priority":0, "AmmoInClip":1, "AmmoInHopper":10, "Health":1.000000, "Value":7225 }, { "Slot":"TinyHardpoint3", "Item":"Hpt_CloudScanner_Size0_Class4", "On":true, "Priority":0, "Health":1.000000, "Value":310844 }, { "Slot":"Armour", "Item":"Anaconda_Armour_Grade1", "On":true, "Priority":1, "Health":1.000000, "Value":0 }, { "Slot":"PaintJob", "Item":"PaintJob_Anaconda_BlackFriday_01", "On":true, "Priority":1, "Health":1.000000, "Value":0 }, { "Slot":"PowerPlant", "Item":"Int_Powerplant_Size5_Class2", "On":true, "Priority":1, "Health":1.000000, "Value":160680 }, { "Slot":"MainEngines", "Item":"Int_Engine_Size6_Class2", "On":true, "Priority":0, "Health":1.000000, "Value":509356, "EngineerBlueprint":"Engine_Tuned", "EngineerLevel":1 }, { "Slot":"FrameShiftDrive", "Item":"Int_Hyperdrive_Size6_Class5", "On":true, "Priority":0, "Health":1.000000, "Value":13752602, "EngineerBlueprint":"FSD_LongRange", "EngineerLevel":5 }, { "Slot":"LifeSupport", "Item":"Int_LifeSupport_Size5_Class1", "On":true, "Priority":2, "Health":1.000000, "Value":27011 }, { "Slot":"PowerDistributor", "Item":"Int_PowerDistributor_Size8_Class2", "On":true, "Priority":0, "Health":1.000000, "Value":1482367 }, { "Slot":"Radar", "Item":"Int_Sensors_Size8_Class2", "On":true, "Priority":0, "Health":1.000000, "Value":1482367, "EngineerBlueprint":"Sensor_Sensor_LightWeight", "EngineerLevel":2 }, { "Slot":"FuelTank", "Item":"Int_FuelTank_Size5_Class3", "On":true, "Priority":1, "Health":1.000000, "Value":83090 }, { "Slot":"ShipName0", "Item":"Nameplate_Practical03_White", "On":true, "Priority":1, "Health":1.000000, "Value":0 }, { "Slot":"ShipName1", "Item":"Nameplate_Practical03_White", "On":true, "Priority":1, "Health":1.000000, "Value":0 }, { "Slot":"Slot01_Size7", "Item":"Int_CargoRack_Size7_Class1", "On":true, "Priority":1, "Health":1.000000, "Value":1001657 }, { "Slot":"Slot02_Size6", "Item":"Int_CargoRack_Size6_Class1", "On":true, "Priority":1, "Health":1.000000, "Value":308203 }, { "Slot":"Slot03_Size6", "Item":"Int_CargoRack_Size6_Class1", "On":true, "Priority":1, "Health":1.000000, "Value":308203 }, { "Slot":"Slot04_Size6", "Item":"Int_CargoRack_Size6_Class1", "On":true, "Priority":1, "Health":1.000000, "Value":308203 }, { "Slot":"Slot05_Size5", "Item":"Int_CargoRack_Size5_Class1", "On":true, "Priority":1, "Health":1.000000, "Value":94831 }, { "Slot":"Slot06_Size5", "Item":"Int_CargoRack_Size5_Class1", "On":true, "Priority":1, "Health":1.000000, "Value":94832 }, { "Slot":"Slot07_Size5", "Item":"Int_FuelScoop_Size5_Class5", "On":true, "Priority":0, "Health":1.000000, "Value":9073694 }, { "Slot":"Slot08_Size4", "Item":"Int_ShieldGenerator_Size4_Class2", "On":true, "Priority":0, "Health":1.000000, "Value":50689 }, { "Slot":"Slot09_Size4", "Item":"Int_CargoRack_Size4_Class1", "On":true, "Priority":1, "Health":1.000000, "Value":29178 }, { "Slot":"Slot10_Size4", "Item":"Int_FuelTank_Size4_Class3", "On":true, "Priority":1, "Health":1.000000, "Value":24734 }, { "Slot":"Slot13_Size2", "Item":"Int_StellarBodyDiscoveryScanner_Advanced", "On":true, "Priority":1, "Health":1.000000, "Value":1545000 }, { "Slot":"PlanetaryApproachSuite", "Item":"Int_PlanetApproachSuite", "On":true, "Priority":1, "Health":1.000000, "Value":425 }, { "Slot":"ShipCockpit", "Item":"Anaconda_Cockpit", "On":true, "Priority":1, "Health":1.000000, "Value":0 }, { "Slot":"CargoHatch", "Item":"ModularCargoBayDoor", "On":true, "Priority":2, "Health":1.000000, "Value":0 } ] }
{ "timestamp":"2017-06-21T20:40:57Z", "event":"Materials", "Raw":[ { "Name":"chromium", "Count":31 }, { "Name":"iron", "Count":62 }, { "Name":"carbon", "Count":11 }, { "Name":"nickel", "Count":20 }, { "Name":"zinc", "Count":15 }, { "Name":"cadmium", "Count":8 }, { "Name":"phosphorus", "Count":22 }, { "Name":"germanium", "Count":14 }, { "Name":"manganese", "Count":17 }, { "Name":"yttrium", "Count":3 }, { "Name":"molybdenum", "Count":6 }, { "Name":"polonium", "Count":3 }, { "Name":"niobium", "Count":27 }, { "Name":"zirconium", "Count":9 }, { "Name":"sulphur", "Count":1 }, { "Name":"selenium", "Count":2 }, { "Name":"mercury", "Count":3 } ], "Manufactured":[ { "Name":"chemicalprocessors", "Count":11 }, { "Name":"salvagedalloys", "Count":11 }, { "Name":"shieldemitters", "Count":3 }, { "Name":"compoundshielding", "Count":24 }, { "Name":"refinedfocuscrystals", "Count":68 }, { "Name":"shieldingsensors", "Count":8 }, { "Name":"focuscrystals", "Count":9 }, { "Name":"fedproprietarycomposites", "Count":6 }, { "Name":"protolightalloys", "Count":13 }, { "Name":"galvanisingalloys", "Count":11 }, { "Name":"precipitatedalloys", "Count":9 }, { "Name":"heatconductionwiring", "Count":9 }, { "Name":"phasealloys", "Count":1 }, { "Name":"wornshieldemitters", "Count":15 }, { "Name":"configurablecomponents", "Count":12 }, { "Name":"conductivepolymers", "Count":21 }, { "Name":"chemicalmanipulators", "Count":1 }, { "Name":"fedcorecomposites", "Count":2 }, { "Name":"biotechconductors", "Count":2 }, { "Name":"protoheatradiators", "Count":1 }, { "Name":"crystalshards", "Count":3 }, { "Name":"heatresistantceramics", "Count":1 }, { "Name":"protoradiolicalloys", "Count":4 }, { "Name":"gridresistors", "Count":3 }, { "Name":"basicconductors", "Count":1 }, { "Name":"exquisitefocuscrystals", "Count":1 }, { "Name":"mechanicalscrap", "Count":1 }, { "Name":"heatdispersionplate", "Count":6 }, { "Name":"mechanicalcomponents", "Count":3 }, { "Name":"polymercapacitors", "Count":3 }, { "Name":"heatexchangers", "Count":3 }, { "Name":"conductivecomponents", "Count":6 }, { "Name":"heatvanes", "Count":3 }, { "Name":"mechanicalequipment", "Count":1 }, { "Name":"chemicaldistillery", "Count":3 }, { "Name":"conductiveceramics", "Count":2 } ], "Encoded":[ { "Name":"emissiondata", "Count":40 }, { "Name":"shieldsoakanalysis", "Count":29 }, { "Name":"shieldcyclerecordings", "Count":65 }, { "Name":"decodedemissiondata", "Count":74 }, { "Name":"classifiedscandata", "Count":3 }, { "Name":"encodedscandata", "Count":3 }, { "Name":"shielddensityreports", "Count":45 }, { "Name":"scanarchives", "Count":17 }, { "Name":"securityfirmware", "Count":3 }, { "Name":"bulkscandata", "Count":45 }, { "Name":"shieldpatternanalysis", "Count":52 }, { "Name":"scandatabanks", "Count":18 }, { "Name":"fsdtelemetry", "Count":20 }, { "Name":"encryptedfiles", "Count":3 }, { "Name":"archivedemissiondata", "Count":2 }, { "Name":"scrambledemissiondata", "Count":5 }, { "Name":"wakesolutions", "Count":7 }, { "Name":"hyperspacetrajectories", "Count":16 }, { "Name":"industrialfirmware", "Count":1 }, { "Name":"shieldfrequencydata", "Count":3 }, { "Name":"compactemissionsdata", "Count":6 }, { "Name":"disruptedwakeechoes", "Count":39 }, { "Name":"dataminedwake", "Count":1 }, { "Name":"consumerfirmware", "Count":3 } ] }
{ "timestamp":"2017-06-21T20:40:57Z", "event":"LoadGame", "Commander":"Blantyre", "Ship":"Anaconda", "ShipID":16, "ShipName":"sepia II", "ShipIdent":"BL-19A", "FuelLevel":48.000000, "FuelCapacity":48.000000, "GameMode":"Group", "Group":"Blantyre", "Credits":32741505, "Loan":0 }
{ "timestamp":"2017-06-21T20:40:57Z", "event":"Rank", "Combat":4, "Trade":6, "Explore":6, "Empire":2, "Federation":7, "CQC":0 }
{ "timestamp":"2017-06-21T20:40:57Z", "event":"Progress", "Combat":78, "Trade":14, "Explore":83, "Empire":60, "Federation":18, "CQC":0 }
{ "timestamp":"2017-06-21T20:40:58Z", "event":"ApproachSettlement", "Name":"Salak Prospect" }
{ "timestamp":"2017-06-21T20:41:24Z", "event":"Location", "Docked":true, "StationName":"Salak Prospect", "StationType":"SurfaceStation", "StarSystem":"Arietis Sector DQ-Y c19", "StarPos":[-52.469,-87.094,-167.688], "SystemAllegiance":"Independent", "SystemEconomy":"$economy_Industrial;", "SystemEconomy_Localised":"Industrial", "SystemGovernment":"$government_Confederacy;", "SystemGovernment_Localised":"Confederacy", "SystemSecurity":"$SYSTEM_SECURITY_low;", "SystemSecurity_Localised":"Low Security", "Body":"Arietis Sector DQ-Y c19 1 a", "BodyType":"Planet", "Factions":[ { "Name":"49 Arietis Gold Council", "FactionState":"War", "Government":"Anarchy", "Influence":0.010000, "Allegiance":"Independent" }, { "Name":"Atroan Gold Gang", "FactionState":"War", "Government":"Anarchy", "Influence":0.201000, "Allegiance":"Independent" }, { "Name":"Jataya Democrats", "FactionState":"Retreat", "Government":"Democracy", "Influence":0.194000, "Allegiance":"Federation" }, { "Name":"49 Arietis Left Party", "FactionState":"Boom", "Government":"Communism", "Influence":0.310000, "Allegiance":"Independent" }, { "Name":"HIP 15278 Silver Fortune Corp", "FactionState":"Retreat", "Government":"Corporate", "Influence":0.043000, "Allegiance":"Independent" }, { "Name":"Morowari Shared", "FactionState":"War", "Government":"Cooperative", "Influence":0.016000, "Allegiance":"Independent" }, { "Name":"Argus Panoptic Corporation", "FactionState":"War", "Government":"Confederacy", "Influence":0.226000, "Allegiance":"Independent" } ], "SystemFaction":"Argus Panoptic Corporation", "FactionState":"War" }
{ "timestamp":"2017-06-21T20:41:25Z", "event":"Docked", "StationName":"Salak Prospect", "StationType":"SurfaceStation", "StarSystem":"Arietis Sector DQ-Y c19", "StationFaction":"Argus Panoptic Corporation", "FactionState":"War", "StationGovernment":"$government_Confederacy;", "StationGovernment_Localised":"Confederacy", "StationEconomy":"$economy_Industrial;", "StationEconomy_Localised":"Industrial", "DistFromStarLS":658.810791 }
{ "timestamp":"2017-06-21T20:52:12Z", "event":"Undocked", "StationName":"Salak Prospect", "StationType":"SurfaceStation" }
{ "timestamp":"2017-06-21T20:52:34Z", "event":"ReceiveText", "From":"Salak Prospect", "Message":"$STATION_NoFireZone_exited;", "Message_Localised":"No fire zone left.", "Channel":"npc" }
{ "timestamp":"2017-06-21T20:52:44Z", "event":"StartJump", "JumpType":"Supercruise" }
{ "timestamp":"2017-06-21T20:52:44Z", "event":"ApproachSettlement", "Name":"Salak Prospect" }
{ "timestamp":"2017-06-21T20:52:49Z", "event":"SupercruiseEntry", "StarSystem":"Arietis Sector DQ-Y c19" }
{ "timestamp":"2017-06-21T20:54:52Z", "event":"StartJump", "JumpType":"Hyperspace", "StarSystem":"64 Arietis", "StarClass":"K" }
{ "timestamp":"2017-06-21T20:55:10Z", "event":"FSDJump", "StarSystem":"64 Arietis", "StarPos":[-57.094,-90.656,-178.344], "SystemAllegiance":"Independent", "SystemEconomy":"$economy_Industrial;", "SystemEconomy_Localised":"Industrial", "SystemGovernment":"$government_Confederacy;", "SystemGovernment_Localised":"Confederacy", "SystemSecurity":"$SYSTEM_SECURITY_medium;", "SystemSecurity_Localised":"Medium Security", "JumpDist":12.151, "FuelUsed":0.220385, "FuelLevel":47.779613, "Factions":[ { "Name":"64 Arietis Crimson Partnership", "FactionState":"Boom", "Government":"Anarchy", "Influence":0.078000, "Allegiance":"Independent" }, { "Name":"64 Arietis Front", "FactionState":"Boom", "Government":"Dictatorship", "Influence":0.066000, "Allegiance":"Independent" }, { "Name":"Labour of 64 Arietis", "FactionState":"None", "Government":"Democracy", "Influence":0.143000, "Allegiance":"Independent" }, { "Name":"64 Arietis Jet General Solutions", "FactionState":"Famine", "Government":"Corporate", "Influence":0.056000, "Allegiance":"Independent" }, { "Name":"Militia for Independent Research", "FactionState":"Boom", "Government":"Cooperative", "Influence":0.126000, "Allegiance":"Independent" }, { "Name":"Nationals of 64 Arietis", "FactionState":"None", "Government":"Dictatorship", "Influence":0.115000, "Allegiance":"Independent" }, { "Name":"Argus Panoptic Corporation", "FactionState":"None", "Government":"Confederacy", "Influence":0.416000, "Allegiance":"Independent" } ], "SystemFaction":"Argus Panoptic Corporation" }
{ "timestamp":"2017-06-21T20:55:18Z", "event":"FuelScoop", "Scooped":0.061286, "Total":47.840870 }
{ "timestamp":"2017-06-21T20:57:35Z", "event":"SupercruiseExit", "StarSystem":"64 Arietis", "Body":"Weyn Dock", "BodyType":"Station" }
{ "timestamp":"2017-06-21T20:57:48Z", "event":"DockingRequested", "StationName":"Weyn Dock" }
{ "timestamp":"2017-06-21T20:57:48Z", "event":"ReceiveText", "From":"Weyn Dock", "Message":"$DockingChatter_Neutral;", "Message_Localised":"Ensure to observe starport protocol during your visit, pilot.", "Channel":"npc" }
{ "timestamp":"2017-06-21T20:57:49Z", "event":"ReceiveText", "From":"Weyn Dock", "Message":"$STATION_docking_granted;", "Message_Localised":"Docking request granted.", "Channel":"npc" }
{ "timestamp":"2017-06-21T20:57:49Z", "event":"DockingGranted", "LandingPad":17, "StationName":"Weyn Dock" }
{ "timestamp":"2017-06-21T20:58:31Z", "event":"ReceiveText", "From":"Weyn Dock", "Message":"$STATION_NoFireZone_entered;", "Message_Localised":"No fire zone entered.", "Channel":"npc" }
{ "timestamp":"2017-06-21T20:59:17Z", "event":"Docked", "StationName":"Weyn Dock", "StationType":"Bernal", "StarSystem":"64 Arietis", "StationFaction":"Argus Panoptic Corporation", "StationGovernment":"$government_Confederacy;", "StationGovernment_Localised":"Confederacy", "StationEconomy":"$economy_Industrial;", "StationEconomy_Localised":"Industrial", "DistFromStarLS":1107.379150 }
{ "timestamp":"2017-06-21T21:03:44Z", "event":"RefuelAll", "Cost":17, "Amount":0.321050 }
{ "timestamp":"2017-06-21T21:07:33Z", "event":"ModuleBuy", "Slot":"Slot09_Size4", "SellItem":"$int_cargorack_size4_class1_name;", "SellItem_Localised":"Cargo Rack", "SellPrice":29178, "BuyItem":"$int_refinery_size4_class5_name;", "BuyItem_Localised":"Refinery", "BuyPrice":4500846, "Ship":"anaconda", "ShipID":16 }
{ "timestamp":"2017-06-21T21:10:31Z", "event":"ModuleBuy", "Slot":"Slot10_Size4", "SellItem":"$int_fueltank_size4_class3_name;", "SellItem_Localised":"Fuel Tank", "SellPrice":24734, "BuyItem":"$int_dronecontrol_prospector_size3_class4_name;", "BuyItem_Localised":"Prospector", "BuyPrice":43200, "Ship":"anaconda", "ShipID":16 }
{ "timestamp":"2017-06-21T21:11:03Z", "event":"ModuleBuy", "Slot":"PowerPlant", "SellItem":"$int_powerplant_size5_class2_name;", "SellItem_Localised":"Power Plant", "SellPrice":160680, "BuyItem":"$int_powerplant_size6_class2_name;", "BuyItem_Localised":"Power Plant", "BuyPrice":599242, "Ship":"anaconda", "ShipID":16 }
{ "timestamp":"2017-06-21T21:11:04Z", "event":"ShieldState", "ShieldsUp":false }
{ "timestamp":"2017-06-21T21:11:09Z", "event":"ShieldState", "ShieldsUp":true }
{ "timestamp":"2017-06-21T21:11:39Z", "event":"ModuleBuy", "Slot":"LargeHardpoint1", "BuyItem":"$hpt_mininglaser_fixed_small_name;", "BuyItem_Localised":"Mining Laser", "BuyPrice":6800, "Ship":"anaconda", "ShipID":16 }
{ "timestamp":"2017-06-21T21:12:11Z", "event":"Undocked", "StationName":"Weyn Dock", "StationType":"Bernal" }
{ "timestamp":"2017-06-21T21:12:57Z", "event":"ReceiveText", "From":"Weyn Dock", "Message":"$STATION_NoFireZone_exited;", "Message_Localised":"No fire zone left.", "Channel":"npc" }
{ "timestamp":"2017-06-21T21:13:04Z", "event":"Scanned", "ScanType":"Cargo" }
{ "timestamp":"2017-06-21T21:13:04Z", "event":"ReceiveText", "From":"$ShipName_Police_Independent;", "From_Localised":"System Authority Vessel", "Message":"$Police_ThankYouPassedStopAndSearch04;", "Message_Localised":"No crimes detected. You're free to go, Commander.", "Channel":"npc" }
{ "timestamp":"2017-06-21T21:13:18Z", "event":"StartJump", "JumpType":"Hyperspace", "StarSystem":"Nauni", "StarClass":"M" }
{ "timestamp":"2017-06-21T21:13:36Z", "event":"FSDJump", "StarSystem":"Nauni", "StarPos":[-33.500,-70.188,-162.188], "SystemAllegiance":"Independent", "SystemEconomy":"$economy_Industrial;", "SystemEconomy_Localised":"Industrial", "SystemGovernment":"$government_Corporate;", "SystemGovernment_Localised":"Corporate", "SystemSecurity":"$SYSTEM_SECURITY_medium;", "SystemSecurity_Localised":"Medium Security", "JumpDist":35.166, "FuelUsed":3.519898, "FuelLevel":28.480103, "Factions":[ { "Name":"Gold General Partners", "FactionState":"None", "Government":"Corporate", "Influence":0.036000, "Allegiance":"Federation" }, { "Name":"Peregrina aristocrats", "FactionState":"None", "Government":"Feudal", "Influence":0.033000, "Allegiance":"Independent" }, { "Name":"Jataya Democrats", "FactionState":"Retreat", "Government":"Democracy", "Influence":0.050000, "Allegiance":"Federation" }, { "Name":"Nauni Exchange", "FactionState":"Expansion", "Government":"Corporate", "Influence":0.818000, "Allegiance":"Independent" }, { "Name":"Nauni Dominion", "FactionState":"None", "Government":"Dictatorship", "Influence":0.022000, "Allegiance":"Independent" }, { "Name":"Nauni Raiders", "FactionState":"Boom", "Government":"Anarchy", "Influence":0.019000, "Allegiance":"Independent" }, { "Name":"Movement for Nauni Labour", "FactionState":"Retreat", "Government":"Democracy", "Influence":0.022000, "Allegiance":"Independent" } ], "SystemFaction":"Nauni Exchange", "FactionState":"Expansion" }
{ "timestamp":"2017-06-21T21:13:50Z", "event":"FuelScoop", "Scooped":1.457424, "Total":29.937546 }
{ "timestamp":"2017-06-21T21:15:03Z", "event":"ApproachSettlement", "Name":"Rothman Terminal" }
{ "timestamp":"2017-06-21T21:15:28Z", "event":"SupercruiseExit", "StarSystem":"Nauni", "Body":"Beaufoy Vision", "BodyType":"Station" }
{ "timestamp":"2017-06-21T21:17:37Z", "event":"DockingRequested", "StationName":"Beaufoy Vision" }
{ "timestamp":"2017-06-21T21:17:37Z", "event":"ReceiveText", "From":"Beaufoy Vision", "Message":"$DockingChatter_Neutral;", "Message_Localised":"Ensure to observe starport protocol during your visit, pilot.", "Channel":"npc" }
{ "timestamp":"2017-06-21T21:17:39Z", "event":"ReceiveText", "From":"Beaufoy Vision", "Message":"$STATION_docking_granted;", "Message_Localised":"Docking request granted.", "Channel":"npc" }
{ "timestamp":"2017-06-21T21:17:39Z", "event":"DockingGranted", "LandingPad":9, "StationName":"Beaufoy Vision" }
{ "timestamp":"2017-06-21T21:17:58Z", "event":"ReceiveText", "From":"Beaufoy Vision", "Message":"$STATION_NoFireZone_entered;", "Message_Localised":"No fire zone entered.", "Channel":"npc" }
{ "timestamp":"2017-06-21T21:18:53Z", "event":"Docked", "StationName":"Beaufoy Vision", "StationType":"Coriolis", "StarSystem":"Nauni", "StationFaction":"Nauni Exchange", "FactionState":"Expansion", "StationGovernment":"$government_Corporate;", "StationGovernment_Localised":"Corporate", "StationEconomy":"$economy_Industrial;", "StationEconomy_Localised":"Industrial", "DistFromStarLS":17.631208 }
{ "timestamp":"2017-06-21T21:19:45Z", "event":"ModuleBuy", "Slot":"LargeHardpoint1", "SellItem":"$hpt_mininglaser_fixed_small_name;", "SellItem_Localised":"Mining Laser", "SellPrice":6800, "BuyItem":"$hpt_mininglaser_fixed_medium_name;", "BuyItem_Localised":"Mining Laser", "BuyPrice":22576, "Ship":"anaconda", "ShipID":16 }
{ "timestamp":"2017-06-21T21:20:05Z", "event":"ModuleBuy", "Slot":"MediumHardpoint2", "BuyItem":"$hpt_mininglaser_fixed_medium_name;", "BuyItem_Localised":"Mining Laser", "BuyPrice":22576, "Ship":"anaconda", "ShipID":16 }
{ "timestamp":"2017-06-21T21:20:16Z", "event":"ModuleBuy", "Slot":"MediumHardpoint1", "BuyItem":"$hpt_mininglaser_fixed_medium_name;", "BuyItem_Localised":"Mining Laser", "BuyPrice":22576, "Ship":"anaconda", "ShipID":16 }
{ "timestamp":"2017-06-21T21:20:37Z", "event":"ModuleSell", "Slot":"HugeHardpoint1", "SellItem":"$hpt_beamlaser_gimbal_large_name;", "SellItem_Localised":"Beam Laser", "SellPrice":2036736, "Ship":"anaconda", "ShipID":16 }
{ "timestamp":"2017-06-21T21:20:54Z", "event":"ModuleSwap", "FromSlot":"LargeHardpoint1", "ToSlot":"HugeHardpoint1", "FromItem":"$hpt_mininglaser_fixed_medium_name;", "FromItem_Localised":"Mining Laser", "ToItem":"Null", "Ship":"anaconda", "ShipID":16 }
{ "timestamp":"2017-06-21T21:21:33Z", "event":"ModuleBuy", "Slot":"Slot06_Size5", "SellItem":"$int_cargorack_size5_class1_name;", "SellItem_Localised":"Cargo Rack", "SellPrice":94832, "BuyItem":"$int_dronecontrol_collection_size5_class5_name;", "BuyItem_Localised":"Collector", "BuyPrice":777600, "Ship":"anaconda", "ShipID":16 }
{ "timestamp":"2017-06-21T21:21:43Z", "event":"ModuleBuy", "Slot":"Slot05_Size5", "SellItem":"$int_cargorack_size5_class1_name;", "SellItem_Localised":"Cargo Rack", "SellPrice":94831, "BuyItem":"$int_dronecontrol_collection_size5_class5_name;", "BuyItem_Localised":"Collector", "BuyPrice":777600, "Ship":"anaconda", "ShipID":16 }
{ "timestamp":"2017-06-21T21:23:45Z", "event":"ModuleBuy", "Slot":"Slot07_Size5", "SellItem":"$int_fuelscoop_size5_class5_name;", "SellItem_Localised":"Fuel Scoop", "SellPrice":9073694, "BuyItem":"$int_cargorack_size5_class1_name;", "BuyItem_Localised":"Cargo Rack", "BuyPrice":94831, "Ship":"anaconda", "ShipID":16 }
{ "timestamp":"2017-06-21T21:24:08Z", "event":"RefuelAll", "Cost":111, "Amount":2.197374 }
{ "timestamp":"2017-06-21T21:24:42Z", "event":"BuyDrones", "Type":"Drones", "Count":300, "BuyPrice":101, "TotalCost":30300 }
{ "timestamp":"2017-06-21T21:28:07Z", "event":"MarketSell", "Type":"nanobreakers", "Count":4, "SellPrice":961, "TotalSale":3844, "AvgPricePaid":0 }
{ "timestamp":"2017-06-21T21:28:34Z", "event":"Undocked", "StationName":"Beaufoy Vision", "StationType":"Coriolis" }
{ "timestamp":"2017-06-21T21:29:13Z", "event":"ReceiveText", "From":"Beaufoy Vision", "Message":"$STATION_NoFireZone_exited;", "Message_Localised":"No fire zone left.", "Channel":"npc" }
{ "timestamp":"2017-06-21T21:29:49Z", "event":"StartJump", "JumpType":"Hyperspace", "StarSystem":"HR 1385", "StarClass":"F" }
{ "timestamp":"2017-06-21T21:30:08Z", "event":"FSDJump", "StarSystem":"HR 1385", "StarPos":[-6.781,-56.594,-154.656], "SystemAllegiance":"Federation", "SystemEconomy":"$economy_Colony;", "SystemEconomy_Localised":"Colony", "SystemGovernment":"$government_Corporate;", "SystemGovernment_Localised":"Corporate", "SystemSecurity":"$SYSTEM_SECURITY_low;", "SystemSecurity_Localised":"Low Security", "JumpDist":30.910, "FuelUsed":7.628497, "FuelLevel":24.371502, "Factions":[ { "Name":"HR 1385 Central Limited", "FactionState":"Retreat", "Government":"Corporate", "Influence":0.660661, "Allegiance":"Federation" }, { "Name":"Union of Raidal League", "FactionState":"War", "Government":"Confederacy", "Influence":0.088088, "Allegiance":"Federation" }, { "Name":"HR 1354 Jet Netcoms Interstellar", "FactionState":"War", "Government":"Corporate", "Influence":0.130130, "Allegiance":"Federation" }, { "Name":"HIP 20350 Blue Natural Services", "FactionState":"Boom", "Government":"Corporate", "Influence":0.059059, "Allegiance":"Independent" }, { "Name":"HR 1385 Commodities", "FactionState":"Famine", "Government":"Corporate", "Influence":0.022022, "Allegiance":"Independent" }, { "Name":"Posse of HR 1385", "FactionState":"None", "Government":"Anarchy", "Influence":0.010010, "Allegiance":"Independent" }, { "Name":"Co-operative of HR 1385", "FactionState":"Famine", "Government":"Cooperative", "Influence":0.030030, "Allegiance":"Independent" } ], "SystemFaction":"HR 1385 Central Limited", "FactionState":"Retreat" }
{ "timestamp":"2017-06-21T21:34:30Z", "event":"SupercruiseExit", "StarSystem":"HR 1385", "Body":"HR 1385 10 A Ring", "BodyType":"PlanetaryRing" }
{ "timestamp":"2017-06-21T21:40:08Z", "event":"MiningRefined", "Type":"$samarium_name;", "Type_Localised":"Samarium" }
{ "timestamp":"2017-06-21T21:40:39Z", "event":"MaterialCollected", "Category":"Raw", "Name":"sulphur", "Count":3 }
{ "timestamp":"2017-06-21T21:40:49Z", "event":"MiningRefined", "Type":"$indite_name;", "Type_Localised":"Indite" }
{ "timestamp":"2017-06-21T21:40:50Z", "event":"MaterialCollected", "Category":"Raw", "Name":"germanium", "Count":3 }
{ "timestamp":"2017-06-21T21:40:51Z", "event":"MiningRefined", "Type":"$gallite_name;", "Type_Localised":"Gallite" }
{ "timestamp":"2017-06-21T21:40:52Z", "event":"MiningRefined", "Type":"$samarium_name;", "Type_Localised":"Samarium" }
{ "timestamp":"2017-06-21T21:40:53Z", "event":"MaterialCollected", "Category":"Raw", "Name":"nickel", "Count":3 }
{ "timestamp":"2017-06-21T21:40:53Z", "event":"MaterialCollected", "Category":"Raw", "Name":"iron", "Count":3 }
{ "timestamp":"2017-06-21T21:41:08Z", "event":"MaterialCollected", "Category":"Raw", "Name":"iron", "Count":3 }
{ "timestamp":"2017-06-21T21:43:16Z", "event":"MiningRefined", "Type":"$osmium_name;", "Type_Localised":"Osmium" }
{ "timestamp":"2017-06-21T21:43:17Z", "event":"MiningRefined", "Type":"$osmium_name;", "Type_Localised":"Osmium" }
{ "timestamp":"2017-06-21T21:43:33Z", "event":"MiningRefined", "Type":"$osmium_name;", "Type_Localised":"Osmium" }
{ "timestamp":"2017-06-21T21:43:34Z", "event":"MiningRefined", "Type":"$indite_name;", "Type_Localised":"Indite" }
{ "timestamp":"2017-06-21T21:43:36Z", "event":"MiningRefined", "Type":"$osmium_name;", "Type_Localised":"Osmium" }
{ "timestamp":"2017-06-21T21:43:51Z", "event":"MiningRefined", "Type":"$osmium_name;", "Type_Localised":"Osmium" }
{ "timestamp":"2017-06-21T21:43:55Z", "event":"MiningRefined", "Type":"$osmium_name;", "Type_Localised":"Osmium" }
{ "timestamp":"2017-06-21T21:44:10Z", "event":"MiningRefined", "Type":"$indite_name;", "Type_Localised":"Indite" }
{ "timestamp":"2017-06-21T21:44:12Z", "event":"MiningRefined", "Type":"$osmium_name;", "Type_Localised":"Osmium" }
{ "timestamp":"2017-06-21T21:44:18Z", "event":"MiningRefined", "Type":"$osmium_name;", "Type_Localised":"Osmium" }
{ "timestamp":"2017-06-21T21:44:33Z", "event":"MiningRefined", "Type":"$osmium_name;", "Type_Localised":"Osmium" }
{ "timestamp":"2017-06-21T21:46:29Z", "event":"MiningRefined", "Type":"$palladium_name;", "Type_Localised":"Palladium" }
{ "timestamp":"2017-06-21T21:46:30Z", "event":"MiningRefined", "Type":"$samarium_name;", "Type_Localised":"Samarium" }
{ "timestamp":"2017-06-21T21:46:45Z", "event":"MiningRefined", "Type":"$palladium_name;", "Type_Localised":"Palladium" }
{ "timestamp":"2017-06-21T21:46:58Z", "event":"MiningRefined", "Type":"$samarium_name;", "Type_Localised":"Samarium" }
{ "timestamp":"2017-06-21T21:46:59Z", "event":"MiningRefined", "Type":"$osmium_name;", "Type_Localised":"Osmium" }
{ "timestamp":"2017-06-21T21:47:24Z", "event":"MiningRefined", "Type":"$samarium_name;", "Type_Localised":"Samarium" }
{ "timestamp":"2017-06-21T21:47:25Z", "event":"MiningRefined", "Type":"$palladium_name;", "Type_Localised":"Palladium" }
{ "timestamp":"2017-06-21T21:48:05Z", "event":"MaterialCollected", "Category":"Raw", "Name":"iron", "Count":3 }
{ "timestamp":"2017-06-21T21:48:26Z", "event":"MiningRefined", "Type":"$samarium_name;", "Type_Localised":"Samarium" }
{ "timestamp":"2017-06-21T21:52:01Z", "event":"MiningRefined", "Type":"$indite_name;", "Type_Localised":"Indite" }
{ "timestamp":"2017-06-21T21:52:23Z", "event":"MiningRefined", "Type":"$indite_name;", "Type_Localised":"Indite" }
{ "timestamp":"2017-06-21T21:52:31Z", "event":"MiningRefined", "Type":"$gallite_name;", "Type_Localised":"Gallite" }
{ "timestamp":"2017-06-21T21:52:46Z", "event":"MiningRefined", "Type":"$platinum_name;", "Type_Localised":"Platinum" }
{ "timestamp":"2017-06-21T21:52:48Z", "event":"MiningRefined", "Type":"$indite_name;", "Type_Localised":"Indite" }
{ "timestamp":"2017-06-21T21:53:08Z", "event":"MiningRefined", "Type":"$indite_name;", "Type_Localised":"Indite" }
{ "timestamp":"2017-06-21T21:53:17Z", "event":"MiningRefined", "Type":"$platinum_name;", "Type_Localised":"Platinum" }
{ "timestamp":"2017-06-21T21:53:34Z", "event":"MiningRefined", "Type":"$gallite_name;", "Type_Localised":"Gallite" }
{ "timestamp":"2017-06-21T21:53:35Z", "event":"MiningRefined", "Type":"$indite_name;", "Type_Localised":"Indite" }
{ "timestamp":"2017-06-21T21:53:59Z", "event":"MiningRefined", "Type":"$indite_name;", "Type_Localised":"Indite" }
{ "timestamp":"2017-06-21T21:54:00Z", "event":"MiningRefined", "Type":"$platinum_name;", "Type_Localised":"Platinum" }
{ "timestamp":"2017-06-21T21:54:04Z", "event":"MaterialCollected", "Category":"Raw", "Name":"zinc", "Count":3 }
{ "timestamp":"2017-06-21T21:54:17Z", "event":"MaterialCollected", "Category":"Raw", "Name":"carbon", "Count":3 }
{ "timestamp":"2017-06-21T21:58:10Z", "event":"MiningRefined", "Type":"$palladium_name;", "Type_Localised":"Palladium" }
{ "timestamp":"2017-06-21T21:59:22Z", "event":"MiningRefined", "Type":"$praseodymium_name;", "Type_Localised":"Praseodymium" }
{ "timestamp":"2017-06-21T21:59:28Z", "event":"MiningRefined", "Type":"$bertrandite_name;", "Type_Localised":"Bertrandite" }
{ "timestamp":"2017-06-21T21:59:50Z", "event":"MiningRefined", "Type":"$palladium_name;", "Type_Localised":"Palladium" }
{ "timestamp":"2017-06-21T21:59:53Z", "event":"MiningRefined", "Type":"$praseodymium_name;", "Type_Localised":"Praseodymium" }
{ "timestamp":"2017-06-21T22:00:20Z", "event":"MiningRefined", "Type":"$praseodymium_name;", "Type_Localised":"Praseodymium" }
{ "timestamp":"2017-06-21T22:00:46Z", "event":"MiningRefined", "Type":"$palladium_name;", "Type_Localised":"Palladium" }
{ "timestamp":"2017-06-21T22:03:45Z", "event":"MiningRefined", "Type":"$samarium_name;", "Type_Localised":"Samarium" }
{ "timestamp":"2017-06-21T22:03:45Z", "event":"MiningRefined", "Type":"$silver_name;", "Type_Localised":"Silver" }
{ "timestamp":"2017-06-21T22:04:05Z", "event":"MiningRefined", "Type":"$samarium_name;", "Type_Localised":"Samarium" }
{ "timestamp":"2017-06-21T22:04:06Z", "event":"MiningRefined", "Type":"$silver_name;", "Type_Localised":"Silver" }
{ "timestamp":"2017-06-21T22:04:31Z", "event":"MaterialCollected", "Category":"Raw", "Name":"nickel", "Count":3 }
{ "timestamp":"2017-06-21T22:04:52Z", "event":"MiningRefined", "Type":"$samarium_name;", "Type_Localised":"Samarium" }
{ "timestamp":"2017-06-21T22:04:53Z", "event":"MiningRefined", "Type":"$silver_name;", "Type_Localised":"Silver" }
{ "timestamp":"2017-06-21T22:04:57Z", "event":"MaterialCollected", "Category":"Raw", "Name":"carbon", "Count":3 }
{ "timestamp":"2017-06-21T22:05:19Z", "event":"MaterialCollected", "Category":"Raw", "Name":"phosphorus", "Count":3 }
{ "timestamp":"2017-06-21T22:05:22Z", "event":"MiningRefined", "Type":"$samarium_name;", "Type_Localised":"Samarium" }
{ "timestamp":"2017-06-21T22:07:25Z", "event":"MiningRefined", "Type":"$praseodymium_name;", "Type_Localised":"Praseodymium" }
{ "timestamp":"2017-06-21T22:07:26Z", "event":"MiningRefined", "Type":"$indite_name;", "Type_Localised":"Indite" }
{ "timestamp":"2017-06-21T22:07:26Z", "event":"MaterialCollected", "Category":"Raw", "Name":"manganese", "Count":3 }
{ "timestamp":"2017-06-21T22:07:44Z", "event":"MiningRefined", "Type":"$praseodymium_name;", "Type_Localised":"Praseodymium" }
{ "timestamp":"2017-06-21T22:07:45Z", "event":"MiningRefined", "Type":"$indite_name;", "Type_Localised":"Indite" }
{ "timestamp":"2017-06-21T22:07:46Z", "event":"MiningRefined", "Type":"$praseodymium_name;", "Type_Localised":"Praseodymium" }
{ "timestamp":"2017-06-21T22:08:04Z", "event":"MiningRefined", "Type":"$praseodymium_name;", "Type_Localised":"Praseodymium" }
{ "timestamp":"2017-06-21T22:08:05Z", "event":"MaterialCollected", "Category":"Raw", "Name":"nickel", "Count":3 }
{ "timestamp":"2017-06-21T22:08:08Z", "event":"MiningRefined", "Type":"$indite_name;", "Type_Localised":"Indite" }
{ "timestamp":"2017-06-21T22:08:18Z", "event":"MiningRefined", "Type":"$praseodymium_name;", "Type_Localised":"Praseodymium" }
{ "timestamp":"2017-06-21T22:08:24Z", "event":"MiningRefined", "Type":"$praseodymium_name;", "Type_Localised":"Praseodymium" }
{ "timestamp":"2017-06-21T22:08:27Z", "event":"MiningRefined", "Type":"$indite_name;", "Type_Localised":"Indite" }
{ "timestamp":"2017-06-21T22:08:41Z", "event":"MiningRefined", "Type":"$praseodymium_name;", "Type_Localised":"Praseodymium" }
{ "timestamp":"2017-06-21T22:08:50Z", "event":"MiningRefined", "Type":"$praseodymium_name;", "Type_Localised":"Praseodymium" }
{ "timestamp":"2017-06-21T22:08:58Z", "event":"MiningRefined", "Type":"$indite_name;", "Type_Localised":"Indite" }
{ "timestamp":"2017-06-21T22:09:01Z", "event":"MiningRefined", "Type":"$praseodymium_name;", "Type_Localised":"Praseodymium" }
{ "timestamp":"2017-06-21T22:10:07Z", "event":"MiningRefined", "Type":"$gallite_name;", "Type_Localised":"Gallite" }
{ "timestamp":"2017-06-21T22:10:14Z", "event":"MaterialCollected", "Category":"Raw", "Name":"sulphur", "Count":3 }
{ "timestamp":"2017-06-21T22:10:17Z", "event":"MiningRefined", "Type":"$palladium_name;", "Type_Localised":"Palladium" }
{ "timestamp":"2017-06-21T22:10:25Z", "event":"MaterialCollected", "Category":"Raw", "Name":"iron", "Count":3 }
{ "timestamp":"2017-06-21T22:10:31Z", "event":"MiningRefined", "Type":"$gallite_name;", "Type_Localised":"Gallite" }
{ "timestamp":"2017-06-21T22:10:38Z", "event":"MaterialCollected", "Category":"Raw", "Name":"sulphur", "Count":3 }
{ "timestamp":"2017-06-21T22:13:13Z", "event":"MaterialCollected", "Category":"Raw", "Name":"sulphur", "Count":3 }
{ "timestamp":"2017-06-21T22:13:13Z", "event":"MiningRefined", "Type":"$bertrandite_name;", "Type_Localised":"Bertrandite" }
{ "timestamp":"2017-06-21T22:13:32Z", "event":"MiningRefined", "Type":"$gold_name;", "Type_Localised":"Gold" }
{ "timestamp":"2017-06-21T22:13:54Z", "event":"MiningRefined", "Type":"$gold_name;", "Type_Localised":"Gold" }
{ "timestamp":"2017-06-21T22:13:58Z", "event":"MiningRefined", "Type":"$indite_name;", "Type_Localised":"Indite" }
{ "timestamp":"2017-06-21T22:14:16Z", "event":"MiningRefined", "Type":"$gold_name;", "Type_Localised":"Gold" }
{ "timestamp":"2017-06-21T22:14:21Z", "event":"MiningRefined", "Type":"$bertrandite_name;", "Type_Localised":"Bertrandite" }
{ "timestamp":"2017-06-21T22:14:23Z", "event":"MaterialCollected", "Category":"Raw", "Name":"iron", "Count":3 }
{ "timestamp":"2017-06-21T22:14:24Z", "event":"MaterialCollected", "Category":"Raw", "Name":"zinc", "Count":3 }
{ "timestamp":"2017-06-21T22:14:50Z", "event":"MiningRefined", "Type":"$gold_name;", "Type_Localised":"Gold" }
{ "timestamp":"2017-06-21T22:17:10Z", "event":"MiningRefined", "Type":"$bertrandite_name;", "Type_Localised":"Bertrandite" }
{ "timestamp":"2017-06-21T22:17:12Z", "event":"MiningRefined", "Type":"$bertrandite_name;", "Type_Localised":"Bertrandite" }
{ "timestamp":"2017-06-21T22:17:12Z", "event":"MiningRefined", "Type":"$gallite_name;", "Type_Localised":"Gallite" }
{ "timestamp":"2017-06-21T22:17:27Z", "event":"MiningRefined", "Type":"$bertrandite_name;", "Type_Localised":"Bertrandite" }
{ "timestamp":"2017-06-21T22:17:29Z", "event":"MiningRefined", "Type":"$bertrandite_name;", "Type_Localised":"Bertrandite" }
{ "timestamp":"2017-06-21T22:17:44Z", "event":"MiningRefined", "Type":"$bertrandite_name;", "Type_Localised":"Bertrandite" }
{ "timestamp":"2017-06-21T22:17:46Z", "event":"MiningRefined", "Type":"$gold_name;", "Type_Localised":"Gold" }
{ "timestamp":"2017-06-21T22:17:47Z", "event":"MiningRefined", "Type":"$bertrandite_name;", "Type_Localised":"Bertrandite" }
{ "timestamp":"2017-06-21T22:18:02Z", "event":"MiningRefined", "Type":"$bertrandite_name;", "Type_Localised":"Bertrandite" }
{ "timestamp":"2017-06-21T22:18:10Z", "event":"MiningRefined", "Type":"$bertrandite_name;", "Type_Localised":"Bertrandite" }
{ "timestamp":"2017-06-21T22:19:36Z", "event":"MiningRefined", "Type":"$palladium_name;", "Type_Localised":"Palladium" }
{ "timestamp":"2017-06-21T22:19:38Z", "event":"MiningRefined", "Type":"$palladium_name;", "Type_Localised":"Palladium" }
{ "timestamp":"2017-06-21T22:19:41Z", "event":"MiningRefined", "Type":"$palladium_name;", "Type_Localised":"Palladium" }
{ "timestamp":"2017-06-21T22:20:03Z", "event":"MiningRefined", "Type":"$palladium_name;", "Type_Localised":"Palladium" }
{ "timestamp":"2017-06-21T22:20:06Z", "event":"MiningRefined", "Type":"$palladium_name;", "Type_Localised":"Palladium" }
{ "timestamp":"2017-06-21T22:20:23Z", "event":"MiningRefined", "Type":"$gallite_name;", "Type_Localised":"Gallite" }
{ "timestamp":"2017-06-21T22:20:27Z", "event":"MiningRefined", "Type":"$palladium_name;", "Type_Localised":"Palladium" }
{ "timestamp":"2017-06-21T22:20:30Z", "event":"MiningRefined", "Type":"$palladium_name;", "Type_Localised":"Palladium" }
{ "timestamp":"2017-06-21T22:20:53Z", "event":"MiningRefined", "Type":"$palladium_name;", "Type_Localised":"Palladium" }
{ "timestamp":"2017-06-21T22:20:57Z", "event":"MiningRefined", "Type":"$palladium_name;", "Type_Localised":"Palladium" }
{ "timestamp":"2017-06-21T22:21:18Z", "event":"MiningRefined", "Type":"$palladium_name;", "Type_Localised":"Palladium" }
{ "timestamp":"2017-06-21T22:21:23Z", "event":"MiningRefined", "Type":"$palladium_name;", "Type_Localised":"Palladium" }
{ "timestamp":"2017-06-21T22:22:43Z", "event":"MiningRefined", "Type":"$gallite_name;", "Type_Localised":"Gallite" }
{ "timestamp":"2017-06-21T22:22:48Z", "event":"MiningRefined", "Type":"$silver_name;", "Type_Localised":"Silver" }
{ "timestamp":"2017-06-21T22:22:54Z", "event":"MaterialCollected", "Category":"Raw", "Name":"nickel", "Count":3 }
{ "timestamp":"2017-06-21T22:23:05Z", "event":"MiningRefined", "Type":"$gallite_name;", "Type_Localised":"Gallite" }
{ "timestamp":"2017-06-21T22:23:25Z", "event":"MiningRefined", "Type":"$gallite_name;", "Type_Localised":"Gallite" }
