{ "timestamp":"2016-10-26T17:25:03Z", "event":"Fileheader", "part":1, "language":"English\\UK", "gameversion":"2.2", "build":"r124484/r0 " }
{ "timestamp":"2016-10-26T17:25:41Z", "event":"LoadGame", "Commander":"Blantyre", "Ship":"Asp", "ShipID":13, "GameMode":"Solo", "Credits":15590031, "Loan":0 }
{ "timestamp":"2016-10-26T17:25:43Z", "event":"Rank", "Combat":4, "Trade":5, "Explore":4, "Empire":2, "Federation":7, "CQC":0 }
{ "timestamp":"2016-10-26T17:25:43Z", "event":"Progress", "Combat":18, "Trade":86, "Explore":28, "Empire":18, "Federation":2, "CQC":0 }
{ "timestamp":"2016-10-26T17:25:49Z", "event":"ApproachSettlement", "Name":"Nye Settlement" }
{ "timestamp":"2016-10-26T17:26:19Z", "event":"Location", "Docked":true, "StationName":"Nye Settlement", "StationType":"", "StarSystem":"Remines", "StarPos":[-28.656,-23.219,-71.406], "Allegiance":"Independent", "Economy":"$economy_Agri;", "Economy_Localised":"Agriculture", "Government":"$government_Corporate;", "Government_Localised":"Corporate", "Security":"$SYSTEM_SECURITY_high;", "Security_Localised":"High Security", "Body":"Remines A 2", "BodyType":"Planet", "Faction":"Remines Crimson Federal Industry" }
{ "timestamp":"2016-10-26T17:26:19Z", "event":"Docked", "StationName":"Nye Settlement", "StarSystem":"Remines", "Faction":"Remines Crimson Federal Industry", "Allegiance":"Independent", "Economy":"$economy_Agri;", "Economy_Localised":"Agriculture", "Government":"$government_Corporate;", "Government_Localised":"Corporate", "Security":"$SYSTEM_SECURITY_high;", "Security_Localised":"High Security" }
{ "timestamp":"2016-10-26T17:32:28Z", "event":"ReceiveText", "From":"$ShipName_Police_Federation;", "From_Localised":"Federal Security Service", "Message":"$Police_EndPatrol05;", "Message_Localised":"Patrol completed, Command, I'm heading home.", "Channel":"npc" }
{ "timestamp":"2016-10-26T17:35:55Z", "event":"ReceiveText", "From":"$ShipName_Police_Federation;", "From_Localised":"Federal Security Service", "Message":"$Police_StartPatrol03;", "Message_Localised":"Receiving five by five, I'm in the air now, joining patrol.", "Channel":"npc" }
{ "timestamp":"2016-10-26T17:38:17Z", "event":"Undocked", "StationName":"Nye Settlement" }
{ "timestamp":"2016-10-26T17:38:35Z", "event":"ReceiveText", "From":"Nye Settlement", "Message":"$STATION_NoFireZone_exited;", "Message_Localised":"No fire zone left.", "Channel":"npc" }
{ "timestamp":"2016-10-26T17:38:48Z", "event":"SupercruiseEntry", "StarSystem":"Remines" }
{ "timestamp":"2016-10-26T17:41:35Z", "event":"SupercruiseExit", "StarSystem":"Remines", "Body":"Bobko Hub", "BodyType":"Station" }
{ "timestamp":"2016-10-26T17:41:37Z", "event":"ReceiveText", "From":"Bobko Hub", "Message":"$STATION_NoFireZone_entered;", "Message_Localised":"No fire zone entered.", "Channel":"npc" }
{ "timestamp":"2016-10-26T17:41:52Z", "event":"DockingRequested", "StationName":"Bobko Hub" }
{ "timestamp":"2016-10-26T17:41:52Z", "event":"ReceiveText", "From":"Bobko Hub", "Message":"$DockingChatter_Cordial;", "Message_Localised":"Welcome back, Commander.", "Channel":"npc" }
{ "timestamp":"2016-10-26T17:41:53Z", "event":"ReceiveText", "From":"Bobko Hub", "Message":"$STATION_docking_granted;", "Message_Localised":"Docking request granted.", "Channel":"npc" }
{ "timestamp":"2016-10-26T17:41:53Z", "event":"DockingGranted", "LandingPad":35, "StationName":"Bobko Hub" }
{ "timestamp":"2016-10-26T17:42:58Z", "event":"Docked", "StationName":"Bobko Hub", "StationType":"Orbis", "StarSystem":"Remines", "Faction":"Remines Crimson Federal Industry", "Allegiance":"Independent", "Economy":"$economy_Agri;", "Economy_Localised":"Agriculture", "Government":"$government_Corporate;", "Government_Localised":"Corporate", "Security":"$SYSTEM_SECURITY_high;", "Security_Localised":"High Security" }
{ "timestamp":"2016-10-26T18:01:24Z", "event":"LoadGame", "Commander":"Blantyre", "Ship":"Asp", "ShipID":13, "GameMode":"Open", "Credits":15590031, "Loan":0 }
{ "timestamp":"2016-10-26T18:01:26Z", "event":"Rank", "Combat":4, "Trade":5, "Explore":4, "Empire":2, "Federation":7, "CQC":0 }
{ "timestamp":"2016-10-26T18:01:26Z", "event":"Progress", "Combat":18, "Trade":86, "Explore":28, "Empire":18, "Federation":2, "CQC":0 }
{ "timestamp":"2016-10-26T18:01:45Z", "event":"Location", "Docked":true, "StationName":"Bobko Hub", "StationType":"Orbis", "StarSystem":"Remines", "StarPos":[-28.656,-23.219,-71.406], "Allegiance":"Independent", "Economy":"$economy_Agri;", "Economy_Localised":"Agriculture", "Government":"$government_Corporate;", "Government_Localised":"Corporate", "Security":"$SYSTEM_SECURITY_high;", "Security_Localised":"High Security", "Body":"Bobko Hub", "BodyType":"Station", "Faction":"Remines Crimson Federal Industry" }
{ "timestamp":"2016-10-26T18:01:45Z", "event":"Docked", "StationName":"Bobko Hub", "StationType":"Orbis", "StarSystem":"Remines", "Faction":"Remines Crimson Federal Industry", "Allegiance":"Independent", "Economy":"$economy_Agri;", "Economy_Localised":"Agriculture", "Government":"$government_Corporate;", "Government_Localised":"Corporate", "Security":"$SYSTEM_SECURITY_high;", "Security_Localised":"High Security" }
{ "timestamp":"2016-10-26T18:06:38Z", "event":"ModuleSell", "Slot":"Slot06_Size2", "SellItem":"$int_fuelscoop_size1_class1_name;", "SellItem_Localised":"Fuel Scoop", "SellPrice":309, "Ship":"asp", "ShipID":13 }
{ "timestamp":"2016-10-26T18:07:11Z", "event":"ModuleBuy", "Slot":"Slot03_Size3", "SellItem":"$int_fsdinterdictor_size1_class5_name;", "SellItem_Localised":"FSD Interdictor", "SellPrice":972000, "BuyItem":"$int_fuelscoop_size3_class5_name;", "BuyItem_Localised":"Fuel Scoop", "BuyPrice":767511, "Ship":"asp", "ShipID":13 }
{ "timestamp":"2016-10-26T18:07:22Z", "event":"RefuelAll", "Cost":317, "Amount":6.323679 }
{ "timestamp":"2016-10-26T18:08:40Z", "event":"Undocked", "StationName":"Bobko Hub", "StationType":"Orbis" }
{ "timestamp":"2016-10-26T18:09:40Z", "event":"ReceiveText", "From":"Bobko Hub", "Message":"$STATION_NoFireZone_exited;", "Message_Localised":"No fire zone left.", "Channel":"npc" }
{ "timestamp":"2016-10-26T18:10:19Z", "event":"FSDJump", "StarSystem":"Tascheter Sector ST-R a4-2", "StarPos":[-13.250,-37.031,-59.188], "Allegiance":"", "Economy":"$economy_None;", "Economy_Localised":"None", "Government":"$government_None;", "Government_Localised":"None", "Security":"$SYSTEM_SECURITY_low;", "Security_Localised":"Low Security", "JumpDist":24.030, "FuelUsed":3.872767, "FuelLevel":36.127232 }
{ "timestamp":"2016-10-26T18:11:10Z", "event":"FSDJump", "StarSystem":"Popontia", "StarPos":[9.063,-50.156,-57.125], "Allegiance":"Independent", "Economy":"$economy_Agri;", "Economy_Localised":"Agriculture", "Government":"$government_Democracy;", "Government_Localised":"Democracy", "Security":"$SYSTEM_SECURITY_medium;", "Security_Localised":"Medium Security", "JumpDist":25.969, "FuelUsed":4.587931, "FuelLevel":31.539303, "Faction":"Workers of Popontia Free" }
{ "timestamp":"2016-10-26T18:12:35Z", "event":"FuelScoop", "Scooped":7.581108, "Total":39.120411 }
{ "timestamp":"2016-10-26T18:13:21Z", "event":"FSDJump", "StarSystem":"LFT 330", "StarPos":[31.406,-53.094,-43.406], "Allegiance":"", "Economy":"$economy_None;", "Economy_Localised":"None", "Government":"$government_None;", "Government_Localised":"None", "Security":"$SYSTEM_SECURITY_low;", "Security_Localised":"Low Security", "JumpDist":26.383, "FuelUsed":4.846045, "FuelLevel":34.274368 }
{ "timestamp":"2016-10-26T18:13:57Z", "event":"FuelScoop", "Scooped":1.348961, "Total":35.623329 }
{ "timestamp":"2016-10-26T18:14:27Z", "event":"FSDJump", "StarSystem":"LPM 173", "StarPos":[45.844,-64.313,-27.563], "Allegiance":"", "Economy":"$economy_None;", "Economy_Localised":"None", "Government":"$government_None;", "Government_Localised":"None", "Security":"$SYSTEM_SECURITY_low;", "Security_Localised":"Low Security", "JumpDist":24.194, "FuelUsed":3.846770, "FuelLevel":31.776560 }
{ "timestamp":"2016-10-26T18:15:34Z", "event":"FuelScoop", "Scooped":4.299280, "Total":36.075840 }
{ "timestamp":"2016-10-26T18:16:38Z", "event":"FSDJump", "StarSystem":"Shui Wei Sector AQ-X b1-2", "StarPos":[64.938,-80.094,-21.656], "Allegiance":"", "Economy":"$economy_None;", "Economy_Localised":"None", "Government":"$government_None;", "Government_Localised":"None", "Security":"$SYSTEM_SECURITY_low;", "Security_Localised":"Low Security", "JumpDist":25.466, "FuelUsed":4.371688, "FuelLevel":31.704151 }
{ "timestamp":"2016-10-26T18:17:03Z", "event":"FuelScoop", "Scooped":0.495152, "Total":32.199303 }
{ "timestamp":"2016-10-26T18:17:55Z", "event":"FSDJump", "StarSystem":"HIP 17298", "StarPos":[78.844,-102.594,-23.563], "Allegiance":"Empire", "Economy":"$economy_Industrial;", "Economy_Localised":"Industrial", "Government":"$government_Corporate;", "Government_Localised":"Corporate", "Security":"$SYSTEM_SECURITY_high;", "Security_Localised":"High Security", "JumpDist":26.519, "FuelUsed":4.728991, "FuelLevel":27.470312, "Faction":"HIP 17298 Network", "FactionState":"Lockdown" }
{ "timestamp":"2016-10-26T18:18:27Z", "event":"FuelScoop", "Scooped":1.429001, "Total":28.899313 }
{ "timestamp":"2016-10-26T18:19:15Z", "event":"FSDJump", "StarSystem":"Bragur", "StarPos":[94.031,-113.125,-5.250], "Allegiance":"Empire", "Economy":"$economy_Agri;", "Economy_Localised":"Agriculture", "Government":"$government_Corporate;", "Government_Localised":"Corporate", "Security":"$SYSTEM_SECURITY_high;", "Security_Localised":"High Security", "JumpDist":26.018, "FuelUsed":4.432719, "FuelLevel":24.466595, "Faction":"Bragur Silver Major Corp.", "FactionState":"Boom" }
{ "timestamp":"2016-10-26T18:19:37Z", "event":"FuelScoop", "Scooped":0.143747, "Total":24.610342 }
{ "timestamp":"2016-10-26T18:20:45Z", "event":"FSDJump", "StarSystem":"Brians", "StarPos":[107.750,-135.156,-8.406], "Allegiance":"Empire", "Economy":"$economy_Industrial;", "Economy_Localised":"Industrial", "Government":"$government_Patronage;", "Government_Localised":"Patronage", "Security":"$SYSTEM_SECURITY_high;", "Security_Localised":"High Security", "JumpDist":26.145, "FuelUsed":4.382285, "FuelLevel":20.228058, "Faction":"Brians Empire Pact", "FactionState":"Boom" }
{ "timestamp":"2016-10-26T18:23:28Z", "event":"SupercruiseExit", "StarSystem":"Brians", "Body":"Newcomb Gateway", "BodyType":"Station" }
{ "timestamp":"2016-10-26T18:23:30Z", "event":"ReceiveText", "From":"Newcomb Gateway", "Message":"$STATION_NoFireZone_entered;", "Message_Localised":"No fire zone entered.", "Channel":"npc" }
{ "timestamp":"2016-10-26T18:23:39Z", "event":"DockingRequested", "StationName":"Newcomb Gateway" }
{ "timestamp":"2016-10-26T18:23:39Z", "event":"ReceiveText", "From":"Newcomb Gateway", "Message":"$DockingChatter_Neutral;", "Message_Localised":"Ensure to observe starport protocol during your visit, pilot.", "Channel":"npc" }
{ "timestamp":"2016-10-26T18:23:44Z", "event":"ReceiveText", "From":"Newcomb Gateway", "Message":"$STATION_docking_granted;", "Message_Localised":"Docking request granted.", "Channel":"npc" }
{ "timestamp":"2016-10-26T18:23:44Z", "event":"DockingGranted", "LandingPad":41, "StationName":"Newcomb Gateway" }
{ "timestamp":"2016-10-26T18:24:21Z", "event":"Docked", "StationName":"Newcomb Gateway", "StationType":"Orbis", "StarSystem":"Brians", "Faction":"Brians Empire Pact", "FactionState":"Boom", "Allegiance":"Empire", "Economy":"$economy_Industrial;", "Economy_Localised":"Industrial", "Government":"$government_Patronage;", "Government_Localised":"Patronage", "Security":"$SYSTEM_SECURITY_high;", "Security_Localised":"High Security" }
{ "timestamp":"2016-10-26T18:25:33Z", "event":"ReceiveText", "From":"$npc_name_decorate:#name=Skeebo Detredee;", "From_Localised":"Skeebo Detredee", "Message":"$BadKarmaCriticalDamage05;", "Message_Localised":"No, no!", "Channel":"npc" }
{ "timestamp":"2016-10-26T18:26:26Z", "event":"ShipyardTransfer", "ShipType":"Python", "ShipID":14, "System":"BD-15 447", "Distance":117.737106, "TransferPrice":1159238 }
{ "timestamp":"2016-10-26T18:27:40Z", "event":"MarketBuy", "Type":"fish", "Count":64, "BuyPrice":230, "TotalCost":14720 }
{ "timestamp":"2016-10-26T18:28:19Z", "event":"ModuleBuy", "Slot":"Slot03_Size3", "SellItem":"$int_fuelscoop_size3_class5_name;", "SellItem_Localised":"Fuel Scoop", "SellPrice":767511, "BuyItem":"$int_cargorack_size3_class1_name;", "BuyItem_Localised":"Cargo Rack", "BuyPrice":10563, "Ship":"asp", "ShipID":13 }
{ "timestamp":"2016-10-26T18:28:31Z", "event":"ModuleBuy", "Slot":"Slot05_Size3", "SellItem":"$int_fueltank_size3_class3_name;", "SellItem_Localised":"Fuel Tank", "SellPrice":6004, "BuyItem":"$int_cargorack_size3_class1_name;", "BuyItem_Localised":"Cargo Rack", "BuyPrice":10563, "Ship":"asp", "ShipID":13 }
{ "timestamp":"2016-10-26T18:28:41Z", "event":"ModuleBuy", "Slot":"Slot06_Size2", "BuyItem":"$int_cargorack_size2_class1_name;", "BuyItem_Localised":"Cargo Rack", "BuyPrice":3250, "Ship":"asp", "ShipID":13 }
{ "timestamp":"2016-10-26T18:29:20Z", "event":"CommunityGoalJoin", "Name":"Farewell to Walter Waldo", "System":"Gyvatices" }
{ "timestamp":"2016-10-26T18:29:46Z", "event":"MarketBuy", "Type":"coffee", "Count":20, "BuyPrice":1288, "TotalCost":25760 }
{ "timestamp":"2016-10-26T18:32:49Z", "event":"ReceiveText", "From":"$npc_name_decorate:#name=Thomas Antony Hutchinson;", "From_Localised":"Thomas Antony Hutchinson", "Message":"$Commuter_AuthorityScan02;", "Message_Localised":"How can I be of assistance?", "Channel":"npc" }
{ "timestamp":"2016-10-26T18:32:55Z", "event":"Undocked", "StationName":"Newcomb Gateway", "StationType":"Orbis" }
{ "timestamp":"2016-10-26T18:36:40Z", "event":"ReceiveText", "From":"$npc_name_decorate:#name=gloomier;", "From_Localised":"gloomier", "Message":"$BadKarmaCriticalDamage04;", "Message_Localised":"I don't believe it!", "Channel":"npc" }
{ "timestamp":"2016-10-26T18:36:55Z", "event":"ReceiveText", "From":"", "Message":"$STATION_NoFireZone_exited;", "Message_Localised":"No fire zone left.", "Channel":"npc" }
{ "timestamp":"2016-10-26T18:37:04Z", "event":"LoadGame", "Commander":"Blantyre", "Ship":"Asp", "ShipID":13, "GameMode":"Solo", "Credits":15343933, "Loan":0 }
{ "timestamp":"2016-10-26T18:37:06Z", "event":"Rank", "Combat":4, "Trade":5, "Explore":4, "Empire":2, "Federation":7, "CQC":0 }
{ "timestamp":"2016-10-26T18:37:06Z", "event":"Progress", "Combat":18, "Trade":86, "Explore":28, "Empire":18, "Federation":2, "CQC":0 }
{ "timestamp":"2016-10-26T18:37:34Z", "event":"Location", "Docked":false, "StarSystem":"Brians", "StarPos":[107.750,-135.156,-8.406], "Allegiance":"Empire", "Economy":"$economy_Industrial;", "Economy_Localised":"Industrial", "Government":"$government_Patronage;", "Government_Localised":"Patronage", "Security":"$SYSTEM_SECURITY_high;", "Security_Localised":"High Security", "Body":"Newcomb Gateway", "BodyType":"Station", "Faction":"Brians Empire Pact", "FactionState":"Boom" }
{ "timestamp":"2016-10-26T18:41:38Z", "event":"FSDJump", "StarSystem":"Gyvatices", "StarPos":[101.781,-126.406,-12.781], "Allegiance":"Empire", "Economy":"$economy_Agri;", "Economy_Localised":"Agriculture", "Government":"$government_Corporate;", "Government_Localised":"Corporate", "Security":"$SYSTEM_SECURITY_medium;", "Security_Localised":"Medium Security", "JumpDist":11.460, "FuelUsed":0.868423, "FuelLevel":19.359634, "Faction":"Gyvatices Crimson Advanced Hldgs" }
{ "timestamp":"2016-10-26T18:48:46Z", "event":"SupercruiseExit", "StarSystem":"Gyvatices", "Body":"Walter Dock", "BodyType":"Station" }
{ "timestamp":"2016-10-26T18:48:47Z", "event":"ReceiveText", "From":"Walter Dock", "Message":"$STATION_NoFireZone_entered;", "Message_Localised":"No fire zone entered.", "Channel":"npc" }
{ "timestamp":"2016-10-26T18:49:01Z", "event":"DockingRequested", "StationName":"Walter Dock" }
{ "timestamp":"2016-10-26T18:49:01Z", "event":"ReceiveText", "From":"Walter Dock", "Message":"$DockingChatter_Neutral;", "Message_Localised":"Ensure to observe starport protocol during your visit, pilot.", "Channel":"npc" }
{ "timestamp":"2016-10-26T18:49:02Z", "event":"ReceiveText", "From":"Walter Dock", "Message":"$STATION_docking_granted;", "Message_Localised":"Docking request granted.", "Channel":"npc" }
{ "timestamp":"2016-10-26T18:49:02Z", "event":"DockingGranted", "LandingPad":5, "StationName":"Walter Dock" }
{ "timestamp":"2016-10-26T18:50:03Z", "event":"Docked", "StationName":"Walter Dock", "StationType":"Orbis", "StarSystem":"Gyvatices", "Faction":"Gyvatices Crimson Advanced Hldgs", "Allegiance":"Empire", "Economy":"$economy_Agri;", "Economy_Localised":"Agriculture", "Government":"$government_Corporate;", "Government_Localised":"Corporate", "Security":"$SYSTEM_SECURITY_medium;", "Security_Localised":"Medium Security" }
{ "timestamp":"2016-10-26T18:50:42Z", "event":"MarketSell", "Type":"fish", "Count":64, "SellPrice":812, "TotalSale":51968, "AvgPricePaid":230 }
{ "timestamp":"2016-10-26T18:50:51Z", "event":"MarketSell", "Type":"coffee", "Count":20, "SellPrice":2558, "TotalSale":51160, "AvgPricePaid":1288 }
{ "timestamp":"2016-10-26T18:52:51Z", "event":"RefuelAll", "Cost":670, "Amount":13.381983 }
{ "timestamp":"2016-10-26T18:55:12Z", "event":"Undocked", "StationName":"Walter Dock", "StationType":"Orbis" }
{ "timestamp":"2016-10-26T18:55:49Z", "event":"ReceiveText", "From":"Walter Dock", "Message":"$STATION_NoFireZone_exited;", "Message_Localised":"No fire zone left.", "Channel":"npc" }
{ "timestamp":"2016-10-26T18:56:00Z", "event":"SupercruiseEntry", "StarSystem":"Gyvatices" }
{ "timestamp":"2016-10-26T18:57:16Z", "event":"FSDJump", "StarSystem":"Brians", "StarPos":[107.750,-135.156,-8.406], "Allegiance":"Empire", "Economy":"$economy_Industrial;", "Economy_Localised":"Industrial", "Government":"$government_Patronage;", "Government_Localised":"Patronage", "Security":"$SYSTEM_SECURITY_high;", "Security_Localised":"High Security", "JumpDist":11.460, "FuelUsed":0.604753, "FuelLevel":31.395247, "Faction":"Brians Empire Pact", "FactionState":"Boom" }
{ "timestamp":"2016-10-26T18:59:30Z", "event":"ReceiveText", "From":"$npc_name_decorate:#name=Wedding Barge;", "From_Localised":"Wedding Barge", "Message":"$ConvoyWedding_Patrol05;", "Message_Localised":"The ceremony will be starting soon! Please make sure your screens are set to the appropriate frequencies!", "Channel":"npc" }
{ "timestamp":"2016-10-26T18:59:43Z", "event":"SupercruiseExit", "StarSystem":"Brians", "Body":"Newcomb Gateway", "BodyType":"Station" }
{ "timestamp":"2016-10-26T18:59:44Z", "event":"ReceiveText", "From":"Newcomb Gateway", "Message":"$STATION_NoFireZone_entered;", "Message_Localised":"No fire zone entered.", "Channel":"npc" }
{ "timestamp":"2016-10-26T19:00:06Z", "event":"DockingRequested", "StationName":"Newcomb Gateway" }
{ "timestamp":"2016-10-26T19:00:06Z", "event":"ReceiveText", "From":"Newcomb Gateway", "Message":"$DockingChatter_Neutral;", "Message_Localised":"Ensure to observe starport protocol during your visit, pilot.", "Channel":"npc" }
{ "timestamp":"2016-10-26T19:00:09Z", "event":"ReceiveText", "From":"Newcomb Gateway", "Message":"$STATION_docking_granted;", "Message_Localised":"Docking request granted.", "Channel":"npc" }
{ "timestamp":"2016-10-26T19:00:09Z", "event":"DockingGranted", "LandingPad":38, "StationName":"Newcomb Gateway" }
{ "timestamp":"2016-10-26T19:00:52Z", "event":"Docked", "StationName":"Newcomb Gateway", "StationType":"Orbis", "StarSystem":"Brians", "Faction":"Brians Empire Pact", "FactionState":"Boom", "Allegiance":"Empire", "Economy":"$economy_Industrial;", "Economy_Localised":"Industrial", "Government":"$government_Patronage;", "Government_Localised":"Patronage", "Security":"$SYSTEM_SECURITY_high;", "Security_Localised":"High Security" }
{ "timestamp":"2016-10-26T19:01:18Z", "event":"ShipyardSwap", "ShipType":"python", "ShipID":14, "StoreOldShip":"Asp", "StoreShipID":13 }
{ "timestamp":"2016-10-26T19:01:35Z", "event":"Docked", "StationName":"Newcomb Gateway", "StationType":"Orbis", "StarSystem":"Brians", "Faction":"Brians Empire Pact", "FactionState":"Boom", "Allegiance":"Empire", "Economy":"$economy_Industrial;", "Economy_Localised":"Industrial", "Government":"$government_Patronage;", "Government_Localised":"Patronage", "Security":"$SYSTEM_SECURITY_high;", "Security_Localised":"High Security" }
{ "timestamp":"2016-10-26T19:01:47Z", "event":"ReceiveText", "From":"$npc_name_decorate:#name=Simon Pendar-Hughes;", "From_Localised":"Simon Pendar-Hughes", "Message":"$Commuter_AuthorityScan01;", "Message_Localised":"Is there a problem here, officer?", "Channel":"npc" }
{ "timestamp":"2016-10-26T19:03:03Z", "event":"ModuleBuy", "Slot":"Slot02_Size6", "SellItem":"$int_hullreinforcement_size5_class2_name;", "SellItem_Localised":"Hull Reinforcement", "SellPrice":382500, "BuyItem":"$int_cargorack_size6_class1_name;", "BuyItem_Localised":"Cargo Rack", "BuyPrice":362591, "Ship":"python", "ShipID":14 }
{ "timestamp":"2016-10-26T19:03:16Z", "event":"ModuleBuy", "Slot":"Slot04_Size5", "SellItem":"$int_fuelscoop_size5_class4_name;", "SellItem_Localised":"Fuel Scoop", "SellPrice":2268424, "BuyItem":"$int_cargorack_size5_class1_name;", "BuyItem_Localised":"Cargo Rack", "BuyPrice":111566, "Ship":"python", "ShipID":14 }
{ "timestamp":"2016-10-26T19:04:50Z", "event":"MarketBuy", "Type":"coffee", "Count":224, "BuyPrice":1288, "TotalCost":288512 }
{ "timestamp":"2016-10-26T19:05:04Z", "event":"SellExplorationData", "Systems":[ "LPM 173", "Wolf 1324", "Shui Wei Sector AQ-X b1-2", "Tascheter Sector ST-R a4-2" ], "Discovered":[  ], "BaseValue":6714, "Bonus":0 }
{ "timestamp":"2016-10-26T19:09:01Z", "event":"ReceiveText", "From":"$npc_name_decorate:#name=alAthin;", "From_Localised":"alAthin", "Message":"$Commuter_AuthorityScan08;", "Message_Localised":"You've got no right to scan me, officer!", "Channel":"npc" }
{ "timestamp":"2016-10-26T19:25:38Z", "event":"Undocked", "StationName":"Newcomb Gateway", "StationType":"Orbis" }
{ "timestamp":"2016-10-26T19:26:25Z", "event":"ReceiveText", "From":"$ShipName_Police_Empire;", "From_Localised":"Internal Security Service", "Message":"$Police_ThankYouPassedStopAndSearch06;", "Message_Localised":"We're done here pilot, move along.", "Channel":"npc" }
{ "timestamp":"2016-10-26T19:26:48Z", "event":"FSDJump", "StarSystem":"Gyvatices", "StarPos":[101.781,-126.406,-12.781], "Allegiance":"Empire", "Economy":"$economy_Agri;", "Economy_Localised":"Agriculture", "Government":"$government_Corporate;", "Government_Localised":"Corporate", "Security":"$SYSTEM_SECURITY_medium;", "Security_Localised":"Medium Security", "JumpDist":11.460, "FuelUsed":3.799361, "FuelLevel":28.200638, "Faction":"Gyvatices Crimson Advanced Hldgs" }
{ "timestamp":"2016-10-26T19:33:06Z", "event":"SupercruiseExit", "StarSystem":"Gyvatices", "Body":"Walter Dock", "BodyType":"Station" }
{ "timestamp":"2016-10-26T19:33:08Z", "event":"ReceiveText", "From":"Walter Dock", "Message":"$STATION_NoFireZone_entered;", "Message_Localised":"No fire zone entered.", "Channel":"npc" }
{ "timestamp":"2016-10-26T19:33:17Z", "event":"DockingRequested", "StationName":"Walter Dock" }
{ "timestamp":"2016-10-26T19:33:17Z", "event":"ReceiveText", "From":"Walter Dock", "Message":"$DockingChatter_Neutral;", "Message_Localised":"Ensure to observe starport protocol during your visit, pilot.", "Channel":"npc" }
{ "timestamp":"2016-10-26T19:33:19Z", "event":"ReceiveText", "From":"Walter Dock", "Message":"$STATION_docking_granted;", "Message_Localised":"Docking request granted.", "Channel":"npc" }
{ "timestamp":"2016-10-26T19:33:19Z", "event":"DockingGranted", "LandingPad":22, "StationName":"Walter Dock" }
{ "timestamp":"2016-10-26T19:34:24Z", "event":"Docked", "StationName":"Walter Dock", "StationType":"Orbis", "StarSystem":"Gyvatices", "Faction":"Gyvatices Crimson Advanced Hldgs", "Allegiance":"Empire", "Economy":"$economy_Agri;", "Economy_Localised":"Agriculture", "Government":"$government_Corporate;", "Government_Localised":"Corporate", "Security":"$SYSTEM_SECURITY_medium;", "Security_Localised":"Medium Security" }
{ "timestamp":"2016-10-26T19:34:46Z", "event":"MarketSell", "Type":"coffee", "Count":224, "SellPrice":2558, "TotalSale":572992, "AvgPricePaid":1288 }
{ "timestamp":"2016-10-26T19:35:39Z", "event":"ModuleBuy", "Slot":"Slot03_Size6", "SellItem":"$int_shieldgenerator_size6_class3_name;", "SellItem_Localised":"Shield Generator", "SellPrice":1797726, "BuyItem":"$int_cargorack_size6_class1_name;", "BuyItem_Localised":"Cargo Rack", "BuyPrice":362591, "Ship":"python", "ShipID":14 }
{ "timestamp":"2016-10-26T19:36:07Z", "event":"ModuleBuy", "Slot":"Slot07_Size3", "SellItem":"$int_cargorack_size3_class1_name;", "SellItem_Localised":"Cargo Rack", "SellPrice":10563, "BuyItem":"$int_shieldgenerator_size3_class3_name;", "BuyItem_Localised":"Shield Generator", "BuyPrice":56435, "Ship":"python", "ShipID":14 }
{ "timestamp":"2016-10-26T19:36:29Z", "event":"RefuelAll", "Cost":203, "Amount":4.041709 }
{ "timestamp":"2016-10-26T19:36:58Z", "event":"Undocked", "StationName":"Walter Dock", "StationType":"Orbis" }
{ "timestamp":"2016-10-26T19:37:44Z", "event":"ReceiveText", "From":"$ShipName_Police_Empire;", "From_Localised":"Internal Security Service", "Message":"$Police_ThankYouPassedStopAndSearch06;", "Message_Localised":"We're done here pilot, move along.", "Channel":"npc" }
{ "timestamp":"2016-10-26T19:38:08Z", "event":"ReceiveText", "From":"Walter Dock", "Message":"$STATION_NoFireZone_exited;", "Message_Localised":"No fire zone left.", "Channel":"npc" }
{ "timestamp":"2016-10-26T19:38:40Z", "event":"FSDJump", "StarSystem":"Brians", "StarPos":[107.750,-135.156,-8.406], "Allegiance":"Empire", "Economy":"$economy_Industrial;", "Economy_Localised":"Industrial", "Government":"$government_Patronage;", "Government_Localised":"Patronage", "Security":"$SYSTEM_SECURITY_high;", "Security_Localised":"High Security", "JumpDist":11.460, "FuelUsed":1.759877, "FuelLevel":30.240124, "Faction":"Brians Empire Pact", "FactionState":"Boom" }
{ "timestamp":"2016-10-26T19:41:26Z", "event":"ReceiveText", "From":"$npc_name_decorate:#name=Cruise Ship;", "From_Localised":"Cruise Ship", "Message":"$CruiseLiner_SCPatrol04;", "Message_Localised":"I'd like to direct your attention to our flight attendants for a brief safety demonstration.", "Channel":"npc" }
{ "timestamp":"2016-10-26T19:42:08Z", "event":"ReceiveText", "From":"$npc_name_decorate:#name=Cruise Ship;", "From_Localised":"Cruise Ship", "Message":"$CruiseLiner_SCPatrol05;", "Message_Localised":"This is your captain. Due to some unforeseen delays, we will be arriving at our next destination later than scheduled.", "Channel":"npc" }
{ "timestamp":"2016-10-26T19:42:16Z", "event":"SupercruiseExit", "StarSystem":"Brians", "Body":"Newcomb Gateway", "BodyType":"Station" }
{ "timestamp":"2016-10-26T19:42:17Z", "event":"ReceiveText", "From":"Newcomb Gateway", "Message":"$STATION_NoFireZone_entered;", "Message_Localised":"No fire zone entered.", "Channel":"npc" }
{ "timestamp":"2016-10-26T19:42:59Z", "event":"DockingRequested", "StationName":"Newcomb Gateway" }
{ "timestamp":"2016-10-26T19:42:59Z", "event":"ReceiveText", "From":"Newcomb Gateway", "Message":"$DockingChatter_Neutral;", "Message_Localised":"Ensure to observe starport protocol during your visit, pilot.", "Channel":"npc" }
{ "timestamp":"2016-10-26T19:43:01Z", "event":"ReceiveText", "From":"Newcomb Gateway", "Message":"$STATION_docking_granted;", "Message_Localised":"Docking request granted.", "Channel":"npc" }
{ "timestamp":"2016-10-26T19:43:01Z", "event":"DockingGranted", "LandingPad":5, "StationName":"Newcomb Gateway" }
{ "timestamp":"2016-10-26T19:44:06Z", "event":"Docked", "StationName":"Newcomb Gateway", "StationType":"Orbis", "StarSystem":"Brians", "Faction":"Brians Empire Pact", "FactionState":"Boom", "Allegiance":"Empire", "Economy":"$economy_Industrial;", "Economy_Localised":"Industrial", "Government":"$government_Patronage;", "Government_Localised":"Patronage", "Security":"$SYSTEM_SECURITY_high;", "Security_Localised":"High Security" }
{ "timestamp":"2016-10-26T19:46:28Z", "event":"MarketBuy", "Type":"fish", "Count":280, "BuyPrice":230, "TotalCost":64400 }
{ "timestamp":"2016-10-26T19:47:07Z", "event":"Undocked", "StationName":"Newcomb Gateway", "StationType":"Orbis" }
{ "timestamp":"2016-10-26T19:48:33Z", "event":"FSDJump", "StarSystem":"Gyvatices", "StarPos":[101.781,-126.406,-12.781], "Allegiance":"Empire", "Economy":"$economy_Agri;", "Economy_Localised":"Agriculture", "Government":"$government_Corporate;", "Government_Localised":"Corporate", "Security":"$SYSTEM_SECURITY_medium;", "Security_Localised":"Medium Security", "JumpDist":11.460, "FuelUsed":3.988478, "FuelLevel":26.251646, "Faction":"Gyvatices Crimson Advanced Hldgs" }
{ "timestamp":"2016-10-26T19:53:57Z", "event":"SupercruiseExit", "StarSystem":"Gyvatices", "Body":"Walter Dock", "BodyType":"Station" }
{ "timestamp":"2016-10-26T19:53:58Z", "event":"ReceiveText", "From":"Walter Dock", "Message":"$STATION_NoFireZone_entered;", "Message_Localised":"No fire zone entered.", "Channel":"npc" }
{ "timestamp":"2016-10-26T19:54:11Z", "event":"DockingRequested", "StationName":"Walter Dock" }
{ "timestamp":"2016-10-26T19:54:11Z", "event":"ReceiveText", "From":"Walter Dock", "Message":"$DockingChatter_Cordial;", "Message_Localised":"Welcome back, Commander.", "Channel":"npc" }
{ "timestamp":"2016-10-26T19:54:12Z", "event":"ReceiveText", "From":"Walter Dock", "Message":"$STATION_docking_granted;", "Message_Localised":"Docking request granted.", "Channel":"npc" }
{ "timestamp":"2016-10-26T19:54:12Z", "event":"DockingGranted", "LandingPad":20, "StationName":"Walter Dock" }
{ "timestamp":"2016-10-26T19:54:54Z", "event":"Docked", "StationName":"Walter Dock", "StationType":"Orbis", "StarSystem":"Gyvatices", "Faction":"Gyvatices Crimson Advanced Hldgs", "Allegiance":"Empire", "Economy":"$economy_Agri;", "Economy_Localised":"Agriculture", "Government":"$government_Corporate;", "Government_Localised":"Corporate", "Security":"$SYSTEM_SECURITY_medium;", "Security_Localised":"Medium Security" }
{ "timestamp":"2016-10-26T19:55:39Z", "event":"MarketSell", "Type":"fish", "Count":280, "SellPrice":812, "TotalSale":227360, "AvgPricePaid":230 }
{ "timestamp":"2016-10-26T20:04:22Z", "event":"RefuelAll", "Cost":306, "Amount":6.107920 }
{ "timestamp":"2016-10-26T20:09:52Z", "event":"Undocked", "StationName":"Walter Dock", "StationType":"Orbis" }
{ "timestamp":"2016-10-26T20:10:38Z", "event":"ReceiveText", "From":"Walter Dock", "Message":"$STATION_NoFireZone_exited;", "Message_Localised":"No fire zone left.", "Channel":"npc" }
{ "timestamp":"2016-10-26T20:11:07Z", "event":"FSDJump", "StarSystem":"Brians", "StarPos":[107.750,-135.156,-8.406], "Allegiance":"Empire", "Economy":"$economy_Industrial;", "Economy_Localised":"Industrial", "Government":"$government_Patronage;", "Government_Localised":"Patronage", "Security":"$SYSTEM_SECURITY_high;", "Security_Localised":"High Security", "JumpDist":11.460, "FuelUsed":1.759877, "FuelLevel":30.240124, "Faction":"Brians Empire Pact", "FactionState":"Boom" }
{ "timestamp":"2016-10-26T20:12:05Z", "event":"ReceiveText", "From":"$npc_name_decorate:#name=Cruise Ship;", "From_Localised":"Cruise Ship", "Message":"$CruiseLiner_SCPatrol04;", "Message_Localised":"I'd like to direct your attention to our flight attendants for a brief safety demonstration.", "Channel":"npc" }
{ "timestamp":"2016-10-26T20:12:34Z", "event":"ReceiveText", "From":"$npc_name_decorate:#name=Cruise Ship;", "From_Localised":"Cruise Ship", "Message":"$CruiseLiner_SCPatrol05;", "Message_Localised":"This is your captain. Due to some unforeseen delays, we will be arriving at our next destination later than scheduled.", "Channel":"npc" }
{ "timestamp":"2016-10-26T20:13:11Z", "event":"ReceiveText", "From":"$npc_name_decorate:#name=Cruise Ship;", "From_Localised":"Cruise Ship", "Message":"$CruiseLiner_SCPatrol03;", "Message_Localised":"Today's cruise includes some delightful views, our flight attendants are on hand with full details.", "Channel":"npc" }
{ "timestamp":"2016-10-26T20:13:11Z", "event":"SupercruiseExit", "StarSystem":"Brians", "Body":"Newcomb Gateway", "BodyType":"Station" }
{ "timestamp":"2016-10-26T20:13:12Z", "event":"ReceiveText", "From":"Newcomb Gateway", "Message":"$STATION_NoFireZone_entered;", "Message_Localised":"No fire zone entered.", "Channel":"npc" }
{ "timestamp":"2016-10-26T20:13:23Z", "event":"DockingRequested", "StationName":"Newcomb Gateway" }
{ "timestamp":"2016-10-26T20:13:23Z", "event":"ReceiveText", "From":"Newcomb Gateway", "Message":"$DockingChatter_Neutral;", "Message_Localised":"Ensure to observe starport protocol during your visit, pilot.", "Channel":"npc" }
{ "timestamp":"2016-10-26T20:13:24Z", "event":"ReceiveText", "From":"Newcomb Gateway", "Message":"$STATION_docking_granted;", "Message_Localised":"Docking request granted.", "Channel":"npc" }
{ "timestamp":"2016-10-26T20:13:24Z", "event":"DockingGranted", "LandingPad":11, "StationName":"Newcomb Gateway" }
{ "timestamp":"2016-10-26T20:14:25Z", "event":"Docked", "StationName":"Newcomb Gateway", "StationType":"Orbis", "StarSystem":"Brians", "Faction":"Brians Empire Pact", "FactionState":"Boom", "Allegiance":"Empire", "Economy":"$economy_Industrial;", "Economy_Localised":"Industrial", "Government":"$government_Patronage;", "Government_Localised":"Patronage", "Security":"$SYSTEM_SECURITY_high;", "Security_Localised":"High Security" }
{ "timestamp":"2016-10-26T20:15:15Z", "event":"RefuelAll", "Cost":93, "Amount":1.854382 }
{ "timestamp":"2016-10-26T20:15:27Z", "event":"MarketBuy", "Type":"coffee", "Count":280, "BuyPrice":1288, "TotalCost":360640 }
{ "timestamp":"2016-10-26T20:17:46Z", "event":"Undocked", "StationName":"Newcomb Gateway", "StationType":"Orbis" }
{ "timestamp":"2016-10-26T20:18:32Z", "event":"ReceiveText", "From":"$ShipName_Police_Empire;", "From_Localised":"Internal Security Service", "Message":"$Police_ThankYouPassedStopAndSearch06;", "Message_Localised":"We're done here pilot, move along.", "Channel":"npc" }
{ "timestamp":"2016-10-26T20:19:15Z", "event":"FSDJump", "StarSystem":"Gyvatices", "StarPos":[101.781,-126.406,-12.781], "Allegiance":"Empire", "Economy":"$economy_Agri;", "Economy_Localised":"Agriculture", "Government":"$government_Corporate;", "Government_Localised":"Corporate", "Security":"$SYSTEM_SECURITY_medium;", "Security_Localised":"Medium Security", "JumpDist":11.460, "FuelUsed":4.006048, "FuelLevel":27.993952, "Faction":"Gyvatices Crimson Advanced Hldgs" }
{ "timestamp":"2016-10-26T20:24:57Z", "event":"SupercruiseExit", "StarSystem":"Gyvatices", "Body":"Walter Dock", "BodyType":"Station" }
{ "timestamp":"2016-10-26T20:24:58Z", "event":"ReceiveText", "From":"Walter Dock", "Message":"$STATION_NoFireZone_entered;", "Message_Localised":"No fire zone entered.", "Channel":"npc" }
{ "timestamp":"2016-10-26T20:25:32Z", "event":"DockingRequested", "StationName":"Walter Dock" }
{ "timestamp":"2016-10-26T20:25:32Z", "event":"ReceiveText", "From":"Walter Dock", "Message":"$DockingChatter_Cordial;", "Message_Localised":"Welcome back, Commander.", "Channel":"npc" }
{ "timestamp":"2016-10-26T20:25:33Z", "event":"ReceiveText", "From":"Walter Dock", "Message":"$STATION_docking_granted;", "Message_Localised":"Docking request granted.", "Channel":"npc" }
{ "timestamp":"2016-10-26T20:25:33Z", "event":"DockingGranted", "LandingPad":35, "StationName":"Walter Dock" }
{ "timestamp":"2016-10-26T20:26:36Z", "event":"Docked", "StationName":"Walter Dock", "StationType":"Orbis", "StarSystem":"Gyvatices", "Faction":"Gyvatices Crimson Advanced Hldgs", "Allegiance":"Empire", "Economy":"$economy_Agri;", "Economy_Localised":"Agriculture", "Government":"$government_Corporate;", "Government_Localised":"Corporate", "Security":"$SYSTEM_SECURITY_medium;", "Security_Localised":"Medium Security" }
{ "timestamp":"2016-10-26T20:27:07Z", "event":"ReceiveText", "From":"$npc_name_decorate:#name=Brenda Lloyd;", "From_Localised":"Brenda Lloyd", "Message":"$Smuggler_NearDeath03;", "Message_Localised":"You almost had me there!", "Channel":"npc" }
{ "timestamp":"2016-10-26T20:27:25Z", "event":"MarketSell", "Type":"coffee", "Count":280, "SellPrice":2558, "TotalSale":716240, "AvgPricePaid":1288 }
{ "timestamp":"2016-10-26T20:37:38Z", "event":"ReceiveText", "From":"$npc_name_decorate:#name=Elen Rose;", "From_Localised":"Elen Rose", "Message":"$Smuggler_NearDeath02;", "Message_Localised":"I won't let it end like this!", "Channel":"npc" }
{ "timestamp":"2016-10-26T20:42:48Z", "event":"ReceiveText", "From":"$npc_name_decorate:#name=Nar Dereb;", "From_Localised":"Nar Dereb", "Message":"$Commuter_AuthorityScan07;", "Message_Localised":"There's no need to scan me, officer. I have nothing to find.", "Channel":"npc" }
