{ "timestamp":"2016-11-05T01:28:09Z", "event":"Fileheader", "part":1, "language":"English\\UK", "gameversion":"2.2", "build":"r125374/r0 " }
{ "timestamp":"2016-11-05T01:29:19Z", "event":"LoadGame", "Commander":"Blantyre", "Ship":"Asp", "ShipID":13, "GameMode":"Solo", "Credits":13287034, "Loan":0 }
{ "timestamp":"2016-11-05T01:29:19Z", "event":"Rank", "Combat":4, "Trade":5, "Explore":4, "Empire":2, "Federation":7, "CQC":0 }
{ "timestamp":"2016-11-05T01:29:19Z", "event":"Progress", "Combat":19, "Trade":87, "Explore":29, "Empire":18, "Federation":3, "CQC":0 }
{ "timestamp":"2016-11-05T01:29:45Z", "event":"Location", "Docked":false, "StarSystem":"Hared", "StarPos":[-97.125,22.750,-20.000], "Allegiance":"Federation", "Economy":"$economy_Extraction;", "Economy_Localised":"Extraction", "Government":"$government_Corporate;", "Government_Localised":"Corporate", "Security":"$SYSTEM_SECURITY_medium;", "Security_Localised":"Medium Security", "Body":"Hared A", "BodyType":"Star", "Faction":"Purple Universal Co" }
{ "timestamp":"2016-11-05T01:30:04Z", "event":"SupercruiseEntry", "StarSystem":"Hared" }
{ "timestamp":"2016-11-05T01:30:47Z", "event":"FSDJump", "StarSystem":"Gera", "StarPos":[-88.813,11.688,-33.594], "Allegiance":"Federation", "Economy":"$economy_Agri;", "Economy_Localised":"Agriculture", "Government":"$government_Corporate;", "Government_Localised":"Corporate", "Security":"$SYSTEM_SECURITY_medium;", "Security_Localised":"Medium Security", "JumpDist":19.398, "FuelUsed":2.759172, "FuelLevel":24.589287, "Faction":"Gera Interstellar" }
{ "timestamp":"2016-11-05T01:31:43Z", "event":"FSDJump", "StarSystem":"AC +60 40462", "StarPos":[-74.938,-2.781,-36.688], "Allegiance":"", "Economy":"$economy_None;", "Economy_Localised":"None", "Government":"$government_None;", "Government_Localised":"None", "Security":"$SYSTEM_SECURITY_low;", "Security_Localised":"Low Security", "JumpDist":20.284, "FuelUsed":3.036696, "FuelLevel":21.552591 }
{ "timestamp":"2016-11-05T01:32:49Z", "event":"FSDJump", "StarSystem":"G 218-5", "StarPos":[-64.969,-13.750,-39.563], "Allegiance":"Federation", "Economy":"$economy_Refinery;", "Economy_Localised":"Refinery", "Government":"$government_Democracy;", "Government_Localised":"Democracy", "Security":"$SYSTEM_SECURITY_medium;", "Security_Localised":"Medium Security", "JumpDist":15.098, "FuelUsed":1.451141, "FuelLevel":20.101450, "Faction":"G 218-5 for Equality" }
{ "timestamp":"2016-11-05T01:33:56Z", "event":"FSDJump", "StarSystem":"Zelada", "StarPos":[-58.875,-21.531,-54.844], "Allegiance":"Federation", "Economy":"$economy_Industrial;", "Economy_Localised":"Industrial", "Government":"$government_Democracy;", "Government_Localised":"Democracy", "Security":"$SYSTEM_SECURITY_low;", "Security_Localised":"Low Security", "JumpDist":18.199, "FuelUsed":2.276730, "FuelLevel":17.824720, "Faction":"Revolutionary Zelada Democrats", "FactionState":"War" }
{ "timestamp":"2016-11-05T01:36:10Z", "event":"SupercruiseExit", "StarSystem":"Zelada", "Body":"New Africa", "BodyType":"Planet" }
{ "timestamp":"2016-11-05T01:36:23Z", "event":"DataScanned", "Type":"TouristBeacon" }
{ "timestamp":"2016-11-05T01:37:42Z", "event":"ReceiveText", "From":"$npc_name_decorate:#name=Paine Pleasure Cruises;", "From_Localised":"Paine Pleasure Cruises", "Message":"$PassengerLiner_Passthrough03;", "Message_Localised":"Passengers are advised that the gymnasium is currently closed due to equipment malfunction.", "Channel":"npc" }
{ "timestamp":"2016-11-05T01:37:44Z", "event":"ReceiveText", "From":"$npc_name_decorate:#name=ABW Galactic Travel Agency;", "From_Localised":"ABW Galactic Travel Agency", "Message":"$PassengerLiner_Passthrough01;", "Message_Localised":"Due to a technical issue, all entertainment scheduled for this evening is cancelled. Sorry for the inconvenience.", "Channel":"npc" }
{ "timestamp":"2016-11-05T01:37:52Z", "event":"ReceiveText", "From":"$npc_name_decorate:#name=Paine Pleasure Cruises;", "From_Localised":"Paine Pleasure Cruises", "Message":"$PassengerLiner_Passthrough03;", "Message_Localised":"Passengers are advised that the gymnasium is currently closed due to equipment malfunction.", "Channel":"npc" }
{ "timestamp":"2016-11-05T01:39:15Z", "event":"FSDJump", "StarSystem":"NLTT 2224", "StarPos":[-63.750,-9.219,-39.094], "Allegiance":"", "Economy":"$economy_None;", "Economy_Localised":"None", "Government":"$government_None;", "Government_Localised":"None", "Security":"$SYSTEM_SECURITY_low;", "Security_Localised":"Low Security", "JumpDist":20.577, "FuelUsed":3.041302, "FuelLevel":14.783419 }
{ "timestamp":"2016-11-05T01:43:15Z", "event":"FSDJump", "StarSystem":"MCC 858", "StarPos":[-74.000,4.938,-29.875], "Allegiance":"Federation", "Economy":"$economy_Industrial;", "Economy_Localised":"Industrial", "Government":"$government_Corporate;", "Government_Localised":"Corporate", "Security":"$SYSTEM_SECURITY_high;", "Security_Localised":"High Security", "JumpDist":19.760, "FuelUsed":2.711926, "FuelLevel":12.071492, "Faction":"MCC 858 Organisation", "FactionState":"Boom" }
{ "timestamp":"2016-11-05T01:44:17Z", "event":"FSDJump", "StarSystem":"Tyr", "StarPos":[-79.625,21.250,-25.063], "Allegiance":"Federation", "Economy":"$economy_Industrial;", "Economy_Localised":"Industrial", "Government":"$government_Corporate;", "Government_Localised":"Corporate", "Security":"$SYSTEM_SECURITY_high;", "Security_Localised":"High Security", "JumpDist":17.914, "FuelUsed":2.103562, "FuelLevel":9.967930, "Faction":"Tyr Company", "FactionState":"Boom" }
{ "timestamp":"2016-11-05T01:45:20Z", "event":"FSDJump", "StarSystem":"Marasing", "StarPos":[-89.031,31.094,-11.156], "Allegiance":"Independent", "Economy":"$economy_Industrial;", "Economy_Localised":"Industrial", "Government":"$government_Communism;", "Government_Localised":"Communism", "Security":"$SYSTEM_SECURITY_low;", "Security_Localised":"Low Security", "JumpDist":19.462, "FuelUsed":2.549803, "FuelLevel":7.418127, "Faction":"Workers of Marasing Republic Party" }
{ "timestamp":"2016-11-05T01:45:46Z", "event":"ReceiveText", "From":"$npc_name_decorate:#name=Serena Lesley;", "From_Localised":"Serena Lesley", "Message":"$Pirate_HunterHostileSC_Relevant03;", "Message_Localised":"I've come a long way for what's in your hold, don't try to run!", "Channel":"npc" }
{ "timestamp":"2016-11-05T01:46:12Z", "event":"FSDJump", "StarSystem":"Banisas", "StarPos":[-97.344,42.625,-6.938], "Allegiance":"Independent", "Economy":"$economy_HighTech;", "Economy_Localised":"High tech", "Government":"$government_Dictatorship;", "Government_Localised":"Dictatorship", "Security":"$SYSTEM_SECURITY_medium;", "Security_Localised":"Medium Security", "JumpDist":14.828, "FuelUsed":1.292686, "FuelLevel":6.125441, "Faction":"Freedom Party of Banisas" }
{ "timestamp":"2016-11-05T01:48:01Z", "event":"SupercruiseExit", "StarSystem":"Banisas", "Body":"Weyn Ring", "BodyType":"Station" }
{ "timestamp":"2016-11-05T01:48:12Z", "event":"DockingRequested", "StationName":"Weyn Ring" }
{ "timestamp":"2016-11-05T01:48:12Z", "event":"ReceiveText", "From":"Weyn Ring", "Message":"$DockingChatter_Cordial;", "Message_Localised":"Welcome back, Commander.", "Channel":"npc" }
{ "timestamp":"2016-11-05T01:48:13Z", "event":"ReceiveText", "From":"Weyn Ring", "Message":"$STATION_docking_granted;", "Message_Localised":"Docking request granted.", "Channel":"npc" }
{ "timestamp":"2016-11-05T01:48:13Z", "event":"DockingGranted", "LandingPad":3, "StationName":"Weyn Ring" }
{ "timestamp":"2016-11-05T01:48:21Z", "event":"ReceiveText", "From":"Weyn Ring", "Message":"$STATION_NoFireZone_entered;", "Message_Localised":"No fire zone entered.", "Channel":"npc" }
{ "timestamp":"2016-11-05T01:49:06Z", "event":"Docked", "StationName":"Weyn Ring", "StationType":"Coriolis", "StarSystem":"Banisas", "Faction":"Freedom Party of Banisas", "Allegiance":"Independent", "Economy":"$economy_HighTech;", "Economy_Localised":"High tech", "Government":"$government_Dictatorship;", "Government_Localised":"Dictatorship", "Security":"$SYSTEM_SECURITY_medium;", "Security_Localised":"Medium Security" }
{ "timestamp":"2016-11-05T01:49:27Z", "event":"MissionCompleted", "Faction":"Democrats of Banisas", "Name":"Mission_Sightseeing_Doctor_OUTBREAK_name", "MissionID":47813261, "Commodity":"$Tantalum_Name;", "Commodity_Localised":"Tantalum", "Count":3, "Reward":1497452, "CommodityReward":[ { "Name": "InsulatingMembrane", "Count": 4 } ] }
{ "timestamp":"2016-11-05T01:49:27Z", "event":"MaterialCollected", "Category":"Manufactured", "Name":"biotechconductors", "Count":1 }
{ "timestamp":"2016-11-05T01:49:49Z", "event":"RefuelAll", "Cost":1319, "Amount":26.358770 }
