{ "timestamp":"2016-12-19T16:45:39Z", "event":"Fileheader", "part":1, "language":"English\\UK", "gameversion":"2.2", "build":"r126898/r0 " }
{ "timestamp":"2016-12-19T16:46:18Z", "event":"LoadGame", "Commander":"Coccolithophore", "Ship":"Vulture", "ShipID":1, "GameMode":"Solo", "Credits":2068890, "Loan":0 }
{ "timestamp":"2016-12-19T16:46:18Z", "event":"Rank", "Combat":2, "Trade":2, "Explore":2, "Empire":0, "Federation":0, "CQC":0 }
{ "timestamp":"2016-12-19T16:46:18Z", "event":"Progress", "Combat":18, "Trade":82, "Explore":16, "Empire":0, "Federation":22, "CQC":0 }
{ "timestamp":"2016-12-19T16:46:50Z", "event":"Location", "Docked":true, "StationName":"Whitson Orbital", "StationType":"Orbis", "StarSystem":"LP 339-7", "StarPos":[-70.063,-8.281,27.906], "SystemAllegiance":"Federation", "SystemEconomy":"$economy_Agri;", "SystemEconomy_Localised":"Agriculture", "SystemGovernment":"$government_Corporate;", "SystemGovernment_Localised":"Corporate", "SystemSecurity":"$SYSTEM_SECURITY_high;", "SystemSecurity_Localised":"High Security", "Body":"Whitson Orbital", "BodyType":"Station", "SystemFaction":"Starship Enterprises", "FactionState":"Boom" }
{ "timestamp":"2016-12-19T16:46:50Z", "event":"Docked", "StationName":"Whitson Orbital", "StationType":"Orbis", "StarSystem":"LP 339-7", "StationFaction":"Starship Enterprises", "FactionState":"Boom", "StationGovernment":"$government_Corporate;", "StationGovernment_Localised":"Corporate", "StationAllegiance":"Federation", "StationEconomy":"$economy_Agri;", "StationEconomy_Localised":"Agriculture" }
{ "timestamp":"2016-12-19T16:47:52Z", "event":"CommunityGoalReward", "Name":"Protecting Traders in LP 339-7", "System":"LP 339-7", "Reward":10567066 }
{ "timestamp":"2016-12-19T16:56:25Z", "event":"ShipyardBuy", "ShipType":"cobramkiii", "ShipPrice":349718, "StoreOldShip":"Vulture", "StoreShipID":1 }
{ "timestamp":"2016-12-19T16:56:26Z", "event":"ShipyardNew", "ShipType":"cobramkiii", "NewShipID":2 }
{ "timestamp":"2016-12-19T16:56:38Z", "event":"Docked", "StationName":"Whitson Orbital", "StationType":"Orbis", "StarSystem":"LP 339-7", "StationFaction":"Starship Enterprises", "FactionState":"Boom", "StationGovernment":"$government_Corporate;", "StationGovernment_Localised":"Corporate", "StationAllegiance":"Federation", "StationEconomy":"$economy_Agri;", "StationEconomy_Localised":"Agriculture" }
{ "timestamp":"2016-12-19T16:57:01Z", "event":"ModuleBuy", "Slot":"FrameShiftDrive", "SellItem":"$int_hyperdrive_size4_class1_name;", "SellItem_Localised":"FSD", "SellPrice":19878, "BuyItem":"$int_hyperdrive_size4_class4_name;", "BuyItem_Localised":"FSD", "BuyPrice":536693, "Ship":"cobramkiii", "ShipID":2 }
{ "timestamp":"2016-12-19T16:57:18Z", "event":"ModuleBuy", "Slot":"MainEngines", "SellItem":"$int_engine_size4_class1_name;", "SellItem_Localised":"Thrusters", "SellPrice":19878, "BuyItem":"$int_engine_size4_class4_name;", "BuyItem_Localised":"Thrusters", "BuyPrice":536693, "Ship":"cobramkiii", "ShipID":2 }
{ "timestamp":"2016-12-19T16:57:34Z", "event":"ModuleBuy", "Slot":"LifeSupport", "SellItem":"$int_lifesupport_size3_class1_name;", "SellItem_Localised":"Life Support", "SellPrice":4053, "BuyItem":"$int_lifesupport_size3_class2_name;", "BuyItem_Localised":"Life Support", "BuyPrice":10133, "Ship":"cobramkiii", "ShipID":2 }
{ "timestamp":"2016-12-19T16:57:40Z", "event":"ModuleBuy", "Slot":"PowerDistributor", "SellItem":"$int_powerdistributor_size3_class1_name;", "SellItem_Localised":"Power Distributor", "SellPrice":4053, "BuyItem":"$int_powerdistributor_size3_class2_name;", "BuyItem_Localised":"Power Distributor", "BuyPrice":10133, "Ship":"cobramkiii", "ShipID":2 }
{ "timestamp":"2016-12-19T17:00:10Z", "event":"ShipyardSwap", "ShipType":"vulture", "ShipID":1, "StoreOldShip":"CobraMkIII", "StoreShipID":2 }
{ "timestamp":"2016-12-19T17:00:26Z", "event":"Docked", "StationName":"Whitson Orbital", "StationType":"Orbis", "StarSystem":"LP 339-7", "StationFaction":"Starship Enterprises", "FactionState":"Boom", "StationGovernment":"$government_Corporate;", "StationGovernment_Localised":"Corporate", "StationAllegiance":"Federation", "StationEconomy":"$economy_Agri;", "StationEconomy_Localised":"Agriculture" }
{ "timestamp":"2016-12-19T17:07:59Z", "event":"Undocked", "StationName":"Whitson Orbital", "StationType":"Orbis" }
{ "timestamp":"2016-12-19T17:08:30Z", "event":"DockingRequested", "StationName":"Whitson Orbital" }
{ "timestamp":"2016-12-19T17:08:30Z", "event":"ReceiveText", "From":"Whitson Orbital", "Message":"$DockingChatter_Friendly;", "Message_Localised":"It's great to see you again, Commander.", "Channel":"npc" }
{ "timestamp":"2016-12-19T17:08:33Z", "event":"ReceiveText", "From":"Whitson Orbital", "Message":"$STATION_docking_granted;", "Message_Localised":"Docking request granted.", "Channel":"npc" }
{ "timestamp":"2016-12-19T17:08:33Z", "event":"DockingGranted", "LandingPad":42, "StationName":"Whitson Orbital" }
{ "timestamp":"2016-12-19T17:09:17Z", "event":"Docked", "StationName":"Whitson Orbital", "StationType":"Orbis", "StarSystem":"LP 339-7", "StationFaction":"Starship Enterprises", "FactionState":"Boom", "StationGovernment":"$government_Corporate;", "StationGovernment_Localised":"Corporate", "StationAllegiance":"Federation", "StationEconomy":"$economy_Agri;", "StationEconomy_Localised":"Agriculture" }
{ "timestamp":"2016-12-19T17:09:49Z", "event":"ShipyardSwap", "ShipType":"cobramkiii", "ShipID":2, "StoreOldShip":"Vulture", "StoreShipID":1 }
{ "timestamp":"2016-12-19T17:10:02Z", "event":"Docked", "StationName":"Whitson Orbital", "StationType":"Orbis", "StarSystem":"LP 339-7", "StationFaction":"Starship Enterprises", "FactionState":"Boom", "StationGovernment":"$government_Corporate;", "StationGovernment_Localised":"Corporate", "StationAllegiance":"Federation", "StationEconomy":"$economy_Agri;", "StationEconomy_Localised":"Agriculture" }
{ "timestamp":"2016-12-19T17:10:49Z", "event":"ReceiveText", "From":"$npc_name_decorate:#name=Saman;", "From_Localised":"Saman", "Message":"$Commuter_AuthorityScan01;", "Message_Localised":"Is there a problem here, officer?", "Channel":"npc" }
{ "timestamp":"2016-12-19T17:10:57Z", "event":"Undocked", "StationName":"Whitson Orbital", "StationType":"Orbis" }
{ "timestamp":"2016-12-19T17:12:07Z", "event":"FSDJump", "StarSystem":"LHS 3589", "StarPos":[-60.406,-12.500,21.250], "SystemAllegiance":"Federation", "SystemEconomy":"$economy_HighTech;", "SystemEconomy_Localised":"High tech", "SystemGovernment":"$government_Corporate;", "SystemGovernment_Localised":"Corporate", "SystemSecurity":"$SYSTEM_SECURITY_high;", "SystemSecurity_Localised":"High Security", "JumpDist":12.464, "FuelUsed":1.024483, "FuelLevel":14.975516, "SystemFaction":"LHS 3589 Ltd" }
{ "timestamp":"2016-12-19T17:17:12Z", "event":"SupercruiseExit", "StarSystem":"LHS 3589", "Body":"Roosa Gateway", "BodyType":"Station" }
{ "timestamp":"2016-12-19T17:17:23Z", "event":"DockingRequested", "StationName":"Roosa Gateway" }
{ "timestamp":"2016-12-19T17:17:23Z", "event":"ReceiveText", "From":"Roosa Gateway", "Message":"$DockingChatter_Neutral;", "Message_Localised":"Ensure to observe starport protocol during your visit, pilot.", "Channel":"npc" }
{ "timestamp":"2016-12-19T17:17:24Z", "event":"ReceiveText", "From":"Roosa Gateway", "Message":"$STATION_docking_granted;", "Message_Localised":"Docking request granted.", "Channel":"npc" }
{ "timestamp":"2016-12-19T17:17:24Z", "event":"DockingGranted", "LandingPad":13, "StationName":"Roosa Gateway" }
{ "timestamp":"2016-12-19T17:17:30Z", "event":"ReceiveText", "From":"Roosa Gateway", "Message":"$STATION_NoFireZone_entered;", "Message_Localised":"No fire zone entered.", "Channel":"npc" }
{ "timestamp":"2016-12-19T17:18:02Z", "event":"Docked", "StationName":"Roosa Gateway", "StationType":"Coriolis", "StarSystem":"LHS 3589", "StationFaction":"LHS 3589 Ltd", "StationGovernment":"$government_Corporate;", "StationGovernment_Localised":"Corporate", "StationAllegiance":"Federation", "StationEconomy":"$economy_HighTech;", "StationEconomy_Localised":"High tech" }
{ "timestamp":"2016-12-19T17:19:29Z", "event":"ModuleBuy", "Slot":"Slot01_Size4", "SellItem":"$int_cargorack_size3_class1_name;", "SellItem_Localised":"Cargo Rack", "SellPrice":10563, "BuyItem":"$int_passengercabin_size4_class3_name;", "BuyItem_Localised":"FC Passenger Cabin", "BuyPrice":170586, "Ship":"cobramkiii", "ShipID":2 }
{ "timestamp":"2016-12-19T17:19:37Z", "event":"ModuleBuy", "Slot":"Slot02_Size4", "SellItem":"$int_cargorack_size3_class1_name;", "SellItem_Localised":"Cargo Rack", "SellPrice":10563, "BuyItem":"$int_passengercabin_size4_class3_name;", "BuyItem_Localised":"FC Passenger Cabin", "BuyPrice":170586, "Ship":"cobramkiii", "ShipID":2 }
{ "timestamp":"2016-12-19T17:19:46Z", "event":"ModuleBuy", "Slot":"Slot03_Size4", "SellItem":"$int_shieldgenerator_size4_class1_name;", "SellItem_Localised":"Shield Generator", "SellPrice":19878, "BuyItem":"$int_shieldgenerator_size4_class5_name;", "BuyItem_Localised":"Shield Generator", "BuyPrice":1610080, "Ship":"cobramkiii", "ShipID":2 }
{ "timestamp":"2016-12-19T17:19:53Z", "event":"ModuleBuy", "Slot":"Slot04_Size2", "SellItem":"$int_cargorack_size1_class1_name;", "SellItem_Localised":"Cargo Rack", "SellPrice":1000, "BuyItem":"$int_cargorack_size2_class1_name;", "BuyItem_Localised":"Cargo Rack", "BuyPrice":3250, "Ship":"cobramkiii", "ShipID":2 }
{ "timestamp":"2016-12-19T17:19:58Z", "event":"ModuleBuy", "Slot":"Slot05_Size2", "BuyItem":"$int_cargorack_size2_class1_name;", "BuyItem_Localised":"Cargo Rack", "BuyPrice":3250, "Ship":"cobramkiii", "ShipID":2 }
{ "timestamp":"2016-12-19T17:20:09Z", "event":"ModuleBuy", "Slot":"Slot06_Size2", "SellItem":"$int_stellarbodydiscoveryscanner_standard_name;", "SellItem_Localised":"D - Scanner", "SellPrice":1000, "BuyItem":"$int_stellarbodydiscoveryscanner_advanced_name;", "BuyItem_Localised":"D - Scanner", "BuyPrice":1545000, "Ship":"cobramkiii", "ShipID":2 }
{ "timestamp":"2016-12-19T17:21:27Z", "event":"ModuleBuy", "Slot":"MainEngines", "SellItem":"$int_engine_size4_class4_name;", "SellItem_Localised":"Thrusters", "SellPrice":536693, "BuyItem":"$int_engine_size4_class5_name;", "BuyItem_Localised":"Thrusters", "BuyPrice":1610080, "Ship":"cobramkiii", "ShipID":2 }
{ "timestamp":"2016-12-19T17:21:33Z", "event":"ModuleBuy", "Slot":"FrameShiftDrive", "SellItem":"$int_hyperdrive_size4_class4_name;", "SellItem_Localised":"FSD", "SellPrice":526455, "BuyItem":"$int_hyperdrive_size4_class5_name;", "BuyItem_Localised":"FSD", "BuyPrice":1610080, "Ship":"cobramkiii", "ShipID":2 }
{ "timestamp":"2016-12-19T17:21:42Z", "event":"ModuleBuy", "Slot":"PowerPlant", "SellItem":"$int_powerplant_size4_class1_name;", "SellItem_Localised":"Power Plant", "SellPrice":19878, "BuyItem":"$int_powerplant_size4_class2_name;", "BuyItem_Localised":"Power Plant", "BuyPrice":59633, "Ship":"cobramkiii", "ShipID":2 }
{ "timestamp":"2016-12-19T17:21:43Z", "event":"ShieldState", "ShieldsUp":false }
{ "timestamp":"2016-12-19T17:21:47Z", "event":"ShieldState", "ShieldsUp":true }
{ "timestamp":"2016-12-19T17:23:32Z", "event":"ModuleBuy", "Slot":"Radar", "SellItem":"$int_sensors_size3_class1_name;", "SellItem_Localised":"Sensors", "SellPrice":4053, "BuyItem":"$int_sensors_size3_class2_name;", "BuyItem_Localised":"Sensors", "BuyPrice":10133, "Ship":"cobramkiii", "ShipID":2 }
{ "timestamp":"2016-12-19T17:24:25Z", "event":"ReceiveText", "From":"$npc_name_decorate:#name=Ady Gell;", "From_Localised":"Ady Gell", "Message":"$Commuter_AuthorityScan04;", "Message_Localised":"Is this really necessary?", "Channel":"npc" }
{ "timestamp":"2016-12-19T17:25:16Z", "event":"ModuleBuy", "Slot":"PaintJob", "BuyItem":"$paintjob_cobramkiii_militaire_forest_green_name;", "BuyItem_Localised":"Military Marine Blue", "BuyPrice":0, "Ship":"cobramkiii", "ShipID":2 }
{ "timestamp":"2016-12-19T17:26:50Z", "event":"Undocked", "StationName":"Roosa Gateway", "StationType":"Coriolis" }
{ "timestamp":"2016-12-19T17:27:33Z", "event":"ReceiveText", "From":"Roosa Gateway", "Message":"$STATION_NoFireZone_exited;", "Message_Localised":"No fire zone left.", "Channel":"npc" }
{ "timestamp":"2016-12-19T17:28:25Z", "event":"FSDJump", "StarSystem":"LP 339-7", "StarPos":[-70.063,-8.281,27.906], "SystemAllegiance":"Federation", "SystemEconomy":"$economy_Agri;", "SystemEconomy_Localised":"Agriculture", "SystemGovernment":"$government_Corporate;", "SystemGovernment_Localised":"Corporate", "SystemSecurity":"$SYSTEM_SECURITY_high;", "SystemSecurity_Localised":"High Security", "JumpDist":12.464, "FuelUsed":0.796144, "FuelLevel":14.179373, "SystemFaction":"Starship Enterprises", "FactionState":"Boom" }
{ "timestamp":"2016-12-19T17:30:39Z", "event":"SupercruiseExit", "StarSystem":"LP 339-7", "Body":"Whitson Orbital", "BodyType":"Station" }
{ "timestamp":"2016-12-19T17:30:41Z", "event":"ReceiveText", "From":"Whitson Orbital", "Message":"$STATION_NoFireZone_entered;", "Message_Localised":"No fire zone entered.", "Channel":"npc" }
{ "timestamp":"2016-12-19T17:30:51Z", "event":"DockingRequested", "StationName":"Whitson Orbital" }
{ "timestamp":"2016-12-19T17:30:51Z", "event":"ReceiveText", "From":"Whitson Orbital", "Message":"$DockingChatter_Friendly;", "Message_Localised":"It's great to see you again, Commander.", "Channel":"npc" }
{ "timestamp":"2016-12-19T17:30:52Z", "event":"ReceiveText", "From":"Whitson Orbital", "Message":"$STATION_docking_granted;", "Message_Localised":"Docking request granted.", "Channel":"npc" }
{ "timestamp":"2016-12-19T17:30:52Z", "event":"DockingGranted", "LandingPad":27, "StationName":"Whitson Orbital" }
{ "timestamp":"2016-12-19T17:31:25Z", "event":"Docked", "StationName":"Whitson Orbital", "StationType":"Orbis", "StarSystem":"LP 339-7", "StationFaction":"Starship Enterprises", "FactionState":"Boom", "StationGovernment":"$government_Corporate;", "StationGovernment_Localised":"Corporate", "StationAllegiance":"Federation", "StationEconomy":"$economy_Agri;", "StationEconomy_Localised":"Agriculture" }
{ "timestamp":"2016-12-19T17:32:34Z", "event":"ModuleSell", "Slot":"PlanetaryApproachSuite", "SellItem":"$int_planetapproachsuite_name;", "SellItem_Localised":"Planetary Approach Suite", "SellPrice":500, "Ship":"cobramkiii", "ShipID":2 }
{ "timestamp":"2016-12-19T17:32:47Z", "event":"ModuleBuy", "Slot":"PlanetaryApproachSuite", "BuyItem":"$int_planetapproachsuite_name;", "BuyItem_Localised":"Planetary Approach Suite", "BuyPrice":500, "Ship":"cobramkiii", "ShipID":2 }
{ "timestamp":"2016-12-19T17:33:04Z", "event":"RefuelAll", "Cost":103, "Amount":2.026340 }
