{ "timestamp":"2017-01-17T20:23:19Z", "event":"Fileheader", "part":1, "language":"English\\UK", "gameversion":"2.2", "build":"r131487/r0 " }
{ "timestamp":"2017-01-17T20:26:02Z", "event":"LoadGame", "Commander":"Coccolithophore", "Ship":"Asp", "ShipID":2, "GameMode":"Solo", "Credits":37823021, "Loan":0 }
{ "timestamp":"2017-01-17T20:26:02Z", "event":"Rank", "Combat":3, "Trade":2, "Explore":4, "Empire":0, "Federation":0, "CQC":0 }
{ "timestamp":"2017-01-17T20:26:02Z", "event":"Progress", "Combat":11, "Trade":85, "Explore":10, "Empire":0, "Federation":80, "CQC":0 }
{ "timestamp":"2017-01-17T20:26:27Z", "event":"Location", "Docked":false, "StarSystem":"Xinca", "StarPos":[123.906,-6.406,-48.938], "SystemAllegiance":"Independent", "SystemEconomy":"$economy_Agri;", "SystemEconomy_Localised":"Agriculture", "SystemGovernment":"$government_Dictatorship;", "SystemGovernment_Localised":"Dictatorship", "SystemSecurity":"$SYSTEM_SECURITY_high;", "SystemSecurity_Localised":"High Security", "Body":"Xinca", "BodyType":"Star", "SystemFaction":"League of Xinca", "FactionState":"Boom" }
{ "timestamp":"2017-01-17T20:27:40Z", "event":"FSDJump", "StarSystem":"Windri", "StarPos":[129.563,-0.188,-41.844], "SystemAllegiance":"Federation", "SystemEconomy":"$economy_Colony;", "SystemEconomy_Localised":"Colony", "SystemGovernment":"$government_Corporate;", "SystemGovernment_Localised":"Corporate", "SystemSecurity":"$SYSTEM_SECURITY_low;", "SystemSecurity_Localised":"Low Security", "JumpDist":10.999, "FuelUsed":0.353643, "FuelLevel":39.646358, "SystemFaction":"Windri & Co", "FactionState":"Expansion" }
{ "timestamp":"2017-01-17T20:31:22Z", "event":"ApproachSettlement", "Name":"Davis Laboratory" }
{ "timestamp":"2017-01-17T20:31:30Z", "event":"SupercruiseExit", "StarSystem":"Windri", "Body":"Windri 5", "BodyType":"Planet" }
{ "timestamp":"2017-01-17T20:31:45Z", "event":"DockingRequested", "StationName":"Davis Laboratory" }
{ "timestamp":"2017-01-17T20:31:45Z", "event":"ReceiveText", "From":"Davis Laboratory", "Message":"$DockingChatter_Neutral;", "Message_Localised":"Ensure to observe starport protocol during your visit, pilot.", "Channel":"npc" }
{ "timestamp":"2017-01-17T20:31:46Z", "event":"ReceiveText", "From":"Davis Laboratory", "Message":"$STATION_docking_granted;", "Message_Localised":"Docking request granted.", "Channel":"npc" }
{ "timestamp":"2017-01-17T20:31:46Z", "event":"DockingGranted", "LandingPad":8, "StationName":"Davis Laboratory" }
{ "timestamp":"2017-01-17T20:31:49Z", "event":"ReceiveText", "From":"Davis Laboratory", "Message":"$STATION_NoFireZone_entered;", "Message_Localised":"No fire zone entered.", "Channel":"npc" }
{ "timestamp":"2017-01-17T20:32:23Z", "event":"ReceiveText", "From":"$ShipName_Police_Federation;", "From_Localised":"Federal Security Service", "Message":"$Police_ThankYouPassedStopAndSearch03;", "Message_Localised":"All clear. Carry on, pilot.", "Channel":"npc" }
{ "timestamp":"2017-01-17T20:32:37Z", "event":"Docked", "StationName":"Davis Laboratory", "StarSystem":"Windri", "StationFaction":"Windri & Co", "FactionState":"Expansion", "StationGovernment":"$government_Corporate;", "StationGovernment_Localised":"Corporate", "StationAllegiance":"Federation", "StationEconomy":"$economy_Colony;", "StationEconomy_Localised":"Colony" }
{ "timestamp":"2017-01-17T20:33:16Z", "event":"MissionCompleted", "Faction":"HIP 39470 Republic Party", "Name":"Mission_Delivery_name", "MissionID":72393890, "Commodity":"$Polymers_Name;", "Commodity_Localised":"Polymers", "Count":2, "DestinationSystem":"HIP 36165", "DestinationStation":"Clebsch Survey", "Reward":153536 }
{ "timestamp":"2017-01-17T20:33:16Z", "event":"MaterialCollected", "Category":"Encoded", "Name":"disruptedwakeechoes", "Count":1 }
{ "timestamp":"2017-01-17T20:33:16Z", "event":"Promotion", "Combat":3 }
{ "timestamp":"2017-01-17T20:33:16Z", "event":"Promotion", "Trade":3 }
{ "timestamp":"2017-01-17T20:35:39Z", "event":"ReceiveText", "From":"$ShipName_Police_Federation;", "From_Localised":"Federal Security Service", "Message":"$Police_EndPatrol01;", "Message_Localised":"Shift's over guys, I'm heading back to base.", "Channel":"npc" }
{ "timestamp":"2017-01-17T20:38:31Z", "event":"RefuelAll", "Cost":55, "Amount":1.064818 }
{ "timestamp":"2017-01-17T20:38:34Z", "event":"ReceiveText", "From":"$ShipName_Police_Federation;", "From_Localised":"Federal Security Service", "Message":"$Police_StartPatrol02;", "Message_Localised":"Tower, this is Patrol. Launch completed.", "Channel":"npc" }
{ "timestamp":"2017-01-17T20:39:14Z", "event":"Undocked", "StationName":"Davis Laboratory" }
{ "timestamp":"2017-01-17T20:39:34Z", "event":"ReceiveText", "From":"Davis Laboratory", "Message":"$STATION_NoFireZone_exited;", "Message_Localised":"No fire zone left.", "Channel":"npc" }
{ "timestamp":"2017-01-17T20:39:45Z", "event":"SupercruiseEntry", "StarSystem":"Windri" }
{ "timestamp":"2017-01-17T20:41:18Z", "event":"FSDJump", "StarSystem":"Deciat", "StarPos":[122.625,-0.813,-47.281], "SystemAllegiance":"Federation", "SystemEconomy":"$economy_Industrial;", "SystemEconomy_Localised":"Industrial", "SystemGovernment":"$government_Democracy;", "SystemGovernment_Localised":"Democracy", "SystemSecurity":"$SYSTEM_SECURITY_medium;", "SystemSecurity_Localised":"Medium Security", "JumpDist":8.837, "FuelUsed":0.204338, "FuelLevel":39.795662, "SystemFaction":"Independent Deciat Green Party" }
{ "timestamp":"2017-01-17T20:45:28Z", "event":"SupercruiseExit", "StarSystem":"Deciat", "Body":"Deciat 6 a", "BodyType":"Planet" }
{ "timestamp":"2017-01-17T20:46:25Z", "event":"SupercruiseEntry", "StarSystem":"Deciat" }
{ "timestamp":"2017-01-17T20:46:56Z", "event":"SupercruiseExit", "StarSystem":"Deciat", "Body":"Deciat 6 a", "BodyType":"Planet" }
{ "timestamp":"2017-01-17T20:48:12Z", "event":"DockingRequested", "StationName":"Farseer Inc" }
{ "timestamp":"2017-01-17T20:48:12Z", "event":"ReceiveText", "From":"Farseer Inc", "Message":"$DockingChatter_Cordial;", "Message_Localised":"Welcome back, Commander.", "Channel":"npc" }
{ "timestamp":"2017-01-17T20:48:14Z", "event":"ReceiveText", "From":"Farseer Inc", "Message":"$STATION_docking_granted;", "Message_Localised":"Docking request granted.", "Channel":"npc" }
{ "timestamp":"2017-01-17T20:48:14Z", "event":"DockingGranted", "LandingPad":4, "StationName":"Farseer Inc" }
{ "timestamp":"2017-01-17T20:48:22Z", "event":"ReceiveText", "From":"Farseer Inc", "Message":"$STATION_NoFireZone_entered;", "Message_Localised":"No fire zone entered.", "Channel":"npc" }
{ "timestamp":"2017-01-17T20:49:04Z", "event":"Docked", "StationName":"Farseer Inc", "StarSystem":"Deciat", "StationFaction":"Felicity Farseer", "StationGovernment":"$government_Engineer;", "StationGovernment_Localised":"Workshop", "StationAllegiance":"Federation", "StationEconomy":"$economy_Colony;", "StationEconomy_Localised":"Colony" }
{ "timestamp":"2017-01-17T20:50:37Z", "event":"EngineerCraft", "Engineer":"Felicity Farseer", "Blueprint":"FSD_LongRange", "Level":2, "Ingredients":{"disruptedwakeechoes":1, "chemicalprocessors":1 } }
{ "timestamp":"2017-01-17T20:50:59Z", "event":"EngineerApply", "Engineer":"Felicity Farseer", "Blueprint":"FSD_LongRange", "Level":2 }
{ "timestamp":"2017-01-17T20:51:29Z", "event":"EngineerCraft", "Engineer":"Felicity Farseer", "Blueprint":"Engine_Tuned", "Level":1, "Ingredients":{"sulphur":1 } }
{ "timestamp":"2017-01-17T20:51:56Z", "event":"EngineerCraft", "Engineer":"Felicity Farseer", "Blueprint":"Engine_Tuned", "Level":1, "Ingredients":{"sulphur":1 } }
{ "timestamp":"2017-01-17T20:52:05Z", "event":"EngineerCraft", "Engineer":"Felicity Farseer", "Blueprint":"Engine_Tuned", "Level":1, "Ingredients":{"sulphur":1 } }
{ "timestamp":"2017-01-17T20:52:16Z", "event":"EngineerCraft", "Engineer":"Felicity Farseer", "Blueprint":"Engine_Tuned", "Level":1, "Ingredients":{"sulphur":1 } }
{ "timestamp":"2017-01-17T20:52:19Z", "event":"EngineerCraft", "Engineer":"Felicity Farseer", "Blueprint":"Engine_Tuned", "Level":1, "Ingredients":{"sulphur":1 } }
{ "timestamp":"2017-01-17T20:52:26Z", "event":"EngineerApply", "Engineer":"Felicity Farseer", "Blueprint":"Engine_Tuned", "Level":1 }
{ "timestamp":"2017-01-17T20:52:58Z", "event":"EngineerCraft", "Engineer":"Felicity Farseer", "Blueprint":"PowerPlant_Boosted", "Level":1, "Ingredients":{"sulphur":1 } }
{ "timestamp":"2017-01-17T20:53:03Z", "event":"EngineerCraft", "Engineer":"Felicity Farseer", "Blueprint":"PowerPlant_Boosted", "Level":1, "Ingredients":{"sulphur":1 } }
{ "timestamp":"2017-01-17T20:53:10Z", "event":"EngineerCraft", "Engineer":"Felicity Farseer", "Blueprint":"PowerPlant_Boosted", "Level":1, "Ingredients":{"sulphur":1 } }
{ "timestamp":"2017-01-17T20:53:20Z", "event":"EngineerApply", "Engineer":"Felicity Farseer", "Blueprint":"PowerPlant_Boosted", "Level":1 }
{ "timestamp":"2017-01-17T20:53:20Z", "event":"ShieldState", "ShieldsUp":false }
{ "timestamp":"2017-01-17T20:53:23Z", "event":"ShieldState", "ShieldsUp":true }
{ "timestamp":"2017-01-17T20:54:00Z", "event":"EngineerCraft", "Engineer":"Felicity Farseer", "Blueprint":"FSD_LongRange", "Level":2, "Ingredients":{"disruptedwakeechoes":1, "chemicalprocessors":1 } }
{ "timestamp":"2017-01-17T20:54:21Z", "event":"EngineerApply", "Engineer":"Felicity Farseer", "Blueprint":"FSD_LongRange", "Level":2 }
{ "timestamp":"2017-01-17T20:58:05Z", "event":"RefuelAll", "Cost":22, "Amount":0.410885 }
{ "timestamp":"2017-01-17T20:58:05Z", "event":"RepairAll", "Cost":425 }
{ "timestamp":"2017-01-17T21:04:44Z", "event":"Undocked", "StationName":"Farseer Inc" }
{ "timestamp":"2017-01-17T21:05:01Z", "event":"ReceiveText", "From":"Farseer Inc", "Message":"$STATION_NoFireZone_exited;", "Message_Localised":"No fire zone left.", "Channel":"npc" }
{ "timestamp":"2017-01-17T21:05:18Z", "event":"SupercruiseEntry", "StarSystem":"Deciat" }
{ "timestamp":"2017-01-17T21:07:01Z", "event":"USSDrop", "USSType":"$USS_Type_Aftermath;", "USSType_Localised":"Combat aftermath detected", "USSThreat":0 }
{ "timestamp":"2017-01-17T21:07:02Z", "event":"SupercruiseExit", "StarSystem":"Deciat", "Body":"Deciat 6", "BodyType":"Planet" }
{ "timestamp":"2017-01-17T21:07:38Z", "event":"MaterialDiscovered", "Category":"Manufactured", "Name":"chemicaldistillery", "DiscoveryNumber":9 }
{ "timestamp":"2017-01-17T21:07:38Z", "event":"MaterialCollected", "Category":"Manufactured", "Name":"chemicaldistillery", "Count":3 }
{ "timestamp":"2017-01-17T21:08:05Z", "event":"MaterialCollected", "Category":"Manufactured", "Name":"chemicalprocessors", "Count":3 }
{ "timestamp":"2017-01-17T21:09:25Z", "event":"MaterialDiscovered", "Category":"Manufactured", "Name":"conductivecomponents", "DiscoveryNumber":10 }
{ "timestamp":"2017-01-17T21:09:25Z", "event":"MaterialCollected", "Category":"Manufactured", "Name":"conductivecomponents", "Count":3 }
{ "timestamp":"2017-01-17T21:09:42Z", "event":"MaterialCollected", "Category":"Manufactured", "Name":"conductivecomponents", "Count":3 }
{ "timestamp":"2017-01-17T21:10:11Z", "event":"MaterialDiscovered", "Category":"Manufactured", "Name":"conductiveceramics", "DiscoveryNumber":11 }
{ "timestamp":"2017-01-17T21:10:11Z", "event":"MaterialCollected", "Category":"Manufactured", "Name":"conductiveceramics", "Count":3 }
{ "timestamp":"2017-01-17T21:10:39Z", "event":"MaterialCollected", "Category":"Manufactured", "Name":"mechanicalequipment", "Count":3 }
{ "timestamp":"2017-01-17T21:10:57Z", "event":"MaterialDiscovered", "Category":"Manufactured", "Name":"heatexchangers", "DiscoveryNumber":12 }
{ "timestamp":"2017-01-17T21:10:57Z", "event":"MaterialCollected", "Category":"Manufactured", "Name":"heatexchangers", "Count":3 }
{ "timestamp":"2017-01-17T21:11:22Z", "event":"MaterialDiscovered", "Category":"Manufactured", "Name":"heatconductionwiring", "DiscoveryNumber":13 }
{ "timestamp":"2017-01-17T21:11:22Z", "event":"MaterialCollected", "Category":"Manufactured", "Name":"heatconductionwiring", "Count":3 }
{ "timestamp":"2017-01-17T21:11:52Z", "event":"MaterialCollected", "Category":"Manufactured", "Name":"heatexchangers", "Count":3 }
{ "timestamp":"2017-01-17T21:12:18Z", "event":"MaterialDiscovered", "Category":"Manufactured", "Name":"heatdispersionplate", "DiscoveryNumber":14 }
{ "timestamp":"2017-01-17T21:12:18Z", "event":"MaterialCollected", "Category":"Manufactured", "Name":"heatdispersionplate", "Count":3 }
{ "timestamp":"2017-01-17T21:12:51Z", "event":"SupercruiseEntry", "StarSystem":"Deciat" }
{ "timestamp":"2017-01-17T21:14:19Z", "event":"MaterialDiscovered", "Category":"Encoded", "Name":"encodedscandata", "DiscoveryNumber":14 }
{ "timestamp":"2017-01-17T21:14:19Z", "event":"MaterialCollected", "Category":"Encoded", "Name":"encodedscandata", "Count":3 }
{ "timestamp":"2017-01-17T21:19:02Z", "event":"SupercruiseExit", "StarSystem":"Deciat", "Body":"Garay Terminal", "BodyType":"Station" }
{ "timestamp":"2017-01-17T21:19:28Z", "event":"ReceiveText", "From":"Garay Terminal", "Message":"$STATION_NoFireZone_entered;", "Message_Localised":"No fire zone entered.", "Channel":"npc" }
{ "timestamp":"2017-01-17T21:19:30Z", "event":"DockingRequested", "StationName":"Garay Terminal" }
{ "timestamp":"2017-01-17T21:19:30Z", "event":"ReceiveText", "From":"Garay Terminal", "Message":"$DockingChatter_Neutral;", "Message_Localised":"Ensure to observe starport protocol during your visit, pilot.", "Channel":"npc" }
{ "timestamp":"2017-01-17T21:19:31Z", "event":"ReceiveText", "From":"Garay Terminal", "Message":"$STATION_docking_granted;", "Message_Localised":"Docking request granted.", "Channel":"npc" }
{ "timestamp":"2017-01-17T21:19:31Z", "event":"DockingGranted", "LandingPad":26, "StationName":"Garay Terminal" }
{ "timestamp":"2017-01-17T21:20:09Z", "event":"Docked", "StationName":"Garay Terminal", "StationType":"Coriolis", "StarSystem":"Deciat", "StationFaction":"Independent Deciat Green Party", "StationGovernment":"$government_Democracy;", "StationGovernment_Localised":"Democracy", "StationAllegiance":"Federation", "StationEconomy":"$economy_Industrial;", "StationEconomy_Localised":"Industrial" }
{ "timestamp":"2017-01-17T21:20:24Z", "event":"RefuelAll", "Cost":16, "Amount":0.319127 }
{ "timestamp":"2017-01-17T21:22:42Z", "event":"Undocked", "StationName":"Garay Terminal", "StationType":"Coriolis" }
{ "timestamp":"2017-01-17T21:23:06Z", "event":"ReceiveText", "From":"Garay Terminal", "Message":"$STATION_NoFireZone_exited;", "Message_Localised":"No fire zone left.", "Channel":"npc" }
{ "timestamp":"2017-01-17T21:23:30Z", "event":"MaterialDiscovered", "Category":"Encoded", "Name":"hyperspacetrajectories", "DiscoveryNumber":15 }
{ "timestamp":"2017-01-17T21:23:30Z", "event":"MaterialCollected", "Category":"Encoded", "Name":"hyperspacetrajectories", "Count":3 }
{ "timestamp":"2017-01-17T21:23:54Z", "event":"MaterialCollected", "Category":"Encoded", "Name":"disruptedwakeechoes", "Count":3 }
{ "timestamp":"2017-01-17T21:23:54Z", "event":"MaterialCollected", "Category":"Encoded", "Name":"hyperspacetrajectories", "Count":3 }
{ "timestamp":"2017-01-17T21:24:32Z", "event":"MaterialCollected", "Category":"Encoded", "Name":"hyperspacetrajectories", "Count":3 }
{ "timestamp":"2017-01-17T21:25:16Z", "event":"SupercruiseEntry", "StarSystem":"Deciat" }
{ "timestamp":"2017-01-17T21:30:40Z", "event":"SupercruiseExit", "StarSystem":"Deciat", "Body":"Deciat 6 a", "BodyType":"Planet" }
{ "timestamp":"2017-01-17T21:31:12Z", "event":"DockingRequested", "StationName":"Farseer Inc" }
{ "timestamp":"2017-01-17T21:31:12Z", "event":"ReceiveText", "From":"Farseer Inc", "Message":"$DockingChatter_Cordial;", "Message_Localised":"Welcome back, Commander.", "Channel":"npc" }
{ "timestamp":"2017-01-17T21:31:13Z", "event":"ReceiveText", "From":"Farseer Inc", "Message":"$STATION_docking_granted;", "Message_Localised":"Docking request granted.", "Channel":"npc" }
{ "timestamp":"2017-01-17T21:31:13Z", "event":"DockingGranted", "LandingPad":4, "StationName":"Farseer Inc" }
{ "timestamp":"2017-01-17T21:31:17Z", "event":"ReceiveText", "From":"Farseer Inc", "Message":"$STATION_NoFireZone_entered;", "Message_Localised":"No fire zone entered.", "Channel":"npc" }
{ "timestamp":"2017-01-17T21:31:37Z", "event":"ReceiveText", "From":"Farseer Inc", "Message":"$STATION_NoFireZone_exited;", "Message_Localised":"No fire zone left.", "Channel":"npc" }
{ "timestamp":"2017-01-17T21:31:47Z", "event":"ReceiveText", "From":"Farseer Inc", "Message":"$STATION_NoFireZone_entered;", "Message_Localised":"No fire zone entered.", "Channel":"npc" }
{ "timestamp":"2017-01-17T21:32:20Z", "event":"Docked", "StationName":"Farseer Inc", "StarSystem":"Deciat", "StationFaction":"Felicity Farseer", "StationGovernment":"$government_Engineer;", "StationGovernment_Localised":"Workshop", "StationAllegiance":"Federation", "StationEconomy":"$economy_Colony;", "StationEconomy_Localised":"Colony" }
{ "timestamp":"2017-01-17T21:32:45Z", "event":"EngineerCraft", "Engineer":"Felicity Farseer", "Blueprint":"FSD_LongRange", "Level":4, "Ingredients":{"manganese":1, "chemicaldistillery":1, "hyperspacetrajectories":1 } }
{ "timestamp":"2017-01-17T21:33:09Z", "event":"EngineerApply", "Engineer":"Felicity Farseer", "Blueprint":"FSD_LongRange", "Level":4 }
{ "timestamp":"2017-01-17T21:33:44Z", "event":"EngineerCraft", "Engineer":"Felicity Farseer", "Blueprint":"FSD_LongRange", "Level":4, "Ingredients":{"manganese":1, "chemicaldistillery":1, "hyperspacetrajectories":1 } }
{ "timestamp":"2017-01-17T21:34:08Z", "event":"EngineerCraft", "Engineer":"Felicity Farseer", "Blueprint":"FSD_LongRange", "Level":4, "Ingredients":{"manganese":1, "chemicaldistillery":1, "hyperspacetrajectories":1 } }
{ "timestamp":"2017-01-17T21:34:08Z", "event":"EngineerProgress", "Engineer":"Felicity Farseer", "Rank":5 }
{ "timestamp":"2017-01-17T21:35:57Z", "event":"EngineerCraft", "Engineer":"Felicity Farseer", "Blueprint":"Engine_Tuned", "Level":3, "Ingredients":{"legacyfirmware":1, "conductivecomponents":1, "emissiondata":1 } }
{ "timestamp":"2017-01-17T21:36:19Z", "event":"EngineerApply", "Engineer":"Felicity Farseer", "Blueprint":"Engine_Tuned", "Level":3 }
{ "timestamp":"2017-01-17T21:39:09Z", "event":"EngineerCraft", "Engineer":"Felicity Farseer", "Blueprint":"Engine_Tuned", "Level":3, "Ingredients":{"legacyfirmware":1, "conductivecomponents":1, "emissiondata":1 } }
{ "timestamp":"2017-01-17T21:39:28Z", "event":"EngineerApply", "Engineer":"Felicity Farseer", "Blueprint":"Engine_Tuned", "Level":3 }
