{ "timestamp":"2017-01-25T20:41:19Z", "event":"Fileheader", "part":1, "language":"English\\UK", "gameversion":"2.2", "build":"r131487/r0 " }
{ "timestamp":"2017-01-25T20:43:04Z", "event":"LoadGame", "Commander":"Blantyre", "Ship":"Python", "ShipID":16, "GameMode":"Solo", "Credits":15727160, "Loan":0 }
{ "timestamp":"2017-01-25T20:43:04Z", "event":"Rank", "Combat":4, "Trade":5, "Explore":4, "Empire":2, "Federation":7, "CQC":0 }
{ "timestamp":"2017-01-25T20:43:04Z", "event":"Progress", "Combat":33, "Trade":93, "Explore":38, "Empire":18, "Federation":11, "CQC":0 }
{ "timestamp":"2017-01-25T20:43:07Z", "event":"ApproachSettlement", "Name":"Naddoddur Observatory" }
{ "timestamp":"2017-01-25T20:43:40Z", "event":"Location", "Docked":true, "StationName":"Naddoddur Observatory", "StationType":"", "StarSystem":"Huiche", "StarPos":[-50.688,-18.594,-57.625], "SystemAllegiance":"Federation", "SystemEconomy":"$economy_Industrial;", "SystemEconomy_Localised":"Industrial", "SystemGovernment":"$government_Corporate;", "SystemGovernment_Localised":"Corporate", "SystemSecurity":"$SYSTEM_SECURITY_medium;", "SystemSecurity_Localised":"Medium Security", "Body":"Huiche 1 b", "BodyType":"Planet", "SystemFaction":"Huiche Incorporated" }
{ "timestamp":"2017-01-25T20:43:40Z", "event":"Docked", "StationName":"Naddoddur Observatory", "StarSystem":"Huiche", "StationFaction":"Huiche Future", "FactionState":"Boom", "StationGovernment":"$government_Democracy;", "StationGovernment_Localised":"Democracy", "StationEconomy":"$economy_Colony;", "StationEconomy_Localised":"Colony" }
{ "timestamp":"2017-01-25T20:45:08Z", "event":"MissionAccepted", "Faction":"BD+55 570 Democrats", "Name":"Mission_Delivery_Boom", "Commodity":"$Biowaste_Name;", "Commodity_Localised":"Biowaste", "Count":81, "DestinationSystem":"Aymiay", "DestinationStation":"Lloydport", "Expiry":"2017-01-26T20:44:31Z", "MissionID":78149872 }
{ "timestamp":"2017-01-25T20:45:14Z", "event":"MissionAccepted", "Faction":"Huiche Future", "Name":"Mission_Delivery_Boom", "Commodity":"$Biowaste_Name;", "Commodity_Localised":"Biowaste", "Count":2, "DestinationSystem":"Aymiay", "DestinationStation":"Fort Diamond", "Expiry":"2017-01-26T20:44:31Z", "MissionID":78149936 }
{ "timestamp":"2017-01-25T20:47:53Z", "event":"ReceiveText", "From":"$ShipName_Police_Independent;", "From_Localised":"System Authority Vessel", "Message":"$Police_EndPatrol02;", "Message_Localised":"Requesting docking clearance, Control.", "Channel":"npc" }
{ "timestamp":"2017-01-25T20:49:38Z", "event":"Undocked", "StationName":"Naddoddur Observatory" }
{ "timestamp":"2017-01-25T20:50:06Z", "event":"ReceiveText", "From":"Naddoddur Observatory", "Message":"$STATION_NoFireZone_exited;", "Message_Localised":"No fire zone left.", "Channel":"npc" }
{ "timestamp":"2017-01-25T20:51:31Z", "event":"ReceiveText", "From":"$ShipName_Police_Independent;", "From_Localised":"System Authority Vessel", "Message":"$Police_StartPatrol04;", "Message_Localised":"I'm away, heading to patrol route alpha now.", "Channel":"npc" }
{ "timestamp":"2017-01-25T20:52:55Z", "event":"SupercruiseEntry", "StarSystem":"Huiche" }
{ "timestamp":"2017-01-25T20:54:33Z", "event":"FSDJump", "StarSystem":"Aymiay", "StarPos":[-53.500,-28.813,-63.094], "SystemAllegiance":"Federation", "SystemEconomy":"$economy_Agri;", "SystemEconomy_Localised":"Agriculture", "SystemGovernment":"$government_Democracy;", "SystemGovernment_Localised":"Democracy", "SystemSecurity":"$SYSTEM_SECURITY_medium;", "SystemSecurity_Localised":"Medium Security", "JumpDist":11.926, "FuelUsed":1.248806, "FuelLevel":30.123146, "SystemFaction":"Aymiay Values Party" }
{ "timestamp":"2017-01-25T20:56:45Z", "event":"SupercruiseExit", "StarSystem":"Aymiay", "Body":"Lloydport", "BodyType":"Station" }
{ "timestamp":"2017-01-25T20:56:47Z", "event":"ReceiveText", "From":"Lloydport", "Message":"$STATION_NoFireZone_entered;", "Message_Localised":"No fire zone entered.", "Channel":"npc" }
{ "timestamp":"2017-01-25T20:57:11Z", "event":"DockingRequested", "StationName":"Lloydport" }
{ "timestamp":"2017-01-25T20:57:11Z", "event":"ReceiveText", "From":"Lloydport", "Message":"$DockingChatter_Neutral;", "Message_Localised":"Ensure to observe starport protocol during your visit, pilot.", "Channel":"npc" }
{ "timestamp":"2017-01-25T20:57:12Z", "event":"ReceiveText", "From":"Lloydport", "Message":"$STATION_docking_granted;", "Message_Localised":"Docking request granted.", "Channel":"npc" }
{ "timestamp":"2017-01-25T20:57:12Z", "event":"DockingGranted", "LandingPad":5, "StationName":"Lloydport" }
{ "timestamp":"2017-01-25T20:57:54Z", "event":"ReceiveText", "From":"$ShipName_Police_Federation;", "From_Localised":"Federal Security Service", "Message":"$Police_ThankYouPassedStopAndSearch04;", "Message_Localised":"No crimes detected. You're free to go, Commander.", "Channel":"npc" }
{ "timestamp":"2017-01-25T20:58:13Z", "event":"Docked", "StationName":"Lloydport", "StationType":"Orbis", "StarSystem":"Aymiay", "StationFaction":"Aymiay Values Party", "StationGovernment":"$government_Democracy;", "StationGovernment_Localised":"Democracy", "StationAllegiance":"Federation", "StationEconomy":"$economy_Agri;", "StationEconomy_Localised":"Agriculture" }
{ "timestamp":"2017-01-25T20:58:41Z", "event":"MissionCompleted", "Faction":"United Aymiay First", "Name":"Mission_Delivery_Boom_name", "MissionID":78149872, "Commodity":"$Biowaste_Name;", "Commodity_Localised":"Biowaste", "Count":81, "DestinationSystem":"Aymiay", "DestinationStation":"Lloydport", "Reward":205861 }
{ "timestamp":"2017-01-25T20:59:10Z", "event":"BuyExplorationData", "System":"Njunmin", "Cost":885 }
{ "timestamp":"2017-01-25T21:00:13Z", "event":"Undocked", "StationName":"Lloydport", "StationType":"Orbis" }
{ "timestamp":"2017-01-25T21:01:43Z", "event":"ReceiveText", "From":"Lloydport", "Message":"$STATION_NoFireZone_exited;", "Message_Localised":"No fire zone left.", "Channel":"npc" }
{ "timestamp":"2017-01-25T21:02:33Z", "event":"FSDJump", "StarSystem":"Njunmin", "StarPos":[-55.688,-23.906,-51.844], "SystemAllegiance":"Independent", "SystemEconomy":"$economy_Refinery;", "SystemEconomy_Localised":"Refinery", "SystemGovernment":"$government_Dictatorship;", "SystemGovernment_Localised":"Dictatorship", "SystemSecurity":"$SYSTEM_SECURITY_low;", "SystemSecurity_Localised":"Low Security", "JumpDist":12.467, "FuelUsed":1.060220, "FuelLevel":29.062925, "SystemFaction":"Njunmin Movement", "FactionState":"Retreat" }
{ "timestamp":"2017-01-25T21:02:51Z", "event":"FuelScoop", "Scooped":0.071577, "Total":29.134502 }
{ "timestamp":"2017-01-25T21:08:11Z", "event":"ApproachSettlement", "Name":"Daimler Enterprise" }
{ "timestamp":"2017-01-25T21:08:14Z", "event":"SupercruiseExit", "StarSystem":"Njunmin", "Body":"Njunmin B 2", "BodyType":"Planet" }
{ "timestamp":"2017-01-25T21:08:46Z", "event":"DockingRequested", "StationName":"Daimler Enterprise" }
{ "timestamp":"2017-01-25T21:08:46Z", "event":"ReceiveText", "From":"Daimler Enterprise", "Message":"$DockingChatter_Neutral;", "Message_Localised":"Ensure to observe starport protocol during your visit, pilot.", "Channel":"npc" }
{ "timestamp":"2017-01-25T21:08:48Z", "event":"ReceiveText", "From":"Daimler Enterprise", "Message":"$STATION_docking_granted;", "Message_Localised":"Docking request granted.", "Channel":"npc" }
{ "timestamp":"2017-01-25T21:08:48Z", "event":"DockingGranted", "LandingPad":8, "StationName":"Daimler Enterprise" }
{ "timestamp":"2017-01-25T21:08:57Z", "event":"ReceiveText", "From":"Daimler Enterprise", "Message":"$STATION_NoFireZone_entered;", "Message_Localised":"No fire zone entered.", "Channel":"npc" }
{ "timestamp":"2017-01-25T21:09:35Z", "event":"ReceiveText", "From":"$ShipName_Police_Independent;", "From_Localised":"System Authority Vessel", "Message":"$Police_ThankYouPassedStopAndSearch06;", "Message_Localised":"We're done here pilot, move along.", "Channel":"npc" }
{ "timestamp":"2017-01-25T21:10:05Z", "event":"Docked", "StationName":"Daimler Enterprise", "StarSystem":"Njunmin", "StationFaction":"Njunmin Movement", "FactionState":"Retreat", "StationGovernment":"$government_Dictatorship;", "StationGovernment_Localised":"Dictatorship", "StationEconomy":"$economy_Refinery;", "StationEconomy_Localised":"Refinery" }
{ "timestamp":"2017-01-25T21:10:09Z", "event":"ReceiveText", "From":"$ShipName_Police_Independent;", "From_Localised":"System Authority Vessel", "Message":"$Police_EndPatrol03;", "Message_Localised":"Tower, this is Patrol. I'm inbound for landing.", "Channel":"npc" }
{ "timestamp":"2017-01-25T21:10:27Z", "event":"MissionCompleted", "Faction":"Njunmin Movement", "Name":"Mission_Delivery_Boom_name", "MissionID":78149936, "Commodity":"$Biowaste_Name;", "Commodity_Localised":"Biowaste", "Count":2, "DestinationSystem":"Aymiay", "DestinationStation":"Fort Diamond", "Reward":147694, "CommodityReward":[ { "Name": "Nanobreakers", "Count": 4 } ] }
{ "timestamp":"2017-01-25T21:13:29Z", "event":"ReceiveText", "From":"$ShipName_Police_Independent;", "From_Localised":"System Authority Vessel", "Message":"$Police_StartPatrol03;", "Message_Localised":"Receiving five by five, I'm in the air now, joining patrol.", "Channel":"npc" }
{ "timestamp":"2017-01-25T21:13:50Z", "event":"Screenshot", "Filename":"\\ED_Pictures\\HighResScreenShot_2017-01-25_21-13-50.bmp", "Width":7680, "Height":4320, "System":"Njunmin", "Body":"Njunmin B 2" }
{ "timestamp":"2017-01-25T21:18:04Z", "event":"ReceiveText", "From":"$npc_name_decorate:#name=Jonathan Lauridsen;", "From_Localised":"Jonathan Lauridsen", "Message":"$Commuter_AuthorityScan03;", "Message_Localised":"Will this take long? I’ve got a schedule to keep. ", "Channel":"npc" }
{ "timestamp":"2017-01-25T21:18:30Z", "event":"ReceiveText", "From":"$ShipName_Police_Independent;", "From_Localised":"System Authority Vessel", "Message":"$Police_EndPatrol01;", "Message_Localised":"Shift's over guys, I'm heading back to base.", "Channel":"npc" }
{ "timestamp":"2017-01-25T21:19:40Z", "event":"ReceiveText", "From":"$npc_name_decorate:#name=Kearin de Vos;", "From_Localised":"Kearin de Vos", "Message":"$Commuter_AuthorityScan10;", "Message_Localised":"You'll get no trouble from me, officer.", "Channel":"npc" }
{ "timestamp":"2017-01-25T21:20:33Z", "event":"ModuleSell", "Slot":"Slot07_Size3", "SellItem":"$int_dronecontrol_collection_size3_class5_name;", "SellItem_Localised":"Collector", "SellPrice":86400, "Ship":"python", "ShipID":16 }
{ "timestamp":"2017-01-25T21:21:12Z", "event":"EjectCargo", "Type":"drones", "Count":10, "Abandoned":false }
{ "timestamp":"2017-01-25T21:21:26Z", "event":"MarketSell", "Type":"nanobreakers", "Count":4, "SellPrice":627, "TotalSale":2508, "AvgPricePaid":0 }
{ "timestamp":"2017-01-25T21:21:48Z", "event":"ReceiveText", "From":"$ShipName_Police_Independent;", "From_Localised":"System Authority Vessel", "Message":"$Police_StartPatrol05;", "Message_Localised":"I'm heading out, Control. Hearing that rattle again, I'll see if I can lock it down.", "Channel":"npc" }
{ "timestamp":"2017-01-25T21:22:01Z", "event":"Undocked", "StationName":"Daimler Enterprise" }
{ "timestamp":"2017-01-25T21:22:35Z", "event":"ReceiveText", "From":"Daimler Enterprise", "Message":"$STATION_NoFireZone_exited;", "Message_Localised":"No fire zone left.", "Channel":"npc" }
{ "timestamp":"2017-01-25T21:22:45Z", "event":"SupercruiseEntry", "StarSystem":"Njunmin" }
{ "timestamp":"2017-01-25T21:24:15Z", "event":"FSDJump", "StarSystem":"V374 Andromedae", "StarPos":[-39.000,-15.938,-41.313], "SystemAllegiance":"Federation", "SystemEconomy":"$economy_Industrial;", "SystemEconomy_Localised":"Industrial", "SystemGovernment":"$government_Corporate;", "SystemGovernment_Localised":"Corporate", "SystemSecurity":"$SYSTEM_SECURITY_medium;", "SystemSecurity_Localised":"Medium Security", "JumpDist":21.281, "FuelUsed":3.647393, "FuelLevel":25.487110, "SystemFaction":"V374 Andromedae Netcoms Corp." }
{ "timestamp":"2017-01-25T21:24:51Z", "event":"FuelScoop", "Scooped":6.512890, "Total":32.000000 }
{ "timestamp":"2017-01-25T21:25:16Z", "event":"FSDJump", "StarSystem":"LFT 265", "StarPos":[-29.031,0.375,-35.969], "SystemAllegiance":"", "SystemEconomy":"$economy_None;", "SystemEconomy_Localised":"None", "SystemGovernment":"$government_None;", "SystemGovernment_Localised":"None", "SystemSecurity":"$SYSTEM_SECURITY_low;", "SystemSecurity_Localised":"Low Security", "JumpDist":19.850, "FuelUsed":3.107387, "FuelLevel":28.892612 }
{ "timestamp":"2017-01-25T21:25:43Z", "event":"FuelScoop", "Scooped":2.567642, "Total":31.460255 }
{ "timestamp":"2017-01-25T21:26:15Z", "event":"FSDJump", "StarSystem":"LHS 221", "StarPos":[-13.250,14.250,-28.719], "SystemAllegiance":"Federation", "SystemEconomy":"$economy_Industrial;", "SystemEconomy_Localised":"Industrial", "SystemGovernment":"$government_Corporate;", "SystemGovernment_Localised":"Corporate", "SystemSecurity":"$SYSTEM_SECURITY_high;", "SystemSecurity_Localised":"High Security", "JumpDist":22.229, "FuelUsed":4.092374, "FuelLevel":27.367880, "SystemFaction":"LHS 221 Vision Systems", "FactionState":"Boom" }
{ "timestamp":"2017-01-25T21:26:44Z", "event":"FuelScoop", "Scooped":3.147551, "Total":30.515430 }
{ "timestamp":"2017-01-25T21:27:10Z", "event":"FSDJump", "StarSystem":"11 Leonis Minoris", "StarPos":[3.781,27.719,-24.344], "SystemAllegiance":"", "SystemEconomy":"$economy_None;", "SystemEconomy_Localised":"None", "SystemGovernment":"$government_None;", "SystemGovernment_Localised":"None", "SystemSecurity":"$SYSTEM_SECURITY_low;", "SystemSecurity_Localised":"Low Security", "JumpDist":22.150, "FuelUsed":4.043108, "FuelLevel":26.472322 }
{ "timestamp":"2017-01-25T21:27:43Z", "event":"FuelScoop", "Scooped":4.865044, "Total":31.337366 }
{ "timestamp":"2017-01-25T21:28:14Z", "event":"FSDJump", "StarSystem":"Al Mina", "StarPos":[14.438,43.781,-13.250], "SystemAllegiance":"Federation", "SystemEconomy":"$economy_Agri;", "SystemEconomy_Localised":"Agriculture", "SystemGovernment":"$government_Corporate;", "SystemGovernment_Localised":"Corporate", "SystemSecurity":"$SYSTEM_SECURITY_high;", "SystemSecurity_Localised":"High Security", "JumpDist":22.240, "FuelUsed":4.094667, "FuelLevel":27.242699, "SystemFaction":"Al Mina Crimson Life Network", "FactionState":"Boom" }
{ "timestamp":"2017-01-25T21:28:39Z", "event":"FuelScoop", "Scooped":2.255194, "Total":29.497892 }
{ "timestamp":"2017-01-25T21:29:14Z", "event":"FSDJump", "StarSystem":"Sharru Sector IH-V b2-3", "StarPos":[30.344,58.656,-14.063], "SystemAllegiance":"", "SystemEconomy":"$economy_None;", "SystemEconomy_Localised":"None", "SystemGovernment":"$government_None;", "SystemGovernment_Localised":"None", "SystemSecurity":"$SYSTEM_SECURITY_low;", "SystemSecurity_Localised":"Low Security", "JumpDist":21.793, "FuelUsed":3.871203, "FuelLevel":24.796690 }
{ "timestamp":"2017-01-25T21:29:39Z", "event":"FuelScoop", "Scooped":1.756899, "Total":26.553589 }
{ "timestamp":"2017-01-25T21:30:12Z", "event":"FSDJump", "StarSystem":"Wolf 397", "StarPos":[40.000,79.219,-10.406], "SystemAllegiance":"Alliance", "SystemEconomy":"$economy_Colony;", "SystemEconomy_Localised":"Colony", "SystemGovernment":"$government_Democracy;", "SystemGovernment_Localised":"Democracy", "SystemSecurity":"$SYSTEM_SECURITY_medium;", "SystemSecurity_Localised":"Medium Security", "JumpDist":23.009, "FuelUsed":4.375266, "FuelLevel":22.178324, "SystemFaction":"Wolf 397 Independents" }
{ "timestamp":"2017-01-25T21:32:43Z", "event":"SupercruiseExit", "StarSystem":"Wolf 397", "Body":"Trus Madi", "BodyType":"Planet" }
{ "timestamp":"2017-01-25T21:33:11Z", "event":"DockingRequested", "StationName":"Trophy Camp" }
{ "timestamp":"2017-01-25T21:33:11Z", "event":"ReceiveText", "From":"Trophy Camp", "Message":"$DockingChatter_Neutral;", "Message_Localised":"Ensure to observe starport protocol during your visit, pilot.", "Channel":"npc" }
{ "timestamp":"2017-01-25T21:33:12Z", "event":"ReceiveText", "From":"Trophy Camp", "Message":"$STATION_docking_granted;", "Message_Localised":"Docking request granted.", "Channel":"npc" }
{ "timestamp":"2017-01-25T21:33:12Z", "event":"DockingGranted", "LandingPad":4, "StationName":"Trophy Camp" }
{ "timestamp":"2017-01-25T21:33:23Z", "event":"ReceiveText", "From":"Trophy Camp", "Message":"$STATION_NoFireZone_entered;", "Message_Localised":"No fire zone entered.", "Channel":"npc" }
{ "timestamp":"2017-01-25T21:33:40Z", "event":"ReceiveText", "From":"Trophy Camp", "Message":"$STATION_NoFireZone_exited;", "Message_Localised":"No fire zone left.", "Channel":"npc" }
{ "timestamp":"2017-01-25T21:33:51Z", "event":"ReceiveText", "From":"Trophy Camp", "Message":"$STATION_NoFireZone_entered;", "Message_Localised":"No fire zone entered.", "Channel":"npc" }
{ "timestamp":"2017-01-25T21:34:21Z", "event":"Docked", "StationName":"Trophy Camp", "StarSystem":"Wolf 397", "StationFaction":"Tod 'The Blaster' McQuinn", "StationGovernment":"$government_Engineer;", "StationGovernment_Localised":"Workshop", "StationAllegiance":"Alliance", "StationEconomy":"$economy_Colony;", "StationEconomy_Localised":"Colony" }
{ "timestamp":"2017-01-25T21:35:35Z", "event":"EngineerCraft", "Engineer":"Tod 'The Blaster' McQuinn", "Blueprint":"Weapon_Sturdy", "Level":2, "Ingredients":{"nickel":1, "shieldemitters":1 } }
{ "timestamp":"2017-01-25T21:35:47Z", "event":"EngineerCraft", "Engineer":"Tod 'The Blaster' McQuinn", "Blueprint":"Weapon_Sturdy", "Level":2, "Ingredients":{"nickel":1, "shieldemitters":1 } }
{ "timestamp":"2017-01-25T21:35:58Z", "event":"EngineerCraft", "Engineer":"Tod 'The Blaster' McQuinn", "Blueprint":"Weapon_Sturdy", "Level":2, "Ingredients":{"nickel":1, "shieldemitters":1 } }
{ "timestamp":"2017-01-25T21:35:59Z", "event":"EngineerProgress", "Engineer":"Tod 'The Blaster' McQuinn", "Rank":3 }
{ "timestamp":"2017-01-25T21:37:56Z", "event":"EngineerCraft", "Engineer":"Tod 'The Blaster' McQuinn", "Blueprint":"Weapon_Overcharged", "Level":2, "Ingredients":{"nickel":1, "conductivecomponents":1 } }
{ "timestamp":"2017-01-25T21:38:12Z", "event":"EngineerApply", "Engineer":"Tod 'The Blaster' McQuinn", "Blueprint":"Weapon_Overcharged", "Level":2 }
{ "timestamp":"2017-01-25T21:38:34Z", "event":"EngineerCraft", "Engineer":"Tod 'The Blaster' McQuinn", "Blueprint":"Weapon_Efficient", "Level":3, "Ingredients":{"scrambledemissiondata":1, "chromium":1, "heatexchangers":1 } }
{ "timestamp":"2017-01-25T21:38:37Z", "event":"EngineerProgress", "Engineer":"Selene Jean", "Progress":"Invited" }
{ "timestamp":"2017-01-25T21:39:21Z", "event":"EngineerApply", "Engineer":"Tod 'The Blaster' McQuinn", "Blueprint":"Weapon_Efficient", "Level":3 }
{ "timestamp":"2017-01-25T21:40:15Z", "event":"EngineerCraft", "Engineer":"Tod 'The Blaster' McQuinn", "Blueprint":"Weapon_Efficient", "Level":3, "Ingredients":{"scrambledemissiondata":1, "chromium":1, "heatexchangers":1 } }
{ "timestamp":"2017-01-25T21:41:12Z", "event":"EngineerProgress", "Engineer":"Tod 'The Blaster' McQuinn", "Rank":4 }
{ "timestamp":"2017-01-25T21:41:13Z", "event":"EngineerCraft", "Engineer":"Tod 'The Blaster' McQuinn", "Blueprint":"Weapon_LightWeight", "Level":3, "Ingredients":{"salvagedalloys":1, "manganese":1, "conductiveceramics":1 } }
{ "timestamp":"2017-01-25T21:43:51Z", "event":"Undocked", "StationName":"Trophy Camp" }
{ "timestamp":"2017-01-25T21:44:10Z", "event":"ReceiveText", "From":"Trophy Camp", "Message":"$STATION_NoFireZone_exited;", "Message_Localised":"No fire zone left.", "Channel":"npc" }
{ "timestamp":"2017-01-25T21:44:15Z", "event":"SupercruiseEntry", "StarSystem":"Wolf 397" }
{ "timestamp":"2017-01-25T21:46:22Z", "event":"MaterialCollected", "Category":"Encoded", "Name":"shielddensityreports", "Count":3 }
{ "timestamp":"2017-01-25T21:46:22Z", "event":"MaterialCollected", "Category":"Encoded", "Name":"shieldsoakanalysis", "Count":3 }
{ "timestamp":"2017-01-25T21:48:02Z", "event":"SupercruiseExit", "StarSystem":"Wolf 397", "Body":"Wolf 397", "BodyType":"Star" }
{ "timestamp":"2017-01-25T21:48:37Z", "event":"ReceiveText", "From":"$npc_name_decorate:#name=Alliance Enforcer;", "From_Localised":"Alliance Enforcer", "Message":"$Generic_NoAttackGeneric04;", "Message_Localised":"Damn! You're useless to me! They said this sector was rich pickings, what gives?", "Channel":"npc" }
{ "timestamp":"2017-01-25T21:48:39Z", "event":"ReceiveText", "From":"$npc_name_decorate:#name=Faenwulf Warden;", "From_Localised":"Faenwulf Warden", "Message":"$BountyHunter_ThankYouPassedStopAndSearch04;", "Message_Localised":"Sorry, mistaken identity. I thought you were someone else.", "Channel":"npc" }
{ "timestamp":"2017-01-25T21:48:48Z", "event":"MaterialCollected", "Category":"Encoded", "Name":"shieldsoakanalysis", "Count":3 }
{ "timestamp":"2017-01-25T21:48:58Z", "event":"ReceiveText", "From":"$npc_name_decorate:#name=Alliance Enforcer;", "From_Localised":"Alliance Enforcer", "Message":"$Generic_NoAttackGeneric04;", "Message_Localised":"Damn! You're useless to me! They said this sector was rich pickings, what gives?", "Channel":"npc" }
{ "timestamp":"2017-01-25T21:49:25Z", "event":"ReceiveText", "From":"$npc_name_decorate:#name=Alliance Enforcer;", "From_Localised":"Alliance Enforcer", "Message":"$Generic_NoAttackGeneric04;", "Message_Localised":"Damn! You're useless to me! They said this sector was rich pickings, what gives?", "Channel":"npc" }
{ "timestamp":"2017-01-25T21:51:22Z", "event":"Bounty", "Rewards":[ { "Faction":"Empire", "Reward":6007 }, { "Faction":"Wolf 397 Independents", "Reward":13207 } ], "Target":"type7", "TotalReward":19214, "VictimFaction":"Wolf 397 Dominion" }
{ "timestamp":"2017-01-25T21:51:24Z", "event":"ReceiveText", "From":"$npc_name_decorate:#name=Commander Jase Howse;", "From_Localised":"Commander Jase Howse", "Message":"$Pirate_OnStartScanCargo07;", "Message_Localised":"Do you have anything of value?", "Channel":"npc" }
{ "timestamp":"2017-01-25T21:51:34Z", "event":"ReceiveText", "From":"$npc_name_decorate:#name=Commander Jase Howse;", "From_Localised":"Commander Jase Howse", "Message":"$Pirate_OnNoCargoFound03;", "Message_Localised":"No cargo? Useless dreg.", "Channel":"npc" }
{ "timestamp":"2017-01-25T21:51:52Z", "event":"MaterialCollected", "Category":"Manufactured", "Name":"heatdispersionplate", "Count":3 }
{ "timestamp":"2017-01-25T21:52:12Z", "event":"ReceiveText", "From":"$npc_name_decorate:#name=Faenwulf Warden;", "From_Localised":"Faenwulf Warden", "Message":"$MisfortuneCriticalDamage10;", "Message_Localised":"Don't scratch the paint - it cost me a fortune!", "Channel":"npc" }
{ "timestamp":"2017-01-25T21:52:38Z", "event":"MaterialCollected", "Category":"Manufactured", "Name":"conductivecomponents", "Count":3 }
{ "timestamp":"2017-01-25T21:53:20Z", "event":"MaterialCollected", "Category":"Manufactured", "Name":"conductivepolymers", "Count":3 }
{ "timestamp":"2017-01-25T21:53:38Z", "event":"ReceiveText", "From":"$npc_name_decorate:#name=Commander Jase Howse;", "From_Localised":"Commander Jase Howse", "Message":"$BadKarmaCriticalDamage09;", "Message_Localised":"I can see when I'm outmatched.", "Channel":"npc" }
{ "timestamp":"2017-01-25T21:53:56Z", "event":"ReceiveText", "From":"$npc_name_decorate:#name=Dancer;", "From_Localised":"Dancer", "Message":"$Pirate_OnStartScanCargo03;", "Message_Localised":"What are you hauling?", "Channel":"npc" }
{ "timestamp":"2017-01-25T21:54:06Z", "event":"ReceiveText", "From":"$npc_name_decorate:#name=Dancer;", "From_Localised":"Dancer", "Message":"$Pirate_OnNoCargoFound11;", "Message_Localised":"Another empty cargo hold. My children will go hungry tonight.", "Channel":"npc" }
{ "timestamp":"2017-01-25T21:54:25Z", "event":"ReceiveText", "From":"$ShipName_Police_Alliance;", "From_Localised":"Allied Police Forces", "Message":"$Police_ThankYouPassedStopAndSearch06;", "Message_Localised":"We're done here pilot, move along.", "Channel":"npc" }
{ "timestamp":"2017-01-25T21:54:29Z", "event":"ReceiveText", "From":"$npc_name_decorate:#name=Dancer;", "From_Localised":"Dancer", "Message":"$Pirate_OnDeclarePiracyAttack03;", "Message_Localised":"Now you die, victim.", "Channel":"npc" }
{ "timestamp":"2017-01-25T21:56:05Z", "event":"Bounty", "Rewards":[ { "Faction":"Wolf 397 Independents", "Reward":400 }, { "Faction":"89 Leonis Republic Party", "Reward":32880 }, { "Faction":"Alliance", "Reward":99660 } ], "Target":"vulture", "TotalReward":132940, "VictimFaction":"Wolf 397 Independents" }
{ "timestamp":"2017-01-25T21:57:09Z", "event":"ReceiveText", "From":"$npc_name_decorate:#name=Ting Li;", "From_Localised":"Ting Li", "Message":"$BadKarmaCriticalDamage01;", "Message_Localised":"How is this happening?!", "Channel":"npc" }
{ "timestamp":"2017-01-25T21:57:16Z", "event":"Bounty", "Rewards":[ { "Faction":"Wolf 397 Independents", "Reward":48499 } ], "Target":"vulture", "TotalReward":48499, "VictimFaction":"Cartel of Wolf 397" }
{ "timestamp":"2017-01-25T21:57:55Z", "event":"SupercruiseEntry", "StarSystem":"Wolf 397" }
