{ "timestamp":"2016-09-22T19:25:36Z", "event":"Fileheader", "part":1, "language":"English\\UK", "gameversion":"2.2 (Beta 3)", "build":"r121970/r0 " }
{ "timestamp":"2016-09-22T19:33:57Z", "event":"LoadGame", "Commander":"Blantyre", "Ship":"Federation_Gunship", "ShipID":12, "GameMode":"Solo", "Credits":76627538, "Loan":0 }
{ "timestamp":"2016-09-22T19:33:57Z", "event":"Rank", "Combat":4, "Trade":5, "Explore":4, "Empire":2, "Federation":6, "CQC":0 }
{ "timestamp":"2016-09-22T19:33:57Z", "event":"Progress", "Combat":8, "Trade":84, "Explore":14, "Empire":14, "Federation":95, "CQC":0 }
{ "timestamp":"2016-09-22T19:34:25Z", "event":"Location", "StarSystem":"Clarus", "StarPos":[-22.031,2.938,-89.469], "Allegiance":"Federation", "Economy":"$economy_Industrial;", "Economy_Localised":"Industrial", "Government":"$government_Democracy;", "Government_Localised":"Democracy", "Security":"$SYSTEM_SECURITY_high;", "Security_Localised":"High Security", "Faction":"Clarus Future" }
{ "timestamp":"2016-09-22T19:44:15Z", "event":"SupercruiseEntry", "StarSystem":"Clarus" }
{ "timestamp":"2016-09-22T19:45:31Z", "event":"USSDrop", "USSType":"$USS_Type_ValuableSalvage;", "USSType_Localised":"Encoded emissions detected", "USSThreat":0 }
{ "timestamp":"2016-09-22T19:45:33Z", "event":"SupercruiseExit", "StarSystem":"Clarus", "Body":"Clarus A" }
{ "timestamp":"2016-09-22T19:46:03Z", "event":"MaterialCollected", "Category":"Encoded", "Name":"decodedemissiondata" }
{ "timestamp":"2016-09-22T19:46:49Z", "event":"SupercruiseEntry", "StarSystem":"Clarus" }
{ "timestamp":"2016-09-22T20:23:07Z", "event":"LoadGame", "Commander":"Blantyre", "Ship":"Federation_Gunship", "ShipID":12, "GameMode":"Solo", "Credits":76627538, "Loan":0 }
{ "timestamp":"2016-09-22T20:23:07Z", "event":"Rank", "Combat":4, "Trade":5, "Explore":4, "Empire":2, "Federation":6, "CQC":0 }
{ "timestamp":"2016-09-22T20:23:07Z", "event":"Progress", "Combat":8, "Trade":84, "Explore":14, "Empire":14, "Federation":95, "CQC":0 }
{ "timestamp":"2016-09-22T20:23:28Z", "event":"Location", "StarSystem":"Clarus", "StarPos":[-22.031,2.938,-89.469], "Allegiance":"Federation", "Economy":"$economy_Industrial;", "Economy_Localised":"Industrial", "Government":"$government_Democracy;", "Government_Localised":"Democracy", "Security":"$SYSTEM_SECURITY_high;", "Security_Localised":"High Security", "Faction":"Clarus Future" }
{ "timestamp":"2016-09-22T20:24:41Z", "event":"SupercruiseEntry", "StarSystem":"Clarus" }
{ "timestamp":"2016-09-22T20:28:40Z", "event":"FSDJump", "StarSystem":"Tascheter Sector YZ-Y b6", "StarPos":[-18.656,5.813,-93.406], "Allegiance":"", "Economy":"$economy_None;", "Economy_Localised":"None", "Government":"$government_None;", "Government_Localised":"None", "Security":"$SYSTEM_SECURITY_low;", "Security_Localised":"Low Security", "JumpDist":5.930, "FuelUsed":0.657477, "FuelLevel":14.522523 }
{ "timestamp":"2016-09-22T20:29:38Z", "event":"FSDJump", "StarSystem":"Clarus", "StarPos":[-22.031,2.938,-89.469], "Allegiance":"Federation", "Economy":"$economy_Industrial;", "Economy_Localised":"Industrial", "Government":"$government_Democracy;", "Government_Localised":"Democracy", "Security":"$SYSTEM_SECURITY_high;", "Security_Localised":"High Security", "JumpDist":5.930, "FuelUsed":0.656310, "FuelLevel":13.866213, "Faction":"Clarus Future" }
{ "timestamp":"2016-09-22T20:31:42Z", "event":"SupercruiseExit", "StarSystem":"Clarus", "Body":"MacLean Gateway" }
{ "timestamp":"2016-09-22T20:32:01Z", "event":"DockingRequested", "StationName":"MacLean Gateway" }
{ "timestamp":"2016-09-22T20:32:03Z", "event":"DockingGranted", "LandingPad":18, "StationName":"MacLean Gateway" }
{ "timestamp":"2016-09-22T20:33:14Z", "event":"Docked", "StationName":"MacLean Gateway", "StationType":"Coriolis", "StarSystem":"Clarus", "Faction":"Clarus Future", "Allegiance":"Federation", "Economy":"$economy_Industrial;", "Economy_Localised":"Industrial", "Government":"$government_Democracy;", "Government_Localised":"Democracy", "Security":"$SYSTEM_SECURITY_high;", "Security_Localised":"High Security" }
{ "timestamp":"2016-09-22T20:34:12Z", "event":"ShipyardBuy", "ShipType":"asp", "ShipPrice":566198, "SellOldShip":"Federation_Gunship", "SellShipID":12, "SellPrice":7965313 }
{ "timestamp":"2016-09-22T20:34:13Z", "event":"ShipyardNew", "ShipType":"asp", "NewShipID":12 }
{ "timestamp":"2016-09-22T20:34:24Z", "event":"Docked", "StationName":"MacLean Gateway", "StationType":"Coriolis", "StarSystem":"Clarus", "Faction":"Clarus Future", "Allegiance":"Federation", "Economy":"$economy_Industrial;", "Economy_Localised":"Industrial", "Government":"$government_Democracy;", "Government_Localised":"Democracy", "Security":"$SYSTEM_SECURITY_high;", "Security_Localised":"High Security" }
{ "timestamp":"2016-09-22T20:35:20Z", "event":"ModuleBuy", "Slot":"PowerPlant", "SellItem":"$int_powerplant_size5_class1_name;", "SellItem_Localised":"Power Plant", "SellPrice":5355, "BuyItem":"$int_powerplant_size5_class5_name;", "BuyItem_Localised":"Power Plant", "BuyPrice":433836, "Ship":"asp", "ShipID":12 }
{ "timestamp":"2016-09-22T20:35:21Z", "event":"ShieldState", "ShieldsUp":false }
{ "timestamp":"2016-09-22T20:35:25Z", "event":"ShieldState", "ShieldsUp":true }
{ "timestamp":"2016-09-22T20:35:27Z", "event":"ModuleBuy", "Slot":"MainEngines", "SellItem":"$int_engine_size5_class1_name;", "SellItem_Localised":"Thrusters", "SellPrice":5355, "BuyItem":"$int_engine_size5_class5_name;", "BuyItem_Localised":"Thrusters", "BuyPrice":433836, "Ship":"asp", "ShipID":12 }
{ "timestamp":"2016-09-22T20:35:35Z", "event":"ModuleBuy", "Slot":"FrameShiftDrive", "SellItem":"$int_hyperdrive_size5_class1_name;", "SellItem_Localised":"FSD", "SellPrice":5355, "BuyItem":"$int_hyperdrive_size5_class5_name;", "BuyItem_Localised":"FSD", "BuyPrice":433836, "Ship":"asp", "ShipID":12 }
{ "timestamp":"2016-09-22T20:36:02Z", "event":"ModuleBuy", "Slot":"PowerDistributor", "SellItem":"$int_powerdistributor_size4_class1_name;", "SellItem_Localised":"Power Distributor", "SellPrice":964, "BuyItem":"$int_powerdistributor_size4_class4_name;", "BuyItem_Localised":"Power Distributor", "BuyPrice":15074, "Ship":"asp", "ShipID":12 }
{ "timestamp":"2016-09-22T20:36:12Z", "event":"ModuleBuy", "Slot":"Radar", "SellItem":"$int_sensors_size5_class1_name;", "SellItem_Localised":"Sensors", "SellPrice":2701, "BuyItem":"$int_sensors_size5_class2_name;", "BuyItem_Localised":"Sensors", "BuyPrice":6753, "Ship":"asp", "ShipID":12 }
{ "timestamp":"2016-09-22T20:38:32Z", "event":"ModuleSell", "Slot":"Slot02_Size5", "SellItem":"$int_shieldgenerator_size5_class1_name;", "SellItem_Localised":"Shield Generator", "SellPrice":5355, "Ship":"asp", "ShipID":12 }
{ "timestamp":"2016-09-22T20:39:03Z", "event":"ModuleBuy", "Slot":"Slot01_Size6", "SellItem":"$int_cargorack_size5_class1_name;", "SellItem_Localised":"Cargo Rack", "SellPrice":9483, "BuyItem":"$int_shieldgenerator_size6_class5_name;", "BuyItem_Localised":"Shield Generator", "BuyPrice":1375261, "Ship":"asp", "ShipID":12 }
{ "timestamp":"2016-09-22T20:39:16Z", "event":"ModuleBuy", "Slot":"Slot02_Size5", "BuyItem":"$int_fuelscoop_size5_class3_name;", "BuyItem_Localised":"Fuel Scoop", "BuyPrice":48205, "Ship":"asp", "ShipID":12 }
{ "timestamp":"2016-09-22T20:39:39Z", "event":"ModuleBuy", "Slot":"Slot03_Size3", "SellItem":"$int_cargorack_size2_class1_name;", "SellItem_Localised":"Cargo Rack", "SellPrice":276, "BuyItem":"$int_cargorack_size3_class1_name;", "BuyItem_Localised":"Cargo Rack", "BuyPrice":898, "Ship":"asp", "ShipID":12 }
{ "timestamp":"2016-09-22T20:39:55Z", "event":"ModuleBuy", "Slot":"Slot04_Size3", "BuyItem":"$int_cargorack_size3_class1_name;", "BuyItem_Localised":"Cargo Rack", "BuyPrice":898, "Ship":"asp", "ShipID":12 }
{ "timestamp":"2016-09-22T20:40:04Z", "event":"ModuleBuy", "Slot":"Slot05_Size3", "BuyItem":"$int_cargorack_size3_class1_name;", "BuyItem_Localised":"Cargo Rack", "BuyPrice":898, "Ship":"asp", "ShipID":12 }
{ "timestamp":"2016-09-22T20:40:18Z", "event":"ModuleBuy", "Slot":"Slot07_Size2", "SellItem":"$int_stellarbodydiscoveryscanner_standard_name;", "SellItem_Localised":"D - Scanner", "SellPrice":85, "BuyItem":"$int_stellarbodydiscoveryscanner_advanced_name;", "BuyItem_Localised":"D - Scanner", "BuyPrice":131325, "Ship":"asp", "ShipID":12 }
{ "timestamp":"2016-09-22T20:40:32Z", "event":"ModuleBuy", "Slot":"Slot06_Size2", "SellItem":"$int_cargorack_size1_class1_name;", "SellItem_Localised":"Cargo Rack", "SellPrice":85, "BuyItem":"$int_cargorack_size2_class1_name;", "BuyItem_Localised":"Cargo Rack", "BuyPrice":276, "Ship":"asp", "ShipID":12 }
{ "timestamp":"2016-09-22T20:41:27Z", "event":"ModuleBuy", "Slot":"MediumHardpoint2", "BuyItem":"$hpt_multicannon_gimbal_medium_name;", "BuyItem_Localised":"Multi-Cannon", "BuyPrice":4845, "Ship":"asp", "ShipID":12 }
{ "timestamp":"2016-09-22T20:41:41Z", "event":"ModuleBuy", "Slot":"MediumHardpoint1", "BuyItem":"$hpt_multicannon_gimbal_medium_name;", "BuyItem_Localised":"Multi-Cannon", "BuyPrice":4845, "Ship":"asp", "ShipID":12 }
{ "timestamp":"2016-09-22T20:42:02Z", "event":"ModuleBuy", "Slot":"SmallHardpoint2", "SellItem":"$hpt_pulselaser_fixed_small_name;", "SellItem_Localised":"Pulse Laser", "SellPrice":187, "BuyItem":"$hpt_pulselaser_gimbal_small_name;", "BuyItem_Localised":"Pulse Laser", "BuyPrice":561, "Ship":"asp", "ShipID":12 }
{ "timestamp":"2016-09-22T20:42:43Z", "event":"ModuleBuy", "Slot":"SmallHardpoint1", "SellItem":"$hpt_pulselaser_fixed_small_name;", "SellItem_Localised":"Pulse Laser", "SellPrice":187, "BuyItem":"$hpt_pulselaser_gimbal_small_name;", "BuyItem_Localised":"Pulse Laser", "BuyPrice":561, "Ship":"asp", "ShipID":12 }
{ "timestamp":"2016-09-22T20:42:58Z", "event":"ModuleBuy", "Slot":"SmallHardpoint3", "BuyItem":"$hpt_beamlaser_turret_small_name;", "BuyItem_Localised":"Beam Laser", "BuyPrice":42500, "Ship":"asp", "ShipID":12 }
{ "timestamp":"2016-09-22T20:43:06Z", "event":"ModuleBuy", "Slot":"SmallHardpoint4", "BuyItem":"$hpt_beamlaser_turret_small_name;", "BuyItem_Localised":"Beam Laser", "BuyPrice":42500, "Ship":"asp", "ShipID":12 }
{ "timestamp":"2016-09-22T20:43:28Z", "event":"ModuleBuy", "Slot":"TinyHardpoint1", "BuyItem":"$hpt_heatsinklauncher_turret_tiny_name;", "BuyItem_Localised":"Heat Sink", "BuyPrice":298, "Ship":"asp", "ShipID":12 }
{ "timestamp":"2016-09-22T20:43:40Z", "event":"ModuleBuy", "Slot":"TinyHardpoint2", "BuyItem":"$hpt_shieldbooster_size0_class5_name;", "BuyItem_Localised":"Shield Booster", "BuyPrice":23885, "Ship":"asp", "ShipID":12 }
{ "timestamp":"2016-09-22T20:43:53Z", "event":"ModuleBuy", "Slot":"TinyHardpoint3", "BuyItem":"$hpt_shieldbooster_size0_class5_name;", "BuyItem_Localised":"Shield Booster", "BuyPrice":23885, "Ship":"asp", "ShipID":12 }
{ "timestamp":"2016-09-22T20:44:31Z", "event":"ModuleBuy", "Slot":"PaintJob", "BuyItem":"$paintjob_asp_blackfriday_01_name;", "BuyItem_Localised":"Black Friday", "BuyPrice":0, "Ship":"asp", "ShipID":12 }
{ "timestamp":"2016-09-22T20:55:51Z", "event":"Undocked", "StationName":"MacLean Gateway", "StationType":"Coriolis" }
{ "timestamp":"2016-09-22T20:57:50Z", "event":"FSDJump", "StarSystem":"Wakawal", "StarPos":[0.969,-2.563,-77.375], "Allegiance":"Federation", "Economy":"$economy_Agri;", "Economy_Localised":"Agriculture", "Government":"$government_Democracy;", "Government_Localised":"Democracy", "Security":"$SYSTEM_SECURITY_high;", "Security_Localised":"High Security", "JumpDist":26.561, "FuelUsed":4.963026, "FuelLevel":27.036974, "Faction":"Movement for Wakawal Free", "FactionState":"Boom" }
{ "timestamp":"2016-09-22T20:58:21Z", "event":"FuelScoop", "Scooped":3.428753, "Total":30.465727 }
{ "timestamp":"2016-09-22T20:58:54Z", "event":"FSDJump", "StarSystem":"Wolf 289", "StarPos":[24.750,7.063,-77.375], "Allegiance":"Federation", "Economy":"$economy_Colony;", "Economy_Localised":"Colony", "Government":"$government_Corporate;", "Government_Localised":"Corporate", "Security":"$SYSTEM_SECURITY_low;", "Security_Localised":"Low Security", "JumpDist":25.655, "FuelUsed":4.518017, "FuelLevel":25.947710, "Faction":"Wolf 289 Gold Federal Industry", "FactionState":"Boom" }
{ "timestamp":"2016-09-22T20:59:19Z", "event":"FuelScoop", "Scooped":0.754894, "Total":26.702604 }
{ "timestamp":"2016-09-22T21:00:29Z", "event":"FSDJump", "StarSystem":"BD+03 1552", "StarPos":[45.156,8.344,-72.250], "Allegiance":"Federation", "Economy":"$economy_Industrial;", "Economy_Localised":"Industrial", "Government":"$government_Corporate;", "Government_Localised":"Corporate", "Security":"$SYSTEM_SECURITY_medium;", "Security_Localised":"Medium Security", "JumpDist":21.079, "FuelUsed":2.738351, "FuelLevel":23.964252, "Faction":"BD+03 1552 Gold Public Co", "FactionState":"Boom" }
{ "timestamp":"2016-09-22T21:00:55Z", "event":"FuelScoop", "Scooped":1.705410, "Total":25.669662 }
{ "timestamp":"2016-09-22T21:01:55Z", "event":"FSDJump", "StarSystem":"LTT 2745", "StarPos":[64.469,-0.625,-66.688], "Allegiance":"", "Economy":"$economy_None;", "Economy_Localised":"None", "Government":"$government_None;", "Government_Localised":"None", "Security":"$SYSTEM_SECURITY_low;", "Security_Localised":"Low Security", "JumpDist":22.008, "FuelUsed":3.026682, "FuelLevel":22.642981 }
{ "timestamp":"2016-09-22T21:02:21Z", "event":"FuelScoop", "Scooped":1.446445, "Total":24.089426 }
{ "timestamp":"2016-09-22T21:03:01Z", "event":"FSDJump", "StarSystem":"LP 782-16", "StarPos":[82.781,-3.313,-58.719], "Allegiance":"", "Economy":"$economy_None;", "Economy_Localised":"None", "Government":"$government_None;", "Government_Localised":"None", "Security":"$SYSTEM_SECURITY_low;", "Security_Localised":"Low Security", "JumpDist":20.151, "FuelUsed":2.418194, "FuelLevel":21.671232 }
{ "timestamp":"2016-09-22T21:03:12Z", "event":"SupercruiseExit", "StarSystem":"LP 782-16", "Body":"LP 782-16" }
{ "timestamp":"2016-09-22T21:04:20Z", "event":"SupercruiseEntry", "StarSystem":"LP 782-16" }
{ "timestamp":"2016-09-22T21:04:39Z", "event":"FuelScoop", "Scooped":0.049425, "Total":22.915228 }
{ "timestamp":"2016-09-22T21:05:42Z", "event":"FSDJump", "StarSystem":"Col 285 Sector EG-C b14-3", "StarPos":[103.375,-2.063,-53.156], "Allegiance":"", "Economy":"$economy_None;", "Economy_Localised":"None", "Government":"$government_None;", "Government_Localised":"None", "Security":"$SYSTEM_SECURITY_low;", "Security_Localised":"Low Security", "JumpDist":21.368, "FuelUsed":2.774154, "FuelLevel":20.141073 }
{ "timestamp":"2016-09-22T21:06:04Z", "event":"FuelScoop", "Scooped":0.751333, "Total":20.892406 }
{ "timestamp":"2016-09-22T21:06:57Z", "event":"FSDJump", "StarSystem":"Deciat", "StarPos":[122.625,-0.813,-47.281], "Allegiance":"Federation", "Economy":"$economy_Industrial;", "Economy_Localised":"Industrial", "Government":"$government_Democracy;", "Government_Localised":"Democracy", "Security":"$SYSTEM_SECURITY_medium;", "Security_Localised":"Medium Security", "JumpDist":20.165, "FuelUsed":2.380693, "FuelLevel":18.511713, "Faction":"Independent Deciat Green Party" }
{ "timestamp":"2016-09-22T21:07:14Z", "event":"FuelScoop", "Scooped":0.012293, "Total":18.524006 }
{ "timestamp":"2016-09-22T21:10:27Z", "event":"SupercruiseExit", "StarSystem":"Deciat", "Body":"Deciat 6 a" }
