{ "timestamp":"2016-12-21T18:34:12Z", "event":"Fileheader", "part":1, "language":"English\\UK", "gameversion":"2.2", "build":"r126898/r0 " }
{ "timestamp":"2016-12-21T18:34:51Z", "event":"LoadGame", "Commander":"Coccolithophore", "Ship":"Asp", "ShipID":2, "GameMode":"Solo", "Credits":4560786, "Loan":0 }
{ "timestamp":"2016-12-21T18:34:51Z", "event":"Rank", "Combat":2, "Trade":2, "Explore":2, "Empire":0, "Federation":0, "CQC":0 }
{ "timestamp":"2016-12-21T18:34:51Z", "event":"Progress", "Combat":44, "Trade":83, "Explore":67, "Empire":0, "Federation":56, "CQC":0 }
{ "timestamp":"2016-12-21T18:35:19Z", "event":"Location", "Docked":true, "StationName":"Paradiso Outpost", "StationType":"Orbis", "StarSystem":"17 Draconis", "StarPos":[-305.750,272.219,49.500], "SystemAllegiance":"Federation", "SystemEconomy":"$economy_Military;", "SystemEconomy_Localised":"Military", "SystemGovernment":"$government_Confederacy;", "SystemGovernment_Localised":"Confederacy", "SystemSecurity":"$SYSTEM_SECURITY_medium;", "SystemSecurity_Localised":"Medium Security", "Body":"Paradiso Outpost", "BodyType":"Station", "SystemFaction":"New 17 Draconis Alliance" }
{ "timestamp":"2016-12-21T18:35:20Z", "event":"Docked", "StationName":"Paradiso Outpost", "StationType":"Orbis", "StarSystem":"17 Draconis", "StationFaction":"New 17 Draconis Alliance", "StationGovernment":"$government_Confederacy;", "StationGovernment_Localised":"Confederacy", "StationAllegiance":"Federation", "StationEconomy":"$economy_Service;", "StationEconomy_Localised":"Service" }
{ "timestamp":"2016-12-21T18:35:58Z", "event":"MissionAccepted", "Faction":"The Order", "Name":"Mission_Massacre_Conflict_War", "DestinationSystem":"17 Draconis", "DestinationStation":"Paradiso Outpost", "Expiry":"2016-12-22T15:16:32Z", "MissionID":61352028 }
{ "timestamp":"2016-12-21T18:36:00Z", "event":"MissionAccepted", "Faction":"The Order", "Name":"Mission_Massacre_Conflict_War", "DestinationSystem":"17 Draconis", "DestinationStation":"Paradiso Outpost", "Expiry":"2016-12-22T15:02:53Z", "MissionID":61352037 }
{ "timestamp":"2016-12-21T18:36:03Z", "event":"MissionAccepted", "Faction":"The Order", "Name":"Mission_Massacre_Conflict_War", "DestinationSystem":"17 Draconis", "DestinationStation":"Paradiso Outpost", "Expiry":"2016-12-22T15:49:29Z", "MissionID":61352053 }
{ "timestamp":"2016-12-21T18:36:38Z", "event":"LoadGame", "Commander":"Coccolithophore", "Ship":"Asp", "ShipID":2, "GameMode":"Group", "Group":"Coccolithophore", "Credits":4560786, "Loan":0 }
{ "timestamp":"2016-12-21T18:36:38Z", "event":"Rank", "Combat":2, "Trade":2, "Explore":2, "Empire":0, "Federation":0, "CQC":0 }
{ "timestamp":"2016-12-21T18:36:38Z", "event":"Progress", "Combat":44, "Trade":83, "Explore":67, "Empire":0, "Federation":56, "CQC":0 }
{ "timestamp":"2016-12-21T18:36:57Z", "event":"Location", "Docked":true, "StationName":"Paradiso Outpost", "StationType":"Orbis", "StarSystem":"17 Draconis", "StarPos":[-305.750,272.219,49.500], "SystemAllegiance":"Federation", "SystemEconomy":"$economy_Military;", "SystemEconomy_Localised":"Military", "SystemGovernment":"$government_Confederacy;", "SystemGovernment_Localised":"Confederacy", "SystemSecurity":"$SYSTEM_SECURITY_medium;", "SystemSecurity_Localised":"Medium Security", "Body":"Paradiso Outpost", "BodyType":"Station", "SystemFaction":"New 17 Draconis Alliance" }
{ "timestamp":"2016-12-21T18:36:58Z", "event":"Docked", "StationName":"Paradiso Outpost", "StationType":"Orbis", "StarSystem":"17 Draconis", "StationFaction":"New 17 Draconis Alliance", "StationGovernment":"$government_Confederacy;", "StationGovernment_Localised":"Confederacy", "StationAllegiance":"Federation", "StationEconomy":"$economy_Service;", "StationEconomy_Localised":"Service" }
{ "timestamp":"2016-12-21T18:38:08Z", "event":"MissionAccepted", "Faction":"The Order", "Name":"Mission_Massacre_Conflict_War", "DestinationSystem":"17 Draconis", "DestinationStation":"Paradiso Outpost", "Expiry":"2016-12-22T15:58:05Z", "MissionID":61352736 }
{ "timestamp":"2016-12-21T18:38:10Z", "event":"MissionAccepted", "Faction":"The Order", "Name":"Mission_Massacre_Conflict_War", "DestinationSystem":"17 Draconis", "DestinationStation":"Paradiso Outpost", "Expiry":"2016-12-22T15:30:20Z", "MissionID":61352747 }
{ "timestamp":"2016-12-21T18:38:11Z", "event":"MissionAccepted", "Faction":"The Order", "Name":"Mission_Massacre_Conflict_War", "DestinationSystem":"17 Draconis", "DestinationStation":"Paradiso Outpost", "Expiry":"2016-12-22T14:44:39Z", "MissionID":61352754 }
{ "timestamp":"2016-12-21T18:38:13Z", "event":"MissionAccepted", "Faction":"The Order", "Name":"Mission_Massacre_Conflict_War", "DestinationSystem":"17 Draconis", "DestinationStation":"Paradiso Outpost", "Expiry":"2016-12-22T14:56:04Z", "MissionID":61352763 }
{ "timestamp":"2016-12-21T18:38:15Z", "event":"MissionAccepted", "Faction":"The Order", "Name":"Mission_Massacre_Conflict_War", "DestinationSystem":"17 Draconis", "DestinationStation":"Paradiso Outpost", "Expiry":"2016-12-22T15:02:05Z", "MissionID":61352771 }
{ "timestamp":"2016-12-21T18:38:17Z", "event":"MissionAccepted", "Faction":"The Order", "Name":"Mission_Massacre_Conflict_War", "DestinationSystem":"17 Draconis", "DestinationStation":"Paradiso Outpost", "Expiry":"2016-12-22T15:19:01Z", "MissionID":61352785 }
{ "timestamp":"2016-12-21T18:38:35Z", "event":"RefuelAll", "Cost":331, "Amount":6.597988 }
{ "timestamp":"2016-12-21T18:39:51Z", "event":"ReceiveText", "From":"$npc_name_decorate:#name=Sharkan;", "From_Localised":"Sharkan", "Message":"$Commuter_AuthorityScan10;", "Message_Localised":"You'll get no trouble from me, officer.", "Channel":"npc" }
{ "timestamp":"2016-12-21T18:45:23Z", "event":"LoadGame", "Commander":"Coccolithophore", "Ship":"Asp", "ShipID":2, "GameMode":"Solo", "Credits":4560455, "Loan":0 }
{ "timestamp":"2016-12-21T18:45:23Z", "event":"Rank", "Combat":2, "Trade":2, "Explore":2, "Empire":0, "Federation":0, "CQC":0 }
{ "timestamp":"2016-12-21T18:45:23Z", "event":"Progress", "Combat":44, "Trade":83, "Explore":67, "Empire":0, "Federation":56, "CQC":0 }
{ "timestamp":"2016-12-21T18:45:43Z", "event":"Location", "Docked":true, "StationName":"Paradiso Outpost", "StationType":"Orbis", "StarSystem":"17 Draconis", "StarPos":[-305.750,272.219,49.500], "SystemAllegiance":"Federation", "SystemEconomy":"$economy_Military;", "SystemEconomy_Localised":"Military", "SystemGovernment":"$government_Confederacy;", "SystemGovernment_Localised":"Confederacy", "SystemSecurity":"$SYSTEM_SECURITY_medium;", "SystemSecurity_Localised":"Medium Security", "Body":"Paradiso Outpost", "BodyType":"Station", "SystemFaction":"New 17 Draconis Alliance" }
{ "timestamp":"2016-12-21T18:45:43Z", "event":"Docked", "StationName":"Paradiso Outpost", "StationType":"Orbis", "StarSystem":"17 Draconis", "StationFaction":"New 17 Draconis Alliance", "StationGovernment":"$government_Confederacy;", "StationGovernment_Localised":"Confederacy", "StationAllegiance":"Federation", "StationEconomy":"$economy_Service;", "StationEconomy_Localised":"Service" }
{ "timestamp":"2016-12-21T18:46:25Z", "event":"MissionAccepted", "Faction":"The Order", "Name":"Mission_Massacre_Conflict_War", "DestinationSystem":"17 Draconis", "DestinationStation":"Paradiso Outpost", "Expiry":"2016-12-22T15:43:21Z", "MissionID":61355235 }
{ "timestamp":"2016-12-21T18:47:32Z", "event":"ModuleRetrieve", "Slot":"MediumHardpoint1", "RetrievedItem":"$hpt_dumbfiremissilerack_fixed_medium_name;", "RetrievedItem_Localised":"Missile Rack", "Ship":"asp", "ShipID":2 }
{ "timestamp":"2016-12-21T18:47:40Z", "event":"ModuleRetrieve", "Slot":"MediumHardpoint2", "RetrievedItem":"$hpt_dumbfiremissilerack_fixed_medium_name;", "RetrievedItem_Localised":"Missile Rack", "Ship":"asp", "ShipID":2 }
{ "timestamp":"2016-12-21T18:48:24Z", "event":"BuyAmmo", "Cost":15000 }
{ "timestamp":"2016-12-21T18:49:02Z", "event":"Undocked", "StationName":"Paradiso Outpost", "StationType":"Orbis" }
{ "timestamp":"2016-12-21T18:49:49Z", "event":"ReceiveText", "From":"Paradiso Outpost", "Message":"$STATION_NoFireZone_exited;", "Message_Localised":"No fire zone left.", "Channel":"npc" }
{ "timestamp":"2016-12-21T18:49:50Z", "event":"ReceiveText", "From":"Paradiso Outpost", "Message":"$STATION_NoFireZone_entered;", "Message_Localised":"No fire zone entered.", "Channel":"npc" }
{ "timestamp":"2016-12-21T18:50:33Z", "event":"FSDJump", "StarSystem":"Wredguia HY-J b51-0", "StarPos":[-308.219,277.938,50.750], "SystemAllegiance":"", "SystemEconomy":"$economy_None;", "SystemEconomy_Localised":"None", "SystemGovernment":"$government_None;", "SystemGovernment_Localised":"None", "SystemSecurity":"$SYSTEM_SECURITY_low;", "SystemSecurity_Localised":"Low Security", "JumpDist":6.353, "FuelUsed":0.137956, "FuelLevel":39.862045 }
{ "timestamp":"2016-12-21T18:51:38Z", "event":"FSDJump", "StarSystem":"17 Draconis", "StarPos":[-305.750,272.219,49.500], "SystemAllegiance":"Federation", "SystemEconomy":"$economy_Military;", "SystemEconomy_Localised":"Military", "SystemGovernment":"$government_Confederacy;", "SystemGovernment_Localised":"Confederacy", "SystemSecurity":"$SYSTEM_SECURITY_medium;", "SystemSecurity_Localised":"Medium Security", "JumpDist":6.353, "FuelUsed":0.137840, "FuelLevel":39.724205, "SystemFaction":"New 17 Draconis Alliance" }
{ "timestamp":"2016-12-21T18:55:45Z", "event":"ApproachSettlement", "Name":"Faraday Keep" }
{ "timestamp":"2016-12-21T18:55:47Z", "event":"SupercruiseExit", "StarSystem":"17 Draconis", "Body":"Limbo", "BodyType":"Planet" }
{ "timestamp":"2016-12-21T18:57:17Z", "event":"CommitCrime", "CrimeType":"assault", "Faction":"New 17 Draconis Alliance", "Victim":"$skimmerdrone_name;", "Victim_Localised":"Sentry Skimmer", "Bounty":100 }
{ "timestamp":"2016-12-21T18:57:17Z", "event":"CommitCrime", "CrimeType":"assault", "Faction":"New 17 Draconis Alliance", "Victim":"$missileskimmer_name;", "Victim_Localised":"Guardian", "Bounty":100 }
{ "timestamp":"2016-12-21T18:57:17Z", "event":"CommitCrime", "CrimeType":"assault", "Faction":"New 17 Draconis Alliance", "Victim":"$skimmerdrone_name;", "Victim_Localised":"Sentry Skimmer", "Bounty":100 }
{ "timestamp":"2016-12-21T18:57:17Z", "event":"CommitCrime", "CrimeType":"assault", "Faction":"New 17 Draconis Alliance", "Victim":"$poi_turretbasea_name;", "Victim_Localised":"Defence Turret", "Bounty":100 }
{ "timestamp":"2016-12-21T18:57:17Z", "event":"CommitCrime", "CrimeType":"assault", "Faction":"New 17 Draconis Alliance", "Victim":"$poi_turretbasea_name;", "Victim_Localised":"Defence Turret", "Bounty":100 }
{ "timestamp":"2016-12-21T18:57:17Z", "event":"CommitCrime", "CrimeType":"assault", "Faction":"New 17 Draconis Alliance", "Victim":"$poi_turretbasea_name;", "Victim_Localised":"Defence Turret", "Bounty":100 }
{ "timestamp":"2016-12-21T18:57:17Z", "event":"Bounty", "Target":"Skimmer", "Reward":0, "VictimFaction":"New 17 Draconis Alliance" }
{ "timestamp":"2016-12-21T18:57:18Z", "event":"Bounty", "Target":"Skimmer", "Reward":0, "VictimFaction":"New 17 Draconis Alliance" }
{ "timestamp":"2016-12-21T18:57:18Z", "event":"Bounty", "Target":"Skimmer", "Reward":0, "VictimFaction":"New 17 Draconis Alliance" }
{ "timestamp":"2016-12-21T18:57:22Z", "event":"CommitCrime", "CrimeType":"assault", "Faction":"New 17 Draconis Alliance", "Victim":"$skimmerdrone_name;", "Victim_Localised":"Sentry Skimmer", "Bounty":100 }
{ "timestamp":"2016-12-21T18:57:22Z", "event":"CommitCrime", "CrimeType":"assault", "Faction":"New 17 Draconis Alliance", "Victim":"$skimmerdrone_name;", "Victim_Localised":"Sentry Skimmer", "Bounty":100 }
{ "timestamp":"2016-12-21T18:57:23Z", "event":"CommitCrime", "CrimeType":"assault", "Faction":"New 17 Draconis Alliance", "Victim":"$missileskimmer_name;", "Victim_Localised":"Guardian", "Bounty":100 }
{ "timestamp":"2016-12-21T18:57:23Z", "event":"Bounty", "Target":"Skimmer", "Reward":0, "VictimFaction":"New 17 Draconis Alliance" }
{ "timestamp":"2016-12-21T18:57:23Z", "event":"Bounty", "Target":"Skimmer", "Reward":0, "VictimFaction":"New 17 Draconis Alliance" }
{ "timestamp":"2016-12-21T18:57:23Z", "event":"Bounty", "Target":"Skimmer", "Reward":0, "VictimFaction":"New 17 Draconis Alliance" }
{ "timestamp":"2016-12-21T18:57:48Z", "event":"SupercruiseEntry", "StarSystem":"17 Draconis" }
{ "timestamp":"2016-12-21T18:58:26Z", "event":"LoadGame", "Commander":"Coccolithophore", "Ship":"Asp", "ShipID":2, "GameMode":"Group", "Group":"Coccolithophore", "Credits":4545455, "Loan":0 }
{ "timestamp":"2016-12-21T18:58:26Z", "event":"Rank", "Combat":2, "Trade":2, "Explore":2, "Empire":0, "Federation":0, "CQC":0 }
{ "timestamp":"2016-12-21T18:58:26Z", "event":"Progress", "Combat":45, "Trade":83, "Explore":67, "Empire":0, "Federation":56, "CQC":0 }
{ "timestamp":"2016-12-21T18:58:27Z", "event":"ApproachSettlement", "Name":"Faraday Keep" }
{ "timestamp":"2016-12-21T18:58:29Z", "event":"Location", "Docked":false, "StarSystem":"17 Draconis", "StarPos":[-305.750,272.219,49.500], "SystemAllegiance":"Federation", "SystemEconomy":"$economy_Military;", "SystemEconomy_Localised":"Military", "SystemGovernment":"$government_Confederacy;", "SystemGovernment_Localised":"Confederacy", "SystemSecurity":"$SYSTEM_SECURITY_medium;", "SystemSecurity_Localised":"Medium Security", "Body":"Limbo", "BodyType":"Planet", "SystemFaction":"New 17 Draconis Alliance" }
{ "timestamp":"2016-12-21T18:58:59Z", "event":"SupercruiseEntry", "StarSystem":"17 Draconis" }
{ "timestamp":"2016-12-21T18:59:10Z", "event":"ApproachSettlement", "Name":"Faraday Keep" }
{ "timestamp":"2016-12-21T18:59:12Z", "event":"SupercruiseExit", "StarSystem":"17 Draconis", "Body":"Limbo", "BodyType":"Planet" }
{ "timestamp":"2016-12-21T19:01:32Z", "event":"CommitCrime", "CrimeType":"assault", "Faction":"New 17 Draconis Alliance", "Victim":"$skimmerdrone_name;", "Victim_Localised":"Sentry Skimmer", "Bounty":100 }
{ "timestamp":"2016-12-21T19:01:32Z", "event":"CommitCrime", "CrimeType":"assault", "Faction":"New 17 Draconis Alliance", "Victim":"$missileskimmer_name;", "Victim_Localised":"Guardian", "Bounty":100 }
{ "timestamp":"2016-12-21T19:01:32Z", "event":"CommitCrime", "CrimeType":"assault", "Faction":"New 17 Draconis Alliance", "Victim":"$skimmerdrone_name;", "Victim_Localised":"Sentry Skimmer", "Bounty":100 }
{ "timestamp":"2016-12-21T19:01:32Z", "event":"Bounty", "Target":"Skimmer", "Reward":0, "VictimFaction":"New 17 Draconis Alliance" }
{ "timestamp":"2016-12-21T19:01:33Z", "event":"Bounty", "Target":"Skimmer", "Reward":0, "VictimFaction":"New 17 Draconis Alliance" }
{ "timestamp":"2016-12-21T19:01:33Z", "event":"Bounty", "Target":"Skimmer", "Reward":0, "VictimFaction":"New 17 Draconis Alliance" }
{ "timestamp":"2016-12-21T19:01:34Z", "event":"CommitCrime", "CrimeType":"assault", "Faction":"New 17 Draconis Alliance", "Victim":"$poi_turretbasea_name;", "Victim_Localised":"Defence Turret", "Bounty":100 }
{ "timestamp":"2016-12-21T19:01:34Z", "event":"CommitCrime", "CrimeType":"assault", "Faction":"New 17 Draconis Alliance", "Victim":"$skimmerdrone_name;", "Victim_Localised":"Sentry Skimmer", "Bounty":100 }
{ "timestamp":"2016-12-21T19:01:34Z", "event":"Bounty", "Target":"Skimmer", "Reward":0, "VictimFaction":"New 17 Draconis Alliance" }
{ "timestamp":"2016-12-21T19:02:05Z", "event":"SupercruiseEntry", "StarSystem":"17 Draconis" }
{ "timestamp":"2016-12-21T19:04:12Z", "event":"MaterialCollected", "Category":"Encoded", "Name":"shieldcyclerecordings", "Count":3 }
{ "timestamp":"2016-12-21T19:07:44Z", "event":"SupercruiseExit", "StarSystem":"17 Draconis", "Body":"Paradiso Outpost", "BodyType":"Station" }
{ "timestamp":"2016-12-21T19:07:46Z", "event":"ReceiveText", "From":"Paradiso Outpost", "Message":"$STATION_NoFireZone_entered;", "Message_Localised":"No fire zone entered.", "Channel":"npc" }
{ "timestamp":"2016-12-21T19:08:01Z", "event":"DockingRequested", "StationName":"Paradiso Outpost" }
{ "timestamp":"2016-12-21T19:08:01Z", "event":"ReceiveText", "From":"Paradiso Outpost", "Message":"$DockingChatter_Neutral;", "Message_Localised":"Ensure to observe starport protocol during your visit, pilot.", "Channel":"npc" }
{ "timestamp":"2016-12-21T19:08:03Z", "event":"ReceiveText", "From":"Paradiso Outpost", "Message":"$STATION_docking_granted;", "Message_Localised":"Docking request granted.", "Channel":"npc" }
{ "timestamp":"2016-12-21T19:08:03Z", "event":"DockingGranted", "LandingPad":7, "StationName":"Paradiso Outpost" }
{ "timestamp":"2016-12-21T19:08:30Z", "event":"HullDamage", "Health":0.306125 }
{ "timestamp":"2016-12-21T19:08:30Z", "event":"HullDamage", "Health":0.306125 }
{ "timestamp":"2016-12-21T19:08:30Z", "event":"HullDamage", "Health":0.306125 }
{ "timestamp":"2016-12-21T19:08:59Z", "event":"Docked", "StationName":"Paradiso Outpost", "StationType":"Orbis", "StarSystem":"17 Draconis", "StationFaction":"New 17 Draconis Alliance", "StationGovernment":"$government_Confederacy;", "StationGovernment_Localised":"Confederacy", "StationAllegiance":"Federation", "StationEconomy":"$economy_Service;", "StationEconomy_Localised":"Service" }
{ "timestamp":"2016-12-21T19:09:01Z", "event":"ShieldState", "ShieldsUp":true }
{ "timestamp":"2016-12-21T19:09:08Z", "event":"RepairAll", "Cost":5323 }
{ "timestamp":"2016-12-21T19:09:10Z", "event":"BuyAmmo", "Cost":2750 }
{ "timestamp":"2016-12-21T19:09:10Z", "event":"RefuelAll", "Cost":33, "Amount":0.640979 }
{ "timestamp":"2016-12-21T19:09:20Z", "event":"MissionCompleted", "Faction":"The Order", "Name":"Mission_Massacre_Conflict_War_name", "MissionID":61334084, "DestinationSystem":"17 Draconis", "DestinationStation":"Paradiso Outpost", "Reward":37332 }
{ "timestamp":"2016-12-21T19:09:25Z", "event":"MissionCompleted", "Faction":"The Order", "Name":"Mission_Massacre_Conflict_War_name", "MissionID":61352028, "DestinationSystem":"17 Draconis", "DestinationStation":"Paradiso Outpost", "Reward":137227 }
{ "timestamp":"2016-12-21T19:09:27Z", "event":"MissionCompleted", "Faction":"The Order", "Name":"Mission_Massacre_Conflict_War_name", "MissionID":61352037, "DestinationSystem":"17 Draconis", "DestinationStation":"Paradiso Outpost", "Reward":85858 }
{ "timestamp":"2016-12-21T19:09:31Z", "event":"MissionCompleted", "Faction":"The Order", "Name":"Mission_Massacre_Conflict_War_name", "MissionID":61352053, "DestinationSystem":"17 Draconis", "DestinationStation":"Paradiso Outpost", "Reward":66982 }
{ "timestamp":"2016-12-21T19:09:36Z", "event":"MissionCompleted", "Faction":"The Order", "Name":"Mission_Massacre_Conflict_War_name", "MissionID":61352736, "DestinationSystem":"17 Draconis", "DestinationStation":"Paradiso Outpost", "Reward":28635 }
{ "timestamp":"2016-12-21T19:09:45Z", "event":"MissionCompleted", "Faction":"The Order", "Name":"Mission_Massacre_Conflict_War_name", "MissionID":61352747, "DestinationSystem":"17 Draconis", "DestinationStation":"Paradiso Outpost", "Reward":65528, "CommodityReward":[ { "Name": "CoolingHoses", "Count": 4 } ] }
{ "timestamp":"2016-12-21T19:09:52Z", "event":"MissionCompleted", "Faction":"The Order", "Name":"Mission_Massacre_Conflict_War_name", "MissionID":61352754, "DestinationSystem":"17 Draconis", "DestinationStation":"Paradiso Outpost", "Reward":87870 }
{ "timestamp":"2016-12-21T19:09:54Z", "event":"MissionCompleted", "Faction":"The Order", "Name":"Mission_Massacre_Conflict_War_name", "MissionID":61352763, "DestinationSystem":"17 Draconis", "DestinationStation":"Paradiso Outpost", "Reward":289288 }
{ "timestamp":"2016-12-21T19:09:55Z", "event":"MissionCompleted", "Faction":"The Order", "Name":"Mission_Massacre_Conflict_War_name", "MissionID":61352771, "DestinationSystem":"17 Draconis", "DestinationStation":"Paradiso Outpost", "Reward":122287 }
{ "timestamp":"2016-12-21T19:09:57Z", "event":"MissionCompleted", "Faction":"The Order", "Name":"Mission_Massacre_Conflict_War_name", "MissionID":61352785, "DestinationSystem":"17 Draconis", "DestinationStation":"Paradiso Outpost", "Reward":154402 }
{ "timestamp":"2016-12-21T19:09:59Z", "event":"MissionCompleted", "Faction":"The Order", "Name":"Mission_Massacre_Conflict_War_name", "MissionID":61355235, "DestinationSystem":"17 Draconis", "DestinationStation":"Paradiso Outpost", "Reward":20581 }
{ "timestamp":"2016-12-21T19:10:12Z", "event":"MissionAccepted", "Faction":"The Order", "Name":"Mission_Massacre_Conflict_War", "DestinationSystem":"17 Draconis", "DestinationStation":"Paradiso Outpost", "Expiry":"2016-12-22T16:20:25Z", "MissionID":61363328 }
{ "timestamp":"2016-12-21T19:10:14Z", "event":"MissionAccepted", "Faction":"The Order", "Name":"Mission_Massacre_Conflict_War", "DestinationSystem":"17 Draconis", "DestinationStation":"Paradiso Outpost", "Expiry":"2016-12-22T16:07:25Z", "MissionID":61363340 }
{ "timestamp":"2016-12-21T19:10:16Z", "event":"MissionAccepted", "Faction":"The Order", "Name":"Mission_Massacre_Conflict_War", "DestinationSystem":"17 Draconis", "DestinationStation":"Paradiso Outpost", "Expiry":"2016-12-22T15:46:30Z", "MissionID":61363348 }
{ "timestamp":"2016-12-21T19:10:54Z", "event":"LoadGame", "Commander":"Coccolithophore", "Ship":"Asp", "ShipID":2, "GameMode":"Solo", "Credits":5633339, "Loan":0 }
{ "timestamp":"2016-12-21T19:10:54Z", "event":"Rank", "Combat":2, "Trade":2, "Explore":2, "Empire":0, "Federation":0, "CQC":0 }
{ "timestamp":"2016-12-21T19:10:54Z", "event":"Progress", "Combat":47, "Trade":83, "Explore":67, "Empire":0, "Federation":56, "CQC":0 }
{ "timestamp":"2016-12-21T19:11:18Z", "event":"Location", "Docked":true, "StationName":"Paradiso Outpost", "StationType":"Orbis", "StarSystem":"17 Draconis", "StarPos":[-305.750,272.219,49.500], "SystemAllegiance":"Federation", "SystemEconomy":"$economy_Military;", "SystemEconomy_Localised":"Military", "SystemGovernment":"$government_Confederacy;", "SystemGovernment_Localised":"Confederacy", "SystemSecurity":"$SYSTEM_SECURITY_medium;", "SystemSecurity_Localised":"Medium Security", "Body":"Paradiso Outpost", "BodyType":"Station", "SystemFaction":"New 17 Draconis Alliance" }
{ "timestamp":"2016-12-21T19:11:18Z", "event":"Docked", "StationName":"Paradiso Outpost", "StationType":"Orbis", "StarSystem":"17 Draconis", "StationFaction":"New 17 Draconis Alliance", "StationGovernment":"$government_Confederacy;", "StationGovernment_Localised":"Confederacy", "StationAllegiance":"Federation", "StationEconomy":"$economy_Service;", "StationEconomy_Localised":"Service" }
{ "timestamp":"2016-12-21T19:11:48Z", "event":"MissionAccepted", "Faction":"The Order", "Name":"Mission_Massacre_Conflict_War", "DestinationSystem":"17 Draconis", "DestinationStation":"Paradiso Outpost", "Expiry":"2016-12-22T15:41:01Z", "MissionID":61363857 }
{ "timestamp":"2016-12-21T19:11:51Z", "event":"MissionAccepted", "Faction":"The Order", "Name":"Mission_Massacre_Conflict_War", "DestinationSystem":"17 Draconis", "DestinationStation":"Paradiso Outpost", "Expiry":"2016-12-22T16:04:15Z", "MissionID":61363871 }
{ "timestamp":"2016-12-21T19:12:17Z", "event":"LoadGame", "Commander":"Coccolithophore", "Ship":"Asp", "ShipID":2, "GameMode":"Group", "Group":"Coccolithophore", "Credits":5633339, "Loan":0 }
{ "timestamp":"2016-12-21T19:12:17Z", "event":"Rank", "Combat":2, "Trade":2, "Explore":2, "Empire":0, "Federation":0, "CQC":0 }
{ "timestamp":"2016-12-21T19:12:17Z", "event":"Progress", "Combat":47, "Trade":83, "Explore":67, "Empire":0, "Federation":56, "CQC":0 }
{ "timestamp":"2016-12-21T19:12:37Z", "event":"Location", "Docked":true, "StationName":"Paradiso Outpost", "StationType":"Orbis", "StarSystem":"17 Draconis", "StarPos":[-305.750,272.219,49.500], "SystemAllegiance":"Federation", "SystemEconomy":"$economy_Military;", "SystemEconomy_Localised":"Military", "SystemGovernment":"$government_Confederacy;", "SystemGovernment_Localised":"Confederacy", "SystemSecurity":"$SYSTEM_SECURITY_medium;", "SystemSecurity_Localised":"Medium Security", "Body":"Paradiso Outpost", "BodyType":"Station", "SystemFaction":"New 17 Draconis Alliance" }
{ "timestamp":"2016-12-21T19:12:37Z", "event":"Docked", "StationName":"Paradiso Outpost", "StationType":"Orbis", "StarSystem":"17 Draconis", "StationFaction":"New 17 Draconis Alliance", "StationGovernment":"$government_Confederacy;", "StationGovernment_Localised":"Confederacy", "StationAllegiance":"Federation", "StationEconomy":"$economy_Service;", "StationEconomy_Localised":"Service" }
{ "timestamp":"2016-12-21T19:25:00Z", "event":"MissionAccepted", "Faction":"The Order", "Name":"Mission_Massacre_Conflict_War", "DestinationSystem":"17 Draconis", "DestinationStation":"Paradiso Outpost", "Expiry":"2016-12-22T16:29:57Z", "MissionID":61368245 }
{ "timestamp":"2016-12-21T19:25:02Z", "event":"MissionAccepted", "Faction":"The Order", "Name":"Mission_Massacre_Conflict_War", "DestinationSystem":"17 Draconis", "DestinationStation":"Paradiso Outpost", "Expiry":"2016-12-22T16:15:17Z", "MissionID":61368256 }
{ "timestamp":"2016-12-21T19:25:04Z", "event":"MissionAccepted", "Faction":"The Order", "Name":"Mission_Massacre_Conflict_War", "DestinationSystem":"17 Draconis", "DestinationStation":"Paradiso Outpost", "Expiry":"2016-12-22T16:45:19Z", "MissionID":61368272 }
{ "timestamp":"2016-12-21T19:30:08Z", "event":"ReceiveText", "From":"$npc_name_decorate:#name=Marian Radu;", "From_Localised":"Marian Radu", "Message":"$Commuter_AuthorityScan05;", "Message_Localised":"On what grounds are you scanning this vessel, officer?", "Channel":"npc" }
{ "timestamp":"2016-12-21T19:47:09Z", "event":"LoadGame", "Commander":"Coccolithophore", "Ship":"Asp", "ShipID":2, "GameMode":"Solo", "Credits":5633339, "Loan":0 }
{ "timestamp":"2016-12-21T19:47:09Z", "event":"Rank", "Combat":2, "Trade":2, "Explore":2, "Empire":0, "Federation":0, "CQC":0 }
{ "timestamp":"2016-12-21T19:47:09Z", "event":"Progress", "Combat":47, "Trade":83, "Explore":67, "Empire":0, "Federation":56, "CQC":0 }
{ "timestamp":"2016-12-21T19:47:31Z", "event":"Location", "Docked":true, "StationName":"Paradiso Outpost", "StationType":"Orbis", "StarSystem":"17 Draconis", "StarPos":[-305.750,272.219,49.500], "SystemAllegiance":"Federation", "SystemEconomy":"$economy_Military;", "SystemEconomy_Localised":"Military", "SystemGovernment":"$government_Confederacy;", "SystemGovernment_Localised":"Confederacy", "SystemSecurity":"$SYSTEM_SECURITY_medium;", "SystemSecurity_Localised":"Medium Security", "Body":"Paradiso Outpost", "BodyType":"Station", "SystemFaction":"New 17 Draconis Alliance" }
{ "timestamp":"2016-12-21T19:47:32Z", "event":"Docked", "StationName":"Paradiso Outpost", "StationType":"Orbis", "StarSystem":"17 Draconis", "StationFaction":"New 17 Draconis Alliance", "StationGovernment":"$government_Confederacy;", "StationGovernment_Localised":"Confederacy", "StationAllegiance":"Federation", "StationEconomy":"$economy_Service;", "StationEconomy_Localised":"Service" }
{ "timestamp":"2016-12-21T19:48:33Z", "event":"ModuleStore", "Slot":"MediumHardpoint1", "StoredItem":"$hpt_dumbfiremissilerack_fixed_medium_name;", "StoredItem_Localised":"Missile Rack", "Ship":"asp", "ShipID":2 }
{ "timestamp":"2016-12-21T19:48:43Z", "event":"ModuleStore", "Slot":"MediumHardpoint2", "StoredItem":"$hpt_dumbfiremissilerack_fixed_medium_name;", "StoredItem_Localised":"Missile Rack", "Ship":"asp", "ShipID":2 }
{ "timestamp":"2016-12-21T19:49:22Z", "event":"ShipyardBuy", "ShipType":"viper", "ShipPrice":142931, "StoreOldShip":"Asp", "StoreShipID":2 }
{ "timestamp":"2016-12-21T19:49:23Z", "event":"ShipyardNew", "ShipType":"viper", "NewShipID":3 }
{ "timestamp":"2016-12-21T19:49:33Z", "event":"Docked", "StationName":"Paradiso Outpost", "StationType":"Orbis", "StarSystem":"17 Draconis", "StationFaction":"New 17 Draconis Alliance", "StationGovernment":"$government_Confederacy;", "StationGovernment_Localised":"Confederacy", "StationAllegiance":"Federation", "StationEconomy":"$economy_Service;", "StationEconomy_Localised":"Service" }
{ "timestamp":"2016-12-21T19:50:10Z", "event":"ModuleRetrieve", "Slot":"MediumHardpoint1", "RetrievedItem":"$hpt_dumbfiremissilerack_fixed_medium_name;", "RetrievedItem_Localised":"Missile Rack", "Ship":"viper", "ShipID":3, "SwapOutItem":"$hpt_pulselaser_fixed_small_name;", "SwapOutItem_Localised":"Pulse Laser", "Cost":0 }
{ "timestamp":"2016-12-21T19:50:29Z", "event":"ModuleRetrieve", "Slot":"MediumHardpoint2", "RetrievedItem":"$hpt_dumbfiremissilerack_fixed_medium_name;", "RetrievedItem_Localised":"Missile Rack", "Ship":"viper", "ShipID":3, "SwapOutItem":"$hpt_pulselaser_fixed_small_name;", "SwapOutItem_Localised":"Pulse Laser", "Cost":0 }
{ "timestamp":"2016-12-21T19:51:56Z", "event":"MissionAccepted", "Faction":"The Order", "Name":"Mission_Massacre_Conflict_War", "DestinationSystem":"17 Draconis", "DestinationStation":"Paradiso Outpost", "Expiry":"2016-12-22T16:42:53Z", "MissionID":61377165 }
{ "timestamp":"2016-12-21T19:51:58Z", "event":"MissionAccepted", "Faction":"The Order", "Name":"Mission_Massacre_Conflict_War", "DestinationSystem":"17 Draconis", "DestinationStation":"Paradiso Outpost", "Expiry":"2016-12-22T16:23:23Z", "MissionID":61377181 }
{ "timestamp":"2016-12-21T19:52:00Z", "event":"MissionAccepted", "Faction":"The Order", "Name":"Mission_Massacre_Conflict_War", "DestinationSystem":"17 Draconis", "DestinationStation":"Paradiso Outpost", "Expiry":"2016-12-22T15:48:17Z", "MissionID":61377188 }
{ "timestamp":"2016-12-21T19:52:02Z", "event":"MissionAccepted", "Faction":"The Order", "Name":"Mission_Massacre_Conflict_War", "DestinationSystem":"17 Draconis", "DestinationStation":"Paradiso Outpost", "Expiry":"2016-12-22T15:44:01Z", "MissionID":61377205 }
{ "timestamp":"2016-12-21T19:52:46Z", "event":"Undocked", "StationName":"Paradiso Outpost", "StationType":"Orbis" }
{ "timestamp":"2016-12-21T19:53:39Z", "event":"SupercruiseEntry", "StarSystem":"17 Draconis" }
{ "timestamp":"2016-12-21T19:54:01Z", "event":"ReceiveText", "From":"$npc_name_decorate:#name=Mantrid;", "From_Localised":"Mantrid", "Message":"$Pirate_HunterHostileSC_Relevant02;", "Message_Localised":"I knew I'd find you eventually, all that tasty cargo!", "Channel":"npc" }
{ "timestamp":"2016-12-21T19:54:47Z", "event":"FSDJump", "StarSystem":"Wredguia HY-J b51-0", "StarPos":[-308.219,277.938,50.750], "SystemAllegiance":"", "SystemEconomy":"$economy_None;", "SystemEconomy_Localised":"None", "SystemGovernment":"$government_None;", "SystemGovernment_Localised":"None", "SystemSecurity":"$SYSTEM_SECURITY_low;", "SystemSecurity_Localised":"Low Security", "JumpDist":6.353, "FuelUsed":1.173251, "FuelLevel":2.826749 }
{ "timestamp":"2016-12-21T19:55:42Z", "event":"FSDJump", "StarSystem":"17 Draconis", "StarPos":[-305.750,272.219,49.500], "SystemAllegiance":"Federation", "SystemEconomy":"$economy_Military;", "SystemEconomy_Localised":"Military", "SystemGovernment":"$government_Confederacy;", "SystemGovernment_Localised":"Confederacy", "SystemSecurity":"$SYSTEM_SECURITY_medium;", "SystemSecurity_Localised":"Medium Security", "JumpDist":6.353, "FuelUsed":1.146632, "FuelLevel":1.680117, "SystemFaction":"New 17 Draconis Alliance" }
{ "timestamp":"2016-12-21T19:59:25Z", "event":"ApproachSettlement", "Name":"Faraday Keep" }
{ "timestamp":"2016-12-21T19:59:27Z", "event":"SupercruiseExit", "StarSystem":"17 Draconis", "Body":"Limbo", "BodyType":"Planet" }
{ "timestamp":"2016-12-21T20:01:02Z", "event":"CommitCrime", "CrimeType":"assault", "Faction":"New 17 Draconis Alliance", "Victim":"$missileskimmer_name;", "Victim_Localised":"Guardian", "Bounty":100 }
{ "timestamp":"2016-12-21T20:01:02Z", "event":"CommitCrime", "CrimeType":"assault", "Faction":"New 17 Draconis Alliance", "Victim":"$skimmerdrone_name;", "Victim_Localised":"Sentry Skimmer", "Bounty":100 }
{ "timestamp":"2016-12-21T20:01:02Z", "event":"CommitCrime", "CrimeType":"assault", "Faction":"New 17 Draconis Alliance", "Victim":"$skimmerdrone_name;", "Victim_Localised":"Sentry Skimmer", "Bounty":100 }
{ "timestamp":"2016-12-21T20:01:02Z", "event":"CommitCrime", "CrimeType":"assault", "Faction":"New 17 Draconis Alliance", "Victim":"$skimmerdrone_name;", "Victim_Localised":"Sentry Skimmer", "Bounty":100 }
{ "timestamp":"2016-12-21T20:01:02Z", "event":"CommitCrime", "CrimeType":"assault", "Faction":"New 17 Draconis Alliance", "Victim":"$skimmerdrone_name;", "Victim_Localised":"Sentry Skimmer", "Bounty":100 }
{ "timestamp":"2016-12-21T20:01:02Z", "event":"CommitCrime", "CrimeType":"assault", "Faction":"New 17 Draconis Alliance", "Victim":"$poi_turretbasea_name;", "Victim_Localised":"Defence Turret", "Bounty":100 }
{ "timestamp":"2016-12-21T20:01:02Z", "event":"CommitCrime", "CrimeType":"assault", "Faction":"New 17 Draconis Alliance", "Victim":"$missileskimmer_name;", "Victim_Localised":"Guardian", "Bounty":100 }
{ "timestamp":"2016-12-21T20:01:02Z", "event":"Bounty", "Target":"Skimmer", "Reward":0, "VictimFaction":"New 17 Draconis Alliance" }
{ "timestamp":"2016-12-21T20:01:03Z", "event":"Bounty", "Target":"Skimmer", "Reward":0, "VictimFaction":"New 17 Draconis Alliance" }
{ "timestamp":"2016-12-21T20:01:03Z", "event":"Bounty", "Target":"Skimmer", "Reward":0, "VictimFaction":"New 17 Draconis Alliance" }
{ "timestamp":"2016-12-21T20:01:03Z", "event":"Bounty", "Target":"Skimmer", "Reward":0, "VictimFaction":"New 17 Draconis Alliance" }
{ "timestamp":"2016-12-21T20:01:03Z", "event":"Bounty", "Target":"Skimmer", "Reward":0, "VictimFaction":"New 17 Draconis Alliance" }
{ "timestamp":"2016-12-21T20:01:03Z", "event":"Bounty", "Target":"Skimmer", "Reward":0, "VictimFaction":"New 17 Draconis Alliance" }
{ "timestamp":"2016-12-21T20:01:39Z", "event":"SupercruiseEntry", "StarSystem":"17 Draconis" }
{ "timestamp":"2016-12-21T20:02:24Z", "event":"LoadGame", "Commander":"Coccolithophore", "Ship":"Viper", "ShipID":3, "GameMode":"Group", "Group":"Coccolithophore", "Credits":5490408, "Loan":0 }
{ "timestamp":"2016-12-21T20:02:24Z", "event":"Rank", "Combat":2, "Trade":2, "Explore":2, "Empire":0, "Federation":0, "CQC":0 }
{ "timestamp":"2016-12-21T20:02:24Z", "event":"Progress", "Combat":48, "Trade":83, "Explore":67, "Empire":0, "Federation":56, "CQC":0 }
{ "timestamp":"2016-12-21T20:02:26Z", "event":"ApproachSettlement", "Name":"Faraday Keep" }
{ "timestamp":"2016-12-21T20:02:28Z", "event":"Location", "Docked":false, "StarSystem":"17 Draconis", "StarPos":[-305.750,272.219,49.500], "SystemAllegiance":"Federation", "SystemEconomy":"$economy_Military;", "SystemEconomy_Localised":"Military", "SystemGovernment":"$government_Confederacy;", "SystemGovernment_Localised":"Confederacy", "SystemSecurity":"$SYSTEM_SECURITY_medium;", "SystemSecurity_Localised":"Medium Security", "Body":"Limbo", "BodyType":"Planet", "SystemFaction":"New 17 Draconis Alliance" }
{ "timestamp":"2016-12-21T20:02:45Z", "event":"SupercruiseEntry", "StarSystem":"17 Draconis" }
{ "timestamp":"2016-12-21T20:03:03Z", "event":"ApproachSettlement", "Name":"Faraday Keep" }
{ "timestamp":"2016-12-21T20:03:05Z", "event":"SupercruiseExit", "StarSystem":"17 Draconis", "Body":"Limbo", "BodyType":"Planet" }
{ "timestamp":"2016-12-21T20:05:36Z", "event":"CommitCrime", "CrimeType":"assault", "Faction":"New 17 Draconis Alliance", "Victim":"$skimmerdrone_name;", "Victim_Localised":"Sentry Skimmer", "Bounty":100 }
{ "timestamp":"2016-12-21T20:05:36Z", "event":"CommitCrime", "CrimeType":"assault", "Faction":"New 17 Draconis Alliance", "Victim":"$skimmerdrone_name;", "Victim_Localised":"Sentry Skimmer", "Bounty":100 }
{ "timestamp":"2016-12-21T20:05:36Z", "event":"CommitCrime", "CrimeType":"assault", "Faction":"New 17 Draconis Alliance", "Victim":"$missileskimmer_name;", "Victim_Localised":"Guardian", "Bounty":100 }
{ "timestamp":"2016-12-21T20:05:36Z", "event":"CommitCrime", "CrimeType":"assault", "Faction":"New 17 Draconis Alliance", "Victim":"$poi_turretbasea_name;", "Victim_Localised":"Defence Turret", "Bounty":100 }
{ "timestamp":"2016-12-21T20:05:37Z", "event":"Bounty", "Target":"Skimmer", "Reward":0, "VictimFaction":"New 17 Draconis Alliance" }
{ "timestamp":"2016-12-21T20:05:37Z", "event":"Bounty", "Target":"Skimmer", "Reward":0, "VictimFaction":"New 17 Draconis Alliance" }
{ "timestamp":"2016-12-21T20:05:38Z", "event":"Bounty", "Target":"Skimmer", "Reward":0, "VictimFaction":"New 17 Draconis Alliance" }
{ "timestamp":"2016-12-21T20:05:38Z", "event":"CommitCrime", "CrimeType":"assault", "Faction":"New 17 Draconis Alliance", "Victim":"$poi_turretbasea_name;", "Victim_Localised":"Defence Turret", "Bounty":100 }
{ "timestamp":"2016-12-21T20:05:38Z", "event":"CommitCrime", "CrimeType":"assault", "Faction":"New 17 Draconis Alliance", "Victim":"$missileskimmer_name;", "Victim_Localised":"Guardian", "Bounty":100 }
{ "timestamp":"2016-12-21T20:05:38Z", "event":"CommitCrime", "CrimeType":"assault", "Faction":"New 17 Draconis Alliance", "Victim":"$skimmerdrone_name;", "Victim_Localised":"Sentry Skimmer", "Bounty":100 }
{ "timestamp":"2016-12-21T20:05:38Z", "event":"CommitCrime", "CrimeType":"assault", "Faction":"New 17 Draconis Alliance", "Victim":"$poi_turretbasea_name;", "Victim_Localised":"Defence Turret", "Bounty":100 }
{ "timestamp":"2016-12-21T20:05:39Z", "event":"Bounty", "Target":"Skimmer", "Reward":0, "VictimFaction":"New 17 Draconis Alliance" }
{ "timestamp":"2016-12-21T20:05:40Z", "event":"Bounty", "Target":"Skimmer", "Reward":0, "VictimFaction":"New 17 Draconis Alliance" }
{ "timestamp":"2016-12-21T20:05:41Z", "event":"CommitCrime", "CrimeType":"assault", "Faction":"New 17 Draconis Alliance", "Victim":"$skimmerdrone_name;", "Victim_Localised":"Sentry Skimmer", "Bounty":100 }
{ "timestamp":"2016-12-21T20:05:41Z", "event":"Bounty", "Target":"Skimmer", "Reward":0, "VictimFaction":"New 17 Draconis Alliance" }
{ "timestamp":"2016-12-21T20:06:09Z", "event":"SupercruiseEntry", "StarSystem":"17 Draconis" }
{ "timestamp":"2016-12-21T20:06:43Z", "event":"LoadGame", "Commander":"Coccolithophore", "Ship":"Viper", "ShipID":3, "GameMode":"Solo", "Credits":5490408, "Loan":0 }
{ "timestamp":"2016-12-21T20:06:43Z", "event":"Rank", "Combat":2, "Trade":2, "Explore":2, "Empire":0, "Federation":0, "CQC":0 }
{ "timestamp":"2016-12-21T20:06:43Z", "event":"Progress", "Combat":50, "Trade":83, "Explore":67, "Empire":0, "Federation":56, "CQC":0 }
{ "timestamp":"2016-12-21T20:06:46Z", "event":"ApproachSettlement", "Name":"Faraday Keep" }
{ "timestamp":"2016-12-21T20:06:56Z", "event":"Location", "Docked":false, "StarSystem":"17 Draconis", "StarPos":[-305.750,272.219,49.500], "SystemAllegiance":"Federation", "SystemEconomy":"$economy_Military;", "SystemEconomy_Localised":"Military", "SystemGovernment":"$government_Confederacy;", "SystemGovernment_Localised":"Confederacy", "SystemSecurity":"$SYSTEM_SECURITY_medium;", "SystemSecurity_Localised":"Medium Security", "Body":"Limbo", "BodyType":"Planet", "SystemFaction":"New 17 Draconis Alliance" }
{ "timestamp":"2016-12-21T20:07:12Z", "event":"SupercruiseEntry", "StarSystem":"17 Draconis" }
{ "timestamp":"2016-12-21T20:07:29Z", "event":"ApproachSettlement", "Name":"Faraday Keep" }
{ "timestamp":"2016-12-21T20:07:31Z", "event":"SupercruiseExit", "StarSystem":"17 Draconis", "Body":"Limbo", "BodyType":"Planet" }
{ "timestamp":"2016-12-21T20:08:33Z", "event":"CommitCrime", "CrimeType":"assault", "Faction":"New 17 Draconis Alliance", "Victim":"$missileskimmer_name;", "Victim_Localised":"Guardian", "Bounty":100 }
{ "timestamp":"2016-12-21T20:08:33Z", "event":"CommitCrime", "CrimeType":"assault", "Faction":"New 17 Draconis Alliance", "Victim":"$skimmerdrone_name;", "Victim_Localised":"Sentry Skimmer", "Bounty":100 }
{ "timestamp":"2016-12-21T20:08:33Z", "event":"CommitCrime", "CrimeType":"assault", "Faction":"New 17 Draconis Alliance", "Victim":"$poi_turretbasea_name;", "Victim_Localised":"Defence Turret", "Bounty":100 }
{ "timestamp":"2016-12-21T20:08:33Z", "event":"CommitCrime", "CrimeType":"assault", "Faction":"New 17 Draconis Alliance", "Victim":"$skimmerdrone_name;", "Victim_Localised":"Sentry Skimmer", "Bounty":100 }
{ "timestamp":"2016-12-21T20:08:33Z", "event":"CommitCrime", "CrimeType":"assault", "Faction":"New 17 Draconis Alliance", "Victim":"$skimmerdrone_name;", "Victim_Localised":"Sentry Skimmer", "Bounty":100 }
{ "timestamp":"2016-12-21T20:08:33Z", "event":"CommitCrime", "CrimeType":"assault", "Faction":"New 17 Draconis Alliance", "Victim":"$missileskimmer_name;", "Victim_Localised":"Guardian", "Bounty":100 }
{ "timestamp":"2016-12-21T20:08:33Z", "event":"CommitCrime", "CrimeType":"assault", "Faction":"New 17 Draconis Alliance", "Victim":"$poi_turretbasea_name;", "Victim_Localised":"Defence Turret", "Bounty":100 }
{ "timestamp":"2016-12-21T20:08:34Z", "event":"Bounty", "Target":"Skimmer", "Reward":0, "VictimFaction":"New 17 Draconis Alliance" }
{ "timestamp":"2016-12-21T20:08:34Z", "event":"Bounty", "Target":"Skimmer", "Reward":0, "VictimFaction":"New 17 Draconis Alliance" }
{ "timestamp":"2016-12-21T20:08:34Z", "event":"Bounty", "Target":"Skimmer", "Reward":0, "VictimFaction":"New 17 Draconis Alliance" }
{ "timestamp":"2016-12-21T20:08:34Z", "event":"Bounty", "Target":"Skimmer", "Reward":0, "VictimFaction":"New 17 Draconis Alliance" }
{ "timestamp":"2016-12-21T20:08:34Z", "event":"Bounty", "Target":"Skimmer", "Reward":0, "VictimFaction":"New 17 Draconis Alliance" }
{ "timestamp":"2016-12-21T20:08:35Z", "event":"CommitCrime", "CrimeType":"assault", "Faction":"New 17 Draconis Alliance", "Victim":"$skimmerdrone_name;", "Victim_Localised":"Sentry Skimmer", "Bounty":100 }
{ "timestamp":"2016-12-21T20:08:35Z", "event":"CommitCrime", "CrimeType":"assault", "Faction":"New 17 Draconis Alliance", "Victim":"$poi_turretbasea_name;", "Victim_Localised":"Defence Turret", "Bounty":100 }
{ "timestamp":"2016-12-21T20:08:36Z", "event":"Bounty", "Target":"Skimmer", "Reward":0, "VictimFaction":"New 17 Draconis Alliance" }
{ "timestamp":"2016-12-21T20:08:52Z", "event":"ShieldState", "ShieldsUp":false }
{ "timestamp":"2016-12-21T20:08:59Z", "event":"HullDamage", "Health":0.784060 }
{ "timestamp":"2016-12-21T20:09:09Z", "event":"SupercruiseEntry", "StarSystem":"17 Draconis" }
{ "timestamp":"2016-12-21T20:09:57Z", "event":"LoadGame", "Commander":"Coccolithophore", "Ship":"Viper", "ShipID":3, "GameMode":"Group", "Group":"Coccolithophore", "Credits":5490408, "Loan":0 }
{ "timestamp":"2016-12-21T20:09:57Z", "event":"Rank", "Combat":2, "Trade":2, "Explore":2, "Empire":0, "Federation":0, "CQC":0 }
{ "timestamp":"2016-12-21T20:09:57Z", "event":"Progress", "Combat":52, "Trade":83, "Explore":67, "Empire":0, "Federation":56, "CQC":0 }
{ "timestamp":"2016-12-21T20:09:59Z", "event":"ApproachSettlement", "Name":"Faraday Keep" }
{ "timestamp":"2016-12-21T20:10:02Z", "event":"Location", "Docked":false, "StarSystem":"17 Draconis", "StarPos":[-305.750,272.219,49.500], "SystemAllegiance":"Federation", "SystemEconomy":"$economy_Military;", "SystemEconomy_Localised":"Military", "SystemGovernment":"$government_Confederacy;", "SystemGovernment_Localised":"Confederacy", "SystemSecurity":"$SYSTEM_SECURITY_medium;", "SystemSecurity_Localised":"Medium Security", "Body":"Limbo", "BodyType":"Planet", "SystemFaction":"New 17 Draconis Alliance" }
{ "timestamp":"2016-12-21T20:10:27Z", "event":"SupercruiseEntry", "StarSystem":"17 Draconis" }
{ "timestamp":"2016-12-21T20:10:39Z", "event":"ApproachSettlement", "Name":"Faraday Keep" }
{ "timestamp":"2016-12-21T20:10:42Z", "event":"SupercruiseExit", "StarSystem":"17 Draconis", "Body":"Limbo", "BodyType":"Planet" }
{ "timestamp":"2016-12-21T20:13:13Z", "event":"CommitCrime", "CrimeType":"assault", "Faction":"New 17 Draconis Alliance", "Victim":"$missileskimmer_name;", "Victim_Localised":"Guardian", "Bounty":100 }
{ "timestamp":"2016-12-21T20:13:13Z", "event":"CommitCrime", "CrimeType":"assault", "Faction":"New 17 Draconis Alliance", "Victim":"$poi_turretbasea_name;", "Victim_Localised":"Defence Turret", "Bounty":100 }
{ "timestamp":"2016-12-21T20:13:13Z", "event":"CommitCrime", "CrimeType":"assault", "Faction":"New 17 Draconis Alliance", "Victim":"$skimmerdrone_name;", "Victim_Localised":"Sentry Skimmer", "Bounty":100 }
{ "timestamp":"2016-12-21T20:13:14Z", "event":"Bounty", "Target":"Skimmer", "Reward":0, "VictimFaction":"New 17 Draconis Alliance" }
{ "timestamp":"2016-12-21T20:13:15Z", "event":"Bounty", "Target":"Skimmer", "Reward":0, "VictimFaction":"New 17 Draconis Alliance" }
{ "timestamp":"2016-12-21T20:13:15Z", "event":"CommitCrime", "CrimeType":"assault", "Faction":"New 17 Draconis Alliance", "Victim":"$skimmerdrone_name;", "Victim_Localised":"Sentry Skimmer", "Bounty":100 }
{ "timestamp":"2016-12-21T20:13:15Z", "event":"CommitCrime", "CrimeType":"assault", "Faction":"New 17 Draconis Alliance", "Victim":"$skimmerdrone_name;", "Victim_Localised":"Sentry Skimmer", "Bounty":100 }
{ "timestamp":"2016-12-21T20:13:16Z", "event":"Bounty", "Target":"Skimmer", "Reward":0, "VictimFaction":"New 17 Draconis Alliance" }
{ "timestamp":"2016-12-21T20:13:16Z", "event":"Bounty", "Target":"Skimmer", "Reward":0, "VictimFaction":"New 17 Draconis Alliance" }
{ "timestamp":"2016-12-21T20:13:17Z", "event":"CommitCrime", "CrimeType":"assault", "Faction":"New 17 Draconis Alliance", "Victim":"$poi_turretbasea_name;", "Victim_Localised":"Defence Turret", "Bounty":100 }
{ "timestamp":"2016-12-21T20:13:18Z", "event":"CommitCrime", "CrimeType":"assault", "Faction":"New 17 Draconis Alliance", "Victim":"$skimmerdrone_name;", "Victim_Localised":"Sentry Skimmer", "Bounty":100 }
{ "timestamp":"2016-12-21T20:13:18Z", "event":"Bounty", "Target":"Skimmer", "Reward":0, "VictimFaction":"New 17 Draconis Alliance" }
{ "timestamp":"2016-12-21T20:13:20Z", "event":"CommitCrime", "CrimeType":"assault", "Faction":"New 17 Draconis Alliance", "Victim":"$missileskimmer_name;", "Victim_Localised":"Guardian", "Bounty":100 }
{ "timestamp":"2016-12-21T20:13:21Z", "event":"Bounty", "Target":"Skimmer", "Reward":0, "VictimFaction":"New 17 Draconis Alliance" }
{ "timestamp":"2016-12-21T20:13:48Z", "event":"HullDamage", "Health":0.418993 }
{ "timestamp":"2016-12-21T20:13:48Z", "event":"ShieldState", "ShieldsUp":false }
{ "timestamp":"2016-12-21T20:13:50Z", "event":"HullDamage", "Health":0.087692 }
{ "timestamp":"2016-12-21T20:13:50Z", "event":"HullDamage", "Health":0.087692 }
{ "timestamp":"2016-12-21T20:13:50Z", "event":"CommitCrime", "CrimeType":"assault", "Faction":"New 17 Draconis Alliance", "Victim":"$ShipName_Military_Federation;", "Victim_Localised":"Federal Navy Ship", "Bounty":100 }
{ "timestamp":"2016-12-21T20:13:50Z", "event":"Died", "KillerName":"$ShipName_Military_Federation;", "KillerName_Localised":"Federal Navy Ship", "KillerShip":"viper", "KillerRank":"Deadly" }
{ "timestamp":"2016-12-21T20:14:12Z", "event":"Resurrect", "Option":"rebuy", "Cost":32266, "Bankrupt":false }
{ "timestamp":"2016-12-21T20:14:34Z", "event":"Location", "Docked":true, "StationName":"Paradiso Outpost", "StationType":"Orbis", "StarSystem":"17 Draconis", "StarPos":[-305.750,272.219,49.500], "SystemAllegiance":"Federation", "SystemEconomy":"$economy_Military;", "SystemEconomy_Localised":"Military", "SystemGovernment":"$government_Confederacy;", "SystemGovernment_Localised":"Confederacy", "SystemSecurity":"$SYSTEM_SECURITY_medium;", "SystemSecurity_Localised":"Medium Security", "Body":"Paradiso Outpost", "BodyType":"Station", "SystemFaction":"New 17 Draconis Alliance" }
{ "timestamp":"2016-12-21T20:14:35Z", "event":"Docked", "StationName":"Paradiso Outpost", "StationType":"Orbis", "StarSystem":"17 Draconis", "StationFaction":"New 17 Draconis Alliance", "StationGovernment":"$government_Confederacy;", "StationGovernment_Localised":"Confederacy", "StationAllegiance":"Federation", "StationEconomy":"$economy_Service;", "StationEconomy_Localised":"Service" }
{ "timestamp":"2016-12-21T20:14:52Z", "event":"MissionCompleted", "Faction":"The Order", "Name":"Mission_Massacre_Conflict_War_name", "MissionID":61334070, "DestinationSystem":"17 Draconis", "DestinationStation":"Paradiso Outpost", "Reward":430578 }
{ "timestamp":"2016-12-21T20:14:56Z", "event":"MissionCompleted", "Faction":"The Order", "Name":"Mission_Massacre_Conflict_War_name", "MissionID":61363328, "DestinationSystem":"17 Draconis", "DestinationStation":"Paradiso Outpost", "Reward":366092 }
{ "timestamp":"2016-12-21T20:14:58Z", "event":"MissionCompleted", "Faction":"The Order", "Name":"Mission_Massacre_Conflict_War_name", "MissionID":61363340, "DestinationSystem":"17 Draconis", "DestinationStation":"Paradiso Outpost", "Reward":10638 }
{ "timestamp":"2016-12-21T20:15:01Z", "event":"MissionCompleted", "Faction":"The Order", "Name":"Mission_Massacre_Conflict_War_name", "MissionID":61363348, "DestinationSystem":"17 Draconis", "DestinationStation":"Paradiso Outpost", "Reward":63363 }
{ "timestamp":"2016-12-21T20:15:04Z", "event":"MissionCompleted", "Faction":"The Order", "Name":"Mission_Massacre_Conflict_War_name", "MissionID":61363857, "DestinationSystem":"17 Draconis", "DestinationStation":"Paradiso Outpost", "Reward":297666 }
{ "timestamp":"2016-12-21T20:15:06Z", "event":"MissionCompleted", "Faction":"The Order", "Name":"Mission_Massacre_Conflict_War_name", "MissionID":61363871, "DestinationSystem":"17 Draconis", "DestinationStation":"Paradiso Outpost", "Reward":243414 }
{ "timestamp":"2016-12-21T20:15:09Z", "event":"MissionCompleted", "Faction":"The Order", "Name":"Mission_Massacre_Conflict_War_name", "MissionID":61368245, "DestinationSystem":"17 Draconis", "DestinationStation":"Paradiso Outpost", "Reward":1051968 }
{ "timestamp":"2016-12-21T20:15:11Z", "event":"MissionCompleted", "Faction":"The Order", "Name":"Mission_Massacre_Conflict_War_name", "MissionID":61368256, "DestinationSystem":"17 Draconis", "DestinationStation":"Paradiso Outpost", "Reward":149884 }
{ "timestamp":"2016-12-21T20:15:14Z", "event":"MissionCompleted", "Faction":"The Order", "Name":"Mission_Massacre_Conflict_War_name", "MissionID":61368272, "DestinationSystem":"17 Draconis", "DestinationStation":"Paradiso Outpost", "Reward":215831, "CommodityReward":[ { "Name": "CoolingHoses", "Count": 4 } ] }
{ "timestamp":"2016-12-21T20:15:16Z", "event":"MissionCompleted", "Faction":"The Order", "Name":"Mission_Massacre_Conflict_War_name", "MissionID":61377165, "DestinationSystem":"17 Draconis", "DestinationStation":"Paradiso Outpost", "Reward":866451 }
{ "timestamp":"2016-12-21T20:15:19Z", "event":"MissionCompleted", "Faction":"The Order", "Name":"Mission_Massacre_Conflict_War_name", "MissionID":61377181, "DestinationSystem":"17 Draconis", "DestinationStation":"Paradiso Outpost", "Reward":233704 }
{ "timestamp":"2016-12-21T20:15:22Z", "event":"MissionCompleted", "Faction":"The Order", "Name":"Mission_Massacre_Conflict_War_name", "MissionID":61377188, "DestinationSystem":"17 Draconis", "DestinationStation":"Paradiso Outpost", "Reward":203790 }
{ "timestamp":"2016-12-21T20:15:25Z", "event":"MissionCompleted", "Faction":"The Order", "Name":"Mission_Massacre_Conflict_War_name", "MissionID":61377205, "DestinationSystem":"17 Draconis", "DestinationStation":"Paradiso Outpost", "Reward":191798 }
{ "timestamp":"2016-12-21T20:16:12Z", "event":"MissionAccepted", "Faction":"The Order", "Name":"Mission_Massacre_Conflict_War", "DestinationSystem":"17 Draconis", "DestinationStation":"Paradiso Outpost", "Expiry":"2016-12-22T16:49:26Z", "MissionID":61385649 }
{ "timestamp":"2016-12-21T20:16:14Z", "event":"MissionAccepted", "Faction":"The Order", "Name":"Mission_Massacre_Conflict_War", "DestinationSystem":"17 Draconis", "DestinationStation":"Paradiso Outpost", "Expiry":"2016-12-22T16:15:57Z", "MissionID":61385661 }
{ "timestamp":"2016-12-21T20:16:16Z", "event":"MissionAccepted", "Faction":"The Order", "Name":"Mission_Massacre_Conflict_War", "DestinationSystem":"17 Draconis", "DestinationStation":"Paradiso Outpost", "Expiry":"2016-12-22T16:58:35Z", "MissionID":61385676 }
{ "timestamp":"2016-12-21T20:16:34Z", "event":"LoadGame", "Commander":"Coccolithophore", "Ship":"Viper", "ShipID":3, "GameMode":"Solo", "Credits":9783319, "Loan":0 }
{ "timestamp":"2016-12-21T20:16:34Z", "event":"Rank", "Combat":2, "Trade":2, "Explore":2, "Empire":0, "Federation":0, "CQC":0 }
{ "timestamp":"2016-12-21T20:16:34Z", "event":"Progress", "Combat":54, "Trade":83, "Explore":67, "Empire":0, "Federation":56, "CQC":0 }
{ "timestamp":"2016-12-21T20:16:54Z", "event":"Location", "Docked":true, "StationName":"Paradiso Outpost", "StationType":"Orbis", "StarSystem":"17 Draconis", "StarPos":[-305.750,272.219,49.500], "SystemAllegiance":"Federation", "SystemEconomy":"$economy_Military;", "SystemEconomy_Localised":"Military", "SystemGovernment":"$government_Confederacy;", "SystemGovernment_Localised":"Confederacy", "SystemSecurity":"$SYSTEM_SECURITY_medium;", "SystemSecurity_Localised":"Medium Security", "Body":"Paradiso Outpost", "BodyType":"Station", "SystemFaction":"New 17 Draconis Alliance" }
{ "timestamp":"2016-12-21T20:16:54Z", "event":"Docked", "StationName":"Paradiso Outpost", "StationType":"Orbis", "StarSystem":"17 Draconis", "StationFaction":"New 17 Draconis Alliance", "StationGovernment":"$government_Confederacy;", "StationGovernment_Localised":"Confederacy", "StationAllegiance":"Federation", "StationEconomy":"$economy_Service;", "StationEconomy_Localised":"Service" }
{ "timestamp":"2016-12-21T20:17:06Z", "event":"BuyAmmo", "Cost":15000 }
{ "timestamp":"2016-12-21T20:17:22Z", "event":"MissionAccepted", "Faction":"The Order", "Name":"Mission_Massacre_Conflict_War", "DestinationSystem":"17 Draconis", "DestinationStation":"Paradiso Outpost", "Expiry":"2016-12-22T17:08:26Z", "MissionID":61386109 }
{ "timestamp":"2016-12-21T20:17:24Z", "event":"MissionAccepted", "Faction":"The Order", "Name":"Mission_Massacre_Conflict_War", "DestinationSystem":"17 Draconis", "DestinationStation":"Paradiso Outpost", "Expiry":"2016-12-22T17:21:28Z", "MissionID":61386122 }
