{ "timestamp":"2017-05-10T21:59:29Z", "event":"Fileheader", "part":1, "language":"English\\UK", "gameversion":"2.3.02", "build":"r143095/r0 " }
{ "timestamp":"2017-05-10T22:00:57Z", "event":"Cargo", "Inventory":[  ] }
{ "timestamp":"2017-05-10T22:00:57Z", "event":"Loadout", "Ship":"Python", "ShipID":16, "ShipName":"", "ShipIdent":"", "Modules":[ { "Slot":"LargeHardpoint1", "Item":"Hpt_MultiCannon_Gimbal_Large", "On":true, "Priority":0, "AmmoInClip":74, "AmmoInHopper":2100, "Health":1.000000, "Value":491671, "EngineerBlueprint":"Weapon_Overcharged", "EngineerLevel":4 }, { "Slot":"LargeHardpoint2", "Item":"Hpt_MultiCannon_Gimbal_Large", "On":true, "Priority":0, "AmmoInClip":75, "AmmoInHopper":2100, "Health":1.000000, "Value":491671, "EngineerBlueprint":"Weapon_Overcharged", "EngineerLevel":4 }, { "Slot":"LargeHardpoint3", "Item":"Hpt_BeamLaser_Gimbal_Large", "On":true, "Priority":0, "Health":1.000000, "Value":2036736, "EngineerBlueprint":"Weapon_Efficient", "EngineerLevel":5 }, { "Slot":"MediumHardpoint1", "Item":"Hpt_BeamLaser_Gimbal_Medium", "On":true, "Priority":0, "Health":1.000000, "Value":500600, "EngineerBlueprint":"Weapon_Efficient", "EngineerLevel":5 }, { "Slot":"MediumHardpoint2", "Item":"Hpt_BeamLaser_Gimbal_Medium", "On":true, "Priority":0, "Health":1.000000, "Value":500600, "EngineerBlueprint":"Weapon_Efficient", "EngineerLevel":5 }, { "Slot":"TinyHardpoint1", "Item":"Hpt_ChaffLauncher_Tiny", "On":true, "Priority":0, "AmmoInClip":1, "AmmoInHopper":10, "Health":1.000000, "Value":7225 }, { "Slot":"TinyHardpoint2", "Item":"Hpt_HeatSinkLauncher_Turret_Tiny", "On":true, "Priority":0, "AmmoInClip":1, "AmmoInHopper":2, "Health":1.000000, "Value":2975 }, { "Slot":"TinyHardpoint3", "Item":"Hpt_ShieldBooster_Size0_Class5", "On":true, "Priority":0, "Health":1.000000, "Value":281000 }, { "Slot":"TinyHardpoint4", "Item":"Hpt_ShieldBooster_Size0_Class5", "On":true, "Priority":0, "Health":1.000000, "Value":238850 }, { "Slot":"PaintJob", "Item":"PaintJob_Python_BlackFriday_01", "On":true, "Priority":1, "Health":1.000000, "Value":0 }, { "Slot":"Armour", "Item":"Python_Armour_Grade1", "On":true, "Priority":1, "Health":1.000000, "Value":0 }, { "Slot":"PowerPlant", "Item":"Int_Powerplant_Size6_Class4", "On":true, "Priority":1, "Health":1.000000, "Value":5393177 }, { "Slot":"MainEngines", "Item":"Int_Engine_Size6_Class3", "On":true, "Priority":0, "Health":1.000000, "Value":1797726 }, { "Slot":"FrameShiftDrive", "Item":"Int_Hyperdrive_Size5_Class5", "On":true, "Priority":0, "Health":1.000000, "Value":4338361, "EngineerBlueprint":"FSD_LongRange", "EngineerLevel":5 }, { "Slot":"LifeSupport", "Item":"Int_LifeSupport_Size4_Class2", "On":true, "Priority":0, "Health":1.000000, "Value":28373 }, { "Slot":"PowerDistributor", "Item":"Int_PowerDistributor_Size7_Class4", "On":true, "Priority":0, "Health":1.000000, "Value":3892770, "EngineerBlueprint":"PowerDistributor_HighCapacity", "EngineerLevel":1 }, { "Slot":"Radar", "Item":"Int_Sensors_Size6_Class2", "On":true, "Priority":0, "Health":1.000000, "Value":189078 }, { "Slot":"FuelTank", "Item":"Int_FuelTank_Size5_Class3", "On":true, "Priority":1, "Health":1.000000, "Value":83090 }, { "Slot":"Slot01_Size6", "Item":"Int_CargoRack_Size6_Class1", "On":true, "Priority":1, "Health":1.000000, "Value":362591 }, { "Slot":"Slot02_Size6", "Item":"Int_PassengerCabin_Size6_Class1", "On":true, "Priority":1, "AmmoInClip":32, "Health":1.000000, "Value":61410 }, { "Slot":"Slot03_Size6", "Item":"Int_ShieldGenerator_Size6_Class4", "On":true, "Priority":0, "Health":1.000000, "Value":5393177 }, { "Slot":"Slot04_Size5", "Item":"Int_FSDInterdictor_Size4_Class3", "On":true, "Priority":0, "Health":1.000000, "Value":2370816 }, { "Slot":"Slot05_Size5", "Item":"Int_FuelScoop_Size5_Class4", "On":true, "Priority":0, "Health":1.000000, "Value":2268424 }, { "Slot":"Slot06_Size4", "Item":"Int_CargoRack_Size4_Class1", "On":true, "Priority":1, "Health":1.000000, "Value":34328 }, { "Slot":"Slot08_Size3", "Item":"Int_BuggyBay_Size2_Class2", "On":true, "Priority":0, "Health":1.000000, "Value":21600 }, { "Slot":"Slot09_Size2", "Item":"Int_StellarBodyDiscoveryScanner_Advanced", "On":true, "Priority":1, "Health":1.000000, "Value":1313250 }, { "Slot":"PlanetaryApproachSuite", "Item":"Int_PlanetApproachSuite", "On":true, "Priority":1, "Health":1.000000, "Value":425 }, { "Slot":"ShipCockpit", "Item":"Python_Cockpit", "On":true, "Priority":1, "Health":1.000000, "Value":0 }, { "Slot":"CargoHatch", "Item":"ModularCargoBayDoor", "On":true, "Priority":2, "Health":1.000000, "Value":0 } ] }
{ "timestamp":"2017-05-10T22:00:57Z", "event":"Materials", "Raw":[ { "Name":"chromium", "Count":34 }, { "Name":"iron", "Count":62 }, { "Name":"carbon", "Count":11 }, { "Name":"nickel", "Count":20 }, { "Name":"zinc", "Count":15 }, { "Name":"cadmium", "Count":8 }, { "Name":"phosphorus", "Count":19 }, { "Name":"germanium", "Count":14 }, { "Name":"manganese", "Count":21 }, { "Name":"yttrium", "Count":3 }, { "Name":"molybdenum", "Count":6 }, { "Name":"polonium", "Count":3 }, { "Name":"niobium", "Count":27 }, { "Name":"zirconium", "Count":9 }, { "Name":"sulphur", "Count":3 }, { "Name":"selenium", "Count":2 } ], "Manufactured":[ { "Name":"chemicalprocessors", "Count":11 }, { "Name":"salvagedalloys", "Count":15 }, { "Name":"shieldemitters", "Count":3 }, { "Name":"compoundshielding", "Count":24 }, { "Name":"refinedfocuscrystals", "Count":47 }, { "Name":"shieldingsensors", "Count":8 }, { "Name":"focuscrystals", "Count":9 }, { "Name":"fedproprietarycomposites", "Count":6 }, { "Name":"protolightalloys", "Count":13 }, { "Name":"galvanisingalloys", "Count":11 }, { "Name":"precipitatedalloys", "Count":9 }, { "Name":"heatconductionwiring", "Count":9 }, { "Name":"phasealloys", "Count":1 }, { "Name":"wornshieldemitters", "Count":15 }, { "Name":"configurablecomponents", "Count":12 }, { "Name":"conductivepolymers", "Count":21 }, { "Name":"chemicalmanipulators", "Count":4 }, { "Name":"fedcorecomposites", "Count":2 }, { "Name":"biotechconductors", "Count":2 }, { "Name":"protoheatradiators", "Count":1 }, { "Name":"crystalshards", "Count":3 }, { "Name":"heatresistantceramics", "Count":1 }, { "Name":"protoradiolicalloys", "Count":4 }, { "Name":"gridresistors", "Count":3 }, { "Name":"basicconductors", "Count":1 }, { "Name":"exquisitefocuscrystals", "Count":1 }, { "Name":"mechanicalscrap", "Count":1 }, { "Name":"heatdispersionplate", "Count":6 }, { "Name":"mechanicalcomponents", "Count":6 }, { "Name":"polymercapacitors", "Count":3 }, { "Name":"heatexchangers", "Count":3 }, { "Name":"conductivecomponents", "Count":6 }, { "Name":"heatvanes", "Count":3 } ], "Encoded":[ { "Name":"emissiondata", "Count":30 }, { "Name":"shieldsoakanalysis", "Count":58 }, { "Name":"shieldcyclerecordings", "Count":55 }, { "Name":"decodedemissiondata", "Count":68 }, { "Name":"classifiedscandata", "Count":3 }, { "Name":"encodedscandata", "Count":2 }, { "Name":"shielddensityreports", "Count":39 }, { "Name":"scanarchives", "Count":14 }, { "Name":"securityfirmware", "Count":3 }, { "Name":"bulkscandata", "Count":39 }, { "Name":"shieldpatternanalysis", "Count":43 }, { "Name":"scandatabanks", "Count":15 }, { "Name":"fsdtelemetry", "Count":20 }, { "Name":"encryptedfiles", "Count":3 }, { "Name":"archivedemissiondata", "Count":2 }, { "Name":"scrambledemissiondata", "Count":4 }, { "Name":"wakesolutions", "Count":6 }, { "Name":"hyperspacetrajectories", "Count":16 }, { "Name":"industrialfirmware", "Count":1 }, { "Name":"shieldfrequencydata", "Count":3 }, { "Name":"compactemissionsdata", "Count":6 }, { "Name":"disruptedwakeechoes", "Count":36 }, { "Name":"dataminedwake", "Count":4 }, { "Name":"consumerfirmware", "Count":3 }, { "Name":"legacyfirmware", "Count":3 } ] }
{ "timestamp":"2017-05-10T22:00:57Z", "event":"LoadGame", "Commander":"Blantyre", "Ship":"Python", "ShipID":16, "ShipName":"", "ShipIdent":"", "FuelLevel":32.000000, "FuelCapacity":32.000000, "GameMode":"Group", "Group":"Blantyre", "Credits":29612142, "Loan":0 }
{ "timestamp":"2017-05-10T22:00:57Z", "event":"Rank", "Combat":4, "Trade":6, "Explore":6, "Empire":2, "Federation":7, "CQC":0 }
{ "timestamp":"2017-05-10T22:00:57Z", "event":"Progress", "Combat":60, "Trade":6, "Explore":68, "Empire":60, "Federation":17, "CQC":0 }
{ "timestamp":"2017-05-10T22:01:16Z", "event":"Location", "Docked":true, "StationName":"Hencke Centre", "StationType":"Coriolis", "StarSystem":"Wolf 248", "StarPos":[2.781,60.313,-0.438], "SystemAllegiance":"Federation", "SystemEconomy":"$economy_Military;", "SystemEconomy_Localised":"Military", "SystemGovernment":"$government_Corporate;", "SystemGovernment_Localised":"Corporate", "SystemSecurity":"$SYSTEM_SECURITY_low;", "SystemSecurity_Localised":"Low Security", "Body":"Hencke Centre", "BodyType":"Station", "Factions":[ { "Name":"Tellus Group", "FactionState":"Boom", "Government":"Corporate", "Influence":0.194805, "Allegiance":"Alliance" }, { "Name":"New Wolf 248 League", "FactionState":"None", "Government":"Confederacy", "Influence":0.114885, "Allegiance":"Federation" }, { "Name":"Istanu PLC", "FactionState":"Boom", "Government":"Corporate", "Influence":0.204795, "Allegiance":"Federation" }, { "Name":"United Wolf 248 First", "FactionState":"CivilWar", "Government":"Dictatorship", "Influence":0.048951, "Allegiance":"Independent" }, { "Name":"Wolf 248 Gold Mafia", "FactionState":"CivilWar", "Government":"Anarchy", "Influence":0.044955, "Allegiance":"Independent" }, { "Name":"Wolf 248 Energy Exchange", "FactionState":"None", "Government":"Corporate", "Influence":0.129870, "Allegiance":"Federation" }, { "Name":"New Wolf 248 Independents", "FactionState":"None", "Government":"Democracy", "Influence":0.261738, "Allegiance":"Federation" } ], "SystemFaction":"Wolf 248 Energy Exchange" }
{ "timestamp":"2017-05-10T22:01:17Z", "event":"Docked", "StationName":"Hencke Centre", "StationType":"Coriolis", "StarSystem":"Wolf 248", "StationFaction":"Wolf 248 Energy Exchange", "StationGovernment":"$government_Corporate;", "StationGovernment_Localised":"Corporate", "StationAllegiance":"Federation", "StationEconomy":"$economy_Service;", "StationEconomy_Localised":"Service", "DistFromStarLS":29.338621 }
{ "timestamp":"2017-05-10T22:15:40Z", "event":"Undocked", "StationName":"Hencke Centre", "StationType":"Coriolis" }
{ "timestamp":"2017-05-10T22:17:04Z", "event":"ReceiveText", "From":"Hencke Centre", "Message":"$STATION_NoFireZone_exited;", "Message_Localised":"No fire zone left.", "Channel":"npc" }
{ "timestamp":"2017-05-10T22:17:31Z", "event":"StartJump", "JumpType":"Hyperspace", "StarSystem":"Bei Dou Sector EL-Y c20", "StarClass":"M" }
{ "timestamp":"2017-05-10T22:17:50Z", "event":"FSDJump", "StarSystem":"Bei Dou Sector EL-Y c20", "StarPos":[-13.594,61.469,-0.938], "SystemAllegiance":"", "SystemEconomy":"$economy_None;", "SystemEconomy_Localised":"None", "SystemGovernment":"$government_None;", "SystemGovernment_Localised":"None", "SystemSecurity":"$SYSTEM_SECURITY_low;", "SystemSecurity_Localised":"Low Security", "JumpDist":16.423, "FuelUsed":2.288194, "FuelLevel":29.711805 }
{ "timestamp":"2017-05-10T22:18:03Z", "event":"FuelScoop", "Scooped":2.288210, "Total":32.000000 }
{ "timestamp":"2017-05-10T22:18:29Z", "event":"StartJump", "JumpType":"Hyperspace", "StarSystem":"NLTT 34715", "StarClass":"M" }
{ "timestamp":"2017-05-10T22:18:51Z", "event":"FSDJump", "StarSystem":"NLTT 34715", "StarPos":[-27.438,66.531,-5.656], "SystemAllegiance":"Alliance", "SystemEconomy":"$economy_Industrial;", "SystemEconomy_Localised":"Industrial", "SystemGovernment":"$government_Democracy;", "SystemGovernment_Localised":"Democracy", "SystemSecurity":"$SYSTEM_SECURITY_high;", "SystemSecurity_Localised":"High Security", "JumpDist":15.477, "FuelUsed":1.978588, "FuelLevel":30.021412, "Factions":[ { "Name":"Independent NLTT 34715 Independents", "FactionState":"Boom", "Government":"Democracy", "Influence":0.533000, "Allegiance":"Alliance" }, { "Name":"NLTT 34715 Pro-Alliance Party", "FactionState":"Boom", "Government":"Patronage", "Influence":0.165000, "Allegiance":"Alliance" }, { "Name":"NLTT 34715 Corp.", "FactionState":"CivilWar", "Government":"Corporate", "Influence":0.074000, "Allegiance":"Independent" }, { "Name":"NLTT 34715 Blue Drug Empire", "FactionState":"CivilWar", "Government":"Anarchy", "Influence":0.046000, "Allegiance":"Independent" }, { "Name":"Nationalists of NLTT 34715", "FactionState":"Boom", "Government":"Dictatorship", "Influence":0.182000, "Allegiance":"Alliance" } ], "SystemFaction":"Independent NLTT 34715 Independents", "FactionState":"Boom" }
{ "timestamp":"2017-05-10T22:19:03Z", "event":"FuelScoop", "Scooped":1.978583, "Total":32.000000 }
{ "timestamp":"2017-05-10T22:19:58Z", "event":"USSDrop", "USSType":"$USS_Type_Convoy;", "USSType_Localised":"Convoy dispersal pattern detected", "USSThreat":3 }
{ "timestamp":"2017-05-10T22:19:59Z", "event":"SupercruiseExit", "StarSystem":"NLTT 34715", "Body":"NLTT 34715 A", "BodyType":"Star" }
{ "timestamp":"2017-05-10T22:20:08Z", "event":"MaterialCollected", "Category":"Encoded", "Name":"shieldcyclerecordings", "Count":3 }
{ "timestamp":"2017-05-10T22:22:01Z", "event":"StartJump", "JumpType":"Hyperspace", "StarSystem":"Rahu", "StarClass":"K" }
{ "timestamp":"2017-05-10T22:22:20Z", "event":"FSDJump", "StarSystem":"Rahu", "StarPos":[-43.781,62.438,-0.250], "SystemAllegiance":"Alliance", "SystemEconomy":"$economy_Refinery;", "SystemEconomy_Localised":"Refinery", "SystemGovernment":"$government_Corporate;", "SystemGovernment_Localised":"Corporate", "SystemSecurity":"$SYSTEM_SECURITY_medium;", "SystemSecurity_Localised":"Medium Security", "JumpDist":17.695, "FuelUsed":2.746811, "FuelLevel":29.253189, "Factions":[ { "Name":"Rahu Labour Union", "FactionState":"Boom", "Government":"Communism", "Influence":0.339000, "Allegiance":"Alliance" }, { "Name":"Dukes of Rahu", "FactionState":"Boom", "Government":"Feudal", "Influence":0.078000, "Allegiance":"Independent" }, { "Name":"LTT 14437 Inc", "FactionState":"None", "Government":"Corporate", "Influence":0.068000, "Allegiance":"Independent" }, { "Name":"Rahu Power Industry", "FactionState":"Boom", "Government":"Corporate", "Influence":0.481000, "Allegiance":"Alliance" }, { "Name":"Rahu Society", "FactionState":"None", "Government":"Anarchy", "Influence":0.034000, "Allegiance":"Independent" } ], "SystemFaction":"Rahu Power Industry", "FactionState":"Boom" }
{ "timestamp":"2017-05-10T22:22:37Z", "event":"FuelScoop", "Scooped":2.125319, "Total":31.378504 }
{ "timestamp":"2017-05-10T22:23:55Z", "event":"USSDrop", "USSType":"$USS_Type_Convoy;", "USSType_Localised":"Convoy dispersal pattern detected", "USSThreat":0 }
{ "timestamp":"2017-05-10T22:23:57Z", "event":"SupercruiseExit", "StarSystem":"Rahu", "Body":"Rahu", "BodyType":"Star" }
{ "timestamp":"2017-05-10T22:25:56Z", "event":"StartJump", "JumpType":"Supercruise" }
{ "timestamp":"2017-05-10T22:26:01Z", "event":"SupercruiseEntry", "StarSystem":"Rahu" }
{ "timestamp":"2017-05-10T22:28:44Z", "event":"USSDrop", "USSType":"$USS_Type_Convoy;", "USSType_Localised":"Convoy dispersal pattern detected", "USSThreat":1 }
{ "timestamp":"2017-05-10T22:28:54Z", "event":"SupercruiseExit", "StarSystem":"Rahu", "Body":"Rahu", "BodyType":"Star" }
{ "timestamp":"2017-05-10T22:29:17Z", "event":"MaterialCollected", "Category":"Encoded", "Name":"scanarchives", "Count":3 }
{ "timestamp":"2017-05-10T22:29:31Z", "event":"StartJump", "JumpType":"Supercruise" }
{ "timestamp":"2017-05-10T22:29:36Z", "event":"SupercruiseEntry", "StarSystem":"Rahu" }
{ "timestamp":"2017-05-10T22:30:57Z", "event":"USSDrop", "USSType":"$USS_Type_Salvage;", "USSType_Localised":"Degraded emissions detected", "USSThreat":0 }
{ "timestamp":"2017-05-10T22:30:58Z", "event":"SupercruiseExit", "StarSystem":"Rahu", "Body":"Rahu", "BodyType":"Star" }
{ "timestamp":"2017-05-10T22:31:31Z", "event":"StartJump", "JumpType":"Supercruise" }
{ "timestamp":"2017-05-10T22:31:36Z", "event":"SupercruiseEntry", "StarSystem":"Rahu" }
{ "timestamp":"2017-05-10T22:34:25Z", "event":"ReceiveText", "From":"$npc_name_decorate:#name=Maserati Fearn;", "From_Localised":"Maserati Fearn", "Message":"$Pirate_StartInterdiction04;", "Message_Localised":"Prepare yourself!", "Channel":"npc" }
{ "timestamp":"2017-05-10T22:34:36Z", "event":"Interdicted", "Submitted":true, "Interdictor":"Maserati Fearn", "IsPlayer":false, "Faction":"Rahu Society" }
{ "timestamp":"2017-05-10T22:34:37Z", "event":"SupercruiseExit", "StarSystem":"Rahu", "Body":"Rahu 3+4", "BodyType":"Null" }
{ "timestamp":"2017-05-10T22:34:41Z", "event":"ReceiveText", "From":"$npc_name_decorate:#name=Maserati Fearn;", "From_Localised":"Maserati Fearn", "Message":"$Pirate_OnStartScanCargo05;", "Message_Localised":"What treats do you carry?", "Channel":"npc" }
{ "timestamp":"2017-05-10T22:34:53Z", "event":"ReceiveText", "From":"$npc_name_decorate:#name=Maserati Fearn;", "From_Localised":"Maserati Fearn", "Message":"$Pirate_OnDeclarePiracyAttack03;", "Message_Localised":"Now you die, victim.", "Channel":"npc" }
{ "timestamp":"2017-05-10T22:35:59Z", "event":"ShieldState", "ShieldsUp":false }
{ "timestamp":"2017-05-10T22:35:59Z", "event":"ReceiveText", "From":"$ShipName_Police_Alliance;", "From_Localised":"Allied Police Forces", "Message":"$Police_ArriveInvestigate01;", "Message_Localised":"Investigating reports of crime.", "Channel":"npc" }
{ "timestamp":"2017-05-10T22:36:02Z", "event":"HullDamage", "Health":0.763577, "PlayerPilot":true, "Fighter":false }
{ "timestamp":"2017-05-10T22:36:13Z", "event":"HullDamage", "Health":0.599595, "PlayerPilot":true, "Fighter":false }
{ "timestamp":"2017-05-10T22:36:38Z", "event":"HullDamage", "Health":0.398297, "PlayerPilot":true, "Fighter":false }
{ "timestamp":"2017-05-10T22:37:22Z", "event":"ShieldState", "ShieldsUp":true }
{ "timestamp":"2017-05-10T22:37:28Z", "event":"ReceiveText", "From":"$ShipName_Police_Alliance;", "From_Localised":"Allied Police Forces", "Message":"$Police_ArrivedAtInvestigationLocation06;", "Message_Localised":"Crime response team in situ. Security sweep and scan commencing.", "Channel":"npc" }
{ "timestamp":"2017-05-10T22:37:57Z", "event":"StartJump", "JumpType":"Supercruise" }
{ "timestamp":"2017-05-10T22:38:02Z", "event":"SupercruiseEntry", "StarSystem":"Rahu" }
{ "timestamp":"2017-05-10T22:38:42Z", "event":"ReceiveText", "From":"$ShipName_PassengerLiner_Cruise;", "From_Localised":"Cruise Ship", "Message":"$CruiseLiner_SCPatrol05;", "Message_Localised":"This is your captain. Due to some unforeseen delays, we will be arriving at our next destination later than scheduled.", "Channel":"npc" }
{ "timestamp":"2017-05-10T22:39:26Z", "event":"ReceiveText", "From":"$ShipName_PassengerLiner_Cruise;", "From_Localised":"Cruise Ship", "Message":"$CruiseLiner_SCPatrol05;", "Message_Localised":"This is your captain. Due to some unforeseen delays, we will be arriving at our next destination later than scheduled.", "Channel":"npc" }
{ "timestamp":"2017-05-10T22:39:28Z", "event":"SupercruiseExit", "StarSystem":"Rahu", "Body":"Acharya Station", "BodyType":"Station" }
{ "timestamp":"2017-05-10T22:39:53Z", "event":"ReceiveText", "From":"Acharya Station", "Message":"$STATION_NoFireZone_entered;", "Message_Localised":"No fire zone entered.", "Channel":"npc" }
{ "timestamp":"2017-05-10T22:39:55Z", "event":"DockingRequested", "StationName":"Acharya Station" }
{ "timestamp":"2017-05-10T22:39:55Z", "event":"ReceiveText", "From":"Acharya Station", "Message":"$DockingChatter_Friendly;", "Message_Localised":"It's great to see you again, Commander.", "Channel":"npc" }
{ "timestamp":"2017-05-10T22:39:56Z", "event":"ReceiveText", "From":"Acharya Station", "Message":"$STATION_docking_granted;", "Message_Localised":"Docking request granted.", "Channel":"npc" }
{ "timestamp":"2017-05-10T22:39:56Z", "event":"DockingGranted", "LandingPad":5, "StationName":"Acharya Station" }
{ "timestamp":"2017-05-10T22:40:39Z", "event":"Docked", "StationName":"Acharya Station", "StationType":"Coriolis", "StarSystem":"Rahu", "StationFaction":"Rahu Power Industry", "FactionState":"Boom", "StationGovernment":"$government_Corporate;", "StationGovernment_Localised":"Corporate", "StationAllegiance":"Alliance", "StationEconomy":"$economy_Refinery;", "StationEconomy_Localised":"Refinery", "DistFromStarLS":2725.051514 }
{ "timestamp":"2017-05-10T22:41:16Z", "event":"RefuelAll", "Cost":68, "Amount":1.336812 }
{ "timestamp":"2017-05-10T22:41:18Z", "event":"RepairAll", "Cost":51807 }
{ "timestamp":"2017-05-10T22:41:19Z", "event":"BuyAmmo", "Cost":889 }
{ "timestamp":"2017-05-10T22:41:35Z", "event":"SellExplorationData", "Systems":[ "G 14-6", "Wolf 401", "KX Librae", "G 121-8", "Wolf 386", "ICZ BQ-Y d91", "ICZ IR-W c1-18", "ICZ FB-X b1-2", "Bei Dou Sector EL-Y c20", "Waangamici", "Core Sys Sector EB-O a6-1" ], "Discovered":[  ], "BaseValue":75406, "Bonus":0 }
{ "timestamp":"2017-05-10T22:53:18Z", "event":"ReceiveText", "From":"$npc_name_decorate:#name=Robert Drury;", "From_Localised":"Robert Drury", "Message":"$Commuter_AuthorityScan08;", "Message_Localised":"You've got no right to scan me, officer!", "Channel":"npc" }
{ "timestamp":"2017-05-10T22:54:00Z", "event":"Undocked", "StationName":"Acharya Station", "StationType":"Coriolis" }
{ "timestamp":"2017-05-10T22:54:33Z", "event":"ReceiveText", "From":"Acharya Station", "Message":"$STATION_NoFireZone_exited;", "Message_Localised":"No fire zone left.", "Channel":"npc" }
{ "timestamp":"2017-05-10T22:55:40Z", "event":"Scanned", "ScanType":"Cargo" }
{ "timestamp":"2017-05-10T22:55:40Z", "event":"ReceiveText", "From":"$npc_name_decorate:#name=Alliance Enforcer;", "From_Localised":"Alliance Enforcer", "Message":"$Generic_NoAttackGeneric02;", "Message_Localised":"Well, you were a complete waste of my time and effort.", "Channel":"npc" }
{ "timestamp":"2017-05-10T22:56:02Z", "event":"StartJump", "JumpType":"Supercruise" }
{ "timestamp":"2017-05-10T22:56:07Z", "event":"SupercruiseEntry", "StarSystem":"Rahu" }
{ "timestamp":"2017-05-10T22:56:49Z", "event":"ReceiveText", "From":"$ShipName_PassengerLiner_Cruise;", "From_Localised":"Cruise Ship", "Message":"$CruiseLiner_SCPatrol02;", "Message_Localised":"We will be cruising in-system for a while, please feel free to take advantage of our in-flight entertainment.", "Channel":"npc" }
{ "timestamp":"2017-05-10T22:57:01Z", "event":"Scan", "BodyName":"Rahu 4 a", "DistanceFromArrivalLS":2718.110107, "PlanetClass":"Rocky body", "MassEM":0.001458, "Radius":797294.125000, "SurfaceGravity":0.914374, "SemiMajorAxis":344103232.000000, "Eccentricity":0.000331, "OrbitalInclination":-0.161309, "Periapsis":301.251892, "OrbitalPeriod":67600.203125, "RotationPeriod":67601.031250 }
{ "timestamp":"2017-05-10T22:57:21Z", "event":"ReceiveText", "From":"$ShipName_PassengerLiner_Cruise;", "From_Localised":"Cruise Ship", "Message":"$CruiseLiner_SCPatrol03;", "Message_Localised":"Today's cruise includes some delightful views, our flight attendants are on hand with full details.", "Channel":"npc" }
{ "timestamp":"2017-05-10T22:58:40Z", "event":"SupercruiseExit", "StarSystem":"Rahu", "Body":"Rahu 4 A Ring", "BodyType":"PlanetaryRing" }
{ "timestamp":"2017-05-10T22:59:49Z", "event":"Bounty", "Rewards":[ { "Faction":"Rahu Power Industry", "Reward":14730 } ], "Target":"viper", "TotalReward":14730, "VictimFaction":"Rahu Power Industry" }
{ "timestamp":"2017-05-10T22:59:56Z", "event":"Scanned", "ScanType":"Cargo" }
{ "timestamp":"2017-05-10T22:59:56Z", "event":"ReceiveText", "From":"$npc_name_decorate:#name=Alliance Enforcer;", "From_Localised":"Alliance Enforcer", "Message":"$Generic_NoAttackGeneric01;", "Message_Localised":"I don't got a problem with you, you have nothing I want.", "Channel":"npc" }
{ "timestamp":"2017-05-10T23:00:10Z", "event":"ReceiveText", "From":"$npc_name_decorate:#name=Blackbeard;", "From_Localised":"Blackbeard", "Message":"$BadKarmaCriticalDamage10;", "Message_Localised":"You've scratched my paint!", "Channel":"npc" }
{ "timestamp":"2017-05-10T23:00:18Z", "event":"Bounty", "Rewards":[ { "Faction":"Rahu Power Industry", "Reward":200 }, { "Faction":"Alliance", "Reward":12915 } ], "Target":"cobramkiii", "TotalReward":13115, "VictimFaction":"Rahu Power Industry" }
{ "timestamp":"2017-05-10T23:00:26Z", "event":"MaterialCollected", "Category":"Encoded", "Name":"shieldcyclerecordings", "Count":3 }
{ "timestamp":"2017-05-10T23:00:39Z", "event":"Scanned", "ScanType":"Cargo" }
{ "timestamp":"2017-05-10T23:00:39Z", "event":"ReceiveText", "From":"$npc_name_decorate:#name=Alliance Enforcer;", "From_Localised":"Alliance Enforcer", "Message":"$Generic_NoAttackGeneric03;", "Message_Localised":"Another ship that's not worth my time, this is turning into a bad day.", "Channel":"npc" }
{ "timestamp":"2017-05-10T23:00:44Z", "event":"Scanned", "ScanType":"Cargo" }
{ "timestamp":"2017-05-10T23:00:59Z", "event":"Scanned", "ScanType":"Cargo" }
{ "timestamp":"2017-05-10T23:02:16Z", "event":"ReceiveText", "From":"$npc_name_decorate:#name=Jimi Hendrix;", "From_Localised":"Jimi Hendrix", "Message":"$BadKarmaCriticalDamage05;", "Message_Localised":"No, no!", "Channel":"npc" }
{ "timestamp":"2017-05-10T23:02:41Z", "event":"ReceiveText", "From":"$npc_name_decorate:#name=Mikos;", "From_Localised":"Mikos", "Message":"$BadKarmaCriticalDamage10;", "Message_Localised":"You've scratched my paint!", "Channel":"npc" }
{ "timestamp":"2017-05-10T23:03:00Z", "event":"Bounty", "Rewards":[ { "Faction":"Rahu Power Industry", "Reward":163347 } ], "Target":"python", "TotalReward":163347, "VictimFaction":"Rahu Society" }
{ "timestamp":"2017-05-10T23:03:27Z", "event":"ReceiveText", "From":"$npc_name_decorate:#name=Tom MacVicars;", "From_Localised":"Tom MacVicars", "Message":"$Pirate_OnDeclarePiracyAttack04;", "Message_Localised":"I'm gonna boil you up!", "Channel":"npc" }
{ "timestamp":"2017-05-10T23:03:43Z", "event":"ReceiveText", "From":"$npc_name_decorate:#name=Anna Manini;", "From_Localised":"Anna Manini", "Message":"$Pirate_OnStartScanCargo04;", "Message_Localised":"What do you carry, I wonder?", "Channel":"npc" }
{ "timestamp":"2017-05-10T23:03:53Z", "event":"ReceiveText", "From":"$npc_name_decorate:#name=Anna Manini;", "From_Localised":"Anna Manini", "Message":"$Pirate_OnNoCargoFound03;", "Message_Localised":"No cargo? Useless dreg.", "Channel":"npc" }
{ "timestamp":"2017-05-10T23:03:53Z", "event":"Scanned", "ScanType":"Cargo" }
{ "timestamp":"2017-05-10T23:03:59Z", "event":"ReceiveText", "From":"$npc_name_decorate:#name=Keary;", "From_Localised":"Keary", "Message":"$Escort_NearDeath09;", "Message_Localised":"Where's my support?", "Channel":"npc" }
{ "timestamp":"2017-05-10T23:04:09Z", "event":"ReceiveText", "From":"$npc_name_decorate:#name=Rosie Molloy;", "From_Localised":"Rosie Molloy", "Message":"$Escort_EscortJump02;", "Message_Localised":"Damn. Looks like I'm done here.", "Channel":"npc" }
{ "timestamp":"2017-05-10T23:04:09Z", "event":"StartJump", "JumpType":"Supercruise" }
{ "timestamp":"2017-05-10T23:04:14Z", "event":"SupercruiseEntry", "StarSystem":"Rahu" }
