{ "timestamp":"2017-02-20T14:27:57Z", "event":"Fileheader", "part":1, "language":"English\\UK", "gameversion":"2.2", "build":"r131487/r0 " }
{ "timestamp":"2017-02-20T14:28:34Z", "event":"LoadGame", "Commander":"Blantyre", "Ship":"Python", "ShipID":16, "GameMode":"Solo", "Credits":24559172, "Loan":0 }
{ "timestamp":"2017-02-20T14:28:34Z", "event":"Rank", "Combat":4, "Trade":5, "Explore":5, "Empire":2, "Federation":7, "CQC":0 }
{ "timestamp":"2017-02-20T14:28:34Z", "event":"Progress", "Combat":37, "Trade":99, "Explore":14, "Empire":23, "Federation":16, "CQC":0 }
{ "timestamp":"2017-02-20T14:29:05Z", "event":"Location", "Docked":true, "StationName":"Peltier Vision", "StationType":"Outpost", "StarSystem":"Lambda-2 Phoenicis", "StarPos":[31.156,-106.219,25.469], "SystemAllegiance":"Empire", "SystemEconomy":"$economy_Agri;", "SystemEconomy_Localised":"Agriculture", "SystemGovernment":"$government_Patronage;", "SystemGovernment_Localised":"Patronage", "SystemSecurity":"$SYSTEM_SECURITY_high;", "SystemSecurity_Localised":"High Security", "Body":"Peltier Vision", "BodyType":"Station", "SystemFaction":"Lambda-2 Phoenicis Society", "FactionState":"Boom" }
{ "timestamp":"2017-02-20T14:29:06Z", "event":"Docked", "StationName":"Peltier Vision", "StationType":"Outpost", "StarSystem":"Lambda-2 Phoenicis", "StationFaction":"Lambda-2 Phoenicis Society", "FactionState":"Boom", "StationGovernment":"$government_Patronage;", "StationGovernment_Localised":"Patronage", "StationAllegiance":"Empire", "StationEconomy":"$economy_Industrial;", "StationEconomy_Localised":"Industrial" }
{ "timestamp":"2017-02-20T14:30:42Z", "event":"RefuelAll", "Cost":30, "Amount":0.592682 }
{ "timestamp":"2017-02-20T14:34:36Z", "event":"Undocked", "StationName":"Peltier Vision", "StationType":"Outpost" }
{ "timestamp":"2017-02-20T14:35:03Z", "event":"ReceiveText", "From":"Peltier Vision", "Message":"$STATION_NoFireZone_exited;", "Message_Localised":"No fire zone left.", "Channel":"npc" }
{ "timestamp":"2017-02-20T14:35:50Z", "event":"FSDJump", "StarSystem":"ICZ FR-V b2-3", "StarPos":[19.500,-124.000,32.438], "SystemAllegiance":"", "SystemEconomy":"$economy_None;", "SystemEconomy_Localised":"None", "SystemGovernment":"$government_None;", "SystemGovernment_Localised":"None", "SystemSecurity":"$SYSTEM_SECURITY_low;", "SystemSecurity_Localised":"Low Security", "JumpDist":22.374, "FuelUsed":4.551633, "FuelLevel":27.448368 }
{ "timestamp":"2017-02-20T14:36:04Z", "event":"ReceiveText", "From":"$npc_name_decorate:#name=Sidney Ingram;", "From_Localised":"Sidney Ingram", "Message":"$Pirate_HunterHostileSC_Relevant02;", "Message_Localised":"I knew I'd find you eventually, all that tasty cargo!", "Channel":"npc" }
{ "timestamp":"2017-02-20T14:36:16Z", "event":"FuelScoop", "Scooped":1.837063, "Total":29.285431 }
{ "timestamp":"2017-02-20T14:36:58Z", "event":"FSDJump", "StarSystem":"Bactrib", "StarPos":[17.406,-140.813,37.313], "SystemAllegiance":"Empire", "SystemEconomy":"$economy_Industrial;", "SystemEconomy_Localised":"Industrial", "SystemGovernment":"$government_Patronage;", "SystemGovernment_Localised":"Patronage", "SystemSecurity":"$SYSTEM_SECURITY_medium;", "SystemSecurity_Localised":"Medium Security", "JumpDist":17.630, "FuelUsed":2.514632, "FuelLevel":26.770800, "SystemFaction":"Bactrib Patrons of Law", "FactionState":"Retreat" }
{ "timestamp":"2017-02-20T14:37:27Z", "event":"FuelScoop", "Scooped":2.761711, "Total":29.532511 }
{ "timestamp":"2017-02-20T14:37:51Z", "event":"FSDJump", "StarSystem":"ICZ NN-T b3-2", "StarPos":[16.594,-153.125,51.000], "SystemAllegiance":"", "SystemEconomy":"$economy_None;", "SystemEconomy_Localised":"None", "SystemGovernment":"$government_None;", "SystemGovernment_Localised":"None", "SystemSecurity":"$SYSTEM_SECURITY_low;", "SystemSecurity_Localised":"Low Security", "JumpDist":18.428, "FuelUsed":2.805440, "FuelLevel":26.727070 }
{ "timestamp":"2017-02-20T14:38:20Z", "event":"FuelScoop", "Scooped":2.748659, "Total":29.475729 }
{ "timestamp":"2017-02-20T14:38:55Z", "event":"FSDJump", "StarSystem":"HIP 115966", "StarPos":[5.844,-166.625,59.938], "SystemAllegiance":"", "SystemEconomy":"$economy_None;", "SystemEconomy_Localised":"None", "SystemGovernment":"$government_None;", "SystemGovernment_Localised":"None", "SystemSecurity":"$SYSTEM_SECURITY_low;", "SystemSecurity_Localised":"Low Security", "JumpDist":19.434, "FuelUsed":3.194911, "FuelLevel":26.280819 }
{ "timestamp":"2017-02-20T14:39:21Z", "event":"FuelScoop", "Scooped":1.239399, "Total":27.520218 }
{ "timestamp":"2017-02-20T14:39:55Z", "event":"FSDJump", "StarSystem":"Kamitra", "StarPos":[5.531,-183.406,63.844], "SystemAllegiance":"Empire", "SystemEconomy":"$economy_Agri;", "SystemEconomy_Localised":"Agriculture", "SystemGovernment":"$government_Patronage;", "SystemGovernment_Localised":"Patronage", "SystemSecurity":"$SYSTEM_SECURITY_medium;", "SystemSecurity_Localised":"Medium Security", "JumpDist":17.233, "FuelUsed":2.363574, "FuelLevel":25.156643, "SystemFaction":"Kamitra Empire Pact", "FactionState":"Boom" }
{ "timestamp":"2017-02-20T14:40:53Z", "event":"ReceiveText", "From":"$npc_name_decorate:#name=Cruise Ship;", "From_Localised":"Cruise Ship", "Message":"$CruiseLiner_SCPatrol02;", "Message_Localised":"We will be cruising in-system for a while, please feel free to take advantage of our in-flight entertainment.", "Channel":"npc" }
{ "timestamp":"2017-02-20T14:41:56Z", "event":"SupercruiseExit", "StarSystem":"Kamitra", "Body":"Hammel Terminal", "BodyType":"Station" }
{ "timestamp":"2017-02-20T14:41:57Z", "event":"ReceiveText", "From":"Hammel Terminal", "Message":"$STATION_NoFireZone_entered;", "Message_Localised":"No fire zone entered.", "Channel":"npc" }
{ "timestamp":"2017-02-20T14:42:12Z", "event":"DockingRequested", "StationName":"Hammel Terminal" }
{ "timestamp":"2017-02-20T14:42:12Z", "event":"ReceiveText", "From":"Hammel Terminal", "Message":"$DockingChatter_Neutral;", "Message_Localised":"Ensure to observe starport protocol during your visit, pilot.", "Channel":"npc" }
{ "timestamp":"2017-02-20T14:42:13Z", "event":"ReceiveText", "From":"Hammel Terminal", "Message":"$STATION_docking_granted;", "Message_Localised":"Docking request granted.", "Channel":"npc" }
{ "timestamp":"2017-02-20T14:42:13Z", "event":"DockingGranted", "LandingPad":7, "StationName":"Hammel Terminal" }
{ "timestamp":"2017-02-20T14:43:08Z", "event":"Docked", "StationName":"Hammel Terminal", "StationType":"Orbis", "StarSystem":"Kamitra", "StationFaction":"Kamitra Empire Pact", "FactionState":"Boom", "StationGovernment":"$government_Patronage;", "StationGovernment_Localised":"Patronage", "StationAllegiance":"Empire", "StationEconomy":"$economy_Agri;", "StationEconomy_Localised":"Agriculture" }
{ "timestamp":"2017-02-20T14:43:58Z", "event":"RefuelAll", "Cost":353, "Amount":7.023986 }
{ "timestamp":"2017-02-20T14:44:33Z", "event":"MissionAccepted", "Faction":"Kamitra Crimson United Ltd", "Name":"Mission_Delivery_Boom", "Commodity":"$Grain_Name;", "Commodity_Localised":"Grain", "Count":4, "DestinationSystem":"Gliese 9029", "DestinationStation":"Paola Station", "Expiry":"2017-02-21T14:44:12Z", "MissionID":94044471 }
{ "timestamp":"2017-02-20T14:44:40Z", "event":"MissionAccepted", "Faction":"Kamitra Crimson United Ltd", "Name":"Mission_Delivery_Boom", "Commodity":"$Water_Name;", "Commodity_Localised":"Water", "Count":30, "DestinationSystem":"Gliese 9029", "DestinationStation":"Nilson Gateway", "Expiry":"2017-02-21T14:44:12Z", "MissionID":94044533 }
{ "timestamp":"2017-02-20T14:44:54Z", "event":"MissionAccepted", "Faction":"Traditional Kamitra Freedom Party", "Name":"Mission_Delivery_Boom", "Commodity":"$Leather_Name;", "Commodity_Localised":"Leather", "Count":10, "DestinationSystem":"Gliese 9029", "DestinationStation":"Kranz City", "Expiry":"2017-02-21T14:44:12Z", "MissionID":94044641 }
{ "timestamp":"2017-02-20T14:45:00Z", "event":"MissionAccepted", "Faction":"Traditional Kamitra Freedom Party", "Name":"Mission_Delivery_Boom", "Commodity":"$Grain_Name;", "Commodity_Localised":"Grain", "Count":3, "DestinationSystem":"Gliese 9029", "DestinationStation":"Milne Orbital", "Expiry":"2017-02-21T14:44:12Z", "MissionID":94044682 }
{ "timestamp":"2017-02-20T14:45:09Z", "event":"MissionAccepted", "Faction":"Traditional Kamitra Freedom Party", "Name":"Mission_Delivery_Boom", "Commodity":"$Water_Name;", "Commodity_Localised":"Water", "Count":2, "DestinationSystem":"Gliese 9029", "DestinationStation":"Nilson Gateway", "Expiry":"2017-02-21T14:44:12Z", "MissionID":94044739 }
{ "timestamp":"2017-02-20T14:46:18Z", "event":"MissionAccepted", "Faction":"Traditional Kamitra Freedom Party", "Name":"Mission_Delivery_Boom", "Commodity":"$Tobacco_Name;", "Commodity_Localised":"Tobacco", "Count":2, "DestinationSystem":"Gliese 9029", "DestinationStation":"Nilson Gateway", "Expiry":"2017-02-21T14:44:12Z", "MissionID":94045276 }
{ "timestamp":"2017-02-20T14:46:21Z", "event":"MissionAccepted", "Faction":"Traditional Kamitra Freedom Party", "Name":"Mission_Delivery_Boom", "Commodity":"$Grain_Name;", "Commodity_Localised":"Grain", "Count":6, "DestinationSystem":"Gliese 9029", "DestinationStation":"Nilson Gateway", "Expiry":"2017-02-21T14:44:12Z", "MissionID":94045318 }
{ "timestamp":"2017-02-20T14:53:16Z", "event":"Undocked", "StationName":"Hammel Terminal", "StationType":"Orbis" }
{ "timestamp":"2017-02-20T14:54:24Z", "event":"ReceiveText", "From":"Hammel Terminal", "Message":"$STATION_NoFireZone_exited;", "Message_Localised":"No fire zone left.", "Channel":"npc" }
{ "timestamp":"2017-02-20T14:55:05Z", "event":"FSDJump", "StarSystem":"Djamburii", "StarPos":[14.813,-181.406,50.469], "SystemAllegiance":"Empire", "SystemEconomy":"$economy_Extraction;", "SystemEconomy_Localised":"Extraction", "SystemGovernment":"$government_Patronage;", "SystemGovernment_Localised":"Patronage", "SystemSecurity":"$SYSTEM_SECURITY_medium;", "SystemSecurity_Localised":"Medium Security", "JumpDist":16.402, "FuelUsed":2.572347, "FuelLevel":29.427654, "SystemFaction":"Djamburii Empire Assembly", "FactionState":"Boom" }
{ "timestamp":"2017-02-20T14:55:17Z", "event":"ReceiveText", "From":"$npc_name_decorate:#name=Seth Kahn;", "From_Localised":"Seth Kahn", "Message":"$Pirate_HunterHostileSC_Relevant05;", "Message_Localised":"The rumour was right... good job I found you first.", "Channel":"npc" }
{ "timestamp":"2017-02-20T14:55:31Z", "event":"FuelScoop", "Scooped":1.433666, "Total":30.861320 }
{ "timestamp":"2017-02-20T14:56:05Z", "event":"FSDJump", "StarSystem":"ICZ PI-T b3-4", "StarPos":[17.688,-165.750,39.500], "SystemAllegiance":"", "SystemEconomy":"$economy_None;", "SystemEconomy_Localised":"None", "SystemGovernment":"$government_None;", "SystemGovernment_Localised":"None", "SystemSecurity":"$SYSTEM_SECURITY_low;", "SystemSecurity_Localised":"Low Security", "JumpDist":19.331, "FuelUsed":3.833141, "FuelLevel":27.028179 }
{ "timestamp":"2017-02-20T14:56:29Z", "event":"FuelScoop", "Scooped":1.048601, "Total":28.076780 }
{ "timestamp":"2017-02-20T14:57:01Z", "event":"FSDJump", "StarSystem":"Veja Moco", "StarPos":[20.375,-165.281,23.250], "SystemAllegiance":"Empire", "SystemEconomy":"$economy_Extraction;", "SystemEconomy_Localised":"Extraction", "SystemGovernment":"$government_Dictatorship;", "SystemGovernment_Localised":"Dictatorship", "SystemSecurity":"$SYSTEM_SECURITY_medium;", "SystemSecurity_Localised":"Medium Security", "JumpDist":16.477, "FuelUsed":2.568648, "FuelLevel":25.508133, "SystemFaction":"Natural Veja Moco Bureau", "FactionState":"Boom" }
{ "timestamp":"2017-02-20T14:57:29Z", "event":"FuelScoop", "Scooped":2.004940, "Total":27.513073 }
{ "timestamp":"2017-02-20T14:58:04Z", "event":"FSDJump", "StarSystem":"Gliese 9029", "StarPos":[21.625,-156.844,15.031], "SystemAllegiance":"Empire", "SystemEconomy":"$economy_Industrial;", "SystemEconomy_Localised":"Industrial", "SystemGovernment":"$government_Corporate;", "SystemGovernment_Localised":"Corporate", "SystemSecurity":"$SYSTEM_SECURITY_high;", "SystemSecurity_Localised":"High Security", "JumpDist":11.845, "FuelUsed":1.142043, "FuelLevel":26.371031, "SystemFaction":"Gliese 9029 Universal Co", "FactionState":"Boom" }
{ "timestamp":"2017-02-20T14:58:27Z", "event":"FuelScoop", "Scooped":0.439571, "Total":26.810602 }
{ "timestamp":"2017-02-20T15:00:57Z", "event":"SupercruiseExit", "StarSystem":"Gliese 9029", "Body":"Nilson Gateway", "BodyType":"Station" }
{ "timestamp":"2017-02-20T15:01:07Z", "event":"DockingRequested", "StationName":"Nilson Gateway" }
{ "timestamp":"2017-02-20T15:01:07Z", "event":"ReceiveText", "From":"Nilson Gateway", "Message":"$DockingChatter_Neutral;", "Message_Localised":"Ensure to observe starport protocol during your visit, pilot.", "Channel":"npc" }
{ "timestamp":"2017-02-20T15:01:09Z", "event":"ReceiveText", "From":"Nilson Gateway", "Message":"$STATION_docking_granted;", "Message_Localised":"Docking request granted.", "Channel":"npc" }
{ "timestamp":"2017-02-20T15:01:09Z", "event":"DockingGranted", "LandingPad":5, "StationName":"Nilson Gateway" }
{ "timestamp":"2017-02-20T15:01:18Z", "event":"ReceiveText", "From":"Nilson Gateway", "Message":"$STATION_NoFireZone_entered;", "Message_Localised":"No fire zone entered.", "Channel":"npc" }
{ "timestamp":"2017-02-20T15:02:17Z", "event":"Docked", "StationName":"Nilson Gateway", "StationType":"Outpost", "StarSystem":"Gliese 9029", "StationFaction":"Gliese 9029 Patron's Principles", "FactionState":"CivilWar", "StationGovernment":"$government_Patronage;", "StationGovernment_Localised":"Patronage", "StationAllegiance":"Empire", "StationEconomy":"$economy_Industrial;", "StationEconomy_Localised":"Industrial" }
{ "timestamp":"2017-02-20T15:03:39Z", "event":"MissionCompleted", "Faction":"Gliese 9029 Universal Co", "Name":"Mission_Delivery_Boom_name", "MissionID":94045318, "Commodity":"$Grain_Name;", "Commodity_Localised":"Grain", "Count":6, "DestinationSystem":"Gliese 9029", "DestinationStation":"Nilson Gateway", "Reward":267304 }
{ "timestamp":"2017-02-20T15:03:49Z", "event":"MissionCompleted", "Faction":"Gliese 9029 Silver Council", "Name":"Mission_Delivery_Boom_name", "MissionID":94044739, "Commodity":"$Water_Name;", "Commodity_Localised":"Water", "Count":2, "DestinationSystem":"Gliese 9029", "DestinationStation":"Nilson Gateway", "Reward":346120 }
{ "timestamp":"2017-02-20T15:03:49Z", "event":"MaterialDiscovered", "Category":"Manufactured", "Name":"basicconductors", "DiscoveryNumber":34 }
{ "timestamp":"2017-02-20T15:03:49Z", "event":"MaterialCollected", "Category":"Manufactured", "Name":"basicconductors", "Count":1 }
{ "timestamp":"2017-02-20T15:03:56Z", "event":"MissionCompleted", "Faction":"Gliese 9029 Blue Netcoms Inc", "Name":"Mission_Delivery_Boom_name", "MissionID":94045276, "Commodity":"$Tobacco_Name;", "Commodity_Localised":"Tobacco", "Count":2, "DestinationSystem":"Gliese 9029", "DestinationStation":"Nilson Gateway", "Reward":269216, "CommodityReward":[ { "Name": "CoolingHoses", "Count": 4 } ] }
{ "timestamp":"2017-02-20T15:03:56Z", "event":"MaterialCollected", "Category":"Manufactured", "Name":"mechanicalscrap", "Count":1 }
{ "timestamp":"2017-02-20T15:03:57Z", "event":"Promotion", "Combat":4 }
{ "timestamp":"2017-02-20T15:03:57Z", "event":"Promotion", "Trade":6 }
{ "timestamp":"2017-02-20T15:04:07Z", "event":"MissionCompleted", "Faction":"Gliese 9029 Patron's Principles", "Name":"Mission_Delivery_Boom_name", "MissionID":94044533, "Commodity":"$Water_Name;", "Commodity_Localised":"Water", "Count":30, "DestinationSystem":"Gliese 9029", "DestinationStation":"Nilson Gateway", "Reward":804720 }
{ "timestamp":"2017-02-20T15:04:40Z", "event":"RefuelAll", "Cost":270, "Amount":5.382782 }
{ "timestamp":"2017-02-20T15:07:37Z", "event":"Undocked", "StationName":"Nilson Gateway", "StationType":"Outpost" }
{ "timestamp":"2017-02-20T15:08:02Z", "event":"ReceiveText", "From":"Nilson Gateway", "Message":"$STATION_NoFireZone_exited;", "Message_Localised":"No fire zone left.", "Channel":"npc" }
{ "timestamp":"2017-02-20T15:08:14Z", "event":"SupercruiseEntry", "StarSystem":"Gliese 9029" }
{ "timestamp":"2017-02-20T15:11:37Z", "event":"SupercruiseExit", "StarSystem":"Gliese 9029", "Body":"Kranz City", "BodyType":"Station" }
{ "timestamp":"2017-02-20T15:11:54Z", "event":"DockingRequested", "StationName":"Kranz City" }
{ "timestamp":"2017-02-20T15:11:54Z", "event":"ReceiveText", "From":"Kranz City", "Message":"$DockingChatter_Neutral;", "Message_Localised":"Ensure to observe starport protocol during your visit, pilot.", "Channel":"npc" }
{ "timestamp":"2017-02-20T15:11:56Z", "event":"ReceiveText", "From":"Kranz City", "Message":"$STATION_docking_granted;", "Message_Localised":"Docking request granted.", "Channel":"npc" }
{ "timestamp":"2017-02-20T15:11:56Z", "event":"DockingGranted", "LandingPad":5, "StationName":"Kranz City" }
{ "timestamp":"2017-02-20T15:12:02Z", "event":"ReceiveText", "From":"Kranz City", "Message":"$STATION_NoFireZone_entered;", "Message_Localised":"No fire zone entered.", "Channel":"npc" }
{ "timestamp":"2017-02-20T15:12:42Z", "event":"Docked", "StationName":"Kranz City", "StationType":"Outpost", "StarSystem":"Gliese 9029", "StationFaction":"Gliese 9029 Future", "FactionState":"CivilWar", "StationGovernment":"$government_Democracy;", "StationGovernment_Localised":"Democracy", "StationEconomy":"$economy_Industrial;", "StationEconomy_Localised":"Industrial" }
{ "timestamp":"2017-02-20T15:13:10Z", "event":"MissionCompleted", "Faction":"Gliese 9029 Blue Netcoms Inc", "Name":"Mission_Delivery_Boom_name", "MissionID":94044641, "Commodity":"$Leather_Name;", "Commodity_Localised":"Leather", "Count":10, "DestinationSystem":"Gliese 9029", "DestinationStation":"Kranz City", "Reward":518335 }
{ "timestamp":"2017-02-20T15:15:37Z", "event":"Undocked", "StationName":"Kranz City", "StationType":"Outpost" }
{ "timestamp":"2017-02-20T15:15:58Z", "event":"ReceiveText", "From":"Kranz City", "Message":"$STATION_NoFireZone_exited;", "Message_Localised":"No fire zone left.", "Channel":"npc" }
{ "timestamp":"2017-02-20T15:16:04Z", "event":"SupercruiseEntry", "StarSystem":"Gliese 9029" }
{ "timestamp":"2017-02-20T15:19:02Z", "event":"SupercruiseExit", "StarSystem":"Gliese 9029", "Body":"Milne Orbital", "BodyType":"Station" }
{ "timestamp":"2017-02-20T15:19:16Z", "event":"DockingRequested", "StationName":"Milne Orbital" }
{ "timestamp":"2017-02-20T15:19:16Z", "event":"ReceiveText", "From":"Milne Orbital", "Message":"$DockingChatter_Neutral;", "Message_Localised":"Ensure to observe starport protocol during your visit, pilot.", "Channel":"npc" }
{ "timestamp":"2017-02-20T15:19:17Z", "event":"ReceiveText", "From":"Milne Orbital", "Message":"$STATION_docking_granted;", "Message_Localised":"Docking request granted.", "Channel":"npc" }
{ "timestamp":"2017-02-20T15:19:17Z", "event":"DockingGranted", "LandingPad":4, "StationName":"Milne Orbital" }
{ "timestamp":"2017-02-20T15:19:29Z", "event":"ReceiveText", "From":"Milne Orbital", "Message":"$STATION_NoFireZone_entered;", "Message_Localised":"No fire zone entered.", "Channel":"npc" }
{ "timestamp":"2017-02-20T15:20:11Z", "event":"Docked", "StationName":"Milne Orbital", "StationType":"Outpost", "StarSystem":"Gliese 9029", "StationFaction":"Gliese 9029 Silver Council", "FactionState":"CivilWar", "StationGovernment":"$government_Anarchy;", "StationGovernment_Localised":"Anarchy", "StationEconomy":"$economy_Industrial;", "StationEconomy_Localised":"Industrial" }
{ "timestamp":"2017-02-20T15:20:57Z", "event":"MissionCompleted", "Faction":"Gliese 9029 Blue Netcoms Inc", "Name":"Mission_Delivery_Boom_name", "MissionID":94044682, "Commodity":"$Grain_Name;", "Commodity_Localised":"Grain", "Count":3, "DestinationSystem":"Gliese 9029", "DestinationStation":"Milne Orbital", "Reward":398022, "CommodityReward":[ { "Name": "Nanobreakers", "Count": 4 } ] }
{ "timestamp":"2017-02-20T15:20:57Z", "event":"MaterialCollected", "Category":"Encoded", "Name":"disruptedwakeechoes", "Count":1 }
{ "timestamp":"2017-02-20T15:22:08Z", "event":"Undocked", "StationName":"Milne Orbital", "StationType":"Outpost" }
{ "timestamp":"2017-02-20T15:22:30Z", "event":"ReceiveText", "From":"Milne Orbital", "Message":"$STATION_NoFireZone_exited;", "Message_Localised":"No fire zone left.", "Channel":"npc" }
{ "timestamp":"2017-02-20T15:22:43Z", "event":"SupercruiseEntry", "StarSystem":"Gliese 9029" }
{ "timestamp":"2017-02-20T15:29:11Z", "event":"SupercruiseExit", "StarSystem":"Gliese 9029", "Body":"Paola Station", "BodyType":"Station" }
{ "timestamp":"2017-02-20T15:29:12Z", "event":"ReceiveText", "From":"Paola Station", "Message":"$STATION_NoFireZone_entered;", "Message_Localised":"No fire zone entered.", "Channel":"npc" }
{ "timestamp":"2017-02-20T15:29:23Z", "event":"DockingRequested", "StationName":"Paola Station" }
{ "timestamp":"2017-02-20T15:29:23Z", "event":"ReceiveText", "From":"Paola Station", "Message":"$DockingChatter_Neutral;", "Message_Localised":"Ensure to observe starport protocol during your visit, pilot.", "Channel":"npc" }
{ "timestamp":"2017-02-20T15:29:24Z", "event":"ReceiveText", "From":"Paola Station", "Message":"$STATION_docking_granted;", "Message_Localised":"Docking request granted.", "Channel":"npc" }
{ "timestamp":"2017-02-20T15:29:24Z", "event":"DockingGranted", "LandingPad":37, "StationName":"Paola Station" }
{ "timestamp":"2017-02-20T15:30:21Z", "event":"Docked", "StationName":"Paola Station", "StationType":"Orbis", "StarSystem":"Gliese 9029", "StationFaction":"Gliese 9029 Patron's Principles", "FactionState":"CivilWar", "StationGovernment":"$government_Patronage;", "StationGovernment_Localised":"Patronage", "StationAllegiance":"Empire", "StationEconomy":"$economy_Industrial;", "StationEconomy_Localised":"Industrial" }
{ "timestamp":"2017-02-20T15:30:33Z", "event":"MissionCompleted", "Faction":"Gliese 9029 Blue Netcoms Inc", "Name":"Mission_Delivery_Boom_name", "MissionID":94044471, "Commodity":"$Grain_Name;", "Commodity_Localised":"Grain", "Count":4, "DestinationSystem":"Gliese 9029", "DestinationStation":"Paola Station", "Reward":801408 }
{ "timestamp":"2017-02-20T15:31:56Z", "event":"Undocked", "StationName":"Paola Station", "StationType":"Orbis" }
{ "timestamp":"2017-02-20T15:32:59Z", "event":"ReceiveText", "From":"Paola Station", "Message":"$STATION_NoFireZone_exited;", "Message_Localised":"No fire zone left.", "Channel":"npc" }
{ "timestamp":"2017-02-20T15:33:22Z", "event":"FSDJump", "StarSystem":"Veja Moco", "StarPos":[20.375,-165.281,23.250], "SystemAllegiance":"Empire", "SystemEconomy":"$economy_Extraction;", "SystemEconomy_Localised":"Extraction", "SystemGovernment":"$government_Dictatorship;", "SystemGovernment_Localised":"Dictatorship", "SystemSecurity":"$SYSTEM_SECURITY_medium;", "SystemSecurity_Localised":"Medium Security", "JumpDist":11.845, "FuelUsed":0.984953, "FuelLevel":31.015047, "SystemFaction":"Natural Veja Moco Bureau", "FactionState":"Boom" }
{ "timestamp":"2017-02-20T15:33:33Z", "event":"ReceiveText", "From":"$npc_name_decorate:#name=Dag Viggo Lokøen;", "From_Localised":"Dag Viggo Lokￃﾸen", "Message":"$Pirate_HunterHostileSC_Relevant05;", "Message_Localised":"The rumour was right... good job I found you first.", "Channel":"npc" }
{ "timestamp":"2017-02-20T15:33:49Z", "event":"FuelScoop", "Scooped":0.984953, "Total":32.000000 }
{ "timestamp":"2017-02-20T15:34:26Z", "event":"FSDJump", "StarSystem":"ICZ PI-T b3-4", "StarPos":[17.688,-165.750,39.500], "SystemAllegiance":"", "SystemEconomy":"$economy_None;", "SystemEconomy_Localised":"None", "SystemGovernment":"$government_None;", "SystemGovernment_Localised":"None", "SystemSecurity":"$SYSTEM_SECURITY_low;", "SystemSecurity_Localised":"Low Security", "JumpDist":16.477, "FuelUsed":2.211166, "FuelLevel":29.788834 }
{ "timestamp":"2017-02-20T15:34:47Z", "event":"FuelScoop", "Scooped":0.129887, "Total":29.918720 }
{ "timestamp":"2017-02-20T15:35:21Z", "event":"FSDJump", "StarSystem":"Djamburii", "StarPos":[14.813,-181.406,50.469], "SystemAllegiance":"Empire", "SystemEconomy":"$economy_Extraction;", "SystemEconomy_Localised":"Extraction", "SystemGovernment":"$government_Patronage;", "SystemGovernment_Localised":"Patronage", "SystemSecurity":"$SYSTEM_SECURITY_medium;", "SystemSecurity_Localised":"Medium Security", "JumpDist":19.331, "FuelUsed":3.247016, "FuelLevel":26.671703, "SystemFaction":"Djamburii Empire Assembly", "FactionState":"Boom" }
{ "timestamp":"2017-02-20T15:35:51Z", "event":"FuelScoop", "Scooped":3.024775, "Total":29.696478 }
{ "timestamp":"2017-02-20T15:36:23Z", "event":"FSDJump", "StarSystem":"Kamitra", "StarPos":[5.531,-183.406,63.844], "SystemAllegiance":"Empire", "SystemEconomy":"$economy_Agri;", "SystemEconomy_Localised":"Agriculture", "SystemGovernment":"$government_Patronage;", "SystemGovernment_Localised":"Patronage", "SystemSecurity":"$SYSTEM_SECURITY_medium;", "SystemSecurity_Localised":"Medium Security", "JumpDist":16.402, "FuelUsed":2.169324, "FuelLevel":27.527153, "SystemFaction":"Kamitra Empire Pact", "FactionState":"Boom" }
{ "timestamp":"2017-02-20T15:38:25Z", "event":"LoadGame", "Commander":"Blantyre", "Ship":"Python", "ShipID":16, "GameMode":"Solo", "Credits":27963644, "Loan":0 }
{ "timestamp":"2017-02-20T15:38:25Z", "event":"Rank", "Combat":4, "Trade":6, "Explore":5, "Empire":2, "Federation":7, "CQC":0 }
{ "timestamp":"2017-02-20T15:38:25Z", "event":"Progress", "Combat":37, "Trade":1, "Explore":14, "Empire":25, "Federation":16, "CQC":0 }
{ "timestamp":"2017-02-20T15:38:43Z", "event":"Location", "Docked":false, "StarSystem":"Kamitra", "StarPos":[5.531,-183.406,63.844], "SystemAllegiance":"Empire", "SystemEconomy":"$economy_Agri;", "SystemEconomy_Localised":"Agriculture", "SystemGovernment":"$government_Patronage;", "SystemGovernment_Localised":"Patronage", "SystemSecurity":"$SYSTEM_SECURITY_medium;", "SystemSecurity_Localised":"Medium Security", "Body":"Kamitra A", "BodyType":"Star", "SystemFaction":"Kamitra Empire Pact", "FactionState":"Boom" }
{ "timestamp":"2017-02-20T15:38:59Z", "event":"SupercruiseEntry", "StarSystem":"Kamitra" }
{ "timestamp":"2017-02-20T15:39:46Z", "event":"ReceiveText", "From":"$npc_name_decorate:#name=Cruise Ship;", "From_Localised":"Cruise Ship", "Message":"$CruiseLiner_SCPatrol05;", "Message_Localised":"This is your captain. Due to some unforeseen delays, we will be arriving at our next destination later than scheduled.", "Channel":"npc" }
{ "timestamp":"2017-02-20T15:40:26Z", "event":"ReceiveText", "From":"$npc_name_decorate:#name=Cruise Ship;", "From_Localised":"Cruise Ship", "Message":"$CruiseLiner_SCPatrol02;", "Message_Localised":"We will be cruising in-system for a while, please feel free to take advantage of our in-flight entertainment.", "Channel":"npc" }
{ "timestamp":"2017-02-20T15:40:39Z", "event":"SupercruiseExit", "StarSystem":"Kamitra", "Body":"Hammel Terminal", "BodyType":"Station" }
{ "timestamp":"2017-02-20T15:40:40Z", "event":"ReceiveText", "From":"Hammel Terminal", "Message":"$STATION_NoFireZone_entered;", "Message_Localised":"No fire zone entered.", "Channel":"npc" }
{ "timestamp":"2017-02-20T15:40:47Z", "event":"DockingRequested", "StationName":"Hammel Terminal" }
{ "timestamp":"2017-02-20T15:40:47Z", "event":"ReceiveText", "From":"Hammel Terminal", "Message":"$DockingChatter_Neutral;", "Message_Localised":"Ensure to observe starport protocol during your visit, pilot.", "Channel":"npc" }
{ "timestamp":"2017-02-20T15:40:48Z", "event":"ReceiveText", "From":"Hammel Terminal", "Message":"$STATION_docking_granted;", "Message_Localised":"Docking request granted.", "Channel":"npc" }
{ "timestamp":"2017-02-20T15:40:48Z", "event":"DockingGranted", "LandingPad":26, "StationName":"Hammel Terminal" }
{ "timestamp":"2017-02-20T15:41:38Z", "event":"Docked", "StationName":"Hammel Terminal", "StationType":"Orbis", "StarSystem":"Kamitra", "StationFaction":"Kamitra Empire Pact", "FactionState":"Boom", "StationGovernment":"$government_Patronage;", "StationGovernment_Localised":"Patronage", "StationAllegiance":"Empire", "StationEconomy":"$economy_Agri;", "StationEconomy_Localised":"Agriculture" }
{ "timestamp":"2017-02-20T15:43:10Z", "event":"SellExplorationData", "Systems":[ "HR 574", "HR 198", "ICZ MM-W c1-2", "Col 285 Sector QI-R b18-0", "Col 285 Sector LW-U b16-0", "ICZ MH-V b2-0", "Col 285 Sector MW-U b16-0", "HIP 11181", "Col 285 Sector VT-I c9-4", "ICZ KM-W c1-5", "Col 285 Sector VT-I c9-6", "Kuwemaki", "Col 285 Sector XJ-R d4-63", "ICZ IM-V b2-1", "Col 285 Sector OC-T b17-1", "Col 285 Sector NW-U b16-1", "Veja Moco", "Matucae", "Col 285 Sector KW-U b16-2", "Panga", "ICZ LH-V b2-3", "Kokap", "ICZ PI-T b3-4" ], "Discovered":[  ], "BaseValue":116638, "Bonus":0 }
{ "timestamp":"2017-02-20T15:43:40Z", "event":"MissionAccepted", "Faction":"Kamitra Empire Pact", "Name":"Mission_Delivery_Boom", "Commodity":"$FruitAndVegetables_Name;", "Commodity_Localised":"Fruit and Vegetables", "Count":12, "DestinationSystem":"HIP 116492", "DestinationStation":"Bode Port", "Expiry":"2017-02-21T15:41:58Z", "MissionID":94073933 }
{ "timestamp":"2017-02-20T15:43:45Z", "event":"MissionAccepted", "Faction":"Kamitra Empire Pact", "Name":"Mission_Delivery_Boom", "Commodity":"$Water_Name;", "Commodity_Localised":"Water", "Count":12, "DestinationSystem":"HIP 115888", "DestinationStation":"Pilyugin Landing", "Expiry":"2017-02-21T15:41:58Z", "MissionID":94073993 }
{ "timestamp":"2017-02-20T15:44:02Z", "event":"MissionAccepted", "Faction":"Kamitra Crimson United Ltd", "Name":"Mission_Delivery_Boom", "Commodity":"$ImperialSlaves_Name;", "Commodity_Localised":"Imperial Slaves", "Count":6, "DestinationSystem":"Zhuala", "DestinationStation":"Lee Orbital", "Expiry":"2017-02-21T15:41:58Z", "MissionID":94074158 }
{ "timestamp":"2017-02-20T15:44:08Z", "event":"MissionAccepted", "Faction":"HIP 115888 Transport Inc", "Name":"Mission_Delivery_Agriculture", "Commodity":"$Beer_Name;", "Commodity_Localised":"Beer", "Count":30, "DestinationSystem":"Zhuala", "DestinationStation":"Merritt Vision", "Expiry":"2017-02-21T15:41:58Z", "MissionID":94074210 }
{ "timestamp":"2017-02-20T15:44:19Z", "event":"MissionAccepted", "Faction":"Traditional Kamitra Freedom Party", "Name":"Mission_Delivery_Boom", "Commodity":"$Fish_Name;", "Commodity_Localised":"Fish", "Count":12, "DestinationSystem":"HIP 116492", "DestinationStation":"Bode Port", "Expiry":"2017-02-21T15:41:58Z", "MissionID":94074314 }
{ "timestamp":"2017-02-20T15:56:09Z", "event":"MissionAccepted", "Faction":"United Kamitra Independents", "Name":"Mission_Delivery_Democracy", "Commodity":"$Algae_Name;", "Commodity_Localised":"Algae", "Count":9, "DestinationSystem":"Kitche", "DestinationStation":"Oosterhoff City", "Expiry":"2017-02-21T15:41:58Z", "MissionID":94080650 }
{ "timestamp":"2017-02-20T15:56:19Z", "event":"RefuelAll", "Cost":256, "Amount":5.096616 }
{ "timestamp":"2017-02-20T15:56:53Z", "event":"MissionAccepted", "Faction":"Traditional Kamitra Freedom Party", "Name":"Mission_Delivery_Boom", "Commodity":"$ImperialSlaves_Name;", "Commodity_Localised":"Imperial Slaves", "Count":44, "DestinationSystem":"Maorsi", "DestinationStation":"Pittendreigh City", "Expiry":"2017-02-21T15:56:24Z", "MissionID":94081028 }
{ "timestamp":"2017-02-20T15:58:27Z", "event":"Undocked", "StationName":"Hammel Terminal", "StationType":"Orbis" }
{ "timestamp":"2017-02-20T15:59:20Z", "event":"ReceiveText", "From":"Hammel Terminal", "Message":"$STATION_NoFireZone_exited;", "Message_Localised":"No fire zone left.", "Channel":"npc" }
{ "timestamp":"2017-02-20T15:59:37Z", "event":"FSDJump", "StarSystem":"HIP 115966", "StarPos":[5.844,-166.625,59.938], "SystemAllegiance":"", "SystemEconomy":"$economy_None;", "SystemEconomy_Localised":"None", "SystemGovernment":"$government_None;", "SystemGovernment_Localised":"None", "SystemSecurity":"$SYSTEM_SECURITY_low;", "SystemSecurity_Localised":"Low Security", "JumpDist":17.233, "FuelUsed":3.662925, "FuelLevel":28.337076 }
{ "timestamp":"2017-02-20T16:00:07Z", "event":"FuelScoop", "Scooped":2.209112, "Total":30.546188 }
{ "timestamp":"2017-02-20T16:00:34Z", "event":"FSDJump", "StarSystem":"ICZ NN-T b3-2", "StarPos":[16.594,-153.125,51.000], "SystemAllegiance":"", "SystemEconomy":"$economy_None;", "SystemEconomy_Localised":"None", "SystemGovernment":"$government_None;", "SystemGovernment_Localised":"None", "SystemSecurity":"$SYSTEM_SECURITY_low;", "SystemSecurity_Localised":"Low Security", "JumpDist":19.434, "FuelUsed":4.896586, "FuelLevel":25.649601 }
{ "timestamp":"2017-02-20T16:01:00Z", "event":"FuelScoop", "Scooped":1.720186, "Total":27.369787 }
{ "timestamp":"2017-02-20T16:02:58Z", "event":"FSDJump", "StarSystem":"Bactrib", "StarPos":[17.406,-140.813,37.313], "SystemAllegiance":"Empire", "SystemEconomy":"$economy_Industrial;", "SystemEconomy_Localised":"Industrial", "SystemGovernment":"$government_Patronage;", "SystemGovernment_Localised":"Patronage", "SystemSecurity":"$SYSTEM_SECURITY_medium;", "SystemSecurity_Localised":"Medium Security", "JumpDist":18.428, "FuelUsed":4.259127, "FuelLevel":23.110661, "SystemFaction":"Bactrib Patrons of Law", "FactionState":"Retreat" }
{ "timestamp":"2017-02-20T16:03:21Z", "event":"FuelScoop", "Scooped":0.610622, "Total":23.721283 }
{ "timestamp":"2017-02-20T16:04:12Z", "event":"FSDJump", "StarSystem":"Maorsi", "StarPos":[17.344,-126.688,40.500], "SystemAllegiance":"Empire", "SystemEconomy":"$economy_HighTech;", "SystemEconomy_Localised":"High tech", "SystemGovernment":"$government_Patronage;", "SystemGovernment_Localised":"Patronage", "SystemSecurity":"$SYSTEM_SECURITY_high;", "SystemSecurity_Localised":"High Security", "JumpDist":14.480, "FuelUsed":2.334096, "FuelLevel":21.387186, "SystemFaction":"Maorsi Patrons of Law" }
{ "timestamp":"2017-02-20T16:04:30Z", "event":"FuelScoop", "Scooped":0.067234, "Total":21.454420 }
{ "timestamp":"2017-02-20T16:07:48Z", "event":"SupercruiseExit", "StarSystem":"Maorsi", "Body":"Pittendreigh City", "BodyType":"Station" }
{ "timestamp":"2017-02-20T16:07:59Z", "event":"DockingRequested", "StationName":"Pittendreigh City" }
{ "timestamp":"2017-02-20T16:07:59Z", "event":"ReceiveText", "From":"Pittendreigh City", "Message":"$DockingChatter_Neutral;", "Message_Localised":"Ensure to observe starport protocol during your visit, pilot.", "Channel":"npc" }
{ "timestamp":"2017-02-20T16:08:00Z", "event":"ReceiveText", "From":"Pittendreigh City", "Message":"$STATION_docking_granted;", "Message_Localised":"Docking request granted.", "Channel":"npc" }
{ "timestamp":"2017-02-20T16:08:00Z", "event":"DockingGranted", "LandingPad":3, "StationName":"Pittendreigh City" }
{ "timestamp":"2017-02-20T16:08:12Z", "event":"ReceiveText", "From":"Pittendreigh City", "Message":"$STATION_NoFireZone_entered;", "Message_Localised":"No fire zone entered.", "Channel":"npc" }
{ "timestamp":"2017-02-20T16:08:42Z", "event":"Docked", "StationName":"Pittendreigh City", "StationType":"Outpost", "StarSystem":"Maorsi", "StationFaction":"Maorsi Patrons of Law", "StationGovernment":"$government_Patronage;", "StationGovernment_Localised":"Patronage", "StationAllegiance":"Empire", "StationEconomy":"$economy_HighTech;", "StationEconomy_Localised":"High tech" }
{ "timestamp":"2017-02-20T16:09:05Z", "event":"MissionCompleted", "Faction":"Maorsi Blue Boys", "Name":"Mission_Delivery_Boom_name", "MissionID":94081028, "Commodity":"$ImperialSlaves_Name;", "Commodity_Localised":"Imperial Slaves", "Count":44, "DestinationSystem":"Maorsi", "DestinationStation":"Pittendreigh City", "Reward":1960414 }
{ "timestamp":"2017-02-20T16:09:23Z", "event":"RefuelAll", "Cost":541, "Amount":10.798963 }
{ "timestamp":"2017-02-20T16:10:28Z", "event":"Undocked", "StationName":"Pittendreigh City", "StationType":"Outpost" }
{ "timestamp":"2017-02-20T16:11:01Z", "event":"ReceiveText", "From":"Pittendreigh City", "Message":"$STATION_NoFireZone_exited;", "Message_Localised":"No fire zone left.", "Channel":"npc" }
{ "timestamp":"2017-02-20T16:11:47Z", "event":"FSDJump", "StarSystem":"ICZ IX-T b3-2", "StarPos":[6.875,-123.625,45.969], "SystemAllegiance":"", "SystemEconomy":"$economy_None;", "SystemEconomy_Localised":"None", "SystemGovernment":"$government_None;", "SystemGovernment_Localised":"None", "SystemSecurity":"$SYSTEM_SECURITY_low;", "SystemSecurity_Localised":"Low Security", "JumpDist":12.202, "FuelUsed":1.377911, "FuelLevel":30.622089 }
{ "timestamp":"2017-02-20T16:12:09Z", "event":"FuelScoop", "Scooped":0.357197, "Total":30.979286 }
{ "timestamp":"2017-02-20T16:13:17Z", "event":"FSDJump", "StarSystem":"Kitche", "StarPos":[-0.969,-116.500,39.531], "SystemAllegiance":"Empire", "SystemEconomy":"$economy_Agri;", "SystemEconomy_Localised":"Agriculture", "SystemGovernment":"$government_Patronage;", "SystemGovernment_Localised":"Patronage", "SystemSecurity":"$SYSTEM_SECURITY_medium;", "SystemSecurity_Localised":"Medium Security", "JumpDist":12.399, "FuelUsed":1.428568, "FuelLevel":29.550718, "SystemFaction":"Kitche Emperor's Grace" }
{ "timestamp":"2017-02-20T16:13:38Z", "event":"FuelScoop", "Scooped":0.481993, "Total":30.032711 }
{ "timestamp":"2017-02-20T16:18:52Z", "event":"SupercruiseExit", "StarSystem":"Kitche", "Body":"Oosterhoff City", "BodyType":"Station" }
{ "timestamp":"2017-02-20T16:19:47Z", "event":"DockingRequested", "StationName":"Oosterhoff City" }
{ "timestamp":"2017-02-20T16:19:47Z", "event":"ReceiveText", "From":"Oosterhoff City", "Message":"$DockingChatter_Neutral;", "Message_Localised":"Ensure to observe starport protocol during your visit, pilot.", "Channel":"npc" }
{ "timestamp":"2017-02-20T16:19:48Z", "event":"ReceiveText", "From":"Oosterhoff City", "Message":"$STATION_docking_granted;", "Message_Localised":"Docking request granted.", "Channel":"npc" }
{ "timestamp":"2017-02-20T16:19:48Z", "event":"DockingGranted", "LandingPad":18, "StationName":"Oosterhoff City" }
{ "timestamp":"2017-02-20T16:19:53Z", "event":"ReceiveText", "From":"Oosterhoff City", "Message":"$STATION_NoFireZone_entered;", "Message_Localised":"No fire zone entered.", "Channel":"npc" }
{ "timestamp":"2017-02-20T16:20:28Z", "event":"Docked", "StationName":"Oosterhoff City", "StationType":"Bernal", "StarSystem":"Kitche", "StationFaction":"Kitche Citizens' Forum", "StationGovernment":"$government_Patronage;", "StationGovernment_Localised":"Patronage", "StationAllegiance":"Empire", "StationEconomy":"$economy_Industrial;", "StationEconomy_Localised":"Industrial" }
{ "timestamp":"2017-02-20T16:20:43Z", "event":"MissionCompleted", "Faction":"Kitche Purple Federal Limited", "Name":"Mission_Delivery_Democracy_name", "MissionID":94080650, "Commodity":"$Algae_Name;", "Commodity_Localised":"Algae", "Count":9, "DestinationSystem":"Kitche", "DestinationStation":"Oosterhoff City", "Reward":451339 }
{ "timestamp":"2017-02-20T16:21:30Z", "event":"BuyExplorationData", "System":"Zhuala", "Cost":751 }
{ "timestamp":"2017-02-20T16:21:59Z", "event":"Undocked", "StationName":"Oosterhoff City", "StationType":"Bernal" }
{ "timestamp":"2017-02-20T16:22:39Z", "event":"ReceiveText", "From":"Oosterhoff City", "Message":"$STATION_NoFireZone_exited;", "Message_Localised":"No fire zone left.", "Channel":"npc" }
{ "timestamp":"2017-02-20T16:23:33Z", "event":"FSDJump", "StarSystem":"Zhuala", "StarPos":[0.250,-125.406,38.844], "SystemAllegiance":"Empire", "SystemEconomy":"$economy_Refinery;", "SystemEconomy_Localised":"Refinery", "SystemGovernment":"$government_Corporate;", "SystemGovernment_Localised":"Corporate", "SystemSecurity":"$SYSTEM_SECURITY_medium;", "SystemSecurity_Localised":"Medium Security", "JumpDist":9.016, "FuelUsed":0.634529, "FuelLevel":29.398182, "SystemFaction":"Zhuala Purple Dynamic Corp." }
{ "timestamp":"2017-02-20T16:23:55Z", "event":"FuelScoop", "Scooped":0.583006, "Total":29.981188 }
{ "timestamp":"2017-02-20T16:25:06Z", "event":"SupercruiseExit", "StarSystem":"Zhuala", "Body":"Lee Orbital", "BodyType":"Station" }
{ "timestamp":"2017-02-20T16:25:14Z", "event":"DockingRequested", "StationName":"Lee Orbital" }
{ "timestamp":"2017-02-20T16:25:14Z", "event":"ReceiveText", "From":"Lee Orbital", "Message":"$DockingChatter_Neutral;", "Message_Localised":"Ensure to observe starport protocol during your visit, pilot.", "Channel":"npc" }
{ "timestamp":"2017-02-20T16:25:15Z", "event":"ReceiveText", "From":"Lee Orbital", "Message":"$STATION_docking_granted;", "Message_Localised":"Docking request granted.", "Channel":"npc" }
{ "timestamp":"2017-02-20T16:25:15Z", "event":"DockingGranted", "LandingPad":3, "StationName":"Lee Orbital" }
{ "timestamp":"2017-02-20T16:25:26Z", "event":"ReceiveText", "From":"Lee Orbital", "Message":"$STATION_NoFireZone_entered;", "Message_Localised":"No fire zone entered.", "Channel":"npc" }
{ "timestamp":"2017-02-20T16:26:02Z", "event":"Docked", "StationName":"Lee Orbital", "StationType":"Outpost", "StarSystem":"Zhuala", "StationFaction":"Zhuala Purple Dynamic Corp.", "StationGovernment":"$government_Corporate;", "StationGovernment_Localised":"Corporate", "StationAllegiance":"Empire", "StationEconomy":"$economy_Extraction;", "StationEconomy_Localised":"Extraction" }
{ "timestamp":"2017-02-20T16:26:29Z", "event":"MissionCompleted", "Faction":"Keiadir Company", "Name":"Mission_Delivery_Boom_name", "MissionID":94074158, "Commodity":"$ImperialSlaves_Name;", "Commodity_Localised":"Imperial Slaves", "Count":6, "DestinationSystem":"Zhuala", "DestinationStation":"Lee Orbital", "Reward":308485, "CommodityReward":[ { "Name": "NeofabricInsulation", "Count": 4 } ] }
{ "timestamp":"2017-02-20T16:26:40Z", "event":"RefuelAll", "Cost":118, "Amount":2.354158 }
{ "timestamp":"2017-02-20T16:30:29Z", "event":"Undocked", "StationName":"Lee Orbital", "StationType":"Outpost" }
{ "timestamp":"2017-02-20T16:30:55Z", "event":"ReceiveText", "From":"Lee Orbital", "Message":"$STATION_NoFireZone_exited;", "Message_Localised":"No fire zone left.", "Channel":"npc" }
{ "timestamp":"2017-02-20T16:30:59Z", "event":"SupercruiseEntry", "StarSystem":"Zhuala" }
{ "timestamp":"2017-02-20T16:32:57Z", "event":"ApproachSettlement", "Name":"Merritt Vision" }
{ "timestamp":"2017-02-20T16:33:03Z", "event":"SupercruiseExit", "StarSystem":"Zhuala", "Body":"Zhuala A 3", "BodyType":"Planet" }
{ "timestamp":"2017-02-20T16:34:46Z", "event":"DockingRequested", "StationName":"Merritt Vision" }
{ "timestamp":"2017-02-20T16:34:46Z", "event":"ReceiveText", "From":"Merritt Vision", "Message":"$DockingChatter_Neutral;", "Message_Localised":"Ensure to observe starport protocol during your visit, pilot.", "Channel":"npc" }
{ "timestamp":"2017-02-20T16:34:47Z", "event":"ReceiveText", "From":"Merritt Vision", "Message":"$STATION_docking_granted;", "Message_Localised":"Docking request granted.", "Channel":"npc" }
{ "timestamp":"2017-02-20T16:34:47Z", "event":"DockingGranted", "LandingPad":11, "StationName":"Merritt Vision" }
{ "timestamp":"2017-02-20T16:34:59Z", "event":"ReceiveText", "From":"Merritt Vision", "Message":"$STATION_NoFireZone_entered;", "Message_Localised":"No fire zone entered.", "Channel":"npc" }
{ "timestamp":"2017-02-20T16:34:59Z", "event":"ReceiveText", "From":"$ShipName_Police_Empire;", "From_Localised":"Internal Security Service", "Message":"$Police_StartPatrol03;", "Message_Localised":"Receiving five by five, I'm in the air now, joining patrol.", "Channel":"npc" }
{ "timestamp":"2017-02-20T16:35:17Z", "event":"ReceiveText", "From":"$ShipName_Police_Empire;", "From_Localised":"Internal Security Service", "Message":"$Police_ThankYouPassedStopAndSearch07;", "Message_Localised":"Your scan is clear. Carry on with your journey, Commander.", "Channel":"npc" }
{ "timestamp":"2017-02-20T16:36:07Z", "event":"Docked", "StationName":"Merritt Vision", "StarSystem":"Zhuala", "StationFaction":"Zhuala Purple Dynamic Corp.", "StationGovernment":"$government_Corporate;", "StationGovernment_Localised":"Corporate", "StationAllegiance":"Empire", "StationEconomy":"$economy_Refinery;", "StationEconomy_Localised":"Refinery" }
{ "timestamp":"2017-02-20T16:36:19Z", "event":"MissionCompleted", "Faction":"Zhuala Purple Dynamic Corp.", "Name":"Mission_Delivery_Agriculture_name", "MissionID":94074210, "Commodity":"$Beer_Name;", "Commodity_Localised":"Beer", "Count":30, "DestinationSystem":"Zhuala", "DestinationStation":"Merritt Vision", "Reward":212574 }
{ "timestamp":"2017-02-20T16:36:45Z", "event":"ReceiveText", "From":"$ShipName_Police_Empire;", "From_Localised":"Internal Security Service", "Message":"$Police_EndPatrol04;", "Message_Localised":"Negative, Tower, I'm bingo on fuel, RTB.", "Channel":"npc" }
{ "timestamp":"2017-02-20T16:37:22Z", "event":"BuyExplorationData", "System":"HIP 116492", "Cost":542 }
{ "timestamp":"2017-02-20T16:37:49Z", "event":"Undocked", "StationName":"Merritt Vision" }
{ "timestamp":"2017-02-20T16:38:02Z", "event":"ReceiveText", "From":"$ShipName_Police_Empire;", "From_Localised":"Internal Security Service", "Message":"$Police_StartPatrol03;", "Message_Localised":"Receiving five by five, I'm in the air now, joining patrol.", "Channel":"npc" }
{ "timestamp":"2017-02-20T16:38:08Z", "event":"ReceiveText", "From":"Merritt Vision", "Message":"$STATION_NoFireZone_exited;", "Message_Localised":"No fire zone left.", "Channel":"npc" }
{ "timestamp":"2017-02-20T16:38:57Z", "event":"FSDJump", "StarSystem":"HIP 116492", "StarPos":[-5.656,-131.625,39.063], "SystemAllegiance":"Empire", "SystemEconomy":"$economy_Military;", "SystemEconomy_Localised":"Military", "SystemGovernment":"$government_Patronage;", "SystemGovernment_Localised":"Patronage", "SystemSecurity":"$SYSTEM_SECURITY_medium;", "SystemSecurity_Localised":"Medium Security", "JumpDist":8.579, "FuelUsed":0.510697, "FuelLevel":31.489304, "SystemFaction":"Zhou Wang Citizens' Forum", "FactionState":"Boom" }
{ "timestamp":"2017-02-20T16:39:15Z", "event":"FuelScoop", "Scooped":0.040470, "Total":31.529774 }
{ "timestamp":"2017-02-20T16:42:11Z", "event":"SupercruiseExit", "StarSystem":"HIP 116492", "Body":"Bode Port", "BodyType":"Station" }
{ "timestamp":"2017-02-20T16:42:20Z", "event":"DockingRequested", "StationName":"Bode Port" }
{ "timestamp":"2017-02-20T16:42:20Z", "event":"ReceiveText", "From":"Bode Port", "Message":"$DockingChatter_Neutral;", "Message_Localised":"Ensure to observe starport protocol during your visit, pilot.", "Channel":"npc" }
{ "timestamp":"2017-02-20T16:42:21Z", "event":"ReceiveText", "From":"Bode Port", "Message":"$STATION_docking_granted;", "Message_Localised":"Docking request granted.", "Channel":"npc" }
{ "timestamp":"2017-02-20T16:42:21Z", "event":"DockingGranted", "LandingPad":3, "StationName":"Bode Port" }
{ "timestamp":"2017-02-20T16:42:35Z", "event":"ReceiveText", "From":"Bode Port", "Message":"$STATION_NoFireZone_entered;", "Message_Localised":"No fire zone entered.", "Channel":"npc" }
{ "timestamp":"2017-02-20T16:43:07Z", "event":"ReceiveText", "From":"$ShipName_Police_Empire;", "From_Localised":"Internal Security Service", "Message":"$Police_ThankYouPassedStopAndSearch11;", "Message_Localised":"We didn't find anything on you this time.", "Channel":"npc" }
{ "timestamp":"2017-02-20T16:43:11Z", "event":"Docked", "StationName":"Bode Port", "StationType":"Outpost", "StarSystem":"HIP 116492", "StationFaction":"Zhou Wang Citizens' Forum", "FactionState":"Boom", "StationGovernment":"$government_Patronage;", "StationGovernment_Localised":"Patronage", "StationAllegiance":"Empire", "StationEconomy":"$economy_Extraction;", "StationEconomy_Localised":"Extraction" }
{ "timestamp":"2017-02-20T16:43:33Z", "event":"MissionCompleted", "Faction":"Zhuala Purple Dynamic Corp.", "Name":"Mission_Delivery_Boom_name", "MissionID":94073933, "Commodity":"$FruitAndVegetables_Name;", "Commodity_Localised":"Fruit and Vegetables", "Count":12, "DestinationSystem":"HIP 116492", "DestinationStation":"Bode Port", "Reward":812092 }
{ "timestamp":"2017-02-20T16:43:41Z", "event":"MissionCompleted", "Faction":"HIP 116492 Solutions", "Name":"Mission_Delivery_Boom_name", "MissionID":94074314, "Commodity":"$Fish_Name;", "Commodity_Localised":"Fish", "Count":12, "DestinationSystem":"HIP 116492", "DestinationStation":"Bode Port", "Reward":406723 }
{ "timestamp":"2017-02-20T16:43:59Z", "event":"SellExplorationData", "Systems":[ "HIP 117513", "HIP 115966", "Djamburii" ], "Discovered":[  ], "BaseValue":16516, "Bonus":0 }
{ "timestamp":"2017-02-20T16:44:31Z", "event":"Undocked", "StationName":"Bode Port", "StationType":"Outpost" }
{ "timestamp":"2017-02-20T16:45:22Z", "event":"ReceiveText", "From":"Bode Port", "Message":"$STATION_NoFireZone_exited;", "Message_Localised":"No fire zone left.", "Channel":"npc" }
{ "timestamp":"2017-02-20T16:46:04Z", "event":"FSDJump", "StarSystem":"G 275-50", "StarPos":[-7.406,-150.406,49.938], "SystemAllegiance":"Independent", "SystemEconomy":"$economy_Military;", "SystemEconomy_Localised":"Military", "SystemGovernment":"$government_Confederacy;", "SystemGovernment_Localised":"Confederacy", "SystemSecurity":"$SYSTEM_SECURITY_low;", "SystemSecurity_Localised":"Low Security", "JumpDist":21.773, "FuelUsed":4.613547, "FuelLevel":26.916225, "SystemFaction":"Ryder's Rangers", "FactionState":"Boom" }
{ "timestamp":"2017-02-20T16:46:40Z", "event":"FuelScoop", "Scooped":4.484419, "Total":31.400644 }
{ "timestamp":"2017-02-20T16:47:10Z", "event":"FSDJump", "StarSystem":"Kazemlya", "StarPos":[-3.594,-166.469,58.500], "SystemAllegiance":"Empire", "SystemEconomy":"$economy_Extraction;", "SystemEconomy_Localised":"Extraction", "SystemGovernment":"$government_Dictatorship;", "SystemGovernment_Localised":"Dictatorship", "SystemSecurity":"$SYSTEM_SECURITY_medium;", "SystemSecurity_Localised":"Medium Security", "JumpDist":18.597, "FuelUsed":3.133606, "FuelLevel":28.267038, "SystemFaction":"The Bright Star Squad" }
{ "timestamp":"2017-02-20T16:47:46Z", "event":"FuelScoop", "Scooped":3.732962, "Total":32.000000 }
{ "timestamp":"2017-02-20T16:48:17Z", "event":"FSDJump", "StarSystem":"HIP 115888", "StarPos":[-2.156,-182.875,62.781], "SystemAllegiance":"Empire", "SystemEconomy":"$economy_Extraction;", "SystemEconomy_Localised":"Extraction", "SystemGovernment":"$government_Corporate;", "SystemGovernment_Localised":"Corporate", "SystemSecurity":"$SYSTEM_SECURITY_low;", "SystemSecurity_Localised":"Low Security", "JumpDist":17.016, "FuelUsed":2.526103, "FuelLevel":29.473898, "SystemFaction":"HIP 115888 Transport Inc" }
{ "timestamp":"2017-02-20T16:48:41Z", "event":"FuelScoop", "Scooped":0.673733, "Total":30.147631 }
{ "timestamp":"2017-02-20T16:50:35Z", "event":"SupercruiseExit", "StarSystem":"HIP 115888", "Body":"Pilyugin Landing", "BodyType":"Station" }
{ "timestamp":"2017-02-20T16:50:42Z", "event":"ReceiveText", "From":"Pilyugin Landing", "Message":"$DockingFailed_Distance:#distance=7500;", "Message_Localised":"Docking request denied, please approach to 7500m", "Channel":"npc" }
{ "timestamp":"2017-02-20T16:50:42Z", "event":"DockingDenied", "Reason":"Distance", "StationName":"Pilyugin Landing" }
{ "timestamp":"2017-02-20T16:50:45Z", "event":"DockingRequested", "StationName":"Pilyugin Landing" }
{ "timestamp":"2017-02-20T16:50:45Z", "event":"ReceiveText", "From":"Pilyugin Landing", "Message":"$DockingChatter_Cordial;", "Message_Localised":"Welcome back, Commander.", "Channel":"npc" }
{ "timestamp":"2017-02-20T16:50:46Z", "event":"ReceiveText", "From":"Pilyugin Landing", "Message":"$STATION_docking_granted;", "Message_Localised":"Docking request granted.", "Channel":"npc" }
{ "timestamp":"2017-02-20T16:50:46Z", "event":"DockingGranted", "LandingPad":3, "StationName":"Pilyugin Landing" }
{ "timestamp":"2017-02-20T16:50:56Z", "event":"ReceiveText", "From":"Pilyugin Landing", "Message":"$STATION_NoFireZone_entered;", "Message_Localised":"No fire zone entered.", "Channel":"npc" }
{ "timestamp":"2017-02-20T16:51:28Z", "event":"Docked", "StationName":"Pilyugin Landing", "StationType":"Outpost", "StarSystem":"HIP 115888", "StationFaction":"HIP 115888 Transport Inc", "StationGovernment":"$government_Corporate;", "StationGovernment_Localised":"Corporate", "StationAllegiance":"Empire", "StationEconomy":"$economy_Extraction;", "StationEconomy_Localised":"Extraction" }
{ "timestamp":"2017-02-20T16:51:44Z", "event":"MissionCompleted", "Faction":"Penai Empire League", "Name":"Mission_Delivery_Boom_name", "MissionID":94073993, "Commodity":"$Water_Name;", "Commodity_Localised":"Water", "Count":12, "DestinationSystem":"HIP 115888", "DestinationStation":"Pilyugin Landing", "Reward":430416 }
{ "timestamp":"2017-02-20T16:53:13Z", "event":"RedeemVoucher", "Type":"bounty", "Amount":142683, "BrokerPercentage":25.000000 }
{ "timestamp":"2017-02-20T16:54:09Z", "event":"Undocked", "StationName":"Pilyugin Landing", "StationType":"Outpost" }
{ "timestamp":"2017-02-20T16:54:29Z", "event":"ReceiveText", "From":"Pilyugin Landing", "Message":"$STATION_NoFireZone_exited;", "Message_Localised":"No fire zone left.", "Channel":"npc" }
{ "timestamp":"2017-02-20T16:55:08Z", "event":"FSDJump", "StarSystem":"Kamitra", "StarPos":[5.531,-183.406,63.844], "SystemAllegiance":"Empire", "SystemEconomy":"$economy_Agri;", "SystemEconomy_Localised":"Agriculture", "SystemGovernment":"$government_Patronage;", "SystemGovernment_Localised":"Patronage", "SystemSecurity":"$SYSTEM_SECURITY_medium;", "SystemSecurity_Localised":"Medium Security", "JumpDist":7.779, "FuelUsed":0.354147, "FuelLevel":29.793484, "SystemFaction":"Kamitra Empire Pact", "FactionState":"Boom" }
{ "timestamp":"2017-02-20T16:55:26Z", "event":"FuelScoop", "Scooped":0.171469, "Total":29.964952 }
{ "timestamp":"2017-02-20T16:56:06Z", "event":"ReceiveText", "From":"$npc_name_decorate:#name=Cruise Ship;", "From_Localised":"Cruise Ship", "Message":"$CruiseLiner_SCPatrol02;", "Message_Localised":"We will be cruising in-system for a while, please feel free to take advantage of our in-flight entertainment.", "Channel":"npc" }
{ "timestamp":"2017-02-20T16:57:25Z", "event":"SupercruiseExit", "StarSystem":"Kamitra", "Body":"Hammel Terminal", "BodyType":"Station" }
{ "timestamp":"2017-02-20T16:57:26Z", "event":"ReceiveText", "From":"Hammel Terminal", "Message":"$STATION_NoFireZone_entered;", "Message_Localised":"No fire zone entered.", "Channel":"npc" }
{ "timestamp":"2017-02-20T16:57:38Z", "event":"DockingRequested", "StationName":"Hammel Terminal" }
{ "timestamp":"2017-02-20T16:57:38Z", "event":"ReceiveText", "From":"Hammel Terminal", "Message":"$DockingChatter_Cordial;", "Message_Localised":"Welcome back, Commander.", "Channel":"npc" }
{ "timestamp":"2017-02-20T16:57:39Z", "event":"ReceiveText", "From":"Hammel Terminal", "Message":"$STATION_docking_granted;", "Message_Localised":"Docking request granted.", "Channel":"npc" }
{ "timestamp":"2017-02-20T16:57:39Z", "event":"DockingGranted", "LandingPad":35, "StationName":"Hammel Terminal" }
{ "timestamp":"2017-02-20T16:58:26Z", "event":"Docked", "StationName":"Hammel Terminal", "StationType":"Orbis", "StarSystem":"Kamitra", "StationFaction":"Kamitra Empire Pact", "FactionState":"Boom", "StationGovernment":"$government_Patronage;", "StationGovernment_Localised":"Patronage", "StationAllegiance":"Empire", "StationEconomy":"$economy_Agri;", "StationEconomy_Localised":"Agriculture" }
{ "timestamp":"2017-02-20T16:58:34Z", "event":"RefuelAll", "Cost":128, "Amount":2.542771 }
{ "timestamp":"2017-02-20T16:58:50Z", "event":"MissionAccepted", "Faction":"Kamitra Empire Pact", "Name":"Mission_Delivery_Boom", "Commodity":"$Fish_Name;", "Commodity_Localised":"Fish", "Count":28, "DestinationSystem":"Yash", "DestinationStation":"Drebbel Port", "Expiry":"2017-02-21T16:58:40Z", "MissionID":94117162 }
{ "timestamp":"2017-02-20T16:58:52Z", "event":"MissionAccepted", "Faction":"Kamitra Empire Pact", "Name":"Mission_Delivery_Boom", "Commodity":"$Fish_Name;", "Commodity_Localised":"Fish", "Count":36, "DestinationSystem":"Yash", "DestinationStation":"Onufrienko Mines", "Expiry":"2017-02-21T16:58:40Z", "MissionID":94117189 }
{ "timestamp":"2017-02-20T16:59:06Z", "event":"ShipyardTransfer", "ShipType":"Asp", "ShipID":13, "System":"HIP 2422", "Distance":272.734619, "TransferPrice":251832 }
{ "timestamp":"2017-02-20T16:59:24Z", "event":"MissionAccepted", "Faction":"Kamitra Empire Pact", "Name":"Mission_Delivery_Boom", "Commodity":"$FruitAndVegetables_Name;", "Commodity_Localised":"Fruit and Vegetables", "Count":8, "DestinationSystem":"Yash", "DestinationStation":"Onufrienko Mines", "Expiry":"2017-02-21T16:58:40Z", "MissionID":94117508 }
{ "timestamp":"2017-02-20T16:59:34Z", "event":"MissionAccepted", "Faction":"HIP 115888 Transport Inc", "Name":"Mission_Delivery_Agriculture", "Commodity":"$FruitAndVegetables_Name;", "Commodity_Localised":"Fruit and Vegetables", "Count":54, "DestinationSystem":"Yash", "DestinationStation":"Gantt Station", "Expiry":"2017-02-21T16:58:40Z", "MissionID":94117602 }
{ "timestamp":"2017-02-20T16:59:47Z", "event":"MissionAccepted", "Faction":"HIP 115888 Transport Inc", "Name":"Mission_Delivery_Agriculture", "Commodity":"$FruitAndVegetables_Name;", "Commodity_Localised":"Fruit and Vegetables", "Count":42, "DestinationSystem":"Yash", "DestinationStation":"Powell Prospect", "Expiry":"2017-02-21T16:58:40Z", "MissionID":94117737 }
{ "timestamp":"2017-02-20T17:01:23Z", "event":"ModuleBuy", "Slot":"Slot04_Size5", "SellItem":"$int_fuelscoop_size5_class3_name;", "SellItem_Localised":"Fuel Scoop", "SellPrice":567106, "BuyItem":"$int_cargorack_size5_class1_name;", "BuyItem_Localised":"Cargo Rack", "BuyPrice":111566, "Ship":"python", "ShipID":16 }
{ "timestamp":"2017-02-20T17:01:57Z", "event":"ModuleBuy", "Slot":"Slot05_Size5", "SellItem":"$int_cargorack_size5_class1_name;", "SellItem_Localised":"Cargo Rack", "SellPrice":111566, "BuyItem":"$int_fuelscoop_size5_class3_name;", "BuyItem_Localised":"Fuel Scoop", "BuyPrice":567106, "Ship":"python", "ShipID":16 }
{ "timestamp":"2017-02-20T17:02:04Z", "event":"ModuleStore", "Slot":"Slot05_Size5", "StoredItem":"$int_fuelscoop_size5_class3_name;", "StoredItem_Localised":"Fuel Scoop", "Ship":"python", "ShipID":16 }
{ "timestamp":"2017-02-20T17:02:10Z", "event":"ModuleBuy", "Slot":"Slot05_Size5", "BuyItem":"$int_cargorack_size5_class1_name;", "BuyItem_Localised":"Cargo Rack", "BuyPrice":111566, "Ship":"python", "ShipID":16 }
{ "timestamp":"2017-02-20T17:02:46Z", "event":"MissionAccepted", "Faction":"HIP 115888 Transport Inc", "Name":"Mission_Delivery_Agriculture", "Commodity":"$FruitAndVegetables_Name;", "Commodity_Localised":"Fruit and Vegetables", "Count":8, "DestinationSystem":"Yash", "DestinationStation":"Powell Prospect", "Expiry":"2017-02-21T16:58:40Z", "MissionID":94119635 }
{ "timestamp":"2017-02-20T17:03:03Z", "event":"MissionAccepted", "Faction":"Kamitra Crimson United Ltd", "Name":"Mission_Delivery_Boom", "Commodity":"$Fish_Name;", "Commodity_Localised":"Fish", "Count":6, "DestinationSystem":"Yash", "DestinationStation":"Drebbel Port", "Expiry":"2017-02-21T16:58:40Z", "MissionID":94119806 }
{ "timestamp":"2017-02-20T17:03:33Z", "event":"MissionAccepted", "Faction":"Kamitra Crimson United Ltd", "Name":"Mission_Delivery_Boom", "Commodity":"$Tea_Name;", "Commodity_Localised":"Tea", "Count":18, "DestinationSystem":"Yash", "DestinationStation":"Gantt Station", "Expiry":"2017-02-21T16:58:40Z", "MissionID":94120134 }
{ "timestamp":"2017-02-20T17:07:35Z", "event":"Undocked", "StationName":"Hammel Terminal", "StationType":"Orbis" }
{ "timestamp":"2017-02-20T17:08:34Z", "event":"ReceiveText", "From":"Hammel Terminal", "Message":"$STATION_NoFireZone_exited;", "Message_Localised":"No fire zone left.", "Channel":"npc" }
{ "timestamp":"2017-02-20T17:08:49Z", "event":"FSDJump", "StarSystem":"HIP 115966", "StarPos":[5.844,-166.625,59.938], "SystemAllegiance":"", "SystemEconomy":"$economy_None;", "SystemEconomy_Localised":"None", "SystemGovernment":"$government_None;", "SystemGovernment_Localised":"None", "SystemSecurity":"$SYSTEM_SECURITY_low;", "SystemSecurity_Localised":"Low Security", "JumpDist":17.233, "FuelUsed":4.565599, "FuelLevel":27.434401 }
{ "timestamp":"2017-02-20T17:09:40Z", "event":"FSDJump", "StarSystem":"Ngurd", "StarPos":[6.656,-153.625,51.469], "SystemAllegiance":"Empire", "SystemEconomy":"$economy_Industrial;", "SystemEconomy_Localised":"Industrial", "SystemGovernment":"$government_Patronage;", "SystemGovernment_Localised":"Patronage", "SystemSecurity":"$SYSTEM_SECURITY_medium;", "SystemSecurity_Localised":"Medium Security", "JumpDist":15.536, "FuelUsed":3.498956, "FuelLevel":23.935444, "SystemFaction":"Shapa Empire Party", "FactionState":"Boom" }
{ "timestamp":"2017-02-20T17:10:39Z", "event":"FSDJump", "StarSystem":"Marian Nungari", "StarPos":[-0.406,-140.625,43.750], "SystemAllegiance":"Empire", "SystemEconomy":"$economy_Industrial;", "SystemEconomy_Localised":"Industrial", "SystemGovernment":"$government_Dictatorship;", "SystemGovernment_Localised":"Dictatorship", "SystemSecurity":"$SYSTEM_SECURITY_high;", "SystemSecurity_Localised":"High Security", "JumpDist":16.687, "FuelUsed":4.129333, "FuelLevel":19.806110, "SystemFaction":"League of Marian Nungari Party" }
{ "timestamp":"2017-02-20T17:11:48Z", "event":"FSDJump", "StarSystem":"Zhuala", "StarPos":[0.250,-125.406,38.844], "SystemAllegiance":"Empire", "SystemEconomy":"$economy_Refinery;", "SystemEconomy_Localised":"Refinery", "SystemGovernment":"$government_Corporate;", "SystemGovernment_Localised":"Corporate", "SystemSecurity":"$SYSTEM_SECURITY_medium;", "SystemSecurity_Localised":"Medium Security", "JumpDist":16.004, "FuelUsed":3.685877, "FuelLevel":16.120234, "SystemFaction":"Zhuala Purple Dynamic Corp." }
{ "timestamp":"2017-02-20T17:13:07Z", "event":"FSDJump", "StarSystem":"Vili", "StarPos":[-11.031,-114.094,34.875], "SystemAllegiance":"Empire", "SystemEconomy":"$economy_Extraction;", "SystemEconomy_Localised":"Extraction", "SystemGovernment":"$government_Feudal;", "SystemGovernment_Localised":"Feudal", "SystemSecurity":"$SYSTEM_SECURITY_low;", "SystemSecurity_Localised":"Low Security", "JumpDist":16.462, "FuelUsed":3.910629, "FuelLevel":12.209604, "SystemFaction":"HIP 114746 Dynasty" }
{ "timestamp":"2017-02-20T17:14:10Z", "event":"FSDJump", "StarSystem":"Yash", "StarPos":[-21.844,-108.313,39.250], "SystemAllegiance":"Empire", "SystemEconomy":"$economy_Industrial;", "SystemEconomy_Localised":"Industrial", "SystemGovernment":"$government_Patronage;", "SystemGovernment_Localised":"Patronage", "SystemSecurity":"$SYSTEM_SECURITY_medium;", "SystemSecurity_Localised":"Medium Security", "JumpDist":13.018, "FuelUsed":2.177257, "FuelLevel":10.032347, "SystemFaction":"Loren's Legion" }
{ "timestamp":"2017-02-20T17:17:07Z", "event":"SupercruiseExit", "StarSystem":"Yash", "Body":"Drebbel Port", "BodyType":"Station" }
{ "timestamp":"2017-02-20T17:17:23Z", "event":"DockingRequested", "StationName":"Drebbel Port" }
{ "timestamp":"2017-02-20T17:17:23Z", "event":"ReceiveText", "From":"Drebbel Port", "Message":"$DockingChatter_Neutral;", "Message_Localised":"Ensure to observe starport protocol during your visit, pilot.", "Channel":"npc" }
{ "timestamp":"2017-02-20T17:17:24Z", "event":"ReceiveText", "From":"Drebbel Port", "Message":"$STATION_docking_granted;", "Message_Localised":"Docking request granted.", "Channel":"npc" }
{ "timestamp":"2017-02-20T17:17:24Z", "event":"DockingGranted", "LandingPad":3, "StationName":"Drebbel Port" }
{ "timestamp":"2017-02-20T17:17:32Z", "event":"ReceiveText", "From":"Drebbel Port", "Message":"$STATION_NoFireZone_entered;", "Message_Localised":"No fire zone entered.", "Channel":"npc" }
{ "timestamp":"2017-02-20T17:17:55Z", "event":"ReceiveText", "From":"$ShipName_Police_Empire;", "From_Localised":"Internal Security Service", "Message":"$Police_ThankYouPassedStopAndSearch07;", "Message_Localised":"Your scan is clear. Carry on with your journey, Commander.", "Channel":"npc" }
{ "timestamp":"2017-02-20T17:18:30Z", "event":"Docked", "StationName":"Drebbel Port", "StationType":"Bernal", "StarSystem":"Yash", "StationFaction":"Loren's Legion", "StationGovernment":"$government_Patronage;", "StationGovernment_Localised":"Patronage", "StationAllegiance":"Empire", "StationEconomy":"$economy_Industrial;", "StationEconomy_Localised":"Industrial" }
{ "timestamp":"2017-02-20T17:18:46Z", "event":"RefuelAll", "Cost":1111, "Amount":22.205482 }
{ "timestamp":"2017-02-20T17:19:42Z", "event":"MissionCompleted", "Faction":"Yash Blue State Inc", "Name":"Mission_Delivery_Boom_name", "MissionID":94117162, "Commodity":"$Fish_Name;", "Commodity_Localised":"Fish", "Count":28, "DestinationSystem":"Yash", "DestinationStation":"Drebbel Port", "Reward":826368 }
{ "timestamp":"2017-02-20T17:19:49Z", "event":"MissionCompleted", "Faction":"Yash Blue State Inc", "Name":"Mission_Delivery_Boom_name", "MissionID":94119806, "Commodity":"$Fish_Name;", "Commodity_Localised":"Fish", "Count":6, "DestinationSystem":"Yash", "DestinationStation":"Drebbel Port", "Reward":797448, "CommodityReward":[ { "Name": "ArticulationMotors", "Count": 4 } ] }
{ "timestamp":"2017-02-20T17:21:34Z", "event":"Undocked", "StationName":"Drebbel Port", "StationType":"Bernal" }
{ "timestamp":"2017-02-20T17:22:49Z", "event":"ReceiveText", "From":"Drebbel Port", "Message":"$STATION_NoFireZone_exited;", "Message_Localised":"No fire zone left.", "Channel":"npc" }
{ "timestamp":"2017-02-20T17:23:16Z", "event":"SupercruiseEntry", "StarSystem":"Yash" }
{ "timestamp":"2017-02-20T17:23:26Z", "event":"ReceiveText", "From":"$npc_name_decorate:#name=Heiko Wagner;", "From_Localised":"Heiko Wagner", "Message":"$Pirate_HunterHostileSC_Relevant03;", "Message_Localised":"I've come a long way for what's in your hold, don't try to run!", "Channel":"npc" }
{ "timestamp":"2017-02-20T17:24:01Z", "event":"ApproachSettlement", "Name":"Powell Prospect" }
{ "timestamp":"2017-02-20T17:24:08Z", "event":"SupercruiseExit", "StarSystem":"Yash", "Body":"Yash 1", "BodyType":"Planet" }
{ "timestamp":"2017-02-20T17:24:37Z", "event":"DockingRequested", "StationName":"Powell Prospect" }
{ "timestamp":"2017-02-20T17:24:37Z", "event":"ReceiveText", "From":"Powell Prospect", "Message":"$DockingChatter_Neutral;", "Message_Localised":"Ensure to observe starport protocol during your visit, pilot.", "Channel":"npc" }
{ "timestamp":"2017-02-20T17:24:38Z", "event":"ReceiveText", "From":"Powell Prospect", "Message":"$STATION_docking_granted;", "Message_Localised":"Docking request granted.", "Channel":"npc" }
{ "timestamp":"2017-02-20T17:24:38Z", "event":"DockingGranted", "LandingPad":7, "StationName":"Powell Prospect" }
{ "timestamp":"2017-02-20T17:24:42Z", "event":"ReceiveText", "From":"Powell Prospect", "Message":"$STATION_NoFireZone_entered;", "Message_Localised":"No fire zone entered.", "Channel":"npc" }
{ "timestamp":"2017-02-20T17:25:07Z", "event":"Docked", "StationName":"Powell Prospect", "StarSystem":"Yash", "StationFaction":"Yash Blue State Inc", "FactionState":"Famine", "StationGovernment":"$government_Corporate;", "StationGovernment_Localised":"Corporate", "StationEconomy":"$economy_Refinery;", "StationEconomy_Localised":"Refinery" }
{ "timestamp":"2017-02-20T17:25:21Z", "event":"MissionCompleted", "Faction":"Yash Blue State Inc", "Name":"Mission_Delivery_Agriculture_name", "MissionID":94117737, "Commodity":"$FruitAndVegetables_Name;", "Commodity_Localised":"Fruit and Vegetables", "Count":42, "DestinationSystem":"Yash", "DestinationStation":"Powell Prospect", "Reward":496862 }
{ "timestamp":"2017-02-20T17:25:27Z", "event":"MissionCompleted", "Faction":"Yash Blue State Inc", "Name":"Mission_Delivery_Agriculture_name", "MissionID":94119635, "Commodity":"$FruitAndVegetables_Name;", "Commodity_Localised":"Fruit and Vegetables", "Count":8, "DestinationSystem":"Yash", "DestinationStation":"Powell Prospect", "Reward":817496 }
{ "timestamp":"2017-02-20T17:26:33Z", "event":"Undocked", "StationName":"Powell Prospect" }
{ "timestamp":"2017-02-20T17:26:53Z", "event":"ReceiveText", "From":"Powell Prospect", "Message":"$STATION_NoFireZone_exited;", "Message_Localised":"No fire zone left.", "Channel":"npc" }
{ "timestamp":"2017-02-20T17:27:03Z", "event":"SupercruiseEntry", "StarSystem":"Yash" }
{ "timestamp":"2017-02-20T17:28:02Z", "event":"ReceiveText", "From":"$npc_name_decorate:#name=Heiko Wagner;", "From_Localised":"Heiko Wagner", "Message":"$Pirate_HunterHostileSC_Relevant03;", "Message_Localised":"I've come a long way for what's in your hold, don't try to run!", "Channel":"npc" }
{ "timestamp":"2017-02-20T17:28:37Z", "event":"ReceiveText", "From":"$npc_name_decorate:#name=Heiko Wagner;", "From_Localised":"Heiko Wagner", "Message":"$Pirate_StartInterdiction05;", "Message_Localised":"You have something that I want.", "Channel":"npc" }
{ "timestamp":"2017-02-20T17:28:42Z", "event":"Interdicted", "Submitted":true, "Interdictor":"Heiko Wagner", "IsPlayer":false, "Faction":"Yash Gold Gang" }
{ "timestamp":"2017-02-20T17:28:43Z", "event":"SupercruiseExit", "StarSystem":"Yash", "Body":"Yash", "BodyType":"Star" }
{ "timestamp":"2017-02-20T17:28:45Z", "event":"ReceiveText", "From":"$npc_name_decorate:#name=Heiko Wagner;", "From_Localised":"Heiko Wagner", "Message":"$Pirate_Arrival11;", "Message_Localised":"Empty your cargo hold and everything will be fine.", "Channel":"npc" }
{ "timestamp":"2017-02-20T17:28:55Z", "event":"ReceiveText", "From":"$npc_name_decorate:#name=Heiko Wagner;", "From_Localised":"Heiko Wagner", "Message":"$Pirate_OnDeclarePiracyAttack02;", "Message_Localised":"You choose death then. Very well.", "Channel":"npc" }
{ "timestamp":"2017-02-20T17:29:17Z", "event":"ReceiveText", "From":"$npc_name_decorate:#name=Heiko Wagner;", "From_Localised":"Heiko Wagner", "Message":"$BadKarmaCriticalDamage10;", "Message_Localised":"You've scratched my paint!", "Channel":"npc" }
{ "timestamp":"2017-02-20T17:29:26Z", "event":"Bounty", "Rewards":[ { "Faction":"Loren's Legion", "Reward":200 }, { "Faction":"Empire", "Reward":43259 } ], "Target":"cobramkiv", "TotalReward":43459, "VictimFaction":"Yash Gold Gang" }
{ "timestamp":"2017-02-20T17:29:44Z", "event":"SupercruiseEntry", "StarSystem":"Yash" }
{ "timestamp":"2017-02-20T17:33:40Z", "event":"SupercruiseExit", "StarSystem":"Yash", "Body":"Onufrienko Mines", "BodyType":"Station" }
{ "timestamp":"2017-02-20T17:33:48Z", "event":"DockingRequested", "StationName":"Onufrienko Mines" }
{ "timestamp":"2017-02-20T17:33:48Z", "event":"ReceiveText", "From":"Onufrienko Mines", "Message":"$DockingChatter_Neutral;", "Message_Localised":"Ensure to observe starport protocol during your visit, pilot.", "Channel":"npc" }
{ "timestamp":"2017-02-20T17:33:49Z", "event":"ReceiveText", "From":"Onufrienko Mines", "Message":"$STATION_docking_granted;", "Message_Localised":"Docking request granted.", "Channel":"npc" }
{ "timestamp":"2017-02-20T17:33:49Z", "event":"DockingGranted", "LandingPad":3, "StationName":"Onufrienko Mines" }
{ "timestamp":"2017-02-20T17:34:03Z", "event":"ReceiveText", "From":"Onufrienko Mines", "Message":"$STATION_NoFireZone_entered;", "Message_Localised":"No fire zone entered.", "Channel":"npc" }
{ "timestamp":"2017-02-20T17:34:53Z", "event":"Docked", "StationName":"Onufrienko Mines", "StationType":"Outpost", "StarSystem":"Yash", "StationFaction":"Traditional LTT 9276 First", "StationGovernment":"$government_Dictatorship;", "StationGovernment_Localised":"Dictatorship", "StationAllegiance":"Empire", "StationEconomy":"$economy_Extraction;", "StationEconomy_Localised":"Extraction" }
{ "timestamp":"2017-02-20T17:35:08Z", "event":"MissionCompleted", "Faction":"Yash Blue State Inc", "Name":"Mission_Delivery_Boom_name", "MissionID":94117189, "Commodity":"$Fish_Name;", "Commodity_Localised":"Fish", "Count":36, "DestinationSystem":"Yash", "DestinationStation":"Onufrienko Mines", "Reward":904616 }
{ "timestamp":"2017-02-20T17:35:14Z", "event":"MissionCompleted", "Faction":"Yash Blue State Inc", "Name":"Mission_Delivery_Boom_name", "MissionID":94117508, "Commodity":"$FruitAndVegetables_Name;", "Commodity_Localised":"Fruit and Vegetables", "Count":8, "DestinationSystem":"Yash", "DestinationStation":"Onufrienko Mines", "Reward":1005995 }
{ "timestamp":"2017-02-20T17:35:57Z", "event":"Undocked", "StationName":"Onufrienko Mines", "StationType":"Outpost" }
{ "timestamp":"2017-02-20T17:36:18Z", "event":"ReceiveText", "From":"Onufrienko Mines", "Message":"$STATION_NoFireZone_exited;", "Message_Localised":"No fire zone left.", "Channel":"npc" }
{ "timestamp":"2017-02-20T17:36:33Z", "event":"SupercruiseEntry", "StarSystem":"Yash" }
{ "timestamp":"2017-02-20T17:39:23Z", "event":"SupercruiseExit", "StarSystem":"Yash", "Body":"Gantt Station", "BodyType":"Station" }
{ "timestamp":"2017-02-20T17:39:29Z", "event":"ReceiveText", "From":"Gantt Station", "Message":"$DockingFailed_Distance:#distance=7500;", "Message_Localised":"Docking request denied, please approach to 7500m", "Channel":"npc" }
{ "timestamp":"2017-02-20T17:39:29Z", "event":"DockingDenied", "Reason":"Distance", "StationName":"Gantt Station" }
{ "timestamp":"2017-02-20T17:39:32Z", "event":"DockingRequested", "StationName":"Gantt Station" }
{ "timestamp":"2017-02-20T17:39:32Z", "event":"ReceiveText", "From":"Gantt Station", "Message":"$DockingChatter_Neutral;", "Message_Localised":"Ensure to observe starport protocol during your visit, pilot.", "Channel":"npc" }
{ "timestamp":"2017-02-20T17:39:34Z", "event":"ReceiveText", "From":"Gantt Station", "Message":"$STATION_docking_granted;", "Message_Localised":"Docking request granted.", "Channel":"npc" }
{ "timestamp":"2017-02-20T17:39:34Z", "event":"DockingGranted", "LandingPad":5, "StationName":"Gantt Station" }
{ "timestamp":"2017-02-20T17:39:43Z", "event":"ReceiveText", "From":"Gantt Station", "Message":"$STATION_NoFireZone_entered;", "Message_Localised":"No fire zone entered.", "Channel":"npc" }
{ "timestamp":"2017-02-20T17:40:46Z", "event":"Docked", "StationName":"Gantt Station", "StationType":"Outpost", "StarSystem":"Yash", "StationFaction":"Loren's Legion", "StationGovernment":"$government_Patronage;", "StationGovernment_Localised":"Patronage", "StationAllegiance":"Empire", "StationEconomy":"$economy_Industrial;", "StationEconomy_Localised":"Industrial" }
{ "timestamp":"2017-02-20T17:40:54Z", "event":"RefuelAll", "Cost":21, "Amount":0.400814 }
{ "timestamp":"2017-02-20T17:40:56Z", "event":"BuyAmmo", "Cost":6371 }
{ "timestamp":"2017-02-20T17:41:01Z", "event":"RedeemVoucher", "Type":"bounty", "Amount":43459 }
{ "timestamp":"2017-02-20T17:41:15Z", "event":"MissionCompleted", "Faction":"Yash Blue State Inc", "Name":"Mission_Delivery_Boom_name", "MissionID":94120134, "Commodity":"$Tea_Name;", "Commodity_Localised":"Tea", "Count":18, "DestinationSystem":"Yash", "DestinationStation":"Gantt Station", "Reward":168281 }
{ "timestamp":"2017-02-20T17:41:15Z", "event":"MaterialCollected", "Category":"Manufactured", "Name":"hybridcapacitors", "Count":1 }
{ "timestamp":"2017-02-20T17:41:19Z", "event":"MissionCompleted", "Faction":"Yash Blue State Inc", "Name":"Mission_Delivery_Agriculture_name", "MissionID":94117602, "Commodity":"$FruitAndVegetables_Name;", "Commodity_Localised":"Fruit and Vegetables", "Count":54, "DestinationSystem":"Yash", "DestinationStation":"Gantt Station", "Reward":499108 }
{ "timestamp":"2017-02-20T17:42:34Z", "event":"Undocked", "StationName":"Gantt Station", "StationType":"Outpost" }
{ "timestamp":"2017-02-20T17:42:57Z", "event":"ReceiveText", "From":"Gantt Station", "Message":"$STATION_NoFireZone_exited;", "Message_Localised":"No fire zone left.", "Channel":"npc" }
{ "timestamp":"2017-02-20T17:43:30Z", "event":"FSDJump", "StarSystem":"ICZ HX-T b3-1", "StarPos":[-21.250,-124.531,37.438], "SystemAllegiance":"", "SystemEconomy":"$economy_None;", "SystemEconomy_Localised":"None", "SystemGovernment":"$government_None;", "SystemGovernment_Localised":"None", "SystemSecurity":"$SYSTEM_SECURITY_low;", "SystemSecurity_Localised":"Low Security", "JumpDist":16.331, "FuelUsed":2.223086, "FuelLevel":29.776915 }
{ "timestamp":"2017-02-20T17:44:19Z", "event":"FSDJump", "StarSystem":"ICZ JS-T b3-4", "StarPos":[-8.219,-139.750,41.125], "SystemAllegiance":"", "SystemEconomy":"$economy_None;", "SystemEconomy_Localised":"None", "SystemGovernment":"$government_None;", "SystemGovernment_Localised":"None", "SystemSecurity":"$SYSTEM_SECURITY_low;", "SystemSecurity_Localised":"Low Security", "JumpDist":20.372, "FuelUsed":3.792849, "FuelLevel":25.984066 }
{ "timestamp":"2017-02-20T17:45:14Z", "event":"FSDJump", "StarSystem":"ICZ MN-T b3-1", "StarPos":[1.313,-155.219,46.500], "SystemAllegiance":"", "SystemEconomy":"$economy_None;", "SystemEconomy_Localised":"None", "SystemGovernment":"$government_None;", "SystemGovernment_Localised":"None", "SystemSecurity":"$SYSTEM_SECURITY_low;", "SystemSecurity_Localised":"Low Security", "JumpDist":18.948, "FuelUsed":3.134944, "FuelLevel":22.849121 }
{ "timestamp":"2017-02-20T17:46:07Z", "event":"FSDJump", "StarSystem":"HIP 115966", "StarPos":[5.844,-166.625,59.938], "SystemAllegiance":"", "SystemEconomy":"$economy_None;", "SystemEconomy_Localised":"None", "SystemGovernment":"$government_None;", "SystemGovernment_Localised":"None", "SystemSecurity":"$SYSTEM_SECURITY_low;", "SystemSecurity_Localised":"Low Security", "JumpDist":18.199, "FuelUsed":2.809706, "FuelLevel":20.039415 }
{ "timestamp":"2017-02-20T17:47:12Z", "event":"FSDJump", "StarSystem":"Kamitra", "StarPos":[5.531,-183.406,63.844], "SystemAllegiance":"Empire", "SystemEconomy":"$economy_Agri;", "SystemEconomy_Localised":"Agriculture", "SystemGovernment":"$government_Patronage;", "SystemGovernment_Localised":"Patronage", "SystemSecurity":"$SYSTEM_SECURITY_medium;", "SystemSecurity_Localised":"Medium Security", "JumpDist":17.233, "FuelUsed":2.434545, "FuelLevel":17.604870, "SystemFaction":"Kamitra Empire Pact", "FactionState":"Boom" }
{ "timestamp":"2017-02-20T17:48:16Z", "event":"MaterialCollected", "Category":"Encoded", "Name":"shieldcyclerecordings", "Count":3 }
{ "timestamp":"2017-02-20T17:48:45Z", "event":"MaterialCollected", "Category":"Encoded", "Name":"bulkscandata", "Count":3 }
{ "timestamp":"2017-02-20T17:49:32Z", "event":"SupercruiseExit", "StarSystem":"Kamitra", "Body":"Hammel Terminal", "BodyType":"Station" }
{ "timestamp":"2017-02-20T17:49:33Z", "event":"ReceiveText", "From":"Hammel Terminal", "Message":"$STATION_NoFireZone_entered;", "Message_Localised":"No fire zone entered.", "Channel":"npc" }
{ "timestamp":"2017-02-20T17:49:43Z", "event":"DockingRequested", "StationName":"Hammel Terminal" }
{ "timestamp":"2017-02-20T17:49:43Z", "event":"ReceiveText", "From":"Hammel Terminal", "Message":"$DockingChatter_Cordial;", "Message_Localised":"Welcome back, Commander.", "Channel":"npc" }
{ "timestamp":"2017-02-20T17:49:44Z", "event":"ReceiveText", "From":"Hammel Terminal", "Message":"$STATION_docking_granted;", "Message_Localised":"Docking request granted.", "Channel":"npc" }
{ "timestamp":"2017-02-20T17:49:44Z", "event":"DockingGranted", "LandingPad":20, "StationName":"Hammel Terminal" }
{ "timestamp":"2017-02-20T17:50:49Z", "event":"Docked", "StationName":"Hammel Terminal", "StationType":"Orbis", "StarSystem":"Kamitra", "StationFaction":"Kamitra Empire Pact", "FactionState":"Boom", "StationGovernment":"$government_Patronage;", "StationGovernment_Localised":"Patronage", "StationAllegiance":"Empire", "StationEconomy":"$economy_Agri;", "StationEconomy_Localised":"Agriculture" }
{ "timestamp":"2017-02-20T17:50:57Z", "event":"RefuelAll", "Cost":729, "Amount":14.574581 }
{ "timestamp":"2017-02-20T17:51:09Z", "event":"SellExplorationData", "Systems":[ "G 275-50", "Vili", "ICZ HX-T b3-1", "ICZ MN-T b3-1", "ICZ IX-T b3-2", "ICZ JS-T b3-4" ], "Discovered":[  ], "BaseValue":16139, "Bonus":0 }
{ "timestamp":"2017-02-20T17:52:13Z", "event":"MarketSell", "Type":"coolinghoses", "Count":4, "SellPrice":663, "TotalSale":2652, "AvgPricePaid":0 }
{ "timestamp":"2017-02-20T17:52:16Z", "event":"MarketSell", "Type":"neofabricinsulation", "Count":4, "SellPrice":3422, "TotalSale":13688, "AvgPricePaid":0 }
{ "timestamp":"2017-02-20T17:52:19Z", "event":"MarketSell", "Type":"articulationmotors", "Count":4, "SellPrice":4621, "TotalSale":18484, "AvgPricePaid":0 }
{ "timestamp":"2017-02-20T17:52:25Z", "event":"MarketSell", "Type":"modularterminals", "Count":4, "SellPrice":1034, "TotalSale":4136, "AvgPricePaid":0 }
{ "timestamp":"2017-02-20T17:52:31Z", "event":"MarketSell", "Type":"nanobreakers", "Count":4, "SellPrice":967, "TotalSale":3868, "AvgPricePaid":0 }
{ "timestamp":"2017-02-20T17:52:41Z", "event":"ShipyardSwap", "ShipType":"asp", "ShipID":13, "StoreOldShip":"Python", "StoreShipID":16 }
{ "timestamp":"2017-02-20T17:52:45Z", "event":"Docked", "StationName":"Hammel Terminal", "StationType":"Orbis", "StarSystem":"Kamitra", "StationFaction":"Kamitra Empire Pact", "FactionState":"Boom", "StationGovernment":"$government_Patronage;", "StationGovernment_Localised":"Patronage", "StationAllegiance":"Empire", "StationEconomy":"$economy_Agri;", "StationEconomy_Localised":"Agriculture" }
{ "timestamp":"2017-02-20T17:53:10Z", "event":"ShipyardSwap", "ShipType":"python", "ShipID":16, "StoreOldShip":"Asp", "StoreShipID":13 }
{ "timestamp":"2017-02-20T17:53:20Z", "event":"Docked", "StationName":"Hammel Terminal", "StationType":"Orbis", "StarSystem":"Kamitra", "StationFaction":"Kamitra Empire Pact", "FactionState":"Boom", "StationGovernment":"$government_Patronage;", "StationGovernment_Localised":"Patronage", "StationAllegiance":"Empire", "StationEconomy":"$economy_Agri;", "StationEconomy_Localised":"Agriculture" }
{ "timestamp":"2017-02-20T17:53:47Z", "event":"ModuleStore", "Slot":"MainEngines", "StoredItem":"$int_engine_size5_class5_name;", "StoredItem_Localised":"Thrusters", "Ship":"python", "ShipID":16, "EngineerModifications":"Engine_Tuned" }
{ "timestamp":"2017-02-20T17:53:57Z", "event":"ShipyardSwap", "ShipType":"asp", "ShipID":13, "StoreOldShip":"Python", "StoreShipID":16 }
{ "timestamp":"2017-02-20T17:54:08Z", "event":"Docked", "StationName":"Hammel Terminal", "StationType":"Orbis", "StarSystem":"Kamitra", "StationFaction":"Kamitra Empire Pact", "FactionState":"Boom", "StationGovernment":"$government_Patronage;", "StationGovernment_Localised":"Patronage", "StationAllegiance":"Empire", "StationEconomy":"$economy_Agri;", "StationEconomy_Localised":"Agriculture" }
{ "timestamp":"2017-02-20T17:54:46Z", "event":"ModuleStore", "Slot":"FrameShiftDrive", "StoredItem":"$int_hyperdrive_size5_class1_name;", "StoredItem_Localised":"FSD", "Ship":"asp", "ShipID":13 }
{ "timestamp":"2017-02-20T17:55:33Z", "event":"ShipyardSwap", "ShipType":"python", "ShipID":16, "StoreOldShip":"Asp", "StoreShipID":13 }
{ "timestamp":"2017-02-20T17:55:35Z", "event":"Docked", "StationName":"Hammel Terminal", "StationType":"Orbis", "StarSystem":"Kamitra", "StationFaction":"Kamitra Empire Pact", "FactionState":"Boom", "StationGovernment":"$government_Patronage;", "StationGovernment_Localised":"Patronage", "StationAllegiance":"Empire", "StationEconomy":"$economy_Agri;", "StationEconomy_Localised":"Agriculture" }
{ "timestamp":"2017-02-20T17:55:58Z", "event":"ModuleStore", "Slot":"FrameShiftDrive", "StoredItem":"$int_hyperdrive_size5_class5_name;", "StoredItem_Localised":"FSD", "Ship":"python", "ShipID":16, "EngineerModifications":"FSD_LongRange" }
{ "timestamp":"2017-02-20T17:56:11Z", "event":"ShipyardSwap", "ShipType":"asp", "ShipID":13, "StoreOldShip":"Python", "StoreShipID":16 }
{ "timestamp":"2017-02-20T17:56:22Z", "event":"Docked", "StationName":"Hammel Terminal", "StationType":"Orbis", "StarSystem":"Kamitra", "StationFaction":"Kamitra Empire Pact", "FactionState":"Boom", "StationGovernment":"$government_Patronage;", "StationGovernment_Localised":"Patronage", "StationAllegiance":"Empire", "StationEconomy":"$economy_Agri;", "StationEconomy_Localised":"Agriculture" }
{ "timestamp":"2017-02-20T17:56:51Z", "event":"ModuleRetrieve", "Slot":"FrameShiftDrive", "RetrievedItem":"$int_hyperdrive_size5_class5_name;", "RetrievedItem_Localised":"FSD", "Ship":"asp", "ShipID":13, "EngineerModifications":"FSD_LongRange", "SwapOutItem":"$int_hyperdrive_size5_class1_name;", "SwapOutItem_Localised":"FSD", "Cost":0 }
{ "timestamp":"2017-02-20T17:57:15Z", "event":"ModuleRetrieve", "Slot":"MainEngines", "RetrievedItem":"$int_engine_size5_class5_name;", "RetrievedItem_Localised":"Thrusters", "Ship":"asp", "ShipID":13, "EngineerModifications":"Engine_Tuned", "SwapOutItem":"$int_engine_size5_class1_name;", "SwapOutItem_Localised":"Thrusters", "Cost":0 }
{ "timestamp":"2017-02-20T17:57:27Z", "event":"ModuleBuy", "Slot":"PowerDistributor", "SellItem":"$int_powerdistributor_size4_class1_name;", "SellItem_Localised":"Power Distributor", "SellPrice":11349, "BuyItem":"$int_powerdistributor_size4_class2_name;", "BuyItem_Localised":"Power Distributor", "BuyPrice":28373, "Ship":"asp", "ShipID":13 }
{ "timestamp":"2017-02-20T17:58:05Z", "event":"ModuleStore", "Slot":"SmallHardpoint3", "StoredItem":"$hpt_pulselaserburst_gimbal_small_name;", "StoredItem_Localised":"Burst Laser", "Ship":"asp", "ShipID":13, "EngineerModifications":"Weapon_Overcharged" }
{ "timestamp":"2017-02-20T17:58:40Z", "event":"ModuleStore", "Slot":"SmallHardpoint4", "StoredItem":"$hpt_beamlaser_gimbal_small_name;", "StoredItem_Localised":"Beam Laser", "Ship":"asp", "ShipID":13 }
{ "timestamp":"2017-02-20T17:58:50Z", "event":"ModuleStore", "Slot":"MediumHardpoint1", "StoredItem":"$hpt_multicannon_gimbal_medium_name;", "StoredItem_Localised":"Multi-Cannon", "Ship":"asp", "ShipID":13, "EngineerModifications":"Weapon_Overcharged" }
{ "timestamp":"2017-02-20T17:59:46Z", "event":"BuyAmmo", "Cost":100 }
