{ "timestamp":"2017-01-29T12:55:18Z", "event":"Fileheader", "part":1, "language":"English\\UK", "gameversion":"2.2", "build":"r131487/r0 " }
{ "timestamp":"2017-01-29T12:56:42Z", "event":"LoadGame", "Commander":"Blantyre", "Ship":"Python", "ShipID":16, "GameMode":"Solo", "Credits":17211504, "Loan":0 }
{ "timestamp":"2017-01-29T12:56:42Z", "event":"Rank", "Combat":4, "Trade":5, "Explore":4, "Empire":2, "Federation":7, "CQC":0 }
{ "timestamp":"2017-01-29T12:56:42Z", "event":"Progress", "Combat":36, "Trade":97, "Explore":39, "Empire":18, "Federation":15, "CQC":0 }
{ "timestamp":"2017-01-29T12:57:17Z", "event":"Location", "Docked":true, "StationName":"So-yeon Dock", "StationType":"Orbis", "StarSystem":"LP 339-7", "StarPos":[-70.063,-8.281,27.906], "SystemAllegiance":"Federation", "SystemEconomy":"$economy_Agri;", "SystemEconomy_Localised":"Agriculture", "SystemGovernment":"$government_Corporate;", "SystemGovernment_Localised":"Corporate", "SystemSecurity":"$SYSTEM_SECURITY_high;", "SystemSecurity_Localised":"High Security", "Body":"So-yeon Dock", "BodyType":"Station", "SystemFaction":"Starship Enterprises", "FactionState":"Boom" }
{ "timestamp":"2017-01-29T12:57:17Z", "event":"Docked", "StationName":"So-yeon Dock", "StationType":"Orbis", "StarSystem":"LP 339-7", "StationFaction":"Starship Enterprises", "FactionState":"Boom", "StationGovernment":"$government_Corporate;", "StationGovernment_Localised":"Corporate", "StationAllegiance":"Federation", "StationEconomy":"$economy_Agri;", "StationEconomy_Localised":"Agriculture" }
{ "timestamp":"2017-01-29T13:01:57Z", "event":"ReceiveText", "From":"$npc_name_decorate:#name=Zanzalimit;", "From_Localised":"Zanzalimit", "Message":"$Commuter_AuthorityScan03;", "Message_Localised":"Will this take long? I’ve got a schedule to keep. ", "Channel":"npc" }
{ "timestamp":"2017-01-29T13:03:41Z", "event":"MissionAccepted", "Faction":"Starship Enterprises", "Name":"Mission_Sightseeing_CEO_BOOM", "Commodity":"$ProgenitorCells_Name;", "Commodity_Localised":"Progenitor Cells", "Count":3, "Expiry":"2017-01-30T06:23:05Z", "PassengerCount":6, "PassengerVIPs":true, "PassengerWanted":false, "PassengerType":"Business", "MissionID":80428647 }
{ "timestamp":"2017-01-29T13:03:50Z", "event":"RefuelAll", "Cost":82, "Amount":1.624329 }
{ "timestamp":"2017-01-29T13:05:11Z", "event":"ModuleSell", "Slot":"Slot06_Size4", "SellItem":"$int_fuelscoop_size4_class4_name;", "SellItem_Localised":"Fuel Scoop", "SellPrice":715591, "Ship":"python", "ShipID":16 }
{ "timestamp":"2017-01-29T13:05:34Z", "event":"ModuleBuy", "Slot":"Slot04_Size5", "SellItem":"$int_cargorack_size5_class1_name;", "SellItem_Localised":"Cargo Rack", "SellPrice":94831, "BuyItem":"$int_fuelscoop_size5_class3_name;", "BuyItem_Localised":"Fuel Scoop", "BuyPrice":567106, "Ship":"python", "ShipID":16 }
{ "timestamp":"2017-01-29T13:05:54Z", "event":"EjectCargo", "Type":"drones", "Count":4, "Abandoned":false }
{ "timestamp":"2017-01-29T13:06:22Z", "event":"MarketSell", "Type":"nanobreakers", "Count":4, "SellPrice":1044, "TotalSale":4176, "AvgPricePaid":0 }
{ "timestamp":"2017-01-29T13:06:39Z", "event":"ReceiveText", "From":"$npc_name_decorate:#name=Dunkerson;", "From_Localised":"Dunkerson", "Message":"$Commuter_AuthorityScan04;", "Message_Localised":"Is this really necessary?", "Channel":"npc" }
{ "timestamp":"2017-01-29T13:07:06Z", "event":"Undocked", "StationName":"So-yeon Dock", "StationType":"Orbis" }
{ "timestamp":"2017-01-29T13:08:17Z", "event":"ReceiveText", "From":"So-yeon Dock", "Message":"$STATION_NoFireZone_exited;", "Message_Localised":"No fire zone left.", "Channel":"npc" }
{ "timestamp":"2017-01-29T13:08:22Z", "event":"ReceiveText", "From":"So-yeon Dock", "Message":"$STATION_NoFireZone_entered;", "Message_Localised":"No fire zone entered.", "Channel":"npc" }
{ "timestamp":"2017-01-29T13:09:08Z", "event":"FSDJump", "StarSystem":"Lalande 38451", "StarPos":[-59.156,3.625,15.656], "SystemAllegiance":"Federation", "SystemEconomy":"$economy_Refinery;", "SystemEconomy_Localised":"Refinery", "SystemGovernment":"$government_Democracy;", "SystemGovernment_Localised":"Democracy", "SystemSecurity":"$SYSTEM_SECURITY_medium;", "SystemSecurity_Localised":"Medium Security", "JumpDist":20.267, "FuelUsed":4.004244, "FuelLevel":27.995756, "SystemFaction":"Values Party of Lalande 38451", "FactionState":"Boom" }
{ "timestamp":"2017-01-29T13:09:45Z", "event":"FuelScoop", "Scooped":4.004244, "Total":32.000000 }
{ "timestamp":"2017-01-29T13:10:19Z", "event":"FSDJump", "StarSystem":"Eos", "StarPos":[-51.875,16.781,-0.375], "SystemAllegiance":"Independent", "SystemEconomy":"$economy_Refinery;", "SystemEconomy_Localised":"Refinery", "SystemGovernment":"$government_Feudal;", "SystemGovernment_Localised":"Feudal", "SystemSecurity":"$SYSTEM_SECURITY_medium;", "SystemSecurity_Localised":"Medium Security", "JumpDist":21.980, "FuelUsed":4.884449, "FuelLevel":27.115551, "SystemFaction":"Leaders of Eos", "FactionState":"Boom" }
{ "timestamp":"2017-01-29T13:10:54Z", "event":"FuelScoop", "Scooped":4.884449, "Total":32.000000 }
{ "timestamp":"2017-01-29T13:11:32Z", "event":"FSDJump", "StarSystem":"Perendi", "StarPos":[-52.563,33.094,-11.875], "SystemAllegiance":"Federation", "SystemEconomy":"$economy_Refinery;", "SystemEconomy_Localised":"Refinery", "SystemGovernment":"$government_Democracy;", "SystemGovernment_Localised":"Democracy", "SystemSecurity":"$SYSTEM_SECURITY_medium;", "SystemSecurity_Localised":"Medium Security", "JumpDist":19.970, "FuelUsed":3.862047, "FuelLevel":28.137953, "SystemFaction":"People's Perendi Future" }
{ "timestamp":"2017-01-29T13:12:02Z", "event":"FuelScoop", "Scooped":3.206568, "Total":31.344521 }
{ "timestamp":"2017-01-29T13:12:27Z", "event":"FSDJump", "StarSystem":"Pi-1 Ursae Minoris", "StarPos":[-52.188,39.750,-24.969], "SystemAllegiance":"", "SystemEconomy":"$economy_None;", "SystemEconomy_Localised":"None", "SystemGovernment":"$government_None;", "SystemGovernment_Localised":"None", "SystemSecurity":"$SYSTEM_SECURITY_low;", "SystemSecurity_Localised":"Low Security", "JumpDist":14.693, "FuelUsed":1.816993, "FuelLevel":29.527527 }
{ "timestamp":"2017-01-29T13:13:01Z", "event":"FuelScoop", "Scooped":2.472473, "Total":32.000000 }
{ "timestamp":"2017-01-29T13:13:32Z", "event":"FSDJump", "StarSystem":"LHS 2405", "StarPos":[-45.875,45.563,-36.281], "SystemAllegiance":"Federation", "SystemEconomy":"$economy_Agri;", "SystemEconomy_Localised":"Agriculture", "SystemGovernment":"$government_Democracy;", "SystemGovernment_Localised":"Democracy", "SystemSecurity":"$SYSTEM_SECURITY_medium;", "SystemSecurity_Localised":"Medium Security", "JumpDist":14.199, "FuelUsed":1.674425, "FuelLevel":30.325575, "SystemFaction":"Independent LHS 2405 Liberals", "FactionState":"Boom" }
{ "timestamp":"2017-01-29T13:14:07Z", "event":"FuelScoop", "Scooped":0.245909, "Total":30.571484 }
{ "timestamp":"2017-01-29T13:17:46Z", "event":"ApproachSettlement", "Name":"LHS 2405 B 7 a Ice Geysers" }
{ "timestamp":"2017-01-29T13:17:48Z", "event":"SupercruiseExit", "StarSystem":"LHS 2405", "Body":"LHS 2405 B 7 a", "BodyType":"Planet" }
{ "timestamp":"2017-01-29T13:19:39Z", "event":"DataScanned", "Type":"TouristBeacon" }
{ "timestamp":"2017-01-29T13:21:25Z", "event":"FSDJump", "StarSystem":"LFT 1073", "StarPos":[-38.938,32.563,-21.656], "SystemAllegiance":"Alliance", "SystemEconomy":"$economy_Military;", "SystemEconomy_Localised":"Military", "SystemGovernment":"$government_Corporate;", "SystemGovernment_Localised":"Corporate", "SystemSecurity":"$SYSTEM_SECURITY_low;", "SystemSecurity_Localised":"Low Security", "JumpDist":20.761, "FuelUsed":4.227361, "FuelLevel":26.344122, "SystemFaction":"LFT 1073 Travel Organisation", "FactionState":"CivilWar" }
{ "timestamp":"2017-01-29T13:21:58Z", "event":"FuelScoop", "Scooped":4.737133, "Total":31.081255 }
{ "timestamp":"2017-01-29T13:22:30Z", "event":"FSDJump", "StarSystem":"LFT 1446", "StarPos":[-38.813,18.250,-7.938], "SystemAllegiance":"Federation", "SystemEconomy":"$economy_Military;", "SystemEconomy_Localised":"Military", "SystemGovernment":"$government_Democracy;", "SystemGovernment_Localised":"Democracy", "SystemSecurity":"$SYSTEM_SECURITY_medium;", "SystemSecurity_Localised":"Medium Security", "JumpDist":19.826, "FuelUsed":3.782342, "FuelLevel":27.298912, "SystemFaction":"Values Party of LFT 1446" }
{ "timestamp":"2017-01-29T13:24:01Z", "event":"FSDJump", "StarSystem":"Core Sys Sector CL-Y c24", "StarPos":[-28.000,8.094,7.688], "SystemAllegiance":"", "SystemEconomy":"$economy_None;", "SystemEconomy_Localised":"None", "SystemGovernment":"$government_None;", "SystemGovernment_Localised":"None", "SystemSecurity":"$SYSTEM_SECURITY_low;", "SystemSecurity_Localised":"Low Security", "JumpDist":21.545, "FuelUsed":4.579331, "FuelLevel":22.719582 }
{ "timestamp":"2017-01-29T13:25:15Z", "event":"FuelScoop", "Scooped":9.280418, "Total":32.000000 }
{ "timestamp":"2017-01-29T13:25:39Z", "event":"FSDJump", "StarSystem":"LFT 1472", "StarPos":[-24.156,-2.219,26.125], "SystemAllegiance":"", "SystemEconomy":"$economy_None;", "SystemEconomy_Localised":"None", "SystemGovernment":"$government_None;", "SystemGovernment_Localised":"None", "SystemSecurity":"$SYSTEM_SECURITY_low;", "SystemSecurity_Localised":"Low Security", "JumpDist":21.472, "FuelUsed":4.612630, "FuelLevel":27.387369 }
{ "timestamp":"2017-01-29T13:25:57Z", "event":"FuelScoop", "Scooped":0.041626, "Total":27.428995 }
{ "timestamp":"2017-01-29T13:26:29Z", "event":"FSDJump", "StarSystem":"Chowei", "StarPos":[-20.813,-8.844,46.813], "SystemAllegiance":"Federation", "SystemEconomy":"$economy_Industrial;", "SystemEconomy_Localised":"Industrial", "SystemGovernment":"$government_Corporate;", "SystemGovernment_Localised":"Corporate", "SystemSecurity":"$SYSTEM_SECURITY_medium;", "SystemSecurity_Localised":"Medium Security", "JumpDist":21.978, "FuelUsed":4.810147, "FuelLevel":22.618849, "SystemFaction":"Chowei Purple Major Group", "FactionState":"Boom" }
{ "timestamp":"2017-01-29T13:26:59Z", "event":"FuelScoop", "Scooped":2.951479, "Total":25.570328 }
{ "timestamp":"2017-01-29T13:27:26Z", "event":"FSDJump", "StarSystem":"Alrai Sector DV-P a5-1", "StarPos":[-17.719,-26.875,55.125], "SystemAllegiance":"", "SystemEconomy":"$economy_None;", "SystemEconomy_Localised":"None", "SystemGovernment":"$government_None;", "SystemGovernment_Localised":"None", "SystemSecurity":"$SYSTEM_SECURITY_low;", "SystemSecurity_Localised":"Low Security", "JumpDist":20.095, "FuelUsed":3.834666, "FuelLevel":21.735661 }
{ "timestamp":"2017-01-29T13:28:30Z", "event":"FSDJump", "StarSystem":"Chnouk", "StarPos":[-7.063,-45.125,60.469], "SystemAllegiance":"Federation", "SystemEconomy":"$economy_Industrial;", "SystemEconomy_Localised":"Industrial", "SystemGovernment":"$government_Democracy;", "SystemGovernment_Localised":"Democracy", "SystemSecurity":"$SYSTEM_SECURITY_medium;", "SystemSecurity_Localised":"Medium Security", "JumpDist":21.798, "FuelUsed":4.625474, "FuelLevel":17.110188, "SystemFaction":"Democrats of Chnouk" }
{ "timestamp":"2017-01-29T13:29:37Z", "event":"FuelScoop", "Scooped":14.889812, "Total":32.000000 }
{ "timestamp":"2017-01-29T13:30:11Z", "event":"FSDJump", "StarSystem":"Col 285 Sector HI-P b20-7", "StarPos":[0.188,-55.000,77.156], "SystemAllegiance":"", "SystemEconomy":"$economy_None;", "SystemEconomy_Localised":"None", "SystemGovernment":"$government_None;", "SystemGovernment_Localised":"None", "SystemSecurity":"$SYSTEM_SECURITY_low;", "SystemSecurity_Localised":"Low Security", "JumpDist":20.701, "FuelUsed":4.217350, "FuelLevel":27.782650 }
{ "timestamp":"2017-01-29T13:30:36Z", "event":"FuelScoop", "Scooped":1.948278, "Total":29.730928 }
{ "timestamp":"2017-01-29T13:31:04Z", "event":"FSDJump", "StarSystem":"Col 285 Sector JD-P b20-2", "StarPos":[2.094,-76.438,81.281], "SystemAllegiance":"", "SystemEconomy":"$economy_None;", "SystemEconomy_Localised":"None", "SystemGovernment":"$government_None;", "SystemGovernment_Localised":"None", "SystemSecurity":"$SYSTEM_SECURITY_low;", "SystemSecurity_Localised":"Low Security", "JumpDist":21.914, "FuelUsed":4.812321, "FuelLevel":24.918608 }
{ "timestamp":"2017-01-29T13:31:33Z", "event":"FuelScoop", "Scooped":2.640200, "Total":27.558807 }
{ "timestamp":"2017-01-29T13:32:04Z", "event":"FSDJump", "StarSystem":"Vak", "StarPos":[1.813,-90.906,94.938], "SystemAllegiance":"Empire", "SystemEconomy":"$economy_Refinery;", "SystemEconomy_Localised":"Refinery", "SystemGovernment":"$government_Corporate;", "SystemGovernment_Localised":"Corporate", "SystemSecurity":"$SYSTEM_SECURITY_low;", "SystemSecurity_Localised":"Low Security", "JumpDist":19.898, "FuelUsed":3.771508, "FuelLevel":23.787300, "SystemFaction":"Silver Vision Corp.", "FactionState":"Boom" }
{ "timestamp":"2017-01-29T13:36:26Z", "event":"SupercruiseExit", "StarSystem":"Vak", "Body":"Vak 7", "BodyType":"Planet" }
{ "timestamp":"2017-01-29T13:36:41Z", "event":"DataScanned", "Type":"TouristBeacon" }
{ "timestamp":"2017-01-29T13:37:34Z", "event":"ReceiveText", "From":"$npc_name_decorate:#name=ABW Galactic Travel Agency;", "From_Localised":"ABW Galactic Travel Agency", "Message":"$PassengerLiner_Passthrough03;", "Message_Localised":"Passengers are advised that the gymnasium is currently closed due to equipment malfunction.", "Channel":"npc" }
{ "timestamp":"2017-01-29T13:37:39Z", "event":"ReceiveText", "From":"$npc_name_decorate:#name=Paine Pleasure Cruises;", "From_Localised":"Paine Pleasure Cruises", "Message":"$PassengerLiner_Passthrough03;", "Message_Localised":"Passengers are advised that the gymnasium is currently closed due to equipment malfunction.", "Channel":"npc" }
{ "timestamp":"2017-01-29T13:38:21Z", "event":"FSDJump", "StarSystem":"Col 285 Sector JD-P b20-2", "StarPos":[2.094,-76.438,81.281], "SystemAllegiance":"", "SystemEconomy":"$economy_None;", "SystemEconomy_Localised":"None", "SystemGovernment":"$government_None;", "SystemGovernment_Localised":"None", "SystemSecurity":"$SYSTEM_SECURITY_low;", "SystemSecurity_Localised":"Low Security", "JumpDist":19.898, "FuelUsed":3.724452, "FuelLevel":20.062847 }
{ "timestamp":"2017-01-29T13:39:42Z", "event":"FuelScoop", "Scooped":11.937153, "Total":32.000000 }
{ "timestamp":"2017-01-29T13:40:10Z", "event":"FSDJump", "StarSystem":"Col 285 Sector HI-P b20-7", "StarPos":[0.188,-55.000,77.156], "SystemAllegiance":"", "SystemEconomy":"$economy_None;", "SystemEconomy_Localised":"None", "SystemGovernment":"$government_None;", "SystemGovernment_Localised":"None", "SystemSecurity":"$SYSTEM_SECURITY_low;", "SystemSecurity_Localised":"Low Security", "JumpDist":21.914, "FuelUsed":4.848438, "FuelLevel":27.151562 }
{ "timestamp":"2017-01-29T13:40:39Z", "event":"FuelScoop", "Scooped":3.149118, "Total":30.300680 }
{ "timestamp":"2017-01-29T13:41:15Z", "event":"FSDJump", "StarSystem":"Chnouk", "StarPos":[-7.063,-45.125,60.469], "SystemAllegiance":"Federation", "SystemEconomy":"$economy_Industrial;", "SystemEconomy_Localised":"Industrial", "SystemGovernment":"$government_Democracy;", "SystemGovernment_Localised":"Democracy", "SystemSecurity":"$SYSTEM_SECURITY_medium;", "SystemSecurity_Localised":"Medium Security", "JumpDist":20.701, "FuelUsed":4.193873, "FuelLevel":26.106808, "SystemFaction":"Democrats of Chnouk" }
{ "timestamp":"2017-01-29T13:41:48Z", "event":"FuelScoop", "Scooped":5.062613, "Total":31.169420 }
{ "timestamp":"2017-01-29T13:42:21Z", "event":"FSDJump", "StarSystem":"Alrai Sector ZO-R a4-2", "StarPos":[-20.313,-33.250,48.250], "SystemAllegiance":"", "SystemEconomy":"$economy_None;", "SystemEconomy_Localised":"None", "SystemGovernment":"$government_None;", "SystemGovernment_Localised":"None", "SystemSecurity":"$SYSTEM_SECURITY_low;", "SystemSecurity_Localised":"Low Security", "JumpDist":21.584, "FuelUsed":4.658835, "FuelLevel":26.510586 }
{ "timestamp":"2017-01-29T13:43:12Z", "event":"FSDJump", "StarSystem":"LP 694-16", "StarPos":[-28.500,-18.438,42.469], "SystemAllegiance":"Federation", "SystemEconomy":"$economy_Industrial;", "SystemEconomy_Localised":"Industrial", "SystemGovernment":"$government_Corporate;", "SystemGovernment_Localised":"Corporate", "SystemSecurity":"$SYSTEM_SECURITY_medium;", "SystemSecurity_Localised":"Medium Security", "JumpDist":17.885, "FuelUsed":2.894256, "FuelLevel":22.786329, "SystemFaction":"LP 694-16 Crimson Legal Ind" }
{ "timestamp":"2017-01-29T13:43:36Z", "event":"FuelScoop", "Scooped":1.053995, "Total":23.840324 }
{ "timestamp":"2017-01-29T13:44:17Z", "event":"FSDJump", "StarSystem":"31 Aquilae", "StarPos":[-36.625,-2.031,33.250], "SystemAllegiance":"Federation", "SystemEconomy":"$economy_Agri;", "SystemEconomy_Localised":"Agriculture", "SystemGovernment":"$government_Corporate;", "SystemGovernment_Localised":"Corporate", "SystemSecurity":"$SYSTEM_SECURITY_high;", "SystemSecurity_Localised":"High Security", "JumpDist":20.498, "FuelUsed":4.006474, "FuelLevel":19.833851, "SystemFaction":"31 Aquilae Group", "FactionState":"Boom" }
{ "timestamp":"2017-01-29T13:44:57Z", "event":"HeatWarning" }
{ "timestamp":"2017-01-29T13:45:21Z", "event":"FuelScoop", "Scooped":12.166149, "Total":32.000000 }
{ "timestamp":"2017-01-29T13:46:05Z", "event":"FSDJump", "StarSystem":"Dahomey", "StarPos":[-46.625,7.219,20.406], "SystemAllegiance":"", "SystemEconomy":"$economy_None;", "SystemEconomy_Localised":"None", "SystemGovernment":"$government_None;", "SystemGovernment_Localised":"None", "SystemSecurity":"$SYSTEM_SECURITY_low;", "SystemSecurity_Localised":"Low Security", "JumpDist":18.722, "FuelUsed":3.297152, "FuelLevel":28.702848 }
{ "timestamp":"2017-01-29T13:46:40Z", "event":"FuelScoop", "Scooped":3.297152, "Total":32.000000 }
{ "timestamp":"2017-01-29T13:47:15Z", "event":"FSDJump", "StarSystem":"LFT 1487", "StarPos":[-55.000,15.156,4.438], "SystemAllegiance":"", "SystemEconomy":"$economy_None;", "SystemEconomy_Localised":"None", "SystemGovernment":"$government_None;", "SystemGovernment_Localised":"None", "SystemSecurity":"$SYSTEM_SECURITY_low;", "SystemSecurity_Localised":"Low Security", "JumpDist":19.701, "FuelUsed":3.735733, "FuelLevel":28.264267 }
{ "timestamp":"2017-01-29T13:47:43Z", "event":"FuelScoop", "Scooped":2.174747, "Total":30.439014 }
{ "timestamp":"2017-01-29T13:48:25Z", "event":"FSDJump", "StarSystem":"Col 285 Sector CX-Y b15-5", "StarPos":[-60.219,24.469,-14.125], "SystemAllegiance":"", "SystemEconomy":"$economy_None;", "SystemEconomy_Localised":"None", "SystemGovernment":"$government_None;", "SystemGovernment_Localised":"None", "SystemSecurity":"$SYSTEM_SECURITY_low;", "SystemSecurity_Localised":"Low Security", "JumpDist":21.413, "FuelUsed":4.558093, "FuelLevel":25.880922 }
{ "timestamp":"2017-01-29T13:48:52Z", "event":"FuelScoop", "Scooped":2.104528, "Total":27.985451 }
{ "timestamp":"2017-01-29T13:49:24Z", "event":"FSDJump", "StarSystem":"Medusa", "StarPos":[-67.969,42.500,-14.500], "SystemAllegiance":"Federation", "SystemEconomy":"$economy_Refinery;", "SystemEconomy_Localised":"Refinery", "SystemGovernment":"$government_Corporate;", "SystemGovernment_Localised":"Corporate", "SystemSecurity":"$SYSTEM_SECURITY_low;", "SystemSecurity_Localised":"Low Security", "JumpDist":19.630, "FuelUsed":3.653429, "FuelLevel":24.332022, "SystemFaction":"Medusa Galactic Systems" }
{ "timestamp":"2017-01-29T13:49:54Z", "event":"FuelScoop", "Scooped":3.365911, "Total":27.697933 }
{ "timestamp":"2017-01-29T13:50:25Z", "event":"FSDJump", "StarSystem":"Meenates", "StarPos":[-78.719,53.563,-23.438], "SystemAllegiance":"Federation", "SystemEconomy":"$economy_Agri;", "SystemEconomy_Localised":"Agriculture", "SystemGovernment":"$government_Corporate;", "SystemGovernment_Localised":"Corporate", "SystemSecurity":"$SYSTEM_SECURITY_medium;", "SystemSecurity_Localised":"Medium Security", "JumpDist":17.828, "FuelUsed":2.882912, "FuelLevel":24.815022, "SystemFaction":"Meenates Travel Services", "FactionState":"Boom" }
{ "timestamp":"2017-01-29T13:50:45Z", "event":"FuelScoop", "Scooped":0.166607, "Total":24.981628 }
{ "timestamp":"2017-01-29T13:51:22Z", "event":"ReceiveText", "From":"$npc_name_decorate:#name=Cruise Ship;", "From_Localised":"Cruise Ship", "Message":"$CruiseLiner_SCPatrol01;", "Message_Localised":"And don't forget, this Liner is in the top 1% of all Liners out there.", "Channel":"npc" }
{ "timestamp":"2017-01-29T13:53:34Z", "event":"ApproachSettlement", "Name":"Meenates 4 a Ice Geysers" }
{ "timestamp":"2017-01-29T13:53:37Z", "event":"SupercruiseExit", "StarSystem":"Meenates", "Body":"Meenates 4 a", "BodyType":"Planet" }
{ "timestamp":"2017-01-29T13:54:07Z", "event":"DataScanned", "Type":"TouristBeacon" }
{ "timestamp":"2017-01-29T13:55:03Z", "event":"SupercruiseEntry", "StarSystem":"Meenates" }
{ "timestamp":"2017-01-29T13:56:39Z", "event":"FSDJump", "StarSystem":"Cephei Sector ON-T b3-3", "StarPos":[-72.219,36.813,-10.625], "SystemAllegiance":"", "SystemEconomy":"$economy_None;", "SystemEconomy_Localised":"None", "SystemGovernment":"$government_None;", "SystemGovernment_Localised":"None", "SystemSecurity":"$SYSTEM_SECURITY_low;", "SystemSecurity_Localised":"Low Security", "JumpDist":22.067, "FuelUsed":4.818642, "FuelLevel":20.162987 }
{ "timestamp":"2017-01-29T13:57:32Z", "event":"FuelScoop", "Scooped":8.698900, "Total":28.861887 }
{ "timestamp":"2017-01-29T13:58:14Z", "event":"FSDJump", "StarSystem":"Ao Shun", "StarPos":[-75.313,22.594,1.094], "SystemAllegiance":"Federation", "SystemEconomy":"$economy_Industrial;", "SystemEconomy_Localised":"Industrial", "SystemGovernment":"$government_Corporate;", "SystemGovernment_Localised":"Corporate", "SystemSecurity":"$SYSTEM_SECURITY_high;", "SystemSecurity_Localised":"High Security", "JumpDist":18.684, "FuelUsed":3.246324, "FuelLevel":25.615562, "SystemFaction":"Ao Shun Silver Universal Inc", "FactionState":"Boom" }
{ "timestamp":"2017-01-29T13:58:48Z", "event":"FuelScoop", "Scooped":3.352221, "Total":28.967783 }
{ "timestamp":"2017-01-29T13:59:50Z", "event":"FSDJump", "StarSystem":"MCC 818", "StarPos":[-78.969,5.875,13.844], "SystemAllegiance":"Federation", "SystemEconomy":"$economy_Refinery;", "SystemEconomy_Localised":"Refinery", "SystemGovernment":"$government_Democracy;", "SystemGovernment_Localised":"Democracy", "SystemSecurity":"$SYSTEM_SECURITY_medium;", "SystemSecurity_Localised":"Medium Security", "JumpDist":21.341, "FuelUsed":4.498527, "FuelLevel":24.469257, "SystemFaction":"Democrats of MCC 818" }
{ "timestamp":"2017-01-29T14:00:19Z", "event":"FuelScoop", "Scooped":3.288218, "Total":27.757475 }
{ "timestamp":"2017-01-29T14:00:53Z", "event":"FSDJump", "StarSystem":"LP 339-7", "StarPos":[-70.063,-8.281,27.906], "SystemAllegiance":"Federation", "SystemEconomy":"$economy_Agri;", "SystemEconomy_Localised":"Agriculture", "SystemGovernment":"$government_Corporate;", "SystemGovernment_Localised":"Corporate", "SystemSecurity":"$SYSTEM_SECURITY_high;", "SystemSecurity_Localised":"High Security", "JumpDist":21.851, "FuelUsed":4.747190, "FuelLevel":23.010284, "SystemFaction":"Starship Enterprises", "FactionState":"Boom" }
{ "timestamp":"2017-01-29T14:01:16Z", "event":"FuelScoop", "Scooped":0.747505, "Total":23.757790 }
{ "timestamp":"2017-01-29T14:02:39Z", "event":"SupercruiseExit", "StarSystem":"LP 339-7", "Body":"So-yeon Dock", "BodyType":"Station" }
{ "timestamp":"2017-01-29T14:02:40Z", "event":"ReceiveText", "From":"So-yeon Dock", "Message":"$STATION_NoFireZone_entered;", "Message_Localised":"No fire zone entered.", "Channel":"npc" }
{ "timestamp":"2017-01-29T14:02:53Z", "event":"DockingRequested", "StationName":"So-yeon Dock" }
{ "timestamp":"2017-01-29T14:02:53Z", "event":"ReceiveText", "From":"So-yeon Dock", "Message":"$DockingChatter_Allied;", "Message_Localised":"An ally like you is always welcome here.", "Channel":"npc" }
{ "timestamp":"2017-01-29T14:02:54Z", "event":"ReceiveText", "From":"So-yeon Dock", "Message":"$STATION_docking_granted;", "Message_Localised":"Docking request granted.", "Channel":"npc" }
{ "timestamp":"2017-01-29T14:02:54Z", "event":"DockingGranted", "LandingPad":26, "StationName":"So-yeon Dock" }
{ "timestamp":"2017-01-29T14:04:05Z", "event":"Docked", "StationName":"So-yeon Dock", "StationType":"Orbis", "StarSystem":"LP 339-7", "StationFaction":"Starship Enterprises", "FactionState":"Boom", "StationGovernment":"$government_Corporate;", "StationGovernment_Localised":"Corporate", "StationAllegiance":"Federation", "StationEconomy":"$economy_Agri;", "StationEconomy_Localised":"Agriculture" }
{ "timestamp":"2017-01-29T14:04:23Z", "event":"MissionCompleted", "Faction":"Starship Enterprises", "Name":"Mission_Sightseeing_CEO_BOOM_name", "MissionID":80428647, "Commodity":"$ProgenitorCells_Name;", "Commodity_Localised":"Progenitor Cells", "Count":3, "Reward":6939444, "CommodityReward":[ { "Name": "Nanobreakers", "Count": 4 } ] }
{ "timestamp":"2017-01-29T14:04:23Z", "event":"Promotion", "Combat":4 }
{ "timestamp":"2017-01-29T14:04:23Z", "event":"Promotion", "Explore":5 }
{ "timestamp":"2017-01-29T14:08:50Z", "event":"RefuelAll", "Cost":438, "Amount":8.740385 }
{ "timestamp":"2017-01-29T14:10:59Z", "event":"Undocked", "StationName":"So-yeon Dock", "StationType":"Orbis" }
{ "timestamp":"2017-01-29T14:12:05Z", "event":"SupercruiseEntry", "StarSystem":"LP 339-7" }
{ "timestamp":"2017-01-29T14:14:21Z", "event":"SupercruiseExit", "StarSystem":"LP 339-7", "Body":"Whitson Orbital", "BodyType":"Station" }
{ "timestamp":"2017-01-29T14:14:22Z", "event":"ReceiveText", "From":"Whitson Orbital", "Message":"$STATION_NoFireZone_entered;", "Message_Localised":"No fire zone entered.", "Channel":"npc" }
{ "timestamp":"2017-01-29T14:14:34Z", "event":"DockingRequested", "StationName":"Whitson Orbital" }
{ "timestamp":"2017-01-29T14:14:34Z", "event":"ReceiveText", "From":"Whitson Orbital", "Message":"$DockingChatter_Allied;", "Message_Localised":"An ally like you is always welcome here.", "Channel":"npc" }
{ "timestamp":"2017-01-29T14:14:35Z", "event":"ReceiveText", "From":"Whitson Orbital", "Message":"$STATION_docking_granted;", "Message_Localised":"Docking request granted.", "Channel":"npc" }
{ "timestamp":"2017-01-29T14:14:35Z", "event":"DockingGranted", "LandingPad":45, "StationName":"Whitson Orbital" }
{ "timestamp":"2017-01-29T14:15:51Z", "event":"Docked", "StationName":"Whitson Orbital", "StationType":"Orbis", "StarSystem":"LP 339-7", "StationFaction":"Starship Enterprises", "FactionState":"Boom", "StationGovernment":"$government_Corporate;", "StationGovernment_Localised":"Corporate", "StationAllegiance":"Federation", "StationEconomy":"$economy_Agri;", "StationEconomy_Localised":"Agriculture" }
{ "timestamp":"2017-01-29T14:16:18Z", "event":"SellExplorationData", "Systems":[ "Dahomey", "Asherah", "G 125-30", "Pi-1 Ursae Minoris", "Medusa", "Masaai", "LFT 1446", "Ross 193", "Col 285 Sector JD-P b20-2", "Tyn", "Eos", "Core Sys Sector CL-Y c24", "Ojibway", "Cephei Sector ON-T b3-3", "Vak", "LFT 1487", "Col 285 Sector CX-Y b15-5", "Col 285 Sector MZ-U b17-7", "Col 285 Sector HI-P b20-7", "LHS 6350", "Alrai Sector DV-P a5-1", "LFT 1472", "Alrai Sector OC-V a2-2", "Alrai Sector ZO-R a4-2" ], "Discovered":[  ], "BaseValue":153296, "Bonus":0 }
{ "timestamp":"2017-01-29T14:33:58Z", "event":"Undocked", "StationName":"Whitson Orbital", "StationType":"Orbis" }
{ "timestamp":"2017-01-29T14:35:00Z", "event":"ReceiveText", "From":"Whitson Orbital", "Message":"$STATION_NoFireZone_exited;", "Message_Localised":"No fire zone left.", "Channel":"npc" }
{ "timestamp":"2017-01-29T14:35:29Z", "event":"FSDJump", "StarSystem":"LTT 15985", "StarPos":[-71.688,-10.156,28.156], "SystemAllegiance":"Federation", "SystemEconomy":"$economy_Refinery;", "SystemEconomy_Localised":"Refinery", "SystemGovernment":"$government_Corporate;", "SystemGovernment_Localised":"Corporate", "SystemSecurity":"$SYSTEM_SECURITY_low;", "SystemSecurity_Localised":"Low Security", "JumpDist":2.494, "FuelUsed":0.023927, "FuelLevel":31.976072, "SystemFaction":"Gilgamesh Ltd", "FactionState":"Boom" }
{ "timestamp":"2017-01-29T14:35:45Z", "event":"FuelScoop", "Scooped":0.000404, "Total":31.976477 }
{ "timestamp":"2017-01-29T14:35:45Z", "event":"ReceiveText", "From":"$npc_name_decorate:#name=Johnny Maloney;", "From_Localised":"Johnny Maloney", "Message":"$Pirate_HunterHostileSC_Relevant05;", "Message_Localised":"The rumour was right... good job I found you first.", "Channel":"npc" }
{ "timestamp":"2017-01-29T14:38:15Z", "event":"ReceiveText", "From":"$npc_name_decorate:#name=Johnny Maloney;", "From_Localised":"Johnny Maloney", "Message":"$Pirate_StartInterdiction07;", "Message_Localised":"I'm coming for you.", "Channel":"npc" }
{ "timestamp":"2017-01-29T14:38:22Z", "event":"Interdicted", "Submitted":true, "Interdictor":"Johnny Maloney", "IsPlayer":false, "Faction":"LTT 15985 Crimson Drug Empire" }
{ "timestamp":"2017-01-29T14:38:23Z", "event":"SupercruiseExit", "StarSystem":"LTT 15985", "Body":"LTT 15985 2+3", "BodyType":"Null" }
{ "timestamp":"2017-01-29T14:38:25Z", "event":"ReceiveText", "From":"$npc_name_decorate:#name=Johnny Maloney;", "From_Localised":"Johnny Maloney", "Message":"$Pirate_Arrival07;", "Message_Localised":"Don't worry...", "Channel":"npc" }
{ "timestamp":"2017-01-29T14:38:35Z", "event":"ReceiveText", "From":"$npc_name_decorate:#name=Johnny Maloney;", "From_Localised":"Johnny Maloney", "Message":"$Pirate_OnDeclarePiracyAttack16;", "Message_Localised":"I have you in my sights.", "Channel":"npc" }
{ "timestamp":"2017-01-29T14:39:07Z", "event":"ReceiveText", "From":"$npc_name_decorate:#name=Johnny Maloney;", "From_Localised":"Johnny Maloney", "Message":"$BadKarmaCriticalDamage08;", "Message_Localised":"I've taken too many hits.", "Channel":"npc" }
{ "timestamp":"2017-01-29T14:39:43Z", "event":"SupercruiseEntry", "StarSystem":"LTT 15985" }
{ "timestamp":"2017-01-29T14:41:39Z", "event":"SupercruiseExit", "StarSystem":"LTT 15985", "Body":"Akiyama Hangar", "BodyType":"Station" }
{ "timestamp":"2017-01-29T14:41:47Z", "event":"DockingRequested", "StationName":"Akiyama Hangar" }
{ "timestamp":"2017-01-29T14:41:47Z", "event":"ReceiveText", "From":"Akiyama Hangar", "Message":"$DockingChatter_Neutral;", "Message_Localised":"Ensure to observe starport protocol during your visit, pilot.", "Channel":"npc" }
{ "timestamp":"2017-01-29T14:41:49Z", "event":"ReceiveText", "From":"Akiyama Hangar", "Message":"$STATION_docking_granted;", "Message_Localised":"Docking request granted.", "Channel":"npc" }
{ "timestamp":"2017-01-29T14:41:49Z", "event":"DockingGranted", "LandingPad":5, "StationName":"Akiyama Hangar" }
{ "timestamp":"2017-01-29T14:42:05Z", "event":"ReceiveText", "From":"Akiyama Hangar", "Message":"$STATION_NoFireZone_entered;", "Message_Localised":"No fire zone entered.", "Channel":"npc" }
{ "timestamp":"2017-01-29T14:43:04Z", "event":"Docked", "StationName":"Akiyama Hangar", "StationType":"Outpost", "StarSystem":"LTT 15985", "StationFaction":"Gilgamesh Ltd", "FactionState":"Boom", "StationGovernment":"$government_Corporate;", "StationGovernment_Localised":"Corporate", "StationAllegiance":"Federation", "StationEconomy":"$economy_Refinery;", "StationEconomy_Localised":"Refinery" }
{ "timestamp":"2017-01-29T14:43:55Z", "event":"PayFines", "Amount":250, "BrokerPercentage":25.000000 }
{ "timestamp":"2017-01-29T14:43:59Z", "event":"RedeemVoucher", "Type":"bounty", "Amount":130409, "BrokerPercentage":25.000000 }
{ "timestamp":"2017-01-29T15:09:47Z", "event":"ModuleStore", "Slot":"MediumHardpoint1", "StoredItem":"$hpt_beamlaser_turret_medium_name;", "StoredItem_Localised":"Beam Laser", "Ship":"python", "ShipID":16 }
{ "timestamp":"2017-01-29T15:09:58Z", "event":"ModuleStore", "Slot":"MediumHardpoint2", "StoredItem":"$hpt_beamlaser_turret_medium_name;", "StoredItem_Localised":"Beam Laser", "Ship":"python", "ShipID":16 }
{ "timestamp":"2017-01-29T15:10:11Z", "event":"ModuleBuy", "Slot":"MediumHardpoint1", "BuyItem":"$hpt_basicmissilerack_fixed_medium_name;", "BuyItem_Localised":"Seeker Missile Rack", "BuyPrice":512400, "Ship":"python", "ShipID":16 }
{ "timestamp":"2017-01-29T15:10:19Z", "event":"ModuleBuy", "Slot":"MediumHardpoint2", "BuyItem":"$hpt_basicmissilerack_fixed_medium_name;", "BuyItem_Localised":"Seeker Missile Rack", "BuyPrice":512400, "Ship":"python", "ShipID":16 }
{ "timestamp":"2017-01-29T15:10:31Z", "event":"ModuleStore", "Slot":"Slot01_Size6", "StoredItem":"$int_passengercabin_size6_class3_name;", "StoredItem_Localised":"FC Passenger Cabin", "Ship":"python", "ShipID":16 }
{ "timestamp":"2017-01-29T15:10:38Z", "event":"ModuleBuy", "Slot":"Slot01_Size6", "BuyItem":"$int_cargorack_size6_class1_name;", "BuyItem_Localised":"Cargo Rack", "BuyPrice":362591, "Ship":"python", "ShipID":16 }
{ "timestamp":"2017-01-29T15:10:46Z", "event":"ModuleBuy", "Slot":"Slot06_Size4", "BuyItem":"$int_cargorack_size4_class1_name;", "BuyItem_Localised":"Cargo Rack", "BuyPrice":34328, "Ship":"python", "ShipID":16 }
{ "timestamp":"2017-01-29T15:11:20Z", "event":"ModuleBuy", "Slot":"Slot07_Size3", "BuyItem":"$int_cargorack_size3_class1_name;", "BuyItem_Localised":"Cargo Rack", "BuyPrice":10563, "Ship":"python", "ShipID":16 }
{ "timestamp":"2017-01-29T15:12:11Z", "event":"RefuelAll", "Cost":19, "Amount":0.360278 }
{ "timestamp":"2017-01-29T15:12:29Z", "event":"ReceiveText", "From":"$npc_name_decorate:#name=Wi Tu Lo;", "From_Localised":"Wi Tu Lo", "Message":"$Escort_EscortJump03;", "Message_Localised":"No lead, no payout, I'm done. Time to bug out.", "Channel":"npc" }
{ "timestamp":"2017-01-29T15:13:25Z", "event":"Undocked", "StationName":"Akiyama Hangar", "StationType":"Outpost" }
{ "timestamp":"2017-01-29T15:13:59Z", "event":"ReceiveText", "From":"Akiyama Hangar", "Message":"$STATION_NoFireZone_exited;", "Message_Localised":"No fire zone left.", "Channel":"npc" }
{ "timestamp":"2017-01-29T15:14:42Z", "event":"FSDJump", "StarSystem":"Piscium Sector GD-I a10-0", "StarPos":[-60.500,-25.094,15.594], "SystemAllegiance":"", "SystemEconomy":"$economy_None;", "SystemEconomy_Localised":"None", "SystemGovernment":"$government_None;", "SystemGovernment_Localised":"None", "SystemSecurity":"$SYSTEM_SECURITY_low;", "SystemSecurity_Localised":"Low Security", "JumpDist":22.497, "FuelUsed":4.576434, "FuelLevel":27.423565 }
{ "timestamp":"2017-01-29T15:15:38Z", "event":"FSDJump", "StarSystem":"Piscium Sector EX-J a9-0", "StarPos":[-40.063,-32.563,8.094], "SystemAllegiance":"", "SystemEconomy":"$economy_None;", "SystemEconomy_Localised":"None", "SystemGovernment":"$government_None;", "SystemGovernment_Localised":"None", "SystemSecurity":"$SYSTEM_SECURITY_low;", "SystemSecurity_Localised":"Low Security", "JumpDist":23.016, "FuelUsed":4.762742, "FuelLevel":22.660824 }
{ "timestamp":"2017-01-29T15:16:29Z", "event":"FSDJump", "StarSystem":"Core Sys Sector VJ-R a4-0", "StarPos":[-18.219,-35.344,3.219], "SystemAllegiance":"", "SystemEconomy":"$economy_None;", "SystemEconomy_Localised":"None", "SystemGovernment":"$government_None;", "SystemGovernment_Localised":"None", "SystemSecurity":"$SYSTEM_SECURITY_low;", "SystemSecurity_Localised":"Low Security", "JumpDist":22.553, "FuelUsed":4.456507, "FuelLevel":18.204317 }
{ "timestamp":"2017-01-29T15:17:20Z", "event":"FSDJump", "StarSystem":"Core Sys Sector XJ-R a4-0", "StarPos":[2.063,-40.250,-3.313], "SystemAllegiance":"", "SystemEconomy":"$economy_None;", "SystemEconomy_Localised":"None", "SystemGovernment":"$government_None;", "SystemGovernment_Localised":"None", "SystemSecurity":"$SYSTEM_SECURITY_low;", "SystemSecurity_Localised":"Low Security", "JumpDist":21.865, "FuelUsed":4.065841, "FuelLevel":14.138476 }
{ "timestamp":"2017-01-29T15:18:17Z", "event":"FSDJump", "StarSystem":"Core Sys Sector VD-T a3-1", "StarPos":[17.156,-44.375,-13.906], "SystemAllegiance":"", "SystemEconomy":"$economy_None;", "SystemEconomy_Localised":"None", "SystemGovernment":"$government_None;", "SystemGovernment_Localised":"None", "SystemSecurity":"$SYSTEM_SECURITY_low;", "SystemSecurity_Localised":"Low Security", "JumpDist":18.896, "FuelUsed":2.802973, "FuelLevel":11.335503 }
{ "timestamp":"2017-01-29T15:19:20Z", "event":"FSDJump", "StarSystem":"LHS 184", "StarPos":[34.375,-48.781,-20.500], "SystemAllegiance":"Federation", "SystemEconomy":"$economy_Refinery;", "SystemEconomy_Localised":"Refinery", "SystemGovernment":"$government_Democracy;", "SystemGovernment_Localised":"Democracy", "SystemSecurity":"$SYSTEM_SECURITY_medium;", "SystemSecurity_Localised":"Medium Security", "JumpDist":18.957, "FuelUsed":2.797061, "FuelLevel":8.538442, "SystemFaction":"LHS 184 Progressive Party" }
{ "timestamp":"2017-01-29T15:19:48Z", "event":"FuelScoop", "Scooped":2.684542, "Total":11.222983 }
{ "timestamp":"2017-01-29T15:20:24Z", "event":"FSDJump", "StarSystem":"Ninabin", "StarPos":[52.125,-51.719,-30.156], "SystemAllegiance":"Empire", "SystemEconomy":"$economy_Refinery;", "SystemEconomy_Localised":"Refinery", "SystemGovernment":"$government_Patronage;", "SystemGovernment_Localised":"Patronage", "SystemSecurity":"$SYSTEM_SECURITY_low;", "SystemSecurity_Localised":"Low Security", "JumpDist":20.419, "FuelUsed":3.353935, "FuelLevel":7.869048, "SystemFaction":"Eurybia Empire Consulate" }
{ "timestamp":"2017-01-29T15:20:47Z", "event":"FuelScoop", "Scooped":0.625006, "Total":8.494054 }
{ "timestamp":"2017-01-29T15:22:18Z", "event":"SupercruiseExit", "StarSystem":"Ninabin", "Body":"Trevithick Vision", "BodyType":"Station" }
{ "timestamp":"2017-01-29T15:22:35Z", "event":"DockingRequested", "StationName":"Trevithick Vision" }
{ "timestamp":"2017-01-29T15:22:35Z", "event":"ReceiveText", "From":"Trevithick Vision", "Message":"$DockingChatter_Cordial;", "Message_Localised":"Welcome back, Commander.", "Channel":"npc" }
{ "timestamp":"2017-01-29T15:22:37Z", "event":"ReceiveText", "From":"Trevithick Vision", "Message":"$STATION_docking_granted;", "Message_Localised":"Docking request granted.", "Channel":"npc" }
{ "timestamp":"2017-01-29T15:22:37Z", "event":"DockingGranted", "LandingPad":5, "StationName":"Trevithick Vision" }
{ "timestamp":"2017-01-29T15:22:42Z", "event":"ReceiveText", "From":"Trevithick Vision", "Message":"$STATION_NoFireZone_entered;", "Message_Localised":"No fire zone entered.", "Channel":"npc" }
{ "timestamp":"2017-01-29T15:23:35Z", "event":"Docked", "StationName":"Trevithick Vision", "StationType":"Outpost", "StarSystem":"Ninabin", "StationFaction":"Eurybia Empire Consulate", "StationGovernment":"$government_Patronage;", "StationGovernment_Localised":"Patronage", "StationAllegiance":"Empire", "StationEconomy":"$economy_Refinery;", "StationEconomy_Localised":"Refinery" }
{ "timestamp":"2017-01-29T15:24:13Z", "event":"RefuelAll", "Cost":1187, "Amount":23.716496 }
{ "timestamp":"2017-01-29T15:24:16Z", "event":"RepairAll", "Cost":124 }
{ "timestamp":"2017-01-29T15:24:17Z", "event":"BuyAmmo", "Cost":24373 }
{ "timestamp":"2017-01-29T15:24:49Z", "event":"ModuleStore", "Slot":"Slot04_Size5", "StoredItem":"$int_fuelscoop_size5_class3_name;", "StoredItem_Localised":"Fuel Scoop", "Ship":"python", "ShipID":16 }
{ "timestamp":"2017-01-29T15:25:08Z", "event":"ModuleSell", "Slot":"Slot03_Size6", "SellItem":"$int_shieldgenerator_size6_class1_name;", "SellItem_Localised":"Shield Generator", "SellPrice":169784, "Ship":"python", "ShipID":16 }
{ "timestamp":"2017-01-29T15:25:29Z", "event":"ModuleBuy", "Slot":"Slot03_Size6", "BuyItem":"$int_shieldgenerator_size6_class1_name;", "BuyItem_Localised":"Shield Generator", "BuyPrice":169784, "Ship":"python", "ShipID":16 }
{ "timestamp":"2017-01-29T15:25:45Z", "event":"MarketBuy", "Type":"cobalt", "Count":180, "BuyPrice":514, "TotalCost":92520 }
{ "timestamp":"2017-01-29T15:25:53Z", "event":"MarketSell", "Type":"nanobreakers", "Count":4, "SellPrice":921, "TotalSale":3684, "AvgPricePaid":0 }
{ "timestamp":"2017-01-29T15:26:02Z", "event":"MarketBuy", "Type":"cobalt", "Count":4, "BuyPrice":514, "TotalCost":2056 }
{ "timestamp":"2017-01-29T15:26:33Z", "event":"Undocked", "StationName":"Trevithick Vision", "StationType":"Outpost" }
{ "timestamp":"2017-01-29T15:27:00Z", "event":"ReceiveText", "From":"Trevithick Vision", "Message":"$STATION_NoFireZone_exited;", "Message_Localised":"No fire zone left.", "Channel":"npc" }
{ "timestamp":"2017-01-29T15:27:34Z", "event":"FSDJump", "StarSystem":"Eurybia", "StarPos":[51.406,-54.406,-30.500], "SystemAllegiance":"Independent", "SystemEconomy":"$economy_Industrial;", "SystemEconomy_Localised":"Industrial", "SystemGovernment":"$government_Anarchy;", "SystemGovernment_Localised":"Anarchy", "SystemSecurity":"$GAlAXY_MAP_INFO_state_anarchy;", "SystemSecurity_Localised":"Anarchy", "JumpDist":2.803, "FuelUsed":0.048604, "FuelLevel":31.951395, "SystemFaction":"Eurybia Blue Mafia" }
{ "timestamp":"2017-01-29T15:30:31Z", "event":"SupercruiseExit", "StarSystem":"Eurybia", "Body":"Makalu", "BodyType":"Planet" }
{ "timestamp":"2017-01-29T15:31:20Z", "event":"ReceiveText", "From":"Demolition Unlimited", "Message":"$STATION_NoFireZone_entered;", "Message_Localised":"No fire zone entered.", "Channel":"npc" }
{ "timestamp":"2017-01-29T15:31:28Z", "event":"DockingRequested", "StationName":"Demolition Unlimited" }
{ "timestamp":"2017-01-29T15:31:28Z", "event":"ReceiveText", "From":"Demolition Unlimited", "Message":"$DockingChatter_Neutral;", "Message_Localised":"Ensure to observe starport protocol during your visit, pilot.", "Channel":"npc" }
{ "timestamp":"2017-01-29T15:31:29Z", "event":"ReceiveText", "From":"Demolition Unlimited", "Message":"$STATION_docking_granted;", "Message_Localised":"Docking request granted.", "Channel":"npc" }
{ "timestamp":"2017-01-29T15:31:29Z", "event":"DockingGranted", "LandingPad":2, "StationName":"Demolition Unlimited" }
{ "timestamp":"2017-01-29T15:32:16Z", "event":"Docked", "StationName":"Demolition Unlimited", "StarSystem":"Eurybia", "StationFaction":"Liz Ryder", "StationGovernment":"$government_Engineer;", "StationGovernment_Localised":"Workshop", "StationAllegiance":"Empire", "StationEconomy":"$economy_Colony;", "StationEconomy_Localised":"Colony" }
{ "timestamp":"2017-01-29T15:32:44Z", "event":"MarketSell", "Type":"cobalt", "Count":184, "SellPrice":701, "TotalSale":128984, "AvgPricePaid":514 }
{ "timestamp":"2017-01-29T15:33:11Z", "event":"EngineerCraft", "Engineer":"Liz Ryder", "Blueprint":"Weapon_LightWeight", "Level":1, "Ingredients":{"phosphorus":1 } }
{ "timestamp":"2017-01-29T15:33:22Z", "event":"EngineerApply", "Engineer":"Liz Ryder", "Blueprint":"Weapon_LightWeight", "Level":1 }
{ "timestamp":"2017-01-29T15:33:40Z", "event":"EngineerCraft", "Engineer":"Liz Ryder", "Blueprint":"Weapon_Sturdy", "Level":2, "Ingredients":{"nickel":1, "shieldemitters":1 } }
{ "timestamp":"2017-01-29T15:33:50Z", "event":"EngineerCraft", "Engineer":"Liz Ryder", "Blueprint":"Weapon_Sturdy", "Level":2, "Ingredients":{"nickel":1, "shieldemitters":1 } }
{ "timestamp":"2017-01-29T15:34:15Z", "event":"EngineerCraft", "Engineer":"Liz Ryder", "Blueprint":"Weapon_Sturdy", "Level":2, "Ingredients":{"nickel":1, "shieldemitters":1 } }
{ "timestamp":"2017-01-29T15:34:17Z", "event":"EngineerProgress", "Engineer":"Liz Ryder", "Rank":3 }
{ "timestamp":"2017-01-29T15:35:37Z", "event":"EngineerCraft", "Engineer":"Liz Ryder", "Blueprint":"Weapon_Sturdy", "Level":2, "Ingredients":{"nickel":1, "shieldemitters":1 } }
{ "timestamp":"2017-01-29T15:36:01Z", "event":"EngineerApply", "Engineer":"Liz Ryder", "Blueprint":"Weapon_Sturdy", "Level":2 }
{ "timestamp":"2017-01-29T15:36:13Z", "event":"EngineerCraft", "Engineer":"Liz Ryder", "Blueprint":"Weapon_Sturdy", "Level":2, "Ingredients":{"nickel":1, "shieldemitters":1 } }
{ "timestamp":"2017-01-29T15:36:21Z", "event":"EngineerApply", "Engineer":"Liz Ryder", "Blueprint":"Weapon_Sturdy", "Level":2 }
{ "timestamp":"2017-01-29T15:36:32Z", "event":"EngineerCraft", "Engineer":"Liz Ryder", "Blueprint":"Weapon_Sturdy", "Level":2, "Ingredients":{"nickel":1, "shieldemitters":1 } }
{ "timestamp":"2017-01-29T15:36:32Z", "event":"EngineerProgress", "Engineer":"Hera Tani", "Progress":"Invited" }
{ "timestamp":"2017-01-29T15:37:20Z", "event":"EngineerCraft", "Engineer":"Liz Ryder", "Blueprint":"Armour_Advanced", "Level":1, "Ingredients":{"iron":1 } }
{ "timestamp":"2017-01-29T15:37:27Z", "event":"EngineerApply", "Engineer":"Liz Ryder", "Blueprint":"Armour_Advanced", "Level":1 }
