{ "timestamp":"2016-12-16T22:06:28Z", "event":"Fileheader", "part":1, "language":"English\\UK", "gameversion":"2.2", "build":"r126898/r0 " }
{ "timestamp":"2016-12-16T22:07:05Z", "event":"LoadGame", "Commander":"Blantyre", "Ship":"Python", "ShipID":14, "GameMode":"Solo", "Credits":23979564, "Loan":0 }
{ "timestamp":"2016-12-16T22:07:05Z", "event":"Rank", "Combat":4, "Trade":5, "Explore":4, "Empire":2, "Federation":7, "CQC":0 }
{ "timestamp":"2016-12-16T22:07:05Z", "event":"Progress", "Combat":22, "Trade":88, "Explore":35, "Empire":18, "Federation":4, "CQC":0 }
{ "timestamp":"2016-12-16T22:07:33Z", "event":"Location", "Docked":false, "StarSystem":"LP 339-7", "StarPos":[-70.063,-8.281,27.906], "SystemAllegiance":"Federation", "SystemEconomy":"$economy_Agri;", "SystemEconomy_Localised":"Agriculture", "SystemGovernment":"$government_Corporate;", "SystemGovernment_Localised":"Corporate", "SystemSecurity":"$SYSTEM_SECURITY_high;", "SystemSecurity_Localised":"High Security", "Body":"LP 339-7 5", "BodyType":"Planet", "SystemFaction":"Starship Enterprises", "FactionState":"Boom" }
{ "timestamp":"2016-12-16T22:08:23Z", "event":"SupercruiseEntry", "StarSystem":"LP 339-7" }
{ "timestamp":"2016-12-16T22:10:04Z", "event":"SupercruiseExit", "StarSystem":"LP 339-7", "Body":"LP 339-7 5 A Ring", "BodyType":"PlanetaryRing" }
{ "timestamp":"2016-12-16T22:11:37Z", "event":"ReceiveText", "From":"$npc_name_decorate:#name=Shield of Justice;", "From_Localised":"Shield of Justice", "Message":"$PowersPirate_OnStartScanCargo02;", "Message_Localised":"The boss likes me to check everyone who comes through here.", "Channel":"npc" }
{ "timestamp":"2016-12-16T22:11:39Z", "event":"ReceiveText", "From":"$npc_name_decorate:#name=Monticle;", "From_Localised":"Monticle", "Message":"$Pirate_OnStartScanCargo08;", "Message_Localised":"What do you have in your cargo hold?", "Channel":"npc" }
{ "timestamp":"2016-12-16T22:11:42Z", "event":"ReceiveText", "From":"$npc_name_decorate:#name=Trice;", "From_Localised":"Trice", "Message":"$Pirate_OnStartScanCargo06;", "Message_Localised":"Let's see what you are carrying.", "Channel":"npc" }
{ "timestamp":"2016-12-16T22:11:49Z", "event":"ReceiveText", "From":"$npc_name_decorate:#name=Monticle;", "From_Localised":"Monticle", "Message":"$Pirate_OnDeclarePiracyThreaten04;", "Message_Localised":"I think you're probably carrying enough for all of us.", "Channel":"npc" }
{ "timestamp":"2016-12-16T22:11:50Z", "event":"ReceiveText", "From":"$ShipName_Police_Federation;", "From_Localised":"Federal Security Service", "Message":"$Police_ThankYouPassedStopAndSearch09;", "Message_Localised":"Move along, Commander, we're done here.", "Channel":"npc" }
{ "timestamp":"2016-12-16T22:11:59Z", "event":"ReceiveText", "From":"$npc_name_decorate:#name=Monticle;", "From_Localised":"Monticle", "Message":"$Pirate_OnDeclarePiracyAttack06;", "Message_Localised":"Prepare for death, fool!", "Channel":"npc" }
{ "timestamp":"2016-12-16T22:12:45Z", "event":"ReceiveText", "From":"$ShipName_Police_Federation;", "From_Localised":"Federal Security Service", "Message":"$Military_AccidentalDamage05;", "Message_Localised":"Take more care with your shots civilian!", "Channel":"npc" }
{ "timestamp":"2016-12-16T22:12:45Z", "event":"ReceiveText", "From":"$npc_name_decorate:#name=Trice;", "From_Localised":"Trice", "Message":"$BadKarmaCriticalDamage02;", "Message_Localised":"Impossible!", "Channel":"npc" }
{ "timestamp":"2016-12-16T22:12:45Z", "event":"ReceiveText", "From":"$npc_name_decorate:#name=Monticle;", "From_Localised":"Monticle", "Message":"$Pirate_OnDeclarePiracyAttack12;", "Message_Localised":"I'm coming for you!", "Channel":"npc" }
{ "timestamp":"2016-12-16T22:13:09Z", "event":"Bounty", "Rewards":[ { "Faction":"Starship Enterprises", "Reward":400 }, { "Faction":"Federation", "Reward":68917 } ], "TotalReward":69317, "VictimFaction":"LP 339-7 Blue Clan" }
{ "timestamp":"2016-12-16T22:13:53Z", "event":"Bounty", "Rewards":[ { "Faction":"Starship Enterprises", "Reward":1600 }, { "Faction":"Federation", "Reward":41880 } ], "TotalReward":43480, "VictimFaction":"LP 339-7 Blue Clan" }
{ "timestamp":"2016-12-16T22:14:26Z", "event":"ReceiveText", "From":"$npc_name_decorate:#name=Widi;", "From_Localised":"Widi", "Message":"$Pirate_OnStartScanCargo10;", "Message_Localised":"Let me see what you have.", "Channel":"npc" }
{ "timestamp":"2016-12-16T22:14:28Z", "event":"Bounty", "Rewards":[ { "Faction":"Starship Enterprises", "Reward":50930 } ], "TotalReward":50930, "VictimFaction":"A. Lavigny-Duval" }
{ "timestamp":"2016-12-16T22:14:36Z", "event":"ReceiveText", "From":"$npc_name_decorate:#name=Widi;", "From_Localised":"Widi", "Message":"$Pirate_OnDeclarePiracyThreaten06;", "Message_Localised":"I want it - I want it all!", "Channel":"npc" }
{ "timestamp":"2016-12-16T22:14:46Z", "event":"ReceiveText", "From":"$npc_name_decorate:#name=Widi;", "From_Localised":"Widi", "Message":"$Pirate_OnDeclarePiracyAttack10;", "Message_Localised":"Die now, wretch!", "Channel":"npc" }
{ "timestamp":"2016-12-16T22:15:17Z", "event":"ReceiveText", "From":"$npc_name_decorate:#name=Widi;", "From_Localised":"Widi", "Message":"$BadKarmaCriticalDamage05;", "Message_Localised":"No, no!", "Channel":"npc" }
{ "timestamp":"2016-12-16T22:15:21Z", "event":"Bounty", "Rewards":[ { "Faction":"Starship Enterprises", "Reward":12422 } ], "TotalReward":12422, "VictimFaction":"LP 339-7 Blue Clan" }
{ "timestamp":"2016-12-16T22:16:29Z", "event":"Bounty", "Rewards":[ { "Faction":"Starship Enterprises", "Reward":6174 } ], "TotalReward":6174, "VictimFaction":"LP 339-7 Blue Clan" }
{ "timestamp":"2016-12-16T22:16:31Z", "event":"ShieldState", "ShieldsUp":false }
{ "timestamp":"2016-12-16T22:16:36Z", "event":"Bounty", "Rewards":[ { "Faction":"Starship Enterprises", "Reward":800 }, { "Faction":"Federation", "Reward":5250 } ], "TotalReward":6050, "VictimFaction":"LP 339-7 Blue Clan" }
{ "timestamp":"2016-12-16T22:16:55Z", "event":"Bounty", "Rewards":[ { "Faction":"Starship Enterprises", "Reward":400 }, { "Faction":"Federation", "Reward":9810 } ], "TotalReward":10210, "VictimFaction":"LP 339-7 Blue Clan" }
{ "timestamp":"2016-12-16T22:17:08Z", "event":"ReceiveText", "From":"$npc_name_decorate:#name=David Clough;", "From_Localised":"David Clough", "Message":"$Pirate_OnStartScanCargo10;", "Message_Localised":"Let me see what you have.", "Channel":"npc" }
{ "timestamp":"2016-12-16T22:17:18Z", "event":"ReceiveText", "From":"$npc_name_decorate:#name=David Clough;", "From_Localised":"David Clough", "Message":"$Pirate_LargeCargoIgnoreThreat08;", "Message_Localised":"You are a score worth taking.", "Channel":"npc" }
{ "timestamp":"2016-12-16T22:17:21Z", "event":"ReceiveText", "From":"$npc_name_decorate:#name=Ceri;", "From_Localised":"Ceri", "Message":"$Escort_AttackDutyStart02;", "Message_Localised":"Hostiles detected, protect the lead ship at all costs.", "Channel":"npc" }
{ "timestamp":"2016-12-16T22:17:48Z", "event":"ReceiveText", "From":"$npc_name_decorate:#name=David Clough;", "From_Localised":"David Clough", "Message":"$BadKarmaCriticalDamage03;", "Message_Localised":"You fight a good fight!", "Channel":"npc" }
{ "timestamp":"2016-12-16T22:18:06Z", "event":"Bounty", "Rewards":[ { "Faction":"Starship Enterprises", "Reward":800 }, { "Faction":"Federation", "Reward":24780 } ], "TotalReward":25580, "VictimFaction":"LP 339-7 Blue Clan" }
{ "timestamp":"2016-12-16T22:18:06Z", "event":"ReceiveText", "From":"$npc_name_decorate:#name=Ceri;", "From_Localised":"Ceri", "Message":"$Pirate_OnDeclarePiracyAttack13;", "Message_Localised":"Your end is nigh.", "Channel":"npc" }
{ "timestamp":"2016-12-16T22:18:08Z", "event":"ShieldState", "ShieldsUp":true }
{ "timestamp":"2016-12-16T22:18:13Z", "event":"ReceiveText", "From":"$npc_name_decorate:#name=Ceri;", "From_Localised":"Ceri", "Message":"$Pirate_OnHullLowJumpAway14;", "Message_Localised":"I'm not so much running as rescheduling this fight.", "Channel":"npc" }
{ "timestamp":"2016-12-16T22:18:21Z", "event":"Bounty", "Rewards":[ { "Faction":"Starship Enterprises", "Reward":400 }, { "Faction":"Federation", "Reward":11880 } ], "TotalReward":12280, "VictimFaction":"LP 339-7 Blue Clan" }
{ "timestamp":"2016-12-16T22:19:09Z", "event":"ReceiveText", "From":"$ShipName_Police_Federation;", "From_Localised":"Federal Security Service", "Message":"$Police_ArrivedAtInvestigationLocation02;", "Message_Localised":"Cease and desist! Submit to authority scans immediately!", "Channel":"npc" }
{ "timestamp":"2016-12-16T22:19:16Z", "event":"ReceiveText", "From":"$ShipName_Police_Federation;", "From_Localised":"Federal Security Service", "Message":"$Police_ArriveInvestigate02;", "Message_Localised":"Incident response units on station.", "Channel":"npc" }
{ "timestamp":"2016-12-16T22:19:31Z", "event":"SupercruiseEntry", "StarSystem":"LP 339-7" }
{ "timestamp":"2016-12-16T22:19:51Z", "event":"ReceiveText", "From":"$npc_name_decorate:#name=Ariel Celestia;", "From_Localised":"Ariel Celestia", "Message":"$Pirate_HunterHostileSC_Relevant03;", "Message_Localised":"I've come a long way for what's in your hold, don't try to run!", "Channel":"npc" }
{ "timestamp":"2016-12-16T22:20:47Z", "event":"FSDJump", "StarSystem":"LTT 15985", "StarPos":[-71.688,-10.156,28.156], "SystemAllegiance":"Federation", "SystemEconomy":"$economy_Refinery;", "SystemEconomy_Localised":"Refinery", "SystemGovernment":"$government_Corporate;", "SystemGovernment_Localised":"Corporate", "SystemSecurity":"$SYSTEM_SECURITY_medium;", "SystemSecurity_Localised":"Medium Security", "JumpDist":2.494, "FuelUsed":0.048798, "FuelLevel":42.227074, "SystemFaction":"Gilgamesh Ltd", "FactionState":"Boom" }
{ "timestamp":"2016-12-16T22:21:40Z", "event":"FSDJump", "StarSystem":"LP 339-7", "StarPos":[-70.063,-8.281,27.906], "SystemAllegiance":"Federation", "SystemEconomy":"$economy_Agri;", "SystemEconomy_Localised":"Agriculture", "SystemGovernment":"$government_Corporate;", "SystemGovernment_Localised":"Corporate", "SystemSecurity":"$SYSTEM_SECURITY_high;", "SystemSecurity_Localised":"High Security", "JumpDist":2.494, "FuelUsed":0.048790, "FuelLevel":42.178284, "SystemFaction":"Starship Enterprises", "FactionState":"Boom" }
{ "timestamp":"2016-12-16T22:23:51Z", "event":"SupercruiseExit", "StarSystem":"LP 339-7", "Body":"Whitson Orbital", "BodyType":"Station" }
{ "timestamp":"2016-12-16T22:23:53Z", "event":"ReceiveText", "From":"Whitson Orbital", "Message":"$STATION_NoFireZone_entered;", "Message_Localised":"No fire zone entered.", "Channel":"npc" }
{ "timestamp":"2016-12-16T22:24:02Z", "event":"DockingRequested", "StationName":"Whitson Orbital" }
{ "timestamp":"2016-12-16T22:24:02Z", "event":"ReceiveText", "From":"Whitson Orbital", "Message":"$DockingChatter_Neutral;", "Message_Localised":"Ensure to observe starport protocol during your visit, pilot.", "Channel":"npc" }
{ "timestamp":"2016-12-16T22:24:03Z", "event":"ReceiveText", "From":"Whitson Orbital", "Message":"$STATION_docking_granted;", "Message_Localised":"Docking request granted.", "Channel":"npc" }
{ "timestamp":"2016-12-16T22:24:03Z", "event":"DockingGranted", "LandingPad":41, "StationName":"Whitson Orbital" }
{ "timestamp":"2016-12-16T22:25:26Z", "event":"Docked", "StationName":"Whitson Orbital", "StationType":"Orbis", "StarSystem":"LP 339-7", "StationFaction":"Starship Enterprises", "FactionState":"Boom", "StationGovernment":"$government_Corporate;", "StationGovernment_Localised":"Corporate", "StationAllegiance":"Federation", "StationEconomy":"$economy_Agri;", "StationEconomy_Localised":"Agriculture" }
{ "timestamp":"2016-12-16T22:25:35Z", "event":"RefuelAll", "Cost":1129, "Amount":22.561337 }
{ "timestamp":"2016-12-16T22:25:36Z", "event":"BuyAmmo", "Cost":1303 }
{ "timestamp":"2016-12-16T22:25:37Z", "event":"RepairAll", "Cost":9694 }
{ "timestamp":"2016-12-16T22:25:59Z", "event":"RedeemVoucher", "Type":"bounty", "Amount":236443 }
{ "timestamp":"2016-12-16T22:29:55Z", "event":"ReceiveText", "From":"$npc_name_decorate:#name=Varik Tenek;", "From_Localised":"Varik Tenek", "Message":"$Commuter_AuthorityScan04;", "Message_Localised":"Is this really necessary?", "Channel":"npc" }
{ "timestamp":"2016-12-16T22:30:29Z", "event":"ReceiveText", "From":"$npc_name_decorate:#name=Konstantin Dika;", "From_Localised":"Konstantin Dika", "Message":"$Commuter_AuthorityScan07;", "Message_Localised":"There's no need to scan me, officer. I have nothing to find.", "Channel":"npc" }
{ "timestamp":"2016-12-16T22:30:42Z", "event":"ModuleBuy", "Slot":"Radar", "SellItem":"$int_sensors_size6_class2_name;", "SellItem_Localised":"Sensors", "SellPrice":189078, "BuyItem":"$int_sensors_size6_class4_name;", "BuyItem_Localised":"Sensors", "BuyPrice":1390275, "Ship":"python", "ShipID":14 }
{ "timestamp":"2016-12-16T22:33:37Z", "event":"Undocked", "StationName":"Whitson Orbital", "StationType":"Orbis" }
{ "timestamp":"2016-12-16T22:34:22Z", "event":"SupercruiseEntry", "StarSystem":"LP 339-7" }
{ "timestamp":"2016-12-16T22:35:22Z", "event":"ReceiveText", "From":"$npc_name_decorate:#name=Cruise Ship;", "From_Localised":"Cruise Ship", "Message":"$CruiseLiner_SCPatrol01;", "Message_Localised":"And don't forget, this Liner is in the top 1% of all Liners out there.", "Channel":"npc" }
{ "timestamp":"2016-12-16T22:35:50Z", "event":"ReceiveText", "From":"$npc_name_decorate:#name=Cruise Ship;", "From_Localised":"Cruise Ship", "Message":"$CruiseLiner_SCPatrol01;", "Message_Localised":"And don't forget, this Liner is in the top 1% of all Liners out there.", "Channel":"npc" }
{ "timestamp":"2016-12-16T22:41:22Z", "event":"SupercruiseExit", "StarSystem":"LP 339-7", "Body":"LP 339-7 5 B Ring", "BodyType":"PlanetaryRing" }
{ "timestamp":"2016-12-16T22:41:59Z", "event":"ReceiveText", "From":"$npc_name_decorate:#name=Shield of Justice;", "From_Localised":"Shield of Justice", "Message":"$PowersPirate_OnStartScanCargo02;", "Message_Localised":"The boss likes me to check everyone who comes through here.", "Channel":"npc" }
{ "timestamp":"2016-12-16T22:42:08Z", "event":"ReceiveText", "From":"$npc_name_decorate:#name=Helge Starkson;", "From_Localised":"Helge Starkson", "Message":"$Pirate_OnStartScanCargo06;", "Message_Localised":"Let's see what you are carrying.", "Channel":"npc" }
{ "timestamp":"2016-12-16T22:42:19Z", "event":"ReceiveText", "From":"$npc_name_decorate:#name=Helge Starkson;", "From_Localised":"Helge Starkson", "Message":"$Pirate_LargeCargoIgnoreThreat08;", "Message_Localised":"You are a score worth taking.", "Channel":"npc" }
{ "timestamp":"2016-12-16T22:42:20Z", "event":"ReceiveText", "From":"$npc_name_decorate:#name=Shield of Justice;", "From_Localised":"Shield of Justice", "Message":"$PowersPirate_OnStartScanCargo01;", "Message_Localised":"I'm looking for... donations.", "Channel":"npc" }
{ "timestamp":"2016-12-16T22:43:12Z", "event":"HeatWarning" }
{ "timestamp":"2016-12-16T22:43:35Z", "event":"ReceiveText", "From":"$npc_name_decorate:#name=Helge Starkson;", "From_Localised":"Helge Starkson", "Message":"$BadKarmaCriticalDamage10;", "Message_Localised":"You've scratched my paint!", "Channel":"npc" }
{ "timestamp":"2016-12-16T22:43:36Z", "event":"ShieldState", "ShieldsUp":false }
{ "timestamp":"2016-12-16T22:43:58Z", "event":"HullDamage", "Health":0.756450 }
{ "timestamp":"2016-12-16T22:44:02Z", "event":"ReceiveText", "From":"$npc_name_decorate:#name=Fyrina;", "From_Localised":"Fyrina", "Message":"$BadKarmaCriticalDamage08;", "Message_Localised":"I've taken too many hits.", "Channel":"npc" }
{ "timestamp":"2016-12-16T22:44:04Z", "event":"HullDamage", "Health":0.599536 }
{ "timestamp":"2016-12-16T22:44:26Z", "event":"HullDamage", "Health":0.399610 }
{ "timestamp":"2016-12-16T22:44:32Z", "event":"Bounty", "Rewards":[ { "Faction":"Starship Enterprises", "Reward":400 }, { "Faction":"Federation", "Reward":99172 } ], "TotalReward":99572, "VictimFaction":"LP 339-7 Blue Clan" }
{ "timestamp":"2016-12-16T22:45:24Z", "event":"ReceiveText", "From":"$ShipName_Police_Federation;", "From_Localised":"Federal Security Service", "Message":"$OverwatchCriticalDamage10;", "Message_Localised":"This can't be happening!", "Channel":"npc" }
{ "timestamp":"2016-12-16T22:45:26Z", "event":"ShieldState", "ShieldsUp":true }
{ "timestamp":"2016-12-16T22:45:30Z", "event":"SupercruiseEntry", "StarSystem":"LP 339-7" }
{ "timestamp":"2016-12-16T22:46:27Z", "event":"FSDJump", "StarSystem":"LTT 15985", "StarPos":[-71.688,-10.156,28.156], "SystemAllegiance":"Federation", "SystemEconomy":"$economy_Refinery;", "SystemEconomy_Localised":"Refinery", "SystemGovernment":"$government_Corporate;", "SystemGovernment_Localised":"Corporate", "SystemSecurity":"$SYSTEM_SECURITY_medium;", "SystemSecurity_Localised":"Medium Security", "JumpDist":2.494, "FuelUsed":0.060732, "FuelLevel":63.939266, "SystemFaction":"Gilgamesh Ltd", "FactionState":"Boom" }
{ "timestamp":"2016-12-16T22:47:21Z", "event":"FSDJump", "StarSystem":"LP 339-7", "StarPos":[-70.063,-8.281,27.906], "SystemAllegiance":"Federation", "SystemEconomy":"$economy_Agri;", "SystemEconomy_Localised":"Agriculture", "SystemGovernment":"$government_Corporate;", "SystemGovernment_Localised":"Corporate", "SystemSecurity":"$SYSTEM_SECURITY_high;", "SystemSecurity_Localised":"High Security", "JumpDist":2.494, "FuelUsed":0.060721, "FuelLevel":63.878544, "SystemFaction":"Starship Enterprises", "FactionState":"Boom" }
{ "timestamp":"2016-12-16T22:49:27Z", "event":"SupercruiseExit", "StarSystem":"LP 339-7", "Body":"Whitson Orbital", "BodyType":"Station" }
{ "timestamp":"2016-12-16T22:49:29Z", "event":"ReceiveText", "From":"Whitson Orbital", "Message":"$STATION_NoFireZone_entered;", "Message_Localised":"No fire zone entered.", "Channel":"npc" }
{ "timestamp":"2016-12-16T22:49:44Z", "event":"DockingRequested", "StationName":"Whitson Orbital" }
{ "timestamp":"2016-12-16T22:49:44Z", "event":"ReceiveText", "From":"Whitson Orbital", "Message":"$DockingChatter_Cordial;", "Message_Localised":"Welcome back, Commander.", "Channel":"npc" }
{ "timestamp":"2016-12-16T22:49:45Z", "event":"ReceiveText", "From":"Whitson Orbital", "Message":"$STATION_docking_granted;", "Message_Localised":"Docking request granted.", "Channel":"npc" }
{ "timestamp":"2016-12-16T22:49:45Z", "event":"DockingGranted", "LandingPad":20, "StationName":"Whitson Orbital" }
{ "timestamp":"2016-12-16T22:50:43Z", "event":"Docked", "StationName":"Whitson Orbital", "StationType":"Orbis", "StarSystem":"LP 339-7", "StationFaction":"Starship Enterprises", "FactionState":"Boom", "StationGovernment":"$government_Corporate;", "StationGovernment_Localised":"Corporate", "StationAllegiance":"Federation", "StationEconomy":"$economy_Agri;", "StationEconomy_Localised":"Agriculture" }
{ "timestamp":"2016-12-16T22:50:53Z", "event":"RepairAll", "Cost":96749 }
{ "timestamp":"2016-12-16T22:50:59Z", "event":"RedeemVoucher", "Type":"bounty", "Amount":99572 }
{ "timestamp":"2016-12-16T22:52:45Z", "event":"ModuleBuy", "Slot":"MediumHardpoint1", "SellItem":"$hpt_beamlaser_turret_medium_name;", "SellItem_Localised":"Beam Laser", "SellPrice":1889910, "BuyItem":"$hpt_pulselaser_gimbal_medium_name;", "BuyItem_Localised":"Pulse Laser", "BuyPrice":31860, "Ship":"python", "ShipID":14 }
{ "timestamp":"2016-12-16T22:53:07Z", "event":"ModuleBuy", "Slot":"MediumHardpoint2", "SellItem":"$hpt_beamlaser_turret_medium_name;", "SellItem_Localised":"Beam Laser", "SellPrice":1889910, "BuyItem":"$hpt_pulselaser_gimbal_medium_name;", "BuyItem_Localised":"Pulse Laser", "BuyPrice":31860, "Ship":"python", "ShipID":14 }
{ "timestamp":"2016-12-16T22:53:45Z", "event":"ModuleBuy", "Slot":"LargeHardpoint3", "SellItem":"$hpt_beamlaser_gimbal_large_name;", "SellItem_Localised":"Beam Laser", "SellPrice":2036736, "BuyItem":"$hpt_beamlaser_turret_large_name;", "BuyItem_Localised":"Beam Laser", "BuyPrice":17459640, "Ship":"python", "ShipID":14 }
{ "timestamp":"2016-12-16T22:54:21Z", "event":"ModuleSell", "Slot":"LargeHardpoint3", "SellItem":"$hpt_beamlaser_turret_large_name;", "SellItem_Localised":"Beam Laser", "SellPrice":17459640, "Ship":"python", "ShipID":14 }
{ "timestamp":"2016-12-16T22:54:47Z", "event":"ModuleRetrieve", "Slot":"LargeHardpoint3", "RetrievedItem":"$hpt_beamlaser_gimbal_large_name;", "RetrievedItem_Localised":"Beam Laser", "Ship":"python", "ShipID":14, "EngineerModifications":"Weapon_LightWeight" }
{ "timestamp":"2016-12-16T22:55:02Z", "event":"ModuleStore", "Slot":"MediumHardpoint1", "StoredItem":"$hpt_pulselaser_gimbal_medium_name;", "StoredItem_Localised":"Pulse Laser", "Ship":"python", "ShipID":14 }
{ "timestamp":"2016-12-16T22:55:11Z", "event":"ModuleStore", "Slot":"MediumHardpoint2", "StoredItem":"$hpt_pulselaser_gimbal_medium_name;", "StoredItem_Localised":"Pulse Laser", "Ship":"python", "ShipID":14 }
{ "timestamp":"2016-12-16T22:55:23Z", "event":"ModuleRetrieve", "Slot":"MediumHardpoint1", "RetrievedItem":"$hpt_beamlaser_turret_medium_name;", "RetrievedItem_Localised":"Beam Laser", "Ship":"python", "ShipID":14, "EngineerModifications":"Weapon_LightWeight" }
{ "timestamp":"2016-12-16T22:55:33Z", "event":"ModuleRetrieve", "Slot":"MediumHardpoint2", "RetrievedItem":"$hpt_beamlaser_turret_medium_name;", "RetrievedItem_Localised":"Beam Laser", "Ship":"python", "ShipID":14, "EngineerModifications":"Weapon_LongRange" }
{ "timestamp":"2016-12-16T22:56:14Z", "event":"ModuleBuy", "Slot":"LargeHardpoint1", "SellItem":"$hpt_multicannon_gimbal_large_name;", "SellItem_Localised":"Multi-Cannon", "SellPrice":578436, "BuyItem":"$hpt_basicmissilerack_fixed_medium_name;", "BuyItem_Localised":"Seeker Missile Rack", "BuyPrice":461160, "Ship":"python", "ShipID":14 }
{ "timestamp":"2016-12-16T22:57:29Z", "event":"ModuleBuy", "Slot":"LargeHardpoint2", "SellItem":"$hpt_multicannon_gimbal_large_name;", "SellItem_Localised":"Multi-Cannon", "SellPrice":578436, "BuyItem":"$hpt_basicmissilerack_fixed_medium_name;", "BuyItem_Localised":"Seeker Missile Rack", "BuyPrice":461160, "Ship":"python", "ShipID":14 }
{ "timestamp":"2016-12-16T22:57:50Z", "event":"RefuelAll", "Cost":32, "Amount":0.611700 }
{ "timestamp":"2016-12-16T22:57:51Z", "event":"BuyAmmo", "Cost":24308 }
{ "timestamp":"2016-12-16T22:58:07Z", "event":"SellExplorationData", "Systems":[ "Milscothach", "LP 452-10", "Core Sys Sector TO-R b4-7" ], "Discovered":[  ], "BaseValue":12202, "Bonus":0 }
{ "timestamp":"2016-12-16T22:58:36Z", "event":"Undocked", "StationName":"Whitson Orbital", "StationType":"Orbis" }
{ "timestamp":"2016-12-16T22:59:20Z", "event":"SupercruiseEntry", "StarSystem":"LP 339-7" }
{ "timestamp":"2016-12-16T23:00:22Z", "event":"ReceiveText", "From":"$npc_name_decorate:#name=Cruise Ship;", "From_Localised":"Cruise Ship", "Message":"$CruiseLiner_SCPatrol02;", "Message_Localised":"We will be cruising in-system for a while, please feel free to take advantage of our in-flight entertainment.", "Channel":"npc" }
{ "timestamp":"2016-12-16T23:05:55Z", "event":"SupercruiseExit", "StarSystem":"LP 339-7", "Body":"LP 339-7 5 B Ring", "BodyType":"PlanetaryRing" }
{ "timestamp":"2016-12-16T23:06:39Z", "event":"ReceiveText", "From":"$npc_name_decorate:#name=Cinders Collyns;", "From_Localised":"Cinders Collyns", "Message":"$Pirate_OnStartScanCargo09;", "Message_Localised":"The scan will soon be over.", "Channel":"npc" }
{ "timestamp":"2016-12-16T23:07:08Z", "event":"HeatWarning" }
{ "timestamp":"2016-12-16T23:07:43Z", "event":"Bounty", "Rewards":[ { "Faction":"Starship Enterprises", "Reward":84505 } ], "TotalReward":84505, "VictimFaction":"LP 339-7 Blue Clan" }
{ "timestamp":"2016-12-16T23:07:53Z", "event":"ReceiveText", "From":"$npc_name_decorate:#name=Bexotron;", "From_Localised":"Bexotron", "Message":"$BadKarmaCriticalDamage02;", "Message_Localised":"Impossible!", "Channel":"npc" }
{ "timestamp":"2016-12-16T23:08:14Z", "event":"ShieldState", "ShieldsUp":false }
{ "timestamp":"2016-12-16T23:08:19Z", "event":"Bounty", "Rewards":[ { "Faction":"Starship Enterprises", "Reward":800 }, { "Faction":"Federation", "Reward":85237 } ], "TotalReward":86037, "VictimFaction":"Aisling Duval" }
{ "timestamp":"2016-12-16T23:09:51Z", "event":"ShieldState", "ShieldsUp":true }
{ "timestamp":"2016-12-16T23:10:03Z", "event":"ReceiveText", "From":"$npc_name_decorate:#name=glenpark;", "From_Localised":"glenpark", "Message":"$Pirate_OnStartScanCargo06;", "Message_Localised":"Let's see what you are carrying.", "Channel":"npc" }
{ "timestamp":"2016-12-16T23:10:46Z", "event":"ReceiveText", "From":"$npc_name_decorate:#name=Irfidel;", "From_Localised":"Irfidel", "Message":"$Pirate_OnStartScanCargo02;", "Message_Localised":"Carrying anything nice?", "Channel":"npc" }
{ "timestamp":"2016-12-16T23:10:57Z", "event":"ReceiveText", "From":"$npc_name_decorate:#name=Irfidel;", "From_Localised":"Irfidel", "Message":"$Pirate_LargeCargoIgnoreThreat03;", "Message_Localised":"How did you make it this far?! That's a loot haul worth the price.", "Channel":"npc" }
{ "timestamp":"2016-12-16T23:11:00Z", "event":"HeatWarning" }
{ "timestamp":"2016-12-16T23:11:03Z", "event":"ShieldState", "ShieldsUp":false }
{ "timestamp":"2016-12-16T23:11:07Z", "event":"ReceiveText", "From":"$npc_name_decorate:#name=Irfidel;", "From_Localised":"Irfidel", "Message":"$Pirate_OnDeclarePiracyAttack05;", "Message_Localised":"You have no chance now.", "Channel":"npc" }
{ "timestamp":"2016-12-16T23:11:08Z", "event":"HeatWarning" }
{ "timestamp":"2016-12-16T23:11:13Z", "event":"HullDamage", "Health":0.742999 }
{ "timestamp":"2016-12-16T23:11:15Z", "event":"HullDamage", "Health":0.576733 }
{ "timestamp":"2016-12-16T23:11:16Z", "event":"ReceiveText", "From":"$npc_name_decorate:#name=glenpark;", "From_Localised":"glenpark", "Message":"$BadKarmaCriticalDamage08;", "Message_Localised":"I've taken too many hits.", "Channel":"npc" }
{ "timestamp":"2016-12-16T23:11:17Z", "event":"HullDamage", "Health":0.358691 }
{ "timestamp":"2016-12-16T23:11:19Z", "event":"HullDamage", "Health":0.155831 }
{ "timestamp":"2016-12-16T23:11:29Z", "event":"Died", "KillerName":"Irfidel", "KillerShip":"ferdelance", "KillerRank":"Deadly" }
{ "timestamp":"2016-12-16T23:12:02Z", "event":"Resurrect", "Option":"rebuy", "Cost":4381831, "Bankrupt":false }
{ "timestamp":"2016-12-16T23:12:27Z", "event":"Location", "Docked":true, "StationName":"Whitson Orbital", "StationType":"Orbis", "StarSystem":"LP 339-7", "StarPos":[-70.063,-8.281,27.906], "SystemAllegiance":"Federation", "SystemEconomy":"$economy_Agri;", "SystemEconomy_Localised":"Agriculture", "SystemGovernment":"$government_Corporate;", "SystemGovernment_Localised":"Corporate", "SystemSecurity":"$SYSTEM_SECURITY_high;", "SystemSecurity_Localised":"High Security", "Body":"Whitson Orbital", "BodyType":"Station", "SystemFaction":"Starship Enterprises", "FactionState":"Boom" }
{ "timestamp":"2016-12-16T23:12:28Z", "event":"Docked", "StationName":"Whitson Orbital", "StationType":"Orbis", "StarSystem":"LP 339-7", "StationFaction":"Starship Enterprises", "FactionState":"Boom", "StationGovernment":"$government_Corporate;", "StationGovernment_Localised":"Corporate", "StationAllegiance":"Federation", "StationEconomy":"$economy_Agri;", "StationEconomy_Localised":"Agriculture" }
{ "timestamp":"2016-12-16T23:20:44Z", "event":"RefuelAll", "Cost":1600, "Amount":32.000000 }
{ "timestamp":"2016-12-16T23:20:46Z", "event":"BuyAmmo", "Cost":24000 }
{ "timestamp":"2016-12-16T23:23:13Z", "event":"ReceiveText", "From":"$npc_name_decorate:#name=Ioiad;", "From_Localised":"Ioiad", "Message":"$Commuter_AuthorityScan02;", "Message_Localised":"How can I be of assistance?", "Channel":"npc" }
