{ "timestamp":"2016-12-18T20:28:23Z", "event":"Fileheader", "part":1, "language":"English\\UK", "gameversion":"2.2", "build":"r126898/r0 " }
{ "timestamp":"2016-12-18T20:28:59Z", "event":"LoadGame", "Commander":"Blantyre", "Ship":"Vulture", "ShipID":15, "GameMode":"Solo", "Credits":14666171, "Loan":0 }
{ "timestamp":"2016-12-18T20:28:59Z", "event":"Rank", "Combat":4, "Trade":5, "Explore":4, "Empire":2, "Federation":7, "CQC":0 }
{ "timestamp":"2016-12-18T20:28:59Z", "event":"Progress", "Combat":29, "Trade":88, "Explore":35, "Empire":18, "Federation":4, "CQC":0 }
{ "timestamp":"2016-12-18T20:29:28Z", "event":"Location", "Docked":true, "StationName":"Thompson Gateway", "StationType":"Orbis", "StarSystem":"Achelous", "StarPos":[-76.938,3.531,19.969], "SystemAllegiance":"Federation", "SystemEconomy":"$economy_Agri;", "SystemEconomy_Localised":"Agriculture", "SystemGovernment":"$government_Corporate;", "SystemGovernment_Localised":"Corporate", "SystemSecurity":"$SYSTEM_SECURITY_high;", "SystemSecurity_Localised":"High Security", "Body":"Thompson Gateway", "BodyType":"Station", "SystemFaction":"Achelous Central Ltd", "FactionState":"Boom" }
{ "timestamp":"2016-12-18T20:29:29Z", "event":"Docked", "StationName":"Thompson Gateway", "StationType":"Orbis", "StarSystem":"Achelous", "StationFaction":"Achelous Central Ltd", "FactionState":"Boom", "StationGovernment":"$government_Corporate;", "StationGovernment_Localised":"Corporate", "StationAllegiance":"Federation", "StationEconomy":"$economy_Industrial;", "StationEconomy_Localised":"Industrial" }
{ "timestamp":"2016-12-18T20:31:33Z", "event":"ModuleBuy", "Slot":"LifeSupport", "SellItem":"$int_lifesupport_size3_class1_name;", "SellItem_Localised":"Life Support", "SellPrice":4053, "BuyItem":"$int_lifesupport_size3_class2_name;", "BuyItem_Localised":"Life Support", "BuyPrice":10133, "Ship":"vulture", "ShipID":15 }
{ "timestamp":"2016-12-18T20:32:39Z", "event":"Undocked", "StationName":"Thompson Gateway", "StationType":"Orbis" }
{ "timestamp":"2016-12-18T20:33:37Z", "event":"ReceiveText", "From":"Thompson Gateway", "Message":"$STATION_NoFireZone_exited;", "Message_Localised":"No fire zone left.", "Channel":"npc" }
{ "timestamp":"2016-12-18T20:33:42Z", "event":"SupercruiseEntry", "StarSystem":"Achelous" }
{ "timestamp":"2016-12-18T20:38:31Z", "event":"SupercruiseExit", "StarSystem":"Achelous", "Body":"Hennen Enterprise", "BodyType":"Station" }
{ "timestamp":"2016-12-18T20:38:33Z", "event":"ReceiveText", "From":"Hennen Enterprise", "Message":"$STATION_NoFireZone_entered;", "Message_Localised":"No fire zone entered.", "Channel":"npc" }
{ "timestamp":"2016-12-18T20:38:45Z", "event":"DockingRequested", "StationName":"Hennen Enterprise" }
{ "timestamp":"2016-12-18T20:38:45Z", "event":"ReceiveText", "From":"Hennen Enterprise", "Message":"$DockingChatter_Neutral;", "Message_Localised":"Ensure to observe starport protocol during your visit, pilot.", "Channel":"npc" }
{ "timestamp":"2016-12-18T20:38:47Z", "event":"ReceiveText", "From":"Hennen Enterprise", "Message":"$STATION_docking_granted;", "Message_Localised":"Docking request granted.", "Channel":"npc" }
{ "timestamp":"2016-12-18T20:38:47Z", "event":"DockingGranted", "LandingPad":21, "StationName":"Hennen Enterprise" }
{ "timestamp":"2016-12-18T20:39:38Z", "event":"Docked", "StationName":"Hennen Enterprise", "StationType":"Orbis", "StarSystem":"Achelous", "StationFaction":"Achelous Smart Industry Corp", "StationGovernment":"$government_Corporate;", "StationGovernment_Localised":"Corporate", "StationAllegiance":"Federation", "StationEconomy":"$economy_Industrial;", "StationEconomy_Localised":"Industrial" }
{ "timestamp":"2016-12-18T20:40:19Z", "event":"ModuleBuy", "Slot":"FrameShiftDrive", "SellItem":"$int_hyperdrive_size4_class1_name;", "SellItem_Localised":"FSD", "SellPrice":19878, "BuyItem":"$int_hyperdrive_size4_class5_name;", "BuyItem_Localised":"FSD", "BuyPrice":1610080, "Ship":"vulture", "ShipID":15 }
{ "timestamp":"2016-12-18T20:40:24Z", "event":"ModuleBuy", "Slot":"MainEngines", "SellItem":"$int_engine_size5_class1_name;", "SellItem_Localised":"Thrusters", "SellPrice":63012, "BuyItem":"$int_engine_size5_class5_name;", "BuyItem_Localised":"Thrusters", "BuyPrice":5103953, "Ship":"vulture", "ShipID":15 }
{ "timestamp":"2016-12-18T20:40:31Z", "event":"ModuleBuy", "Slot":"PowerDistributor", "SellItem":"$int_powerdistributor_size5_class4_name;", "SellItem_Localised":"Power Distributor", "SellPrice":496527, "BuyItem":"$int_powerdistributor_size5_class5_name;", "BuyItem_Localised":"Power Distributor", "BuyPrice":1241317, "Ship":"vulture", "ShipID":15 }
{ "timestamp":"2016-12-18T20:40:39Z", "event":"ModuleBuy", "Slot":"Radar", "SellItem":"$int_sensors_size4_class1_name;", "SellItem_Localised":"Sensors", "SellPrice":11349, "BuyItem":"$int_sensors_size4_class5_name;", "BuyItem_Localised":"Sensors", "BuyPrice":443328, "Ship":"vulture", "ShipID":15 }
{ "timestamp":"2016-12-18T20:40:53Z", "event":"ModuleBuy", "Slot":"TinyHardpoint1", "BuyItem":"$hpt_shieldbooster_size0_class4_name;", "BuyItem_Localised":"Shield Booster", "BuyPrice":122000, "Ship":"vulture", "ShipID":15 }
{ "timestamp":"2016-12-18T20:41:02Z", "event":"ModuleBuy", "Slot":"TinyHardpoint2", "BuyItem":"$hpt_shieldbooster_size0_class4_name;", "BuyItem_Localised":"Shield Booster", "BuyPrice":122000, "Ship":"vulture", "ShipID":15 }
{ "timestamp":"2016-12-18T20:41:02Z", "event":"ShieldState", "ShieldsUp":false }
{ "timestamp":"2016-12-18T20:41:09Z", "event":"ModuleBuy", "Slot":"TinyHardpoint3", "BuyItem":"$hpt_chafflauncher_tiny_name;", "BuyItem_Localised":"Chaff", "BuyPrice":8500, "Ship":"vulture", "ShipID":15 }
{ "timestamp":"2016-12-18T20:41:15Z", "event":"ModuleBuy", "Slot":"TinyHardpoint4", "BuyItem":"$hpt_plasmapointdefence_turret_tiny_name;", "BuyItem_Localised":"Point Defence", "BuyPrice":18546, "Ship":"vulture", "ShipID":15 }
{ "timestamp":"2016-12-18T20:41:45Z", "event":"ModuleBuy", "Slot":"Slot03_Size2", "SellItem":"$int_stellarbodydiscoveryscanner_standard_name;", "SellItem_Localised":"D - Scanner", "SellPrice":1000, "BuyItem":"$int_stellarbodydiscoveryscanner_advanced_name;", "BuyItem_Localised":"D - Scanner", "BuyPrice":1545000, "Ship":"vulture", "ShipID":15 }
{ "timestamp":"2016-12-18T20:42:20Z", "event":"ReceiveText", "From":"$npc_name_decorate:#name=Jari Mikkilä;", "From_Localised":"Jari Mikkilￃﾤ", "Message":"$Commuter_AuthorityScan02;", "Message_Localised":"How can I be of assistance?", "Channel":"npc" }
{ "timestamp":"2016-12-18T20:42:46Z", "event":"ShieldState", "ShieldsUp":true }
{ "timestamp":"2016-12-18T20:43:17Z", "event":"RefuelAll", "Cost":10, "Amount":0.125531 }
{ "timestamp":"2016-12-18T20:43:40Z", "event":"MissionFailed", "Name":"Mission_Salvage_Planet_name", "MissionID":60000740 }
{ "timestamp":"2016-12-18T20:44:27Z", "event":"Undocked", "StationName":"Hennen Enterprise", "StationType":"Orbis" }
{ "timestamp":"2016-12-18T20:45:58Z", "event":"FSDJump", "StarSystem":"LP 339-7", "StarPos":[-70.063,-8.281,27.906], "SystemAllegiance":"Federation", "SystemEconomy":"$economy_Agri;", "SystemEconomy_Localised":"Agriculture", "SystemGovernment":"$government_Corporate;", "SystemGovernment_Localised":"Corporate", "SystemSecurity":"$SYSTEM_SECURITY_high;", "SystemSecurity_Localised":"High Security", "JumpDist":15.805, "FuelUsed":2.714517, "FuelLevel":5.285483, "SystemFaction":"Starship Enterprises", "FactionState":"Boom" }
{ "timestamp":"2016-12-18T20:48:04Z", "event":"SupercruiseExit", "StarSystem":"LP 339-7", "Body":"Whitson Orbital", "BodyType":"Station" }
{ "timestamp":"2016-12-18T20:48:06Z", "event":"ReceiveText", "From":"Whitson Orbital", "Message":"$STATION_NoFireZone_entered;", "Message_Localised":"No fire zone entered.", "Channel":"npc" }
{ "timestamp":"2016-12-18T20:48:32Z", "event":"DockingRequested", "StationName":"Whitson Orbital" }
{ "timestamp":"2016-12-18T20:48:32Z", "event":"ReceiveText", "From":"Whitson Orbital", "Message":"$DockingChatter_Friendly;", "Message_Localised":"It's great to see you again, Commander.", "Channel":"npc" }
{ "timestamp":"2016-12-18T20:48:33Z", "event":"ReceiveText", "From":"Whitson Orbital", "Message":"$STATION_docking_granted;", "Message_Localised":"Docking request granted.", "Channel":"npc" }
{ "timestamp":"2016-12-18T20:48:33Z", "event":"DockingGranted", "LandingPad":6, "StationName":"Whitson Orbital" }
{ "timestamp":"2016-12-18T20:49:15Z", "event":"Docked", "StationName":"Whitson Orbital", "StationType":"Orbis", "StarSystem":"LP 339-7", "StationFaction":"Starship Enterprises", "FactionState":"Boom", "StationGovernment":"$government_Corporate;", "StationGovernment_Localised":"Corporate", "StationAllegiance":"Federation", "StationEconomy":"$economy_Agri;", "StationEconomy_Localised":"Agriculture" }
{ "timestamp":"2016-12-18T20:50:01Z", "event":"ModuleBuy", "Slot":"Slot01_Size5", "SellItem":"$int_shieldgenerator_size5_class1_name;", "SellItem_Localised":"Shield Generator", "SellPrice":63012, "BuyItem":"$int_shieldgenerator_size5_class4_name;", "BuyItem_Localised":"Shield Generator", "BuyPrice":1701318, "Ship":"vulture", "ShipID":15 }
{ "timestamp":"2016-12-18T20:50:02Z", "event":"ShieldState", "ShieldsUp":false }
{ "timestamp":"2016-12-18T20:50:08Z", "event":"ModuleSell", "Slot":"TinyHardpoint2", "SellItem":"$hpt_shieldbooster_size0_class4_name;", "SellItem_Localised":"Shield Booster", "SellPrice":122000, "Ship":"vulture", "ShipID":15 }
{ "timestamp":"2016-12-18T20:50:13Z", "event":"ModuleSell", "Slot":"TinyHardpoint1", "SellItem":"$hpt_shieldbooster_size0_class4_name;", "SellItem_Localised":"Shield Booster", "SellPrice":122000, "Ship":"vulture", "ShipID":15 }
{ "timestamp":"2016-12-18T20:50:22Z", "event":"ShieldState", "ShieldsUp":true }
{ "timestamp":"2016-12-18T20:50:30Z", "event":"ModuleBuy", "Slot":"TinyHardpoint2", "BuyItem":"$hpt_heatsinklauncher_turret_tiny_name;", "BuyItem_Localised":"Heat Sink", "BuyPrice":3500, "Ship":"vulture", "ShipID":15 }
{ "timestamp":"2016-12-18T20:51:26Z", "event":"RefuelAll", "Cost":141, "Amount":2.806201 }
{ "timestamp":"2016-12-18T20:52:01Z", "event":"Undocked", "StationName":"Whitson Orbital", "StationType":"Orbis" }
{ "timestamp":"2016-12-18T20:52:46Z", "event":"SupercruiseEntry", "StarSystem":"LP 339-7" }
{ "timestamp":"2016-12-18T20:58:23Z", "event":"SupercruiseExit", "StarSystem":"LP 339-7", "Body":"LP 339-7 5 A Ring", "BodyType":"PlanetaryRing" }
{ "timestamp":"2016-12-18T20:58:55Z", "event":"MaterialCollected", "Category":"Encoded", "Name":"bulkscandata", "Count":3 }
{ "timestamp":"2016-12-18T20:59:13Z", "event":"ReceiveText", "From":"$npc_name_decorate:#name=Nikolay Sibirtsev;", "From_Localised":"Nikolay Sibirtsev", "Message":"$Pirate_OnStartScanCargo09;", "Message_Localised":"The scan will soon be over.", "Channel":"npc" }
{ "timestamp":"2016-12-18T20:59:23Z", "event":"ReceiveText", "From":"$npc_name_decorate:#name=Nikolay Sibirtsev;", "From_Localised":"Nikolay Sibirtsev", "Message":"$Pirate_OnNoCargoFound02;", "Message_Localised":"Bah, nothing.", "Channel":"npc" }
{ "timestamp":"2016-12-18T20:59:25Z", "event":"ReceiveText", "From":"$ShipName_Police_Federation;", "From_Localised":"Federal Security Service", "Message":"$Police_ArriveInvestigate01;", "Message_Localised":"Investigating reports of crime.", "Channel":"npc" }
{ "timestamp":"2016-12-18T20:59:25Z", "event":"ReceiveText", "From":"$ShipName_Police_Federation;", "From_Localised":"Federal Security Service", "Message":"$Police_ArrivedAtInvestigationLocation04;", "Message_Localised":"Rapid deployment unit deployed. Initiating scans of all ships in the area.", "Channel":"npc" }
{ "timestamp":"2016-12-18T20:59:29Z", "event":"ReceiveText", "From":"$npc_name_decorate:#name=Nona Nonny;", "From_Localised":"Nona Nonny", "Message":"$Pirate_OnStartScanCargo09;", "Message_Localised":"The scan will soon be over.", "Channel":"npc" }
{ "timestamp":"2016-12-18T20:59:30Z", "event":"ReceiveText", "From":"$npc_name_decorate:#name=Mr. EeWeet;", "From_Localised":"Mr. EeWeet", "Message":"$BadKarmaCriticalDamage07;", "Message_Localised":"Too much damage!", "Channel":"npc" }
{ "timestamp":"2016-12-18T20:59:37Z", "event":"ReceiveText", "From":"$npc_name_decorate:#name=Sir Horace Mudge;", "From_Localised":"Sir Horace Mudge", "Message":"$Pirate_OnStartScanCargo06;", "Message_Localised":"Let's see what you are carrying.", "Channel":"npc" }
{ "timestamp":"2016-12-18T20:59:39Z", "event":"ReceiveText", "From":"$npc_name_decorate:#name=Nona Nonny;", "From_Localised":"Nona Nonny", "Message":"$Pirate_OnNoCargoFound08;", "Message_Localised":"A wasted effort. There's no cargo here.", "Channel":"npc" }
{ "timestamp":"2016-12-18T20:59:39Z", "event":"ReceiveText", "From":"$npc_name_decorate:#name=Antony Kelly;", "From_Localised":"Antony Kelly", "Message":"$Pirate_OnStartScanCargo04;", "Message_Localised":"What do you carry, I wonder?", "Channel":"npc" }
{ "timestamp":"2016-12-18T20:59:43Z", "event":"Bounty", "Rewards":[ { "Faction":"Starship Enterprises", "Reward":36100 } ], "TotalReward":36100, "VictimFaction":"LP 339-7 Blue Clan" }
{ "timestamp":"2016-12-18T20:59:47Z", "event":"ReceiveText", "From":"$npc_name_decorate:#name=Sir Horace Mudge;", "From_Localised":"Sir Horace Mudge", "Message":"$Pirate_OnNoCargoFound09;", "Message_Localised":"Next time you should fill your hold with gold.", "Channel":"npc" }
{ "timestamp":"2016-12-18T20:59:49Z", "event":"ReceiveText", "From":"$npc_name_decorate:#name=Antony Kelly;", "From_Localised":"Antony Kelly", "Message":"$Pirate_OnNoCargoFound01;", "Message_Localised":"No cargo? Waste of time...", "Channel":"npc" }
{ "timestamp":"2016-12-18T21:00:04Z", "event":"MaterialCollected", "Category":"Encoded", "Name":"shielddensityreports", "Count":3 }
{ "timestamp":"2016-12-18T21:00:04Z", "event":"MaterialCollected", "Category":"Encoded", "Name":"shieldpatternanalysis", "Count":3 }
{ "timestamp":"2016-12-18T21:00:21Z", "event":"ReceiveText", "From":"$npc_name_decorate:#name=Sir Horace Mudge;", "From_Localised":"Sir Horace Mudge", "Message":"$Pirate_OnDeclarePiracyAttack03;", "Message_Localised":"Now you die, victim.", "Channel":"npc" }
{ "timestamp":"2016-12-18T21:00:44Z", "event":"HullDamage", "Health":0.749364 }
{ "timestamp":"2016-12-18T21:00:44Z", "event":"ShieldState", "ShieldsUp":false }
{ "timestamp":"2016-12-18T21:00:49Z", "event":"HullDamage", "Health":0.596839 }
{ "timestamp":"2016-12-18T21:00:50Z", "event":"CockpitBreached" }
{ "timestamp":"2016-12-18T21:01:06Z", "event":"ReceiveText", "From":"$npc_name_decorate:#name=Reto;", "From_Localised":"Reto", "Message":"$Escort_EscortJump09;", "Message_Localised":"Mission failed. Time for me to leave.", "Channel":"npc" }
{ "timestamp":"2016-12-18T21:01:07Z", "event":"ReceiveText", "From":"$npc_name_decorate:#name=Moo;", "From_Localised":"Moo", "Message":"$Escort_NearDeath07;", "Message_Localised":"I've taken too much damage.", "Channel":"npc" }
{ "timestamp":"2016-12-18T21:01:19Z", "event":"HullDamage", "Health":0.370668 }
{ "timestamp":"2016-12-18T21:01:30Z", "event":"SupercruiseEntry", "StarSystem":"LP 339-7" }
{ "timestamp":"2016-12-18T21:02:10Z", "event":"ReceiveText", "From":"$npc_name_decorate:#name=Cruise Ship;", "From_Localised":"Cruise Ship", "Message":"$CruiseLiner_SCPatrol02;", "Message_Localised":"We will be cruising in-system for a while, please feel free to take advantage of our in-flight entertainment.", "Channel":"npc" }
{ "timestamp":"2016-12-18T21:02:54Z", "event":"ReceiveText", "From":"$npc_name_decorate:#name=Cruise Ship;", "From_Localised":"Cruise Ship", "Message":"$CruiseLiner_SCPatrol03;", "Message_Localised":"Today's cruise includes some delightful views, our flight attendants are on hand with full details.", "Channel":"npc" }
{ "timestamp":"2016-12-18T21:03:36Z", "event":"ReceiveText", "From":"$npc_name_decorate:#name=Cruise Ship;", "From_Localised":"Cruise Ship", "Message":"$CruiseLiner_SCPatrol01;", "Message_Localised":"And don't forget, this Liner is in the top 1% of all Liners out there.", "Channel":"npc" }
{ "timestamp":"2016-12-18T21:03:53Z", "event":"SupercruiseExit", "StarSystem":"LP 339-7", "Body":"Lazarev Enterprise", "BodyType":"Station" }
{ "timestamp":"2016-12-18T21:04:02Z", "event":"DockingRequested", "StationName":"Lazarev Enterprise" }
{ "timestamp":"2016-12-18T21:04:02Z", "event":"ReceiveText", "From":"Lazarev Enterprise", "Message":"$DockingChatter_Neutral;", "Message_Localised":"Ensure to observe starport protocol during your visit, pilot.", "Channel":"npc" }
{ "timestamp":"2016-12-18T21:04:03Z", "event":"ReceiveText", "From":"Lazarev Enterprise", "Message":"$STATION_docking_granted;", "Message_Localised":"Docking request granted.", "Channel":"npc" }
{ "timestamp":"2016-12-18T21:04:03Z", "event":"DockingGranted", "LandingPad":1, "StationName":"Lazarev Enterprise" }
{ "timestamp":"2016-12-18T21:04:12Z", "event":"ReceiveText", "From":"Lazarev Enterprise", "Message":"$STATION_NoFireZone_entered;", "Message_Localised":"No fire zone entered.", "Channel":"npc" }
{ "timestamp":"2016-12-18T21:04:52Z", "event":"Docked", "StationName":"Lazarev Enterprise", "StationType":"Outpost", "StarSystem":"LP 339-7", "StationFaction":"LP 339-7 Public Inc", "FactionState":"Boom", "StationGovernment":"$government_Corporate;", "StationGovernment_Localised":"Corporate", "StationEconomy":"$economy_Industrial;", "StationEconomy_Localised":"Industrial", "CockpitBreach":true }
{ "timestamp":"2016-12-18T21:05:00Z", "event":"RepairAll", "Cost":29966 }
{ "timestamp":"2016-12-18T21:05:02Z", "event":"RefuelAll", "Cost":16, "Amount":0.308702 }
{ "timestamp":"2016-12-18T21:05:02Z", "event":"BuyAmmo", "Cost":744 }
{ "timestamp":"2016-12-18T21:05:20Z", "event":"Undocked", "StationName":"Lazarev Enterprise", "StationType":"Outpost" }
{ "timestamp":"2016-12-18T21:06:04Z", "event":"ReceiveText", "From":"Lazarev Enterprise", "Message":"$STATION_NoFireZone_exited;", "Message_Localised":"No fire zone left.", "Channel":"npc" }
{ "timestamp":"2016-12-18T21:06:12Z", "event":"SupercruiseEntry", "StarSystem":"LP 339-7" }
{ "timestamp":"2016-12-18T21:07:51Z", "event":"SupercruiseExit", "StarSystem":"LP 339-7", "Body":"LP 339-7 5 A Ring", "BodyType":"PlanetaryRing" }
{ "timestamp":"2016-12-18T21:08:31Z", "event":"ReceiveText", "From":"$npc_name_decorate:#name=Kenneth Jonsson;", "From_Localised":"Kenneth Jonsson", "Message":"$Pirate_OnStartScanCargo07;", "Message_Localised":"Do you have anything of value?", "Channel":"npc" }
{ "timestamp":"2016-12-18T21:08:57Z", "event":"ReceiveText", "From":"$ShipName_Police_Federation;", "From_Localised":"Federal Security Service", "Message":"$Police_ArriveInvestigate05;", "Message_Localised":"Police response unit in position.", "Channel":"npc" }
{ "timestamp":"2016-12-18T21:08:57Z", "event":"ReceiveText", "From":"$ShipName_Police_Federation;", "From_Localised":"Federal Security Service", "Message":"$Police_ArrivedAtInvestigationLocation03;", "Message_Localised":"Crime scene cordon initialised, all ships must submit to police scan.", "Channel":"npc" }
{ "timestamp":"2016-12-18T21:08:58Z", "event":"ReceiveText", "From":"$ShipName_Police_Federation;", "From_Localised":"Federal Security Service", "Message":"$Police_ArrivedAtInvestigationLocation04;", "Message_Localised":"Rapid deployment unit deployed. Initiating scans of all ships in the area.", "Channel":"npc" }
{ "timestamp":"2016-12-18T21:08:59Z", "event":"ReceiveText", "From":"$ShipName_Police_Federation;", "From_Localised":"Federal Security Service", "Message":"$Police_ArrivedAtInvestigationLocation02;", "Message_Localised":"Cease and desist! Submit to authority scans immediately!", "Channel":"npc" }
{ "timestamp":"2016-12-18T21:09:10Z", "event":"ReceiveText", "From":"$npc_name_decorate:#name=Alan Fallow;", "From_Localised":"Alan Fallow", "Message":"$Pirate_OnStartScanCargo01;", "Message_Localised":"I see all!", "Channel":"npc" }
{ "timestamp":"2016-12-18T21:09:20Z", "event":"ReceiveText", "From":"$npc_name_decorate:#name=Alan Fallow;", "From_Localised":"Alan Fallow", "Message":"$Pirate_OnNoCargoFound08;", "Message_Localised":"A wasted effort. There's no cargo here.", "Channel":"npc" }
{ "timestamp":"2016-12-18T21:09:21Z", "event":"ReceiveText", "From":"$npc_name_decorate:#name=Kenneth Jonsson;", "From_Localised":"Kenneth Jonsson", "Message":"$BadKarmaCriticalDamage07;", "Message_Localised":"Too much damage!", "Channel":"npc" }
{ "timestamp":"2016-12-18T21:09:25Z", "event":"ShieldState", "ShieldsUp":false }
{ "timestamp":"2016-12-18T21:09:28Z", "event":"ReceiveText", "From":"$npc_name_decorate:#name=Tom De Blauwe;", "From_Localised":"Tom De Blauwe", "Message":"$Pirate_OnStartScanCargo03;", "Message_Localised":"What are you hauling?", "Channel":"npc" }
{ "timestamp":"2016-12-18T21:09:36Z", "event":"HullDamage", "Health":0.799374 }
{ "timestamp":"2016-12-18T21:09:49Z", "event":"ReceiveText", "From":"$npc_name_decorate:#name=Tom De Blauwe;", "From_Localised":"Tom De Blauwe", "Message":"$Pirate_OnStartScanCargo10;", "Message_Localised":"Let me see what you have.", "Channel":"npc" }
{ "timestamp":"2016-12-18T21:09:58Z", "event":"Bounty", "Rewards":[ { "Faction":"Starship Enterprises", "Reward":400 }, { "Faction":"Federation", "Reward":65205 } ], "TotalReward":65605, "VictimFaction":"LP 339-7 Blue Clan" }
{ "timestamp":"2016-12-18T21:09:59Z", "event":"ReceiveText", "From":"$npc_name_decorate:#name=Tom De Blauwe;", "From_Localised":"Tom De Blauwe", "Message":"$Pirate_OnNoCargoFound10;", "Message_Localised":"There's nothing worth my while here.", "Channel":"npc" }
{ "timestamp":"2016-12-18T21:10:13Z", "event":"MaterialDiscovered", "Category":"Encoded", "Name":"compactemissionsdata", "DiscoveryNumber":23 }
{ "timestamp":"2016-12-18T21:10:13Z", "event":"MaterialCollected", "Category":"Encoded", "Name":"compactemissionsdata", "Count":3 }
{ "timestamp":"2016-12-18T21:10:17Z", "event":"ReceiveText", "From":"$ShipName_Police_Federation;", "From_Localised":"Federal Security Service", "Message":"$Police_FinishedAtInvestigationLocation05;", "Message_Localised":"All scans have completed. All vessels may proceed.", "Channel":"npc" }
{ "timestamp":"2016-12-18T21:10:19Z", "event":"ReceiveText", "From":"$ShipName_Police_Federation;", "From_Localised":"Federal Security Service", "Message":"$Police_FinishedAtInvestigationLocation02;", "Message_Localised":"Investigation is complete, you may be on your way.", "Channel":"npc" }
{ "timestamp":"2016-12-18T21:10:54Z", "event":"ShieldState", "ShieldsUp":true }
{ "timestamp":"2016-12-18T21:12:30Z", "event":"Bounty", "Rewards":[ { "Faction":"Starship Enterprises", "Reward":1200 }, { "Faction":"Federation", "Reward":176700 } ], "TotalReward":177900, "VictimFaction":"LP 339-7 Blue Clan" }
{ "timestamp":"2016-12-18T21:12:44Z", "event":"ReceiveText", "From":"$npc_name_decorate:#name=Alan Fallow;", "From_Localised":"Alan Fallow", "Message":"$Pirate_OnDeclarePiracyAttack04;", "Message_Localised":"I'm gonna boil you up!", "Channel":"npc" }
{ "timestamp":"2016-12-18T21:12:51Z", "event":"ReceiveText", "From":"$npc_name_decorate:#name=Lution;", "From_Localised":"Lution", "Message":"$Escort_NearDeath04;", "Message_Localised":"Breaking off attack, I can't hold it.", "Channel":"npc" }
{ "timestamp":"2016-12-18T21:12:51Z", "event":"ReceiveText", "From":"$npc_name_decorate:#name=Hamish McDougal;", "From_Localised":"Hamish McDougal", "Message":"$BadKarmaCriticalDamage01;", "Message_Localised":"How is this happening?!", "Channel":"npc" }
{ "timestamp":"2016-12-18T21:13:19Z", "event":"ShieldState", "ShieldsUp":false }
{ "timestamp":"2016-12-18T21:13:21Z", "event":"HullDamage", "Health":0.596896 }
{ "timestamp":"2016-12-18T21:14:13Z", "event":"HullDamage", "Health":0.397009 }
{ "timestamp":"2016-12-18T21:14:15Z", "event":"Bounty", "Rewards":[ { "Faction":"Starship Enterprises", "Reward":800 }, { "Faction":"Federation", "Reward":181980 } ], "TotalReward":182780, "VictimFaction":"LP 339-7 Blue Clan" }
{ "timestamp":"2016-12-18T21:14:30Z", "event":"ReceiveText", "From":"$ShipName_Police_Federation;", "From_Localised":"Federal Security Service", "Message":"$Police_FinishedAtInvestigationLocation06;", "Message_Localised":"Rapid criminal investigation scans are finished. Please continue about your business.", "Channel":"npc" }
{ "timestamp":"2016-12-18T21:14:45Z", "event":"SupercruiseEntry", "StarSystem":"LP 339-7" }
{ "timestamp":"2016-12-18T21:16:09Z", "event":"FSDJump", "StarSystem":"LTT 15985", "StarPos":[-71.688,-10.156,28.156], "SystemAllegiance":"Federation", "SystemEconomy":"$economy_Refinery;", "SystemEconomy_Localised":"Refinery", "SystemGovernment":"$government_Corporate;", "SystemGovernment_Localised":"Corporate", "SystemSecurity":"$SYSTEM_SECURITY_medium;", "SystemSecurity_Localised":"Medium Security", "JumpDist":2.494, "FuelUsed":0.040718, "FuelLevel":7.959282, "SystemFaction":"Gilgamesh Ltd", "FactionState":"Boom" }
{ "timestamp":"2016-12-18T21:17:20Z", "event":"FSDJump", "StarSystem":"LP 339-7", "StarPos":[-70.063,-8.281,27.906], "SystemAllegiance":"Federation", "SystemEconomy":"$economy_Agri;", "SystemEconomy_Localised":"Agriculture", "SystemGovernment":"$government_Corporate;", "SystemGovernment_Localised":"Corporate", "SystemSecurity":"$SYSTEM_SECURITY_high;", "SystemSecurity_Localised":"High Security", "JumpDist":2.494, "FuelUsed":0.040707, "FuelLevel":7.918575, "SystemFaction":"Starship Enterprises", "FactionState":"Boom" }
{ "timestamp":"2016-12-18T21:19:56Z", "event":"SupercruiseExit", "StarSystem":"LP 339-7", "Body":"Whitson Orbital", "BodyType":"Station" }
{ "timestamp":"2016-12-18T21:19:58Z", "event":"ReceiveText", "From":"Whitson Orbital", "Message":"$STATION_NoFireZone_entered;", "Message_Localised":"No fire zone entered.", "Channel":"npc" }
{ "timestamp":"2016-12-18T21:20:06Z", "event":"DockingRequested", "StationName":"Whitson Orbital" }
{ "timestamp":"2016-12-18T21:20:06Z", "event":"ReceiveText", "From":"Whitson Orbital", "Message":"$DockingChatter_Friendly;", "Message_Localised":"It's great to see you again, Commander.", "Channel":"npc" }
{ "timestamp":"2016-12-18T21:20:08Z", "event":"ReceiveText", "From":"Whitson Orbital", "Message":"$STATION_docking_granted;", "Message_Localised":"Docking request granted.", "Channel":"npc" }
{ "timestamp":"2016-12-18T21:20:08Z", "event":"DockingGranted", "LandingPad":42, "StationName":"Whitson Orbital" }
{ "timestamp":"2016-12-18T21:21:00Z", "event":"Docked", "StationName":"Whitson Orbital", "StationType":"Orbis", "StarSystem":"LP 339-7", "StationFaction":"Starship Enterprises", "FactionState":"Boom", "StationGovernment":"$government_Corporate;", "StationGovernment_Localised":"Corporate", "StationAllegiance":"Federation", "StationEconomy":"$economy_Agri;", "StationEconomy_Localised":"Agriculture" }
{ "timestamp":"2016-12-18T21:21:11Z", "event":"RedeemVoucher", "Type":"bounty", "Amount":462385 }
{ "timestamp":"2016-12-18T21:22:37Z", "event":"ModuleBuy", "Slot":"TinyHardpoint1", "BuyItem":"$hpt_plasmapointdefence_turret_tiny_name;", "BuyItem_Localised":"Point Defence", "BuyPrice":18546, "Ship":"vulture", "ShipID":15 }
{ "timestamp":"2016-12-18T21:23:00Z", "event":"ModuleBuy", "Slot":"TinyHardpoint1", "SellItem":"$hpt_plasmapointdefence_turret_tiny_name;", "SellItem_Localised":"Point Defence", "SellPrice":18546, "BuyItem":"$hpt_electroniccountermeasure_tiny_name;", "BuyItem_Localised":"ECM", "BuyPrice":12500, "Ship":"vulture", "ShipID":15 }
{ "timestamp":"2016-12-18T21:23:38Z", "event":"RepairAll", "Cost":7464 }
{ "timestamp":"2016-12-18T21:23:38Z", "event":"RefuelAll", "Cost":22, "Amount":0.414920 }
{ "timestamp":"2016-12-18T21:23:39Z", "event":"BuyAmmo", "Cost":1326 }
{ "timestamp":"2016-12-18T21:28:46Z", "event":"ShipyardTransfer", "ShipType":"Asp", "ShipID":13, "System":"Banisas", "Distance":67.452202, "TransferPrice":92449 }
{ "timestamp":"2016-12-18T21:29:24Z", "event":"Undocked", "StationName":"Whitson Orbital", "StationType":"Orbis" }
{ "timestamp":"2016-12-18T21:30:12Z", "event":"ReceiveText", "From":"Whitson Orbital", "Message":"$STATION_NoFireZone_exited;", "Message_Localised":"No fire zone left.", "Channel":"npc" }
{ "timestamp":"2016-12-18T21:30:25Z", "event":"SupercruiseEntry", "StarSystem":"LP 339-7" }
{ "timestamp":"2016-12-18T21:35:54Z", "event":"SupercruiseExit", "StarSystem":"LP 339-7", "Body":"LP 339-7 5 B Ring", "BodyType":"PlanetaryRing" }
{ "timestamp":"2016-12-18T21:36:23Z", "event":"ReceiveText", "From":"$npc_name_decorate:#name=Jonie Qash;", "From_Localised":"Jonie Qash", "Message":"$Pirate_OnStartScanCargo10;", "Message_Localised":"Let me see what you have.", "Channel":"npc" }
{ "timestamp":"2016-12-18T21:36:53Z", "event":"ShieldState", "ShieldsUp":false }
{ "timestamp":"2016-12-18T21:36:56Z", "event":"HullDamage", "Health":0.790655 }
{ "timestamp":"2016-12-18T21:36:59Z", "event":"CockpitBreached" }
{ "timestamp":"2016-12-18T21:37:01Z", "event":"HullDamage", "Health":0.599927 }
{ "timestamp":"2016-12-18T21:37:14Z", "event":"HullDamage", "Health":0.397441 }
{ "timestamp":"2016-12-18T21:37:22Z", "event":"HullDamage", "Health":0.193751 }
{ "timestamp":"2016-12-18T21:37:28Z", "event":"Bounty", "Rewards":[ { "Faction":"Starship Enterprises", "Reward":40855 } ], "TotalReward":40855, "VictimFaction":"LP 339-7 Blue Clan" }
{ "timestamp":"2016-12-18T21:37:59Z", "event":"SupercruiseEntry", "StarSystem":"LP 339-7" }
{ "timestamp":"2016-12-18T21:38:58Z", "event":"FSDJump", "StarSystem":"LTT 15985", "StarPos":[-71.688,-10.156,28.156], "SystemAllegiance":"Federation", "SystemEconomy":"$economy_Refinery;", "SystemEconomy_Localised":"Refinery", "SystemGovernment":"$government_Corporate;", "SystemGovernment_Localised":"Corporate", "SystemSecurity":"$SYSTEM_SECURITY_medium;", "SystemSecurity_Localised":"Medium Security", "JumpDist":2.494, "FuelUsed":0.041058, "FuelLevel":7.958941, "SystemFaction":"Gilgamesh Ltd", "FactionState":"Boom" }
{ "timestamp":"2016-12-18T21:39:52Z", "event":"FSDJump", "StarSystem":"LP 339-7", "StarPos":[-70.063,-8.281,27.906], "SystemAllegiance":"Federation", "SystemEconomy":"$economy_Agri;", "SystemEconomy_Localised":"Agriculture", "SystemGovernment":"$government_Corporate;", "SystemGovernment_Localised":"Corporate", "SystemSecurity":"$SYSTEM_SECURITY_high;", "SystemSecurity_Localised":"High Security", "JumpDist":2.494, "FuelUsed":0.041048, "FuelLevel":7.917894, "SystemFaction":"Starship Enterprises", "FactionState":"Boom" }
{ "timestamp":"2016-12-18T21:42:00Z", "event":"SupercruiseExit", "StarSystem":"LP 339-7", "Body":"Whitson Orbital", "BodyType":"Station" }
{ "timestamp":"2016-12-18T21:42:02Z", "event":"ReceiveText", "From":"Whitson Orbital", "Message":"$STATION_NoFireZone_entered;", "Message_Localised":"No fire zone entered.", "Channel":"npc" }
{ "timestamp":"2016-12-18T21:42:12Z", "event":"DockingRequested", "StationName":"Whitson Orbital" }
{ "timestamp":"2016-12-18T21:42:12Z", "event":"ReceiveText", "From":"Whitson Orbital", "Message":"$DockingChatter_Friendly;", "Message_Localised":"It's great to see you again, Commander.", "Channel":"npc" }
{ "timestamp":"2016-12-18T21:42:13Z", "event":"ReceiveText", "From":"Whitson Orbital", "Message":"$STATION_docking_granted;", "Message_Localised":"Docking request granted.", "Channel":"npc" }
{ "timestamp":"2016-12-18T21:42:13Z", "event":"DockingGranted", "LandingPad":34, "StationName":"Whitson Orbital" }
{ "timestamp":"2016-12-18T21:42:52Z", "event":"Docked", "StationName":"Whitson Orbital", "StationType":"Orbis", "StarSystem":"LP 339-7", "StationFaction":"Starship Enterprises", "FactionState":"Boom", "StationGovernment":"$government_Corporate;", "StationGovernment_Localised":"Corporate", "StationAllegiance":"Federation", "StationEconomy":"$economy_Agri;", "StationEconomy_Localised":"Agriculture", "CockpitBreach":true }
{ "timestamp":"2016-12-18T21:43:09Z", "event":"RedeemVoucher", "Type":"bounty", "Amount":40855 }
{ "timestamp":"2016-12-18T21:44:49Z", "event":"RepairAll", "Cost":12693 }
{ "timestamp":"2016-12-18T21:44:51Z", "event":"RefuelAll", "Cost":21, "Amount":0.390291 }
{ "timestamp":"2016-12-18T21:44:52Z", "event":"BuyAmmo", "Cost":342 }
{ "timestamp":"2016-12-18T21:45:34Z", "event":"ShipyardSwap", "ShipType":"asp", "ShipID":13, "StoreOldShip":"Vulture", "StoreShipID":15 }
{ "timestamp":"2016-12-18T21:45:47Z", "event":"Docked", "StationName":"Whitson Orbital", "StationType":"Orbis", "StarSystem":"LP 339-7", "StationFaction":"Starship Enterprises", "FactionState":"Boom", "StationGovernment":"$government_Corporate;", "StationGovernment_Localised":"Corporate", "StationAllegiance":"Federation", "StationEconomy":"$economy_Agri;", "StationEconomy_Localised":"Agriculture" }
{ "timestamp":"2016-12-18T21:47:48Z", "event":"ReceiveText", "From":"$npc_name_decorate:#name=Matti Rintala;", "From_Localised":"Matti Rintala", "Message":"$Commuter_AuthorityScan08;", "Message_Localised":"You've got no right to scan me, officer!", "Channel":"npc" }
{ "timestamp":"2016-12-18T21:51:22Z", "event":"RepairAll", "Cost":753 }
{ "timestamp":"2016-12-18T21:56:15Z", "event":"ShipyardSwap", "ShipType":"vulture", "ShipID":15, "StoreOldShip":"Asp", "StoreShipID":13 }
{ "timestamp":"2016-12-18T21:56:29Z", "event":"Docked", "StationName":"Whitson Orbital", "StationType":"Orbis", "StarSystem":"LP 339-7", "StationFaction":"Starship Enterprises", "FactionState":"Boom", "StationGovernment":"$government_Corporate;", "StationGovernment_Localised":"Corporate", "StationAllegiance":"Federation", "StationEconomy":"$economy_Agri;", "StationEconomy_Localised":"Agriculture" }
{ "timestamp":"2016-12-18T21:56:56Z", "event":"Undocked", "StationName":"Whitson Orbital", "StationType":"Orbis" }
{ "timestamp":"2016-12-18T21:57:34Z", "event":"SupercruiseEntry", "StarSystem":"LP 339-7" }
{ "timestamp":"2016-12-18T22:03:06Z", "event":"SupercruiseExit", "StarSystem":"LP 339-7", "Body":"LP 339-7 5 B Ring", "BodyType":"PlanetaryRing" }
{ "timestamp":"2016-12-18T22:03:40Z", "event":"ReceiveText", "From":"$npc_name_decorate:#name=EGP Operative;", "From_Localised":"EGP Operative", "Message":"$PowersPirate_OnStartScanCargo01;", "Message_Localised":"I'm looking for... donations.", "Channel":"npc" }
{ "timestamp":"2016-12-18T22:03:46Z", "event":"ReceiveText", "From":"$npc_name_decorate:#name=EGP Operative;", "From_Localised":"EGP Operative", "Message":"$Pirate_OnDeclarePiracyAttack16;", "Message_Localised":"I have you in my sights.", "Channel":"npc" }
{ "timestamp":"2016-12-18T22:03:54Z", "event":"ReceiveText", "From":"$npc_name_decorate:#name=Dazashi Graves;", "From_Localised":"Dazashi Graves", "Message":"$Escort_EscortJump05;", "Message_Localised":"That's it then, time to leave.", "Channel":"npc" }
{ "timestamp":"2016-12-18T22:04:03Z", "event":"ReceiveText", "From":"$ShipName_Police_Federation;", "From_Localised":"Federal Security Service", "Message":"$Police_ArriveInvestigate03;", "Message_Localised":"Crime response flight deployed.", "Channel":"npc" }
{ "timestamp":"2016-12-18T22:04:03Z", "event":"ReceiveText", "From":"$ShipName_Police_Federation;", "From_Localised":"Federal Security Service", "Message":"$Police_ArrivedAtInvestigationLocation02;", "Message_Localised":"Cease and desist! Submit to authority scans immediately!", "Channel":"npc" }
{ "timestamp":"2016-12-18T22:04:07Z", "event":"ReceiveText", "From":"$npc_name_decorate:#name=Patreus Sentinel;", "From_Localised":"Patreus Sentinel", "Message":"$PowersPirate_OnStartScanCargo01;", "Message_Localised":"I'm looking for... donations.", "Channel":"npc" }
{ "timestamp":"2016-12-18T22:04:09Z", "event":"ReceiveText", "From":"$npc_name_decorate:#name=EGP Operative;", "From_Localised":"EGP Operative", "Message":"$BadKarmaCriticalDamage02;", "Message_Localised":"Impossible!", "Channel":"npc" }
{ "timestamp":"2016-12-18T22:04:11Z", "event":"ReceiveText", "From":"$ShipName_Police_Federation;", "From_Localised":"Federal Security Service", "Message":"$Police_ArrivedAtInvestigationLocation03;", "Message_Localised":"Crime scene cordon initialised, all ships must submit to police scan.", "Channel":"npc" }
{ "timestamp":"2016-12-18T22:04:17Z", "event":"ReceiveText", "From":"$npc_name_decorate:#name=Patreus Sentinel;", "From_Localised":"Patreus Sentinel", "Message":"$PowersPirate_OnNoCargoFound01;", "Message_Localised":"You're no use to us.", "Channel":"npc" }
{ "timestamp":"2016-12-18T22:04:20Z", "event":"Bounty", "Rewards":[ { "Faction":"Starship Enterprises", "Reward":400 }, { "Faction":"Federation", "Reward":25387 } ], "TotalReward":25787, "VictimFaction":"Yuri Grom" }
{ "timestamp":"2016-12-18T22:04:27Z", "event":"ReceiveText", "From":"$npc_name_decorate:#name=Utopian Overseer;", "From_Localised":"Utopian Overseer", "Message":"$PowersPirate_OnStartScanCargo05;", "Message_Localised":"We're in need of some contributions. You got any?", "Channel":"npc" }
{ "timestamp":"2016-12-18T22:04:41Z", "event":"ReceiveText", "From":"$npc_name_decorate:#name=Utopian Overseer;", "From_Localised":"Utopian Overseer", "Message":"$PowersPirate_OnStartScanCargo03;", "Message_Localised":"Let's see if you have anything for us.", "Channel":"npc" }
{ "timestamp":"2016-12-18T22:04:52Z", "event":"ReceiveText", "From":"$ShipName_Police_Federation;", "From_Localised":"Federal Security Service", "Message":"$Police_FinishedAtInvestigationLocation05;", "Message_Localised":"All scans have completed. All vessels may proceed.", "Channel":"npc" }
{ "timestamp":"2016-12-18T22:04:55Z", "event":"MaterialCollected", "Category":"Encoded", "Name":"shieldsoakanalysis", "Count":3 }
{ "timestamp":"2016-12-18T22:04:56Z", "event":"ReceiveText", "From":"$npc_name_decorate:#name=Utopian Overseer;", "From_Localised":"Utopian Overseer", "Message":"$PowersPirate_OnNoCargoFound04;", "Message_Localised":"You're just wasting my time here. And yours.", "Channel":"npc" }
{ "timestamp":"2016-12-18T22:05:54Z", "event":"Bounty", "Rewards":[ { "Faction":"Starship Enterprises", "Reward":79780 } ], "TotalReward":79780, "VictimFaction":"LP 339-7 Blue Clan" }
{ "timestamp":"2016-12-18T22:05:56Z", "event":"ReceiveText", "From":"$npc_name_decorate:#name=Utopian Overseer;", "From_Localised":"Utopian Overseer", "Message":"$Pirate_OnHullLowJumpAway04;", "Message_Localised":"This is not the end!", "Channel":"npc" }
{ "timestamp":"2016-12-18T22:06:14Z", "event":"Bounty", "Rewards":[ { "Faction":"Starship Enterprises", "Reward":22945 } ], "TotalReward":22945, "VictimFaction":"Pranav Antal" }
{ "timestamp":"2016-12-18T22:06:31Z", "event":"ReceiveText", "From":"$ShipName_Police_Federation;", "From_Localised":"Federal Security Service", "Message":"$Police_FinishedAtInvestigationLocation04;", "Message_Localised":"Crime response sweep completed. All ships are free to depart.", "Channel":"npc" }
{ "timestamp":"2016-12-18T22:06:37Z", "event":"ReceiveText", "From":"$npc_name_decorate:#name=Gabriel Constantine;", "From_Localised":"Gabriel Constantine", "Message":"$Pirate_OnStartScanCargo08;", "Message_Localised":"What do you have in your cargo hold?", "Channel":"npc" }
{ "timestamp":"2016-12-18T22:06:47Z", "event":"ReceiveText", "From":"$npc_name_decorate:#name=Gabriel Constantine;", "From_Localised":"Gabriel Constantine", "Message":"$Pirate_OnNoCargoFound06;", "Message_Localised":"Another dream of riches dashed.", "Channel":"npc" }
{ "timestamp":"2016-12-18T22:08:19Z", "event":"ReceiveText", "From":"$npc_name_decorate:#name=Markku Palkosaari;", "From_Localised":"Markku Palkosaari", "Message":"$Escort_NearDeath10;", "Message_Localised":"My ship is almost done for. Help!", "Channel":"npc" }
{ "timestamp":"2016-12-18T22:08:47Z", "event":"Bounty", "Rewards":[ { "Faction":"Starship Enterprises", "Reward":800 }, { "Faction":"Federation", "Reward":137025 } ], "TotalReward":137825, "VictimFaction":"LP 339-7 Blue Clan" }
{ "timestamp":"2016-12-18T22:09:11Z", "event":"ReceiveText", "From":"$npc_name_decorate:#name=Becky Scott;", "From_Localised":"Becky Scott", "Message":"$Escort_NearDeath05;", "Message_Localised":"Taking evasive action.", "Channel":"npc" }
{ "timestamp":"2016-12-18T22:09:26Z", "event":"ReceiveText", "From":"$npc_name_decorate:#name=Wavey Davey;", "From_Localised":"Wavey Davey", "Message":"$Pirate_OnStartScanCargo11;", "Message_Localised":"I hope you have something good in your hold.", "Channel":"npc" }
{ "timestamp":"2016-12-18T22:09:28Z", "event":"Bounty", "Rewards":[ { "Faction":"Starship Enterprises", "Reward":10480 } ], "TotalReward":10480, "VictimFaction":"LP 339-7 Blue Clan" }
{ "timestamp":"2016-12-18T22:09:34Z", "event":"ReceiveText", "From":"$npc_name_decorate:#name=Kendo Gramico;", "From_Localised":"Kendo Gramico", "Message":"$Pirate_OnStartScanCargo08;", "Message_Localised":"What do you have in your cargo hold?", "Channel":"npc" }
{ "timestamp":"2016-12-18T22:09:36Z", "event":"ReceiveText", "From":"$npc_name_decorate:#name=Wavey Davey;", "From_Localised":"Wavey Davey", "Message":"$Pirate_OnNoCargoFound08;", "Message_Localised":"A wasted effort. There's no cargo here.", "Channel":"npc" }
{ "timestamp":"2016-12-18T22:09:41Z", "event":"ReceiveText", "From":"$npc_name_decorate:#name=Wavey Davey;", "From_Localised":"Wavey Davey", "Message":"$Pirate_OnDeclarePiracyAttack05;", "Message_Localised":"You have no chance now.", "Channel":"npc" }
{ "timestamp":"2016-12-18T22:09:44Z", "event":"ReceiveText", "From":"$npc_name_decorate:#name=Kendo Gramico;", "From_Localised":"Kendo Gramico", "Message":"$Pirate_OnNoCargoFound10;", "Message_Localised":"There's nothing worth my while here.", "Channel":"npc" }
{ "timestamp":"2016-12-18T22:09:54Z", "event":"Bounty", "Rewards":[ { "Faction":"Starship Enterprises", "Reward":10755 } ], "TotalReward":10755, "VictimFaction":"LP 339-7 Blue Clan" }
{ "timestamp":"2016-12-18T22:10:02Z", "event":"ReceiveText", "From":"$npc_name_decorate:#name=Jim Moore;", "From_Localised":"Jim Moore", "Message":"$BadKarmaCriticalDamage05;", "Message_Localised":"No, no!", "Channel":"npc" }
{ "timestamp":"2016-12-18T22:10:06Z", "event":"ReceiveText", "From":"$ShipName_Police_Federation;", "From_Localised":"Federal Security Service", "Message":"$Military_AccidentalDamage08;", "Message_Localised":"Cease fire! You're hitting the wrong target.", "Channel":"npc" }
{ "timestamp":"2016-12-18T22:10:19Z", "event":"Bounty", "Rewards":[ { "Faction":"Starship Enterprises", "Reward":800 }, { "Faction":"Federation", "Reward":15615 } ], "TotalReward":16415, "VictimFaction":"LP 339-7 Blue Clan" }
{ "timestamp":"2016-12-18T22:10:48Z", "event":"ReceiveText", "From":"$npc_name_decorate:#name=Kendo Gramico;", "From_Localised":"Kendo Gramico", "Message":"$Pirate_OnDeclarePiracyAttack04;", "Message_Localised":"I'm gonna boil you up!", "Channel":"npc" }
{ "timestamp":"2016-12-18T22:11:10Z", "event":"ReceiveText", "From":"$npc_name_decorate:#name=Ian Rigby;", "From_Localised":"Ian Rigby", "Message":"$Pirate_OnStartScanCargo06;", "Message_Localised":"Let's see what you are carrying.", "Channel":"npc" }
{ "timestamp":"2016-12-18T22:11:29Z", "event":"ReceiveText", "From":"$npc_name_decorate:#name=Ian Rigby;", "From_Localised":"Ian Rigby", "Message":"$Pirate_OnNoCargoFound03;", "Message_Localised":"No cargo? Useless dreg.", "Channel":"npc" }
{ "timestamp":"2016-12-18T22:11:30Z", "event":"ShieldState", "ShieldsUp":false }
{ "timestamp":"2016-12-18T22:11:31Z", "event":"HullDamage", "Health":0.799220 }
{ "timestamp":"2016-12-18T22:12:59Z", "event":"HullDamage", "Health":0.599306 }
{ "timestamp":"2016-12-18T22:13:32Z", "event":"Bounty", "Rewards":[ { "Faction":"Starship Enterprises", "Reward":52640 } ], "TotalReward":52640, "VictimFaction":"LP 339-7 Blue Clan" }
{ "timestamp":"2016-12-18T22:13:33Z", "event":"ShieldState", "ShieldsUp":true }
{ "timestamp":"2016-12-18T22:13:48Z", "event":"SupercruiseEntry", "StarSystem":"LP 339-7" }
{ "timestamp":"2016-12-18T22:15:38Z", "event":"FSDJump", "StarSystem":"LTT 15985", "StarPos":[-71.688,-10.156,28.156], "SystemAllegiance":"Federation", "SystemEconomy":"$economy_Refinery;", "SystemEconomy_Localised":"Refinery", "SystemGovernment":"$government_Corporate;", "SystemGovernment_Localised":"Corporate", "SystemSecurity":"$SYSTEM_SECURITY_medium;", "SystemSecurity_Localised":"Medium Security", "JumpDist":2.494, "FuelUsed":0.041058, "FuelLevel":7.958941, "SystemFaction":"Gilgamesh Ltd", "FactionState":"Boom" }
{ "timestamp":"2016-12-18T22:16:32Z", "event":"FSDJump", "StarSystem":"LP 339-7", "StarPos":[-70.063,-8.281,27.906], "SystemAllegiance":"Federation", "SystemEconomy":"$economy_Agri;", "SystemEconomy_Localised":"Agriculture", "SystemGovernment":"$government_Corporate;", "SystemGovernment_Localised":"Corporate", "SystemSecurity":"$SYSTEM_SECURITY_high;", "SystemSecurity_Localised":"High Security", "JumpDist":2.494, "FuelUsed":0.041048, "FuelLevel":7.917894, "SystemFaction":"Starship Enterprises", "FactionState":"Boom" }
{ "timestamp":"2016-12-18T22:18:32Z", "event":"SupercruiseExit", "StarSystem":"LP 339-7", "Body":"Whitson Orbital", "BodyType":"Station" }
{ "timestamp":"2016-12-18T22:18:34Z", "event":"ReceiveText", "From":"Whitson Orbital", "Message":"$STATION_NoFireZone_entered;", "Message_Localised":"No fire zone entered.", "Channel":"npc" }
{ "timestamp":"2016-12-18T22:18:44Z", "event":"DockingRequested", "StationName":"Whitson Orbital" }
{ "timestamp":"2016-12-18T22:18:44Z", "event":"ReceiveText", "From":"Whitson Orbital", "Message":"$DockingChatter_Friendly;", "Message_Localised":"It's great to see you again, Commander.", "Channel":"npc" }
{ "timestamp":"2016-12-18T22:18:45Z", "event":"ReceiveText", "From":"Whitson Orbital", "Message":"$STATION_docking_granted;", "Message_Localised":"Docking request granted.", "Channel":"npc" }
{ "timestamp":"2016-12-18T22:18:45Z", "event":"DockingGranted", "LandingPad":43, "StationName":"Whitson Orbital" }
{ "timestamp":"2016-12-18T22:19:37Z", "event":"Docked", "StationName":"Whitson Orbital", "StationType":"Orbis", "StarSystem":"LP 339-7", "StationFaction":"Starship Enterprises", "FactionState":"Boom", "StationGovernment":"$government_Corporate;", "StationGovernment_Localised":"Corporate", "StationAllegiance":"Federation", "StationEconomy":"$economy_Agri;", "StationEconomy_Localised":"Agriculture" }
{ "timestamp":"2016-12-18T22:19:50Z", "event":"RedeemVoucher", "Type":"bounty", "Amount":356627 }
{ "timestamp":"2016-12-18T22:19:54Z", "event":"RepairAll", "Cost":4889 }
{ "timestamp":"2016-12-18T22:19:55Z", "event":"RefuelAll", "Cost":31, "Amount":0.586957 }
{ "timestamp":"2016-12-18T22:19:56Z", "event":"BuyAmmo", "Cost":1718 }
{ "timestamp":"2016-12-18T22:22:01Z", "event":"ReceiveText", "From":"$npc_name_decorate:#name=Gordon;", "From_Localised":"Gordon", "Message":"$Commuter_AuthorityScan01;", "Message_Localised":"Is there a problem here, officer?", "Channel":"npc" }
{ "timestamp":"2016-12-18T22:22:36Z", "event":"ShipyardSwap", "ShipType":"asp", "ShipID":13, "StoreOldShip":"Vulture", "StoreShipID":15 }
{ "timestamp":"2016-12-18T22:22:47Z", "event":"Docked", "StationName":"Whitson Orbital", "StationType":"Orbis", "StarSystem":"LP 339-7", "StationFaction":"Starship Enterprises", "FactionState":"Boom", "StationGovernment":"$government_Corporate;", "StationGovernment_Localised":"Corporate", "StationAllegiance":"Federation", "StationEconomy":"$economy_Agri;", "StationEconomy_Localised":"Agriculture" }
{ "timestamp":"2016-12-18T22:23:33Z", "event":"MissionAccepted", "Faction":"Starship Enterprises", "Name":"Mission_Sightseeing_CEO_BOOM", "Commodity":"$CombatStabilisers_Name;", "Commodity_Localised":"Combat Stabilisers", "Count":1, "Expiry":"2016-12-19T11:47:01Z", "PassengerCount":4, "PassengerVIPs":true, "PassengerWanted":false, "PassengerType":"Business", "MissionID":60470682 }
{ "timestamp":"2016-12-18T22:24:40Z", "event":"Undocked", "StationName":"Whitson Orbital", "StationType":"Orbis" }
{ "timestamp":"2016-12-18T22:25:33Z", "event":"ReceiveText", "From":"Whitson Orbital", "Message":"$STATION_NoFireZone_exited;", "Message_Localised":"No fire zone left.", "Channel":"npc" }
{ "timestamp":"2016-12-18T22:25:51Z", "event":"FSDJump", "StarSystem":"Wolf 866", "StarPos":[-48.125,-8.031,31.281], "SystemAllegiance":"", "SystemEconomy":"$economy_None;", "SystemEconomy_Localised":"None", "SystemGovernment":"$government_None;", "SystemGovernment_Localised":"None", "SystemSecurity":"$SYSTEM_SECURITY_low;", "SystemSecurity_Localised":"Low Security", "JumpDist":22.197, "FuelUsed":3.851310, "FuelLevel":28.148689 }
{ "timestamp":"2016-12-18T22:27:32Z", "event":"FSDJump", "StarSystem":"Furbaide", "StarPos":[-28.563,-10.656,28.813], "SystemAllegiance":"Federation", "SystemEconomy":"$economy_Industrial;", "SystemEconomy_Localised":"Industrial", "SystemGovernment":"$government_Corporate;", "SystemGovernment_Localised":"Corporate", "SystemSecurity":"$SYSTEM_SECURITY_medium;", "SystemSecurity_Localised":"Medium Security", "JumpDist":19.892, "FuelUsed":2.888564, "FuelLevel":25.260124, "SystemFaction":"Gold Legal Solutions", "FactionState":"Boom" }
{ "timestamp":"2016-12-18T22:30:56Z", "event":"SupercruiseExit", "StarSystem":"Furbaide", "Body":"Furbaide 3", "BodyType":"Planet" }
{ "timestamp":"2016-12-18T22:31:09Z", "event":"DataScanned", "Type":"TouristBeacon" }
{ "timestamp":"2016-12-18T22:32:39Z", "event":"FSDJump", "StarSystem":"Wolf 865", "StarPos":[-50.469,-9.063,34.656], "SystemAllegiance":"Federation", "SystemEconomy":"$economy_Industrial;", "SystemEconomy_Localised":"Industrial", "SystemGovernment":"$government_Corporate;", "SystemGovernment_Localised":"Corporate", "SystemSecurity":"$SYSTEM_SECURITY_high;", "SystemSecurity_Localised":"High Security", "JumpDist":22.728, "FuelUsed":3.947286, "FuelLevel":21.312838, "SystemFaction":"Wolf 865 Group" }
{ "timestamp":"2016-12-18T22:33:34Z", "event":"FSDJump", "StarSystem":"LP 339-7", "StarPos":[-70.063,-8.281,27.906], "SystemAllegiance":"Federation", "SystemEconomy":"$economy_Agri;", "SystemEconomy_Localised":"Agriculture", "SystemGovernment":"$government_Corporate;", "SystemGovernment_Localised":"Corporate", "SystemSecurity":"$SYSTEM_SECURITY_high;", "SystemSecurity_Localised":"High Security", "JumpDist":20.739, "FuelUsed":3.092072, "FuelLevel":18.220764, "SystemFaction":"Starship Enterprises", "FactionState":"Boom" }
{ "timestamp":"2016-12-18T22:35:32Z", "event":"SupercruiseExit", "StarSystem":"LP 339-7", "Body":"Whitson Orbital", "BodyType":"Station" }
{ "timestamp":"2016-12-18T22:35:33Z", "event":"ReceiveText", "From":"Whitson Orbital", "Message":"$STATION_NoFireZone_entered;", "Message_Localised":"No fire zone entered.", "Channel":"npc" }
{ "timestamp":"2016-12-18T22:35:43Z", "event":"DockingRequested", "StationName":"Whitson Orbital" }
{ "timestamp":"2016-12-18T22:35:43Z", "event":"ReceiveText", "From":"Whitson Orbital", "Message":"$DockingChatter_Friendly;", "Message_Localised":"It's great to see you again, Commander.", "Channel":"npc" }
{ "timestamp":"2016-12-18T22:35:44Z", "event":"ReceiveText", "From":"Whitson Orbital", "Message":"$STATION_docking_granted;", "Message_Localised":"Docking request granted.", "Channel":"npc" }
{ "timestamp":"2016-12-18T22:35:44Z", "event":"DockingGranted", "LandingPad":22, "StationName":"Whitson Orbital" }
{ "timestamp":"2016-12-18T22:36:38Z", "event":"Docked", "StationName":"Whitson Orbital", "StationType":"Orbis", "StarSystem":"LP 339-7", "StationFaction":"Starship Enterprises", "FactionState":"Boom", "StationGovernment":"$government_Corporate;", "StationGovernment_Localised":"Corporate", "StationAllegiance":"Federation", "StationEconomy":"$economy_Agri;", "StationEconomy_Localised":"Agriculture" }
{ "timestamp":"2016-12-18T22:37:03Z", "event":"MissionCompleted", "Faction":"Starship Enterprises", "Name":"Mission_Sightseeing_CEO_BOOM_name", "MissionID":60470682, "Commodity":"$CombatStabilisers_Name;", "Commodity_Localised":"Combat Stabilisers", "Count":1, "Reward":750412, "CommodityReward":[ { "Name": "ArticulationMotors", "Count": 4 } ] }
{ "timestamp":"2016-12-18T22:38:22Z", "event":"RefuelAll", "Cost":704, "Amount":14.064430 }
{ "timestamp":"2016-12-18T22:38:33Z", "event":"SellExplorationData", "Systems":[ "Wolf 866" ], "Discovered":[  ], "BaseValue":407, "Bonus":0 }
