{ "timestamp":"2017-05-11T19:34:30Z", "event":"Fileheader", "part":1, "language":"English\\UK", "gameversion":"2.3.02", "build":"r143095/r0 " }
{ "timestamp":"2017-05-11T19:35:31Z", "event":"Cargo", "Inventory":[  ] }
{ "timestamp":"2017-05-11T19:35:31Z", "event":"Loadout", "Ship":"Python", "ShipID":16, "ShipName":"", "ShipIdent":"", "Modules":[ { "Slot":"LargeHardpoint1", "Item":"Hpt_MultiCannon_Gimbal_Large", "On":true, "Priority":0, "AmmoInClip":74, "AmmoInHopper":2100, "Health":1.000000, "Value":491671, "EngineerBlueprint":"Weapon_Overcharged", "EngineerLevel":4 }, { "Slot":"LargeHardpoint2", "Item":"Hpt_MultiCannon_Gimbal_Large", "On":true, "Priority":0, "AmmoInClip":75, "AmmoInHopper":2100, "Health":1.000000, "Value":491671, "EngineerBlueprint":"Weapon_Overcharged", "EngineerLevel":4 }, { "Slot":"LargeHardpoint3", "Item":"Hpt_BeamLaser_Gimbal_Large", "On":true, "Priority":0, "Health":1.000000, "Value":2036736, "EngineerBlueprint":"Weapon_Efficient", "EngineerLevel":5 }, { "Slot":"MediumHardpoint1", "Item":"Hpt_BeamLaser_Gimbal_Medium", "On":true, "Priority":0, "Health":1.000000, "Value":500600, "EngineerBlueprint":"Weapon_Efficient", "EngineerLevel":5 }, { "Slot":"MediumHardpoint2", "Item":"Hpt_BeamLaser_Gimbal_Medium", "On":true, "Priority":0, "Health":1.000000, "Value":500600, "EngineerBlueprint":"Weapon_Efficient", "EngineerLevel":5 }, { "Slot":"TinyHardpoint1", "Item":"Hpt_ChaffLauncher_Tiny", "On":true, "Priority":0, "AmmoInClip":1, "AmmoInHopper":10, "Health":1.000000, "Value":7225 }, { "Slot":"TinyHardpoint2", "Item":"Hpt_HeatSinkLauncher_Turret_Tiny", "On":true, "Priority":0, "AmmoInClip":1, "AmmoInHopper":2, "Health":1.000000, "Value":2975 }, { "Slot":"TinyHardpoint3", "Item":"Hpt_ShieldBooster_Size0_Class5", "On":true, "Priority":0, "Health":1.000000, "Value":281000 }, { "Slot":"TinyHardpoint4", "Item":"Hpt_ShieldBooster_Size0_Class5", "On":true, "Priority":0, "Health":1.000000, "Value":238850 }, { "Slot":"PaintJob", "Item":"PaintJob_Python_BlackFriday_01", "On":true, "Priority":1, "Health":1.000000, "Value":0 }, { "Slot":"Armour", "Item":"Python_Armour_Grade1", "On":true, "Priority":1, "Health":1.000000, "Value":0 }, { "Slot":"PowerPlant", "Item":"Int_Powerplant_Size6_Class4", "On":true, "Priority":1, "Health":1.000000, "Value":5393177, "EngineerBlueprint":"PowerPlant_Boosted", "EngineerLevel":1 }, { "Slot":"MainEngines", "Item":"Int_Engine_Size6_Class5", "On":true, "Priority":0, "Health":1.000000, "Value":13752602, "EngineerBlueprint":"Engine_Dirty", "EngineerLevel":3 }, { "Slot":"FrameShiftDrive", "Item":"Int_Hyperdrive_Size5_Class5", "On":true, "Priority":0, "Health":1.000000, "Value":4338361, "EngineerBlueprint":"FSD_LongRange", "EngineerLevel":5 }, { "Slot":"LifeSupport", "Item":"Int_LifeSupport_Size4_Class2", "On":true, "Priority":0, "Health":1.000000, "Value":28373 }, { "Slot":"PowerDistributor", "Item":"Int_PowerDistributor_Size7_Class4", "On":true, "Priority":0, "Health":1.000000, "Value":3892770, "EngineerBlueprint":"PowerDistributor_HighCapacity", "EngineerLevel":1 }, { "Slot":"Radar", "Item":"Int_Sensors_Size6_Class2", "On":true, "Priority":0, "Health":1.000000, "Value":189078, "EngineerBlueprint":"Sensor_Sensor_LightWeight", "EngineerLevel":2 }, { "Slot":"FuelTank", "Item":"Int_FuelTank_Size5_Class3", "On":true, "Priority":1, "Health":1.000000, "Value":83090 }, { "Slot":"Slot01_Size6", "Item":"Int_CargoRack_Size6_Class1", "On":true, "Priority":1, "Health":1.000000, "Value":362591 }, { "Slot":"Slot02_Size6", "Item":"Int_PassengerCabin_Size6_Class1", "On":true, "Priority":1, "AmmoInClip":32, "Health":1.000000, "Value":61410 }, { "Slot":"Slot03_Size6", "Item":"Int_ShieldGenerator_Size6_Class4", "On":true, "Priority":0, "Health":1.000000, "Value":5393177 }, { "Slot":"Slot04_Size5", "Item":"Int_FSDInterdictor_Size4_Class3", "On":true, "Priority":0, "Health":1.000000, "Value":2370816 }, { "Slot":"Slot05_Size5", "Item":"Int_FuelScoop_Size5_Class4", "On":true, "Priority":2, "Health":1.000000, "Value":2268424 }, { "Slot":"Slot06_Size4", "Item":"Int_CargoRack_Size4_Class1", "On":true, "Priority":1, "Health":1.000000, "Value":34328 }, { "Slot":"Slot08_Size3", "Item":"Int_BuggyBay_Size2_Class2", "On":true, "Priority":0, "Health":1.000000, "Value":21600 }, { "Slot":"Slot09_Size2", "Item":"Int_StellarBodyDiscoveryScanner_Advanced", "On":true, "Priority":1, "Health":1.000000, "Value":1313250 }, { "Slot":"PlanetaryApproachSuite", "Item":"Int_PlanetApproachSuite", "On":true, "Priority":1, "Health":1.000000, "Value":425 }, { "Slot":"ShipCockpit", "Item":"Python_Cockpit", "On":true, "Priority":1, "Health":1.000000, "Value":0 }, { "Slot":"CargoHatch", "Item":"ModularCargoBayDoor", "On":false, "Priority":2, "Health":1.000000, "Value":0 } ] }
{ "timestamp":"2017-05-11T19:35:31Z", "event":"Materials", "Raw":[ { "Name":"chromium", "Count":31 }, { "Name":"iron", "Count":62 }, { "Name":"carbon", "Count":11 }, { "Name":"nickel", "Count":20 }, { "Name":"zinc", "Count":15 }, { "Name":"cadmium", "Count":8 }, { "Name":"phosphorus", "Count":19 }, { "Name":"germanium", "Count":14 }, { "Name":"manganese", "Count":20 }, { "Name":"yttrium", "Count":3 }, { "Name":"molybdenum", "Count":6 }, { "Name":"polonium", "Count":3 }, { "Name":"niobium", "Count":27 }, { "Name":"zirconium", "Count":9 }, { "Name":"sulphur", "Count":2 }, { "Name":"selenium", "Count":2 } ], "Manufactured":[ { "Name":"chemicalprocessors", "Count":11 }, { "Name":"salvagedalloys", "Count":14 }, { "Name":"shieldemitters", "Count":3 }, { "Name":"compoundshielding", "Count":24 }, { "Name":"refinedfocuscrystals", "Count":47 }, { "Name":"shieldingsensors", "Count":8 }, { "Name":"focuscrystals", "Count":9 }, { "Name":"fedproprietarycomposites", "Count":6 }, { "Name":"protolightalloys", "Count":13 }, { "Name":"galvanisingalloys", "Count":11 }, { "Name":"precipitatedalloys", "Count":9 }, { "Name":"heatconductionwiring", "Count":9 }, { "Name":"phasealloys", "Count":1 }, { "Name":"wornshieldemitters", "Count":15 }, { "Name":"configurablecomponents", "Count":12 }, { "Name":"conductivepolymers", "Count":21 }, { "Name":"chemicalmanipulators", "Count":4 }, { "Name":"fedcorecomposites", "Count":2 }, { "Name":"biotechconductors", "Count":2 }, { "Name":"protoheatradiators", "Count":1 }, { "Name":"crystalshards", "Count":3 }, { "Name":"heatresistantceramics", "Count":1 }, { "Name":"protoradiolicalloys", "Count":4 }, { "Name":"gridresistors", "Count":3 }, { "Name":"basicconductors", "Count":1 }, { "Name":"exquisitefocuscrystals", "Count":1 }, { "Name":"mechanicalscrap", "Count":1 }, { "Name":"heatdispersionplate", "Count":6 }, { "Name":"mechanicalcomponents", "Count":3 }, { "Name":"polymercapacitors", "Count":3 }, { "Name":"heatexchangers", "Count":3 }, { "Name":"conductivecomponents", "Count":6 }, { "Name":"heatvanes", "Count":3 } ], "Encoded":[ { "Name":"emissiondata", "Count":30 }, { "Name":"shieldsoakanalysis", "Count":58 }, { "Name":"shieldcyclerecordings", "Count":61 }, { "Name":"decodedemissiondata", "Count":68 }, { "Name":"classifiedscandata", "Count":3 }, { "Name":"encodedscandata", "Count":2 }, { "Name":"shielddensityreports", "Count":42 }, { "Name":"scanarchives", "Count":17 }, { "Name":"securityfirmware", "Count":3 }, { "Name":"bulkscandata", "Count":39 }, { "Name":"shieldpatternanalysis", "Count":43 }, { "Name":"scandatabanks", "Count":15 }, { "Name":"fsdtelemetry", "Count":20 }, { "Name":"encryptedfiles", "Count":3 }, { "Name":"archivedemissiondata", "Count":2 }, { "Name":"scrambledemissiondata", "Count":4 }, { "Name":"wakesolutions", "Count":6 }, { "Name":"hyperspacetrajectories", "Count":16 }, { "Name":"industrialfirmware", "Count":1 }, { "Name":"shieldfrequencydata", "Count":3 }, { "Name":"compactemissionsdata", "Count":6 }, { "Name":"disruptedwakeechoes", "Count":36 }, { "Name":"dataminedwake", "Count":4 }, { "Name":"consumerfirmware", "Count":3 } ] }
{ "timestamp":"2017-05-11T19:35:31Z", "event":"LoadGame", "Commander":"Blantyre", "Ship":"Python", "ShipID":16, "ShipName":"", "ShipIdent":"", "FuelLevel":32.000000, "FuelCapacity":32.000000, "GameMode":"Group", "Group":"Blantyre", "Credits":19098655, "Loan":0 }
{ "timestamp":"2017-05-11T19:35:31Z", "event":"Rank", "Combat":4, "Trade":6, "Explore":6, "Empire":2, "Federation":7, "CQC":0 }
{ "timestamp":"2017-05-11T19:35:31Z", "event":"Progress", "Combat":60, "Trade":7, "Explore":68, "Empire":60, "Federation":18, "CQC":0 }
{ "timestamp":"2017-05-11T19:35:44Z", "event":"Location", "Docked":true, "StationName":"Serebrov Horizons", "StationType":"Coriolis", "StarSystem":"Zhang Fei", "StarPos":[120.594,3.969,-34.813], "SystemAllegiance":"Federation", "SystemEconomy":"$economy_Industrial;", "SystemEconomy_Localised":"Industrial", "SystemGovernment":"$government_Confederacy;", "SystemGovernment_Localised":"Confederacy", "SystemSecurity":"$SYSTEM_SECURITY_low;", "SystemSecurity_Localised":"Low Security", "Body":"Serebrov Horizons", "BodyType":"Station", "Factions":[ { "Name":"HIP 42214 Partnership", "FactionState":"None", "Government":"Confederacy", "Influence":0.089000, "Allegiance":"Federation" }, { "Name":"Smei Ti Group", "FactionState":"None", "Government":"Corporate", "Influence":0.115000, "Allegiance":"Federation" }, { "Name":"Confederation of Zhang Fei", "FactionState":"None", "Government":"Confederacy", "Influence":0.278000, "Allegiance":"Federation" }, { "Name":"Windri & Co", "FactionState":"None", "Government":"Corporate", "Influence":0.194000, "Allegiance":"Federation" }, { "Name":"Zhang Fei Corp.", "FactionState":"Boom", "Government":"Corporate", "Influence":0.180000, "Allegiance":"Independent" }, { "Name":"Zhang Fei Order", "FactionState":"CivilWar", "Government":"Dictatorship", "Influence":0.068000, "Allegiance":"Independent" }, { "Name":"Zhang Fei & Co", "FactionState":"CivilWar", "Government":"Corporate", "Influence":0.076000, "Allegiance":"Independent" } ], "SystemFaction":"Confederation of Zhang Fei" }
{ "timestamp":"2017-05-11T19:35:44Z", "event":"Docked", "StationName":"Serebrov Horizons", "StationType":"Coriolis", "StarSystem":"Zhang Fei", "StationFaction":"Confederation of Zhang Fei", "StationGovernment":"$government_Confederacy;", "StationGovernment_Localised":"Confederacy", "StationAllegiance":"Federation", "StationEconomy":"$economy_Industrial;", "StationEconomy_Localised":"Industrial", "DistFromStarLS":744.451660 }
{ "timestamp":"2017-05-11T19:39:40Z", "event":"CommunityGoalJoin", "Name":"The Canonn Fires Back", "System":"LTT 377" }
{ "timestamp":"2017-05-11T19:39:45Z", "event":"CommunityGoalJoin", "Name":"Canonn Launches Campaign", "System":"LTT 377" }
{ "timestamp":"2017-05-11T19:41:35Z", "event":"Undocked", "StationName":"Serebrov Horizons", "StationType":"Coriolis" }
{ "timestamp":"2017-05-11T19:42:11Z", "event":"ReceiveText", "From":"Serebrov Horizons", "Message":"$STATION_NoFireZone_exited;", "Message_Localised":"No fire zone left.", "Channel":"npc" }
{ "timestamp":"2017-05-11T19:42:41Z", "event":"StartJump", "JumpType":"Hyperspace", "StarSystem":"Cichol", "StarClass":"K" }
{ "timestamp":"2017-05-11T19:43:00Z", "event":"FSDJump", "StarSystem":"Cichol", "StarPos":[102.250,-8.844,-30.969], "SystemAllegiance":"", "SystemEconomy":"$economy_None;", "SystemEconomy_Localised":"None", "SystemGovernment":"$government_None;", "SystemGovernment_Localised":"None", "SystemSecurity":"$SYSTEM_SECURITY_low;", "SystemSecurity_Localised":"Low Security", "JumpDist":22.703, "FuelUsed":4.951061, "FuelLevel":27.048939 }
{ "timestamp":"2017-05-11T19:43:19Z", "event":"FuelScoop", "Scooped":4.951055, "Total":32.000000 }
{ "timestamp":"2017-05-11T19:43:43Z", "event":"StartJump", "JumpType":"Hyperspace", "StarSystem":"Puppis Sector OX-U b2-7", "StarClass":"L" }
{ "timestamp":"2017-05-11T19:44:01Z", "event":"FSDJump", "StarSystem":"Puppis Sector OX-U b2-7", "StarPos":[86.156,-22.875,-24.563], "SystemAllegiance":"", "SystemEconomy":"$economy_None;", "SystemEconomy_Localised":"None", "SystemGovernment":"$government_None;", "SystemGovernment_Localised":"None", "SystemSecurity":"$SYSTEM_SECURITY_low;", "SystemSecurity_Localised":"Low Security", "JumpDist":22.292, "FuelUsed":4.734153, "FuelLevel":27.265846 }
{ "timestamp":"2017-05-11T19:44:40Z", "event":"StartJump", "JumpType":"Hyperspace", "StarSystem":"Puppis Sector CQ-P a5-0", "StarClass":"TTS" }
{ "timestamp":"2017-05-11T19:44:58Z", "event":"FSDJump", "StarSystem":"Puppis Sector CQ-P a5-0", "StarPos":[67.156,-34.938,-22.219], "SystemAllegiance":"", "SystemEconomy":"$economy_None;", "SystemEconomy_Localised":"None", "SystemGovernment":"$government_None;", "SystemGovernment_Localised":"None", "SystemSecurity":"$SYSTEM_SECURITY_low;", "SystemSecurity_Localised":"Low Security", "JumpDist":22.627, "FuelUsed":4.838546, "FuelLevel":22.427299 }
{ "timestamp":"2017-05-11T19:45:37Z", "event":"StartJump", "JumpType":"Hyperspace", "StarSystem":"LFT 374", "StarClass":"K" }
{ "timestamp":"2017-05-11T19:45:55Z", "event":"FSDJump", "StarSystem":"LFT 374", "StarPos":[50.625,-43.906,-11.844], "SystemAllegiance":"Independent", "SystemEconomy":"$economy_Industrial;", "SystemEconomy_Localised":"Industrial", "SystemGovernment":"$government_Anarchy;", "SystemGovernment_Localised":"Anarchy", "SystemSecurity":"$GALAXY_MAP_INFO_state_lawless;", "SystemSecurity_Localised":"Lawless", "JumpDist":21.479, "FuelUsed":4.194693, "FuelLevel":18.232607, "Factions":[ { "Name":"Liberty Party of LFT 374", "FactionState":"CivilWar", "Government":"Dictatorship", "Influence":0.038000, "Allegiance":"Independent" }, { "Name":"LFT 374 Corp.", "FactionState":"None", "Government":"Corporate", "Influence":0.255000, "Allegiance":"Federation" }, { "Name":"Duwaredari Citizens' Forum", "FactionState":"Boom", "Government":"Patronage", "Influence":0.088000, "Allegiance":"Empire" }, { "Name":"LFT 374 Constitution Party", "FactionState":"CivilWar", "Government":"Dictatorship", "Influence":0.104000, "Allegiance":"Empire" }, { "Name":"Mob of LFT 374", "FactionState":"CivilWar", "Government":"Anarchy", "Influence":0.085000, "Allegiance":"Independent" }, { "Name":"LFT 374 Partners", "FactionState":"CivilWar", "Government":"Corporate", "Influence":0.092000, "Allegiance":"Federation" }, { "Name":"Aurora", "FactionState":"None", "Government":"Corporate", "Influence":0.338000, "Allegiance":"Independent" } ], "SystemFaction":"Aurora" }
{ "timestamp":"2017-05-11T19:46:13Z", "event":"FuelScoop", "Scooped":1.762392, "Total":19.994995 }
{ "timestamp":"2017-05-11T19:46:32Z", "event":"CommunityGoalDiscard", "Name":"Alliance Outpost Campaign", "System":"California Sector BV-Y c7" }
{ "timestamp":"2017-05-11T19:48:24Z", "event":"StartJump", "JumpType":"Hyperspace", "StarSystem":"Hyades Sector PL-H a25-1", "StarClass":"T" }
{ "timestamp":"2017-05-11T19:48:42Z", "event":"FSDJump", "StarSystem":"Hyades Sector PL-H a25-1", "StarPos":[29.406,-43.906,-6.406], "SystemAllegiance":"", "SystemEconomy":"$economy_None;", "SystemEconomy_Localised":"None", "SystemGovernment":"$government_None;", "SystemGovernment_Localised":"None", "SystemSecurity":"$SYSTEM_SECURITY_low;", "SystemSecurity_Localised":"Low Security", "JumpDist":21.904, "FuelUsed":4.367216, "FuelLevel":15.627779 }
{ "timestamp":"2017-05-11T19:49:14Z", "event":"StartJump", "JumpType":"Hyperspace", "StarSystem":"Alectrona", "StarClass":"M" }
{ "timestamp":"2017-05-11T19:49:33Z", "event":"FSDJump", "StarSystem":"Alectrona", "StarPos":[14.531,-52.469,2.563], "SystemAllegiance":"Empire", "SystemEconomy":"$economy_Industrial;", "SystemEconomy_Localised":"Industrial", "SystemGovernment":"$government_Patronage;", "SystemGovernment_Localised":"Patronage", "SystemSecurity":"$SYSTEM_SECURITY_high;", "SystemSecurity_Localised":"High Security", "JumpDist":19.365, "FuelUsed":3.184963, "FuelLevel":12.442816, "Factions":[ { "Name":"Union of Chup Kamui Green Party", "FactionState":"None", "Government":"Democracy", "Influence":0.025000, "Allegiance":"Federation" }, { "Name":"Social Alectrona Free", "FactionState":"None", "Government":"Democracy", "Influence":0.074000, "Allegiance":"Independent" }, { "Name":"Alectrona Imperial Society", "FactionState":"Boom", "Government":"Patronage", "Influence":0.618000, "Allegiance":"Empire" }, { "Name":"Alectrona Company", "FactionState":"None", "Government":"Corporate", "Influence":0.062000, "Allegiance":"Federation" }, { "Name":"Wakaparibe Universal Limited", "FactionState":"None", "Government":"Corporate", "Influence":0.081000, "Allegiance":"Federation" }, { "Name":"Alectrona Nationalists", "FactionState":"None", "Government":"Dictatorship", "Influence":0.052000, "Allegiance":"Independent" }, { "Name":"Viracocha Services", "FactionState":"None", "Government":"Corporate", "Influence":0.088000, "Allegiance":"Federation" } ], "SystemFaction":"Alectrona Imperial Society", "FactionState":"Boom" }
{ "timestamp":"2017-05-11T19:49:54Z", "event":"FuelScoop", "Scooped":5.005839, "Total":17.448671 }
{ "timestamp":"2017-05-11T19:50:04Z", "event":"FuelScoop", "Scooped":2.297880, "Total":19.746546 }
{ "timestamp":"2017-05-11T19:50:24Z", "event":"StartJump", "JumpType":"Hyperspace", "StarSystem":"LTT 377", "StarClass":"K" }
{ "timestamp":"2017-05-11T19:50:43Z", "event":"FSDJump", "StarSystem":"LTT 377", "StarPos":[4.844,-63.313,5.219], "SystemAllegiance":"Independent", "SystemEconomy":"$economy_HighTech;", "SystemEconomy_Localised":"High Tech", "SystemGovernment":"$government_Corporate;", "SystemGovernment_Localised":"Corporate", "SystemSecurity":"$SYSTEM_SECURITY_medium;", "SystemSecurity_Localised":"Medium Security", "JumpDist":14.781, "FuelUsed":1.664804, "FuelLevel":18.081741, "Factions":[ { "Name":"LTT 198 Order", "FactionState":"None", "Government":"Theocracy", "Influence":0.090909, "Allegiance":"Independent" }, { "Name":"LTT 377 Allied Co", "FactionState":"None", "Government":"Corporate", "Influence":0.418581, "Allegiance":"Independent" }, { "Name":"League of Horae", "FactionState":"Boom", "Government":"Confederacy", "Influence":0.121878, "Allegiance":"Federation" }, { "Name":"LTT 377 Citizens of Tradition", "FactionState":"Famine", "Government":"Patronage", "Influence":0.117882, "Allegiance":"Empire" }, { "Name":"Revolutionary LTT 377 Values Party", "FactionState":"None", "Government":"Democracy", "Influence":0.143856, "Allegiance":"Federation" }, { "Name":"LTT 377 Purple General Corp.", "FactionState":"Boom", "Government":"Corporate", "Influence":0.010989, "Allegiance":"Independent" }, { "Name":"Family of LTT 377", "FactionState":"Boom", "Government":"Anarchy", "Influence":0.095904, "Allegiance":"Independent" } ], "SystemFaction":"LTT 377 Allied Co" }
{ "timestamp":"2017-05-11T19:51:41Z", "event":"SupercruiseExit", "StarSystem":"LTT 377", "Body":"LTT 377", "BodyType":"Star" }
{ "timestamp":"2017-05-11T19:52:05Z", "event":"MaterialCollected", "Category":"Encoded", "Name":"bulkscandata", "Count":3 }
{ "timestamp":"2017-05-11T19:52:11Z", "event":"Scanned", "ScanType":"Crime" }
{ "timestamp":"2017-05-11T19:52:11Z", "event":"ReceiveText", "From":"$npc_name_decorate:#name=Josch;", "From_Localised":"Josch", "Message":"$Police_ThankYouPassedStopAndSearch06;", "Message_Localised":"We're done here pilot, move along.", "Channel":"npc" }
{ "timestamp":"2017-05-11T19:52:23Z", "event":"Scanned", "ScanType":"Crime" }
{ "timestamp":"2017-05-11T19:52:24Z", "event":"ReceiveText", "From":"$npc_name_decorate:#name=Bray Burns;", "From_Localised":"Bray Burns", "Message":"$BountyHunter_ThankYouPassedStopAndSearch05;", "Message_Localised":"Keep your nose clean, Commander. Now proceed with your journey.", "Channel":"npc" }
{ "timestamp":"2017-05-11T19:52:43Z", "event":"Scanned", "ScanType":"Cargo" }
{ "timestamp":"2017-05-11T19:52:43Z", "event":"ReceiveText", "From":"$npc_name_decorate:#name=Torval's Shield;", "From_Localised":"Torval's Shield", "Message":"$Generic_NoAttackGeneric04;", "Message_Localised":"Damn! You're useless to me! They said this sector was rich pickings, what gives?", "Channel":"npc" }
{ "timestamp":"2017-05-11T19:52:51Z", "event":"Scanned", "ScanType":"Cargo" }
{ "timestamp":"2017-05-11T19:52:51Z", "event":"ReceiveText", "From":"$npc_name_decorate:#name=Torval's Shield;", "From_Localised":"Torval's Shield", "Message":"$Generic_NoAttackGeneric05;", "Message_Localised":"Another ship, another useless spacer. Get out of my way!", "Channel":"npc" }
{ "timestamp":"2017-05-11T19:53:33Z", "event":"StartJump", "JumpType":"Supercruise" }
{ "timestamp":"2017-05-11T19:53:38Z", "event":"SupercruiseEntry", "StarSystem":"LTT 377" }
{ "timestamp":"2017-05-11T19:56:22Z", "event":"ReceiveText", "From":"$npc_name_decorate:#name=Brent 'bos' Sinclair;", "From_Localised":"Brent 'bos' Sinclair", "Message":"$Pirate_StartInterdiction01;", "Message_Localised":"You're mine now, Commander. ", "Channel":"npc" }
{ "timestamp":"2017-05-11T19:56:28Z", "event":"Interdicted", "Submitted":true, "Interdictor":"Brent 'bos' Sinclair", "IsPlayer":false, "Faction":"Family of LTT 377" }
{ "timestamp":"2017-05-11T19:56:28Z", "event":"SupercruiseExit", "StarSystem":"LTT 377", "Body":"LTT 377 1", "BodyType":"Planet" }
{ "timestamp":"2017-05-11T19:56:32Z", "event":"ReceiveText", "From":"$npc_name_decorate:#name=Brent 'bos' Sinclair;", "From_Localised":"Brent 'bos' Sinclair", "Message":"$Pirate_OnStartScanCargo09;", "Message_Localised":"The scan will soon be over.", "Channel":"npc" }
{ "timestamp":"2017-05-11T19:56:40Z", "event":"ReceiveText", "From":"$npc_name_decorate:#name=Brent 'bos' Sinclair;", "From_Localised":"Brent 'bos' Sinclair", "Message":"$Pirate_OnDeclarePiracyAttack02;", "Message_Localised":"You choose death then. Very well.", "Channel":"npc" }
{ "timestamp":"2017-05-11T19:57:04Z", "event":"ReceiveText", "From":"$npc_name_decorate:#name=Brent 'bos' Sinclair;", "From_Localised":"Brent 'bos' Sinclair", "Message":"$BadKarmaCriticalDamage01;", "Message_Localised":"How is this happening?!", "Channel":"npc" }
{ "timestamp":"2017-05-11T19:57:11Z", "event":"Bounty", "Rewards":[ { "Faction":"LTT 377 Allied Co", "Reward":7955 } ], "Target":"empire_eagle", "TotalReward":7955, "VictimFaction":"Family of LTT 377" }
{ "timestamp":"2017-05-11T19:57:19Z", "event":"ReceiveText", "From":"$npc_name_decorate:#name=Erik Petersen;", "From_Localised":"Erik Petersen", "Message":"$Escort_NearDeath06;", "Message_Localised":"I can't hold on any longer.", "Channel":"npc" }
{ "timestamp":"2017-05-11T19:57:21Z", "event":"Bounty", "Rewards":[ { "Faction":"LTT 377 Allied Co", "Reward":6087 } ], "Target":"eagle", "TotalReward":6087, "VictimFaction":"Family of LTT 377" }
{ "timestamp":"2017-05-11T19:58:06Z", "event":"ReceiveText", "From":"$npc_name_decorate:#name=Stoppel;", "From_Localised":"Stoppel", "Message":"$BadKarmaCriticalDamage04;", "Message_Localised":"I don't believe it!", "Channel":"npc" }
{ "timestamp":"2017-05-11T19:58:12Z", "event":"Bounty", "Rewards":[ { "Faction":"LTT 377 Allied Co", "Reward":7655 } ], "Target":"eagle", "TotalReward":7655, "VictimFaction":"Family of LTT 377" }
{ "timestamp":"2017-05-11T19:58:26Z", "event":"StartJump", "JumpType":"Supercruise" }
{ "timestamp":"2017-05-11T19:58:31Z", "event":"SupercruiseEntry", "StarSystem":"LTT 377" }
{ "timestamp":"2017-05-11T19:59:09Z", "event":"SupercruiseExit", "StarSystem":"LTT 377", "Body":"Zoline Port", "BodyType":"Station" }
{ "timestamp":"2017-05-11T19:59:18Z", "event":"DockingRequested", "StationName":"Zoline Port" }
{ "timestamp":"2017-05-11T19:59:18Z", "event":"ReceiveText", "From":"Zoline Port", "Message":"$DockingChatter_Neutral;", "Message_Localised":"Ensure to observe starport protocol during your visit, pilot.", "Channel":"npc" }
{ "timestamp":"2017-05-11T19:59:20Z", "event":"ReceiveText", "From":"Zoline Port", "Message":"$STATION_docking_granted;", "Message_Localised":"Docking request granted.", "Channel":"npc" }
{ "timestamp":"2017-05-11T19:59:20Z", "event":"DockingGranted", "LandingPad":38, "StationName":"Zoline Port" }
{ "timestamp":"2017-05-11T19:59:29Z", "event":"ReceiveText", "From":"Zoline Port", "Message":"$STATION_NoFireZone_entered;", "Message_Localised":"No fire zone entered.", "Channel":"npc" }
{ "timestamp":"2017-05-11T20:00:04Z", "event":"Docked", "StationName":"Zoline Port", "StationType":"Coriolis", "StarSystem":"LTT 377", "StationFaction":"LTT 377 Allied Co", "StationGovernment":"$government_Corporate;", "StationGovernment_Localised":"Corporate", "StationEconomy":"$economy_HighTech;", "StationEconomy_Localised":"High Tech", "DistFromStarLS":642.610352 }
{ "timestamp":"2017-05-11T20:01:06Z", "event":"RefuelAll", "Cost":725, "Amount":14.487966 }
{ "timestamp":"2017-05-11T20:01:07Z", "event":"BuyAmmo", "Cost":769 }
{ "timestamp":"2017-05-11T20:01:18Z", "event":"RedeemVoucher", "Type":"bounty", "Amount":21697, "Factions":[ { "Faction":"LTT 377 Allied Co", "Amount":21697 } ] }
{ "timestamp":"2017-05-11T20:03:55Z", "event":"ShipyardTransfer", "ShipType":"FerDeLance", "ShipID":21, "System":"BD+27 1739", "Distance":117.090767, "TransferPrice":558273 }
{ "timestamp":"2017-05-11T20:09:12Z", "event":"SellExplorationData", "Systems":[ "Cichol", "Col 285 Sector OS-T d3-121", "Puppis Sector CQ-P a5-0", "Puppis Sector OX-U b2-7", "Hyades Sector PL-H a25-1" ], "Discovered":[  ], "BaseValue":25347, "Bonus":0 }
{ "timestamp":"2017-05-11T20:09:42Z", "event":"Undocked", "StationName":"Zoline Port", "StationType":"Coriolis" }
{ "timestamp":"2017-05-11T20:10:11Z", "event":"ReceiveText", "From":"Zoline Port", "Message":"$STATION_NoFireZone_exited;", "Message_Localised":"No fire zone left.", "Channel":"npc" }
{ "timestamp":"2017-05-11T20:10:36Z", "event":"StartJump", "JumpType":"Supercruise" }
{ "timestamp":"2017-05-11T20:10:41Z", "event":"SupercruiseEntry", "StarSystem":"LTT 377" }
{ "timestamp":"2017-05-11T20:11:43Z", "event":"SupercruiseExit", "StarSystem":"LTT 377", "Body":"LTT 377 1 B Ring", "BodyType":"PlanetaryRing" }
{ "timestamp":"2017-05-11T20:12:00Z", "event":"ReceiveText", "From":"$npc_name_decorate:#name=Blackbeard;", "From_Localised":"Blackbeard", "Message":"$Pirate_OnDeclarePiracyAttack02;", "Message_Localised":"You choose death then. Very well.", "Channel":"npc" }
{ "timestamp":"2017-05-11T20:12:25Z", "event":"ReceiveText", "From":"$npc_name_decorate:#name=Garth Darwin;", "From_Localised":"Garth Darwin", "Message":"$Pirate_OnStartScanCargo11;", "Message_Localised":"I hope you have something good in your hold.", "Channel":"npc" }
{ "timestamp":"2017-05-11T20:12:30Z", "event":"Bounty", "Rewards":[ { "Faction":"LTT 377 Allied Co", "Reward":16925 } ], "Target":"eagle", "TotalReward":16925, "VictimFaction":"Family of LTT 377" }
{ "timestamp":"2017-05-11T20:12:35Z", "event":"ReceiveText", "From":"$npc_name_decorate:#name=Garth Darwin;", "From_Localised":"Garth Darwin", "Message":"$Pirate_OnNoCargoFound04;", "Message_Localised":"Another dud? Damn it all!", "Channel":"npc" }
{ "timestamp":"2017-05-11T20:12:35Z", "event":"Scanned", "ScanType":"Cargo" }
{ "timestamp":"2017-05-11T20:12:37Z", "event":"ReceiveText", "From":"$npc_name_decorate:#name=Flatfingers;", "From_Localised":"Flatfingers", "Message":"$Pirate_OnStartScanCargo01;", "Message_Localised":"I see all!", "Channel":"npc" }
{ "timestamp":"2017-05-11T20:12:47Z", "event":"ReceiveText", "From":"$npc_name_decorate:#name=Flatfingers;", "From_Localised":"Flatfingers", "Message":"$Pirate_OnNoCargoFound08;", "Message_Localised":"A wasted effort. There's no cargo here.", "Channel":"npc" }
{ "timestamp":"2017-05-11T20:12:47Z", "event":"Scanned", "ScanType":"Cargo" }
{ "timestamp":"2017-05-11T20:12:53Z", "event":"Scanned", "ScanType":"Cargo" }
{ "timestamp":"2017-05-11T20:12:53Z", "event":"ReceiveText", "From":"$npc_name_decorate:#name=Torval's Shield;", "From_Localised":"Torval's Shield", "Message":"$Generic_NoAttackGeneric03;", "Message_Localised":"Another ship that's not worth my time, this is turning into a bad day.", "Channel":"npc" }
{ "timestamp":"2017-05-11T20:13:07Z", "event":"Scanned", "ScanType":"Cargo" }
{ "timestamp":"2017-05-11T20:13:07Z", "event":"ReceiveText", "From":"$npc_name_decorate:#name=Torval's Shield;", "From_Localised":"Torval's Shield", "Message":"$Generic_NoAttackGeneric03;", "Message_Localised":"Another ship that's not worth my time, this is turning into a bad day.", "Channel":"npc" }
{ "timestamp":"2017-05-11T20:13:09Z", "event":"ReceiveText", "From":"$npc_name_decorate:#name=Andrew Johnston;", "From_Localised":"Andrew Johnston", "Message":"$BadKarmaCriticalDamage06;", "Message_Localised":"I hadn't expected this.", "Channel":"npc" }
{ "timestamp":"2017-05-11T20:13:25Z", "event":"Bounty", "Rewards":[ { "Faction":"LTT 377 Allied Co", "Reward":30342 } ], "Target":"cobramkiii", "TotalReward":30342, "VictimFaction":"LTT 377 Purple General Corp." }
{ "timestamp":"2017-05-11T20:13:32Z", "event":"ReceiveText", "From":"$npc_name_decorate:#name=William Corry;", "From_Localised":"William Corry", "Message":"$Pirate_OnStartScanCargo10;", "Message_Localised":"Let me see what you have.", "Channel":"npc" }
{ "timestamp":"2017-05-11T20:13:42Z", "event":"ReceiveText", "From":"$npc_name_decorate:#name=William Corry;", "From_Localised":"William Corry", "Message":"$Pirate_OnNoCargoFound04;", "Message_Localised":"Another dud? Damn it all!", "Channel":"npc" }
{ "timestamp":"2017-05-11T20:13:42Z", "event":"Scanned", "ScanType":"Cargo" }
{ "timestamp":"2017-05-11T20:14:13Z", "event":"Bounty", "Rewards":[ { "Faction":"LTT 377 Allied Co", "Reward":37737 } ], "Target":"asp_scout", "TotalReward":37737, "VictimFaction":"Family of LTT 377" }
{ "timestamp":"2017-05-11T20:14:27Z", "event":"Bounty", "Rewards":[ { "Faction":"LTT 377 Allied Co", "Reward":6492 } ], "Target":"eagle", "TotalReward":6492, "VictimFaction":"Family of LTT 377" }
{ "timestamp":"2017-05-11T20:14:33Z", "event":"ReceiveText", "From":"$npc_name_decorate:#name=Ryan Bishop;", "From_Localised":"Ryan Bishop", "Message":"$BadKarmaCriticalDamage02;", "Message_Localised":"Impossible!", "Channel":"npc" }
{ "timestamp":"2017-05-11T20:14:42Z", "event":"Bounty", "Rewards":[ { "Faction":"LTT 377 Allied Co", "Reward":11935 } ], "Target":"eagle", "TotalReward":11935, "VictimFaction":"Family of LTT 377" }
{ "timestamp":"2017-05-11T20:14:57Z", "event":"Scanned", "ScanType":"Cargo" }
{ "timestamp":"2017-05-11T20:14:57Z", "event":"ReceiveText", "From":"$ShipName_Police_Independent;", "From_Localised":"System Authority Vessel", "Message":"$Police_ThankYouPassedStopAndSearch07;", "Message_Localised":"Your scan is clear. Carry on with your journey, Commander.", "Channel":"npc" }
{ "timestamp":"2017-05-11T20:15:27Z", "event":"ReceiveText", "From":"$npc_name_decorate:#name=SpawnSC;", "From_Localised":"SpawnSC", "Message":"$BadKarmaCriticalDamage05;", "Message_Localised":"No, no!", "Channel":"npc" }
{ "timestamp":"2017-05-11T20:15:47Z", "event":"Bounty", "Rewards":[ { "Faction":"LTT 377 Allied Co", "Reward":49955 } ], "Target":"asp_scout", "TotalReward":49955, "VictimFaction":"Family of LTT 377" }
{ "timestamp":"2017-05-11T20:15:57Z", "event":"MaterialCollected", "Category":"Encoded", "Name":"shieldpatternanalysis", "Count":3 }
{ "timestamp":"2017-05-11T20:15:59Z", "event":"ReceiveText", "From":"$npc_name_decorate:#name=Susej;", "From_Localised":"Susej", "Message":"$Pirate_OnStartScanCargo06;", "Message_Localised":"Let's see what you are carrying.", "Channel":"npc" }
{ "timestamp":"2017-05-11T20:16:08Z", "event":"ReceiveText", "From":"$npc_name_decorate:#name=Garth Darwin;", "From_Localised":"Garth Darwin", "Message":"$BadKarmaCriticalDamage07;", "Message_Localised":"Too much damage!", "Channel":"npc" }
{ "timestamp":"2017-05-11T20:16:09Z", "event":"ReceiveText", "From":"$npc_name_decorate:#name=Susej;", "From_Localised":"Susej", "Message":"$Pirate_OnNoCargoFound01;", "Message_Localised":"No cargo? Waste of time...", "Channel":"npc" }
{ "timestamp":"2017-05-11T20:16:09Z", "event":"Scanned", "ScanType":"Cargo" }
{ "timestamp":"2017-05-11T20:16:14Z", "event":"Bounty", "Rewards":[ { "Faction":"LTT 377 Allied Co", "Reward":41585 } ], "Target":"cobramkiii", "TotalReward":41585, "VictimFaction":"Family of LTT 377" }
{ "timestamp":"2017-05-11T20:16:34Z", "event":"MaterialCollected", "Category":"Encoded", "Name":"shieldpatternanalysis", "Count":3 }
{ "timestamp":"2017-05-11T20:16:37Z", "event":"ReceiveText", "From":"$npc_name_decorate:#name=Susej;", "From_Localised":"Susej", "Message":"$Pirate_OnDeclarePiracyAttack01;", "Message_Localised":"I'll pick your bones clean, greenhorn.", "Channel":"npc" }
{ "timestamp":"2017-05-11T20:17:19Z", "event":"ReceiveText", "From":"$npc_name_decorate:#name=Susej;", "From_Localised":"Susej", "Message":"$BadKarmaCriticalDamage06;", "Message_Localised":"I hadn't expected this.", "Channel":"npc" }
{ "timestamp":"2017-05-11T20:17:39Z", "event":"Bounty", "Rewards":[ { "Faction":"LTT 377 Allied Co", "Reward":21872 } ], "Target":"empire_courier", "TotalReward":21872, "VictimFaction":"Family of LTT 377" }
{ "timestamp":"2017-05-11T20:18:05Z", "event":"ReceiveText", "From":"$npc_name_decorate:#name=Flatfingers;", "From_Localised":"Flatfingers", "Message":"$BadKarmaCriticalDamage08;", "Message_Localised":"I've taken too many hits.", "Channel":"npc" }
{ "timestamp":"2017-05-11T20:18:07Z", "event":"Bounty", "Rewards":[ { "Faction":"LTT 377 Allied Co", "Reward":13200 } ], "Target":"eagle", "TotalReward":13200, "VictimFaction":"Family of LTT 377" }
{ "timestamp":"2017-05-11T20:18:40Z", "event":"ReceiveText", "From":"$npc_name_decorate:#name=Worley;", "From_Localised":"Worley", "Message":"$Pirate_OnDeclarePiracyAttack03;", "Message_Localised":"Now you die, victim.", "Channel":"npc" }
{ "timestamp":"2017-05-11T20:18:42Z", "event":"ReceiveText", "From":"$ShipName_Police_Independent;", "From_Localised":"System Authority Vessel", "Message":"$Police_ArrivedAtInvestigationLocation03;", "Message_Localised":"Crime scene cordon initialised, all ships must submit to police scan.", "Channel":"npc" }
{ "timestamp":"2017-05-11T20:18:45Z", "event":"ReceiveText", "From":"$ShipName_Police_Independent;", "From_Localised":"System Authority Vessel", "Message":"$Police_ArriveInvestigate05;", "Message_Localised":"Police response unit in position.", "Channel":"npc" }
{ "timestamp":"2017-05-11T20:18:54Z", "event":"ReceiveText", "From":"$ShipName_Police_Independent;", "From_Localised":"System Authority Vessel", "Message":"$Police_ArrivedAtInvestigationLocation02;", "Message_Localised":"Cease and desist! Submit to authority scans immediately!", "Channel":"npc" }
{ "timestamp":"2017-05-11T20:19:17Z", "event":"ReceiveText", "From":"$npc_name_decorate:#name=Worley;", "From_Localised":"Worley", "Message":"$BadKarmaCriticalDamage03;", "Message_Localised":"You fight a good fight!", "Channel":"npc" }
{ "timestamp":"2017-05-11T20:19:32Z", "event":"Bounty", "Rewards":[ { "Faction":"LTT 377 Allied Co", "Reward":35090 } ], "Target":"viper_mkiv", "TotalReward":35090, "VictimFaction":"LTT 377 Allied Co" }
{ "timestamp":"2017-05-11T20:20:09Z", "event":"Bounty", "Rewards":[ { "Faction":"LTT 377 Allied Co", "Reward":66910 } ], "Target":"viper", "TotalReward":66910, "VictimFaction":"Family of LTT 377" }
{ "timestamp":"2017-05-11T20:20:40Z", "event":"ReceiveText", "From":"$npc_name_decorate:#name=Mallock;", "From_Localised":"Mallock", "Message":"$Pirate_OnDeclarePiracyAttack02;", "Message_Localised":"You choose death then. Very well.", "Channel":"npc" }
{ "timestamp":"2017-05-11T20:21:12Z", "event":"ReceiveText", "From":"$npc_name_decorate:#name=Mallock;", "From_Localised":"Mallock", "Message":"$BadKarmaCriticalDamage05;", "Message_Localised":"No, no!", "Channel":"npc" }
{ "timestamp":"2017-05-11T20:21:19Z", "event":"Bounty", "Rewards":[ { "Faction":"LTT 377 Allied Co", "Reward":13385 } ], "Target":"empire_eagle", "TotalReward":13385, "VictimFaction":"Family of LTT 377" }
{ "timestamp":"2017-05-11T20:21:21Z", "event":"ReceiveText", "From":"$npc_name_decorate:#name=Vakar;", "From_Localised":"Vakar", "Message":"$Pirate_OnStartScanCargo03;", "Message_Localised":"What are you hauling?", "Channel":"npc" }
{ "timestamp":"2017-05-11T20:21:31Z", "event":"ReceiveText", "From":"$npc_name_decorate:#name=Vakar;", "From_Localised":"Vakar", "Message":"$Pirate_OnNoCargoFound07;", "Message_Localised":"Nothing for me here.", "Channel":"npc" }
{ "timestamp":"2017-05-11T20:21:31Z", "event":"Scanned", "ScanType":"Cargo" }
{ "timestamp":"2017-05-11T20:21:50Z", "event":"ReceiveText", "From":"$npc_name_decorate:#name=chipeloi;", "From_Localised":"chipeloi", "Message":"$BadKarmaCriticalDamage05;", "Message_Localised":"No, no!", "Channel":"npc" }
{ "timestamp":"2017-05-11T20:22:25Z", "event":"Bounty", "Rewards":[ { "Faction":"LTT 377 Allied Co", "Reward":10680 } ], "Target":"empire_eagle", "TotalReward":10680, "VictimFaction":"Family of LTT 377" }
{ "timestamp":"2017-05-11T20:22:43Z", "event":"MaterialCollected", "Category":"Encoded", "Name":"bulkscandata", "Count":3 }
{ "timestamp":"2017-05-11T20:22:45Z", "event":"Scanned", "ScanType":"Cargo" }
{ "timestamp":"2017-05-11T20:22:45Z", "event":"ReceiveText", "From":"$ShipName_Police_Independent;", "From_Localised":"System Authority Vessel", "Message":"$Police_ThankYouPassedStopAndSearch11;", "Message_Localised":"We didn't find anything on you this time.", "Channel":"npc" }
{ "timestamp":"2017-05-11T20:22:48Z", "event":"ReceiveText", "From":"$ShipName_Police_Independent;", "From_Localised":"System Authority Vessel", "Message":"$Police_FinishedAtInvestigationLocation01;", "Message_Localised":"Scanning complete. Citizens, please return to your business.", "Channel":"npc" }
{ "timestamp":"2017-05-11T20:22:51Z", "event":"ReceiveText", "From":"$ShipName_Police_Independent;", "From_Localised":"System Authority Vessel", "Message":"$Police_FinishedAtInvestigationLocation01;", "Message_Localised":"Scanning complete. Citizens, please return to your business.", "Channel":"npc" }
{ "timestamp":"2017-05-11T20:23:56Z", "event":"Bounty", "Rewards":[ { "Faction":"LTT 377 Allied Co", "Reward":35877 } ], "Target":"viper_mkiv", "TotalReward":35877, "VictimFaction":"LTT 377 Allied Co" }
{ "timestamp":"2017-05-11T20:24:32Z", "event":"ReceiveText", "From":"$npc_name_decorate:#name=Vakar;", "From_Localised":"Vakar", "Message":"$BadKarmaCriticalDamage08;", "Message_Localised":"I've taken too many hits.", "Channel":"npc" }
{ "timestamp":"2017-05-11T20:24:35Z", "event":"ReceiveText", "From":"$npc_name_decorate:#name=Vakar;", "From_Localised":"Vakar", "Message":"$Pirate_NiggledByNewShip01;", "Message_Localised":"Oh, so you think you can take me?", "Channel":"npc" }
{ "timestamp":"2017-05-11T20:24:54Z", "event":"Bounty", "Rewards":[ { "Faction":"LTT 377 Allied Co", "Reward":11172 } ], "Target":"eagle", "TotalReward":11172, "VictimFaction":"Family of LTT 377" }
{ "timestamp":"2017-05-11T20:25:07Z", "event":"ReceiveText", "From":"$npc_name_decorate:#name=Javid Wanlock;", "From_Localised":"Javid Wanlock", "Message":"$BadKarmaCriticalDamage05;", "Message_Localised":"No, no!", "Channel":"npc" }
{ "timestamp":"2017-05-11T20:25:22Z", "event":"ReceiveText", "From":"$npc_name_decorate:#name=Anastasius Focht;", "From_Localised":"Anastasius Focht", "Message":"$BadKarmaCriticalDamage10;", "Message_Localised":"You've scratched my paint!", "Channel":"npc" }
{ "timestamp":"2017-05-11T20:25:40Z", "event":"StartJump", "JumpType":"Supercruise" }
{ "timestamp":"2017-05-11T20:25:45Z", "event":"SupercruiseEntry", "StarSystem":"LTT 377" }
{ "timestamp":"2017-05-11T20:27:19Z", "event":"SupercruiseExit", "StarSystem":"LTT 377", "Body":"Zoline Port", "BodyType":"Station" }
{ "timestamp":"2017-05-11T20:28:33Z", "event":"ReceiveText", "From":"Zoline Port", "Message":"$STATION_NoFireZone_entered;", "Message_Localised":"No fire zone entered.", "Channel":"npc" }
{ "timestamp":"2017-05-11T20:28:37Z", "event":"DockingRequested", "StationName":"Zoline Port" }
{ "timestamp":"2017-05-11T20:28:37Z", "event":"ReceiveText", "From":"Zoline Port", "Message":"$DockingChatter_Neutral;", "Message_Localised":"Ensure to observe starport protocol during your visit, pilot.", "Channel":"npc" }
{ "timestamp":"2017-05-11T20:28:38Z", "event":"ReceiveText", "From":"Zoline Port", "Message":"$STATION_docking_granted;", "Message_Localised":"Docking request granted.", "Channel":"npc" }
{ "timestamp":"2017-05-11T20:28:38Z", "event":"DockingGranted", "LandingPad":20, "StationName":"Zoline Port" }
{ "timestamp":"2017-05-11T20:29:10Z", "event":"Scanned", "ScanType":"Cargo" }
{ "timestamp":"2017-05-11T20:29:10Z", "event":"ReceiveText", "From":"$ShipName_Police_Independent;", "From_Localised":"System Authority Vessel", "Message":"$Police_ThankYouPassedStopAndSearch07;", "Message_Localised":"Your scan is clear. Carry on with your journey, Commander.", "Channel":"npc" }
{ "timestamp":"2017-05-11T20:29:18Z", "event":"ReceiveText", "From":"Zoline Port", "Message":"$DockingPadBlockWarningComms;", "Message_Localised":"Loitering infraction detected, clear pad approach immediately to avoid lethal response", "Channel":"npc" }
{ "timestamp":"2017-05-11T20:29:28Z", "event":"ReceiveText", "From":"Zoline Port", "Message":"$DockingOffenceCleared;", "Message_Localised":"Starport infractions cleared, docking privileges restored.", "Channel":"npc" }
{ "timestamp":"2017-05-11T20:29:57Z", "event":"Docked", "StationName":"Zoline Port", "StationType":"Coriolis", "StarSystem":"LTT 377", "StationFaction":"LTT 377 Allied Co", "StationGovernment":"$government_Corporate;", "StationGovernment_Localised":"Corporate", "StationEconomy":"$economy_HighTech;", "StationEconomy_Localised":"High Tech", "DistFromStarLS":642.643250 }
{ "timestamp":"2017-05-11T20:30:05Z", "event":"RefuelAll", "Cost":31, "Amount":0.618556 }
{ "timestamp":"2017-05-11T20:30:07Z", "event":"BuyAmmo", "Cost":2539 }
{ "timestamp":"2017-05-11T20:30:07Z", "event":"ReceiveText", "From":"$npc_name_decorate:#name=Will Lassen;", "From_Localised":"Will Lassen", "Message":"$Commuter_AuthorityScan07;", "Message_Localised":"There's no need to scan me, officer. I have nothing to find.", "Channel":"npc" }
{ "timestamp":"2017-05-11T20:30:20Z", "event":"RedeemVoucher", "Type":"bounty", "Amount":403157, "Factions":[ { "Faction":"LTT 377 Allied Co", "Amount":403157 } ] }
