{ "timestamp":"2016-10-27T14:45:16Z", "event":"Fileheader", "part":1, "language":"English\\UK", "gameversion":"2.2", "build":"r125374/r0 " }
{ "timestamp":"2016-10-27T14:45:55Z", "event":"LoadGame", "Commander":"Blantyre", "Ship":"Python", "ShipID":14, "GameMode":"Solo", "Credits":19821263, "Loan":0 }
{ "timestamp":"2016-10-27T14:45:57Z", "event":"Rank", "Combat":4, "Trade":5, "Explore":4, "Empire":2, "Federation":7, "CQC":0 }
{ "timestamp":"2016-10-27T14:45:57Z", "event":"Progress", "Combat":18, "Trade":87, "Explore":28, "Empire":18, "Federation":2, "CQC":0 }
{ "timestamp":"2016-10-27T14:46:31Z", "event":"Location", "Docked":true, "StationName":"Walter Dock", "StationType":"Orbis", "StarSystem":"Gyvatices", "StarPos":[101.781,-126.406,-12.781], "Allegiance":"Empire", "Economy":"$economy_Agri;", "Economy_Localised":"Agriculture", "Government":"$government_Corporate;", "Government_Localised":"Corporate", "Security":"$SYSTEM_SECURITY_medium;", "Security_Localised":"Medium Security", "Body":"Walter Dock", "BodyType":"Station", "Faction":"Gyvatices Crimson Advanced Hldgs" }
{ "timestamp":"2016-10-27T14:46:31Z", "event":"Docked", "StationName":"Walter Dock", "StationType":"Orbis", "StarSystem":"Gyvatices", "Faction":"Gyvatices Crimson Advanced Hldgs", "Allegiance":"Empire", "Economy":"$economy_Agri;", "Economy_Localised":"Agriculture", "Government":"$government_Corporate;", "Government_Localised":"Corporate", "Security":"$SYSTEM_SECURITY_medium;", "Security_Localised":"Medium Security" }
{ "timestamp":"2016-10-27T14:47:22Z", "event":"RefuelAll", "Cost":213, "Amount":4.228937 }
{ "timestamp":"2016-10-27T14:49:37Z", "event":"ReceiveText", "From":"$npc_name_decorate:#name=James Gibson;", "From_Localised":"James Gibson", "Message":"$Commuter_AuthorityScan05;", "Message_Localised":"On what grounds are you scanning this vessel, officer?", "Channel":"npc" }
{ "timestamp":"2016-10-27T14:52:14Z", "event":"LoadGame", "Commander":"Blantyre", "Ship":"Python", "ShipID":14, "GameMode":"Solo", "Credits":19821050, "Loan":0 }
{ "timestamp":"2016-10-27T14:52:18Z", "event":"Rank", "Combat":4, "Trade":5, "Explore":4, "Empire":2, "Federation":7, "CQC":0 }
{ "timestamp":"2016-10-27T14:52:18Z", "event":"Progress", "Combat":18, "Trade":87, "Explore":28, "Empire":18, "Federation":2, "CQC":0 }
{ "timestamp":"2016-10-27T14:52:24Z", "event":"Location", "Docked":true, "StationName":"Walter Dock", "StationType":"Orbis", "StarSystem":"Gyvatices", "StarPos":[101.781,-126.406,-12.781], "Allegiance":"Empire", "Economy":"$economy_Agri;", "Economy_Localised":"Agriculture", "Government":"$government_Corporate;", "Government_Localised":"Corporate", "Security":"$SYSTEM_SECURITY_medium;", "Security_Localised":"Medium Security", "Body":"Walter Dock", "BodyType":"Station", "Faction":"Gyvatices Crimson Advanced Hldgs" }
{ "timestamp":"2016-10-27T14:52:25Z", "event":"Docked", "StationName":"Walter Dock", "StationType":"Orbis", "StarSystem":"Gyvatices", "Faction":"Gyvatices Crimson Advanced Hldgs", "Allegiance":"Empire", "Economy":"$economy_Agri;", "Economy_Localised":"Agriculture", "Government":"$government_Corporate;", "Government_Localised":"Corporate", "Security":"$SYSTEM_SECURITY_medium;", "Security_Localised":"Medium Security" }
{ "timestamp":"2016-10-27T14:53:08Z", "event":"Undocked", "StationName":"Walter Dock", "StationType":"Orbis" }
{ "timestamp":"2016-10-27T14:54:18Z", "event":"ReceiveText", "From":"Walter Dock", "Message":"$STATION_NoFireZone_exited;", "Message_Localised":"No fire zone left.", "Channel":"npc" }
{ "timestamp":"2016-10-27T14:54:47Z", "event":"FSDJump", "StarSystem":"Brians", "StarPos":[107.750,-135.156,-8.406], "Allegiance":"Empire", "Economy":"$economy_Industrial;", "Economy_Localised":"Industrial", "Government":"$government_Patronage;", "Government_Localised":"Patronage", "Security":"$SYSTEM_SECURITY_high;", "Security_Localised":"High Security", "JumpDist":11.460, "FuelUsed":1.759877, "FuelLevel":30.240124, "Faction":"Brians Empire Pact", "FactionState":"Boom" }
{ "timestamp":"2016-10-27T14:55:43Z", "event":"ReceiveText", "From":"$npc_name_decorate:#name=Cruise Ship;", "From_Localised":"Cruise Ship", "Message":"$CruiseLiner_SCPatrol01;", "Message_Localised":"And don't forget, this Liner is in the top 1% of all Liners out there.", "Channel":"npc" }
{ "timestamp":"2016-10-27T14:56:10Z", "event":"ReceiveText", "From":"$npc_name_decorate:#name=Cruise Ship;", "From_Localised":"Cruise Ship", "Message":"$CruiseLiner_SCPatrol05;", "Message_Localised":"This is your captain. Due to some unforeseen delays, we will be arriving at our next destination later than scheduled.", "Channel":"npc" }
{ "timestamp":"2016-10-27T14:56:44Z", "event":"SupercruiseExit", "StarSystem":"Brians", "Body":"Newcomb Gateway", "BodyType":"Station" }
{ "timestamp":"2016-10-27T14:56:46Z", "event":"ReceiveText", "From":"Newcomb Gateway", "Message":"$STATION_NoFireZone_entered;", "Message_Localised":"No fire zone entered.", "Channel":"npc" }
{ "timestamp":"2016-10-27T14:56:55Z", "event":"DockingRequested", "StationName":"Newcomb Gateway" }
{ "timestamp":"2016-10-27T14:56:55Z", "event":"ReceiveText", "From":"Newcomb Gateway", "Message":"$DockingChatter_Neutral;", "Message_Localised":"Ensure to observe starport protocol during your visit, pilot.", "Channel":"npc" }
{ "timestamp":"2016-10-27T14:56:57Z", "event":"ReceiveText", "From":"Newcomb Gateway", "Message":"$STATION_docking_granted;", "Message_Localised":"Docking request granted.", "Channel":"npc" }
{ "timestamp":"2016-10-27T14:56:57Z", "event":"DockingGranted", "LandingPad":18, "StationName":"Newcomb Gateway" }
{ "timestamp":"2016-10-27T14:58:15Z", "event":"Docked", "StationName":"Newcomb Gateway", "StationType":"Orbis", "StarSystem":"Brians", "Faction":"Brians Empire Pact", "FactionState":"Boom", "Allegiance":"Empire", "Economy":"$economy_Industrial;", "Economy_Localised":"Industrial", "Government":"$government_Patronage;", "Government_Localised":"Patronage", "Security":"$SYSTEM_SECURITY_high;", "Security_Localised":"High Security" }
{ "timestamp":"2016-10-27T14:59:25Z", "event":"RefuelAll", "Cost":94, "Amount":1.864153 }
{ "timestamp":"2016-10-27T15:00:45Z", "event":"ReceiveText", "From":"$npc_name_decorate:#name=Keating;", "From_Localised":"Keating", "Message":"$Commuter_AuthorityScan06;", "Message_Localised":"What's going on here, officer?", "Channel":"npc" }
{ "timestamp":"2016-10-27T15:02:51Z", "event":"LoadGame", "Commander":"Blantyre", "Ship":"Python", "ShipID":14, "GameMode":"Group", "Group":"Blantyre", "Credits":19820956, "Loan":0 }
{ "timestamp":"2016-10-27T15:02:53Z", "event":"Rank", "Combat":4, "Trade":5, "Explore":4, "Empire":2, "Federation":7, "CQC":0 }
{ "timestamp":"2016-10-27T15:02:53Z", "event":"Progress", "Combat":18, "Trade":87, "Explore":28, "Empire":18, "Federation":2, "CQC":0 }
{ "timestamp":"2016-10-27T15:03:14Z", "event":"Location", "Docked":true, "StationName":"Newcomb Gateway", "StationType":"Orbis", "StarSystem":"Brians", "StarPos":[107.750,-135.156,-8.406], "Allegiance":"Empire", "Economy":"$economy_Industrial;", "Economy_Localised":"Industrial", "Government":"$government_Patronage;", "Government_Localised":"Patronage", "Security":"$SYSTEM_SECURITY_high;", "Security_Localised":"High Security", "Body":"Newcomb Gateway", "BodyType":"Station", "Faction":"Brians Empire Pact", "FactionState":"Boom" }
{ "timestamp":"2016-10-27T15:03:14Z", "event":"Docked", "StationName":"Newcomb Gateway", "StationType":"Orbis", "StarSystem":"Brians", "Faction":"Brians Empire Pact", "FactionState":"Boom", "Allegiance":"Empire", "Economy":"$economy_Industrial;", "Economy_Localised":"Industrial", "Government":"$government_Patronage;", "Government_Localised":"Patronage", "Security":"$SYSTEM_SECURITY_high;", "Security_Localised":"High Security" }
{ "timestamp":"2016-10-27T15:05:03Z", "event":"ReceiveText", "From":"$npc_name_decorate:#name=R-head;", "From_Localised":"R-head", "Message":"$Commuter_AuthorityScan08;", "Message_Localised":"You've got no right to scan me, officer!", "Channel":"npc" }
{ "timestamp":"2016-10-27T15:06:36Z", "event":"ReceiveText", "From":"$npc_name_decorate:#name=Thickskull;", "From_Localised":"Thickskull", "Message":"$Commuter_AuthorityScan05;", "Message_Localised":"On what grounds are you scanning this vessel, officer?", "Channel":"npc" }
{ "timestamp":"2016-10-27T15:07:59Z", "event":"ShipyardSwap", "ShipType":"asp", "ShipID":13, "StoreOldShip":"Python", "StoreShipID":14 }
{ "timestamp":"2016-10-27T15:08:00Z", "event":"ReceiveText", "From":"$npc_name_decorate:#name=Philip Fowler;", "From_Localised":"Philip Fowler", "Message":"$Commuter_AuthorityScan04;", "Message_Localised":"Is this really necessary?", "Channel":"npc" }
{ "timestamp":"2016-10-27T15:08:16Z", "event":"Docked", "StationName":"Newcomb Gateway", "StationType":"Orbis", "StarSystem":"Brians", "Faction":"Brians Empire Pact", "FactionState":"Boom", "Allegiance":"Empire", "Economy":"$economy_Industrial;", "Economy_Localised":"Industrial", "Government":"$government_Patronage;", "Government_Localised":"Patronage", "Security":"$SYSTEM_SECURITY_high;", "Security_Localised":"High Security" }
{ "timestamp":"2016-10-27T15:10:13Z", "event":"ShipyardSwap", "ShipType":"python", "ShipID":14, "StoreOldShip":"Asp", "StoreShipID":13 }
{ "timestamp":"2016-10-27T15:10:28Z", "event":"Docked", "StationName":"Newcomb Gateway", "StationType":"Orbis", "StarSystem":"Brians", "Faction":"Brians Empire Pact", "FactionState":"Boom", "Allegiance":"Empire", "Economy":"$economy_Industrial;", "Economy_Localised":"Industrial", "Government":"$government_Patronage;", "Government_Localised":"Patronage", "Security":"$SYSTEM_SECURITY_high;", "Security_Localised":"High Security" }
{ "timestamp":"2016-10-27T15:12:38Z", "event":"ShipyardSwap", "ShipType":"asp", "ShipID":13, "StoreOldShip":"Python", "StoreShipID":14 }
{ "timestamp":"2016-10-27T15:12:53Z", "event":"Docked", "StationName":"Newcomb Gateway", "StationType":"Orbis", "StarSystem":"Brians", "Faction":"Brians Empire Pact", "FactionState":"Boom", "Allegiance":"Empire", "Economy":"$economy_Industrial;", "Economy_Localised":"Industrial", "Government":"$government_Patronage;", "Government_Localised":"Patronage", "Security":"$SYSTEM_SECURITY_high;", "Security_Localised":"High Security" }
{ "timestamp":"2016-10-27T15:13:14Z", "event":"ModuleBuy", "Slot":"PaintJob", "BuyItem":"$paintjob_asp_blackfriday_01_name;", "BuyItem_Localised":"Black Friday", "BuyPrice":0, "Ship":"asp", "ShipID":13 }
{ "timestamp":"2016-10-27T15:14:21Z", "event":"Undocked", "StationName":"Newcomb Gateway", "StationType":"Orbis" }
{ "timestamp":"2016-10-27T15:15:17Z", "event":"ReceiveText", "From":"Newcomb Gateway", "Message":"$STATION_NoFireZone_exited;", "Message_Localised":"No fire zone left.", "Channel":"npc" }
{ "timestamp":"2016-10-27T15:16:07Z", "event":"FSDJump", "StarSystem":"Tialocan", "StarPos":[99.656,-124.500,-7.719], "Allegiance":"Empire", "Economy":"$economy_HighTech;", "Economy_Localised":"High tech", "Government":"$government_Patronage;", "Government_Localised":"Patronage", "Security":"$SYSTEM_SECURITY_high;", "Security_Localised":"High Security", "JumpDist":13.399, "FuelUsed":0.884108, "FuelLevel":30.511139, "Faction":"Tialocan Empire Party" }
{ "timestamp":"2016-10-27T15:19:22Z", "event":"SupercruiseExit", "StarSystem":"Tialocan", "Body":"Richer Port", "BodyType":"Station" }
{ "timestamp":"2016-10-27T15:19:53Z", "event":"ReceiveText", "From":"$ShipName_Police_Empire;", "From_Localised":"Internal Security Service", "Message":"$OverwatchCriticalDamage08;", "Message_Localised":"This is the end!", "Channel":"npc" }
{ "timestamp":"2016-10-27T15:20:36Z", "event":"DockingRequested", "StationName":"Richer Port" }
{ "timestamp":"2016-10-27T15:20:36Z", "event":"ReceiveText", "From":"Richer Port", "Message":"$DockingChatter_Neutral;", "Message_Localised":"Ensure to observe starport protocol during your visit, pilot.", "Channel":"npc" }
{ "timestamp":"2016-10-27T15:20:37Z", "event":"ReceiveText", "From":"Richer Port", "Message":"$STATION_docking_granted;", "Message_Localised":"Docking request granted.", "Channel":"npc" }
{ "timestamp":"2016-10-27T15:20:37Z", "event":"DockingGranted", "LandingPad":20, "StationName":"Richer Port" }
{ "timestamp":"2016-10-27T15:20:46Z", "event":"ReceiveText", "From":"Richer Port", "Message":"$STATION_NoFireZone_entered;", "Message_Localised":"No fire zone entered.", "Channel":"npc" }
{ "timestamp":"2016-10-27T15:21:23Z", "event":"Docked", "StationName":"Richer Port", "StationType":"Coriolis", "StarSystem":"Tialocan", "Faction":"Tialocan Empire Party", "Allegiance":"Empire", "Economy":"$economy_HighTech;", "Economy_Localised":"High tech", "Government":"$government_Patronage;", "Government_Localised":"Patronage", "Security":"$SYSTEM_SECURITY_high;", "Security_Localised":"High Security" }
{ "timestamp":"2016-10-27T15:23:16Z", "event":"ModuleBuy", "Slot":"Slot01_Size6", "SellItem":"$int_cargorack_size6_class1_name;", "SellItem_Localised":"Cargo Rack", "SellPrice":308203, "BuyItem":"$int_passengercabin_size6_class2_name;", "BuyItem_Localised":"BC Passenger Cabin", "BuyPrice":184232, "Ship":"asp", "ShipID":13 }
