{ "timestamp":"2016-11-05T13:38:44Z", "event":"Fileheader", "part":1, "language":"English\\UK", "gameversion":"2.2", "build":"r125374/r0 " }
{ "timestamp":"2016-11-05T13:39:37Z", "event":"LoadGame", "Commander":"Von Cadfael", "Ship":"Adder", "ShipID":1, "GameMode":"Solo", "Credits":119857, "Loan":0 }
{ "timestamp":"2016-11-05T13:39:37Z", "event":"Rank", "Combat":0, "Trade":2, "Explore":0, "Empire":0, "Federation":0, "CQC":0 }
{ "timestamp":"2016-11-05T13:39:37Z", "event":"Progress", "Combat":83, "Trade":36, "Explore":54, "Empire":0, "Federation":6, "CQC":0 }
{ "timestamp":"2016-11-05T13:39:39Z", "event":"ApproachSettlement", "Name":"Crowley Barracks" }
{ "timestamp":"2016-11-05T13:40:13Z", "event":"Location", "Docked":true, "StationName":"Crowley Barracks", "StationType":"", "StarSystem":"Brizo", "StarPos":[-20.219,71.656,-29.156], "Allegiance":"Independent", "Economy":"$economy_Military;", "Economy_Localised":"Military", "Government":"$government_Corporate;", "Government_Localised":"Corporate", "Security":"$SYSTEM_SECURITY_medium;", "Security_Localised":"Medium Security", "Body":"Brizo 1 d", "BodyType":"Planet", "Faction":"The Ancients of Mumu", "FactionState":"Retreat" }
{ "timestamp":"2016-11-05T13:40:13Z", "event":"Docked", "StationName":"Crowley Barracks", "StarSystem":"Brizo", "Faction":"The Ancients of Mumu", "FactionState":"Retreat", "Allegiance":"Independent", "Economy":"$economy_Military;", "Economy_Localised":"Military", "Government":"$government_Corporate;", "Government_Localised":"Corporate", "Security":"$SYSTEM_SECURITY_medium;", "Security_Localised":"Medium Security" }
{ "timestamp":"2016-11-05T13:48:49Z", "event":"Undocked", "StationName":"Crowley Barracks" }
{ "timestamp":"2016-11-05T13:49:23Z", "event":"ReceiveText", "From":"Crowley Barracks", "Message":"$STATION_NoFireZone_exited;", "Message_Localised":"No fire zone left.", "Channel":"npc" }
{ "timestamp":"2016-11-05T13:49:48Z", "event":"SupercruiseEntry", "StarSystem":"Brizo" }
{ "timestamp":"2016-11-05T13:51:00Z", "event":"FSDJump", "StarSystem":"Ross 112", "StarPos":[-28.000,64.281,-33.344], "Allegiance":"Alliance", "Economy":"$economy_HighTech;", "Economy_Localised":"High tech", "Government":"$government_Corporate;", "Government_Localised":"Corporate", "Security":"$SYSTEM_SECURITY_medium;", "Security_Localised":"Medium Security", "JumpDist":11.510, "FuelUsed":0.936143, "FuelLevel":7.063857, "Faction":"Perez Ring Brewery", "FactionState":"Boom" }
{ "timestamp":"2016-11-05T13:54:27Z", "event":"SupercruiseExit", "StarSystem":"Ross 112", "Body":"Egan Orbital", "BodyType":"Station" }
{ "timestamp":"2016-11-05T13:54:38Z", "event":"DockingRequested", "StationName":"Egan Orbital" }
{ "timestamp":"2016-11-05T13:54:38Z", "event":"ReceiveText", "From":"Egan Orbital", "Message":"$DockingChatter_Neutral;", "Message_Localised":"Ensure to observe starport protocol during your visit, pilot.", "Channel":"npc" }
{ "timestamp":"2016-11-05T13:54:40Z", "event":"ReceiveText", "From":"Egan Orbital", "Message":"$STATION_docking_granted;", "Message_Localised":"Docking request granted.", "Channel":"npc" }
{ "timestamp":"2016-11-05T13:54:40Z", "event":"DockingGranted", "LandingPad":16, "StationName":"Egan Orbital" }
{ "timestamp":"2016-11-05T13:54:55Z", "event":"ReceiveText", "From":"Egan Orbital", "Message":"$STATION_NoFireZone_entered;", "Message_Localised":"No fire zone entered.", "Channel":"npc" }
{ "timestamp":"2016-11-05T13:55:56Z", "event":"Docked", "StationName":"Egan Orbital", "StationType":"Coriolis", "StarSystem":"Ross 112", "Faction":"Perez Ring Brewery", "FactionState":"Boom", "Allegiance":"Alliance", "Economy":"$economy_HighTech;", "Economy_Localised":"High tech", "Government":"$government_Corporate;", "Government_Localised":"Corporate", "Security":"$SYSTEM_SECURITY_medium;", "Security_Localised":"Medium Security" }
{ "timestamp":"2016-11-05T13:57:20Z", "event":"ModuleBuy", "Slot":"Slot01_Size3", "SellItem":"$int_cargorack_size3_class1_name;", "SellItem_Localised":"Cargo Rack", "SellPrice":10563, "BuyItem":"$int_passengercabin_size3_class2_name;", "BuyItem_Localised":"BC Passenger Cabin", "BuyPrice":26705, "Ship":"adder", "ShipID":1 }
{ "timestamp":"2016-11-05T13:59:38Z", "event":"SellExplorationData", "Systems":[ "Kaha'i", "Endovlicus", "Parcae", "Wolf 515", "LTT 5623", "Nanauatzin" ], "Discovered":[  ], "BaseValue":9254, "Bonus":0 }
{ "timestamp":"2016-11-05T13:59:41Z", "event":"Promotion", "Explore":1 }
{ "timestamp":"2016-11-05T14:01:11Z", "event":"Undocked", "StationName":"Egan Orbital", "StationType":"Coriolis" }
{ "timestamp":"2016-11-05T14:02:00Z", "event":"HeatWarning" }
{ "timestamp":"2016-11-05T14:02:19Z", "event":"ReceiveText", "From":"$ShipName_Police_Alliance;", "From_Localised":"Allied Police Forces", "Message":"$Police_ThankYouPassedStopAndSearch03;", "Message_Localised":"All clear. Carry on, pilot.", "Channel":"npc" }
{ "timestamp":"2016-11-05T14:02:47Z", "event":"ReceiveText", "From":"Egan Orbital", "Message":"$STATION_NoFireZone_exited;", "Message_Localised":"No fire zone left.", "Channel":"npc" }
{ "timestamp":"2016-11-05T14:03:07Z", "event":"ShieldState", "ShieldsUp":true }
{ "timestamp":"2016-11-05T14:03:51Z", "event":"FSDJump", "StarSystem":"Brizo", "StarPos":[-20.219,71.656,-29.156], "Allegiance":"Independent", "Economy":"$economy_Military;", "Economy_Localised":"Military", "Government":"$government_Corporate;", "Government_Localised":"Corporate", "Security":"$SYSTEM_SECURITY_medium;", "Security_Localised":"Medium Security", "JumpDist":11.510, "FuelUsed":1.041923, "FuelLevel":6.021934, "Faction":"The Ancients of Mumu", "FactionState":"Retreat" }
{ "timestamp":"2016-11-05T14:07:49Z", "event":"ApproachSettlement", "Name":"Crowley Barracks" }
{ "timestamp":"2016-11-05T14:08:02Z", "event":"SupercruiseExit", "StarSystem":"Brizo", "Body":"Brizo 1 d", "BodyType":"Planet" }
{ "timestamp":"2016-11-05T14:08:59Z", "event":"DockingRequested", "StationName":"Crowley Barracks" }
{ "timestamp":"2016-11-05T14:08:59Z", "event":"ReceiveText", "From":"Crowley Barracks", "Message":"$DockingChatter_Neutral;", "Message_Localised":"Ensure to observe starport protocol during your visit, pilot.", "Channel":"npc" }
{ "timestamp":"2016-11-05T14:09:01Z", "event":"ReceiveText", "From":"Crowley Barracks", "Message":"$STATION_docking_granted;", "Message_Localised":"Docking request granted.", "Channel":"npc" }
{ "timestamp":"2016-11-05T14:09:01Z", "event":"DockingGranted", "LandingPad":2, "StationName":"Crowley Barracks" }
{ "timestamp":"2016-11-05T14:09:04Z", "event":"ReceiveText", "From":"Crowley Barracks", "Message":"$STATION_NoFireZone_entered;", "Message_Localised":"No fire zone entered.", "Channel":"npc" }
{ "timestamp":"2016-11-05T14:10:14Z", "event":"Docked", "StationName":"Crowley Barracks", "StarSystem":"Brizo", "Faction":"The Ancients of Mumu", "FactionState":"Retreat", "Allegiance":"Independent", "Economy":"$economy_Military;", "Economy_Localised":"Military", "Government":"$government_Corporate;", "Government_Localised":"Corporate", "Security":"$SYSTEM_SECURITY_medium;", "Security_Localised":"Medium Security" }
{ "timestamp":"2016-11-05T14:10:29Z", "event":"RedeemVoucher", "Type":"bounty", "Amount":12985 }
{ "timestamp":"2016-11-05T14:12:05Z", "event":"ReceiveText", "From":"$ShipName_Police_Independent;", "From_Localised":"System Authority Vessel", "Message":"$Police_EndPatrol02;", "Message_Localised":"Requesting docking clearance, Control.", "Channel":"npc" }
{ "timestamp":"2016-11-05T14:13:00Z", "event":"MissionAccepted", "Faction":"Brizo Domain", "Name":"Mission_PassengerBulk_PRISONEROFWAR_LEAVING", "DestinationSystem":"37 Ursae Majoris", "DestinationStation":"Oppenheimer Dock", "Expiry":"2016-11-05T17:33:56Z", "PassengerCount":2, "PassengerVIPs":false, "PassengerWanted":false, "PassengerType":"POW", "MissionID":47966508 }
{ "timestamp":"2016-11-05T14:13:31Z", "event":"RefuelAll", "Cost":110, "Amount":2.192258 }
{ "timestamp":"2016-11-05T14:13:31Z", "event":"RepairAll", "Cost":218 }
{ "timestamp":"2016-11-05T14:14:15Z", "event":"Undocked", "StationName":"Crowley Barracks" }
{ "timestamp":"2016-11-05T14:14:40Z", "event":"ReceiveText", "From":"Crowley Barracks", "Message":"$STATION_NoFireZone_exited;", "Message_Localised":"No fire zone left.", "Channel":"npc" }
{ "timestamp":"2016-11-05T14:15:40Z", "event":"FSDJump", "StarSystem":"Merak", "StarPos":[-23.406,65.531,-38.938], "Allegiance":"Alliance", "Economy":"$economy_Military;", "Economy_Localised":"Military", "Government":"$government_Corporate;", "Government_Localised":"Corporate", "Security":"$SYSTEM_SECURITY_medium;", "Security_Localised":"Medium Security", "JumpDist":11.973, "FuelUsed":1.161608, "FuelLevel":6.838392, "Faction":"Perez Ring Brewery", "FactionState":"Boom" }
{ "timestamp":"2016-11-05T14:16:45Z", "event":"Screenshot", "Filename":"\\ED_Pictures\\HighResScreenShot_2016-11-05_14-16-45.bmp", "Width":7680, "Height":4320, "System":"Merak", "Body":"Merak AB" }
{ "timestamp":"2016-11-05T14:17:16Z", "event":"EngineerProgress", "Engineer":"Tod 'The Blaster' McQuinn", "Progress":"Invited" }
{ "timestamp":"2016-11-05T14:17:43Z", "event":"FSDJump", "StarSystem":"37 Ursae Majoris", "StarPos":[-24.844,68.219,-47.031], "Allegiance":"Federation", "Economy":"$economy_Industrial;", "Economy_Localised":"Industrial", "Government":"$government_Corporate;", "Government_Localised":"Corporate", "Security":"$SYSTEM_SECURITY_medium;", "Security_Localised":"Medium Security", "JumpDist":8.649, "FuelUsed":0.560348, "FuelLevel":6.278045, "Faction":"37 Ursae Majoris Silver Creative" }
{ "timestamp":"2016-11-05T14:21:31Z", "event":"SupercruiseExit", "StarSystem":"37 Ursae Majoris", "Body":"Oppenheimer Dock", "BodyType":"Station" }
{ "timestamp":"2016-11-05T14:21:53Z", "event":"DockingRequested", "StationName":"Oppenheimer Dock" }
{ "timestamp":"2016-11-05T14:21:53Z", "event":"ReceiveText", "From":"Oppenheimer Dock", "Message":"$DockingChatter_Neutral;", "Message_Localised":"Ensure to observe starport protocol during your visit, pilot.", "Channel":"npc" }
{ "timestamp":"2016-11-05T14:21:54Z", "event":"ReceiveText", "From":"Oppenheimer Dock", "Message":"$STATION_docking_granted;", "Message_Localised":"Docking request granted.", "Channel":"npc" }
{ "timestamp":"2016-11-05T14:21:54Z", "event":"DockingGranted", "LandingPad":36, "StationName":"Oppenheimer Dock" }
{ "timestamp":"2016-11-05T14:21:58Z", "event":"ReceiveText", "From":"Oppenheimer Dock", "Message":"$STATION_NoFireZone_entered;", "Message_Localised":"No fire zone entered.", "Channel":"npc" }
{ "timestamp":"2016-11-05T14:22:28Z", "event":"ReceiveText", "From":"Oppenheimer Dock", "Message":"$DockingPadBlockWarningComms;", "Message_Localised":"Loitering infraction detected, clear pad approach immediately to avoid lethal response", "Channel":"npc" }
{ "timestamp":"2016-11-05T14:22:38Z", "event":"ReceiveText", "From":"Oppenheimer Dock", "Message":"$DockingOffenceCleared;", "Message_Localised":"Starport infractions cleared, docking privileges restored.", "Channel":"npc" }
{ "timestamp":"2016-11-05T14:22:50Z", "event":"Docked", "StationName":"Oppenheimer Dock", "StationType":"Coriolis", "StarSystem":"37 Ursae Majoris", "Faction":"37 Ursae Majoris Silver Creative", "Allegiance":"Federation", "Economy":"$economy_Industrial;", "Economy_Localised":"Industrial", "Government":"$government_Corporate;", "Government_Localised":"Corporate", "Security":"$SYSTEM_SECURITY_medium;", "Security_Localised":"Medium Security" }
{ "timestamp":"2016-11-05T14:23:22Z", "event":"MissionCompleted", "Faction":"37 Ursae Majoris Silver Creative", "Name":"Mission_PassengerBulk_PRISONEROFWAR_LEAVING_name", "MissionID":47966508, "DestinationSystem":"37 Ursae Majoris", "DestinationStation":"Oppenheimer Dock", "Reward":27600 }
{ "timestamp":"2016-11-05T14:26:18Z", "event":"RefuelAll", "Cost":94, "Amount":1.845582 }
{ "timestamp":"2016-11-05T14:26:56Z", "event":"Undocked", "StationName":"Oppenheimer Dock", "StationType":"Coriolis" }
{ "timestamp":"2016-11-05T14:27:24Z", "event":"ReceiveText", "From":"Oppenheimer Dock", "Message":"$STATION_NoFireZone_exited;", "Message_Localised":"No fire zone left.", "Channel":"npc" }
{ "timestamp":"2016-11-05T14:27:41Z", "event":"SupercruiseEntry", "StarSystem":"37 Ursae Majoris" }
{ "timestamp":"2016-11-05T14:28:33Z", "event":"FSDJump", "StarSystem":"Lir", "StarPos":[-22.531,65.063,-35.906], "Allegiance":"", "Economy":"$economy_None;", "Economy_Localised":"None", "Government":"$government_None;", "Government_Localised":"None", "Security":"$SYSTEM_SECURITY_low;", "Security_Localised":"Low Security", "JumpDist":11.793, "FuelUsed":1.124423, "FuelLevel":6.875577 }
{ "timestamp":"2016-11-05T14:29:38Z", "event":"FSDJump", "StarSystem":"Brizo", "StarPos":[-20.219,71.656,-29.156], "Allegiance":"Independent", "Economy":"$economy_Military;", "Economy_Localised":"Military", "Government":"$government_Corporate;", "Government_Localised":"Corporate", "Security":"$SYSTEM_SECURITY_medium;", "Security_Localised":"Medium Security", "JumpDist":9.715, "FuelUsed":0.720239, "FuelLevel":6.155337, "Faction":"The Ancients of Mumu", "FactionState":"Retreat" }
{ "timestamp":"2016-11-05T14:34:03Z", "event":"ApproachSettlement", "Name":"Crowley Barracks" }
{ "timestamp":"2016-11-05T14:34:14Z", "event":"SupercruiseExit", "StarSystem":"Brizo", "Body":"Brizo 1 d", "BodyType":"Planet" }
{ "timestamp":"2016-11-05T14:35:53Z", "event":"DockingRequested", "StationName":"Crowley Barracks" }
{ "timestamp":"2016-11-05T14:35:53Z", "event":"ReceiveText", "From":"Crowley Barracks", "Message":"$DockingChatter_Neutral;", "Message_Localised":"Ensure to observe starport protocol during your visit, pilot.", "Channel":"npc" }
{ "timestamp":"2016-11-05T14:35:54Z", "event":"ReceiveText", "From":"Crowley Barracks", "Message":"$STATION_docking_granted;", "Message_Localised":"Docking request granted.", "Channel":"npc" }
{ "timestamp":"2016-11-05T14:35:54Z", "event":"DockingGranted", "LandingPad":1, "StationName":"Crowley Barracks" }
{ "timestamp":"2016-11-05T14:36:02Z", "event":"ReceiveText", "From":"Crowley Barracks", "Message":"$STATION_NoFireZone_entered;", "Message_Localised":"No fire zone entered.", "Channel":"npc" }
{ "timestamp":"2016-11-05T14:36:18Z", "event":"ReceiveText", "From":"$ShipName_Police_Independent;", "From_Localised":"System Authority Vessel", "Message":"$Police_EndPatrol02;", "Message_Localised":"Requesting docking clearance, Control.", "Channel":"npc" }
{ "timestamp":"2016-11-05T14:36:48Z", "event":"ReceiveText", "From":"$ShipName_Police_Independent;", "From_Localised":"System Authority Vessel", "Message":"$Police_ThankYouPassedStopAndSearch03;", "Message_Localised":"All clear. Carry on, pilot.", "Channel":"npc" }
{ "timestamp":"2016-11-05T14:37:13Z", "event":"Docked", "StationName":"Crowley Barracks", "StarSystem":"Brizo", "Faction":"The Ancients of Mumu", "FactionState":"Retreat", "Allegiance":"Independent", "Economy":"$economy_Military;", "Economy_Localised":"Military", "Government":"$government_Corporate;", "Government_Localised":"Corporate", "Security":"$SYSTEM_SECURITY_medium;", "Security_Localised":"Medium Security" }
{ "timestamp":"2016-11-05T14:37:46Z", "event":"RefuelAll", "Cost":101, "Amount":1.986075 }
{ "timestamp":"2016-11-05T14:38:43Z", "event":"MissionAccepted", "Faction":"Brizo Collective", "Name":"Mission_Massacre_Skimmer_CivilUnrest", "Expiry":"2016-11-06T22:26:34Z", "MissionID":47975449 }
{ "timestamp":"2016-11-05T14:39:06Z", "event":"ReceiveText", "From":"$ShipName_Police_Independent;", "From_Localised":"System Authority Vessel", "Message":"$Police_StartPatrol04;", "Message_Localised":"I'm away, heading to patrol route alpha now.", "Channel":"npc" }
{ "timestamp":"2016-11-05T14:40:05Z", "event":"ModuleBuy", "Slot":"Slot04_Size2", "SellItem":"$int_hullreinforcement_size1_class2_name;", "SellItem_Localised":"Hull Reinforcement", "SellPrice":15000, "BuyItem":"$int_buggybay_size2_class1_name;", "BuyItem_Localised":"Planetary Vehicle Hangar", "BuyPrice":18000, "Ship":"adder", "ShipID":1 }
{ "timestamp":"2016-11-05T14:41:57Z", "event":"Undocked", "StationName":"Crowley Barracks" }
{ "timestamp":"2016-11-05T14:42:22Z", "event":"ReceiveText", "From":"Crowley Barracks", "Message":"$STATION_NoFireZone_exited;", "Message_Localised":"No fire zone left.", "Channel":"npc" }
{ "timestamp":"2016-11-05T14:42:45Z", "event":"ReceiveText", "From":"$ShipName_Police_Independent;", "From_Localised":"System Authority Vessel", "Message":"$Police_StartPatrol02;", "Message_Localised":"Tower, this is Patrol. Launch completed.", "Channel":"npc" }
{ "timestamp":"2016-11-05T14:42:56Z", "event":"SupercruiseEntry", "StarSystem":"Brizo" }
{ "timestamp":"2016-11-05T14:48:39Z", "event":"ApproachSettlement", "Name":"Flinders Bastion +++" }
{ "timestamp":"2016-11-05T14:48:54Z", "event":"SupercruiseExit", "StarSystem":"Brizo", "Body":"Brizo 3 a", "BodyType":"Planet" }
{ "timestamp":"2016-11-05T14:53:36Z", "event":"Screenshot", "Filename":"\\ED_Pictures\\HighResScreenShot_2016-11-05_14-53-36.bmp", "Width":7680, "Height":4320, "System":"Brizo", "Body":"Brizo 3 a" }
{ "timestamp":"2016-11-05T14:56:50Z", "event":"Touchdown", "Latitude":-15.194979, "Longitude":-91.971138 }
{ "timestamp":"2016-11-05T14:56:55Z", "event":"LaunchSRV", "Loadout":"starter", "PlayerControlled":true }
{ "timestamp":"2016-11-05T15:02:34Z", "event":"CollectCargo", "Type":"thallium", "Stolen":false }
{ "timestamp":"2016-11-05T15:02:51Z", "event":"CollectCargo", "Type":"resonatingseparators", "Stolen":false }
{ "timestamp":"2016-11-05T15:04:51Z", "event":"MaterialDiscovered", "Category":"Raw", "Name":"arsenic", "DiscoveryNumber":1 }
{ "timestamp":"2016-11-05T15:05:09Z", "event":"MaterialCollected", "Category":"Raw", "Name":"arsenic", "Count":3 }
{ "timestamp":"2016-11-05T15:05:24Z", "event":"MaterialDiscovered", "Category":"Raw", "Name":"sulphur", "DiscoveryNumber":2 }
{ "timestamp":"2016-11-05T15:10:44Z", "event":"Bounty", "Faction":"The Ancients of Mumu", "Target":"Skimmer", "Reward":1000, "VictimFaction":"The Ancients of Mumu" }
{ "timestamp":"2016-11-05T15:10:54Z", "event":"Bounty", "Faction":"The Ancients of Mumu", "Target":"Skimmer", "Reward":1000, "VictimFaction":"The Ancients of Mumu" }
{ "timestamp":"2016-11-05T15:11:02Z", "event":"Bounty", "Faction":"The Ancients of Mumu", "Target":"Skimmer", "Reward":1000, "VictimFaction":"The Ancients of Mumu" }
{ "timestamp":"2016-11-05T15:11:18Z", "event":"Bounty", "Faction":"The Ancients of Mumu", "Target":"Skimmer", "Reward":1000, "VictimFaction":"The Ancients of Mumu" }
{ "timestamp":"2016-11-05T15:11:35Z", "event":"HullDamage", "Health":0.791196 }
{ "timestamp":"2016-11-05T15:12:13Z", "event":"EjectCargo", "Type":"resonatingseparators", "Count":1, "Abandoned":false }
{ "timestamp":"2016-11-05T15:12:17Z", "event":"EjectCargo", "Type":"thallium", "Count":1, "Abandoned":false }
{ "timestamp":"2016-11-05T15:13:07Z", "event":"CollectCargo", "Type":"platinum", "Stolen":false }
{ "timestamp":"2016-11-05T15:13:27Z", "event":"CollectCargo", "Type":"platinum", "Stolen":false }
{ "timestamp":"2016-11-05T15:16:19Z", "event":"MissionAbandoned", "Name":"Mission_Massacre_Skimmer_CivilUnrest_name", "MissionID":47975449 }
{ "timestamp":"2016-11-05T15:17:19Z", "event":"DockSRV" }
