{ "timestamp":"2017-01-28T16:00:49Z", "event":"Fileheader", "part":1, "language":"English\\UK", "gameversion":"2.2", "build":"r131487/r0 " }
{ "timestamp":"2017-01-28T16:01:40Z", "event":"LoadGame", "Commander":"Blantyre", "Ship":"Python", "ShipID":16, "GameMode":"Open", "Credits":16168738, "Loan":0 }
{ "timestamp":"2017-01-28T16:01:40Z", "event":"Rank", "Combat":4, "Trade":5, "Explore":4, "Empire":2, "Federation":7, "CQC":0 }
{ "timestamp":"2017-01-28T16:01:40Z", "event":"Progress", "Combat":33, "Trade":93, "Explore":38, "Empire":18, "Federation":12, "CQC":0 }
{ "timestamp":"2017-01-28T16:02:08Z", "event":"Location", "Docked":false, "StarSystem":"Wolf 397", "StarPos":[40.000,79.219,-10.406], "SystemAllegiance":"Alliance", "SystemEconomy":"$economy_Colony;", "SystemEconomy_Localised":"Colony", "SystemGovernment":"$government_Democracy;", "SystemGovernment_Localised":"Democracy", "SystemSecurity":"$SYSTEM_SECURITY_medium;", "SystemSecurity_Localised":"Medium Security", "Body":"Wolf 397", "BodyType":"Star", "SystemFaction":"Wolf 397 Independents" }
{ "timestamp":"2017-01-28T16:02:34Z", "event":"LoadGame", "Commander":"Blantyre", "Ship":"Python", "ShipID":16, "GameMode":"Solo", "Credits":16168738, "Loan":0 }
{ "timestamp":"2017-01-28T16:02:34Z", "event":"Rank", "Combat":4, "Trade":5, "Explore":4, "Empire":2, "Federation":7, "CQC":0 }
{ "timestamp":"2017-01-28T16:02:34Z", "event":"Progress", "Combat":33, "Trade":93, "Explore":38, "Empire":18, "Federation":12, "CQC":0 }
{ "timestamp":"2017-01-28T16:02:52Z", "event":"Location", "Docked":false, "StarSystem":"Wolf 397", "StarPos":[40.000,79.219,-10.406], "SystemAllegiance":"Alliance", "SystemEconomy":"$economy_Colony;", "SystemEconomy_Localised":"Colony", "SystemGovernment":"$government_Democracy;", "SystemGovernment_Localised":"Democracy", "SystemSecurity":"$SYSTEM_SECURITY_medium;", "SystemSecurity_Localised":"Medium Security", "Body":"Wolf 397", "BodyType":"Star", "SystemFaction":"Wolf 397 Independents" }
{ "timestamp":"2017-01-28T16:08:25Z", "event":"FSDJump", "StarSystem":"Sikarici", "StarPos":[29.219,82.094,8.000], "SystemAllegiance":"Federation", "SystemEconomy":"$economy_Military;", "SystemEconomy_Localised":"Military", "SystemGovernment":"$government_Corporate;", "SystemGovernment_Localised":"Corporate", "SystemSecurity":"$SYSTEM_SECURITY_medium;", "SystemSecurity_Localised":"Medium Security", "JumpDist":21.524, "FuelUsed":3.657710, "FuelLevel":18.520615, "SystemFaction":"Sikarici Silver Comms PLC", "FactionState":"Boom" }
{ "timestamp":"2017-01-28T16:08:52Z", "event":"FuelScoop", "Scooped":1.716774, "Total":20.237389 }
{ "timestamp":"2017-01-28T16:09:32Z", "event":"FSDJump", "StarSystem":"Berzites", "StarPos":[25.531,75.250,23.219], "SystemAllegiance":"Alliance", "SystemEconomy":"$economy_Industrial;", "SystemEconomy_Localised":"Industrial", "SystemGovernment":"$government_Corporate;", "SystemGovernment_Localised":"Corporate", "SystemSecurity":"$SYSTEM_SECURITY_medium;", "SystemSecurity_Localised":"Medium Security", "JumpDist":17.089, "FuelUsed":2.063568, "FuelLevel":18.173820, "SystemFaction":"Berzites Bridge Ltd", "FactionState":"Boom" }
{ "timestamp":"2017-01-28T16:12:24Z", "event":"ReceiveText", "From":"$npc_name_decorate:#name=John Sims;", "From_Localised":"John Sims", "Message":"$Pirate_StartInterdiction01;", "Message_Localised":"You're mine now, Commander. ", "Channel":"npc" }
{ "timestamp":"2017-01-28T16:12:30Z", "event":"Interdicted", "Submitted":true, "Interdictor":"John Sims", "IsPlayer":false, "Faction":"Berzites Pro-Alliance Party" }
{ "timestamp":"2017-01-28T16:12:31Z", "event":"SupercruiseExit", "StarSystem":"Berzites", "Body":"Berzites 2", "BodyType":"Planet" }
{ "timestamp":"2017-01-28T16:12:32Z", "event":"ReceiveText", "From":"$npc_name_decorate:#name=John Sims;", "From_Localised":"John Sims", "Message":"$Pirate_OnDeclarePiracyThreaten10;", "Message_Localised":"Any cargo you have is now mine - fact.", "Channel":"npc" }
{ "timestamp":"2017-01-28T16:12:46Z", "event":"ReceiveText", "From":"$npc_name_decorate:#name=John Sims;", "From_Localised":"John Sims", "Message":"$Pirate_OnDeclarePiracyAttack05;", "Message_Localised":"You have no chance now.", "Channel":"npc" }
{ "timestamp":"2017-01-28T16:13:40Z", "event":"Bounty", "Rewards":[ { "Faction":"Berzites Bridge Ltd", "Reward":24275 } ], "Target":"cobramkiii", "TotalReward":24275, "VictimFaction":"Berzites Pro-Alliance Party" }
{ "timestamp":"2017-01-28T16:14:02Z", "event":"SupercruiseEntry", "StarSystem":"Berzites" }
{ "timestamp":"2017-01-28T16:15:42Z", "event":"SupercruiseExit", "StarSystem":"Berzites", "Body":"Ponce de Leon Vision", "BodyType":"Station" }
{ "timestamp":"2017-01-28T16:16:03Z", "event":"DockingRequested", "StationName":"Ponce de Leon Vision" }
{ "timestamp":"2017-01-28T16:16:03Z", "event":"ReceiveText", "From":"Ponce de Leon Vision", "Message":"$DockingChatter_Neutral;", "Message_Localised":"Ensure to observe starport protocol during your visit, pilot.", "Channel":"npc" }
{ "timestamp":"2017-01-28T16:16:04Z", "event":"ReceiveText", "From":"Ponce de Leon Vision", "Message":"$STATION_docking_granted;", "Message_Localised":"Docking request granted.", "Channel":"npc" }
{ "timestamp":"2017-01-28T16:16:04Z", "event":"DockingGranted", "LandingPad":8, "StationName":"Ponce de Leon Vision" }
{ "timestamp":"2017-01-28T16:16:10Z", "event":"ReceiveText", "From":"Ponce de Leon Vision", "Message":"$STATION_NoFireZone_entered;", "Message_Localised":"No fire zone entered.", "Channel":"npc" }
{ "timestamp":"2017-01-28T16:16:35Z", "event":"ReceiveText", "From":"$ShipName_Police_Alliance;", "From_Localised":"Allied Police Forces", "Message":"$Police_ThankYouPassedStopAndSearch11;", "Message_Localised":"We didn't find anything on you this time.", "Channel":"npc" }
{ "timestamp":"2017-01-28T16:17:07Z", "event":"Docked", "StationName":"Ponce de Leon Vision", "StationType":"Coriolis", "StarSystem":"Berzites", "StationFaction":"Berzites Bridge Ltd", "FactionState":"Boom", "StationGovernment":"$government_Corporate;", "StationGovernment_Localised":"Corporate", "StationAllegiance":"Alliance", "StationEconomy":"$economy_Industrial;", "StationEconomy_Localised":"Industrial" }
{ "timestamp":"2017-01-28T16:22:57Z", "event":"CommunityGoalJoin", "Name":"Alliance Combat Operation", "System":"Fedmich" }
{ "timestamp":"2017-01-28T16:22:59Z", "event":"CommunityGoalJoin", "Name":"Alliance Rescue Operation", "System":"Fedmich" }
{ "timestamp":"2017-01-28T16:23:04Z", "event":"RefuelAll", "Cost":734, "Amount":14.655362 }
{ "timestamp":"2017-01-28T16:23:05Z", "event":"BuyAmmo", "Cost":1024 }
{ "timestamp":"2017-01-28T16:24:45Z", "event":"ModuleBuy", "Slot":"MediumHardpoint1", "BuyItem":"$hpt_beamlaser_turret_medium_name;", "BuyItem_Localised":"Beam Laser", "BuyPrice":2099900, "Ship":"python", "ShipID":16 }
{ "timestamp":"2017-01-28T16:24:51Z", "event":"ReceiveText", "From":"$npc_name_decorate:#name=Paul Steven Haigh;", "From_Localised":"Paul Steven Haigh", "Message":"$Commuter_AuthorityScan02;", "Message_Localised":"How can I be of assistance?", "Channel":"npc" }
{ "timestamp":"2017-01-28T16:24:58Z", "event":"ModuleBuy", "Slot":"MediumHardpoint2", "BuyItem":"$hpt_beamlaser_turret_medium_name;", "BuyItem_Localised":"Beam Laser", "BuyPrice":2099900, "Ship":"python", "ShipID":16 }
{ "timestamp":"2017-01-28T16:27:48Z", "event":"ModuleBuy", "Slot":"Slot05_Size5", "SellItem":"$int_fuelscoop_size5_class4_name;", "SellItem_Localised":"Fuel Scoop", "SellPrice":2268424, "BuyItem":"$int_dronecontrol_collection_size3_class4_name;", "BuyItem_Localised":"Collector", "BuyPrice":43200, "Ship":"python", "ShipID":16 }
{ "timestamp":"2017-01-28T16:28:09Z", "event":"ModuleSwap", "FromSlot":"Slot05_Size5", "ToSlot":"Slot07_Size3", "FromItem":"$int_dronecontrol_collection_size3_class4_name;", "FromItem_Localised":"Collector", "ToItem":"Null", "Ship":"python", "ShipID":16 }
{ "timestamp":"2017-01-28T16:28:15Z", "event":"ModuleBuy", "Slot":"Slot05_Size5", "BuyItem":"$int_cargorack_size5_class1_name;", "BuyItem_Localised":"Cargo Rack", "BuyPrice":111566, "Ship":"python", "ShipID":16 }
{ "timestamp":"2017-01-28T16:31:32Z", "event":"BuyDrones", "Type":"Drones", "Count":20, "BuyPrice":101, "TotalCost":2020 }
{ "timestamp":"2017-01-28T16:32:20Z", "event":"Undocked", "StationName":"Ponce de Leon Vision", "StationType":"Coriolis" }
{ "timestamp":"2017-01-28T16:33:05Z", "event":"ReceiveText", "From":"Ponce de Leon Vision", "Message":"$STATION_NoFireZone_exited;", "Message_Localised":"No fire zone left.", "Channel":"npc" }
{ "timestamp":"2017-01-28T16:33:53Z", "event":"FSDJump", "StarSystem":"Fedmich", "StarPos":[23.875,75.188,35.750], "SystemAllegiance":"Alliance", "SystemEconomy":"$economy_Industrial;", "SystemEconomy_Localised":"Industrial", "SystemGovernment":"$government_Corporate;", "SystemGovernment_Localised":"Corporate", "SystemSecurity":"$SYSTEM_SECURITY_high;", "SystemSecurity_Localised":"High Security", "JumpDist":12.640, "FuelUsed":1.166935, "FuelLevel":30.833065, "SystemFaction":"Fedmich Electronics Partners", "FactionState":"Boom" }
{ "timestamp":"2017-01-28T16:34:58Z", "event":"USSDrop", "USSType":"$USS_Type_Convoy;", "USSType_Localised":"Convoy dispersal pattern detected", "USSThreat":0 }
{ "timestamp":"2017-01-28T16:35:04Z", "event":"SupercruiseExit", "StarSystem":"Fedmich", "Body":"Fedmich", "BodyType":"Star" }
{ "timestamp":"2017-01-28T16:35:15Z", "event":"MaterialCollected", "Category":"Encoded", "Name":"shieldpatternanalysis", "Count":3 }
{ "timestamp":"2017-01-28T16:35:15Z", "event":"MaterialCollected", "Category":"Encoded", "Name":"shieldcyclerecordings", "Count":3 }
{ "timestamp":"2017-01-28T16:36:22Z", "event":"SupercruiseEntry", "StarSystem":"Fedmich" }
{ "timestamp":"2017-01-28T16:38:24Z", "event":"USSDrop", "USSType":"$USS_Type_WeaponsFire;", "USSType_Localised":"Weapons fire detected", "USSThreat":1 }
{ "timestamp":"2017-01-28T16:38:26Z", "event":"SupercruiseExit", "StarSystem":"Fedmich", "Body":"Fedmich", "BodyType":"Star" }
{ "timestamp":"2017-01-28T16:38:39Z", "event":"MaterialCollected", "Category":"Encoded", "Name":"shieldpatternanalysis", "Count":3 }
{ "timestamp":"2017-01-28T16:38:39Z", "event":"MaterialCollected", "Category":"Encoded", "Name":"shieldpatternanalysis", "Count":3 }
{ "timestamp":"2017-01-28T16:38:46Z", "event":"ReceiveText", "From":"$npc_name_decorate:#name=Ricki Hall;", "From_Localised":"Ricki Hall", "Message":"$Pirate_OnDeclarePiracyAttack01;", "Message_Localised":"I'll pick your bones clean, greenhorn.", "Channel":"npc" }
{ "timestamp":"2017-01-28T16:39:34Z", "event":"Bounty", "Rewards":[ { "Faction":"Fedmich Electronics Partners", "Reward":41637 }, { "Faction":"Defence Party of Fedmich", "Reward":16087 } ], "Target":"asp_scout", "TotalReward":57724, "VictimFaction":"Fedmich Electronics Partners" }
{ "timestamp":"2017-01-28T16:40:28Z", "event":"ReceiveText", "From":"$ShipName_Police_Alliance;", "From_Localised":"Allied Police Forces", "Message":"$Police_ThankYouPassedStopAndSearch08;", "Message_Localised":"All done and you're clear to proceed, Commander.", "Channel":"npc" }
{ "timestamp":"2017-01-28T16:40:29Z", "event":"MaterialCollected", "Category":"Manufactured", "Name":"precipitatedalloys", "Count":3 }
{ "timestamp":"2017-01-28T16:40:38Z", "event":"MaterialCollected", "Category":"Manufactured", "Name":"galvanisingalloys", "Count":3 }
{ "timestamp":"2017-01-28T16:41:09Z", "event":"MaterialCollected", "Category":"Manufactured", "Name":"galvanisingalloys", "Count":3 }
{ "timestamp":"2017-01-28T16:41:10Z", "event":"MaterialCollected", "Category":"Manufactured", "Name":"refinedfocuscrystals", "Count":3 }
{ "timestamp":"2017-01-28T16:41:24Z", "event":"MaterialCollected", "Category":"Manufactured", "Name":"refinedfocuscrystals", "Count":3 }
{ "timestamp":"2017-01-28T16:41:28Z", "event":"MaterialCollected", "Category":"Manufactured", "Name":"salvagedalloys", "Count":3 }
{ "timestamp":"2017-01-28T16:41:38Z", "event":"MaterialCollected", "Category":"Manufactured", "Name":"focuscrystals", "Count":3 }
{ "timestamp":"2017-01-28T16:41:56Z", "event":"SupercruiseEntry", "StarSystem":"Fedmich" }
{ "timestamp":"2017-01-28T16:44:32Z", "event":"USSDrop", "USSType":"$USS_Type_WeaponsFire;", "USSType_Localised":"Weapons fire detected", "USSThreat":1 }
{ "timestamp":"2017-01-28T16:44:33Z", "event":"SupercruiseExit", "StarSystem":"Fedmich", "Body":"Fedmich", "BodyType":"Star" }
{ "timestamp":"2017-01-28T16:45:03Z", "event":"ReceiveText", "From":"$npc_name_decorate:#name=Matt Retallack;", "From_Localised":"Matt Retallack", "Message":"$Pirate_OnDeclarePiracyAttack01;", "Message_Localised":"I'll pick your bones clean, greenhorn.", "Channel":"npc" }
{ "timestamp":"2017-01-28T16:46:07Z", "event":"ReceiveText", "From":"$npc_name_decorate:#name=Matt Retallack;", "From_Localised":"Matt Retallack", "Message":"$Pirate_OnHullLowJumpAway13;", "Message_Localised":"I'm not saying that you're better than me, but I have to be elsewhere.", "Channel":"npc" }
{ "timestamp":"2017-01-28T16:46:14Z", "event":"Bounty", "Rewards":[ { "Faction":"Fedmich Electronics Partners", "Reward":21450 }, { "Faction":"Berzites Bridge Ltd", "Reward":8550 } ], "Target":"viper_mkiv", "TotalReward":30000, "VictimFaction":"Fedmich Mafia" }
{ "timestamp":"2017-01-28T16:46:30Z", "event":"ReceiveText", "From":"$ShipName_Police_Alliance;", "From_Localised":"Allied Police Forces", "Message":"$Police_ThankYouPassedStopAndSearch06;", "Message_Localised":"We're done here pilot, move along.", "Channel":"npc" }
{ "timestamp":"2017-01-28T16:46:52Z", "event":"SupercruiseEntry", "StarSystem":"Fedmich" }
{ "timestamp":"2017-01-28T16:48:12Z", "event":"SupercruiseExit", "StarSystem":"Fedmich", "Body":"Roberts Port", "BodyType":"Station" }
{ "timestamp":"2017-01-28T16:48:28Z", "event":"DockingRequested", "StationName":"Roberts Port" }
{ "timestamp":"2017-01-28T16:48:28Z", "event":"ReceiveText", "From":"Roberts Port", "Message":"$DockingChatter_Neutral;", "Message_Localised":"Ensure to observe starport protocol during your visit, pilot.", "Channel":"npc" }
{ "timestamp":"2017-01-28T16:48:29Z", "event":"ReceiveText", "From":"Roberts Port", "Message":"$STATION_docking_granted;", "Message_Localised":"Docking request granted.", "Channel":"npc" }
{ "timestamp":"2017-01-28T16:48:29Z", "event":"DockingGranted", "LandingPad":8, "StationName":"Roberts Port" }
{ "timestamp":"2017-01-28T16:48:37Z", "event":"ReceiveText", "From":"Roberts Port", "Message":"$STATION_NoFireZone_entered;", "Message_Localised":"No fire zone entered.", "Channel":"npc" }
{ "timestamp":"2017-01-28T16:49:25Z", "event":"Docked", "StationName":"Roberts Port", "StationType":"Coriolis", "StarSystem":"Fedmich", "StationFaction":"Fedmich Electronics Partners", "FactionState":"Boom", "StationGovernment":"$government_Corporate;", "StationGovernment_Localised":"Corporate", "StationAllegiance":"Alliance", "StationEconomy":"$economy_Industrial;", "StationEconomy_Localised":"Industrial" }
{ "timestamp":"2017-01-28T16:49:49Z", "event":"RefuelAll", "Cost":81, "Amount":1.594891 }
{ "timestamp":"2017-01-28T16:51:24Z", "event":"RedeemVoucher", "Type":"bounty", "Amount":211659 }
{ "timestamp":"2017-01-28T16:59:47Z", "event":"BuyAmmo", "Cost":401 }
{ "timestamp":"2017-01-28T17:00:11Z", "event":"Undocked", "StationName":"Roberts Port", "StationType":"Coriolis" }
{ "timestamp":"2017-01-28T17:01:13Z", "event":"ReceiveText", "From":"Roberts Port", "Message":"$STATION_NoFireZone_exited;", "Message_Localised":"No fire zone left.", "Channel":"npc" }
{ "timestamp":"2017-01-28T17:01:16Z", "event":"ReceiveText", "From":"$ShipName_Police_Alliance;", "From_Localised":"Allied Police Forces", "Message":"$Police_ThankYouPassedStopAndSearch07;", "Message_Localised":"Your scan is clear. Carry on with your journey, Commander.", "Channel":"npc" }
{ "timestamp":"2017-01-28T17:01:55Z", "event":"SupercruiseEntry", "StarSystem":"Fedmich" }
{ "timestamp":"2017-01-28T17:08:35Z", "event":"SupercruiseExit", "StarSystem":"Fedmich", "Body":"Fedmich 8 A Ring", "BodyType":"PlanetaryRing" }
{ "timestamp":"2017-01-28T17:09:17Z", "event":"ReceiveText", "From":"$npc_name_decorate:#name=Ashley Finney;", "From_Localised":"Ashley Finney", "Message":"$Pirate_OnStartScanCargo07;", "Message_Localised":"Do you have anything of value?", "Channel":"npc" }
{ "timestamp":"2017-01-28T17:09:32Z", "event":"ReceiveText", "From":"$npc_name_decorate:#name=Ashley Finney;", "From_Localised":"Ashley Finney", "Message":"$Pirate_OnStartScanCargo09;", "Message_Localised":"The scan will soon be over.", "Channel":"npc" }
{ "timestamp":"2017-01-28T17:09:33Z", "event":"ReceiveText", "From":"$npc_name_decorate:#name=bushby;", "From_Localised":"bushby", "Message":"$Pirate_OnStartScanCargo08;", "Message_Localised":"What do you have in your cargo hold?", "Channel":"npc" }
{ "timestamp":"2017-01-28T17:09:38Z", "event":"ReceiveText", "From":"$npc_name_decorate:#name=Ashley Finney;", "From_Localised":"Ashley Finney", "Message":"$Pirate_OnDeclarePiracyAttack03;", "Message_Localised":"Now you die, victim.", "Channel":"npc" }
{ "timestamp":"2017-01-28T17:09:43Z", "event":"ReceiveText", "From":"$npc_name_decorate:#name=bushby;", "From_Localised":"bushby", "Message":"$Pirate_OnNoCargoFound03;", "Message_Localised":"No cargo? Useless dreg.", "Channel":"npc" }
{ "timestamp":"2017-01-28T17:09:45Z", "event":"ReceiveText", "From":"$ShipName_Police_Alliance;", "From_Localised":"Allied Police Forces", "Message":"$Police_ArrivedAtInvestigationLocation01;", "Message_Localised":"All citizens must submit to authority scans. Do not attempt to flee!", "Channel":"npc" }
{ "timestamp":"2017-01-28T17:09:46Z", "event":"Bounty", "Rewards":[ { "Faction":"Fedmich Electronics Partners", "Reward":200 }, { "Faction":"Alliance", "Reward":5760 } ], "Target":"eagle", "TotalReward":5960, "VictimFaction":"Fedmich Mafia" }
{ "timestamp":"2017-01-28T17:10:00Z", "event":"ReceiveText", "From":"$ShipName_Police_Alliance;", "From_Localised":"Allied Police Forces", "Message":"$Police_ArrivedAtInvestigationLocation04;", "Message_Localised":"Rapid deployment unit deployed. Initiating scans of all ships in the area.", "Channel":"npc" }
{ "timestamp":"2017-01-28T17:10:05Z", "event":"MaterialCollected", "Category":"Encoded", "Name":"shieldpatternanalysis", "Count":3 }
{ "timestamp":"2017-01-28T17:10:20Z", "event":"ReceiveText", "From":"$npc_name_decorate:#name=Gavin Meek;", "From_Localised":"Gavin Meek", "Message":"$Pirate_OnStartScanCargo05;", "Message_Localised":"What treats do you carry?", "Channel":"npc" }
{ "timestamp":"2017-01-28T17:10:30Z", "event":"ReceiveText", "From":"$npc_name_decorate:#name=Gavin Meek;", "From_Localised":"Gavin Meek", "Message":"$Pirate_OnNoCargoFound03;", "Message_Localised":"No cargo? Useless dreg.", "Channel":"npc" }
{ "timestamp":"2017-01-28T17:10:35Z", "event":"ReceiveText", "From":"$npc_name_decorate:#name=bushby;", "From_Localised":"bushby", "Message":"$Pirate_OnDeclarePiracyAttack03;", "Message_Localised":"Now you die, victim.", "Channel":"npc" }
{ "timestamp":"2017-01-28T17:10:41Z", "event":"ReceiveText", "From":"$ShipName_Police_Alliance;", "From_Localised":"Allied Police Forces", "Message":"$Police_ThankYouPassedStopAndSearch02;", "Message_Localised":"You're clean. Proceed, pilot.", "Channel":"npc" }
{ "timestamp":"2017-01-28T17:11:06Z", "event":"Bounty", "Rewards":[ { "Faction":"Fedmich Electronics Partners", "Reward":200 }, { "Faction":"Alliance", "Reward":17280 } ], "Target":"viper_mkiv", "TotalReward":17480, "VictimFaction":"Defence Party of Fedmich" }
{ "timestamp":"2017-01-28T17:11:23Z", "event":"ReceiveText", "From":"$ShipName_Police_Alliance;", "From_Localised":"Allied Police Forces", "Message":"$Police_FinishedAtInvestigationLocation01;", "Message_Localised":"Scanning complete. Citizens, please return to your business.", "Channel":"npc" }
{ "timestamp":"2017-01-28T17:12:34Z", "event":"MaterialCollected", "Category":"Encoded", "Name":"shieldcyclerecordings", "Count":3 }
{ "timestamp":"2017-01-28T17:12:41Z", "event":"ReceiveText", "From":"$npc_name_decorate:#name=Gavin Meek;", "From_Localised":"Gavin Meek", "Message":"$BadKarmaCriticalDamage07;", "Message_Localised":"Too much damage!", "Channel":"npc" }
{ "timestamp":"2017-01-28T17:13:38Z", "event":"ReceiveText", "From":"$npc_name_decorate:#name=Paul Van Swank;", "From_Localised":"Paul Van Swank", "Message":"$BadKarmaCriticalDamage04;", "Message_Localised":"I don't believe it!", "Channel":"npc" }
{ "timestamp":"2017-01-28T17:13:39Z", "event":"ReceiveText", "From":"$npc_name_decorate:#name=hash;", "From_Localised":"hash", "Message":"$BadKarmaCriticalDamage09;", "Message_Localised":"I can see when I'm outmatched.", "Channel":"npc" }
{ "timestamp":"2017-01-28T17:14:19Z", "event":"ReceiveText", "From":"$npc_name_decorate:#name=Pizzoni;", "From_Localised":"Pizzoni", "Message":"$Pirate_OnStartScanCargo06;", "Message_Localised":"Let's see what you are carrying.", "Channel":"npc" }
{ "timestamp":"2017-01-28T17:14:29Z", "event":"ReceiveText", "From":"$npc_name_decorate:#name=Pizzoni;", "From_Localised":"Pizzoni", "Message":"$Pirate_OnNoCargoFound11;", "Message_Localised":"Another empty cargo hold. My children will go hungry tonight.", "Channel":"npc" }
{ "timestamp":"2017-01-28T17:14:50Z", "event":"MaterialCollected", "Category":"Encoded", "Name":"shieldpatternanalysis", "Count":3 }
{ "timestamp":"2017-01-28T17:14:55Z", "event":"ReceiveText", "From":"$npc_name_decorate:#name=Pizzoni;", "From_Localised":"Pizzoni", "Message":"$Pirate_OnDeclarePiracyAttack01;", "Message_Localised":"I'll pick your bones clean, greenhorn.", "Channel":"npc" }
{ "timestamp":"2017-01-28T17:15:03Z", "event":"Bounty", "Rewards":[ { "Faction":"Fedmich Electronics Partners", "Reward":9697 } ], "Target":"viper_mkiv", "TotalReward":9697, "VictimFaction":"Fedmich Mafia" }
{ "timestamp":"2017-01-28T17:15:13Z", "event":"MaterialCollected", "Category":"Encoded", "Name":"shieldsoakanalysis", "Count":3 }
{ "timestamp":"2017-01-28T17:15:31Z", "event":"ReceiveText", "From":"$npc_name_decorate:#name=Bora Horza Gobuchul;", "From_Localised":"Bora Horza Gobuchul", "Message":"$Pirate_OnStartScanCargo10;", "Message_Localised":"Let me see what you have.", "Channel":"npc" }
{ "timestamp":"2017-01-28T17:15:41Z", "event":"ReceiveText", "From":"$npc_name_decorate:#name=Bora Horza Gobuchul;", "From_Localised":"Bora Horza Gobuchul", "Message":"$Pirate_OnNoCargoFound09;", "Message_Localised":"Next time you should fill your hold with gold.", "Channel":"npc" }
{ "timestamp":"2017-01-28T17:15:43Z", "event":"ReceiveText", "From":"$npc_name_decorate:#name=Dominic Contardi;", "From_Localised":"Dominic Contardi", "Message":"$Miner_OnJumpCargoFull01;", "Message_Localised":"Another day, another good haul.", "Channel":"npc" }
{ "timestamp":"2017-01-28T17:15:49Z", "event":"ReceiveText", "From":"$npc_name_decorate:#name=Bora Horza Gobuchul;", "From_Localised":"Bora Horza Gobuchul", "Message":"$Pirate_OnDeclarePiracyAttack03;", "Message_Localised":"Now you die, victim.", "Channel":"npc" }
{ "timestamp":"2017-01-28T17:15:59Z", "event":"ReceiveText", "From":"$npc_name_decorate:#name=Freddy Three-Fingers;", "From_Localised":"Freddy Three-Fingers", "Message":"$BadKarmaCriticalDamage01;", "Message_Localised":"How is this happening?!", "Channel":"npc" }
{ "timestamp":"2017-01-28T17:16:06Z", "event":"Bounty", "Rewards":[ { "Faction":"Fedmich Electronics Partners", "Reward":17572 } ], "Target":"viper", "TotalReward":17572, "VictimFaction":"Fedmich Mafia" }
{ "timestamp":"2017-01-28T17:16:23Z", "event":"ReceiveText", "From":"$ShipName_Police_Alliance;", "From_Localised":"Allied Police Forces", "Message":"$Police_ThankYouPassedStopAndSearch05;", "Message_Localised":"Scan finished. Be about your business.", "Channel":"npc" }
{ "timestamp":"2017-01-28T17:20:45Z", "event":"ReceiveText", "From":"$npc_name_decorate:#name=Nathan Sprye;", "From_Localised":"Nathan Sprye", "Message":"$BadKarmaCriticalDamage03;", "Message_Localised":"You fight a good fight!", "Channel":"npc" }
{ "timestamp":"2017-01-28T17:20:56Z", "event":"Bounty", "Rewards":[ { "Faction":"Fedmich Electronics Partners", "Reward":18652 } ], "Target":"cobramkiv", "TotalReward":18652, "VictimFaction":"Fedmich Mafia" }
{ "timestamp":"2017-01-28T17:21:11Z", "event":"ReceiveText", "From":"$npc_name_decorate:#name=Richard Brown;", "From_Localised":"Richard Brown", "Message":"$Pirate_OnStartScanCargo09;", "Message_Localised":"The scan will soon be over.", "Channel":"npc" }
{ "timestamp":"2017-01-28T17:21:19Z", "event":"ReceiveText", "From":"$npc_name_decorate:#name=Mad Man Two Swords;", "From_Localised":"Mad Man Two Swords", "Message":"$Pirate_OnStartScanCargo08;", "Message_Localised":"What do you have in your cargo hold?", "Channel":"npc" }
{ "timestamp":"2017-01-28T17:21:21Z", "event":"ReceiveText", "From":"$npc_name_decorate:#name=Richard Brown;", "From_Localised":"Richard Brown", "Message":"$Pirate_OnNoCargoFound07;", "Message_Localised":"Nothing for me here.", "Channel":"npc" }
{ "timestamp":"2017-01-28T17:21:21Z", "event":"ReceiveText", "From":"$npc_name_decorate:#name=Daniel Beswick;", "From_Localised":"Daniel Beswick", "Message":"$Pirate_OnStartScanCargo09;", "Message_Localised":"The scan will soon be over.", "Channel":"npc" }
{ "timestamp":"2017-01-28T17:21:22Z", "event":"MaterialCollected", "Category":"Encoded", "Name":"emissiondata", "Count":3 }
{ "timestamp":"2017-01-28T17:21:23Z", "event":"ReceiveText", "From":"$npc_name_decorate:#name=Mad Man Two Swords;", "From_Localised":"Mad Man Two Swords", "Message":"$Pirate_OnDeclarePiracyAttack01;", "Message_Localised":"I'll pick your bones clean, greenhorn.", "Channel":"npc" }
{ "timestamp":"2017-01-28T17:21:31Z", "event":"ReceiveText", "From":"$npc_name_decorate:#name=Daniel Beswick;", "From_Localised":"Daniel Beswick", "Message":"$Pirate_OnNoCargoFound10;", "Message_Localised":"There's nothing worth my while here.", "Channel":"npc" }
{ "timestamp":"2017-01-28T17:21:32Z", "event":"Bounty", "Rewards":[ { "Faction":"Fedmich Electronics Partners", "Reward":200 }, { "Faction":"Alliance", "Reward":7290 } ], "Target":"empire_eagle", "TotalReward":7490, "VictimFaction":"Fedmich Mafia" }
{ "timestamp":"2017-01-28T17:21:48Z", "event":"ReceiveText", "From":"$npc_name_decorate:#name=George Fenner;", "From_Localised":"George Fenner", "Message":"$BadKarmaCriticalDamage10;", "Message_Localised":"You've scratched my paint!", "Channel":"npc" }
{ "timestamp":"2017-01-28T17:22:25Z", "event":"ReceiveText", "From":"$npc_name_decorate:#name=Daniel Beswick;", "From_Localised":"Daniel Beswick", "Message":"$Pirate_OnEnemyShipDetection01;", "Message_Localised":"Back off, scum.", "Channel":"npc" }
{ "timestamp":"2017-01-28T17:22:26Z", "event":"Bounty", "Rewards":[ { "Faction":"Alliance", "Reward":8370 } ], "Target":"eagle", "TotalReward":8370, "VictimFaction":"Fedmich Mafia" }
{ "timestamp":"2017-01-28T17:22:38Z", "event":"ReceiveText", "From":"$npc_name_decorate:#name=Daniel Beswick;", "From_Localised":"Daniel Beswick", "Message":"$BadKarmaCriticalDamage09;", "Message_Localised":"I can see when I'm outmatched.", "Channel":"npc" }
{ "timestamp":"2017-01-28T17:22:42Z", "event":"Bounty", "Rewards":[ { "Faction":"Fedmich Electronics Partners", "Reward":6150 } ], "Target":"sidewinder", "TotalReward":6150, "VictimFaction":"Fedmich Mafia" }
{ "timestamp":"2017-01-28T17:23:22Z", "event":"MaterialCollected", "Category":"Encoded", "Name":"decodedemissiondata", "Count":3 }
{ "timestamp":"2017-01-28T17:23:22Z", "event":"MaterialCollected", "Category":"Encoded", "Name":"shieldpatternanalysis", "Count":3 }
{ "timestamp":"2017-01-28T17:23:23Z", "event":"MaterialCollected", "Category":"Encoded", "Name":"decodedemissiondata", "Count":3 }
{ "timestamp":"2017-01-28T17:23:24Z", "event":"ReceiveText", "From":"$npc_name_decorate:#name=Alison Bowles;", "From_Localised":"Alison Bowles", "Message":"$BadKarmaCriticalDamage02;", "Message_Localised":"Impossible!", "Channel":"npc" }
{ "timestamp":"2017-01-28T17:23:28Z", "event":"Bounty", "Rewards":[ { "Faction":"Fedmich Electronics Partners", "Reward":30020 } ], "Target":"asp_scout", "TotalReward":30020, "VictimFaction":"Fedmich Mafia" }
{ "timestamp":"2017-01-28T17:24:09Z", "event":"ReceiveText", "From":"$npc_name_decorate:#name=Datarecptor;", "From_Localised":"Datarecptor", "Message":"$Pirate_OnStartScanCargo10;", "Message_Localised":"Let me see what you have.", "Channel":"npc" }
{ "timestamp":"2017-01-28T17:24:19Z", "event":"ReceiveText", "From":"$npc_name_decorate:#name=Datarecptor;", "From_Localised":"Datarecptor", "Message":"$Pirate_OnNoCargoFound06;", "Message_Localised":"Another dream of riches dashed.", "Channel":"npc" }
{ "timestamp":"2017-01-28T17:24:29Z", "event":"ReceiveText", "From":"$npc_name_decorate:#name=Datarecptor;", "From_Localised":"Datarecptor", "Message":"$BadKarmaCriticalDamage05;", "Message_Localised":"No, no!", "Channel":"npc" }
{ "timestamp":"2017-01-28T17:24:37Z", "event":"Bounty", "Rewards":[ { "Faction":"Fedmich Electronics Partners", "Reward":29280 } ], "Target":"viper_mkiv", "TotalReward":29280, "VictimFaction":"Fedmich Mafia" }
{ "timestamp":"2017-01-28T17:25:29Z", "event":"Bounty", "Rewards":[ { "Faction":"Fedmich Electronics Partners", "Reward":16530 } ], "Target":"cobramkiii", "TotalReward":16530, "VictimFaction":"Fedmich Electronics Partners" }
{ "timestamp":"2017-01-28T17:26:35Z", "event":"ReceiveText", "From":"$npc_name_decorate:#name=ISaidYouWouldDie;", "From_Localised":"ISaidYouWouldDie", "Message":"$Pirate_OnStartScanCargo10;", "Message_Localised":"Let me see what you have.", "Channel":"npc" }
{ "timestamp":"2017-01-28T17:26:36Z", "event":"MaterialCollected", "Category":"Encoded", "Name":"emissiondata", "Count":3 }
{ "timestamp":"2017-01-28T17:26:45Z", "event":"ReceiveText", "From":"$npc_name_decorate:#name=ISaidYouWouldDie;", "From_Localised":"ISaidYouWouldDie", "Message":"$Pirate_OnNoCargoFound01;", "Message_Localised":"No cargo? Waste of time...", "Channel":"npc" }
{ "timestamp":"2017-01-28T17:27:00Z", "event":"ReceiveText", "From":"$npc_name_decorate:#name=ISaidYouWouldDie;", "From_Localised":"ISaidYouWouldDie", "Message":"$BadKarmaCriticalDamage09;", "Message_Localised":"I can see when I'm outmatched.", "Channel":"npc" }
{ "timestamp":"2017-01-28T17:27:12Z", "event":"Bounty", "Rewards":[ { "Faction":"Fedmich Electronics Partners", "Reward":10962 } ], "Target":"empire_eagle", "TotalReward":10962, "VictimFaction":"Fedmich Mafia" }
{ "timestamp":"2017-01-28T17:27:19Z", "event":"ReceiveText", "From":"$npc_name_decorate:#name=Russell K Dodd;", "From_Localised":"Russell K Dodd", "Message":"$BadKarmaCriticalDamage01;", "Message_Localised":"How is this happening?!", "Channel":"npc" }
{ "timestamp":"2017-01-28T17:27:39Z", "event":"ReceiveText", "From":"$ShipName_Police_Alliance;", "From_Localised":"Allied Police Forces", "Message":"$Police_ThankYouPassedStopAndSearch09;", "Message_Localised":"Move along, Commander, we're done here.", "Channel":"npc" }
{ "timestamp":"2017-01-28T17:28:06Z", "event":"Bounty", "Rewards":[ { "Faction":"Fedmich Electronics Partners", "Reward":200 }, { "Faction":"Alliance", "Reward":12172 } ], "Target":"empire_courier", "TotalReward":12372, "VictimFaction":"Fedmich Mafia" }
{ "timestamp":"2017-01-28T17:28:18Z", "event":"ReceiveText", "From":"$npc_name_decorate:#name=Mat Oakley;", "From_Localised":"Mat Oakley", "Message":"$Pirate_OnStartScanCargo04;", "Message_Localised":"What do you carry, I wonder?", "Channel":"npc" }
{ "timestamp":"2017-01-28T17:28:25Z", "event":"ReceiveText", "From":"$npc_name_decorate:#name=Mat Oakley;", "From_Localised":"Mat Oakley", "Message":"$Pirate_OnDeclarePiracyAttack05;", "Message_Localised":"You have no chance now.", "Channel":"npc" }
{ "timestamp":"2017-01-28T17:28:28Z", "event":"ReceiveText", "From":"$npc_name_decorate:#name=Mat Oakley;", "From_Localised":"Mat Oakley", "Message":"$BadKarmaCriticalDamage10;", "Message_Localised":"You've scratched my paint!", "Channel":"npc" }
{ "timestamp":"2017-01-28T17:28:32Z", "event":"Bounty", "Rewards":[ { "Faction":"Alliance", "Reward":2272 } ], "Target":"sidewinder", "TotalReward":2272, "VictimFaction":"Fedmich Mafia" }
{ "timestamp":"2017-01-28T17:28:36Z", "event":"ReceiveText", "From":"$npc_name_decorate:#name=Ralph;", "From_Localised":"Ralph", "Message":"$BadKarmaCriticalDamage08;", "Message_Localised":"I've taken too many hits.", "Channel":"npc" }
{ "timestamp":"2017-01-28T17:29:23Z", "event":"ReceiveText", "From":"$npc_name_decorate:#name=Bundy;", "From_Localised":"Bundy", "Message":"$BadKarmaCriticalDamage01;", "Message_Localised":"How is this happening?!", "Channel":"npc" }
{ "timestamp":"2017-01-28T17:29:39Z", "event":"ReceiveText", "From":"$npc_name_decorate:#name=Keen Carmack;", "From_Localised":"Keen Carmack", "Message":"$Escort_NearDeath06;", "Message_Localised":"I can't hold on any longer.", "Channel":"npc" }
{ "timestamp":"2017-01-28T17:29:47Z", "event":"Bounty", "Rewards":[ { "Faction":"Fedmich Electronics Partners", "Reward":3530 } ], "Target":"eagle", "TotalReward":3530, "VictimFaction":"Fedmich Mafia" }
{ "timestamp":"2017-01-28T17:30:11Z", "event":"ReceiveText", "From":"$npc_name_decorate:#name=Martin Moen;", "From_Localised":"Martin Moen", "Message":"$Pirate_OnDeclarePiracyAttack05;", "Message_Localised":"You have no chance now.", "Channel":"npc" }
{ "timestamp":"2017-01-28T17:30:13Z", "event":"ReceiveText", "From":"$npc_name_decorate:#name=Martin Moen;", "From_Localised":"Martin Moen", "Message":"$BadKarmaCriticalDamage08;", "Message_Localised":"I've taken too many hits.", "Channel":"npc" }
{ "timestamp":"2017-01-28T17:30:18Z", "event":"Bounty", "Rewards":[ { "Faction":"Fedmich Electronics Partners", "Reward":200 }, { "Faction":"Alliance", "Reward":3975 } ], "Target":"eagle", "TotalReward":4175, "VictimFaction":"Fedmich Mafia" }
{ "timestamp":"2017-01-28T17:31:02Z", "event":"SupercruiseEntry", "StarSystem":"Fedmich" }
{ "timestamp":"2017-01-28T17:31:46Z", "event":"SupercruiseExit", "StarSystem":"Fedmich", "Body":"Fedmich 8 A Ring", "BodyType":"PlanetaryRing" }
{ "timestamp":"2017-01-28T17:32:47Z", "event":"MaterialCollected", "Category":"Encoded", "Name":"scandatabanks", "Count":3 }
{ "timestamp":"2017-01-28T17:32:48Z", "event":"ReceiveText", "From":"$npc_name_decorate:#name=Michael Gove;", "From_Localised":"Michael Gove", "Message":"$Pirate_OnStartScanCargo10;", "Message_Localised":"Let me see what you have.", "Channel":"npc" }
{ "timestamp":"2017-01-28T17:32:58Z", "event":"ReceiveText", "From":"$npc_name_decorate:#name=Michael Gove;", "From_Localised":"Michael Gove", "Message":"$Pirate_OnNoCargoFound05;", "Message_Localised":"How do you fools make a living?", "Channel":"npc" }
{ "timestamp":"2017-01-28T17:33:00Z", "event":"ReceiveText", "From":"$ShipName_Police_Alliance;", "From_Localised":"Allied Police Forces", "Message":"$Police_ThankYouPassedStopAndSearch05;", "Message_Localised":"Scan finished. Be about your business.", "Channel":"npc" }
{ "timestamp":"2017-01-28T17:33:16Z", "event":"ReceiveText", "From":"$npc_name_decorate:#name=Michael Gove;", "From_Localised":"Michael Gove", "Message":"$Pirate_OnDeclarePiracyAttack05;", "Message_Localised":"You have no chance now.", "Channel":"npc" }
{ "timestamp":"2017-01-28T17:33:16Z", "event":"ReceiveText", "From":"$npc_name_decorate:#name=Mordeci Bain;", "From_Localised":"Mordeci Bain", "Message":"$Escort_AttackDutyStart03;", "Message_Localised":"Incoming aggressors, time to lock and load.", "Channel":"npc" }
{ "timestamp":"2017-01-28T17:33:22Z", "event":"ReceiveText", "From":"$npc_name_decorate:#name=Michael Gove;", "From_Localised":"Michael Gove", "Message":"$BadKarmaCriticalDamage04;", "Message_Localised":"I don't believe it!", "Channel":"npc" }
{ "timestamp":"2017-01-28T17:33:27Z", "event":"Bounty", "Rewards":[ { "Faction":"Fedmich Electronics Partners", "Reward":9530 } ], "Target":"empire_eagle", "TotalReward":9530, "VictimFaction":"Fedmich Mafia" }
{ "timestamp":"2017-01-28T17:33:37Z", "event":"ReceiveText", "From":"$ShipName_Police_Alliance;", "From_Localised":"Allied Police Forces", "Message":"$Police_ArrivedAtInvestigationLocation01;", "Message_Localised":"All citizens must submit to authority scans. Do not attempt to flee!", "Channel":"npc" }
{ "timestamp":"2017-01-28T17:33:37Z", "event":"ReceiveText", "From":"$ShipName_Police_Alliance;", "From_Localised":"Allied Police Forces", "Message":"$Police_ArrivedAtInvestigationLocation06;", "Message_Localised":"Crime response team in situ. Security sweep and scan commencing.", "Channel":"npc" }
{ "timestamp":"2017-01-28T17:33:53Z", "event":"Bounty", "Rewards":[ { "Faction":"Fedmich Electronics Partners", "Reward":6570 } ], "Target":"eagle", "TotalReward":6570, "VictimFaction":"Fedmich Mafia" }
{ "timestamp":"2017-01-28T17:33:58Z", "event":"ReceiveText", "From":"$ShipName_Police_Alliance;", "From_Localised":"Allied Police Forces", "Message":"$Police_ArriveInvestigate03;", "Message_Localised":"Crime response flight deployed.", "Channel":"npc" }
{ "timestamp":"2017-01-28T17:33:58Z", "event":"ReceiveText", "From":"$ShipName_Police_Alliance;", "From_Localised":"Allied Police Forces", "Message":"$Police_ArriveInvestigate02;", "Message_Localised":"Incident response units on station.", "Channel":"npc" }
{ "timestamp":"2017-01-28T17:34:00Z", "event":"ReceiveText", "From":"$ShipName_Police_Alliance;", "From_Localised":"Allied Police Forces", "Message":"$Police_ArrivedAtInvestigationLocation05;", "Message_Localised":"A crime has been reported here. All ships will be scanned.", "Channel":"npc" }
{ "timestamp":"2017-01-28T17:34:01Z", "event":"ReceiveText", "From":"$ShipName_Police_Alliance;", "From_Localised":"Allied Police Forces", "Message":"$Police_ArriveInvestigate01;", "Message_Localised":"Investigating reports of crime.", "Channel":"npc" }
{ "timestamp":"2017-01-28T17:34:01Z", "event":"ReceiveText", "From":"$ShipName_Police_Alliance;", "From_Localised":"Allied Police Forces", "Message":"$Police_ArrivedAtInvestigationLocation05;", "Message_Localised":"A crime has been reported here. All ships will be scanned.", "Channel":"npc" }
{ "timestamp":"2017-01-28T17:34:01Z", "event":"ReceiveText", "From":"$ShipName_Police_Alliance;", "From_Localised":"Allied Police Forces", "Message":"$Police_ArrivedAtInvestigationLocation04;", "Message_Localised":"Rapid deployment unit deployed. Initiating scans of all ships in the area.", "Channel":"npc" }
{ "timestamp":"2017-01-28T17:34:05Z", "event":"ReceiveText", "From":"$npc_name_decorate:#name=Kevin Gilmartin;", "From_Localised":"Kevin Gilmartin", "Message":"$Escort_EscortJump04;", "Message_Localised":"Another one? I need a career change...", "Channel":"npc" }
{ "timestamp":"2017-01-28T17:34:33Z", "event":"ReceiveText", "From":"$npc_name_decorate:#name=DraigUK;", "From_Localised":"DraigUK", "Message":"$Escort_NearDeath01;", "Message_Localised":"It's no good, I can't manoeuvre.", "Channel":"npc" }
{ "timestamp":"2017-01-28T17:35:00Z", "event":"ReceiveText", "From":"$ShipName_Police_Alliance;", "From_Localised":"Allied Police Forces", "Message":"$Police_FinishedAtInvestigationLocation06;", "Message_Localised":"Rapid criminal investigation scans are finished. Please continue about your business.", "Channel":"npc" }
{ "timestamp":"2017-01-28T17:35:02Z", "event":"ReceiveText", "From":"$ShipName_Police_Alliance;", "From_Localised":"Allied Police Forces", "Message":"$Police_FinishedAtInvestigationLocation04;", "Message_Localised":"Crime response sweep completed. All ships are free to depart.", "Channel":"npc" }
{ "timestamp":"2017-01-28T17:38:06Z", "event":"SupercruiseEntry", "StarSystem":"Fedmich" }
{ "timestamp":"2017-01-28T17:40:53Z", "event":"USSDrop", "USSType":"$USS_Type_VeryValuableSalvage;", "USSType_Localised":"High grade emissions detected", "USSThreat":0 }
{ "timestamp":"2017-01-28T17:40:54Z", "event":"SupercruiseExit", "StarSystem":"Fedmich", "Body":"Fedmich", "BodyType":"Star" }
{ "timestamp":"2017-01-28T17:41:27Z", "event":"MaterialCollected", "Category":"Manufactured", "Name":"protolightalloys", "Count":3 }
{ "timestamp":"2017-01-28T17:41:42Z", "event":"MaterialCollected", "Category":"Manufactured", "Name":"protolightalloys", "Count":3 }
{ "timestamp":"2017-01-28T17:42:10Z", "event":"MaterialCollected", "Category":"Manufactured", "Name":"protolightalloys", "Count":3 }
{ "timestamp":"2017-01-28T17:42:38Z", "event":"MaterialDiscovered", "Category":"Manufactured", "Name":"protoradiolicalloys", "DiscoveryNumber":33 }
{ "timestamp":"2017-01-28T17:42:38Z", "event":"MaterialCollected", "Category":"Manufactured", "Name":"protoradiolicalloys", "Count":3 }
{ "timestamp":"2017-01-28T17:42:57Z", "event":"SupercruiseEntry", "StarSystem":"Fedmich" }
{ "timestamp":"2017-01-28T17:46:03Z", "event":"SupercruiseExit", "StarSystem":"Fedmich", "Body":"Roberts Port", "BodyType":"Station" }
{ "timestamp":"2017-01-28T17:46:22Z", "event":"DockingRequested", "StationName":"Roberts Port" }
{ "timestamp":"2017-01-28T17:46:22Z", "event":"ReceiveText", "From":"Roberts Port", "Message":"$DockingChatter_Cordial;", "Message_Localised":"Welcome back, Commander.", "Channel":"npc" }
{ "timestamp":"2017-01-28T17:46:23Z", "event":"ReceiveText", "From":"Roberts Port", "Message":"$STATION_docking_granted;", "Message_Localised":"Docking request granted.", "Channel":"npc" }
{ "timestamp":"2017-01-28T17:46:23Z", "event":"DockingGranted", "LandingPad":45, "StationName":"Roberts Port" }
{ "timestamp":"2017-01-28T17:46:44Z", "event":"ReceiveText", "From":"Roberts Port", "Message":"$STATION_NoFireZone_entered;", "Message_Localised":"No fire zone entered.", "Channel":"npc" }
{ "timestamp":"2017-01-28T17:47:11Z", "event":"ReceiveText", "From":"$ShipName_Police_Alliance;", "From_Localised":"Allied Police Forces", "Message":"$Police_ThankYouPassedStopAndSearch03;", "Message_Localised":"All clear. Carry on, pilot.", "Channel":"npc" }
{ "timestamp":"2017-01-28T17:47:37Z", "event":"Docked", "StationName":"Roberts Port", "StationType":"Coriolis", "StarSystem":"Fedmich", "StationFaction":"Fedmich Electronics Partners", "FactionState":"Boom", "StationGovernment":"$government_Corporate;", "StationGovernment_Localised":"Corporate", "StationAllegiance":"Alliance", "StationEconomy":"$economy_Industrial;", "StationEconomy_Localised":"Industrial" }
{ "timestamp":"2017-01-28T17:47:50Z", "event":"RedeemVoucher", "Type":"bounty", "Amount":216612 }
{ "timestamp":"2017-01-28T17:52:05Z", "event":"ReceiveText", "From":"$npc_name_decorate:#name=Matthew Abel;", "From_Localised":"Matthew Abel", "Message":"$Commuter_HostileScan05;", "Message_Localised":"Your ship's ID has been logged, any active hostilities will result in criminal charges being brought against you.", "Channel":"npc" }
{ "timestamp":"2017-01-28T18:02:40Z", "event":"SellExplorationData", "Systems":[ "Piscium Sector ZK-X b1-0", "Cephei Sector BA-A d95", "11 Leonis Minoris", "Cephei Sector DQ-Y b2", "Bragpura", "Sharru Sector IH-V b2-3", "Sikarici", "LFT 265" ], "Discovered":[  ], "BaseValue":20731, "Bonus":0 }
{ "timestamp":"2017-01-28T18:04:22Z", "event":"RefuelAll", "Cost":65, "Amount":1.280402 }
{ "timestamp":"2017-01-28T18:04:23Z", "event":"BuyAmmo", "Cost":1165 }
{ "timestamp":"2017-01-28T18:05:38Z", "event":"Undocked", "StationName":"Roberts Port", "StationType":"Coriolis" }
{ "timestamp":"2017-01-28T18:07:35Z", "event":"ReceiveText", "From":"Roberts Port", "Message":"$STATION_NoFireZone_exited;", "Message_Localised":"No fire zone left.", "Channel":"npc" }
{ "timestamp":"2017-01-28T18:08:05Z", "event":"SupercruiseEntry", "StarSystem":"Fedmich" }
{ "timestamp":"2017-01-28T18:09:47Z", "event":"MaterialCollected", "Category":"Encoded", "Name":"decodedemissiondata", "Count":2 }
{ "timestamp":"2017-01-28T18:12:32Z", "event":"USSDrop", "USSType":"$USS_Type_Aftermath;", "USSType_Localised":"Combat aftermath detected", "USSThreat":0 }
{ "timestamp":"2017-01-28T18:12:33Z", "event":"SupercruiseExit", "StarSystem":"Fedmich", "Body":"Fedmich", "BodyType":"Star" }
{ "timestamp":"2017-01-28T18:13:30Z", "event":"MaterialCollected", "Category":"Manufactured", "Name":"chemicaldistillery", "Count":3 }
{ "timestamp":"2017-01-28T18:13:34Z", "event":"MaterialCollected", "Category":"Manufactured", "Name":"configurablecomponents", "Count":3 }
{ "timestamp":"2017-01-28T18:13:55Z", "event":"MaterialCollected", "Category":"Manufactured", "Name":"chemicaldistillery", "Count":3 }
{ "timestamp":"2017-01-28T18:14:01Z", "event":"MaterialCollected", "Category":"Manufactured", "Name":"conductiveceramics", "Count":3 }
{ "timestamp":"2017-01-28T18:14:21Z", "event":"MaterialCollected", "Category":"Manufactured", "Name":"configurablecomponents", "Count":3 }
{ "timestamp":"2017-01-28T18:14:30Z", "event":"MaterialCollected", "Category":"Manufactured", "Name":"chemicalmanipulators", "Count":3 }
{ "timestamp":"2017-01-28T18:15:23Z", "event":"MaterialCollected", "Category":"Manufactured", "Name":"conductiveceramics", "Count":3 }
{ "timestamp":"2017-01-28T18:15:42Z", "event":"SupercruiseEntry", "StarSystem":"Fedmich" }
{ "timestamp":"2017-01-28T18:16:33Z", "event":"ReceiveText", "From":"$npc_name_decorate:#name=Cruise Ship;", "From_Localised":"Cruise Ship", "Message":"$CruiseLiner_SCPatrol04;", "Message_Localised":"I'd like to direct your attention to our flight attendants for a brief safety demonstration.", "Channel":"npc" }
{ "timestamp":"2017-01-28T18:16:59Z", "event":"ReceiveText", "From":"$npc_name_decorate:#name=Cruise Ship;", "From_Localised":"Cruise Ship", "Message":"$CruiseLiner_SCPatrol05;", "Message_Localised":"This is your captain. Due to some unforeseen delays, we will be arriving at our next destination later than scheduled.", "Channel":"npc" }
{ "timestamp":"2017-01-28T18:17:32Z", "event":"ReceiveText", "From":"$npc_name_decorate:#name=Cruise Ship;", "From_Localised":"Cruise Ship", "Message":"$CruiseLiner_SCPatrol05;", "Message_Localised":"This is your captain. Due to some unforeseen delays, we will be arriving at our next destination later than scheduled.", "Channel":"npc" }
{ "timestamp":"2017-01-28T18:17:49Z", "event":"SupercruiseExit", "StarSystem":"Fedmich", "Body":"Fedmich", "BodyType":"Star" }
{ "timestamp":"2017-01-28T18:18:37Z", "event":"ReceiveText", "From":"$npc_name_decorate:#name=Flynn Tasslehoff;", "From_Localised":"Flynn Tasslehoff", "Message":"$BountyHunter_ThankYouPassedStopAndSearch02;", "Message_Localised":"You're not the one I'm looking for. Move along.", "Channel":"npc" }
{ "timestamp":"2017-01-28T18:18:38Z", "event":"ReceiveText", "From":"$npc_name_decorate:#name=Malenbrach;", "From_Localised":"Malenbrach", "Message":"$Police_ThankYouPassedStopAndSearch06;", "Message_Localised":"We're done here pilot, move along.", "Channel":"npc" }
{ "timestamp":"2017-01-28T18:19:31Z", "event":"Bounty", "Rewards":[ { "Faction":"Fedmich Electronics Partners", "Reward":13185 } ], "Target":"type7", "TotalReward":13185, "VictimFaction":"Republic Party of Cabru" }
{ "timestamp":"2017-01-28T18:20:53Z", "event":"ReceiveText", "From":"$npc_name_decorate:#name=Dave Bond;", "From_Localised":"Dave Bond", "Message":"$Pirate_OnStartScanCargo08;", "Message_Localised":"What do you have in your cargo hold?", "Channel":"npc" }
{ "timestamp":"2017-01-28T18:20:59Z", "event":"ReceiveText", "From":"$npc_name_decorate:#name=Natalie Garrett;", "From_Localised":"Natalie Garrett", "Message":"$Smuggler_NearDeath05;", "Message_Localised":"The boss isn't going to like this.", "Channel":"npc" }
{ "timestamp":"2017-01-28T18:21:03Z", "event":"ReceiveText", "From":"$npc_name_decorate:#name=Dave Bond;", "From_Localised":"Dave Bond", "Message":"$Pirate_OnNoCargoFound11;", "Message_Localised":"Another empty cargo hold. My children will go hungry tonight.", "Channel":"npc" }
{ "timestamp":"2017-01-28T18:21:27Z", "event":"Bounty", "Rewards":[ { "Faction":"Fedmich Electronics Partners", "Reward":5625 } ], "Target":"empire_eagle", "TotalReward":5625, "VictimFaction":"Republic Party of Cabru" }
{ "timestamp":"2017-01-28T18:21:38Z", "event":"ReceiveText", "From":"$ShipName_Police_Alliance;", "From_Localised":"Allied Police Forces", "Message":"$Police_ArriveInvestigate03;", "Message_Localised":"Crime response flight deployed.", "Channel":"npc" }
{ "timestamp":"2017-01-28T18:21:39Z", "event":"ReceiveText", "From":"$ShipName_Police_Alliance;", "From_Localised":"Allied Police Forces", "Message":"$Police_ArrivedAtInvestigationLocation02;", "Message_Localised":"Cease and desist! Submit to authority scans immediately!", "Channel":"npc" }
{ "timestamp":"2017-01-28T18:21:55Z", "event":"ReceiveText", "From":"$ShipName_Police_Alliance;", "From_Localised":"Allied Police Forces", "Message":"$Police_ArriveInvestigate01;", "Message_Localised":"Investigating reports of crime.", "Channel":"npc" }
{ "timestamp":"2017-01-28T18:22:05Z", "event":"ReceiveText", "From":"$npc_name_decorate:#name=Milton Wang;", "From_Localised":"Milton Wang", "Message":"$Escort_NearDeath05;", "Message_Localised":"Taking evasive action.", "Channel":"npc" }
{ "timestamp":"2017-01-28T18:22:12Z", "event":"ReceiveText", "From":"$npc_name_decorate:#name=Soup Dragon;", "From_Localised":"Soup Dragon", "Message":"$BadKarmaCriticalDamage02;", "Message_Localised":"Impossible!", "Channel":"npc" }
{ "timestamp":"2017-01-28T18:22:13Z", "event":"ReceiveText", "From":"$ShipName_Police_Alliance;", "From_Localised":"Allied Police Forces", "Message":"$Police_ArrivedAtInvestigationLocation06;", "Message_Localised":"Crime response team in situ. Security sweep and scan commencing.", "Channel":"npc" }
{ "timestamp":"2017-01-28T18:22:20Z", "event":"Bounty", "Rewards":[ { "Faction":"Fedmich Electronics Partners", "Reward":200 }, { "Faction":"Alliance", "Reward":3847 } ], "Target":"empire_eagle", "TotalReward":4047, "VictimFaction":"Republic Party of Cabru" }
{ "timestamp":"2017-01-28T18:22:30Z", "event":"ReceiveText", "From":"$ShipName_Police_Alliance;", "From_Localised":"Allied Police Forces", "Message":"$Police_ThankYouPassedStopAndSearch09;", "Message_Localised":"Move along, Commander, we're done here.", "Channel":"npc" }
{ "timestamp":"2017-01-28T18:22:39Z", "event":"ReceiveText", "From":"$ShipName_Police_Alliance;", "From_Localised":"Allied Police Forces", "Message":"$Police_ThankYouPassedStopAndSearch07;", "Message_Localised":"Your scan is clear. Carry on with your journey, Commander.", "Channel":"npc" }
{ "timestamp":"2017-01-28T18:22:42Z", "event":"ReceiveText", "From":"$ShipName_Police_Alliance;", "From_Localised":"Allied Police Forces", "Message":"$Police_FinishedAtInvestigationLocation01;", "Message_Localised":"Scanning complete. Citizens, please return to your business.", "Channel":"npc" }
{ "timestamp":"2017-01-28T18:23:24Z", "event":"ReceiveText", "From":"$npc_name_decorate:#name=Silanda;", "From_Localised":"Silanda", "Message":"$Smuggler_NearDeath01;", "Message_Localised":"Okay, okay, the cargo's all yours... This job isn't worth my life.", "Channel":"npc" }
{ "timestamp":"2017-01-28T18:23:35Z", "event":"MaterialCollected", "Category":"Manufactured", "Name":"galvanisingalloys", "Count":3 }
{ "timestamp":"2017-01-28T18:23:36Z", "event":"MaterialCollected", "Category":"Manufactured", "Name":"salvagedalloys", "Count":3 }
{ "timestamp":"2017-01-28T18:23:56Z", "event":"MaterialCollected", "Category":"Manufactured", "Name":"wornshieldemitters", "Count":3 }
{ "timestamp":"2017-01-28T18:23:58Z", "event":"MaterialCollected", "Category":"Manufactured", "Name":"salvagedalloys", "Count":3 }
{ "timestamp":"2017-01-28T18:24:12Z", "event":"ReceiveText", "From":"$npc_name_decorate:#name=Dethdil;", "From_Localised":"Dethdil", "Message":"$Pirate_OnStartScanCargo11;", "Message_Localised":"I hope you have something good in your hold.", "Channel":"npc" }
{ "timestamp":"2017-01-28T18:24:20Z", "event":"MaterialCollected", "Category":"Manufactured", "Name":"shieldemitters", "Count":3 }
{ "timestamp":"2017-01-28T18:24:22Z", "event":"ReceiveText", "From":"$npc_name_decorate:#name=Dethdil;", "From_Localised":"Dethdil", "Message":"$Pirate_OnNoCargoFound03;", "Message_Localised":"No cargo? Useless dreg.", "Channel":"npc" }
{ "timestamp":"2017-01-28T18:24:27Z", "event":"ReceiveText", "From":"$npc_name_decorate:#name=Lution;", "From_Localised":"Lution", "Message":"$BountyHunter_ThankYouPassedStopAndSearch04;", "Message_Localised":"Sorry, mistaken identity. I thought you were someone else.", "Channel":"npc" }
{ "timestamp":"2017-01-28T18:24:31Z", "event":"ReceiveText", "From":"$npc_name_decorate:#name=Octavian Vanguardus;", "From_Localised":"Octavian Vanguardus", "Message":"$Escort_AttackDutyStart04;", "Message_Localised":"We got reds on the radar, breaking formation.", "Channel":"npc" }
{ "timestamp":"2017-01-28T18:25:24Z", "event":"Bounty", "Rewards":[ { "Faction":"Fedmich Electronics Partners", "Reward":200 }, { "Faction":"Alliance", "Reward":34335 } ], "Target":"viper_mkiv", "TotalReward":34535, "VictimFaction":"Fedmich Mafia" }
{ "timestamp":"2017-01-28T18:25:34Z", "event":"ShieldState", "ShieldsUp":false }
{ "timestamp":"2017-01-28T18:25:41Z", "event":"HullDamage", "Health":0.799357, "PlayerPilot":true, "Fighter":false }
{ "timestamp":"2017-01-28T18:25:46Z", "event":"HullDamage", "Health":0.599697, "PlayerPilot":true, "Fighter":false }
{ "timestamp":"2017-01-28T18:26:29Z", "event":"RebootRepair", "Modules":[ "TinyHardpoint1", "TinyHardpoint2" ] }
{ "timestamp":"2017-01-28T18:26:30Z", "event":"ShieldState", "ShieldsUp":true }
{ "timestamp":"2017-01-28T18:27:00Z", "event":"SupercruiseEntry", "StarSystem":"Fedmich" }
{ "timestamp":"2017-01-28T18:27:41Z", "event":"ReceiveText", "From":"$npc_name_decorate:#name=Cruise Ship;", "From_Localised":"Cruise Ship", "Message":"$CruiseLiner_SCPatrol03;", "Message_Localised":"Today's cruise includes some delightful views, our flight attendants are on hand with full details.", "Channel":"npc" }
{ "timestamp":"2017-01-28T18:28:11Z", "event":"ReceiveText", "From":"$npc_name_decorate:#name=Cruise Ship;", "From_Localised":"Cruise Ship", "Message":"$CruiseLiner_SCPatrol01;", "Message_Localised":"And don't forget, this Liner is in the top 1% of all Liners out there.", "Channel":"npc" }
{ "timestamp":"2017-01-28T18:29:00Z", "event":"ReceiveText", "From":"$npc_name_decorate:#name=Cruise Ship;", "From_Localised":"Cruise Ship", "Message":"$CruiseLiner_SCPatrol04;", "Message_Localised":"I'd like to direct your attention to our flight attendants for a brief safety demonstration.", "Channel":"npc" }
{ "timestamp":"2017-01-28T18:29:49Z", "event":"SupercruiseExit", "StarSystem":"Fedmich", "Body":"Roberts Port", "BodyType":"Station" }
{ "timestamp":"2017-01-28T18:30:01Z", "event":"DockingRequested", "StationName":"Roberts Port" }
{ "timestamp":"2017-01-28T18:30:01Z", "event":"ReceiveText", "From":"Roberts Port", "Message":"$DockingChatter_Cordial;", "Message_Localised":"Welcome back, Commander.", "Channel":"npc" }
{ "timestamp":"2017-01-28T18:30:02Z", "event":"ReceiveText", "From":"Roberts Port", "Message":"$STATION_docking_granted;", "Message_Localised":"Docking request granted.", "Channel":"npc" }
{ "timestamp":"2017-01-28T18:30:02Z", "event":"DockingGranted", "LandingPad":18, "StationName":"Roberts Port" }
{ "timestamp":"2017-01-28T18:30:13Z", "event":"ReceiveText", "From":"Roberts Port", "Message":"$STATION_NoFireZone_entered;", "Message_Localised":"No fire zone entered.", "Channel":"npc" }
{ "timestamp":"2017-01-28T18:31:03Z", "event":"ReceiveText", "From":"$npc_name_decorate:#name=Ted Crouch;", "From_Localised":"Ted Crouch", "Message":"$Commuter_AuthorityScan06;", "Message_Localised":"What's going on here, officer?", "Channel":"npc" }
{ "timestamp":"2017-01-28T18:31:07Z", "event":"Docked", "StationName":"Roberts Port", "StationType":"Coriolis", "StarSystem":"Fedmich", "StationFaction":"Fedmich Electronics Partners", "FactionState":"Boom", "StationGovernment":"$government_Corporate;", "StationGovernment_Localised":"Corporate", "StationAllegiance":"Alliance", "StationEconomy":"$economy_Industrial;", "StationEconomy_Localised":"Industrial" }
{ "timestamp":"2017-01-28T18:31:23Z", "event":"RedeemVoucher", "Type":"bounty", "Amount":57392 }
{ "timestamp":"2017-01-28T18:33:00Z", "event":"RepairAll", "Cost":94140 }
{ "timestamp":"2017-01-28T18:36:40Z", "event":"ModuleBuy", "Slot":"Slot06_Size4", "SellItem":"$int_cargorack_size4_class1_name;", "SellItem_Localised":"Cargo Rack", "SellPrice":34328, "BuyItem":"$int_hullreinforcement_size4_class2_name;", "BuyItem_Localised":"Hull Reinforcement", "BuyPrice":156000, "Ship":"python", "ShipID":16 }
{ "timestamp":"2017-01-28T18:37:53Z", "event":"ModuleBuy", "Slot":"PowerPlant", "SellItem":"$int_powerplant_size6_class3_name;", "SellItem_Localised":"Power Plant", "SellPrice":1797726, "BuyItem":"$int_powerplant_size7_class2_name;", "BuyItem_Localised":"Power Plant", "BuyPrice":1899597, "Ship":"python", "ShipID":16 }
{ "timestamp":"2017-01-28T18:37:53Z", "event":"ShieldState", "ShieldsUp":false }
{ "timestamp":"2017-01-28T18:37:58Z", "event":"ShieldState", "ShieldsUp":true }
