{ "timestamp":"2017-05-05T19:44:29Z", "event":"Fileheader", "part":1, "language":"English\\UK", "gameversion":"2.3.02", "build":"r143095/r0 " }
{ "timestamp":"2017-05-05T19:45:43Z", "event":"Cargo", "Inventory":[  ] }
{ "timestamp":"2017-05-05T19:45:43Z", "event":"Loadout", "Ship":"FerDeLance", "ShipID":21, "ShipName":"sepia", "ShipIdent":"BL-30F", "Modules":[ { "Slot":"HugeHardpoint1", "Item":"Hpt_PulseLaserBurst_Gimbal_Huge", "On":true, "Priority":0, "Health":1.000000, "Value":1245600 }, { "Slot":"MediumHardpoint1", "Item":"Hpt_MultiCannon_Gimbal_Medium", "On":true, "Priority":0, "AmmoInClip":90, "AmmoInHopper":2010, "Health":1.000000, "Value":57000, "EngineerBlueprint":"Weapon_Efficient", "EngineerLevel":1 }, { "Slot":"MediumHardpoint2", "Item":"Hpt_MultiCannon_Gimbal_Medium", "On":true, "Priority":0, "AmmoInClip":90, "AmmoInHopper":2010, "Health":1.000000, "Value":57000, "EngineerBlueprint":"Weapon_Efficient", "EngineerLevel":2 }, { "Slot":"MediumHardpoint3", "Item":"Hpt_MultiCannon_Gimbal_Medium", "On":true, "Priority":0, "AmmoInClip":86, "AmmoInHopper":2014, "Health":1.000000, "Value":48450, "EngineerBlueprint":"Weapon_Overcharged", "EngineerLevel":1 }, { "Slot":"MediumHardpoint4", "Item":"Hpt_MultiCannon_Gimbal_Medium", "On":true, "Priority":0, "AmmoInClip":87, "AmmoInHopper":2013, "Health":1.000000, "Value":48450, "EngineerBlueprint":"Weapon_Overcharged", "EngineerLevel":1 }, { "Slot":"TinyHardpoint1", "Item":"Hpt_ShieldBooster_Size0_Class5", "On":true, "Priority":0, "Health":1.000000, "Value":238850, "EngineerBlueprint":"ShieldBooster_Resistive", "EngineerLevel":1 }, { "Slot":"TinyHardpoint2", "Item":"Hpt_ShieldBooster_Size0_Class5", "On":true, "Priority":0, "Health":1.000000, "Value":238850, "EngineerBlueprint":"ShieldBooster_Resistive", "EngineerLevel":1 }, { "Slot":"TinyHardpoint3", "Item":"Hpt_ShieldBooster_Size0_Class5", "On":true, "Priority":0, "Health":1.000000, "Value":238850, "EngineerBlueprint":"ShieldBooster_Resistive", "EngineerLevel":1 }, { "Slot":"TinyHardpoint4", "Item":"Hpt_HeatSinkLauncher_Turret_Tiny", "On":true, "Priority":0, "AmmoInClip":1, "AmmoInHopper":2, "Health":1.000000, "Value":3500 }, { "Slot":"TinyHardpoint5", "Item":"Hpt_ChaffLauncher_Tiny", "On":true, "Priority":0, "AmmoInClip":1, "AmmoInHopper":10, "Health":1.000000, "Value":7225 }, { "Slot":"TinyHardpoint6", "Item":"Hpt_ChaffLauncher_Tiny", "On":true, "Priority":0, "AmmoInClip":1, "AmmoInHopper":10, "Health":1.000000, "Value":7225 }, { "Slot":"Armour", "Item":"FerDeLance_Armour_Grade1", "On":true, "Priority":1, "Health":1.000000, "Value":0 }, { "Slot":"PaintJob", "Item":"PaintJob_FerDeLance_BlackFriday_01", "On":true, "Priority":1, "Health":1.000000, "Value":0 }, { "Slot":"PowerPlant", "Item":"Int_Powerplant_Size6_Class5", "On":true, "Priority":1, "Health":1.000000, "Value":13752602, "EngineerBlueprint":"PowerPlant_Stealth", "EngineerLevel":1 }, { "Slot":"MainEngines", "Item":"Int_Engine_Size5_Class5", "On":true, "Priority":0, "Health":1.000000, "Value":4338361, "EngineerBlueprint":"Engine_Tuned", "EngineerLevel":1 }, { "Slot":"FrameShiftDrive", "Item":"Int_Hyperdrive_Size4_Class5", "On":true, "Priority":0, "Health":1.000000, "Value":1368568, "EngineerBlueprint":"FSD_LongRange", "EngineerLevel":3 }, { "Slot":"LifeSupport", "Item":"Int_LifeSupport_Size4_Class2", "On":true, "Priority":0, "Health":1.000000, "Value":24118 }, { "Slot":"PowerDistributor", "Item":"Int_PowerDistributor_Size6_Class5", "On":true, "Priority":0, "Health":1.000000, "Value":2954335 }, { "Slot":"Radar", "Item":"Int_Sensors_Size4_Class5", "On":true, "Priority":0, "Health":1.000000, "Value":376829, "EngineerBlueprint":"Sensor_Sensor_LightWeight", "EngineerLevel":2 }, { "Slot":"FuelTank", "Item":"Int_FuelTank_Size3_Class3", "On":true, "Priority":1, "Health":1.000000, "Value":6003 }, { "Slot":"Slot01_Size5", "Item":"Int_ShieldGenerator_Size5_Class5", "On":true, "Priority":0, "Health":1.000000, "Value":4338361 }, { "Slot":"Slot02_Size4", "Item":"Int_FuelScoop_Size4_Class5", "On":true, "Priority":0, "Health":1.000000, "Value":2862364 }, { "Slot":"Slot03_Size4", "Item":"Int_ModuleReinforcement_Size4_Class2", "On":true, "Priority":1, "Health":1.000000, "Value":165750 }, { "Slot":"Slot04_Size2", "Item":"Int_FuelTank_Size2_Class3", "On":true, "Priority":1, "Health":1.000000, "Value":3750 }, { "Slot":"Slot05_Size1", "Item":"Int_StellarBodyDiscoveryScanner_Advanced", "On":true, "Priority":1, "Health":1.000000, "Value":1313250 }, { "Slot":"PlanetaryApproachSuite", "Item":"Int_PlanetApproachSuite", "On":true, "Priority":1, "Health":1.000000, "Value":425 }, { "Slot":"ShipCockpit", "Item":"FerDeLance_Cockpit", "On":true, "Priority":1, "Health":1.000000, "Value":0 }, { "Slot":"CargoHatch", "Item":"ModularCargoBayDoorFDL", "On":true, "Priority":2, "Health":1.000000, "Value":0 } ] }
{ "timestamp":"2017-05-05T19:45:43Z", "event":"Materials", "Raw":[ { "Name":"chromium", "Count":34 }, { "Name":"iron", "Count":50 }, { "Name":"carbon", "Count":2 }, { "Name":"nickel", "Count":14 }, { "Name":"zinc", "Count":18 }, { "Name":"cadmium", "Count":1 }, { "Name":"phosphorus", "Count":19 }, { "Name":"germanium", "Count":14 }, { "Name":"manganese", "Count":21 }, { "Name":"yttrium", "Count":3 }, { "Name":"molybdenum", "Count":6 } ], "Manufactured":[ { "Name":"chemicalprocessors", "Count":11 }, { "Name":"salvagedalloys", "Count":9 }, { "Name":"shieldemitters", "Count":3 }, { "Name":"compoundshielding", "Count":21 }, { "Name":"refinedfocuscrystals", "Count":41 }, { "Name":"shieldingsensors", "Count":8 }, { "Name":"focuscrystals", "Count":9 }, { "Name":"fedproprietarycomposites", "Count":6 }, { "Name":"protolightalloys", "Count":13 }, { "Name":"galvanisingalloys", "Count":11 }, { "Name":"precipitatedalloys", "Count":3 }, { "Name":"heatconductionwiring", "Count":9 }, { "Name":"phasealloys", "Count":1 }, { "Name":"wornshieldemitters", "Count":15 }, { "Name":"heatvanes", "Count":1 }, { "Name":"configurablecomponents", "Count":9 }, { "Name":"conductivepolymers", "Count":9 }, { "Name":"chemicalmanipulators", "Count":1 }, { "Name":"fedcorecomposites", "Count":2 }, { "Name":"biotechconductors", "Count":2 }, { "Name":"protoheatradiators", "Count":9 }, { "Name":"crystalshards", "Count":3 }, { "Name":"heatresistantceramics", "Count":1 }, { "Name":"protoradiolicalloys", "Count":4 }, { "Name":"gridresistors", "Count":3 }, { "Name":"basicconductors", "Count":1 }, { "Name":"exquisitefocuscrystals", "Count":1 }, { "Name":"mechanicalscrap", "Count":1 } ], "Encoded":[ { "Name":"emissiondata", "Count":35 }, { "Name":"shieldsoakanalysis", "Count":58 }, { "Name":"shieldcyclerecordings", "Count":49 }, { "Name":"decodedemissiondata", "Count":68 }, { "Name":"classifiedscandata", "Count":3 }, { "Name":"encodedscandata", "Count":2 }, { "Name":"shielddensityreports", "Count":36 }, { "Name":"scanarchives", "Count":11 }, { "Name":"securityfirmware", "Count":3 }, { "Name":"bulkscandata", "Count":67 }, { "Name":"shieldpatternanalysis", "Count":40 }, { "Name":"scandatabanks", "Count":15 }, { "Name":"fsdtelemetry", "Count":20 }, { "Name":"encryptedfiles", "Count":3 }, { "Name":"archivedemissiondata", "Count":6 }, { "Name":"scrambledemissiondata", "Count":4 }, { "Name":"wakesolutions", "Count":6 }, { "Name":"hyperspacetrajectories", "Count":13 }, { "Name":"industrialfirmware", "Count":1 }, { "Name":"shieldfrequencydata", "Count":3 }, { "Name":"compactemissionsdata", "Count":3 }, { "Name":"disruptedwakeechoes", "Count":36 }, { "Name":"dataminedwake", "Count":4 } ] }
{ "timestamp":"2017-05-05T19:45:43Z", "event":"LoadGame", "Commander":"Blantyre", "Ship":"FerDeLance", "ShipID":21, "ShipName":"sepia", "ShipIdent":"BL-30F", "FuelLevel":12.000000, "FuelCapacity":12.000000, "GameMode":"Group", "Group":"Blantyre", "Credits":38212779, "Loan":0 }
{ "timestamp":"2017-05-05T19:45:43Z", "event":"Rank", "Combat":4, "Trade":6, "Explore":6, "Empire":2, "Federation":7, "CQC":0 }
{ "timestamp":"2017-05-05T19:45:43Z", "event":"Progress", "Combat":57, "Trade":6, "Explore":67, "Empire":60, "Federation":17, "CQC":0 }
{ "timestamp":"2017-05-05T19:45:57Z", "event":"Location", "Docked":false, "StarSystem":"BD+27 1739", "StarPos":[15.531,42.781,-43.156], "SystemAllegiance":"Federation", "SystemEconomy":"$economy_HighTech;", "SystemEconomy_Localised":"High Tech", "SystemGovernment":"$government_Corporate;", "SystemGovernment_Localised":"Corporate", "SystemSecurity":"$SYSTEM_SECURITY_high;", "SystemSecurity_Localised":"High Security", "Body":"BD+27 1739", "BodyType":"Star", "Factions":[ { "Name":"Etain Solutions", "FactionState":"None", "Government":"Corporate", "Influence":0.087087, "Allegiance":"Federation" }, { "Name":"BD+27 1739 Values Party", "FactionState":"Boom", "Government":"Democracy", "Influence":0.400400, "Allegiance":"Federation" }, { "Name":"Defence Force of BD+27 1739", "FactionState":"Boom", "Government":"Dictatorship", "Influence":0.113113, "Allegiance":"Independent" }, { "Name":"Jet Transport Solutions", "FactionState":"War", "Government":"Corporate", "Influence":0.104104, "Allegiance":"Federation" }, { "Name":"BD+27 1739 League", "FactionState":"Outbreak", "Government":"Dictatorship", "Influence":0.069069, "Allegiance":"Independent" }, { "Name":"Workers of Manglal Green Party", "FactionState":"War", "Government":"Democracy", "Influence":0.131131, "Allegiance":"Federation" }, { "Name":"Hand Gang of BD+27 1739", "FactionState":"Boom", "Government":"Anarchy", "Influence":0.095095, "Allegiance":"Independent" } ], "SystemFaction":"BD+27 1739 Values Party", "FactionState":"Boom" }
{ "timestamp":"2017-05-05T19:46:36Z", "event":"Scanned", "ScanType":"Crime" }
{ "timestamp":"2017-05-05T19:46:36Z", "event":"ReceiveText", "From":"$npc_name_decorate:#name=Elliot Ward;", "From_Localised":"Elliot Ward", "Message":"$Police_ThankYouPassedStopAndSearch02;", "Message_Localised":"You're clean. Proceed, pilot.", "Channel":"npc" }
{ "timestamp":"2017-05-05T19:46:59Z", "event":"Scanned", "ScanType":"Cargo" }
{ "timestamp":"2017-05-05T19:47:00Z", "event":"ReceiveText", "From":"$npc_name_decorate:#name=Federal Agent;", "From_Localised":"Federal Agent", "Message":"$Generic_NoAttackGeneric04;", "Message_Localised":"Damn! You're useless to me! They said this sector was rich pickings, what gives?", "Channel":"npc" }
{ "timestamp":"2017-05-05T19:47:00Z", "event":"Scanned", "ScanType":"Cargo" }
{ "timestamp":"2017-05-05T19:47:00Z", "event":"ReceiveText", "From":"$npc_name_decorate:#name=Federal Agent;", "From_Localised":"Federal Agent", "Message":"$Generic_NoAttackGeneric04;", "Message_Localised":"Damn! You're useless to me! They said this sector was rich pickings, what gives?", "Channel":"npc" }
{ "timestamp":"2017-05-05T19:47:14Z", "event":"Scanned", "ScanType":"Crime" }
{ "timestamp":"2017-05-05T19:47:15Z", "event":"ReceiveText", "From":"$npc_name_decorate:#name=Rhodan;", "From_Localised":"Rhodan", "Message":"$BountyHunter_ThankYouPassedStopAndSearch02;", "Message_Localised":"You're not the one I'm looking for. Move along.", "Channel":"npc" }
{ "timestamp":"2017-05-05T19:47:30Z", "event":"Scanned", "ScanType":"Cargo" }
{ "timestamp":"2017-05-05T19:47:30Z", "event":"ReceiveText", "From":"$npc_name_decorate:#name=Federal Agent;", "From_Localised":"Federal Agent", "Message":"$Generic_NoAttackGeneric03;", "Message_Localised":"Another ship that's not worth my time, this is turning into a bad day.", "Channel":"npc" }
{ "timestamp":"2017-05-05T19:47:41Z", "event":"Scanned", "ScanType":"Cargo" }
{ "timestamp":"2017-05-05T19:47:41Z", "event":"ReceiveText", "From":"$npc_name_decorate:#name=Federal Agent;", "From_Localised":"Federal Agent", "Message":"$Generic_NoAttackGeneric02;", "Message_Localised":"Well, you were a complete waste of my time and effort.", "Channel":"npc" }
{ "timestamp":"2017-05-05T19:47:46Z", "event":"ReceiveText", "From":"$npc_name_decorate:#name=Brooks;", "From_Localised":"Brooks", "Message":"$Escort_EscortJump10;", "Message_Localised":"This is the last protection job I'm doing in this system.", "Channel":"npc" }
{ "timestamp":"2017-05-05T19:48:10Z", "event":"MaterialCollected", "Category":"Encoded", "Name":"shieldcyclerecordings", "Count":3 }
{ "timestamp":"2017-05-05T19:48:28Z", "event":"ReceiveText", "From":"$npc_name_decorate:#name=Robin Schoemaker;", "From_Localised":"Robin Schoemaker", "Message":"$Escort_AttackDutyStart01;", "Message_Localised":"Commencing engagement, cover formation.", "Channel":"npc" }
{ "timestamp":"2017-05-05T19:48:56Z", "event":"ReceiveText", "From":"$ShipName_Police_Federation;", "From_Localised":"Federal Security Service", "Message":"$Police_ArriveInvestigate04;", "Message_Localised":"Emergency response squad in position.", "Channel":"npc" }
{ "timestamp":"2017-05-05T19:48:59Z", "event":"ReceiveText", "From":"$ShipName_Police_Federation;", "From_Localised":"Federal Security Service", "Message":"$Police_ArrivedAtInvestigationLocation06;", "Message_Localised":"Crime response team in situ. Security sweep and scan commencing.", "Channel":"npc" }
{ "timestamp":"2017-05-05T19:49:11Z", "event":"ReceiveText", "From":"$npc_name_decorate:#name=Grendalkhan;", "From_Localised":"Grendalkhan", "Message":"$Smuggler_Flee01;", "Message_Localised":"Close but not close enough!", "Channel":"npc" }
{ "timestamp":"2017-05-05T19:49:12Z", "event":"ReceiveText", "From":"$ShipName_Police_Federation;", "From_Localised":"Federal Security Service", "Message":"$Police_ArriveInvestigate04;", "Message_Localised":"Emergency response squad in position.", "Channel":"npc" }
{ "timestamp":"2017-05-05T19:49:19Z", "event":"Bounty", "Rewards":[ { "Faction":"BD+27 1739 Values Party", "Reward":200 }, { "Faction":"Federation", "Reward":5940 } ], "Target":"sidewinder", "TotalReward":6140, "VictimFaction":"BD+27 1739 Values Party" }
{ "timestamp":"2017-05-05T19:49:33Z", "event":"ReceiveText", "From":"$ShipName_Police_Federation;", "From_Localised":"Federal Security Service", "Message":"$Police_ArrivedAtInvestigationLocation04;", "Message_Localised":"Rapid deployment unit deployed. Initiating scans of all ships in the area.", "Channel":"npc" }
{ "timestamp":"2017-05-05T19:49:50Z", "event":"Bounty", "Rewards":[ { "Faction":"BD+27 1739 Values Party", "Reward":4565 } ], "Target":"sidewinder", "TotalReward":4565, "VictimFaction":"BD+27 1739 Values Party" }
{ "timestamp":"2017-05-05T19:50:03Z", "event":"Scanned", "ScanType":"Cargo" }
{ "timestamp":"2017-05-05T19:50:03Z", "event":"ReceiveText", "From":"$ShipName_Police_Federation;", "From_Localised":"Federal Security Service", "Message":"$Police_ThankYouPassedStopAndSearch03;", "Message_Localised":"All clear. Carry on, pilot.", "Channel":"npc" }
{ "timestamp":"2017-05-05T19:50:08Z", "event":"Scanned", "ScanType":"Cargo" }
{ "timestamp":"2017-05-05T19:50:08Z", "event":"ReceiveText", "From":"$ShipName_Police_Federation;", "From_Localised":"Federal Security Service", "Message":"$Police_ThankYouPassedStopAndSearch07;", "Message_Localised":"Your scan is clear. Carry on with your journey, Commander.", "Channel":"npc" }
{ "timestamp":"2017-05-05T19:50:13Z", "event":"ReceiveText", "From":"$npc_name_decorate:#name=Henke 'Kniiip' Löfqvist;", "From_Localised":"Henke 'Kniiip' Lￃﾶfqvist", "Message":"$Pirate_OnDeclarePiracyAttack03;", "Message_Localised":"Now you die, victim.", "Channel":"npc" }
{ "timestamp":"2017-05-05T19:50:29Z", "event":"ReceiveText", "From":"$npc_name_decorate:#name=Henke 'Kniiip' Löfqvist;", "From_Localised":"Henke 'Kniiip' Lￃﾶfqvist", "Message":"$BadKarmaCriticalDamage03;", "Message_Localised":"You fight a good fight!", "Channel":"npc" }
{ "timestamp":"2017-05-05T19:50:39Z", "event":"Bounty", "Rewards":[ { "Faction":"BD+27 1739 Values Party", "Reward":200 }, { "Faction":"Federation", "Reward":7680 } ], "Target":"cobramkiii", "TotalReward":7880, "VictimFaction":"Hand Gang of BD+27 1739" }
{ "timestamp":"2017-05-05T19:50:41Z", "event":"Scanned", "ScanType":"Crime" }
{ "timestamp":"2017-05-05T19:50:42Z", "event":"ReceiveText", "From":"$npc_name_decorate:#name=Matthias Deutscher;", "From_Localised":"Matthias Deutscher", "Message":"$Police_ThankYouPassedStopAndSearch02;", "Message_Localised":"You're clean. Proceed, pilot.", "Channel":"npc" }
{ "timestamp":"2017-05-05T19:51:06Z", "event":"StartJump", "JumpType":"Supercruise" }
{ "timestamp":"2017-05-05T19:51:11Z", "event":"SupercruiseEntry", "StarSystem":"BD+27 1739" }
{ "timestamp":"2017-05-05T19:54:27Z", "event":"SupercruiseExit", "StarSystem":"BD+27 1739", "Body":"Dyomin Terminal", "BodyType":"Station" }
{ "timestamp":"2017-05-05T19:54:40Z", "event":"DockingRequested", "StationName":"Dyomin Terminal" }
{ "timestamp":"2017-05-05T19:54:40Z", "event":"ReceiveText", "From":"Dyomin Terminal", "Message":"$DockingChatter_Neutral;", "Message_Localised":"Ensure to observe starport protocol during your visit, pilot.", "Channel":"npc" }
{ "timestamp":"2017-05-05T19:54:41Z", "event":"ReceiveText", "From":"Dyomin Terminal", "Message":"$STATION_docking_granted;", "Message_Localised":"Docking request granted.", "Channel":"npc" }
{ "timestamp":"2017-05-05T19:54:41Z", "event":"DockingGranted", "LandingPad":26, "StationName":"Dyomin Terminal" }
{ "timestamp":"2017-05-05T19:54:49Z", "event":"ReceiveText", "From":"Dyomin Terminal", "Message":"$STATION_NoFireZone_entered;", "Message_Localised":"No fire zone entered.", "Channel":"npc" }
{ "timestamp":"2017-05-05T19:55:28Z", "event":"Docked", "StationName":"Dyomin Terminal", "StationType":"Coriolis", "StarSystem":"BD+27 1739", "StationFaction":"BD+27 1739 Values Party", "FactionState":"Boom", "StationGovernment":"$government_Democracy;", "StationGovernment_Localised":"Democracy", "StationAllegiance":"Federation", "StationEconomy":"$economy_HighTech;", "StationEconomy_Localised":"High Tech", "DistFromStarLS":1480.308838 }
{ "timestamp":"2017-05-05T19:55:39Z", "event":"RefuelAll", "Cost":28, "Amount":0.551800 }
{ "timestamp":"2017-05-05T19:55:40Z", "event":"BuyAmmo", "Cost":1491 }
{ "timestamp":"2017-05-05T19:55:55Z", "event":"RedeemVoucher", "Type":"bounty", "Amount":32925, "Factions":[ { "Faction":"BD+27 1739 Values Party", "Amount":19305 }, { "Faction":"Federation", "Amount":13620 } ] }
{ "timestamp":"2017-05-05T19:56:33Z", "event":"ReceiveText", "From":"$npc_name_decorate:#name=Harvey Dowler;", "From_Localised":"Harvey Dowler", "Message":"$Commuter_HostileScan01;", "Message_Localised":"Please cease your unauthorised scan immediately.", "Channel":"npc" }
{ "timestamp":"2017-05-05T20:00:42Z", "event":"ShipyardTransfer", "ShipType":"Asp", "ShipID":13, "System":"NLTT 21440", "Distance":12.897924, "TransferPrice":13438 }
{ "timestamp":"2017-05-05T20:09:42Z", "event":"ShipyardSwap", "ShipType":"asp", "ShipID":13, "StoreOldShip":"FerDeLance", "StoreShipID":21 }
{ "timestamp":"2017-05-05T20:09:43Z", "event":"Cargo", "Inventory":[  ] }
{ "timestamp":"2017-05-05T20:09:43Z", "event":"Loadout", "Ship":"Asp", "ShipID":13, "ShipName":"sepia", "ShipIdent":"BL-10A", "Modules":[ { "Slot":"SmallHardpoint1", "Item":"Hpt_PulseLaserBurst_Gimbal_Small", "On":true, "Priority":0, "Health":1.000000, "Value":8600 }, { "Slot":"SmallHardpoint2", "Item":"Hpt_PulseLaserBurst_Gimbal_Small", "On":true, "Priority":0, "Health":1.000000, "Value":8600 }, { "Slot":"SmallHardpoint3", "Item":"Hpt_PulseLaserBurst_Gimbal_Small", "On":true, "Priority":0, "Health":1.000000, "Value":8600 }, { "Slot":"SmallHardpoint4", "Item":"Hpt_PulseLaserBurst_Gimbal_Small", "On":true, "Priority":0, "Health":1.000000, "Value":8600 }, { "Slot":"TinyHardpoint1", "Item":"Hpt_HeatSinkLauncher_Turret_Tiny", "On":true, "Priority":0, "AmmoInClip":1, "AmmoInHopper":2, "Health":1.000000, "Value":3500 }, { "Slot":"TinyHardpoint2", "Item":"Hpt_HeatSinkLauncher_Turret_Tiny", "On":true, "Priority":0, "AmmoInClip":1, "AmmoInHopper":2, "Health":1.000000, "Value":3500 }, { "Slot":"TinyHardpoint3", "Item":"Hpt_ChaffLauncher_Tiny", "On":true, "Priority":0, "AmmoInClip":1, "AmmoInHopper":10, "Health":1.000000, "Value":8500 }, { "Slot":"PaintJob", "Item":"PaintJob_Asp_BlackFriday_01", "On":true, "Priority":1, "Health":1.000000, "Value":0 }, { "Slot":"Armour", "Item":"Asp_Armour_Grade1", "On":true, "Priority":1, "Health":1.000000, "Value":0, "EngineerBlueprint":"Armour_Advanced", "EngineerLevel":1 }, { "Slot":"PowerPlant", "Item":"Int_Powerplant_Size5_Class3", "On":true, "Priority":1, "Health":1.000000, "Value":567106 }, { "Slot":"MainEngines", "Item":"Int_Engine_Size5_Class2", "On":true, "Priority":0, "Health":1.000000, "Value":189035, "EngineerBlueprint":"Engine_Tuned", "EngineerLevel":1 }, { "Slot":"FrameShiftDrive", "Item":"Int_Hyperdrive_Size5_Class5", "On":true, "Priority":0, "Health":1.000000, "Value":4338361, "EngineerBlueprint":"FSD_LongRange", "EngineerLevel":5 }, { "Slot":"LifeSupport", "Item":"Int_LifeSupport_Size4_Class2", "On":true, "Priority":0, "Health":1.000000, "Value":28373 }, { "Slot":"PowerDistributor", "Item":"Int_PowerDistributor_Size4_Class2", "On":true, "Priority":0, "Health":1.000000, "Value":28373 }, { "Slot":"Radar", "Item":"Int_Sensors_Size5_Class2", "On":true, "Priority":0, "Health":1.000000, "Value":79444 }, { "Slot":"FuelTank", "Item":"Int_FuelTank_Size5_Class3", "On":true, "Priority":1, "Health":1.000000, "Value":83090 }, { "Slot":"Slot01_Size6", "Item":"Int_ShieldGenerator_Size6_Class2", "On":true, "Priority":0, "Health":1.000000, "Value":599242 }, { "Slot":"Slot04_Size3", "Item":"Int_CargoRack_Size3_Class1", "On":true, "Priority":1, "Health":1.000000, "Value":8979 }, { "Slot":"Slot05_Size3", "Item":"Int_BuggyBay_Size2_Class2", "On":true, "Priority":0, "Health":1.000000, "Value":21600 }, { "Slot":"Slot06_Size2", "Item":"Int_DetailedSurfaceScanner_Tiny", "On":true, "Priority":1, "Health":1.000000, "Value":250000, "EngineerBlueprint":"Sensor_SurfaceScanner_LongRange", "EngineerLevel":1 }, { "Slot":"Slot07_Size2", "Item":"Int_StellarBodyDiscoveryScanner_Advanced", "On":true, "Priority":1, "Health":1.000000, "Value":1313250 }, { "Slot":"PlanetaryApproachSuite", "Item":"Int_PlanetApproachSuite", "On":true, "Priority":1, "Health":1.000000, "Value":425 }, { "Slot":"Bobble01", "Item":"Bobble_PilotMale", "On":true, "Priority":1, "Health":1.000000, "Value":0 }, { "Slot":"ShipCockpit", "Item":"Asp_Cockpit", "On":true, "Priority":1, "Health":1.000000, "Value":0 }, { "Slot":"CargoHatch", "Item":"ModularCargoBayDoor", "On":true, "Priority":2, "Health":1.000000, "Value":0 } ] }
{ "timestamp":"2017-05-05T20:09:52Z", "event":"Docked", "StationName":"Dyomin Terminal", "StationType":"Coriolis", "StarSystem":"BD+27 1739", "StationFaction":"BD+27 1739 Values Party", "FactionState":"Boom", "StationGovernment":"$government_Democracy;", "StationGovernment_Localised":"Democracy", "StationAllegiance":"Federation", "StationEconomy":"$economy_HighTech;", "StationEconomy_Localised":"High Tech", "DistFromStarLS":1480.318970 }
{ "timestamp":"2017-05-05T20:10:21Z", "event":"ModuleBuy", "Slot":"Slot03_Size3", "BuyItem":"$int_cargorack_size3_class1_name;", "BuyItem_Localised":"Cargo Rack", "BuyPrice":10563, "Ship":"asp", "ShipID":13 }
{ "timestamp":"2017-05-05T20:10:59Z", "event":"ModuleSell", "Slot":"SmallHardpoint4", "SellItem":"$hpt_pulselaserburst_gimbal_small_name;", "SellItem_Localised":"Burst Laser", "SellPrice":8600, "Ship":"asp", "ShipID":13 }
{ "timestamp":"2017-05-05T20:11:09Z", "event":"ModuleSell", "Slot":"SmallHardpoint3", "SellItem":"$hpt_pulselaserburst_gimbal_small_name;", "SellItem_Localised":"Burst Laser", "SellPrice":8600, "Ship":"asp", "ShipID":13 }
{ "timestamp":"2017-05-05T20:11:16Z", "event":"ModuleSell", "Slot":"SmallHardpoint2", "SellItem":"$hpt_pulselaserburst_gimbal_small_name;", "SellItem_Localised":"Burst Laser", "SellPrice":8600, "Ship":"asp", "ShipID":13 }
{ "timestamp":"2017-05-05T20:11:24Z", "event":"ModuleSell", "Slot":"SmallHardpoint1", "SellItem":"$hpt_pulselaserburst_gimbal_small_name;", "SellItem_Localised":"Burst Laser", "SellPrice":8600, "Ship":"asp", "ShipID":13 }
{ "timestamp":"2017-05-05T20:12:26Z", "event":"ModuleBuy", "Slot":"PowerPlant", "SellItem":"$int_powerplant_size5_class3_name;", "SellItem_Localised":"Power Plant", "SellPrice":567106, "BuyItem":"$int_powerplant_size4_class3_name;", "BuyItem_Localised":"Power Plant", "BuyPrice":178898, "Ship":"asp", "ShipID":13 }
{ "timestamp":"2017-05-05T20:12:26Z", "event":"ShieldState", "ShieldsUp":false }
{ "timestamp":"2017-05-05T20:12:29Z", "event":"ShieldState", "ShieldsUp":true }
{ "timestamp":"2017-05-05T20:12:57Z", "event":"ModuleSell", "Slot":"TinyHardpoint3", "SellItem":"$hpt_chafflauncher_tiny_name;", "SellItem_Localised":"Chaff", "SellPrice":8500, "Ship":"asp", "ShipID":13 }
{ "timestamp":"2017-05-05T20:13:19Z", "event":"ModuleBuy", "Slot":"PowerPlant", "SellItem":"$int_powerplant_size4_class3_name;", "SellItem_Localised":"Power Plant", "SellPrice":178898, "BuyItem":"$int_powerplant_size4_class2_name;", "BuyItem_Localised":"Power Plant", "BuyPrice":59633, "Ship":"asp", "ShipID":13 }
{ "timestamp":"2017-05-05T20:13:19Z", "event":"ShieldState", "ShieldsUp":false }
{ "timestamp":"2017-05-05T20:13:22Z", "event":"ShieldState", "ShieldsUp":true }
{ "timestamp":"2017-05-05T20:13:52Z", "event":"SetUserShipName", "Ship":"asp", "ShipID":13, "UserShipName":"sepia", "UserShipId":"BL-10A" }
{ "timestamp":"2017-05-05T20:17:35Z", "event":"SetUserShipName", "Ship":"asp", "ShipID":13, "UserShipName":"sepia", "UserShipId":"BL-10A" }
{ "timestamp":"2017-05-05T20:18:06Z", "event":"ModuleBuy", "Slot":"Decal3", "BuyItem":"$decal_explorer_pathfinder_name;", "BuyItem_Localised":"Pathfinder", "BuyPrice":0, "Ship":"asp", "ShipID":13 }
{ "timestamp":"2017-05-05T20:18:20Z", "event":"ModuleBuy", "Slot":"ShipName1", "BuyItem":"$nameplate_practical01_white_name;", "BuyItem_Localised":"Practical 1 White", "BuyPrice":0, "Ship":"asp", "ShipID":13 }
{ "timestamp":"2017-05-05T20:18:26Z", "event":"ModuleBuy", "Slot":"ShipName0", "BuyItem":"$nameplate_practical01_white_name;", "BuyItem_Localised":"Practical 1 White", "BuyPrice":0, "Ship":"asp", "ShipID":13 }
{ "timestamp":"2017-05-05T20:19:01Z", "event":"Undocked", "StationName":"Dyomin Terminal", "StationType":"Coriolis" }
{ "timestamp":"2017-05-05T20:19:41Z", "event":"ReceiveText", "From":"Dyomin Terminal", "Message":"$STATION_NoFireZone_exited;", "Message_Localised":"No fire zone left.", "Channel":"npc" }
{ "timestamp":"2017-05-05T20:20:01Z", "event":"StartJump", "JumpType":"Hyperspace", "StarSystem":"Okinura", "StarClass":"K" }
{ "timestamp":"2017-05-05T20:20:19Z", "event":"FSDJump", "StarSystem":"Okinura", "StarPos":[11.875,0.375,-30.250], "SystemAllegiance":"Federation", "SystemEconomy":"$economy_Service;", "SystemEconomy_Localised":"Service", "SystemGovernment":"$government_Corporate;", "SystemGovernment_Localised":"Corporate", "SystemSecurity":"$SYSTEM_SECURITY_high;", "SystemSecurity_Localised":"High Security", "JumpDist":44.477, "FuelUsed":4.790587, "FuelLevel":27.209414, "Factions":[ { "Name":"Pollux Purple Galactic Inc", "FactionState":"None", "Government":"Corporate", "Influence":0.030969, "Allegiance":"Independent" }, { "Name":"Okinura Democrats", "FactionState":"Boom", "Government":"Democracy", "Influence":0.181818, "Allegiance":"Federation" }, { "Name":"Okinura Group", "FactionState":"None", "Government":"Corporate", "Influence":0.091908, "Allegiance":"Federation" }, { "Name":"United Okinura Focus", "FactionState":"Boom", "Government":"Dictatorship", "Influence":0.050949, "Allegiance":"Independent" }, { "Name":"Okinura Inc", "FactionState":"None", "Government":"Corporate", "Influence":0.101898, "Allegiance":"Federation" }, { "Name":"Okinura Bureau", "FactionState":"Boom", "Government":"Dictatorship", "Influence":0.052947, "Allegiance":"Independent" }, { "Name":"Earth Defense Fleet", "FactionState":"None", "Government":"Corporate", "Influence":0.489510, "Allegiance":"Federation" } ], "SystemFaction":"Earth Defense Fleet" }
{ "timestamp":"2017-05-05T20:20:55Z", "event":"StartJump", "JumpType":"Hyperspace", "StarSystem":"Tum", "StarClass":"M" }
{ "timestamp":"2017-05-05T20:21:13Z", "event":"FSDJump", "StarSystem":"Tum", "StarPos":[16.750,-43.719,-23.031], "SystemAllegiance":"Federation", "SystemEconomy":"$economy_Refinery;", "SystemEconomy_Localised":"Refinery", "SystemGovernment":"$government_Corporate;", "SystemGovernment_Localised":"Corporate", "SystemSecurity":"$SYSTEM_SECURITY_medium;", "SystemSecurity_Localised":"Medium Security", "JumpDist":44.946, "FuelUsed":4.770682, "FuelLevel":22.438732, "Factions":[ { "Name":"Shenetserii Confederation", "FactionState":"None", "Government":"Confederacy", "Influence":0.083000, "Allegiance":"Federation" }, { "Name":"Tum People's Co-operative", "FactionState":"Boom", "Government":"Cooperative", "Influence":0.257000, "Allegiance":"Independent" }, { "Name":"Gold Dynamic Ltd", "FactionState":"War", "Government":"Corporate", "Influence":0.230000, "Allegiance":"Federation" }, { "Name":"Tum Partnership", "FactionState":"Boom", "Government":"Anarchy", "Influence":0.148000, "Allegiance":"Independent" }, { "Name":"Independent Arinack Free", "FactionState":"War", "Government":"Democracy", "Influence":0.196000, "Allegiance":"Federation" }, { "Name":"Kausalya Netcoms Organisation", "FactionState":"Boom", "Government":"Corporate", "Influence":0.086000, "Allegiance":"Federation" } ], "SystemFaction":"Gold Dynamic Ltd", "FactionState":"War" }
{ "timestamp":"2017-05-05T20:21:57Z", "event":"StartJump", "JumpType":"Hyperspace", "StarSystem":"Ceti Sector GR-V b2-5", "StarClass":"M" }
{ "timestamp":"2017-05-05T20:22:15Z", "event":"FSDJump", "StarSystem":"Ceti Sector GR-V b2-5", "StarPos":[11.594,-88.000,-25.563], "SystemAllegiance":"", "SystemEconomy":"$economy_None;", "SystemEconomy_Localised":"None", "SystemGovernment":"$government_None;", "SystemGovernment_Localised":"None", "SystemSecurity":"$SYSTEM_SECURITY_low;", "SystemSecurity_Localised":"Low Security", "JumpDist":44.652, "FuelUsed":4.555546, "FuelLevel":17.883186 }
{ "timestamp":"2017-05-05T20:22:52Z", "event":"StartJump", "JumpType":"Hyperspace", "StarSystem":"Ceti Sector PN-T b3-5", "StarClass":"M" }
{ "timestamp":"2017-05-05T20:23:10Z", "event":"FSDJump", "StarSystem":"Ceti Sector PN-T b3-5", "StarPos":[17.406,-130.531,-15.594], "SystemAllegiance":"", "SystemEconomy":"$economy_None;", "SystemEconomy_Localised":"None", "SystemGovernment":"$government_None;", "SystemGovernment_Localised":"None", "SystemSecurity":"$SYSTEM_SECURITY_low;", "SystemSecurity_Localised":"Low Security", "JumpDist":44.069, "FuelUsed":4.284702, "FuelLevel":13.598484 }
{ "timestamp":"2017-05-05T20:23:53Z", "event":"StartJump", "JumpType":"Hyperspace", "StarSystem":"Muang", "StarClass":"K" }
{ "timestamp":"2017-05-05T20:24:11Z", "event":"FSDJump", "StarSystem":"Muang", "StarPos":[17.031,-172.781,-3.469], "SystemAllegiance":"Empire", "SystemEconomy":"$economy_Extraction;", "SystemEconomy_Localised":"Extraction", "SystemGovernment":"$government_Dictatorship;", "SystemGovernment_Localised":"Dictatorship", "SystemSecurity":"$SYSTEM_SECURITY_high;", "SystemSecurity_Localised":"High Security", "JumpDist":43.957, "FuelUsed":4.141908, "FuelLevel":9.456576, "Factions":[ { "Name":"Broo Tarquin", "FactionState":"None", "Government":"Engineer", "Influence":0.090662, "Allegiance":"Empire" }, { "Name":"New Muang Defence Force", "FactionState":"None", "Government":"Dictatorship", "Influence":0.376247, "Allegiance":"Empire" }, { "Name":"Gungo General Exchange", "FactionState":"Boom", "Government":"Corporate", "Influence":0.135993, "Allegiance":"Empire" }, { "Name":"Muang Blue Creative Corporation", "FactionState":"Boom", "Government":"Corporate", "Influence":0.174071, "Allegiance":"Empire" }, { "Name":"Muang Constitution Party", "FactionState":"None", "Government":"Dictatorship", "Influence":0.013599, "Allegiance":"Independent" }, { "Name":"Amsitia Holdings", "FactionState":"Boom", "Government":"Corporate", "Influence":0.187670, "Allegiance":"Empire" }, { "Name":"Independent Muang Progressive Party", "FactionState":"None", "Government":"Democracy", "Influence":0.012693, "Allegiance":"Independent" }, { "Name":"Muang Gold Posse", "FactionState":"None", "Government":"Anarchy", "Influence":0.009066, "Allegiance":"Independent" } ], "SystemFaction":"New Muang Defence Force" }
{ "timestamp":"2017-05-05T20:26:25Z", "event":"SupercruiseExit", "StarSystem":"Muang", "Body":"Al-Khujandi Enterprise", "BodyType":"Station" }
{ "timestamp":"2017-05-05T20:26:42Z", "event":"DockingRequested", "StationName":"Al-Khujandi Enterprise" }
{ "timestamp":"2017-05-05T20:26:42Z", "event":"ReceiveText", "From":"Al-Khujandi Enterprise", "Message":"$DockingChatter_Cordial;", "Message_Localised":"Welcome back, Commander.", "Channel":"npc" }
{ "timestamp":"2017-05-05T20:26:43Z", "event":"ReceiveText", "From":"Al-Khujandi Enterprise", "Message":"$STATION_docking_granted;", "Message_Localised":"Docking request granted.", "Channel":"npc" }
{ "timestamp":"2017-05-05T20:26:43Z", "event":"DockingGranted", "LandingPad":3, "StationName":"Al-Khujandi Enterprise" }
{ "timestamp":"2017-05-05T20:26:44Z", "event":"ReceiveText", "From":"Al-Khujandi Enterprise", "Message":"$STATION_NoFireZone_entered;", "Message_Localised":"No fire zone entered.", "Channel":"npc" }
{ "timestamp":"2017-05-05T20:27:39Z", "event":"Docked", "StationName":"Al-Khujandi Enterprise", "StationType":"Coriolis", "StarSystem":"Muang", "StationFaction":"New Muang Defence Force", "StationGovernment":"$government_Dictatorship;", "StationGovernment_Localised":"Dictatorship", "StationAllegiance":"Empire", "StationEconomy":"$economy_Extraction;", "StationEconomy_Localised":"Extraction", "DistFromStarLS":31.791784 }
{ "timestamp":"2017-05-05T20:28:09Z", "event":"RefuelAll", "Cost":1137, "Amount":22.720568 }
{ "timestamp":"2017-05-05T20:28:09Z", "event":"BuyAmmo", "Cost":25 }
{ "timestamp":"2017-05-05T20:28:56Z", "event":"ShipyardTransfer", "ShipType":"Python", "ShipID":16, "System":"Sak Manka", "Distance":77.100891, "TransferPrice":340310 }
{ "timestamp":"2017-05-05T20:32:24Z", "event":"Undocked", "StationName":"Al-Khujandi Enterprise", "StationType":"Coriolis" }
{ "timestamp":"2017-05-05T20:32:58Z", "event":"ReceiveText", "From":"Al-Khujandi Enterprise", "Message":"$STATION_NoFireZone_exited;", "Message_Localised":"No fire zone left.", "Channel":"npc" }
{ "timestamp":"2017-05-05T20:33:08Z", "event":"StartJump", "JumpType":"Supercruise" }
{ "timestamp":"2017-05-05T20:33:13Z", "event":"SupercruiseEntry", "StarSystem":"Muang" }
{ "timestamp":"2017-05-05T20:37:06Z", "event":"ApproachSettlement", "Name":"Digges Bastion +" }
{ "timestamp":"2017-05-05T20:37:08Z", "event":"ApproachSettlement", "Name":"Broo's Legacy" }
{ "timestamp":"2017-05-05T20:38:02Z", "event":"SupercruiseExit", "StarSystem":"Muang", "Body":"Muang 5 a", "BodyType":"Planet" }
{ "timestamp":"2017-05-05T20:39:21Z", "event":"Touchdown", "PlayerControlled":true, "Latitude":-24.028204, "Longitude":-129.988693 }
{ "timestamp":"2017-05-05T20:39:26Z", "event":"LaunchSRV", "Loadout":"starter", "PlayerControlled":true }
{ "timestamp":"2017-05-05T20:39:50Z", "event":"Liftoff", "PlayerControlled":false }
{ "timestamp":"2017-05-05T20:41:18Z", "event":"Screenshot", "Filename":"\\ED_Pictures\\HighResScreenShot_2017-05-05_20-41-18.bmp", "Width":7680, "Height":4320, "System":"Muang", "Body":"Muang 5 a" }
{ "timestamp":"2017-05-05T20:41:26Z", "event":"Screenshot", "Filename":"\\ED_Pictures\\HighResScreenShot_2017-05-05_20-41-26.bmp", "Width":7680, "Height":4320, "System":"Muang", "Body":"Muang 5 a" }
{ "timestamp":"2017-05-05T20:44:23Z", "event":"MaterialDiscovered", "Category":"Raw", "Name":"polonium", "DiscoveryNumber":17 }
{ "timestamp":"2017-05-05T20:44:23Z", "event":"MaterialCollected", "Category":"Raw", "Name":"polonium", "Count":3 }
{ "timestamp":"2017-05-05T20:44:29Z", "event":"MaterialCollected", "Category":"Raw", "Name":"niobium", "Count":3 }
{ "timestamp":"2017-05-05T20:44:31Z", "event":"MaterialCollected", "Category":"Raw", "Name":"cadmium", "Count":3 }
{ "timestamp":"2017-05-05T20:44:39Z", "event":"MaterialCollected", "Category":"Raw", "Name":"niobium", "Count":3 }
{ "timestamp":"2017-05-05T20:44:40Z", "event":"MaterialCollected", "Category":"Raw", "Name":"niobium", "Count":3 }
{ "timestamp":"2017-05-05T20:47:13Z", "event":"MaterialCollected", "Category":"Raw", "Name":"nickel", "Count":3 }
{ "timestamp":"2017-05-05T20:47:28Z", "event":"MaterialCollected", "Category":"Raw", "Name":"niobium", "Count":3 }
{ "timestamp":"2017-05-05T20:47:32Z", "event":"MaterialCollected", "Category":"Raw", "Name":"carbon", "Count":3 }
{ "timestamp":"2017-05-05T20:47:37Z", "event":"MaterialDiscovered", "Category":"Raw", "Name":"zirconium", "DiscoveryNumber":18 }
{ "timestamp":"2017-05-05T20:47:37Z", "event":"MaterialCollected", "Category":"Raw", "Name":"zirconium", "Count":3 }
{ "timestamp":"2017-05-05T20:47:38Z", "event":"MaterialCollected", "Category":"Raw", "Name":"iron", "Count":3 }
{ "timestamp":"2017-05-05T20:47:41Z", "event":"MaterialCollected", "Category":"Raw", "Name":"sulphur", "Count":3 }
{ "timestamp":"2017-05-05T20:52:31Z", "event":"Bounty", "Faction":"New Muang Defence Force", "Target":"Skimmer", "Reward":1000, "VictimFaction":"New Muang Defence Force" }
{ "timestamp":"2017-05-05T20:52:42Z", "event":"Bounty", "Faction":"$faction_Empire;", "Faction_Localised":"Empire", "Target":"Skimmer", "Reward":1000, "VictimFaction":"New Muang Defence Force" }
{ "timestamp":"2017-05-05T20:52:58Z", "event":"Bounty", "Faction":"New Muang Defence Force", "Target":"Skimmer", "Reward":1000, "VictimFaction":"New Muang Defence Force" }
{ "timestamp":"2017-05-05T20:53:38Z", "event":"CollectCargo", "Type":"skimercomponents", "Stolen":false }
{ "timestamp":"2017-05-05T20:53:39Z", "event":"CollectCargo", "Type":"syntheticreagents", "Stolen":false }
{ "timestamp":"2017-05-05T20:56:53Z", "event":"HullDamage", "Health":0.747924, "PlayerPilot":true }
{ "timestamp":"2017-05-05T20:58:54Z", "event":"MaterialCollected", "Category":"Raw", "Name":"selenium", "Count":3 }
{ "timestamp":"2017-05-05T21:07:21Z", "event":"MaterialCollected", "Category":"Raw", "Name":"zirconium", "Count":3 }
{ "timestamp":"2017-05-05T21:07:28Z", "event":"MaterialCollected", "Category":"Raw", "Name":"cadmium", "Count":3 }
{ "timestamp":"2017-05-05T21:07:33Z", "event":"MaterialCollected", "Category":"Raw", "Name":"iron", "Count":3 }
{ "timestamp":"2017-05-05T21:07:42Z", "event":"MaterialCollected", "Category":"Raw", "Name":"cadmium", "Count":3 }
{ "timestamp":"2017-05-05T21:07:55Z", "event":"HullDamage", "Health":0.599629, "PlayerPilot":true }
{ "timestamp":"2017-05-05T21:08:31Z", "event":"Screenshot", "Filename":"\\ED_Pictures\\HighResScreenShot_2017-05-05_21-08-30.bmp", "Width":7680, "Height":4320, "System":"Muang", "Body":"Muang 5 a" }
{ "timestamp":"2017-05-05T21:08:41Z", "event":"Screenshot", "Filename":"\\ED_Pictures\\HighResScreenShot_2017-05-05_21-08-41.bmp", "Width":7680, "Height":4320, "System":"Muang", "Body":"Muang 5 a" }
{ "timestamp":"2017-05-05T21:09:17Z", "event":"Touchdown", "PlayerControlled":false }
{ "timestamp":"2017-05-05T21:09:32Z", "event":"MaterialCollected", "Category":"Raw", "Name":"niobium", "Count":3 }
{ "timestamp":"2017-05-05T21:09:36Z", "event":"MaterialCollected", "Category":"Raw", "Name":"niobium", "Count":3 }
{ "timestamp":"2017-05-05T21:09:41Z", "event":"MaterialCollected", "Category":"Raw", "Name":"niobium", "Count":3 }
{ "timestamp":"2017-05-05T21:09:51Z", "event":"MaterialCollected", "Category":"Raw", "Name":"niobium", "Count":3 }
{ "timestamp":"2017-05-05T21:11:47Z", "event":"Screenshot", "Filename":"\\ED_Pictures\\HighResScreenShot_2017-05-05_21-11-47.bmp", "Width":7680, "Height":4320, "System":"Muang", "Body":"Muang 5 a" }
{ "timestamp":"2017-05-05T21:12:23Z", "event":"DockSRV" }
{ "timestamp":"2017-05-05T21:12:35Z", "event":"Liftoff", "PlayerControlled":true, "Latitude":-24.067261, "Longitude":-130.158432 }
{ "timestamp":"2017-05-05T21:17:33Z", "event":"StartJump", "JumpType":"Supercruise" }
{ "timestamp":"2017-05-05T21:17:33Z", "event":"ApproachSettlement", "Name":"Broo's Legacy" }
{ "timestamp":"2017-05-05T21:17:33Z", "event":"ApproachSettlement", "Name":"Digges Bastion +" }
{ "timestamp":"2017-05-05T21:17:38Z", "event":"SupercruiseEntry", "StarSystem":"Muang" }
{ "timestamp":"2017-05-05T21:18:52Z", "event":"SupercruiseExit", "StarSystem":"Muang", "Body":"Muang 5 a", "BodyType":"Planet" }
{ "timestamp":"2017-05-05T21:19:54Z", "event":"Touchdown", "PlayerControlled":true, "Latitude":-27.332289, "Longitude":-141.282791 }
{ "timestamp":"2017-05-05T21:20:02Z", "event":"LaunchSRV", "Loadout":"starter", "PlayerControlled":true }
{ "timestamp":"2017-05-05T21:20:23Z", "event":"Liftoff", "PlayerControlled":false }
{ "timestamp":"2017-05-05T21:20:46Z", "event":"Screenshot", "Filename":"\\ED_Pictures\\HighResScreenShot_2017-05-05_21-20-46.bmp", "Width":7680, "Height":4320, "System":"Muang", "Body":"Muang 5 a" }
{ "timestamp":"2017-05-05T21:23:42Z", "event":"MaterialCollected", "Category":"Raw", "Name":"cadmium", "Count":3 }
{ "timestamp":"2017-05-05T21:27:46Z", "event":"MaterialCollected", "Category":"Raw", "Name":"cadmium", "Count":3 }
{ "timestamp":"2017-05-05T21:27:53Z", "event":"MaterialCollected", "Category":"Raw", "Name":"carbon", "Count":3 }
{ "timestamp":"2017-05-05T21:34:20Z", "event":"MaterialCollected", "Category":"Raw", "Name":"selenium", "Count":3 }
{ "timestamp":"2017-05-05T21:37:22Z", "event":"MaterialCollected", "Category":"Raw", "Name":"niobium", "Count":3 }
{ "timestamp":"2017-05-05T21:37:25Z", "event":"MaterialCollected", "Category":"Raw", "Name":"iron", "Count":3 }
{ "timestamp":"2017-05-05T21:37:35Z", "event":"MaterialCollected", "Category":"Raw", "Name":"nickel", "Count":3 }
{ "timestamp":"2017-05-05T21:37:41Z", "event":"MaterialCollected", "Category":"Raw", "Name":"iron", "Count":3 }
{ "timestamp":"2017-05-05T21:37:41Z", "event":"MaterialCollected", "Category":"Raw", "Name":"carbon", "Count":3 }
{ "timestamp":"2017-05-05T21:42:15Z", "event":"MaterialCollected", "Category":"Raw", "Name":"zirconium", "Count":3 }
{ "timestamp":"2017-05-05T21:45:10Z", "event":"Bounty", "Faction":"New Muang Defence Force", "Target":"Skimmer", "Reward":1000, "VictimFaction":"New Muang Defence Force" }
{ "timestamp":"2017-05-05T21:46:19Z", "event":"DatalinkScan", "Message":"$DATAPOINT_GAMEPLAY_complete;", "Message_Localised":"Alert: All Data Point telemetry links established, Intel package created." }
{ "timestamp":"2017-05-05T21:46:19Z", "event":"DatalinkVoucher", "Reward":3538, "VictimFaction":"Empire", "PayeeFaction":"Federation" }
{ "timestamp":"2017-05-05T21:47:06Z", "event":"HullDamage", "Health":0.797622, "PlayerPilot":true }
{ "timestamp":"2017-05-05T21:48:06Z", "event":"HullDamage", "Health":0.596358, "PlayerPilot":true }
{ "timestamp":"2017-05-05T21:50:49Z", "event":"DockSRV" }
{ "timestamp":"2017-05-05T21:51:36Z", "event":"SendText", "To":"Von Cadfael", "Message":"you wanna wing up ?" }
{ "timestamp":"2017-05-05T21:52:04Z", "event":"StartJump", "JumpType":"Supercruise" }
{ "timestamp":"2017-05-05T21:52:04Z", "event":"ApproachSettlement", "Name":"Broo's Legacy" }
{ "timestamp":"2017-05-05T21:52:04Z", "event":"ApproachSettlement", "Name":"Digges Bastion +" }
{ "timestamp":"2017-05-05T21:52:09Z", "event":"SupercruiseEntry", "StarSystem":"Muang" }
{ "timestamp":"2017-05-05T21:54:21Z", "event":"SendText", "To":"Von Cadfael", "Message":"you ignoring me or dont know how to get to teh chat :-)" }
{ "timestamp":"2017-05-05T21:55:56Z", "event":"SupercruiseExit", "StarSystem":"Muang", "Body":"Al-Khujandi Enterprise", "BodyType":"Station" }
{ "timestamp":"2017-05-05T21:56:07Z", "event":"DockingRequested", "StationName":"Al-Khujandi Enterprise" }
{ "timestamp":"2017-05-05T21:56:07Z", "event":"ReceiveText", "From":"Al-Khujandi Enterprise", "Message":"$DockingChatter_Cordial;", "Message_Localised":"Welcome back, Commander.", "Channel":"npc" }
{ "timestamp":"2017-05-05T21:56:08Z", "event":"ReceiveText", "From":"Al-Khujandi Enterprise", "Message":"$STATION_docking_granted;", "Message_Localised":"Docking request granted.", "Channel":"npc" }
{ "timestamp":"2017-05-05T21:56:08Z", "event":"DockingGranted", "LandingPad":26, "StationName":"Al-Khujandi Enterprise" }
{ "timestamp":"2017-05-05T21:56:15Z", "event":"ReceiveText", "From":"Al-Khujandi Enterprise", "Message":"$STATION_NoFireZone_entered;", "Message_Localised":"No fire zone entered.", "Channel":"npc" }
{ "timestamp":"2017-05-05T21:56:52Z", "event":"Docked", "StationName":"Al-Khujandi Enterprise", "StationType":"Coriolis", "StarSystem":"Muang", "StationFaction":"New Muang Defence Force", "StationGovernment":"$government_Dictatorship;", "StationGovernment_Localised":"Dictatorship", "StationAllegiance":"Empire", "StationEconomy":"$economy_Extraction;", "StationEconomy_Localised":"Extraction", "DistFromStarLS":31.808762 }
{ "timestamp":"2017-05-05T21:57:31Z", "event":"ModuleStore", "Slot":"MainEngines", "StoredItem":"$int_engine_size5_class2_name;", "StoredItem_Localised":"Thrusters", "Ship":"asp", "ShipID":13, "EngineerModifications":"Engine_Tuned" }
{ "timestamp":"2017-05-05T21:57:37Z", "event":"ModuleStore", "Slot":"FrameShiftDrive", "StoredItem":"$int_hyperdrive_size5_class5_name;", "StoredItem_Localised":"FSD", "Ship":"asp", "ShipID":13, "EngineerModifications":"FSD_LongRange" }
{ "timestamp":"2017-05-05T21:57:43Z", "event":"ModuleStore", "Slot":"Armour", "StoredItem":"$asp_armour_grade1_name;", "StoredItem_Localised":"Lightweight Alloy", "Ship":"asp", "ShipID":13, "EngineerModifications":"Armour_Advanced" }
{ "timestamp":"2017-05-05T21:58:09Z", "event":"ShipyardSwap", "ShipType":"python", "ShipID":16, "StoreOldShip":"Asp", "StoreShipID":13 }
{ "timestamp":"2017-05-05T21:58:10Z", "event":"Cargo", "Inventory":[ { "Name":"skimercomponents", "Count":1 }, { "Name":"syntheticreagents", "Count":1 } ] }
{ "timestamp":"2017-05-05T21:58:10Z", "event":"Loadout", "Ship":"Python", "ShipID":16, "ShipName":"", "ShipIdent":"", "Modules":[ { "Slot":"LargeHardpoint1", "Item":"Hpt_MultiCannon_Gimbal_Large", "On":true, "Priority":0, "AmmoInClip":83, "AmmoInHopper":2100, "Health":1.000000, "Value":491671, "EngineerBlueprint":"Weapon_Overcharged", "EngineerLevel":2 }, { "Slot":"LargeHardpoint2", "Item":"Hpt_MultiCannon_Gimbal_Large", "On":true, "Priority":0, "AmmoInClip":90, "AmmoInHopper":2100, "Health":1.000000, "Value":491671, "EngineerBlueprint":"Weapon_Efficient", "EngineerLevel":3 }, { "Slot":"LargeHardpoint3", "Item":"Hpt_BeamLaser_Gimbal_Large", "On":true, "Priority":0, "AmmoInClip":1, "AmmoInHopper":1, "Health":1.000000, "Value":2036736, "EngineerBlueprint":"Weapon_Overcharged", "EngineerLevel":2 }, { "Slot":"MediumHardpoint1", "Item":"Hpt_BasicMissileRack_Fixed_Medium", "On":true, "Priority":0, "AmmoInClip":6, "AmmoInHopper":18, "Health":1.000000, "Value":512400, "EngineerBlueprint":"Weapon_LightWeight", "EngineerLevel":1 }, { "Slot":"MediumHardpoint2", "Item":"Hpt_BasicMissileRack_Fixed_Medium", "On":true, "Priority":0, "AmmoInClip":6, "AmmoInHopper":18, "Health":1.000000, "Value":512400, "EngineerBlueprint":"Weapon_Sturdy", "EngineerLevel":2 }, { "Slot":"TinyHardpoint1", "Item":"Hpt_ChaffLauncher_Tiny", "On":true, "Priority":0, "AmmoInClip":1, "AmmoInHopper":10, "Health":1.000000, "Value":7225 }, { "Slot":"TinyHardpoint2", "Item":"Hpt_HeatSinkLauncher_Turret_Tiny", "On":true, "Priority":0, "AmmoInClip":1, "AmmoInHopper":1, "Health":1.000000, "Value":2975 }, { "Slot":"TinyHardpoint3", "Item":"Hpt_ShieldBooster_Size0_Class5", "On":true, "Priority":0, "Health":1.000000, "Value":281000 }, { "Slot":"TinyHardpoint4", "Item":"Hpt_ShieldBooster_Size0_Class5", "On":true, "Priority":0, "Health":1.000000, "Value":238850 }, { "Slot":"PaintJob", "Item":"PaintJob_Python_BlackFriday_01", "On":true, "Priority":1, "Health":1.000000, "Value":0 }, { "Slot":"Armour", "Item":"Python_Armour_Grade1", "On":true, "Priority":1, "Health":1.000000, "Value":0 }, { "Slot":"PowerPlant", "Item":"Int_Powerplant_Size6_Class4", "On":true, "Priority":1, "Health":1.000000, "Value":5393177 }, { "Slot":"MainEngines", "Item":"Int_Engine_Size6_Class3", "On":true, "Priority":0, "Health":1.000000, "Value":1797726 }, { "Slot":"FrameShiftDrive", "Item":"Int_Hyperdrive_Size5_Class1", "On":true, "Priority":0, "Health":1.000000, "Value":63012 }, { "Slot":"LifeSupport", "Item":"Int_LifeSupport_Size4_Class2", "On":true, "Priority":0, "Health":1.000000, "Value":28373 }, { "Slot":"PowerDistributor", "Item":"Int_PowerDistributor_Size7_Class4", "On":true, "Priority":0, "Health":1.000000, "Value":3892770, "EngineerBlueprint":"PowerDistributor_HighCapacity", "EngineerLevel":1 }, { "Slot":"Radar", "Item":"Int_Sensors_Size6_Class2", "On":true, "Priority":0, "Health":1.000000, "Value":189078 }, { "Slot":"FuelTank", "Item":"Int_FuelTank_Size5_Class3", "On":true, "Priority":1, "Health":1.000000, "Value":83090 }, { "Slot":"Slot01_Size6", "Item":"Int_CargoRack_Size6_Class1", "On":true, "Priority":1, "Health":1.000000, "Value":362591 }, { "Slot":"Slot02_Size6", "Item":"Int_PassengerCabin_Size6_Class1", "On":true, "Priority":1, "AmmoInClip":32, "Health":1.000000, "Value":61410 }, { "Slot":"Slot03_Size6", "Item":"Int_ShieldGenerator_Size6_Class4", "On":true, "Priority":0, "Health":1.000000, "Value":5393177 }, { "Slot":"Slot04_Size5", "Item":"Int_PassengerCabin_Size5_Class2", "On":true, "Priority":1, "AmmoInClip":10, "Health":1.000000, "Value":92362 }, { "Slot":"Slot05_Size5", "Item":"Int_CargoRack_Size5_Class1", "On":true, "Priority":1, "Health":1.000000, "Value":111566 }, { "Slot":"Slot06_Size4", "Item":"Int_CargoRack_Size4_Class1", "On":true, "Priority":1, "Health":1.000000, "Value":34328 }, { "Slot":"Slot08_Size3", "Item":"Int_BuggyBay_Size2_Class2", "On":true, "Priority":0, "Health":1.000000, "Value":21600 }, { "Slot":"Slot09_Size2", "Item":"Int_StellarBodyDiscoveryScanner_Advanced", "On":true, "Priority":1, "Health":1.000000, "Value":1313250 }, { "Slot":"PlanetaryApproachSuite", "Item":"Int_PlanetApproachSuite", "On":true, "Priority":1, "Health":1.000000, "Value":425 }, { "Slot":"ShipCockpit", "Item":"Python_Cockpit", "On":true, "Priority":1, "Health":1.000000, "Value":0 }, { "Slot":"CargoHatch", "Item":"ModularCargoBayDoor", "On":true, "Priority":1, "Health":1.000000, "Value":0 } ] }
{ "timestamp":"2017-05-05T21:58:19Z", "event":"Docked", "StationName":"Al-Khujandi Enterprise", "StationType":"Coriolis", "StarSystem":"Muang", "StationFaction":"New Muang Defence Force", "StationGovernment":"$government_Dictatorship;", "StationGovernment_Localised":"Dictatorship", "StationAllegiance":"Empire", "StationEconomy":"$economy_Extraction;", "StationEconomy_Localised":"Extraction", "DistFromStarLS":31.808960 }
{ "timestamp":"2017-05-05T21:58:49Z", "event":"RefuelAll", "Cost":186, "Amount":3.683684 }
{ "timestamp":"2017-05-05T21:58:51Z", "event":"BuyAmmo", "Cost":25 }
{ "timestamp":"2017-05-05T21:59:03Z", "event":"ModuleRetrieve", "Slot":"FrameShiftDrive", "RetrievedItem":"$int_hyperdrive_size5_class5_name;", "RetrievedItem_Localised":"FSD", "Ship":"python", "ShipID":16, "EngineerModifications":"FSD_LongRange", "SwapOutItem":"$int_hyperdrive_size5_class1_name;", "SwapOutItem_Localised":"FSD", "Cost":0 }
{ "timestamp":"2017-05-05T22:01:07Z", "event":"WingJoin", "Others":[] }
{ "timestamp":"2017-05-05T22:01:07Z", "event":"WingAdd", "Name":"Von Cadfael" }
{ "timestamp":"2017-05-05T22:02:57Z", "event":"ReceiveText", "From":"$npc_name_decorate:#name=Dante Alighieri;", "From_Localised":"Dante Alighieri", "Message":"$Commuter_HostileScan05;", "Message_Localised":"Your ship's ID has been logged, any active hostilities will result in criminal charges being brought against you.", "Channel":"npc" }
{ "timestamp":"2017-05-05T22:03:00Z", "event":"ReceiveText", "From":"$npc_name_decorate:#name=Anthony Ballow;", "From_Localised":"Anthony Ballow", "Message":"$Commuter_HostileScan01;", "Message_Localised":"Please cease your unauthorised scan immediately.", "Channel":"npc" }
{ "timestamp":"2017-05-05T22:06:56Z", "event":"Undocked", "StationName":"Al-Khujandi Enterprise", "StationType":"Coriolis" }
{ "timestamp":"2017-05-05T22:07:43Z", "event":"ReceiveText", "From":"Al-Khujandi Enterprise", "Message":"$STATION_NoFireZone_exited;", "Message_Localised":"No fire zone left.", "Channel":"npc" }
{ "timestamp":"2017-05-05T22:08:13Z", "event":"StartJump", "JumpType":"Supercruise" }
{ "timestamp":"2017-05-05T22:08:18Z", "event":"SupercruiseEntry", "StarSystem":"Muang" }
{ "timestamp":"2017-05-05T22:11:21Z", "event":"ApproachSettlement", "Name":"Broo's Legacy" }
{ "timestamp":"2017-05-05T22:11:23Z", "event":"ApproachSettlement", "Name":"Digges Bastion +" }
{ "timestamp":"2017-05-05T22:13:28Z", "event":"ApproachSettlement", "Name":"Broo's Legacy" }
{ "timestamp":"2017-05-05T22:13:29Z", "event":"SupercruiseExit", "StarSystem":"Muang", "Body":"Muang 5 a", "BodyType":"Planet" }
{ "timestamp":"2017-05-05T22:14:11Z", "event":"DockingRequested", "StationName":"Broo's Legacy" }
{ "timestamp":"2017-05-05T22:14:11Z", "event":"ReceiveText", "From":"Broo's Legacy", "Message":"$DockingChatter_Friendly;", "Message_Localised":"It's great to see you again, Commander.", "Channel":"npc" }
{ "timestamp":"2017-05-05T22:14:12Z", "event":"ReceiveText", "From":"Broo's Legacy", "Message":"$STATION_docking_granted;", "Message_Localised":"Docking request granted.", "Channel":"npc" }
{ "timestamp":"2017-05-05T22:14:12Z", "event":"DockingGranted", "LandingPad":7, "StationName":"Broo's Legacy" }
{ "timestamp":"2017-05-05T22:14:20Z", "event":"ReceiveText", "From":"Broo's Legacy", "Message":"$STATION_NoFireZone_entered;", "Message_Localised":"No fire zone entered.", "Channel":"npc" }
{ "timestamp":"2017-05-05T22:15:26Z", "event":"Docked", "StationName":"Broo's Legacy", "StationType":"SurfaceStation", "StarSystem":"Muang", "StationFaction":"Broo Tarquin", "StationGovernment":"$government_Engineer;", "StationGovernment_Localised":"Workshop", "StationAllegiance":"Empire", "StationEconomy":"$economy_Colony;", "StationEconomy_Localised":"Colony", "DistFromStarLS":176.440018 }
{ "timestamp":"2017-05-05T22:16:12Z", "event":"RedeemVoucher", "Type":"bounty", "Amount":4000, "Factions":[ { "Faction":"Empire", "Amount":1000 }, { "Faction":"New Muang Defence Force", "Amount":3000 } ] }
{ "timestamp":"2017-05-05T22:17:19Z", "event":"EngineerCraft", "Engineer":"Broo Tarquin", "Blueprint":"Weapon_Efficient", "Level":4, "Ingredients":[ { "Name":"archivedemissiondata", "Count":1 }, { "Name":"selenium", "Count":1 }, { "Name":"heatvanes", "Count":1 } ] }
{ "timestamp":"2017-05-05T22:17:42Z", "event":"EngineerApply", "Engineer":"Broo Tarquin", "Blueprint":"Weapon_Efficient", "Level":4 }
{ "timestamp":"2017-05-05T22:23:16Z", "event":"Undocked", "StationName":"Broo's Legacy", "StationType":"SurfaceStation" }
{ "timestamp":"2017-05-05T22:23:38Z", "event":"ReceiveText", "From":"Broo's Legacy", "Message":"$STATION_NoFireZone_exited;", "Message_Localised":"No fire zone left.", "Channel":"npc" }
{ "timestamp":"2017-05-05T22:24:24Z", "event":"StartJump", "JumpType":"Supercruise" }
{ "timestamp":"2017-05-05T22:24:25Z", "event":"ApproachSettlement", "Name":"Broo's Legacy" }
{ "timestamp":"2017-05-05T22:24:25Z", "event":"ApproachSettlement", "Name":"Digges Bastion +" }
{ "timestamp":"2017-05-05T22:24:29Z", "event":"SupercruiseEntry", "StarSystem":"Muang" }
{ "timestamp":"2017-05-05T22:30:59Z", "event":"StartJump", "JumpType":"Hyperspace", "StarSystem":"Punta", "StarClass":"K" }
{ "timestamp":"2017-05-05T22:31:18Z", "event":"FSDJump", "StarSystem":"Punta", "StarPos":[-0.875,-168.469,7.125], "SystemAllegiance":"Empire", "SystemEconomy":"$economy_Refinery;", "SystemEconomy_Localised":"Refinery", "SystemGovernment":"$government_Corporate;", "SystemGovernment_Localised":"Corporate", "SystemSecurity":"$SYSTEM_SECURITY_medium;", "SystemSecurity_Localised":"Medium Security", "JumpDist":21.248, "FuelUsed":4.473023, "FuelLevel":27.526978, "Factions":[ { "Name":"Punta Imperial Society", "FactionState":"Boom", "Government":"Patronage", "Influence":0.210000, "Allegiance":"Empire" }, { "Name":"Punta Network", "FactionState":"Boom", "Government":"Corporate", "Influence":0.703000, "Allegiance":"Empire" }, { "Name":"Punta Jet Dragons", "FactionState":"None", "Government":"Anarchy", "Influence":0.017000, "Allegiance":"Independent" }, { "Name":"Integrated Punta", "FactionState":"None", "Government":"Cooperative", "Influence":0.010000, "Allegiance":"Independent" }, { "Name":"Punta Exchange", "FactionState":"None", "Government":"Corporate", "Influence":0.060000, "Allegiance":"Independent" } ], "SystemFaction":"Punta Network", "FactionState":"Boom" }
{ "timestamp":"2017-05-05T22:32:00Z", "event":"StartJump", "JumpType":"Hyperspace", "StarSystem":"HIP 1625", "StarClass":"G" }
{ "timestamp":"2017-05-05T22:32:18Z", "event":"FSDJump", "StarSystem":"HIP 1625", "StarPos":[4.125,-172.094,24.438], "SystemAllegiance":"Empire", "SystemEconomy":"$economy_Extraction;", "SystemEconomy_Localised":"Extraction", "SystemGovernment":"$government_Patronage;", "SystemGovernment_Localised":"Patronage", "SystemSecurity":"$SYSTEM_SECURITY_medium;", "SystemSecurity_Localised":"Medium Security", "JumpDist":18.381, "FuelUsed":3.093685, "FuelLevel":24.433292, "Factions":[ { "Name":"HIP 1625 Patrons of Law", "FactionState":"None", "Government":"Patronage", "Influence":0.525000, "Allegiance":"Empire" }, { "Name":"HIP 1625 Silver Drug Empire", "FactionState":"None", "Government":"Anarchy", "Influence":0.110000, "Allegiance":"Independent" }, { "Name":"HIP 1625 Partners", "FactionState":"CivilWar", "Government":"Corporate", "Influence":0.131000, "Allegiance":"Empire" }, { "Name":"Unionists of HIP 1625", "FactionState":"None", "Government":"Communism", "Influence":0.158000, "Allegiance":"Independent" }, { "Name":"HIP 1625 Organisation", "FactionState":"CivilWar", "Government":"Anarchy", "Influence":0.076000, "Allegiance":"Independent" } ], "SystemFaction":"HIP 1625 Patrons of Law" }
{ "timestamp":"2017-05-05T22:36:20Z", "event":"USSDrop", "USSType":"$USS_Type_DistressSignal;", "USSType_Localised":"Distress call", "USSThreat":2 }
{ "timestamp":"2017-05-05T22:36:21Z", "event":"SupercruiseExit", "StarSystem":"HIP 1625", "Body":"HIP 1625 A", "BodyType":"Star" }
{ "timestamp":"2017-05-05T22:36:23Z", "event":"ReceiveText", "From":"$npc_name_decorate:#name=Eapen Theruvipallil;", "From_Localised":"Eapen Theruvipallil", "Message":"$Distressed_Refugees03;", "Message_Localised":"We need to get to a station where the wounded can receive proper medical attention.", "Channel":"npc" }
{ "timestamp":"2017-05-05T22:37:47Z", "event":"StartJump", "JumpType":"Hyperspace", "StarSystem":"HIP 794", "StarClass":"K" }
{ "timestamp":"2017-05-05T22:38:05Z", "event":"FSDJump", "StarSystem":"HIP 794", "StarPos":[3.781,-177.344,32.844], "SystemAllegiance":"Independent", "SystemEconomy":"$economy_Industrial;", "SystemEconomy_Localised":"Industrial", "SystemGovernment":"$government_Anarchy;", "SystemGovernment_Localised":"Anarchy", "SystemSecurity":"$GAlAXY_MAP_INFO_state_anarchy;", "SystemSecurity_Localised":"Anarchy", "JumpDist":9.917, "FuelUsed":0.675735, "FuelLevel":23.757557, "Factions":[ { "Name":"HIP 794 Imperial Society", "FactionState":"None", "Government":"Patronage", "Influence":0.067932, "Allegiance":"Empire" }, { "Name":"Kariara United Limited", "FactionState":"None", "Government":"Corporate", "Influence":0.084915, "Allegiance":"Empire" }, { "Name":"Giabal Autocracy", "FactionState":"None", "Government":"Dictatorship", "Influence":0.089910, "Allegiance":"Empire" }, { "Name":"HIP 794 Netcoms Interstellar", "FactionState":"None", "Government":"Corporate", "Influence":0.074925, "Allegiance":"Independent" }, { "Name":"HIP 794 Free", "FactionState":"None", "Government":"Democracy", "Influence":0.009990, "Allegiance":"Independent" }, { "Name":"Partnership of HIP 794", "FactionState":"None", "Government":"Anarchy", "Influence":0.672328, "Allegiance":"Independent" } ], "SystemFaction":"Partnership of HIP 794" }
{ "timestamp":"2017-05-05T22:40:32Z", "event":"USSDrop", "USSType":"$USS_Type_Salvage;", "USSType_Localised":"Degraded emissions detected", "USSThreat":3 }
{ "timestamp":"2017-05-05T22:40:33Z", "event":"SupercruiseExit", "StarSystem":"HIP 794", "Body":"HIP 794 A", "BodyType":"Star" }
{ "timestamp":"2017-05-05T22:40:45Z", "event":"ReceiveText", "From":"$npc_name_decorate:#name=Andrew Minor;", "From_Localised":"Andrew Minor", "Message":"$Pirate_Special_Gloat01;", "Message_Localised":"Look what we found. Payday is here!", "Channel":"npc" }
{ "timestamp":"2017-05-05T22:40:45Z", "event":"ReceiveText", "From":"$npc_name_decorate:#name=Steve Oh;", "From_Localised":"Steve Oh", "Message":"$Escort_AttackDutyStart04;", "Message_Localised":"We got reds on the radar, breaking formation.", "Channel":"npc" }
{ "timestamp":"2017-05-05T22:41:05Z", "event":"StartJump", "JumpType":"Supercruise" }
{ "timestamp":"2017-05-05T22:41:10Z", "event":"SupercruiseEntry", "StarSystem":"HIP 794" }
{ "timestamp":"2017-05-05T22:45:17Z", "event":"USSDrop", "USSType":"$USS_Type_Salvage;", "USSType_Localised":"Degraded emissions detected", "USSThreat":0 }
{ "timestamp":"2017-05-05T22:45:19Z", "event":"SupercruiseExit", "StarSystem":"HIP 794", "Body":"HIP 794 A", "BodyType":"Star" }
{ "timestamp":"2017-05-05T22:45:44Z", "event":"StartJump", "JumpType":"Supercruise" }
{ "timestamp":"2017-05-05T22:45:49Z", "event":"SupercruiseEntry", "StarSystem":"HIP 794" }
{ "timestamp":"2017-05-05T22:48:09Z", "event":"USSDrop", "USSType":"$USS_Type_Salvage;", "USSType_Localised":"Degraded emissions detected", "USSThreat":0 }
{ "timestamp":"2017-05-05T22:48:10Z", "event":"SupercruiseExit", "StarSystem":"HIP 794", "Body":"HIP 794 A", "BodyType":"Star" }
{ "timestamp":"2017-05-05T22:48:22Z", "event":"MaterialCollected", "Category":"Encoded", "Name":"consumerfirmware", "Count":3 }
{ "timestamp":"2017-05-05T22:48:23Z", "event":"MaterialCollected", "Category":"Encoded", "Name":"legacyfirmware", "Count":3 }
{ "timestamp":"2017-05-05T22:48:54Z", "event":"MaterialCollected", "Category":"Manufactured", "Name":"heatdispersionplate", "Count":3 }
{ "timestamp":"2017-05-05T22:49:06Z", "event":"StartJump", "JumpType":"Supercruise" }
{ "timestamp":"2017-05-05T22:49:11Z", "event":"SupercruiseEntry", "StarSystem":"HIP 794" }
{ "timestamp":"2017-05-05T22:53:27Z", "event":"USSDrop", "USSType":"$USS_Type_Salvage;", "USSType_Localised":"Degraded emissions detected", "USSThreat":0 }
{ "timestamp":"2017-05-05T22:53:28Z", "event":"SupercruiseExit", "StarSystem":"HIP 794", "Body":"HIP 794 A", "BodyType":"Star" }
{ "timestamp":"2017-05-05T22:54:29Z", "event":"StartJump", "JumpType":"Supercruise" }
{ "timestamp":"2017-05-05T22:54:34Z", "event":"SupercruiseEntry", "StarSystem":"HIP 794" }
{ "timestamp":"2017-05-05T23:05:31Z", "event":"USSDrop", "USSType":"$USS_Type_Convoy;", "USSType_Localised":"Convoy dispersal pattern detected", "USSThreat":3 }
{ "timestamp":"2017-05-05T23:05:32Z", "event":"SupercruiseExit", "StarSystem":"HIP 794", "Body":"HIP 794 A", "BodyType":"Star" }
{ "timestamp":"2017-05-05T23:06:11Z", "event":"StartJump", "JumpType":"Supercruise" }
{ "timestamp":"2017-05-05T23:06:16Z", "event":"SupercruiseEntry", "StarSystem":"HIP 794" }
{ "timestamp":"2017-05-05T23:08:46Z", "event":"USSDrop", "USSType":"$USS_Type_Salvage;", "USSType_Localised":"Degraded emissions detected", "USSThreat":3 }
{ "timestamp":"2017-05-05T23:08:48Z", "event":"SupercruiseExit", "StarSystem":"HIP 794", "Body":"HIP 794 A", "BodyType":"Star" }
{ "timestamp":"2017-05-05T23:08:59Z", "event":"ReceiveText", "From":"$npc_name_decorate:#name=Kebian;", "From_Localised":"Kebian", "Message":"$Pirate_Special_Arrival01;", "Message_Localised":"Watch it pal, this is our haul! Just be on your way and don't try anything stupid.", "Channel":"npc" }
{ "timestamp":"2017-05-05T23:09:00Z", "event":"ReceiveText", "From":"$npc_name_decorate:#name=Nick Credgington;", "From_Localised":"Nick Credgington", "Message":"$Escort_AttackDutyStart03;", "Message_Localised":"Incoming aggressors, time to lock and load.", "Channel":"npc" }
{ "timestamp":"2017-05-05T23:09:00Z", "event":"ReceiveText", "From":"$npc_name_decorate:#name=Robert Owen;", "From_Localised":"Robert Owen", "Message":"$Escort_AttackDutyStart01;", "Message_Localised":"Commencing engagement, cover formation.", "Channel":"npc" }
{ "timestamp":"2017-05-05T23:09:00Z", "event":"ReceiveText", "From":"$npc_name_decorate:#name=Luke Starstrike;", "From_Localised":"Luke Starstrike", "Message":"$Escort_AttackDutyStart03;", "Message_Localised":"Incoming aggressors, time to lock and load.", "Channel":"npc" }
{ "timestamp":"2017-05-05T23:09:10Z", "event":"ShieldState", "ShieldsUp":false }
{ "timestamp":"2017-05-05T23:09:11Z", "event":"HullDamage", "Health":0.773813, "PlayerPilot":true, "Fighter":false }
{ "timestamp":"2017-05-05T23:09:12Z", "event":"HullDamage", "Health":0.591673, "PlayerPilot":true, "Fighter":false }
{ "timestamp":"2017-05-05T23:09:13Z", "event":"HullDamage", "Health":0.262244, "PlayerPilot":true, "Fighter":false }
{ "timestamp":"2017-05-05T23:09:13Z", "event":"HullDamage", "Health":0.192817, "PlayerPilot":true, "Fighter":false }
{ "timestamp":"2017-05-05T23:09:14Z", "event":"Died", "KillerName":"Luke Starstrike", "KillerShip":"vulture", "KillerRank":"Expert" }
{ "timestamp":"2017-05-05T23:09:43Z", "event":"Resurrect", "Option":"rebuy", "Cost":3729177, "Bankrupt":false }
{ "timestamp":"2017-05-05T23:09:44Z", "event":"ApproachSettlement", "Name":"Broo's Legacy" }
{ "timestamp":"2017-05-05T23:09:46Z", "event":"Location", "Docked":true, "StationName":"Broo's Legacy", "StationType":"SurfaceStation", "StarSystem":"Muang", "StarPos":[17.031,-172.781,-3.469], "SystemAllegiance":"Empire", "SystemEconomy":"$economy_Extraction;", "SystemEconomy_Localised":"Extraction", "SystemGovernment":"$government_Dictatorship;", "SystemGovernment_Localised":"Dictatorship", "SystemSecurity":"$SYSTEM_SECURITY_high;", "SystemSecurity_Localised":"High Security", "Body":"Muang 5 a", "BodyType":"Planet", "Factions":[ { "Name":"Broo Tarquin", "FactionState":"None", "Government":"Engineer", "Influence":0.090662, "Allegiance":"Empire" }, { "Name":"New Muang Defence Force", "FactionState":"None", "Government":"Dictatorship", "Influence":0.376247, "Allegiance":"Empire" }, { "Name":"Gungo General Exchange", "FactionState":"Boom", "Government":"Corporate", "Influence":0.135993, "Allegiance":"Empire" }, { "Name":"Muang Blue Creative Corporation", "FactionState":"Boom", "Government":"Corporate", "Influence":0.174071, "Allegiance":"Empire" }, { "Name":"Muang Constitution Party", "FactionState":"None", "Government":"Dictatorship", "Influence":0.013599, "Allegiance":"Independent" }, { "Name":"Amsitia Holdings", "FactionState":"Boom", "Government":"Corporate", "Influence":0.187670, "Allegiance":"Empire" }, { "Name":"Independent Muang Progressive Party", "FactionState":"None", "Government":"Democracy", "Influence":0.012693, "Allegiance":"Independent" }, { "Name":"Muang Gold Posse", "FactionState":"None", "Government":"Anarchy", "Influence":0.009066, "Allegiance":"Independent" } ], "SystemFaction":"New Muang Defence Force" }
{ "timestamp":"2017-05-05T23:09:46Z", "event":"Docked", "StationName":"Broo's Legacy", "StationType":"SurfaceStation", "StarSystem":"Muang", "StationFaction":"Broo Tarquin", "StationGovernment":"$government_Engineer;", "StationGovernment_Localised":"Workshop", "StationAllegiance":"Empire", "StationEconomy":"$economy_Colony;", "StationEconomy_Localised":"Colony", "DistFromStarLS":176.440414 }
{ "timestamp":"2017-05-05T23:15:45Z", "event":"Undocked", "StationName":"Broo's Legacy", "StationType":"SurfaceStation" }
{ "timestamp":"2017-05-05T23:16:12Z", "event":"ReceiveText", "From":"Broo's Legacy", "Message":"$STATION_NoFireZone_exited;", "Message_Localised":"No fire zone left.", "Channel":"npc" }
{ "timestamp":"2017-05-05T23:23:10Z", "event":"StartJump", "JumpType":"Supercruise" }
{ "timestamp":"2017-05-05T23:23:10Z", "event":"ApproachSettlement", "Name":"Broo's Legacy" }
{ "timestamp":"2017-05-05T23:23:10Z", "event":"ApproachSettlement", "Name":"Digges Bastion +" }
{ "timestamp":"2017-05-05T23:23:15Z", "event":"SupercruiseEntry", "StarSystem":"Muang" }
{ "timestamp":"2017-05-05T23:27:07Z", "event":"SupercruiseExit", "StarSystem":"Muang", "Body":"Al-Khujandi Enterprise", "BodyType":"Station" }
{ "timestamp":"2017-05-05T23:27:23Z", "event":"DockingRequested", "StationName":"Al-Khujandi Enterprise" }
{ "timestamp":"2017-05-05T23:27:23Z", "event":"ReceiveText", "From":"Al-Khujandi Enterprise", "Message":"$DockingChatter_Cordial;", "Message_Localised":"Welcome back, Commander.", "Channel":"npc" }
{ "timestamp":"2017-05-05T23:27:24Z", "event":"ReceiveText", "From":"Al-Khujandi Enterprise", "Message":"$STATION_docking_granted;", "Message_Localised":"Docking request granted.", "Channel":"npc" }
{ "timestamp":"2017-05-05T23:27:24Z", "event":"DockingGranted", "LandingPad":23, "StationName":"Al-Khujandi Enterprise" }
{ "timestamp":"2017-05-05T23:27:31Z", "event":"ReceiveText", "From":"Al-Khujandi Enterprise", "Message":"$STATION_NoFireZone_entered;", "Message_Localised":"No fire zone entered.", "Channel":"npc" }
{ "timestamp":"2017-05-05T23:28:18Z", "event":"Docked", "StationName":"Al-Khujandi Enterprise", "StationType":"Coriolis", "StarSystem":"Muang", "StationFaction":"New Muang Defence Force", "StationGovernment":"$government_Dictatorship;", "StationGovernment_Localised":"Dictatorship", "StationAllegiance":"Empire", "StationEconomy":"$economy_Extraction;", "StationEconomy_Localised":"Extraction", "DistFromStarLS":31.815754 }
{ "timestamp":"2017-05-05T23:28:21Z", "event":"ReceiveText", "From":"$npc_name_decorate:#name=Sara Wheeler;", "From_Localised":"Sara Wheeler", "Message":"$Commuter_AuthorityScan03;", "Message_Localised":"Will this take long? I’ve got a schedule to keep. ", "Channel":"npc" }
{ "timestamp":"2017-05-05T23:28:27Z", "event":"BuyAmmo", "Cost":24000 }
{ "timestamp":"2017-05-05T23:28:28Z", "event":"RefuelAll", "Cost":17, "Amount":0.322581 }
{ "timestamp":"2017-05-05T23:30:49Z", "event":"ModuleStore", "Slot":"Slot04_Size5", "StoredItem":"$int_passengercabin_size5_class2_name;", "StoredItem_Localised":"BC Passenger Cabin", "Ship":"python", "ShipID":16 }
{ "timestamp":"2017-05-05T23:32:18Z", "event":"ModuleBuy", "Slot":"Slot04_Size5", "BuyItem":"$int_fsdinterdictor_size4_class3_name;", "BuyItem_Localised":"FSD Interdictor", "BuyPrice":2370816, "Ship":"python", "ShipID":16 }
{ "timestamp":"2017-05-05T23:32:48Z", "event":"ModuleSellRemote", "StorageSlot":19, "SellItem":"$int_cargorack_size3_class1_name;", "SellItem_Localised":"Cargo Rack", "ServerId":128064340, "SellPrice":10563, "Ship":"python", "ShipID":16 }
{ "timestamp":"2017-05-05T23:33:01Z", "event":"ModuleSellRemote", "StorageSlot":42, "SellItem":"$int_hyperdrive_size5_class1_name;", "SellItem_Localised":"FSD", "ServerId":128064118, "SellPrice":63012, "Ship":"python", "ShipID":16 }
{ "timestamp":"2017-05-05T23:33:04Z", "event":"ModuleSellRemote", "StorageSlot":27, "SellItem":"$int_hyperdrive_size5_class1_name;", "SellItem_Localised":"FSD", "ServerId":128064118, "SellPrice":63012, "Ship":"python", "ShipID":16 }
{ "timestamp":"2017-05-05T23:33:06Z", "event":"ModuleSellRemote", "StorageSlot":4, "SellItem":"$int_hyperdrive_size5_class1_name;", "SellItem_Localised":"FSD", "ServerId":128064118, "SellPrice":63012, "Ship":"python", "ShipID":16 }
{ "timestamp":"2017-05-05T23:33:20Z", "event":"ModuleSellRemote", "StorageSlot":15, "SellItem":"$int_engine_size5_class1_name;", "SellItem_Localised":"Thrusters", "ServerId":128064083, "SellPrice":63012, "Ship":"python", "ShipID":16 }
{ "timestamp":"2017-05-05T23:33:31Z", "event":"ModuleStore", "Slot":"MediumHardpoint1", "StoredItem":"$hpt_basicmissilerack_fixed_medium_name;", "StoredItem_Localised":"Seeker Missile Rack", "Ship":"python", "ShipID":16, "EngineerModifications":"Weapon_LightWeight" }
{ "timestamp":"2017-05-05T23:33:45Z", "event":"ModuleStore", "Slot":"MediumHardpoint2", "StoredItem":"$hpt_basicmissilerack_fixed_medium_name;", "StoredItem_Localised":"Seeker Missile Rack", "Ship":"python", "ShipID":16, "EngineerModifications":"Weapon_Sturdy" }
{ "timestamp":"2017-05-05T23:36:11Z", "event":"ModuleBuy", "Slot":"MediumHardpoint1", "BuyItem":"$hpt_beamlaser_gimbal_medium_name;", "BuyItem_Localised":"Beam Laser", "BuyPrice":500600, "Ship":"python", "ShipID":16 }
{ "timestamp":"2017-05-05T23:36:21Z", "event":"ModuleBuy", "Slot":"MediumHardpoint2", "BuyItem":"$hpt_beamlaser_gimbal_medium_name;", "BuyItem_Localised":"Beam Laser", "BuyPrice":500600, "Ship":"python", "ShipID":16 }
{ "timestamp":"2017-05-05T23:37:39Z", "event":"Undocked", "StationName":"Al-Khujandi Enterprise", "StationType":"Coriolis" }
{ "timestamp":"2017-05-05T23:38:13Z", "event":"ReceiveText", "From":"Al-Khujandi Enterprise", "Message":"$STATION_NoFireZone_exited;", "Message_Localised":"No fire zone left.", "Channel":"npc" }
{ "timestamp":"2017-05-05T23:38:55Z", "event":"Scanned", "ScanType":"Cargo" }
{ "timestamp":"2017-05-05T23:38:55Z", "event":"ReceiveText", "From":"$npc_name_decorate:#name=Patreus Sentinel;", "From_Localised":"Patreus Sentinel", "Message":"$Generic_NoAttackGeneric02;", "Message_Localised":"Well, you were a complete waste of my time and effort.", "Channel":"npc" }
{ "timestamp":"2017-05-05T23:39:05Z", "event":"StartJump", "JumpType":"Hyperspace", "StarSystem":"ICZ IR-W c1-18", "StarClass":"G" }
{ "timestamp":"2017-05-05T23:39:23Z", "event":"FSDJump", "StarSystem":"ICZ IR-W c1-18", "StarPos":[16.875,-182.594,16.938], "SystemAllegiance":"", "SystemEconomy":"$economy_None;", "SystemEconomy_Localised":"None", "SystemGovernment":"$government_None;", "SystemGovernment_Localised":"None", "SystemSecurity":"$SYSTEM_SECURITY_low;", "SystemSecurity_Localised":"Low Security", "JumpDist":22.643, "FuelUsed":5.003274, "FuelLevel":26.996725 }
{ "timestamp":"2017-05-05T23:39:55Z", "event":"StartJump", "JumpType":"Hyperspace", "StarSystem":"HIP 794", "StarClass":"K" }
{ "timestamp":"2017-05-05T23:40:13Z", "event":"FSDJump", "StarSystem":"HIP 794", "StarPos":[3.781,-177.344,32.844], "SystemAllegiance":"Independent", "SystemEconomy":"$economy_Industrial;", "SystemEconomy_Localised":"Industrial", "SystemGovernment":"$government_Anarchy;", "SystemGovernment_Localised":"Anarchy", "SystemSecurity":"$GAlAXY_MAP_INFO_state_anarchy;", "SystemSecurity_Localised":"Anarchy", "JumpDist":21.261, "FuelUsed":4.221446, "FuelLevel":22.775280, "Factions":[ { "Name":"HIP 794 Imperial Society", "FactionState":"None", "Government":"Patronage", "Influence":0.067932, "Allegiance":"Empire" }, { "Name":"Kariara United Limited", "FactionState":"None", "Government":"Corporate", "Influence":0.084915, "Allegiance":"Empire" }, { "Name":"Giabal Autocracy", "FactionState":"None", "Government":"Dictatorship", "Influence":0.089910, "Allegiance":"Empire" }, { "Name":"HIP 794 Netcoms Interstellar", "FactionState":"None", "Government":"Corporate", "Influence":0.074925, "Allegiance":"Independent" }, { "Name":"HIP 794 Free", "FactionState":"None", "Government":"Democracy", "Influence":0.009990, "Allegiance":"Independent" }, { "Name":"Partnership of HIP 794", "FactionState":"None", "Government":"Anarchy", "Influence":0.672328, "Allegiance":"Independent" } ], "SystemFaction":"Partnership of HIP 794" }
{ "timestamp":"2017-05-05T23:41:06Z", "event":"MaterialCollected", "Category":"Encoded", "Name":"compactemissionsdata", "Count":3 }
{ "timestamp":"2017-05-05T23:41:06Z", "event":"MaterialCollected", "Category":"Encoded", "Name":"shieldpatternanalysis", "Count":3 }
{ "timestamp":"2017-05-05T23:42:17Z", "event":"MaterialDiscarded", "Category":"Encoded", "Name":"bulkscandata", "Count":31 }
{ "timestamp":"2017-05-05T23:43:20Z", "event":"USSDrop", "USSType":"$USS_Type_Salvage;", "USSType_Localised":"Degraded emissions detected", "USSThreat":0 }
{ "timestamp":"2017-05-05T23:43:21Z", "event":"SupercruiseExit", "StarSystem":"HIP 794", "Body":"HIP 794 A", "BodyType":"Star" }
{ "timestamp":"2017-05-05T23:44:32Z", "event":"StartJump", "JumpType":"Supercruise" }
{ "timestamp":"2017-05-05T23:44:37Z", "event":"SupercruiseEntry", "StarSystem":"HIP 794" }
{ "timestamp":"2017-05-05T23:45:59Z", "event":"Interdiction", "Success":true, "IsPlayer":false, "Faction":"Partnership of HIP 794" }
{ "timestamp":"2017-05-05T23:46:00Z", "event":"SupercruiseExit", "StarSystem":"HIP 794", "Body":"HIP 794 A", "BodyType":"Star" }
{ "timestamp":"2017-05-05T23:46:02Z", "event":"ReceiveText", "From":"$npc_name_decorate:#name=Woodbark;", "From_Localised":"Woodbark", "Message":"$Pirate_OnArriveAfterBeingInterdicted;", "Message_Localised":"You ain't no law! You look more like wreckage waitin' to happen, you dog!", "Channel":"npc" }
{ "timestamp":"2017-05-05T23:46:09Z", "event":"ReceiveText", "From":"$npc_name_decorate:#name=Woodbark;", "From_Localised":"Woodbark", "Message":"$Pirate_OnStartScanCargo04;", "Message_Localised":"What do you carry, I wonder?", "Channel":"npc" }
{ "timestamp":"2017-05-05T23:46:16Z", "event":"ReceiveText", "From":"$npc_name_decorate:#name=Woodbark;", "From_Localised":"Woodbark", "Message":"$Pirate_OnDeclarePiracyAttack04;", "Message_Localised":"I'm gonna boil you up!", "Channel":"npc" }
{ "timestamp":"2017-05-05T23:46:29Z", "event":"Bounty", "Rewards":[ { "Faction":"Partnership of HIP 794", "Reward":18765 } ], "Target":"adder", "TotalReward":18765, "VictimFaction":"Partnership of HIP 794" }
{ "timestamp":"2017-05-05T23:47:15Z", "event":"Bounty", "Target":"empire_eagle", "TotalReward":0, "VictimFaction":"Partnership of HIP 794" }
{ "timestamp":"2017-05-05T23:47:48Z", "event":"Bounty", "Target":"empire_eagle", "TotalReward":0, "VictimFaction":"Partnership of HIP 794" }
{ "timestamp":"2017-05-05T23:48:02Z", "event":"StartJump", "JumpType":"Supercruise" }
{ "timestamp":"2017-05-05T23:48:07Z", "event":"SupercruiseEntry", "StarSystem":"HIP 794" }
{ "timestamp":"2017-05-05T23:51:30Z", "event":"Interdiction", "Success":true, "IsPlayer":false, "Faction":"Giabal Autocracy" }
{ "timestamp":"2017-05-05T23:51:31Z", "event":"SupercruiseExit", "StarSystem":"HIP 794", "Body":"HIP 794 A", "BodyType":"Star" }
{ "timestamp":"2017-05-05T23:51:51Z", "event":"ReceiveText", "From":"$npc_name_decorate:#name=Katham Ledus;", "From_Localised":"Katham Ledus", "Message":"$Escort_AttackDutyStart04;", "Message_Localised":"We got reds on the radar, breaking formation.", "Channel":"npc" }
{ "timestamp":"2017-05-05T23:52:27Z", "event":"ReceiveText", "From":"$npc_name_decorate:#name=Michael Ho;", "From_Localised":"Michael Ho", "Message":"$Pirate_OnDeclarePiracyAttack05;", "Message_Localised":"You have no chance now.", "Channel":"npc" }
{ "timestamp":"2017-05-05T23:52:29Z", "event":"Bounty", "Target":"sidewinder", "TotalReward":0, "VictimFaction":"Giabal Autocracy" }
{ "timestamp":"2017-05-05T23:52:37Z", "event":"ReceiveText", "From":"$npc_name_decorate:#name=Michael Ho;", "From_Localised":"Michael Ho", "Message":"$Smuggler_NearDeath05;", "Message_Localised":"The boss isn't going to like this.", "Channel":"npc" }
{ "timestamp":"2017-05-05T23:54:14Z", "event":"StartJump", "JumpType":"Supercruise" }
{ "timestamp":"2017-05-05T23:54:19Z", "event":"SupercruiseEntry", "StarSystem":"HIP 794" }
{ "timestamp":"2017-05-05T23:59:31Z", "event":"Interdiction", "Success":true, "IsPlayer":false, "Faction":"HIP 794 Imperial Society" }
{ "timestamp":"2017-05-05T23:59:32Z", "event":"SupercruiseExit", "StarSystem":"HIP 794", "Body":"HIP 794 A", "BodyType":"Star" }
{ "timestamp":"2017-05-05T23:59:34Z", "event":"ReceiveText", "From":"$npc_name_decorate:#name=Anja Valentine;", "From_Localised":"Anja Valentine", "Message":"$Trader_OnArriveAfterBeingInterdicted;", "Message_Localised":"What's going on? Leave me alone!", "Channel":"npc" }
{ "timestamp":"2017-05-06T00:00:18Z", "event":"Bounty", "Target":"sidewinder", "TotalReward":0, "VictimFaction":"HIP 794 Imperial Society" }
{ "timestamp":"2017-05-06T00:01:39Z", "event":"Bounty", "Target":"type9", "TotalReward":0, "VictimFaction":"HIP 794 Imperial Society" }
{ "timestamp":"2017-05-06T00:02:12Z", "event":"MaterialCollected", "Category":"Manufactured", "Name":"heatvanes", "Count":3 }
{ "timestamp":"2017-05-06T00:02:40Z", "event":"MaterialDiscovered", "Category":"Manufactured", "Name":"mechanicalcomponents", "DiscoveryNumber":36 }
{ "timestamp":"2017-05-06T00:02:40Z", "event":"MaterialCollected", "Category":"Manufactured", "Name":"mechanicalcomponents", "Count":3 }
{ "timestamp":"2017-05-06T00:03:03Z", "event":"MaterialCollected", "Category":"Manufactured", "Name":"conductivepolymers", "Count":3 }
{ "timestamp":"2017-05-06T00:03:23Z", "event":"MaterialCollected", "Category":"Manufactured", "Name":"configurablecomponents", "Count":3 }
{ "timestamp":"2017-05-06T00:03:43Z", "event":"MaterialCollected", "Category":"Manufactured", "Name":"mechanicalcomponents", "Count":3 }
{ "timestamp":"2017-05-06T00:04:42Z", "event":"MaterialCollected", "Category":"Manufactured", "Name":"chemicalmanipulators", "Count":3 }
{ "timestamp":"2017-05-06T00:04:53Z", "event":"StartJump", "JumpType":"Supercruise" }
{ "timestamp":"2017-05-06T00:04:58Z", "event":"SupercruiseEntry", "StarSystem":"HIP 794" }
{ "timestamp":"2017-05-06T00:16:46Z", "event":"StartJump", "JumpType":"Hyperspace", "StarSystem":"ICZ IR-W c1-18", "StarClass":"G" }
{ "timestamp":"2017-05-06T00:17:05Z", "event":"FSDJump", "StarSystem":"ICZ IR-W c1-18", "StarPos":[16.875,-182.594,16.938], "SystemAllegiance":"", "SystemEconomy":"$economy_None;", "SystemEconomy_Localised":"None", "SystemGovernment":"$government_None;", "SystemGovernment_Localised":"None", "SystemSecurity":"$SYSTEM_SECURITY_low;", "SystemSecurity_Localised":"Low Security", "JumpDist":21.261, "FuelUsed":4.155298, "FuelLevel":17.789982 }
{ "timestamp":"2017-05-06T00:17:58Z", "event":"StartJump", "JumpType":"Hyperspace", "StarSystem":"Muang", "StarClass":"K" }
{ "timestamp":"2017-05-06T00:18:16Z", "event":"FSDJump", "StarSystem":"Muang", "StarPos":[17.031,-172.781,-3.469], "SystemAllegiance":"Empire", "SystemEconomy":"$economy_Extraction;", "SystemEconomy_Localised":"Extraction", "SystemGovernment":"$government_Dictatorship;", "SystemGovernment_Localised":"Dictatorship", "SystemSecurity":"$SYSTEM_SECURITY_high;", "SystemSecurity_Localised":"High Security", "JumpDist":22.643, "FuelUsed":4.785968, "FuelLevel":13.004014, "Factions":[ { "Name":"Broo Tarquin", "FactionState":"None", "Government":"Engineer", "Influence":0.090662, "Allegiance":"Empire" }, { "Name":"New Muang Defence Force", "FactionState":"None", "Government":"Dictatorship", "Influence":0.376247, "Allegiance":"Empire" }, { "Name":"Gungo General Exchange", "FactionState":"Boom", "Government":"Corporate", "Influence":0.135993, "Allegiance":"Empire" }, { "Name":"Muang Blue Creative Corporation", "FactionState":"Boom", "Government":"Corporate", "Influence":0.174071, "Allegiance":"Empire" }, { "Name":"Muang Constitution Party", "FactionState":"None", "Government":"Dictatorship", "Influence":0.013599, "Allegiance":"Independent" }, { "Name":"Amsitia Holdings", "FactionState":"Boom", "Government":"Corporate", "Influence":0.187670, "Allegiance":"Empire" }, { "Name":"Independent Muang Progressive Party", "FactionState":"None", "Government":"Democracy", "Influence":0.012693, "Allegiance":"Independent" }, { "Name":"Muang Gold Posse", "FactionState":"None", "Government":"Anarchy", "Influence":0.009066, "Allegiance":"Independent" } ], "SystemFaction":"New Muang Defence Force" }
{ "timestamp":"2017-05-06T00:21:17Z", "event":"ApproachSettlement", "Name":"Digges Bastion +" }
{ "timestamp":"2017-05-06T00:21:18Z", "event":"ApproachSettlement", "Name":"Broo's Legacy" }
{ "timestamp":"2017-05-06T00:22:23Z", "event":"ApproachSettlement", "Name":"Broo's Legacy" }
{ "timestamp":"2017-05-06T00:22:25Z", "event":"SupercruiseExit", "StarSystem":"Muang", "Body":"Muang 5 a", "BodyType":"Planet" }
{ "timestamp":"2017-05-06T00:23:07Z", "event":"DockingRequested", "StationName":"Broo's Legacy" }
{ "timestamp":"2017-05-06T00:23:07Z", "event":"ReceiveText", "From":"Broo's Legacy", "Message":"$DockingChatter_Friendly;", "Message_Localised":"It's great to see you again, Commander.", "Channel":"npc" }
{ "timestamp":"2017-05-06T00:23:09Z", "event":"ReceiveText", "From":"Broo's Legacy", "Message":"$STATION_docking_granted;", "Message_Localised":"Docking request granted.", "Channel":"npc" }
{ "timestamp":"2017-05-06T00:23:09Z", "event":"DockingGranted", "LandingPad":2, "StationName":"Broo's Legacy" }
{ "timestamp":"2017-05-06T00:23:10Z", "event":"ReceiveText", "From":"Broo's Legacy", "Message":"$STATION_NoFireZone_entered;", "Message_Localised":"No fire zone entered.", "Channel":"npc" }
{ "timestamp":"2017-05-06T00:23:55Z", "event":"Docked", "StationName":"Broo's Legacy", "StationType":"SurfaceStation", "StarSystem":"Muang", "StationFaction":"Broo Tarquin", "StationGovernment":"$government_Engineer;", "StationGovernment_Localised":"Workshop", "StationAllegiance":"Empire", "StationEconomy":"$economy_Colony;", "StationEconomy_Localised":"Colony", "DistFromStarLS":176.442322 }
{ "timestamp":"2017-05-06T00:24:03Z", "event":"RefuelAll", "Cost":981, "Amount":19.609051 }
{ "timestamp":"2017-05-06T00:24:04Z", "event":"RepairAll", "Cost":3796 }
{ "timestamp":"2017-05-06T00:24:05Z", "event":"BuyAmmo", "Cost":1489 }
{ "timestamp":"2017-05-06T00:24:35Z", "event":"EngineerCraft", "Engineer":"Broo Tarquin", "Blueprint":"Weapon_Efficient", "Level":4, "Ingredients":[ { "Name":"archivedemissiondata", "Count":1 }, { "Name":"selenium", "Count":1 }, { "Name":"heatvanes", "Count":1 } ] }
{ "timestamp":"2017-05-06T00:24:36Z", "event":"EngineerProgress", "Engineer":"Broo Tarquin", "Rank":5 }
{ "timestamp":"2017-05-06T00:24:59Z", "event":"EngineerApply", "Engineer":"Broo Tarquin", "Blueprint":"Weapon_Efficient", "Level":4 }
{ "timestamp":"2017-05-06T00:25:19Z", "event":"EngineerCraft", "Engineer":"Broo Tarquin", "Blueprint":"Weapon_Efficient", "Level":5, "Ingredients":[ { "Name":"emissiondata", "Count":1 }, { "Name":"cadmium", "Count":1 }, { "Name":"protoheatradiators", "Count":1 } ] }
{ "timestamp":"2017-05-06T00:25:49Z", "event":"EngineerApply", "Engineer":"Broo Tarquin", "Blueprint":"Weapon_Efficient", "Level":5 }
{ "timestamp":"2017-05-06T00:26:12Z", "event":"EngineerCraft", "Engineer":"Broo Tarquin", "Blueprint":"Weapon_Efficient", "Level":5, "Ingredients":[ { "Name":"emissiondata", "Count":1 }, { "Name":"cadmium", "Count":1 }, { "Name":"protoheatradiators", "Count":1 } ] }
{ "timestamp":"2017-05-06T00:26:26Z", "event":"EngineerApply", "Engineer":"Broo Tarquin", "Blueprint":"Weapon_Efficient", "Level":5 }
{ "timestamp":"2017-05-06T00:26:41Z", "event":"EngineerCraft", "Engineer":"Broo Tarquin", "Blueprint":"Weapon_Efficient", "Level":5, "Ingredients":[ { "Name":"emissiondata", "Count":1 }, { "Name":"cadmium", "Count":1 }, { "Name":"protoheatradiators", "Count":1 } ] }
{ "timestamp":"2017-05-06T00:27:13Z", "event":"EngineerCraft", "Engineer":"Broo Tarquin", "Blueprint":"Weapon_Efficient", "Level":5, "Ingredients":[ { "Name":"emissiondata", "Count":1 }, { "Name":"cadmium", "Count":1 }, { "Name":"protoheatradiators", "Count":1 } ] }
{ "timestamp":"2017-05-06T00:27:50Z", "event":"EngineerCraft", "Engineer":"Broo Tarquin", "Blueprint":"Weapon_Efficient", "Level":5, "Ingredients":[ { "Name":"emissiondata", "Count":1 }, { "Name":"cadmium", "Count":1 }, { "Name":"protoheatradiators", "Count":1 } ] }
{ "timestamp":"2017-05-06T00:28:26Z", "event":"EngineerApply", "Engineer":"Broo Tarquin", "Blueprint":"Weapon_Efficient", "Level":5 }
{ "timestamp":"2017-05-06T00:28:54Z", "event":"EngineerCraft", "Engineer":"Broo Tarquin", "Blueprint":"Weapon_Efficient", "Level":5, "Ingredients":[ { "Name":"emissiondata", "Count":1 }, { "Name":"cadmium", "Count":1 }, { "Name":"protoheatradiators", "Count":1 } ] }
{ "timestamp":"2017-05-06T00:29:00Z", "event":"EngineerCraft", "Engineer":"Broo Tarquin", "Blueprint":"Weapon_Efficient", "Level":5, "Ingredients":[ { "Name":"emissiondata", "Count":1 }, { "Name":"cadmium", "Count":1 }, { "Name":"protoheatradiators", "Count":1 } ] }
{ "timestamp":"2017-05-06T00:29:08Z", "event":"EngineerCraft", "Engineer":"Broo Tarquin", "Blueprint":"Weapon_Efficient", "Level":5, "Ingredients":[ { "Name":"emissiondata", "Count":1 }, { "Name":"cadmium", "Count":1 }, { "Name":"protoheatradiators", "Count":1 } ] }
{ "timestamp":"2017-05-06T00:30:23Z", "event":"Undocked", "StationName":"Broo's Legacy", "StationType":"SurfaceStation" }
{ "timestamp":"2017-05-06T00:30:43Z", "event":"ReceiveText", "From":"Broo's Legacy", "Message":"$STATION_NoFireZone_exited;", "Message_Localised":"No fire zone left.", "Channel":"npc" }
{ "timestamp":"2017-05-06T00:30:52Z", "event":"StartJump", "JumpType":"Supercruise" }
{ "timestamp":"2017-05-06T00:30:53Z", "event":"ApproachSettlement", "Name":"Broo's Legacy" }
{ "timestamp":"2017-05-06T00:30:53Z", "event":"ApproachSettlement", "Name":"Digges Bastion +" }
{ "timestamp":"2017-05-06T00:30:57Z", "event":"SupercruiseEntry", "StarSystem":"Muang" }
{ "timestamp":"2017-05-06T00:31:21Z", "event":"ApproachSettlement", "Name":"Broo's Legacy" }
{ "timestamp":"2017-05-06T00:31:23Z", "event":"SupercruiseExit", "StarSystem":"Muang", "Body":"Muang 5 a", "BodyType":"Planet" }
{ "timestamp":"2017-05-06T00:31:39Z", "event":"StartJump", "JumpType":"Supercruise" }
{ "timestamp":"2017-05-06T00:31:40Z", "event":"ApproachSettlement", "Name":"Broo's Legacy" }
{ "timestamp":"2017-05-06T00:31:40Z", "event":"ApproachSettlement", "Name":"Digges Bastion +" }
{ "timestamp":"2017-05-06T00:31:44Z", "event":"SupercruiseEntry", "StarSystem":"Muang" }
{ "timestamp":"2017-05-06T00:35:19Z", "event":"SupercruiseExit", "StarSystem":"Muang", "Body":"Muang", "BodyType":"Star" }
{ "timestamp":"2017-05-06T00:35:55Z", "event":"Scanned", "ScanType":"Cargo" }
{ "timestamp":"2017-05-06T00:35:55Z", "event":"ReceiveText", "From":"$npc_name_decorate:#name=Patreus Sentinel;", "From_Localised":"Patreus Sentinel", "Message":"$Generic_NoAttackGeneric04;", "Message_Localised":"Damn! You're useless to me! They said this sector was rich pickings, what gives?", "Channel":"npc" }
{ "timestamp":"2017-05-06T00:36:08Z", "event":"Scanned", "ScanType":"Crime" }
{ "timestamp":"2017-05-06T00:36:09Z", "event":"ReceiveText", "From":"$npc_name_decorate:#name=Mr. Bob;", "From_Localised":"Mr. Bob", "Message":"$Police_ThankYouPassedStopAndSearch06;", "Message_Localised":"We're done here pilot, move along.", "Channel":"npc" }
{ "timestamp":"2017-05-06T00:36:37Z", "event":"Scanned", "ScanType":"Cargo" }
{ "timestamp":"2017-05-06T00:36:37Z", "event":"ReceiveText", "From":"$npc_name_decorate:#name=Patreus Sentinel;", "From_Localised":"Patreus Sentinel", "Message":"$Generic_NoAttackGeneric03;", "Message_Localised":"Another ship that's not worth my time, this is turning into a bad day.", "Channel":"npc" }
{ "timestamp":"2017-05-06T00:36:53Z", "event":"Scanned", "ScanType":"Cargo" }
{ "timestamp":"2017-05-06T00:36:53Z", "event":"ReceiveText", "From":"$npc_name_decorate:#name=Patreus Sentinel;", "From_Localised":"Patreus Sentinel", "Message":"$Generic_NoAttackGeneric01;", "Message_Localised":"I don't got a problem with you, you have nothing I want.", "Channel":"npc" }
{ "timestamp":"2017-05-06T00:37:09Z", "event":"Scanned", "ScanType":"Cargo" }
{ "timestamp":"2017-05-06T00:37:09Z", "event":"ReceiveText", "From":"$npc_name_decorate:#name=Patreus Sentinel;", "From_Localised":"Patreus Sentinel", "Message":"$Generic_NoAttackGeneric04;", "Message_Localised":"Damn! You're useless to me! They said this sector was rich pickings, what gives?", "Channel":"npc" }
{ "timestamp":"2017-05-06T00:38:06Z", "event":"ReceiveText", "From":"$npc_name_decorate:#name=Kit Caitlin;", "From_Localised":"Kit Caitlin", "Message":"$Escort_EscortJump10;", "Message_Localised":"This is the last protection job I'm doing in this system.", "Channel":"npc" }
{ "timestamp":"2017-05-06T00:38:57Z", "event":"ReceiveText", "From":"$ShipName_Police_Empire;", "From_Localised":"Internal Security Service", "Message":"$Police_ArriveInvestigate04;", "Message_Localised":"Emergency response squad in position.", "Channel":"npc" }
{ "timestamp":"2017-05-06T00:38:58Z", "event":"ReceiveText", "From":"$ShipName_Police_Empire;", "From_Localised":"Internal Security Service", "Message":"$Police_ArrivedAtInvestigationLocation04;", "Message_Localised":"Rapid deployment unit deployed. Initiating scans of all ships in the area.", "Channel":"npc" }
{ "timestamp":"2017-05-06T00:40:02Z", "event":"Bounty", "Rewards":[ { "Faction":"New Muang Defence Force", "Reward":141000 } ], "Target":"empire_trader", "TotalReward":141000, "VictimFaction":"Gungo General Exchange" }
{ "timestamp":"2017-05-06T00:41:16Z", "event":"MaterialCollected", "Category":"Manufactured", "Name":"refinedfocuscrystals", "Count":3 }
{ "timestamp":"2017-05-06T00:42:15Z", "event":"MaterialCollected", "Category":"Encoded", "Name":"scanarchives", "Count":3 }
{ "timestamp":"2017-05-06T00:42:15Z", "event":"MaterialCollected", "Category":"Encoded", "Name":"shieldcyclerecordings", "Count":3 }
{ "timestamp":"2017-05-06T00:42:43Z", "event":"Scanned", "ScanType":"Crime" }
{ "timestamp":"2017-05-06T00:42:55Z", "event":"ReceiveText", "From":"$npc_name_decorate:#name=Peter Hoyle;", "From_Localised":"Peter Hoyle", "Message":"$BadKarmaCriticalDamage06;", "Message_Localised":"I hadn't expected this.", "Channel":"npc" }
{ "timestamp":"2017-05-06T00:43:20Z", "event":"Bounty", "Rewards":[ { "Faction":"New Muang Defence Force", "Reward":300 }, { "Faction":"Empire", "Reward":34245 } ], "Target":"cobramkiii", "TotalReward":34545, "VictimFaction":"Muang Gold Posse" }
{ "timestamp":"2017-05-06T00:43:57Z", "event":"Scanned", "ScanType":"Cargo" }
{ "timestamp":"2017-05-06T00:43:57Z", "event":"ReceiveText", "From":"$ShipName_Police_Empire;", "From_Localised":"Internal Security Service", "Message":"$Police_ThankYouPassedStopAndSearch07;", "Message_Localised":"Your scan is clear. Carry on with your journey, Commander.", "Channel":"npc" }
{ "timestamp":"2017-05-06T00:44:06Z", "event":"ReceiveText", "From":"$npc_name_decorate:#name=Dessaux;", "From_Localised":"Dessaux", "Message":"$Smuggler_NearDeath03;", "Message_Localised":"You almost had me there!", "Channel":"npc" }
{ "timestamp":"2017-05-06T00:44:14Z", "event":"Bounty", "Rewards":[ { "Faction":"Empire", "Reward":2520 } ], "Target":"hauler", "TotalReward":2520, "VictimFaction":"Muang Constitution Party" }
{ "timestamp":"2017-05-06T00:45:07Z", "event":"StartJump", "JumpType":"Supercruise" }
{ "timestamp":"2017-05-06T00:45:12Z", "event":"SupercruiseEntry", "StarSystem":"Muang" }
{ "timestamp":"2017-05-06T00:46:54Z", "event":"ApproachSettlement", "Name":"Karlsefni Prospect" }
{ "timestamp":"2017-05-06T00:47:35Z", "event":"SupercruiseExit", "StarSystem":"Muang", "Body":"Al-Khujandi Enterprise", "BodyType":"Station" }
{ "timestamp":"2017-05-06T00:47:49Z", "event":"DockingRequested", "StationName":"Al-Khujandi Enterprise" }
{ "timestamp":"2017-05-06T00:47:49Z", "event":"ReceiveText", "From":"Al-Khujandi Enterprise", "Message":"$DockingChatter_Cordial;", "Message_Localised":"Welcome back, Commander.", "Channel":"npc" }
{ "timestamp":"2017-05-06T00:47:51Z", "event":"ReceiveText", "From":"Al-Khujandi Enterprise", "Message":"$STATION_docking_granted;", "Message_Localised":"Docking request granted.", "Channel":"npc" }
{ "timestamp":"2017-05-06T00:47:51Z", "event":"DockingGranted", "LandingPad":8, "StationName":"Al-Khujandi Enterprise" }
{ "timestamp":"2017-05-06T00:47:59Z", "event":"ReceiveText", "From":"Al-Khujandi Enterprise", "Message":"$STATION_NoFireZone_entered;", "Message_Localised":"No fire zone entered.", "Channel":"npc" }
{ "timestamp":"2017-05-06T00:48:49Z", "event":"Docked", "StationName":"Al-Khujandi Enterprise", "StationType":"Coriolis", "StarSystem":"Muang", "StationFaction":"New Muang Defence Force", "StationGovernment":"$government_Dictatorship;", "StationGovernment_Localised":"Dictatorship", "StationAllegiance":"Empire", "StationEconomy":"$economy_Extraction;", "StationEconomy_Localised":"Extraction", "DistFromStarLS":31.812162 }
{ "timestamp":"2017-05-06T00:49:02Z", "event":"RefuelAll", "Cost":27, "Amount":0.522526 }
{ "timestamp":"2017-05-06T00:49:03Z", "event":"BuyAmmo", "Cost":669 }
{ "timestamp":"2017-05-06T00:49:36Z", "event":"RedeemVoucher", "Type":"bounty", "Amount":178065, "Factions":[ { "Faction":"Empire", "Amount":36765 }, { "Faction":"New Muang Defence Force", "Amount":141300 } ] }
{ "timestamp":"2017-05-06T00:52:05Z", "event":"WingLeave" }
