{ "timestamp":"2016-12-18T11:41:08Z", "event":"Fileheader", "part":1, "language":"English\\UK", "gameversion":"2.2", "build":"r126898/r0 " }
{ "timestamp":"2016-12-18T11:42:36Z", "event":"LoadGame", "Commander":"Coccolithophore", "Ship":"Vulture", "ShipID":1, "GameMode":"Solo", "Credits":2047747, "Loan":0 }
{ "timestamp":"2016-12-18T11:42:36Z", "event":"Rank", "Combat":1, "Trade":2, "Explore":2, "Empire":0, "Federation":0, "CQC":0 }
{ "timestamp":"2016-12-18T11:42:36Z", "event":"Progress", "Combat":94, "Trade":82, "Explore":16, "Empire":0, "Federation":22, "CQC":0 }
{ "timestamp":"2016-12-18T11:43:01Z", "event":"Location", "Docked":false, "StarSystem":"LP 339-7", "StarPos":[-70.063,-8.281,27.906], "SystemAllegiance":"Federation", "SystemEconomy":"$economy_Agri;", "SystemEconomy_Localised":"Agriculture", "SystemGovernment":"$government_Corporate;", "SystemGovernment_Localised":"Corporate", "SystemSecurity":"$SYSTEM_SECURITY_high;", "SystemSecurity_Localised":"High Security", "Body":"LP 339-7 5", "BodyType":"Planet", "SystemFaction":"Starship Enterprises", "FactionState":"Boom" }
{ "timestamp":"2016-12-18T11:43:21Z", "event":"SupercruiseEntry", "StarSystem":"LP 339-7" }
{ "timestamp":"2016-12-18T11:44:09Z", "event":"ReceiveText", "From":"$npc_name_decorate:#name=Cruise Ship;", "From_Localised":"Cruise Ship", "Message":"$CruiseLiner_SCPatrol04;", "Message_Localised":"I'd like to direct your attention to our flight attendants for a brief safety demonstration.", "Channel":"npc" }
{ "timestamp":"2016-12-18T11:44:35Z", "event":"SupercruiseExit", "StarSystem":"LP 339-7", "Body":"LP 339-7 5 B Ring", "BodyType":"PlanetaryRing" }
{ "timestamp":"2016-12-18T11:46:29Z", "event":"ReceiveText", "From":"$ShipName_Police_Federation;", "From_Localised":"Federal Security Service", "Message":"$Police_ArriveInvestigate03;", "Message_Localised":"Crime response flight deployed.", "Channel":"npc" }
{ "timestamp":"2016-12-18T11:47:00Z", "event":"ReceiveText", "From":"$npc_name_decorate:#name=Lord DeadBeat;", "From_Localised":"Lord DeadBeat", "Message":"$BadKarmaCriticalDamage05;", "Message_Localised":"No, no!", "Channel":"npc" }
{ "timestamp":"2016-12-18T11:47:10Z", "event":"ReceiveText", "From":"$npc_name_decorate:#name=Nick Bacon;", "From_Localised":"Nick Bacon", "Message":"$Escort_NearDeath10;", "Message_Localised":"My ship is almost done for. Help!", "Channel":"npc" }
{ "timestamp":"2016-12-18T11:47:22Z", "event":"Bounty", "Rewards":[ { "Faction":"Starship Enterprises", "Reward":11110 } ], "TotalReward":11110, "VictimFaction":"LP 339-7 Blue Clan" }
{ "timestamp":"2016-12-18T11:47:24Z", "event":"ReceiveText", "From":"$npc_name_decorate:#name=awk;", "From_Localised":"awk", "Message":"$Pirate_OnStartScanCargo09;", "Message_Localised":"The scan will soon be over.", "Channel":"npc" }
{ "timestamp":"2016-12-18T11:47:42Z", "event":"ReceiveText", "From":"$npc_name_decorate:#name=Mark Walsh;", "From_Localised":"Mark Walsh", "Message":"$BadKarmaCriticalDamage02;", "Message_Localised":"Impossible!", "Channel":"npc" }
{ "timestamp":"2016-12-18T11:48:30Z", "event":"ReceiveText", "From":"$npc_name_decorate:#name=Sirius Security;", "From_Localised":"Sirius Security", "Message":"$BadKarmaCriticalDamage03;", "Message_Localised":"You fight a good fight!", "Channel":"npc" }
{ "timestamp":"2016-12-18T11:48:54Z", "event":"ReceiveText", "From":"$npc_name_decorate:#name=CJ ONeal;", "From_Localised":"CJ ONeal", "Message":"$MinerCriticalDamage04;", "Message_Localised":"I'm just a simple miner!", "Channel":"npc" }
{ "timestamp":"2016-12-18T11:49:11Z", "event":"Bounty", "Rewards":[ { "Faction":"Starship Enterprises", "Reward":400 }, { "Faction":"Federation", "Reward":36855 } ], "TotalReward":37255, "VictimFaction":"LP 339-7 Blue Clan" }
{ "timestamp":"2016-12-18T11:49:27Z", "event":"ReceiveText", "From":"$ShipName_Police_Federation;", "From_Localised":"Federal Security Service", "Message":"$Police_ArrivedAtInvestigationLocation06;", "Message_Localised":"Crime response team in situ. Security sweep and scan commencing.", "Channel":"npc" }
{ "timestamp":"2016-12-18T11:50:26Z", "event":"ReceiveText", "From":"$npc_name_decorate:#name=Kitty Palmer;", "From_Localised":"Kitty Palmer", "Message":"$Pirate_OnStartScanCargo11;", "Message_Localised":"I hope you have something good in your hold.", "Channel":"npc" }
{ "timestamp":"2016-12-18T11:50:31Z", "event":"ReceiveText", "From":"$npc_name_decorate:#name=Fudge;", "From_Localised":"Fudge", "Message":"$BadKarmaCriticalDamage06;", "Message_Localised":"I hadn't expected this.", "Channel":"npc" }
{ "timestamp":"2016-12-18T11:50:36Z", "event":"ReceiveText", "From":"$npc_name_decorate:#name=Kitty Palmer;", "From_Localised":"Kitty Palmer", "Message":"$Pirate_LargeCargoIgnoreThreat07;", "Message_Localised":"The bigger they are, the bigger the haul.", "Channel":"npc" }
{ "timestamp":"2016-12-18T11:50:46Z", "event":"ReceiveText", "From":"$npc_name_decorate:#name=Kitty Palmer;", "From_Localised":"Kitty Palmer", "Message":"$Pirate_OnDeclarePiracyAttack01;", "Message_Localised":"I'll pick your bones clean, greenhorn.", "Channel":"npc" }
{ "timestamp":"2016-12-18T11:50:46Z", "event":"ReceiveText", "From":"$npc_name_decorate:#name=Rangi;", "From_Localised":"Rangi", "Message":"$Escort_AttackDutyStart09;", "Message_Localised":"All systems ready. Preparing for attack run.", "Channel":"npc" }
{ "timestamp":"2016-12-18T11:51:01Z", "event":"ShieldState", "ShieldsUp":false }
{ "timestamp":"2016-12-18T11:51:10Z", "event":"HullDamage", "Health":0.799774 }
{ "timestamp":"2016-12-18T11:51:11Z", "event":"HullDamage", "Health":0.572362 }
{ "timestamp":"2016-12-18T11:51:16Z", "event":"HullDamage", "Health":0.397157 }
{ "timestamp":"2016-12-18T11:51:22Z", "event":"HullDamage", "Health":0.193197 }
{ "timestamp":"2016-12-18T11:51:32Z", "event":"Died", "KillerName":"Rangi", "KillerShip":"diamondback", "KillerRank":"Dangerous" }
{ "timestamp":"2016-12-18T11:51:50Z", "event":"Resurrect", "Option":"rebuy", "Cost":548316, "Bankrupt":false }
{ "timestamp":"2016-12-18T11:52:11Z", "event":"Location", "Docked":true, "StationName":"Lazarev Enterprise", "StationType":"Outpost", "StarSystem":"LP 339-7", "StarPos":[-70.063,-8.281,27.906], "SystemAllegiance":"Federation", "SystemEconomy":"$economy_Agri;", "SystemEconomy_Localised":"Agriculture", "SystemGovernment":"$government_Corporate;", "SystemGovernment_Localised":"Corporate", "SystemSecurity":"$SYSTEM_SECURITY_high;", "SystemSecurity_Localised":"High Security", "Body":"Lazarev Enterprise", "BodyType":"Station", "SystemFaction":"Starship Enterprises", "FactionState":"Boom" }
{ "timestamp":"2016-12-18T11:52:11Z", "event":"Docked", "StationName":"Lazarev Enterprise", "StationType":"Outpost", "StarSystem":"LP 339-7", "StationFaction":"LP 339-7 Public Inc", "StationGovernment":"$government_Corporate;", "StationGovernment_Localised":"Corporate", "StationEconomy":"$economy_Industrial;", "StationEconomy_Localised":"Industrial" }
