{ "timestamp":"2017-02-22T20:42:12Z", "event":"Fileheader", "part":1, "language":"English\\UK", "gameversion":"2.2", "build":"r131487/r0 " }
{ "timestamp":"2017-02-22T20:50:15Z", "event":"LoadGame", "Commander":"Blantyre", "Ship":"Asp", "ShipID":13, "GameMode":"Solo", "Credits":40837394, "Loan":0 }
{ "timestamp":"2017-02-22T20:50:15Z", "event":"Rank", "Combat":4, "Trade":6, "Explore":5, "Empire":2, "Federation":7, "CQC":0 }
{ "timestamp":"2017-02-22T20:50:15Z", "event":"Progress", "Combat":37, "Trade":5, "Explore":26, "Empire":41, "Federation":16, "CQC":0 }
{ "timestamp":"2017-02-22T20:50:36Z", "event":"Location", "Docked":false, "StarSystem":"Fujin", "StarPos":[-6.031,-30.375,-59.031], "SystemAllegiance":"Federation", "SystemEconomy":"$economy_Agri;", "SystemEconomy_Localised":"Agriculture", "SystemGovernment":"$government_Corporate;", "SystemGovernment_Localised":"Corporate", "SystemSecurity":"$SYSTEM_SECURITY_low;", "SystemSecurity_Localised":"Low Security", "Body":"Futen Spaceport", "BodyType":"Station", "SystemFaction":"Fujin Gold General Organisation" }
{ "timestamp":"2017-02-22T20:51:06Z", "event":"DockingRequested", "StationName":"Futen Spaceport" }
{ "timestamp":"2017-02-22T20:51:06Z", "event":"ReceiveText", "From":"Futen Spaceport", "Message":"$DockingChatter_Neutral;", "Message_Localised":"Ensure to observe starport protocol during your visit, pilot.", "Channel":"npc" }
{ "timestamp":"2017-02-22T20:51:07Z", "event":"ReceiveText", "From":"Futen Spaceport", "Message":"$STATION_docking_granted;", "Message_Localised":"Docking request granted.", "Channel":"npc" }
{ "timestamp":"2017-02-22T20:51:07Z", "event":"DockingGranted", "LandingPad":33, "StationName":"Futen Spaceport" }
{ "timestamp":"2017-02-22T20:51:33Z", "event":"ReceiveText", "From":"Futen Spaceport", "Message":"$STATION_NoFireZone_entered;", "Message_Localised":"No fire zone entered.", "Channel":"npc" }
{ "timestamp":"2017-02-22T20:52:16Z", "event":"Docked", "StationName":"Futen Spaceport", "StationType":"Coriolis", "StarSystem":"Fujin", "StationFaction":"Fujin Gold General Organisation", "StationGovernment":"$government_Corporate;", "StationGovernment_Localised":"Corporate", "StationAllegiance":"Federation", "StationEconomy":"$economy_Agri;", "StationEconomy_Localised":"Agriculture" }
{ "timestamp":"2017-02-22T20:52:36Z", "event":"RefuelAll", "Cost":10, "Amount":0.042510 }
{ "timestamp":"2017-02-22T20:56:06Z", "event":"Undocked", "StationName":"Futen Spaceport", "StationType":"Coriolis" }
{ "timestamp":"2017-02-22T20:56:33Z", "event":"ReceiveText", "From":"Futen Spaceport", "Message":"$DockingTresspassWarningComms;", "Message_Localised":"Unauthorised access infraction detected, clear starport immediately to avoid lethal response", "Channel":"npc" }
{ "timestamp":"2017-02-22T20:56:43Z", "event":"CommitCrime", "CrimeType":"dockingMinorTresspass", "Faction":"Fujin Gold General Organisation", "Fine":400 }
{ "timestamp":"2017-02-22T20:56:52Z", "event":"ReceiveText", "From":"Futen Spaceport", "Message":"$STATION_NoFireZone_exited;", "Message_Localised":"No fire zone left.", "Channel":"npc" }
{ "timestamp":"2017-02-22T20:56:57Z", "event":"ReceiveText", "From":"Futen Spaceport", "Message":"$DockingOffenceCleared;", "Message_Localised":"Starport infractions cleared, docking privileges restored.", "Channel":"npc" }
{ "timestamp":"2017-02-22T20:58:03Z", "event":"FSDJump", "StarSystem":"NLTT 8084", "StarPos":[-11.000,-60.688,-44.188], "SystemAllegiance":"Federation", "SystemEconomy":"$economy_Industrial;", "SystemEconomy_Localised":"Industrial", "SystemGovernment":"$government_Corporate;", "SystemGovernment_Localised":"Corporate", "SystemSecurity":"$SYSTEM_SECURITY_medium;", "SystemSecurity_Localised":"Medium Security", "JumpDist":34.116, "FuelUsed":4.922937, "FuelLevel":27.077063, "SystemFaction":"NLTT 8084 Natural Services", "FactionState":"Expansion" }
{ "timestamp":"2017-02-22T20:58:30Z", "event":"FuelScoop", "Scooped":0.628672, "Total":27.705734 }
{ "timestamp":"2017-02-22T20:58:56Z", "event":"FSDJump", "StarSystem":"Piscium Sector PX-U b2-0", "StarPos":[-2.625,-92.438,-34.688], "SystemAllegiance":"", "SystemEconomy":"$economy_None;", "SystemEconomy_Localised":"None", "SystemGovernment":"$government_None;", "SystemGovernment_Localised":"None", "SystemSecurity":"$SYSTEM_SECURITY_low;", "SystemSecurity_Localised":"Low Security", "JumpDist":34.183, "FuelUsed":4.838331, "FuelLevel":22.867403 }
{ "timestamp":"2017-02-22T20:59:25Z", "event":"FuelScoop", "Scooped":1.012884, "Total":23.880287 }
{ "timestamp":"2017-02-22T20:59:58Z", "event":"FSDJump", "StarSystem":"Majhwala", "StarPos":[0.781,-122.500,-27.406], "SystemAllegiance":"Empire", "SystemEconomy":"$economy_Colony;", "SystemEconomy_Localised":"Colony", "SystemGovernment":"$government_Dictatorship;", "SystemGovernment_Localised":"Dictatorship", "SystemSecurity":"$SYSTEM_SECURITY_medium;", "SystemSecurity_Localised":"Medium Security", "JumpDist":31.119, "FuelUsed":3.768403, "FuelLevel":20.111885, "SystemFaction":"Traditional Majhwala Law Party", "FactionState":"Boom" }
{ "timestamp":"2017-02-22T21:00:23Z", "event":"FuelScoop", "Scooped":0.423223, "Total":20.535109 }
{ "timestamp":"2017-02-22T21:00:47Z", "event":"FSDJump", "StarSystem":"Ceti Sector IR-W c1-15", "StarPos":[13.000,-148.563,-16.094], "SystemAllegiance":"", "SystemEconomy":"$economy_None;", "SystemEconomy_Localised":"None", "SystemGovernment":"$government_None;", "SystemGovernment_Localised":"None", "SystemSecurity":"$SYSTEM_SECURITY_low;", "SystemSecurity_Localised":"Low Security", "JumpDist":30.928, "FuelUsed":3.647615, "FuelLevel":16.887493 }
{ "timestamp":"2017-02-22T21:01:20Z", "event":"FuelScoop", "Scooped":1.115841, "Total":18.003334 }
{ "timestamp":"2017-02-22T21:01:52Z", "event":"FSDJump", "StarSystem":"Muang", "StarPos":[17.031,-172.781,-3.469], "SystemAllegiance":"Empire", "SystemEconomy":"$economy_Extraction;", "SystemEconomy_Localised":"Extraction", "SystemGovernment":"$government_Dictatorship;", "SystemGovernment_Localised":"Dictatorship", "SystemSecurity":"$SYSTEM_SECURITY_high;", "SystemSecurity_Localised":"High Security", "JumpDist":27.608, "FuelUsed":2.725336, "FuelLevel":15.277998, "SystemFaction":"New Muang Defence Force" }
{ "timestamp":"2017-02-22T21:04:16Z", "event":"SupercruiseExit", "StarSystem":"Muang", "Body":"Muang 5 a", "BodyType":"Planet" }
{ "timestamp":"2017-02-22T21:07:10Z", "event":"DockingRequested", "StationName":"Broo's Legacy" }
{ "timestamp":"2017-02-22T21:07:10Z", "event":"ReceiveText", "From":"Broo's Legacy", "Message":"$DockingChatter_Neutral;", "Message_Localised":"Ensure to observe starport protocol during your visit, pilot.", "Channel":"npc" }
{ "timestamp":"2017-02-22T21:07:11Z", "event":"ReceiveText", "From":"Broo's Legacy", "Message":"$STATION_docking_granted;", "Message_Localised":"Docking request granted.", "Channel":"npc" }
{ "timestamp":"2017-02-22T21:07:11Z", "event":"DockingGranted", "LandingPad":4, "StationName":"Broo's Legacy" }
{ "timestamp":"2017-02-22T21:07:19Z", "event":"ReceiveText", "From":"Broo's Legacy", "Message":"$STATION_NoFireZone_entered;", "Message_Localised":"No fire zone entered.", "Channel":"npc" }
{ "timestamp":"2017-02-22T21:08:01Z", "event":"Docked", "StationName":"Broo's Legacy", "StarSystem":"Muang", "StationFaction":"Broo Tarquin", "StationGovernment":"$government_Engineer;", "StationGovernment_Localised":"Workshop", "StationAllegiance":"Empire", "StationEconomy":"$economy_Colony;", "StationEconomy_Localised":"Colony" }
{ "timestamp":"2017-02-22T21:08:48Z", "event":"Undocked", "StationName":"Broo's Legacy" }
{ "timestamp":"2017-02-22T21:09:07Z", "event":"ReceiveText", "From":"Broo's Legacy", "Message":"$STATION_NoFireZone_exited;", "Message_Localised":"No fire zone left.", "Channel":"npc" }
{ "timestamp":"2017-02-22T21:09:34Z", "event":"SupercruiseEntry", "StarSystem":"Muang" }
{ "timestamp":"2017-02-22T21:11:27Z", "event":"FSDJump", "StarSystem":"Macat", "StarPos":[19.031,-145.125,-24.531], "SystemAllegiance":"Independent", "SystemEconomy":"$economy_Colony;", "SystemEconomy_Localised":"Colony", "SystemGovernment":"$government_Cooperative;", "SystemGovernment_Localised":"Cooperative", "SystemSecurity":"$SYSTEM_SECURITY_medium;", "SystemSecurity_Localised":"Medium Security", "JumpDist":34.821, "FuelUsed":4.496377, "FuelLevel":10.781621, "SystemFaction":"Macat as one", "FactionState":"Retreat" }
{ "timestamp":"2017-02-22T21:15:10Z", "event":"FuelScoop", "Scooped":21.218380, "Total":32.000000 }
{ "timestamp":"2017-02-22T21:15:36Z", "event":"FSDJump", "StarSystem":"Ceti Sector IM-V b2-0", "StarPos":[8.000,-114.938,-31.656], "SystemAllegiance":"", "SystemEconomy":"$economy_None;", "SystemEconomy_Localised":"None", "SystemGovernment":"$government_None;", "SystemGovernment_Localised":"None", "SystemSecurity":"$SYSTEM_SECURITY_low;", "SystemSecurity_Localised":"Low Security", "JumpDist":32.920, "FuelUsed":4.283200, "FuelLevel":27.716801 }
{ "timestamp":"2017-02-22T21:16:03Z", "event":"FuelScoop", "Scooped":0.836653, "Total":28.553453 }
{ "timestamp":"2017-02-22T21:16:30Z", "event":"FSDJump", "StarSystem":"BD-15 447", "StarPos":[8.000,-81.250,-40.125], "SystemAllegiance":"Empire", "SystemEconomy":"$economy_Industrial;", "SystemEconomy_Localised":"Industrial", "SystemGovernment":"$government_Corporate;", "SystemGovernment_Localised":"Corporate", "SystemSecurity":"$SYSTEM_SECURITY_high;", "SystemSecurity_Localised":"High Security", "JumpDist":34.736, "FuelUsed":4.792628, "FuelLevel":23.760826, "SystemFaction":"East India Company", "FactionState":"Expansion" }
{ "timestamp":"2017-02-22T21:16:54Z", "event":"FuelScoop", "Scooped":0.090204, "Total":23.851030 }
{ "timestamp":"2017-02-22T21:17:36Z", "event":"FSDJump", "StarSystem":"94 Ceti", "StarPos":[1.656,-53.656,-50.469], "SystemAllegiance":"", "SystemEconomy":"$economy_None;", "SystemEconomy_Localised":"None", "SystemGovernment":"$government_None;", "SystemGovernment_Localised":"None", "SystemSecurity":"$SYSTEM_SECURITY_low;", "SystemSecurity_Localised":"Low Security", "JumpDist":30.144, "FuelUsed":3.306491, "FuelLevel":20.544538 }
{ "timestamp":"2017-02-22T21:18:15Z", "event":"FuelScoop", "Scooped":1.969912, "Total":22.514450 }
{ "timestamp":"2017-02-22T21:18:55Z", "event":"FSDJump", "StarSystem":"Fujin", "StarPos":[-6.031,-30.375,-59.031], "SystemAllegiance":"Federation", "SystemEconomy":"$economy_Agri;", "SystemEconomy_Localised":"Agriculture", "SystemGovernment":"$government_Corporate;", "SystemGovernment_Localised":"Corporate", "SystemSecurity":"$SYSTEM_SECURITY_low;", "SystemSecurity_Localised":"Low Security", "JumpDist":25.970, "FuelUsed":2.278685, "FuelLevel":20.235765, "SystemFaction":"Fujin Gold General Organisation" }
{ "timestamp":"2017-02-22T21:21:28Z", "event":"SupercruiseExit", "StarSystem":"Fujin", "Body":"Futen Spaceport", "BodyType":"Station" }
{ "timestamp":"2017-02-22T21:21:47Z", "event":"DockingRequested", "StationName":"Futen Spaceport" }
{ "timestamp":"2017-02-22T21:21:47Z", "event":"ReceiveText", "From":"Futen Spaceport", "Message":"$DockingChatter_Neutral;", "Message_Localised":"Ensure to observe starport protocol during your visit, pilot.", "Channel":"npc" }
{ "timestamp":"2017-02-22T21:21:50Z", "event":"ReceiveText", "From":"Futen Spaceport", "Message":"$STATION_NoFireZone_entered;", "Message_Localised":"No fire zone entered.", "Channel":"npc" }
{ "timestamp":"2017-02-22T21:21:50Z", "event":"ReceiveText", "From":"Futen Spaceport", "Message":"$STATION_docking_granted;", "Message_Localised":"Docking request granted.", "Channel":"npc" }
{ "timestamp":"2017-02-22T21:21:50Z", "event":"DockingGranted", "LandingPad":15, "StationName":"Futen Spaceport" }
{ "timestamp":"2017-02-22T21:22:40Z", "event":"Docked", "StationName":"Futen Spaceport", "StationType":"Coriolis", "StarSystem":"Fujin", "StationFaction":"Fujin Gold General Organisation", "StationGovernment":"$government_Corporate;", "StationGovernment_Localised":"Corporate", "StationAllegiance":"Federation", "StationEconomy":"$economy_Agri;", "StationEconomy_Localised":"Agriculture" }
{ "timestamp":"2017-02-22T21:23:10Z", "event":"RefuelAll", "Cost":620, "Amount":12.367917 }
{ "timestamp":"2017-02-22T21:23:12Z", "event":"RepairAll", "Cost":1752 }
{ "timestamp":"2017-02-22T21:23:19Z", "event":"MarketBuy", "Type":"fujintea", "Count":10, "BuyPrice":992, "TotalCost":9920 }
{ "timestamp":"2017-02-22T21:24:52Z", "event":"Undocked", "StationName":"Futen Spaceport", "StationType":"Coriolis" }
{ "timestamp":"2017-02-22T21:25:44Z", "event":"ReceiveText", "From":"Futen Spaceport", "Message":"$STATION_NoFireZone_exited;", "Message_Localised":"No fire zone left.", "Channel":"npc" }
{ "timestamp":"2017-02-22T21:25:45Z", "event":"ReceiveText", "From":"$ShipName_Police_Federation;", "From_Localised":"Federal Security Service", "Message":"$Police_ThankYouPassedStopAndSearch02;", "Message_Localised":"You're clean. Proceed, pilot.", "Channel":"npc" }
{ "timestamp":"2017-02-22T21:26:52Z", "event":"FSDJump", "StarSystem":"NLTT 8084", "StarPos":[-11.000,-60.688,-44.188], "SystemAllegiance":"Federation", "SystemEconomy":"$economy_Industrial;", "SystemEconomy_Localised":"Industrial", "SystemGovernment":"$government_Corporate;", "SystemGovernment_Localised":"Corporate", "SystemSecurity":"$SYSTEM_SECURITY_medium;", "SystemSecurity_Localised":"Medium Security", "JumpDist":34.116, "FuelUsed":4.922937, "FuelLevel":27.077063, "SystemFaction":"NLTT 8084 Natural Services", "FactionState":"Expansion" }
{ "timestamp":"2017-02-22T21:27:19Z", "event":"FuelScoop", "Scooped":1.118258, "Total":28.195320 }
{ "timestamp":"2017-02-22T21:27:41Z", "event":"FSDJump", "StarSystem":"Piscium Sector PX-U b2-0", "StarPos":[-2.625,-92.438,-34.688], "SystemAllegiance":"", "SystemEconomy":"$economy_None;", "SystemEconomy_Localised":"None", "SystemGovernment":"$government_None;", "SystemGovernment_Localised":"None", "SystemSecurity":"$SYSTEM_SECURITY_low;", "SystemSecurity_Localised":"Low Security", "JumpDist":34.183, "FuelUsed":4.848591, "FuelLevel":23.346729 }
{ "timestamp":"2017-02-22T21:28:09Z", "event":"FuelScoop", "Scooped":0.730007, "Total":24.076736 }
{ "timestamp":"2017-02-22T21:28:40Z", "event":"FSDJump", "StarSystem":"Majhwala", "StarPos":[0.781,-122.500,-27.406], "SystemAllegiance":"Empire", "SystemEconomy":"$economy_Colony;", "SystemEconomy_Localised":"Colony", "SystemGovernment":"$government_Dictatorship;", "SystemGovernment_Localised":"Dictatorship", "SystemSecurity":"$SYSTEM_SECURITY_medium;", "SystemSecurity_Localised":"Medium Security", "JumpDist":31.119, "FuelUsed":3.772343, "FuelLevel":20.304394, "SystemFaction":"Traditional Majhwala Law Party", "FactionState":"Boom" }
{ "timestamp":"2017-02-22T21:29:09Z", "event":"FuelScoop", "Scooped":0.630505, "Total":20.934898 }
{ "timestamp":"2017-02-22T21:29:33Z", "event":"FSDJump", "StarSystem":"Ceti Sector IR-W c1-15", "StarPos":[13.000,-148.563,-16.094], "SystemAllegiance":"", "SystemEconomy":"$economy_None;", "SystemEconomy_Localised":"None", "SystemGovernment":"$government_None;", "SystemGovernment_Localised":"None", "SystemSecurity":"$SYSTEM_SECURITY_low;", "SystemSecurity_Localised":"Low Security", "JumpDist":30.928, "FuelUsed":3.655319, "FuelLevel":17.279579 }
{ "timestamp":"2017-02-22T21:30:09Z", "event":"FuelScoop", "Scooped":1.799742, "Total":19.079321 }
{ "timestamp":"2017-02-22T21:30:34Z", "event":"FSDJump", "StarSystem":"Muang", "StarPos":[17.031,-172.781,-3.469], "SystemAllegiance":"Empire", "SystemEconomy":"$economy_Extraction;", "SystemEconomy_Localised":"Extraction", "SystemGovernment":"$government_Dictatorship;", "SystemGovernment_Localised":"Dictatorship", "SystemSecurity":"$SYSTEM_SECURITY_high;", "SystemSecurity_Localised":"High Security", "JumpDist":27.608, "FuelUsed":2.738069, "FuelLevel":16.341251, "SystemFaction":"New Muang Defence Force" }
{ "timestamp":"2017-02-22T21:34:14Z", "event":"SupercruiseExit", "StarSystem":"Muang", "Body":"Muang 5 a", "BodyType":"Planet" }
{ "timestamp":"2017-02-22T21:35:26Z", "event":"ReceiveText", "From":"Broo's Legacy", "Message":"$STATION_NoFireZone_entered;", "Message_Localised":"No fire zone entered.", "Channel":"npc" }
{ "timestamp":"2017-02-22T21:35:33Z", "event":"DockingRequested", "StationName":"Broo's Legacy" }
{ "timestamp":"2017-02-22T21:35:33Z", "event":"ReceiveText", "From":"Broo's Legacy", "Message":"$DockingChatter_Neutral;", "Message_Localised":"Ensure to observe starport protocol during your visit, pilot.", "Channel":"npc" }
{ "timestamp":"2017-02-22T21:35:35Z", "event":"ReceiveText", "From":"Broo's Legacy", "Message":"$STATION_docking_granted;", "Message_Localised":"Docking request granted.", "Channel":"npc" }
{ "timestamp":"2017-02-22T21:35:35Z", "event":"DockingGranted", "LandingPad":2, "StationName":"Broo's Legacy" }
{ "timestamp":"2017-02-22T21:36:14Z", "event":"Docked", "StationName":"Broo's Legacy", "StarSystem":"Muang", "StationFaction":"Broo Tarquin", "StationGovernment":"$government_Engineer;", "StationGovernment_Localised":"Workshop", "StationAllegiance":"Empire", "StationEconomy":"$economy_Colony;", "StationEconomy_Localised":"Colony" }
{ "timestamp":"2017-02-22T21:36:31Z", "event":"RefuelAll", "Cost":796, "Amount":15.913406 }
{ "timestamp":"2017-02-22T21:36:45Z", "event":"Undocked", "StationName":"Broo's Legacy" }
{ "timestamp":"2017-02-22T21:37:05Z", "event":"ReceiveText", "From":"Broo's Legacy", "Message":"$STATION_NoFireZone_exited;", "Message_Localised":"No fire zone left.", "Channel":"npc" }
{ "timestamp":"2017-02-22T21:37:21Z", "event":"SupercruiseEntry", "StarSystem":"Muang" }
{ "timestamp":"2017-02-22T21:39:02Z", "event":"FSDJump", "StarSystem":"Macat", "StarPos":[19.031,-145.125,-24.531], "SystemAllegiance":"Independent", "SystemEconomy":"$economy_Colony;", "SystemEconomy_Localised":"Colony", "SystemGovernment":"$government_Cooperative;", "SystemGovernment_Localised":"Cooperative", "SystemSecurity":"$SYSTEM_SECURITY_medium;", "SystemSecurity_Localised":"Medium Security", "JumpDist":34.821, "FuelUsed":4.915069, "FuelLevel":27.084930, "SystemFaction":"Macat as one", "FactionState":"Retreat" }
{ "timestamp":"2017-02-22T21:39:28Z", "event":"FuelScoop", "Scooped":0.663280, "Total":27.748211 }
{ "timestamp":"2017-02-22T21:39:56Z", "event":"FSDJump", "StarSystem":"Ceti Sector IM-V b2-0", "StarPos":[8.000,-114.938,-31.656], "SystemAllegiance":"", "SystemEconomy":"$economy_None;", "SystemEconomy_Localised":"None", "SystemGovernment":"$government_None;", "SystemGovernment_Localised":"None", "SystemSecurity":"$SYSTEM_SECURITY_low;", "SystemSecurity_Localised":"Low Security", "JumpDist":32.920, "FuelUsed":4.188865, "FuelLevel":23.559345 }
{ "timestamp":"2017-02-22T21:40:25Z", "event":"FuelScoop", "Scooped":1.408337, "Total":24.967682 }
{ "timestamp":"2017-02-22T21:40:58Z", "event":"FSDJump", "StarSystem":"BD-15 447", "StarPos":[8.000,-81.250,-40.125], "SystemAllegiance":"Empire", "SystemEconomy":"$economy_Industrial;", "SystemEconomy_Localised":"Industrial", "SystemGovernment":"$government_Corporate;", "SystemGovernment_Localised":"Corporate", "SystemSecurity":"$SYSTEM_SECURITY_high;", "SystemSecurity_Localised":"High Security", "JumpDist":34.736, "FuelUsed":4.707589, "FuelLevel":20.260094, "SystemFaction":"East India Company", "FactionState":"Expansion" }
{ "timestamp":"2017-02-22T21:41:30Z", "event":"FuelScoop", "Scooped":1.935148, "Total":22.195242 }
{ "timestamp":"2017-02-22T21:41:51Z", "event":"FSDJump", "StarSystem":"94 Ceti", "StarPos":[1.656,-53.656,-50.469], "SystemAllegiance":"", "SystemEconomy":"$economy_None;", "SystemEconomy_Localised":"None", "SystemGovernment":"$government_None;", "SystemGovernment_Localised":"None", "SystemSecurity":"$SYSTEM_SECURITY_low;", "SystemSecurity_Localised":"Low Security", "JumpDist":30.144, "FuelUsed":3.276350, "FuelLevel":18.918892 }
{ "timestamp":"2017-02-22T21:42:28Z", "event":"FuelScoop", "Scooped":1.685932, "Total":20.604824 }
{ "timestamp":"2017-02-22T21:42:49Z", "event":"FSDJump", "StarSystem":"Fujin", "StarPos":[-6.031,-30.375,-59.031], "SystemAllegiance":"Federation", "SystemEconomy":"$economy_Agri;", "SystemEconomy_Localised":"Agriculture", "SystemGovernment":"$government_Corporate;", "SystemGovernment_Localised":"Corporate", "SystemSecurity":"$SYSTEM_SECURITY_low;", "SystemSecurity_Localised":"Low Security", "JumpDist":25.970, "FuelUsed":2.254407, "FuelLevel":18.350416, "SystemFaction":"Fujin Gold General Organisation" }
{ "timestamp":"2017-02-22T21:45:09Z", "event":"SupercruiseExit", "StarSystem":"Fujin", "Body":"Futen Spaceport", "BodyType":"Station" }
{ "timestamp":"2017-02-22T21:45:23Z", "event":"DockingRequested", "StationName":"Futen Spaceport" }
{ "timestamp":"2017-02-22T21:45:23Z", "event":"ReceiveText", "From":"Futen Spaceport", "Message":"$DockingChatter_Neutral;", "Message_Localised":"Ensure to observe starport protocol during your visit, pilot.", "Channel":"npc" }
{ "timestamp":"2017-02-22T21:45:24Z", "event":"ReceiveText", "From":"Futen Spaceport", "Message":"$STATION_docking_granted;", "Message_Localised":"Docking request granted.", "Channel":"npc" }
{ "timestamp":"2017-02-22T21:45:24Z", "event":"DockingGranted", "LandingPad":38, "StationName":"Futen Spaceport" }
{ "timestamp":"2017-02-22T21:45:26Z", "event":"ReceiveText", "From":"Futen Spaceport", "Message":"$STATION_NoFireZone_entered;", "Message_Localised":"No fire zone entered.", "Channel":"npc" }
{ "timestamp":"2017-02-22T21:46:09Z", "event":"Docked", "StationName":"Futen Spaceport", "StationType":"Coriolis", "StarSystem":"Fujin", "StationFaction":"Fujin Gold General Organisation", "StationGovernment":"$government_Corporate;", "StationGovernment_Localised":"Corporate", "StationAllegiance":"Federation", "StationEconomy":"$economy_Agri;", "StationEconomy_Localised":"Agriculture" }
{ "timestamp":"2017-02-22T21:46:17Z", "event":"RefuelAll", "Cost":695, "Amount":13.871794 }
{ "timestamp":"2017-02-22T21:46:24Z", "event":"MarketBuy", "Type":"fujintea", "Count":10, "BuyPrice":992, "TotalCost":9920 }
{ "timestamp":"2017-02-22T21:46:40Z", "event":"Undocked", "StationName":"Futen Spaceport", "StationType":"Coriolis" }
{ "timestamp":"2017-02-22T21:47:39Z", "event":"ReceiveText", "From":"Futen Spaceport", "Message":"$STATION_NoFireZone_exited;", "Message_Localised":"No fire zone left.", "Channel":"npc" }
{ "timestamp":"2017-02-22T21:48:41Z", "event":"FSDJump", "StarSystem":"NLTT 8084", "StarPos":[-11.000,-60.688,-44.188], "SystemAllegiance":"Federation", "SystemEconomy":"$economy_Industrial;", "SystemEconomy_Localised":"Industrial", "SystemGovernment":"$government_Corporate;", "SystemGovernment_Localised":"Corporate", "SystemSecurity":"$SYSTEM_SECURITY_medium;", "SystemSecurity_Localised":"Medium Security", "JumpDist":34.116, "FuelUsed":4.922937, "FuelLevel":27.077063, "SystemFaction":"NLTT 8084 Natural Services", "FactionState":"Expansion" }
{ "timestamp":"2017-02-22T21:49:07Z", "event":"FuelScoop", "Scooped":0.828791, "Total":27.905853 }
{ "timestamp":"2017-02-22T21:49:32Z", "event":"FSDJump", "StarSystem":"Piscium Sector PX-U b2-0", "StarPos":[-2.625,-92.438,-34.688], "SystemAllegiance":"", "SystemEconomy":"$economy_None;", "SystemEconomy_Localised":"None", "SystemGovernment":"$government_None;", "SystemGovernment_Localised":"None", "SystemSecurity":"$SYSTEM_SECURITY_low;", "SystemSecurity_Localised":"Low Security", "JumpDist":34.183, "FuelUsed":4.843188, "FuelLevel":23.062666 }
{ "timestamp":"2017-02-22T21:50:00Z", "event":"FuelScoop", "Scooped":1.034250, "Total":24.096916 }
{ "timestamp":"2017-02-22T21:50:32Z", "event":"FSDJump", "StarSystem":"Majhwala", "StarPos":[0.781,-122.500,-27.406], "SystemAllegiance":"Empire", "SystemEconomy":"$economy_Colony;", "SystemEconomy_Localised":"Colony", "SystemGovernment":"$government_Dictatorship;", "SystemGovernment_Localised":"Dictatorship", "SystemSecurity":"$SYSTEM_SECURITY_medium;", "SystemSecurity_Localised":"Medium Security", "JumpDist":31.119, "FuelUsed":3.772577, "FuelLevel":20.324339, "SystemFaction":"Traditional Majhwala Law Party", "FactionState":"Boom" }
{ "timestamp":"2017-02-22T21:51:00Z", "event":"FuelScoop", "Scooped":0.837523, "Total":21.161861 }
{ "timestamp":"2017-02-22T21:51:24Z", "event":"FSDJump", "StarSystem":"Ceti Sector IR-W c1-15", "StarPos":[13.000,-148.563,-16.094], "SystemAllegiance":"", "SystemEconomy":"$economy_None;", "SystemEconomy_Localised":"None", "SystemGovernment":"$government_None;", "SystemGovernment_Localised":"None", "SystemSecurity":"$SYSTEM_SECURITY_low;", "SystemSecurity_Localised":"Low Security", "JumpDist":30.928, "FuelUsed":3.659632, "FuelLevel":17.502230 }
{ "timestamp":"2017-02-22T21:51:56Z", "event":"FuelScoop", "Scooped":1.103205, "Total":18.605434 }
{ "timestamp":"2017-02-22T21:52:25Z", "event":"FSDJump", "StarSystem":"Muang", "StarPos":[17.031,-172.781,-3.469], "SystemAllegiance":"Empire", "SystemEconomy":"$economy_Extraction;", "SystemEconomy_Localised":"Extraction", "SystemGovernment":"$government_Dictatorship;", "SystemGovernment_Localised":"Dictatorship", "SystemSecurity":"$SYSTEM_SECURITY_high;", "SystemSecurity_Localised":"High Security", "JumpDist":27.608, "FuelUsed":2.733571, "FuelLevel":15.871863, "SystemFaction":"New Muang Defence Force" }
{ "timestamp":"2017-02-22T21:54:57Z", "event":"SupercruiseExit", "StarSystem":"Muang", "Body":"Muang 5 a", "BodyType":"Planet" }
{ "timestamp":"2017-02-22T21:55:22Z", "event":"DockingRequested", "StationName":"Broo's Legacy" }
{ "timestamp":"2017-02-22T21:55:22Z", "event":"ReceiveText", "From":"Broo's Legacy", "Message":"$DockingChatter_Neutral;", "Message_Localised":"Ensure to observe starport protocol during your visit, pilot.", "Channel":"npc" }
{ "timestamp":"2017-02-22T21:55:24Z", "event":"ReceiveText", "From":"Broo's Legacy", "Message":"$STATION_docking_granted;", "Message_Localised":"Docking request granted.", "Channel":"npc" }
{ "timestamp":"2017-02-22T21:55:24Z", "event":"DockingGranted", "LandingPad":4, "StationName":"Broo's Legacy" }
{ "timestamp":"2017-02-22T21:55:24Z", "event":"ReceiveText", "From":"Broo's Legacy", "Message":"$STATION_NoFireZone_entered;", "Message_Localised":"No fire zone entered.", "Channel":"npc" }
{ "timestamp":"2017-02-22T21:56:02Z", "event":"Docked", "StationName":"Broo's Legacy", "StarSystem":"Muang", "StationFaction":"Broo Tarquin", "StationGovernment":"$government_Engineer;", "StationGovernment_Localised":"Workshop", "StationAllegiance":"Empire", "StationEconomy":"$economy_Colony;", "StationEconomy_Localised":"Colony" }
{ "timestamp":"2017-02-22T21:56:13Z", "event":"RefuelAll", "Cost":818, "Amount":16.332821 }
{ "timestamp":"2017-02-22T21:57:15Z", "event":"Undocked", "StationName":"Broo's Legacy" }
{ "timestamp":"2017-02-22T21:57:43Z", "event":"ReceiveText", "From":"Broo's Legacy", "Message":"$STATION_NoFireZone_exited;", "Message_Localised":"No fire zone left.", "Channel":"npc" }
{ "timestamp":"2017-02-22T22:02:01Z", "event":"SupercruiseEntry", "StarSystem":"Muang" }
{ "timestamp":"2017-02-22T22:04:48Z", "event":"FSDJump", "StarSystem":"Macat", "StarPos":[19.031,-145.125,-24.531], "SystemAllegiance":"Independent", "SystemEconomy":"$economy_Colony;", "SystemEconomy_Localised":"Colony", "SystemGovernment":"$government_Cooperative;", "SystemGovernment_Localised":"Cooperative", "SystemSecurity":"$SYSTEM_SECURITY_medium;", "SystemSecurity_Localised":"Medium Security", "JumpDist":34.821, "FuelUsed":4.915069, "FuelLevel":27.084930, "SystemFaction":"Macat as one", "FactionState":"Retreat" }
{ "timestamp":"2017-02-22T22:05:13Z", "event":"FuelScoop", "Scooped":0.350283, "Total":27.435213 }
{ "timestamp":"2017-02-22T22:06:04Z", "event":"FSDJump", "StarSystem":"Ceti Sector IM-V b2-0", "StarPos":[8.000,-114.938,-31.656], "SystemAllegiance":"", "SystemEconomy":"$economy_None;", "SystemEconomy_Localised":"None", "SystemGovernment":"$government_None;", "SystemGovernment_Localised":"None", "SystemSecurity":"$SYSTEM_SECURITY_low;", "SystemSecurity_Localised":"Low Security", "JumpDist":32.920, "FuelUsed":4.181950, "FuelLevel":23.253263 }
{ "timestamp":"2017-02-22T22:06:37Z", "event":"FuelScoop", "Scooped":1.596210, "Total":24.849474 }
{ "timestamp":"2017-02-22T22:07:08Z", "event":"FSDJump", "StarSystem":"BD-15 447", "StarPos":[8.000,-81.250,-40.125], "SystemAllegiance":"Empire", "SystemEconomy":"$economy_Industrial;", "SystemEconomy_Localised":"Industrial", "SystemGovernment":"$government_Corporate;", "SystemGovernment_Localised":"Corporate", "SystemSecurity":"$SYSTEM_SECURITY_high;", "SystemSecurity_Localised":"High Security", "JumpDist":34.736, "FuelUsed":4.704801, "FuelLevel":20.144672, "SystemFaction":"East India Company", "FactionState":"Expansion" }
{ "timestamp":"2017-02-22T22:07:43Z", "event":"FuelScoop", "Scooped":1.573944, "Total":21.718616 }
{ "timestamp":"2017-02-22T22:08:07Z", "event":"FSDJump", "StarSystem":"94 Ceti", "StarPos":[1.656,-53.656,-50.469], "SystemAllegiance":"", "SystemEconomy":"$economy_None;", "SystemEconomy_Localised":"None", "SystemGovernment":"$government_None;", "SystemGovernment_Localised":"None", "SystemSecurity":"$SYSTEM_SECURITY_low;", "SystemSecurity_Localised":"Low Security", "JumpDist":30.144, "FuelUsed":3.268963, "FuelLevel":18.449654 }
{ "timestamp":"2017-02-22T22:08:30Z", "event":"FuelScoop", "Scooped":0.158499, "Total":18.608152 }
{ "timestamp":"2017-02-22T22:10:21Z", "event":"FSDJump", "StarSystem":"Fujin", "StarPos":[-6.031,-30.375,-59.031], "SystemAllegiance":"Federation", "SystemEconomy":"$economy_Agri;", "SystemEconomy_Localised":"Agriculture", "SystemGovernment":"$government_Corporate;", "SystemGovernment_Localised":"Corporate", "SystemSecurity":"$SYSTEM_SECURITY_low;", "SystemSecurity_Localised":"Low Security", "JumpDist":25.970, "FuelUsed":2.231408, "FuelLevel":16.376743, "SystemFaction":"Fujin Gold General Organisation" }
{ "timestamp":"2017-02-22T22:10:44Z", "event":"FuelScoop", "Scooped":0.240093, "Total":16.616837 }
{ "timestamp":"2017-02-22T22:12:39Z", "event":"SupercruiseExit", "StarSystem":"Fujin", "Body":"Futen Spaceport", "BodyType":"Station" }
{ "timestamp":"2017-02-22T22:12:51Z", "event":"DockingRequested", "StationName":"Futen Spaceport" }
{ "timestamp":"2017-02-22T22:12:51Z", "event":"ReceiveText", "From":"Futen Spaceport", "Message":"$DockingChatter_Neutral;", "Message_Localised":"Ensure to observe starport protocol during your visit, pilot.", "Channel":"npc" }
{ "timestamp":"2017-02-22T22:12:53Z", "event":"ReceiveText", "From":"Futen Spaceport", "Message":"$STATION_docking_granted;", "Message_Localised":"Docking request granted.", "Channel":"npc" }
{ "timestamp":"2017-02-22T22:12:53Z", "event":"DockingGranted", "LandingPad":38, "StationName":"Futen Spaceport" }
{ "timestamp":"2017-02-22T22:13:06Z", "event":"ReceiveText", "From":"Futen Spaceport", "Message":"$STATION_NoFireZone_entered;", "Message_Localised":"No fire zone entered.", "Channel":"npc" }
{ "timestamp":"2017-02-22T22:14:13Z", "event":"Docked", "StationName":"Futen Spaceport", "StationType":"Coriolis", "StarSystem":"Fujin", "StationFaction":"Fujin Gold General Organisation", "StationGovernment":"$government_Corporate;", "StationGovernment_Localised":"Corporate", "StationAllegiance":"Federation", "StationEconomy":"$economy_Agri;", "StationEconomy_Localised":"Agriculture" }
{ "timestamp":"2017-02-22T22:14:27Z", "event":"RefuelAll", "Cost":790, "Amount":15.780091 }
{ "timestamp":"2017-02-22T22:14:36Z", "event":"MarketBuy", "Type":"fujintea", "Count":10, "BuyPrice":992, "TotalCost":9920 }
{ "timestamp":"2017-02-22T22:26:01Z", "event":"Undocked", "StationName":"Futen Spaceport", "StationType":"Coriolis" }
{ "timestamp":"2017-02-22T22:26:48Z", "event":"ReceiveText", "From":"Futen Spaceport", "Message":"$STATION_NoFireZone_exited;", "Message_Localised":"No fire zone left.", "Channel":"npc" }
{ "timestamp":"2017-02-22T22:28:12Z", "event":"FSDJump", "StarSystem":"NLTT 8084", "StarPos":[-11.000,-60.688,-44.188], "SystemAllegiance":"Federation", "SystemEconomy":"$economy_Industrial;", "SystemEconomy_Localised":"Industrial", "SystemGovernment":"$government_Corporate;", "SystemGovernment_Localised":"Corporate", "SystemSecurity":"$SYSTEM_SECURITY_medium;", "SystemSecurity_Localised":"Medium Security", "JumpDist":34.116, "FuelUsed":4.922937, "FuelLevel":27.077063, "SystemFaction":"NLTT 8084 Natural Services", "FactionState":"Expansion" }
{ "timestamp":"2017-02-22T22:28:41Z", "event":"FuelScoop", "Scooped":1.146549, "Total":28.223612 }
{ "timestamp":"2017-02-22T22:29:03Z", "event":"FSDJump", "StarSystem":"Piscium Sector PX-U b2-0", "StarPos":[-2.625,-92.438,-34.688], "SystemAllegiance":"", "SystemEconomy":"$economy_None;", "SystemEconomy_Localised":"None", "SystemGovernment":"$government_None;", "SystemGovernment_Localised":"None", "SystemSecurity":"$SYSTEM_SECURITY_low;", "SystemSecurity_Localised":"Low Security", "JumpDist":34.183, "FuelUsed":4.850247, "FuelLevel":23.373363 }
{ "timestamp":"2017-02-22T22:29:29Z", "event":"FuelScoop", "Scooped":1.053629, "Total":24.426992 }
{ "timestamp":"2017-02-22T22:30:01Z", "event":"FSDJump", "StarSystem":"Majhwala", "StarPos":[0.781,-122.500,-27.406], "SystemAllegiance":"Empire", "SystemEconomy":"$economy_Colony;", "SystemEconomy_Localised":"Colony", "SystemGovernment":"$government_Dictatorship;", "SystemGovernment_Localised":"Dictatorship", "SystemSecurity":"$SYSTEM_SECURITY_medium;", "SystemSecurity_Localised":"Medium Security", "JumpDist":31.119, "FuelUsed":3.779335, "FuelLevel":20.647657, "SystemFaction":"Traditional Majhwala Law Party", "FactionState":"Boom" }
{ "timestamp":"2017-02-22T22:30:29Z", "event":"FuelScoop", "Scooped":1.282578, "Total":21.930235 }
{ "timestamp":"2017-02-22T22:30:51Z", "event":"FSDJump", "StarSystem":"Ceti Sector IR-W c1-15", "StarPos":[13.000,-148.563,-16.094], "SystemAllegiance":"", "SystemEconomy":"$economy_None;", "SystemEconomy_Localised":"None", "SystemGovernment":"$government_None;", "SystemGovernment_Localised":"None", "SystemSecurity":"$SYSTEM_SECURITY_low;", "SystemSecurity_Localised":"Low Security", "JumpDist":30.928, "FuelUsed":3.673301, "FuelLevel":18.256935 }
{ "timestamp":"2017-02-22T22:31:24Z", "event":"FuelScoop", "Scooped":1.858381, "Total":20.115316 }
{ "timestamp":"2017-02-22T22:31:56Z", "event":"FSDJump", "StarSystem":"Muang", "StarPos":[17.031,-172.781,-3.469], "SystemAllegiance":"Empire", "SystemEconomy":"$economy_Extraction;", "SystemEconomy_Localised":"Extraction", "SystemGovernment":"$government_Dictatorship;", "SystemGovernment_Localised":"Dictatorship", "SystemSecurity":"$SYSTEM_SECURITY_high;", "SystemSecurity_Localised":"High Security", "JumpDist":27.608, "FuelUsed":2.755590, "FuelLevel":17.359726, "SystemFaction":"New Muang Defence Force" }
{ "timestamp":"2017-02-22T22:35:18Z", "event":"Screenshot", "Filename":"\\ED_Pictures\\HighResScreenShot_2017-02-22_22-35-18.bmp", "Width":7680, "Height":4320, "System":"Muang", "Body":"Muang 5 a" }
{ "timestamp":"2017-02-22T22:35:23Z", "event":"SupercruiseExit", "StarSystem":"Muang", "Body":"Muang 5 a", "BodyType":"Planet" }
{ "timestamp":"2017-02-22T22:35:46Z", "event":"DockingRequested", "StationName":"Broo's Legacy" }
{ "timestamp":"2017-02-22T22:35:46Z", "event":"ReceiveText", "From":"Broo's Legacy", "Message":"$DockingChatter_Neutral;", "Message_Localised":"Ensure to observe starport protocol during your visit, pilot.", "Channel":"npc" }
{ "timestamp":"2017-02-22T22:35:47Z", "event":"ReceiveText", "From":"Broo's Legacy", "Message":"$STATION_docking_granted;", "Message_Localised":"Docking request granted.", "Channel":"npc" }
{ "timestamp":"2017-02-22T22:35:47Z", "event":"DockingGranted", "LandingPad":7, "StationName":"Broo's Legacy" }
{ "timestamp":"2017-02-22T22:35:49Z", "event":"ReceiveText", "From":"Broo's Legacy", "Message":"$STATION_NoFireZone_entered;", "Message_Localised":"No fire zone entered.", "Channel":"npc" }
{ "timestamp":"2017-02-22T22:36:43Z", "event":"Docked", "StationName":"Broo's Legacy", "StarSystem":"Muang", "StationFaction":"Broo Tarquin", "StationGovernment":"$government_Engineer;", "StationGovernment_Localised":"Workshop", "StationAllegiance":"Empire", "StationEconomy":"$economy_Colony;", "StationEconomy_Localised":"Colony" }
{ "timestamp":"2017-02-22T22:37:09Z", "event":"RefuelAll", "Cost":745, "Amount":14.879468 }
{ "timestamp":"2017-02-22T22:37:48Z", "event":"Undocked", "StationName":"Broo's Legacy" }
{ "timestamp":"2017-02-22T22:38:20Z", "event":"ReceiveText", "From":"Broo's Legacy", "Message":"$STATION_NoFireZone_exited;", "Message_Localised":"No fire zone left.", "Channel":"npc" }
{ "timestamp":"2017-02-22T22:38:44Z", "event":"SupercruiseEntry", "StarSystem":"Muang" }
{ "timestamp":"2017-02-22T22:40:55Z", "event":"FSDJump", "StarSystem":"Macat", "StarPos":[19.031,-145.125,-24.531], "SystemAllegiance":"Independent", "SystemEconomy":"$economy_Colony;", "SystemEconomy_Localised":"Colony", "SystemGovernment":"$government_Cooperative;", "SystemGovernment_Localised":"Cooperative", "SystemSecurity":"$SYSTEM_SECURITY_medium;", "SystemSecurity_Localised":"Medium Security", "JumpDist":34.821, "FuelUsed":4.915069, "FuelLevel":27.084930, "SystemFaction":"Macat as one", "FactionState":"Retreat" }
{ "timestamp":"2017-02-22T22:41:22Z", "event":"FuelScoop", "Scooped":0.998940, "Total":28.083870 }
{ "timestamp":"2017-02-22T22:41:45Z", "event":"FSDJump", "StarSystem":"Ceti Sector IM-V b2-0", "StarPos":[8.000,-114.938,-31.656], "SystemAllegiance":"", "SystemEconomy":"$economy_None;", "SystemEconomy_Localised":"None", "SystemGovernment":"$government_None;", "SystemGovernment_Localised":"None", "SystemSecurity":"$SYSTEM_SECURITY_low;", "SystemSecurity_Localised":"Low Security", "JumpDist":32.920, "FuelUsed":4.196312, "FuelLevel":23.887558 }
{ "timestamp":"2017-02-22T22:42:16Z", "event":"FuelScoop", "Scooped":1.596128, "Total":25.483686 }
{ "timestamp":"2017-02-22T22:42:43Z", "event":"FSDJump", "StarSystem":"BD-15 447", "StarPos":[8.000,-81.250,-40.125], "SystemAllegiance":"Empire", "SystemEconomy":"$economy_Industrial;", "SystemEconomy_Localised":"Industrial", "SystemGovernment":"$government_Corporate;", "SystemGovernment_Localised":"Corporate", "SystemSecurity":"$SYSTEM_SECURITY_high;", "SystemSecurity_Localised":"High Security", "JumpDist":34.736, "FuelUsed":4.717076, "FuelLevel":20.766611, "SystemFaction":"East India Company", "FactionState":"Expansion" }
{ "timestamp":"2017-02-22T22:43:20Z", "event":"FuelScoop", "Scooped":2.032829, "Total":22.799440 }
{ "timestamp":"2017-02-22T22:44:10Z", "event":"FSDJump", "StarSystem":"94 Ceti", "StarPos":[1.656,-53.656,-50.469], "SystemAllegiance":"", "SystemEconomy":"$economy_None;", "SystemEconomy_Localised":"None", "SystemGovernment":"$government_None;", "SystemGovernment_Localised":"None", "SystemSecurity":"$SYSTEM_SECURITY_low;", "SystemSecurity_Localised":"Low Security", "JumpDist":30.144, "FuelUsed":3.288018, "FuelLevel":19.511421 }
{ "timestamp":"2017-02-22T22:44:38Z", "event":"HeatWarning" }
{ "timestamp":"2017-02-22T22:44:49Z", "event":"FuelScoop", "Scooped":-0.069159, "Total":19.442263 }
{ "timestamp":"2017-02-22T22:45:04Z", "event":"FSDJump", "StarSystem":"Fujin", "StarPos":[-6.031,-30.375,-59.031], "SystemAllegiance":"Federation", "SystemEconomy":"$economy_Agri;", "SystemEconomy_Localised":"Agriculture", "SystemGovernment":"$government_Corporate;", "SystemGovernment_Localised":"Corporate", "SystemSecurity":"$SYSTEM_SECURITY_low;", "SystemSecurity_Localised":"Low Security", "JumpDist":25.970, "FuelUsed":2.260917, "FuelLevel":19.442263, "SystemFaction":"Fujin Gold General Organisation" }
{ "timestamp":"2017-02-22T22:47:28Z", "event":"SupercruiseExit", "StarSystem":"Fujin", "Body":"Futen Spaceport", "BodyType":"Station" }
{ "timestamp":"2017-02-22T22:47:38Z", "event":"DockingRequested", "StationName":"Futen Spaceport" }
{ "timestamp":"2017-02-22T22:47:38Z", "event":"ReceiveText", "From":"Futen Spaceport", "Message":"$DockingChatter_Neutral;", "Message_Localised":"Ensure to observe starport protocol during your visit, pilot.", "Channel":"npc" }
{ "timestamp":"2017-02-22T22:47:40Z", "event":"ReceiveText", "From":"Futen Spaceport", "Message":"$STATION_docking_granted;", "Message_Localised":"Docking request granted.", "Channel":"npc" }
{ "timestamp":"2017-02-22T22:47:40Z", "event":"DockingGranted", "LandingPad":3, "StationName":"Futen Spaceport" }
{ "timestamp":"2017-02-22T22:47:47Z", "event":"ReceiveText", "From":"Futen Spaceport", "Message":"$STATION_NoFireZone_entered;", "Message_Localised":"No fire zone entered.", "Channel":"npc" }
{ "timestamp":"2017-02-22T22:48:28Z", "event":"Docked", "StationName":"Futen Spaceport", "StationType":"Coriolis", "StarSystem":"Fujin", "StationFaction":"Fujin Gold General Organisation", "StationGovernment":"$government_Corporate;", "StationGovernment_Localised":"Corporate", "StationAllegiance":"Federation", "StationEconomy":"$economy_Agri;", "StationEconomy_Localised":"Agriculture" }
{ "timestamp":"2017-02-22T22:48:36Z", "event":"RefuelAll", "Cost":641, "Amount":12.815316 }
{ "timestamp":"2017-02-22T22:48:43Z", "event":"MarketBuy", "Type":"fujintea", "Count":10, "BuyPrice":992, "TotalCost":9920 }
{ "timestamp":"2017-02-22T22:48:56Z", "event":"PayFines", "Amount":400 }
{ "timestamp":"2017-02-22T22:49:48Z", "event":"Undocked", "StationName":"Futen Spaceport", "StationType":"Coriolis" }
{ "timestamp":"2017-02-22T22:51:13Z", "event":"ReceiveText", "From":"Futen Spaceport", "Message":"$STATION_NoFireZone_exited;", "Message_Localised":"No fire zone left.", "Channel":"npc" }
{ "timestamp":"2017-02-22T22:52:15Z", "event":"FSDJump", "StarSystem":"NLTT 8084", "StarPos":[-11.000,-60.688,-44.188], "SystemAllegiance":"Federation", "SystemEconomy":"$economy_Industrial;", "SystemEconomy_Localised":"Industrial", "SystemGovernment":"$government_Corporate;", "SystemGovernment_Localised":"Corporate", "SystemSecurity":"$SYSTEM_SECURITY_medium;", "SystemSecurity_Localised":"Medium Security", "JumpDist":34.116, "FuelUsed":4.922937, "FuelLevel":27.077063, "SystemFaction":"NLTT 8084 Natural Services", "FactionState":"Expansion" }
{ "timestamp":"2017-02-22T22:52:44Z", "event":"FuelScoop", "Scooped":1.196674, "Total":28.273737 }
{ "timestamp":"2017-02-22T22:53:10Z", "event":"FSDJump", "StarSystem":"Piscium Sector PX-U b2-0", "StarPos":[-2.625,-92.438,-34.688], "SystemAllegiance":"", "SystemEconomy":"$economy_None;", "SystemEconomy_Localised":"None", "SystemGovernment":"$government_None;", "SystemGovernment_Localised":"None", "SystemSecurity":"$SYSTEM_SECURITY_low;", "SystemSecurity_Localised":"Low Security", "JumpDist":34.183, "FuelUsed":4.852721, "FuelLevel":23.421017 }
{ "timestamp":"2017-02-22T22:53:38Z", "event":"FuelScoop", "Scooped":1.092815, "Total":24.513832 }
{ "timestamp":"2017-02-22T22:54:18Z", "event":"FSDJump", "StarSystem":"Majhwala", "StarPos":[0.781,-122.500,-27.406], "SystemAllegiance":"Empire", "SystemEconomy":"$economy_Colony;", "SystemEconomy_Localised":"Colony", "SystemGovernment":"$government_Dictatorship;", "SystemGovernment_Localised":"Dictatorship", "SystemSecurity":"$SYSTEM_SECURITY_medium;", "SystemSecurity_Localised":"Medium Security", "JumpDist":31.119, "FuelUsed":3.780897, "FuelLevel":20.732935, "SystemFaction":"Traditional Majhwala Law Party", "FactionState":"Boom" }
{ "timestamp":"2017-02-22T22:54:45Z", "event":"FuelScoop", "Scooped":1.160938, "Total":21.893873 }
{ "timestamp":"2017-02-22T22:55:18Z", "event":"FSDJump", "StarSystem":"Ceti Sector IR-W c1-15", "StarPos":[13.000,-148.563,-16.094], "SystemAllegiance":"", "SystemEconomy":"$economy_None;", "SystemEconomy_Localised":"None", "SystemGovernment":"$government_None;", "SystemGovernment_Localised":"None", "SystemSecurity":"$SYSTEM_SECURITY_low;", "SystemSecurity_Localised":"Low Security", "JumpDist":30.928, "FuelUsed":3.673638, "FuelLevel":18.220234 }
{ "timestamp":"2017-02-22T22:55:51Z", "event":"FuelScoop", "Scooped":1.416353, "Total":19.636587 }
{ "timestamp":"2017-02-22T22:56:17Z", "event":"FSDJump", "StarSystem":"Muang", "StarPos":[17.031,-172.781,-3.469], "SystemAllegiance":"Empire", "SystemEconomy":"$economy_Extraction;", "SystemEconomy_Localised":"Extraction", "SystemGovernment":"$government_Dictatorship;", "SystemGovernment_Localised":"Dictatorship", "SystemSecurity":"$SYSTEM_SECURITY_high;", "SystemSecurity_Localised":"High Security", "JumpDist":27.608, "FuelUsed":2.746444, "FuelLevel":16.890142, "SystemFaction":"New Muang Defence Force" }
{ "timestamp":"2017-02-22T22:59:07Z", "event":"SupercruiseExit", "StarSystem":"Muang", "Body":"Muang 5 a", "BodyType":"Planet" }
{ "timestamp":"2017-02-22T22:59:33Z", "event":"ReceiveText", "From":"Broo's Legacy", "Message":"$STATION_NoFireZone_entered;", "Message_Localised":"No fire zone entered.", "Channel":"npc" }
{ "timestamp":"2017-02-22T22:59:42Z", "event":"DockingRequested", "StationName":"Broo's Legacy" }
{ "timestamp":"2017-02-22T22:59:42Z", "event":"ReceiveText", "From":"Broo's Legacy", "Message":"$DockingChatter_Neutral;", "Message_Localised":"Ensure to observe starport protocol during your visit, pilot.", "Channel":"npc" }
{ "timestamp":"2017-02-22T22:59:43Z", "event":"ReceiveText", "From":"Broo's Legacy", "Message":"$STATION_docking_granted;", "Message_Localised":"Docking request granted.", "Channel":"npc" }
{ "timestamp":"2017-02-22T22:59:43Z", "event":"DockingGranted", "LandingPad":4, "StationName":"Broo's Legacy" }
{ "timestamp":"2017-02-22T23:00:46Z", "event":"Docked", "StationName":"Broo's Legacy", "StarSystem":"Muang", "StationFaction":"Broo Tarquin", "StationGovernment":"$government_Engineer;", "StationGovernment_Localised":"Workshop", "StationAllegiance":"Empire", "StationEconomy":"$economy_Colony;", "StationEconomy_Localised":"Colony" }
{ "timestamp":"2017-02-22T23:00:57Z", "event":"EngineerProgress", "Engineer":"Broo Tarquin", "Progress":"Unlocked", "Rank":1 }
{ "timestamp":"2017-02-22T23:01:47Z", "event":"FetchRemoteModule", "StorageSlot":59, "StoredItem":"$hpt_beamlaser_gimbal_large_name;", "StoredItem_Localised":"Beam Laser", "ServerId":128049434, "TransferCost":23574, "Ship":"asp", "ShipID":13 }
{ "timestamp":"2017-02-22T23:02:25Z", "event":"ModuleBuy", "Slot":"MediumHardpoint2", "BuyItem":"$hpt_pulselaser_gimbal_medium_name;", "BuyItem_Localised":"Pulse Laser", "BuyPrice":35400, "Ship":"asp", "ShipID":13 }
{ "timestamp":"2017-02-22T23:02:55Z", "event":"EngineerCraft", "Engineer":"Broo Tarquin", "Blueprint":"Weapon_Overcharged", "Level":1, "Ingredients":{"nickel":1 } }
{ "timestamp":"2017-02-22T23:03:05Z", "event":"EngineerApply", "Engineer":"Broo Tarquin", "Blueprint":"Weapon_Overcharged", "Level":1 }
{ "timestamp":"2017-02-22T23:03:18Z", "event":"EngineerCraft", "Engineer":"Broo Tarquin", "Blueprint":"Weapon_Efficient", "Level":1, "Ingredients":{"sulphur":1 } }
{ "timestamp":"2017-02-22T23:03:44Z", "event":"EngineerProgress", "Engineer":"Broo Tarquin", "Rank":2 }
{ "timestamp":"2017-02-22T23:03:44Z", "event":"EngineerCraft", "Engineer":"Broo Tarquin", "Blueprint":"Weapon_LightWeight", "Level":1, "Ingredients":{"phosphorus":1 } }
{ "timestamp":"2017-02-22T23:03:56Z", "event":"EngineerApply", "Engineer":"Broo Tarquin", "Blueprint":"Weapon_LightWeight", "Level":1 }
{ "timestamp":"2017-02-22T23:04:35Z", "event":"EngineerCraft", "Engineer":"Broo Tarquin", "Blueprint":"Weapon_Efficient", "Level":2, "Ingredients":{"sulphur":1, "heatdispersionplate":1 } }
{ "timestamp":"2017-02-22T23:04:39Z", "event":"EngineerApply", "Engineer":"Broo Tarquin", "Blueprint":"Weapon_Efficient", "Level":2 }
{ "timestamp":"2017-02-22T23:04:51Z", "event":"EngineerCraft", "Engineer":"Broo Tarquin", "Blueprint":"Weapon_Efficient", "Level":1, "Ingredients":{"sulphur":1 } }
{ "timestamp":"2017-02-22T23:05:11Z", "event":"EngineerCraft", "Engineer":"Broo Tarquin", "Blueprint":"Weapon_Efficient", "Level":2, "Ingredients":{"sulphur":1, "heatdispersionplate":1 } }
{ "timestamp":"2017-02-22T23:05:17Z", "event":"EngineerCraft", "Engineer":"Broo Tarquin", "Blueprint":"Weapon_Efficient", "Level":2, "Ingredients":{"sulphur":1, "heatdispersionplate":1 } }
{ "timestamp":"2017-02-22T23:05:17Z", "event":"EngineerProgress", "Engineer":"Broo Tarquin", "Rank":3 }
{ "timestamp":"2017-02-22T23:05:23Z", "event":"EngineerCraft", "Engineer":"Broo Tarquin", "Blueprint":"Weapon_Efficient", "Level":2, "Ingredients":{"sulphur":1, "heatdispersionplate":1 } }
{ "timestamp":"2017-02-22T23:06:05Z", "event":"EngineerCraft", "Engineer":"Broo Tarquin", "Blueprint":"Weapon_Focused", "Level":3, "Ingredients":{"iron":1, "chromium":1, "conductiveceramics":1 } }
{ "timestamp":"2017-02-22T23:06:17Z", "event":"EngineerApply", "Engineer":"Broo Tarquin", "Blueprint":"Weapon_Focused", "Level":3 }
{ "timestamp":"2017-02-22T23:06:51Z", "event":"Undocked", "StationName":"Broo's Legacy" }
{ "timestamp":"2017-02-22T23:07:16Z", "event":"ReceiveText", "From":"Broo's Legacy", "Message":"$STATION_NoFireZone_exited;", "Message_Localised":"No fire zone left.", "Channel":"npc" }
{ "timestamp":"2017-02-22T23:07:28Z", "event":"SupercruiseEntry", "StarSystem":"Muang" }
{ "timestamp":"2017-02-22T23:08:02Z", "event":"SupercruiseExit", "StarSystem":"Muang", "Body":"Muang 5 a", "BodyType":"Planet" }
{ "timestamp":"2017-02-22T23:08:28Z", "event":"SupercruiseEntry", "StarSystem":"Muang" }
{ "timestamp":"2017-02-22T23:11:51Z", "event":"SupercruiseExit", "StarSystem":"Muang", "Body":"Al-Khujandi Enterprise", "BodyType":"Station" }
{ "timestamp":"2017-02-22T23:12:04Z", "event":"DockingRequested", "StationName":"Al-Khujandi Enterprise" }
{ "timestamp":"2017-02-22T23:12:04Z", "event":"ReceiveText", "From":"Al-Khujandi Enterprise", "Message":"$DockingChatter_Neutral;", "Message_Localised":"Ensure to observe starport protocol during your visit, pilot.", "Channel":"npc" }
{ "timestamp":"2017-02-22T23:12:05Z", "event":"ReceiveText", "From":"Al-Khujandi Enterprise", "Message":"$STATION_docking_granted;", "Message_Localised":"Docking request granted.", "Channel":"npc" }
{ "timestamp":"2017-02-22T23:12:05Z", "event":"DockingGranted", "LandingPad":15, "StationName":"Al-Khujandi Enterprise" }
{ "timestamp":"2017-02-22T23:12:09Z", "event":"ReceiveText", "From":"Al-Khujandi Enterprise", "Message":"$STATION_NoFireZone_entered;", "Message_Localised":"No fire zone entered.", "Channel":"npc" }
{ "timestamp":"2017-02-22T23:12:50Z", "event":"Docked", "StationName":"Al-Khujandi Enterprise", "StationType":"Coriolis", "StarSystem":"Muang", "StationFaction":"New Muang Defence Force", "StationGovernment":"$government_Dictatorship;", "StationGovernment_Localised":"Dictatorship", "StationAllegiance":"Empire", "StationEconomy":"$economy_Extraction;", "StationEconomy_Localised":"Extraction" }
{ "timestamp":"2017-02-22T23:14:08Z", "event":"ShipyardTransfer", "ShipType":"Python", "ShipID":16, "System":"Kamitra", "Distance":69.109428, "TransferPrice":261900 }
{ "timestamp":"2017-02-22T23:14:13Z", "event":"RefuelAll", "Cost":776, "Amount":15.504535 }
{ "timestamp":"2017-02-22T23:14:48Z", "event":"SellExplorationData", "Systems":[ "Ceti Sector IM-V b2-0", "Piscium Sector PX-U b2-0", "94 Ceti", "Ceti Sector IR-W c1-15", "Majhwala", "Macat" ], "Discovered":[  ], "BaseValue":30551, "Bonus":0 }
