{ "timestamp":"2017-01-04T19:50:34Z", "event":"Fileheader", "part":1, "language":"English\\UK", "gameversion":"2.2", "build":"r126898/r0 " }
{ "timestamp":"2017-01-04T19:52:03Z", "event":"LoadGame", "Commander":"Coccolithophore", "Ship":"Vulture", "ShipID":5, "GameMode":"Solo", "Credits":44377549, "Loan":0 }
{ "timestamp":"2017-01-04T19:52:03Z", "event":"Rank", "Combat":3, "Trade":2, "Explore":3, "Empire":0, "Federation":0, "CQC":0 }
{ "timestamp":"2017-01-04T19:52:03Z", "event":"Progress", "Combat":11, "Trade":85, "Explore":93, "Empire":0, "Federation":80, "CQC":0 }
{ "timestamp":"2017-01-04T19:52:37Z", "event":"Location", "Docked":true, "StationName":"Hand Ring", "StationType":"Coriolis", "StarSystem":"Ho Hsi", "StarPos":[-0.438,-11.469,61.281], "SystemAllegiance":"Independent", "SystemEconomy":"$economy_HighTech;", "SystemEconomy_Localised":"High tech", "SystemGovernment":"$government_Dictatorship;", "SystemGovernment_Localised":"Dictatorship", "SystemSecurity":"$SYSTEM_SECURITY_high;", "SystemSecurity_Localised":"High Security", "Body":"Hand Ring", "BodyType":"Station", "SystemFaction":"United Ho Hsi Regulatory State" }
{ "timestamp":"2017-01-04T19:52:37Z", "event":"Docked", "StationName":"Hand Ring", "StationType":"Coriolis", "StarSystem":"Ho Hsi", "StationFaction":"United Ho Hsi Regulatory State", "StationGovernment":"$government_Dictatorship;", "StationGovernment_Localised":"Dictatorship", "StationEconomy":"$economy_HighTech;", "StationEconomy_Localised":"High tech" }
{ "timestamp":"2017-01-04T19:56:52Z", "event":"ModuleBuy", "Slot":"Slot03_Size2", "BuyItem":"$int_fsdinterdictor_size2_class1_name;", "BuyItem_Localised":"FSD Interdictor", "BuyPrice":33600, "Ship":"vulture", "ShipID":5 }
{ "timestamp":"2017-01-04T19:56:52Z", "event":"ShieldState", "ShieldsUp":false }
{ "timestamp":"2017-01-04T19:57:25Z", "event":"ModuleBuy", "Slot":"Radar", "SellItem":"$int_sensors_size4_class2_name;", "SellItem_Localised":"Sensors", "SellPrice":28373, "BuyItem":"$int_sensors_size4_class1_name;", "BuyItem_Localised":"Sensors", "BuyPrice":11349, "Ship":"vulture", "ShipID":5 }
{ "timestamp":"2017-01-04T19:57:39Z", "event":"ModuleBuy", "Slot":"TinyHardpoint2", "SellItem":"$hpt_shieldbooster_size0_class5_name;", "SellItem_Localised":"Shield Booster", "SellPrice":281000, "BuyItem":"$hpt_shieldbooster_size0_class2_name;", "BuyItem_Localised":"Shield Booster", "BuyPrice":23000, "Ship":"vulture", "ShipID":5 }
{ "timestamp":"2017-01-04T19:57:48Z", "event":"ShieldState", "ShieldsUp":true }
{ "timestamp":"2017-01-04T19:58:21Z", "event":"Undocked", "StationName":"Hand Ring", "StationType":"Coriolis" }
{ "timestamp":"2017-01-04T19:58:44Z", "event":"ReceiveText", "From":"Hand Ring", "Message":"$STATION_NoFireZone_exited;", "Message_Localised":"No fire zone left.", "Channel":"npc" }
{ "timestamp":"2017-01-04T19:59:26Z", "event":"FSDJump", "StarSystem":"Alrai Sector DL-Y d97", "StarPos":[9.375,-8.156,70.844], "SystemAllegiance":"", "SystemEconomy":"$economy_None;", "SystemEconomy_Localised":"None", "SystemGovernment":"$government_None;", "SystemGovernment_Localised":"None", "SystemSecurity":"$SYSTEM_SECURITY_low;", "SystemSecurity_Localised":"Low Security", "JumpDist":14.096, "FuelUsed":2.248398, "FuelLevel":5.751602 }
{ "timestamp":"2017-01-04T20:00:27Z", "event":"FSDJump", "StarSystem":"Eta Scorpii", "StarPos":[19.344,-3.688,70.781], "SystemAllegiance":"Independent", "SystemEconomy":"$economy_Industrial;", "SystemEconomy_Localised":"Industrial", "SystemGovernment":"$government_Anarchy;", "SystemGovernment_Localised":"Anarchy", "SystemSecurity":"$GALAXY_MAP_INFO_state_lawless;", "SystemSecurity_Localised":"Lawless", "JumpDist":10.925, "FuelUsed":1.233319, "FuelLevel":4.518283, "SystemFaction":"Eta Scorpii Silver Clan", "FactionState":"Boom" }
{ "timestamp":"2017-01-04T20:01:30Z", "event":"ReceiveText", "From":"$npc_name_decorate:#name=Super-Concon;", "From_Localised":"Super-Concon", "Message":"$Pirate_StartInterdiction05;", "Message_Localised":"You have something that I want.", "Channel":"npc" }
{ "timestamp":"2017-01-04T20:01:36Z", "event":"Interdicted", "Submitted":true, "Interdictor":"Super-Concon", "IsPlayer":false, "Faction":"Eta Scorpii Silver Clan" }
{ "timestamp":"2017-01-04T20:01:37Z", "event":"SupercruiseExit", "StarSystem":"Eta Scorpii", "Body":"Eta Scorpii AB", "BodyType":"Null" }
{ "timestamp":"2017-01-04T20:01:38Z", "event":"ReceiveText", "From":"$npc_name_decorate:#name=Super-Concon;", "From_Localised":"Super-Concon", "Message":"$Pirate_OnDeclarePiracyThreaten06;", "Message_Localised":"I want it - I want it all!", "Channel":"npc" }
{ "timestamp":"2017-01-04T20:03:10Z", "event":"ShieldState", "ShieldsUp":false }
{ "timestamp":"2017-01-04T20:03:13Z", "event":"HullDamage", "Health":0.771880 }
{ "timestamp":"2017-01-04T20:03:23Z", "event":"HullDamage", "Health":0.579694 }
{ "timestamp":"2017-01-04T20:03:38Z", "event":"SupercruiseEntry", "StarSystem":"Eta Scorpii" }
{ "timestamp":"2017-01-04T20:07:22Z", "event":"ReceiveText", "From":"$npc_name_decorate:#name=D'Argo Sun-Crichton;", "From_Localised":"D'Argo Sun-Crichton", "Message":"$Pirate_StartInterdiction04;", "Message_Localised":"Prepare yourself!", "Channel":"npc" }
{ "timestamp":"2017-01-04T20:07:53Z", "event":"Interdicted", "Submitted":true, "Interdictor":"D'Argo Sun-Crichton", "IsPlayer":false, "Faction":"Eta Scorpii Silver Clan" }
{ "timestamp":"2017-01-04T20:07:55Z", "event":"SupercruiseExit", "StarSystem":"Eta Scorpii", "Body":"Eta Scorpii AB", "BodyType":"Null" }
{ "timestamp":"2017-01-04T20:07:57Z", "event":"ReceiveText", "From":"$npc_name_decorate:#name=D'Argo Sun-Crichton;", "From_Localised":"D'Argo Sun-Crichton", "Message":"$Pirate_OnDeclarePiracyThreaten11;", "Message_Localised":"You have a choice to make - stay wealthy or stay alive.", "Channel":"npc" }
{ "timestamp":"2017-01-04T20:08:15Z", "event":"ReceiveText", "From":"$npc_name_decorate:#name=D'Argo Sun-Crichton;", "From_Localised":"D'Argo Sun-Crichton", "Message":"$Pirate_OnDeclarePiracyAttack10;", "Message_Localised":"Die now, wretch!", "Channel":"npc" }
{ "timestamp":"2017-01-04T20:08:54Z", "event":"Bounty", "TotalReward":0, "VictimFaction":"Eta Scorpii Silver Clan" }
{ "timestamp":"2017-01-04T20:09:43Z", "event":"FSDJump", "StarSystem":"LTT 7138", "StarPos":[10.656,-9.281,59.875], "SystemAllegiance":"Federation", "SystemEconomy":"$economy_Industrial;", "SystemEconomy_Localised":"Industrial", "SystemGovernment":"$government_Corporate;", "SystemGovernment_Localised":"Corporate", "SystemSecurity":"$SYSTEM_SECURITY_high;", "SystemSecurity_Localised":"High Security", "JumpDist":15.024, "FuelUsed":2.546160, "FuelLevel":1.972123, "SystemFaction":"LTT 7138 Advanced Limited" }
{ "timestamp":"2017-01-04T20:17:38Z", "event":"SupercruiseExit", "StarSystem":"LTT 7138", "Body":"Buffett Station", "BodyType":"Station" }
{ "timestamp":"2017-01-04T20:19:20Z", "event":"MaterialDiscovered", "Category":"Encoded", "Name":"disruptedwakeechoes", "DiscoveryNumber":12 }
{ "timestamp":"2017-01-04T20:19:20Z", "event":"MaterialCollected", "Category":"Encoded", "Name":"disruptedwakeechoes", "Count":3 }
{ "timestamp":"2017-01-04T20:22:08Z", "event":"DockingRequested", "StationName":"Buffett Station" }
{ "timestamp":"2017-01-04T20:22:08Z", "event":"ReceiveText", "From":"Buffett Station", "Message":"$DockingChatter_Neutral;", "Message_Localised":"Ensure to observe starport protocol during your visit, pilot.", "Channel":"npc" }
{ "timestamp":"2017-01-04T20:22:10Z", "event":"ReceiveText", "From":"Buffett Station", "Message":"$STATION_docking_granted;", "Message_Localised":"Docking request granted.", "Channel":"npc" }
{ "timestamp":"2017-01-04T20:22:10Z", "event":"DockingGranted", "LandingPad":2, "StationName":"Buffett Station" }
{ "timestamp":"2017-01-04T20:22:12Z", "event":"ReceiveText", "From":"Buffett Station", "Message":"$STATION_NoFireZone_entered_deployed;", "Message_Localised":"No fire zone entered, please stow your weapons.", "Channel":"npc" }
{ "timestamp":"2017-01-04T20:22:55Z", "event":"Docked", "StationName":"Buffett Station", "StationType":"Outpost", "StarSystem":"LTT 7138", "StationFaction":"LTT 7138 Advanced Limited", "StationGovernment":"$government_Corporate;", "StationGovernment_Localised":"Corporate", "StationAllegiance":"Federation", "StationEconomy":"$economy_Industrial;", "StationEconomy_Localised":"Industrial" }
{ "timestamp":"2017-01-04T20:23:02Z", "event":"BuyAmmo", "Cost":798 }
{ "timestamp":"2017-01-04T20:23:02Z", "event":"RepairAll", "Cost":3297 }
{ "timestamp":"2017-01-04T20:23:03Z", "event":"RefuelAll", "Cost":331, "Amount":6.613657 }
