{ "timestamp":"2016-12-21T16:47:53Z", "event":"Fileheader", "part":1, "language":"English\\UK", "gameversion":"2.2", "build":"r126898/r0 " }
{ "timestamp":"2016-12-21T16:48:40Z", "event":"LoadGame", "Commander":"Coccolithophore", "Ship":"Asp", "ShipID":2, "GameMode":"Solo", "Credits":4887336, "Loan":0 }
{ "timestamp":"2016-12-21T16:48:40Z", "event":"Rank", "Combat":2, "Trade":2, "Explore":2, "Empire":0, "Federation":0, "CQC":0 }
{ "timestamp":"2016-12-21T16:48:40Z", "event":"Progress", "Combat":44, "Trade":83, "Explore":33, "Empire":0, "Federation":56, "CQC":0 }
{ "timestamp":"2016-12-21T16:49:13Z", "event":"Location", "Docked":true, "StationName":"Whitson Orbital", "StationType":"Orbis", "StarSystem":"LP 339-7", "StarPos":[-70.063,-8.281,27.906], "SystemAllegiance":"Federation", "SystemEconomy":"$economy_Agri;", "SystemEconomy_Localised":"Agriculture", "SystemGovernment":"$government_Corporate;", "SystemGovernment_Localised":"Corporate", "SystemSecurity":"$SYSTEM_SECURITY_high;", "SystemSecurity_Localised":"High Security", "Body":"Whitson Orbital", "BodyType":"Station", "SystemFaction":"Starship Enterprises", "FactionState":"Boom" }
{ "timestamp":"2016-12-21T16:49:14Z", "event":"Docked", "StationName":"Whitson Orbital", "StationType":"Orbis", "StarSystem":"LP 339-7", "StationFaction":"Starship Enterprises", "FactionState":"Boom", "StationGovernment":"$government_Corporate;", "StationGovernment_Localised":"Corporate", "StationAllegiance":"Federation", "StationEconomy":"$economy_Agri;", "StationEconomy_Localised":"Agriculture" }
{ "timestamp":"2016-12-21T16:49:30Z", "event":"RefuelAll", "Cost":180, "Amount":3.571706 }
{ "timestamp":"2016-12-21T16:52:22Z", "event":"ModuleBuy", "Slot":"PowerPlant", "SellItem":"$int_powerplant_size4_class2_name;", "SellItem_Localised":"Power Plant", "SellPrice":50689, "BuyItem":"$int_powerplant_size4_class4_name;", "BuyItem_Localised":"Power Plant", "BuyPrice":536693, "Ship":"asp", "ShipID":2 }
{ "timestamp":"2016-12-21T16:52:23Z", "event":"ShieldState", "ShieldsUp":false }
{ "timestamp":"2016-12-21T16:52:27Z", "event":"ShieldState", "ShieldsUp":true }
{ "timestamp":"2016-12-21T16:58:51Z", "event":"ModuleStore", "Slot":"MediumHardpoint1", "StoredItem":"$hpt_dumbfiremissilerack_fixed_medium_name;", "StoredItem_Localised":"Missile Rack", "Ship":"asp", "ShipID":2 }
{ "timestamp":"2016-12-21T16:59:00Z", "event":"ModuleStore", "Slot":"MediumHardpoint2", "StoredItem":"$hpt_dumbfiremissilerack_fixed_medium_name;", "StoredItem_Localised":"Missile Rack", "Ship":"asp", "ShipID":2 }
{ "timestamp":"2016-12-21T17:00:05Z", "event":"ModuleBuy", "Slot":"PowerPlant", "SellItem":"$int_powerplant_size4_class4_name;", "SellItem_Localised":"Power Plant", "SellPrice":536693, "BuyItem":"$int_powerplant_size4_class2_name;", "BuyItem_Localised":"Power Plant", "BuyPrice":50689, "Ship":"asp", "ShipID":2 }
{ "timestamp":"2016-12-21T17:00:06Z", "event":"ShieldState", "ShieldsUp":false }
{ "timestamp":"2016-12-21T17:00:10Z", "event":"ShieldState", "ShieldsUp":true }
{ "timestamp":"2016-12-21T17:00:20Z", "event":"ModuleSell", "Slot":"Slot01_Size6", "SellItem":"$int_passengercabin_size6_class2_name;", "SellItem_Localised":"BC Passenger Cabin", "SellPrice":156598, "Ship":"asp", "ShipID":2 }
{ "timestamp":"2016-12-21T17:00:28Z", "event":"ModuleSell", "Slot":"Slot03_Size3", "SellItem":"$int_fuelscoop_size3_class5_name;", "SellItem_Localised":"Fuel Scoop", "SellPrice":767511, "Ship":"asp", "ShipID":2 }
{ "timestamp":"2016-12-21T17:00:43Z", "event":"ModuleBuy", "Slot":"Slot01_Size6", "BuyItem":"$int_fuelscoop_size6_class3_name;", "BuyItem_Localised":"Fuel Scoop", "BuyPrice":1797726, "Ship":"asp", "ShipID":2 }
{ "timestamp":"2016-12-21T17:01:02Z", "event":"ModuleSell", "Slot":"Slot04_Size3", "SellItem":"$int_passengercabin_size3_class1_name;", "SellItem_Localised":"EC Passenger Cabin", "SellPrice":7359, "Ship":"asp", "ShipID":2 }
{ "timestamp":"2016-12-21T17:01:05Z", "event":"ModuleSell", "Slot":"Slot05_Size3", "SellItem":"$int_passengercabin_size3_class1_name;", "SellItem_Localised":"EC Passenger Cabin", "SellPrice":7359, "Ship":"asp", "ShipID":2 }
{ "timestamp":"2016-12-21T17:01:42Z", "event":"ModuleSellRemote", "StorageSlot":54, "SellItem":"$int_fuelscoop_size5_class4_name;", "SellItem_Localised":"Fuel Scoop", "ServerId":128666672, "SellPrice":2268424, "Ship":"asp", "ShipID":2 }
{ "timestamp":"2016-12-21T17:02:08Z", "event":"ModuleBuy", "Slot":"Slot07_Size2", "SellItem":"$int_stellarbodydiscoveryscanner_standard_name;", "SellItem_Localised":"D - Scanner", "SellPrice":850, "BuyItem":"$int_stellarbodydiscoveryscanner_advanced_name;", "BuyItem_Localised":"D - Scanner", "BuyPrice":1545000, "Ship":"asp", "ShipID":2 }
{ "timestamp":"2016-12-21T17:02:19Z", "event":"ModuleBuy", "Slot":"Slot03_Size3", "BuyItem":"$int_cargorack_size3_class1_name;", "BuyItem_Localised":"Cargo Rack", "BuyPrice":10563, "Ship":"asp", "ShipID":2 }
{ "timestamp":"2016-12-21T17:02:32Z", "event":"ModuleBuy", "Slot":"Slot04_Size3", "BuyItem":"$int_fueltank_size3_class3_name;", "BuyItem_Localised":"Fuel Tank", "BuyPrice":7063, "Ship":"asp", "ShipID":2 }
{ "timestamp":"2016-12-21T17:02:39Z", "event":"RefuelAll", "Cost":400, "Amount":8.000000 }
{ "timestamp":"2016-12-21T17:04:40Z", "event":"Undocked", "StationName":"Whitson Orbital", "StationType":"Orbis" }
{ "timestamp":"2016-12-21T17:05:54Z", "event":"ReceiveText", "From":"Whitson Orbital", "Message":"$STATION_NoFireZone_exited;", "Message_Localised":"No fire zone left.", "Channel":"npc" }
{ "timestamp":"2016-12-21T17:06:23Z", "event":"FSDJump", "StarSystem":"Saraj", "StarPos":[-82.281,11.375,32.063], "SystemAllegiance":"Federation", "SystemEconomy":"$economy_Refinery;", "SystemEconomy_Localised":"Refinery", "SystemGovernment":"$government_Corporate;", "SystemGovernment_Localised":"Corporate", "SystemSecurity":"$SYSTEM_SECURITY_low;", "SystemSecurity_Localised":"Low Security", "JumpDist":23.515, "FuelUsed":3.242105, "FuelLevel":36.757896, "SystemFaction":"Saraj Systems" }
{ "timestamp":"2016-12-21T17:06:53Z", "event":"FuelScoop", "Scooped":3.242104, "Total":40.000000 }
{ "timestamp":"2016-12-21T17:07:27Z", "event":"FSDJump", "StarSystem":"Alrai Sector BG-X b1-4", "StarPos":[-101.219,26.000,39.125], "SystemAllegiance":"", "SystemEconomy":"$economy_None;", "SystemEconomy_Localised":"None", "SystemGovernment":"$government_None;", "SystemGovernment_Localised":"None", "SystemSecurity":"$SYSTEM_SECURITY_low;", "SystemSecurity_Localised":"Low Security", "JumpDist":24.948, "FuelUsed":3.747403, "FuelLevel":36.252598 }
{ "timestamp":"2016-12-21T17:07:57Z", "event":"FuelScoop", "Scooped":3.747402, "Total":40.000000 }
{ "timestamp":"2016-12-21T17:08:30Z", "event":"FSDJump", "StarSystem":"HIP 93427", "StarPos":[-124.000,36.250,40.094], "SystemAllegiance":"Federation", "SystemEconomy":"$economy_Extraction;", "SystemEconomy_Localised":"Extraction", "SystemGovernment":"$government_Democracy;", "SystemGovernment_Localised":"Democracy", "SystemSecurity":"$SYSTEM_SECURITY_medium;", "SystemSecurity_Localised":"Medium Security", "JumpDist":25.000, "FuelUsed":3.766868, "FuelLevel":36.233131, "SystemFaction":"HIP 93427 Republic Party", "FactionState":"Famine" }
{ "timestamp":"2016-12-21T17:08:58Z", "event":"FuelScoop", "Scooped":3.118862, "Total":39.351994 }
{ "timestamp":"2016-12-21T17:09:32Z", "event":"FSDJump", "StarSystem":"Col 285 Sector IU-T b18-2", "StarPos":[-143.406,52.344,35.875], "SystemAllegiance":"", "SystemEconomy":"$economy_None;", "SystemEconomy_Localised":"None", "SystemGovernment":"$government_None;", "SystemGovernment_Localised":"None", "SystemSecurity":"$SYSTEM_SECURITY_low;", "SystemSecurity_Localised":"Low Security", "JumpDist":25.562, "FuelUsed":3.961743, "FuelLevel":35.390251 }
{ "timestamp":"2016-12-21T17:10:03Z", "event":"FuelScoop", "Scooped":4.609749, "Total":40.000000 }
{ "timestamp":"2016-12-21T17:10:33Z", "event":"FSDJump", "StarSystem":"Col 285 Sector BC-K c9-6", "StarPos":[-161.906,68.000,37.781], "SystemAllegiance":"Federation", "SystemEconomy":"$economy_Extraction;", "SystemEconomy_Localised":"Extraction", "SystemGovernment":"$government_Democracy;", "SystemGovernment_Localised":"Democracy", "SystemSecurity":"$SYSTEM_SECURITY_low;", "SystemSecurity_Localised":"Low Security", "JumpDist":24.311, "FuelUsed":3.517456, "FuelLevel":36.482544, "SystemFaction":"Jirani Independents" }
{ "timestamp":"2016-12-21T17:11:06Z", "event":"FuelScoop", "Scooped":3.517456, "Total":40.000000 }
{ "timestamp":"2016-12-21T17:11:34Z", "event":"FSDJump", "StarSystem":"Col 285 Sector CE-U b18-2", "StarPos":[-174.750,88.469,46.750], "SystemAllegiance":"", "SystemEconomy":"$economy_None;", "SystemEconomy_Localised":"None", "SystemGovernment":"$government_None;", "SystemGovernment_Localised":"None", "SystemSecurity":"$SYSTEM_SECURITY_low;", "SystemSecurity_Localised":"Low Security", "JumpDist":25.775, "FuelUsed":4.059429, "FuelLevel":35.940571 }
{ "timestamp":"2016-12-21T17:12:04Z", "event":"FuelScoop", "Scooped":4.059429, "Total":40.000000 }
{ "timestamp":"2016-12-21T17:12:26Z", "event":"FSDJump", "StarSystem":"Col 285 Sector ZI-U b18-1", "StarPos":[-190.000,107.156,54.406], "SystemAllegiance":"", "SystemEconomy":"$economy_None;", "SystemEconomy_Localised":"None", "SystemGovernment":"$government_None;", "SystemGovernment_Localised":"None", "SystemSecurity":"$SYSTEM_SECURITY_low;", "SystemSecurity_Localised":"Low Security", "JumpDist":25.306, "FuelUsed":3.881047, "FuelLevel":36.118954 }
{ "timestamp":"2016-12-21T17:12:57Z", "event":"FuelScoop", "Scooped":3.881046, "Total":40.000000 }
{ "timestamp":"2016-12-21T17:13:30Z", "event":"FSDJump", "StarSystem":"Col 285 Sector QJ-Q d5-83", "StarPos":[-200.031,130.344,59.594], "SystemAllegiance":"", "SystemEconomy":"$economy_None;", "SystemEconomy_Localised":"None", "SystemGovernment":"$government_None;", "SystemGovernment_Localised":"None", "SystemSecurity":"$SYSTEM_SECURITY_low;", "SystemSecurity_Localised":"Low Security", "JumpDist":25.791, "FuelUsed":4.065589, "FuelLevel":35.934410 }
{ "timestamp":"2016-12-21T17:13:58Z", "event":"FuelScoop", "Scooped":-0.993065, "Total":34.941345 }
{ "timestamp":"2016-12-21T17:14:24Z", "event":"FSDJump", "StarSystem":"Col 285 Sector US-U b18-3", "StarPos":[-218.188,145.000,48.656], "SystemAllegiance":"", "SystemEconomy":"$economy_None;", "SystemEconomy_Localised":"None", "SystemGovernment":"$government_None;", "SystemGovernment_Localised":"None", "SystemSecurity":"$SYSTEM_SECURITY_low;", "SystemSecurity_Localised":"Low Security", "JumpDist":25.770, "FuelUsed":4.004022, "FuelLevel":34.941345 }
{ "timestamp":"2016-12-21T17:14:51Z", "event":"FuelScoop", "Scooped":2.976460, "Total":37.917805 }
{ "timestamp":"2016-12-21T17:15:17Z", "event":"FSDJump", "StarSystem":"Col 285 Sector VL-K c9-5", "StarPos":[-231.219,162.656,52.875], "SystemAllegiance":"", "SystemEconomy":"$economy_None;", "SystemEconomy_Localised":"None", "SystemGovernment":"$government_None;", "SystemGovernment_Localised":"None", "SystemSecurity":"$SYSTEM_SECURITY_low;", "SystemSecurity_Localised":"Low Security", "JumpDist":22.346, "FuelUsed":2.824437, "FuelLevel":35.093369 }
{ "timestamp":"2016-12-21T17:15:50Z", "event":"FuelScoop", "Scooped":4.040352, "Total":39.133720 }
{ "timestamp":"2016-12-21T17:16:18Z", "event":"FSDJump", "StarSystem":"Col 285 Sector PC-V b18-3", "StarPos":[-240.781,181.813,43.281], "SystemAllegiance":"", "SystemEconomy":"$economy_None;", "SystemEconomy_Localised":"None", "SystemGovernment":"$government_None;", "SystemGovernment_Localised":"None", "SystemSecurity":"$SYSTEM_SECURITY_low;", "SystemSecurity_Localised":"Low Security", "JumpDist":23.462, "FuelUsed":3.206762, "FuelLevel":35.926956 }
{ "timestamp":"2016-12-21T17:16:44Z", "event":"FuelScoop", "Scooped":2.854115, "Total":38.781071 }
{ "timestamp":"2016-12-21T17:17:18Z", "event":"FSDJump", "StarSystem":"Col 285 Sector MH-V b18-1", "StarPos":[-252.469,204.313,41.219], "SystemAllegiance":"", "SystemEconomy":"$economy_None;", "SystemEconomy_Localised":"None", "SystemGovernment":"$government_None;", "SystemGovernment_Localised":"None", "SystemSecurity":"$SYSTEM_SECURITY_low;", "SystemSecurity_Localised":"Low Security", "JumpDist":25.438, "FuelUsed":3.901079, "FuelLevel":34.879993 }
{ "timestamp":"2016-12-21T17:17:46Z", "event":"FuelScoop", "Scooped":2.742893, "Total":37.622887 }
{ "timestamp":"2016-12-21T17:18:32Z", "event":"FSDJump", "StarSystem":"Col 285 Sector HN-S d4-25", "StarPos":[-262.313,227.219,42.938], "SystemAllegiance":"", "SystemEconomy":"$economy_None;", "SystemEconomy_Localised":"None", "SystemGovernment":"$government_None;", "SystemGovernment_Localised":"None", "SystemSecurity":"$SYSTEM_SECURITY_low;", "SystemSecurity_Localised":"Low Security", "JumpDist":24.991, "FuelUsed":3.708171, "FuelLevel":33.914715 }
{ "timestamp":"2016-12-21T17:19:02Z", "event":"Screenshot", "Filename":"\\ED_Pictures\\HighResScreenShot_2016-12-21_17-19-02.bmp", "Width":7680, "Height":4320, "System":"Col 285 Sector HN-S d4-25", "Body":"Col 285 Sector HN-S d4-25 AB" }
{ "timestamp":"2016-12-21T17:19:33Z", "event":"Screenshot", "Filename":"\\ED_Pictures\\HighResScreenShot_2016-12-21_17-19-32.bmp", "Width":7680, "Height":4320, "System":"Col 285 Sector HN-S d4-25", "Body":"Col 285 Sector HN-S d4-25 AB" }
{ "timestamp":"2016-12-21T17:20:04Z", "event":"FuelScoop", "Scooped":6.085285, "Total":40.000000 }
{ "timestamp":"2016-12-21T17:20:34Z", "event":"FSDJump", "StarSystem":"Col 285 Sector HR-V b18-3", "StarPos":[-284.563,237.594,38.844], "SystemAllegiance":"", "SystemEconomy":"$economy_None;", "SystemEconomy_Localised":"None", "SystemGovernment":"$government_None;", "SystemGovernment_Localised":"None", "SystemSecurity":"$SYSTEM_SECURITY_low;", "SystemSecurity_Localised":"Low Security", "JumpDist":24.889, "FuelUsed":3.725943, "FuelLevel":36.274055 }
{ "timestamp":"2016-12-21T17:20:58Z", "event":"FuelScoop", "Scooped":1.406040, "Total":37.680096 }
{ "timestamp":"2016-12-21T17:21:31Z", "event":"FSDJump", "StarSystem":"Col 285 Sector EW-V b18-2", "StarPos":[-292.281,259.719,41.344], "SystemAllegiance":"", "SystemEconomy":"$economy_None;", "SystemEconomy_Localised":"None", "SystemGovernment":"$government_None;", "SystemGovernment_Localised":"None", "SystemSecurity":"$SYSTEM_SECURITY_low;", "SystemSecurity_Localised":"Low Security", "JumpDist":23.566, "FuelUsed":3.212328, "FuelLevel":34.467770 }
{ "timestamp":"2016-12-21T17:21:56Z", "event":"FuelScoop", "Scooped":1.656105, "Total":36.123875 }
{ "timestamp":"2016-12-21T17:22:37Z", "event":"FSDJump", "StarSystem":"17 Draconis", "StarPos":[-305.750,272.219,49.500], "SystemAllegiance":"Federation", "SystemEconomy":"$economy_Military;", "SystemEconomy_Localised":"Military", "SystemGovernment":"$government_Confederacy;", "SystemGovernment_Localised":"Confederacy", "SystemSecurity":"$SYSTEM_SECURITY_medium;", "SystemSecurity_Localised":"Medium Security", "JumpDist":20.104, "FuelUsed":2.155649, "FuelLevel":33.968227, "SystemFaction":"New 17 Draconis Alliance", "FactionState":"CivilWar" }
{ "timestamp":"2016-12-21T17:25:46Z", "event":"ApproachSettlement", "Name":"Faraday Keep" }
{ "timestamp":"2016-12-21T17:25:49Z", "event":"SupercruiseExit", "StarSystem":"17 Draconis", "Body":"Limbo", "BodyType":"Planet" }
{ "timestamp":"2016-12-21T17:27:57Z", "event":"SupercruiseEntry", "StarSystem":"17 Draconis" }
{ "timestamp":"2016-12-21T17:34:05Z", "event":"SupercruiseExit", "StarSystem":"17 Draconis", "Body":"Paradiso Outpost", "BodyType":"Station" }
{ "timestamp":"2016-12-21T17:34:07Z", "event":"ReceiveText", "From":"Paradiso Outpost", "Message":"$STATION_NoFireZone_entered;", "Message_Localised":"No fire zone entered.", "Channel":"npc" }
{ "timestamp":"2016-12-21T17:34:21Z", "event":"DockingRequested", "StationName":"Paradiso Outpost" }
{ "timestamp":"2016-12-21T17:34:21Z", "event":"ReceiveText", "From":"Paradiso Outpost", "Message":"$DockingChatter_Neutral;", "Message_Localised":"Ensure to observe starport protocol during your visit, pilot.", "Channel":"npc" }
{ "timestamp":"2016-12-21T17:34:22Z", "event":"ReceiveText", "From":"Paradiso Outpost", "Message":"$STATION_docking_granted;", "Message_Localised":"Docking request granted.", "Channel":"npc" }
{ "timestamp":"2016-12-21T17:34:22Z", "event":"DockingGranted", "LandingPad":7, "StationName":"Paradiso Outpost" }
{ "timestamp":"2016-12-21T17:35:11Z", "event":"Docked", "StationName":"Paradiso Outpost", "StationType":"Orbis", "StarSystem":"17 Draconis", "StationFaction":"New 17 Draconis Alliance", "FactionState":"CivilWar", "StationGovernment":"$government_Confederacy;", "StationGovernment_Localised":"Confederacy", "StationAllegiance":"Federation", "StationEconomy":"$economy_Service;", "StationEconomy_Localised":"Service" }
{ "timestamp":"2016-12-21T17:36:05Z", "event":"SellExplorationData", "Systems":[ "HIP 93427", "LFT 1667", "LP 285-5", "Alrai Sector EB-X b1-0", "Col 285 Sector HN-S d4-25", "Col 285 Sector VL-K c9-5", "Col 285 Sector BC-K c9-6", "Tau Cygni", "Col 285 Sector QJ-Q d5-83", "Col 285 Sector MH-V b18-1", "Col 285 Sector ZI-U b18-1", "LP 284-7", "Saraj", "Col 285 Sector EW-V b18-2", "Col 285 Sector CE-U b18-2", "Col 285 Sector IU-T b18-2", "LHS 6408", "Col 285 Sector HR-V b18-3", "Col 285 Sector PC-V b18-3", "Col 285 Sector US-U b18-3", "Alrai Sector BG-X b1-4" ], "Discovered":[  ], "BaseValue":136097, "Bonus":0 }
{ "timestamp":"2016-12-21T17:38:39Z", "event":"ReceiveText", "From":"$npc_name_decorate:#name=Ollie dog;", "From_Localised":"Ollie dog", "Message":"$Commuter_AuthorityScan10;", "Message_Localised":"You'll get no trouble from me, officer.", "Channel":"npc" }
{ "timestamp":"2016-12-21T17:40:02Z", "event":"MissionAccepted", "Faction":"The Order", "Name":"Mission_Massacre_Conflict_War", "DestinationSystem":"17 Draconis", "DestinationStation":"Paradiso Outpost", "Expiry":"2016-12-22T14:49:33Z", "MissionID":61334070 }
{ "timestamp":"2016-12-21T17:40:05Z", "event":"MissionAccepted", "Faction":"The Order", "Name":"Mission_Massacre_Conflict_War", "DestinationSystem":"17 Draconis", "DestinationStation":"Paradiso Outpost", "Expiry":"2016-12-22T14:57:13Z", "MissionID":61334084 }
{ "timestamp":"2016-12-21T17:40:06Z", "event":"MissionAccepted", "Faction":"The Order", "Name":"Mission_AltruismCredits", "Expiry":"2016-12-21T21:04:47Z", "MissionID":61334091 }
{ "timestamp":"2016-12-21T17:40:08Z", "event":"MissionCompleted", "Faction":"The Order", "Name":"Mission_AltruismCredits_name", "MissionID":61334091, "Donation":300000 }
{ "timestamp":"2016-12-21T17:40:40Z", "event":"FetchRemoteModule", "StorageSlot":53, "StoredItem":"$hpt_dumbfiremissilerack_fixed_medium_name;", "StoredItem_Localised":"Missile Rack", "ServerId":128666725, "TransferCost":4907, "Ship":"asp", "ShipID":2 }
{ "timestamp":"2016-12-21T17:40:45Z", "event":"FetchRemoteModule", "StorageSlot":52, "StoredItem":"$hpt_dumbfiremissilerack_fixed_medium_name;", "StoredItem_Localised":"Missile Rack", "ServerId":128666725, "TransferCost":4907, "Ship":"asp", "ShipID":2 }
