{ "timestamp":"2016-10-29T19:44:16Z", "event":"Fileheader", "part":1, "language":"English\\UK", "gameversion":"2.2", "build":"r125374/r0 " }
{ "timestamp":"2016-10-29T19:44:56Z", "event":"LoadGame", "Commander":"Blantyre", "Ship":"Asp", "ShipID":13, "GameMode":"Solo", "Credits":26717036, "Loan":0 }
{ "timestamp":"2016-10-29T19:44:58Z", "event":"Rank", "Combat":4, "Trade":5, "Explore":4, "Empire":2, "Federation":7, "CQC":0 }
{ "timestamp":"2016-10-29T19:44:58Z", "event":"Progress", "Combat":18, "Trade":87, "Explore":28, "Empire":18, "Federation":2, "CQC":0 }
{ "timestamp":"2016-10-29T19:45:31Z", "event":"Location", "Docked":true, "StationName":"Walter Dock", "StationType":"Orbis", "StarSystem":"Gyvatices", "StarPos":[101.781,-126.406,-12.781], "Allegiance":"Empire", "Economy":"$economy_Agri;", "Economy_Localised":"Agriculture", "Government":"$government_Corporate;", "Government_Localised":"Corporate", "Security":"$SYSTEM_SECURITY_medium;", "Security_Localised":"Medium Security", "Body":"Walter Dock", "BodyType":"Station", "Faction":"Gyvatices Crimson Advanced Hldgs", "FactionState":"Boom" }
{ "timestamp":"2016-10-29T19:45:32Z", "event":"Docked", "StationName":"Walter Dock", "StationType":"Orbis", "StarSystem":"Gyvatices", "Faction":"Gyvatices Crimson Advanced Hldgs", "FactionState":"Boom", "Allegiance":"Empire", "Economy":"$economy_Agri;", "Economy_Localised":"Agriculture", "Government":"$government_Corporate;", "Government_Localised":"Corporate", "Security":"$SYSTEM_SECURITY_medium;", "Security_Localised":"Medium Security" }
{ "timestamp":"2016-10-29T19:46:14Z", "event":"ModuleBuy", "Slot":"Bobble01", "BuyItem":"$bobble_pilotmale_name;", "BuyItem_Localised":"Male Pilot", "BuyPrice":0, "Ship":"asp", "ShipID":13 }
{ "timestamp":"2016-10-29T19:53:36Z", "event":"ReceiveText", "From":"$npc_name_decorate:#name=Nibasac;", "From_Localised":"Nibasac", "Message":"$Commuter_AuthorityScan03;", "Message_Localised":"Will this take long? I’ve got a schedule to keep. ", "Channel":"npc" }
{ "timestamp":"2016-10-29T19:58:13Z", "event":"Undocked", "StationName":"Walter Dock", "StationType":"Orbis" }
{ "timestamp":"2016-10-29T19:59:10Z", "event":"ReceiveText", "From":"$npc_name_decorate:#name=Keith Linfoot;", "From_Localised":"Keith Linfoot", "Message":"$Commuter_AuthorityScan07;", "Message_Localised":"There's no need to scan me, officer. I have nothing to find.", "Channel":"npc" }
{ "timestamp":"2016-10-29T19:59:30Z", "event":"ReceiveText", "From":"Walter Dock", "Message":"$STATION_NoFireZone_exited;", "Message_Localised":"No fire zone left.", "Channel":"npc" }
{ "timestamp":"2016-10-29T20:00:05Z", "event":"FSDJump", "StarSystem":"LTT 1572", "StarPos":[81.938,-112.563,-11.344], "Allegiance":"Empire", "Economy":"$economy_Military;", "Economy_Localised":"Military", "Government":"$government_Corporate;", "Government_Localised":"Corporate", "Security":"$SYSTEM_SECURITY_medium;", "Security_Localised":"Medium Security", "JumpDist":24.238, "FuelUsed":4.623577, "FuelLevel":25.747656, "Faction":"LTT 1572 Fortune Services" }
{ "timestamp":"2016-10-29T20:03:53Z", "event":"SupercruiseExit", "StarSystem":"LTT 1572", "Body":"Young Dock", "BodyType":"Station" }
{ "timestamp":"2016-10-29T20:04:03Z", "event":"DockingRequested", "StationName":"Young Dock" }
{ "timestamp":"2016-10-29T20:04:03Z", "event":"ReceiveText", "From":"Young Dock", "Message":"$DockingChatter_Neutral;", "Message_Localised":"Ensure to observe starport protocol during your visit, pilot.", "Channel":"npc" }
{ "timestamp":"2016-10-29T20:04:04Z", "event":"ReceiveText", "From":"Young Dock", "Message":"$STATION_docking_granted;", "Message_Localised":"Docking request granted.", "Channel":"npc" }
{ "timestamp":"2016-10-29T20:04:04Z", "event":"DockingGranted", "LandingPad":3, "StationName":"Young Dock" }
{ "timestamp":"2016-10-29T20:04:14Z", "event":"ReceiveText", "From":"Young Dock", "Message":"$STATION_NoFireZone_entered;", "Message_Localised":"No fire zone entered.", "Channel":"npc" }
{ "timestamp":"2016-10-29T20:04:51Z", "event":"Docked", "StationName":"Young Dock", "StationType":"Outpost", "StarSystem":"LTT 1572", "Faction":"LTT 1572 Fortune Services", "Allegiance":"Empire", "Economy":"$economy_Military;", "Economy_Localised":"Military", "Government":"$government_Corporate;", "Government_Localised":"Corporate", "Security":"$SYSTEM_SECURITY_medium;", "Security_Localised":"Medium Security" }
{ "timestamp":"2016-10-29T20:05:58Z", "event":"ModuleBuy", "Slot":"Slot01_Size6", "SellItem":"$int_passengercabin_size6_class2_name;", "SellItem_Localised":"BC Passenger Cabin", "SellPrice":184232, "BuyItem":"$int_fuelscoop_size6_class3_name;", "BuyItem_Localised":"Fuel Scoop", "BuyPrice":1797726, "Ship":"asp", "ShipID":13 }
{ "timestamp":"2016-10-29T20:07:02Z", "event":"Undocked", "StationName":"Young Dock", "StationType":"Outpost" }
{ "timestamp":"2016-10-29T20:08:56Z", "event":"ReceiveText", "From":"Young Dock", "Message":"$STATION_NoFireZone_exited;", "Message_Localised":"No fire zone left.", "Channel":"npc" }
{ "timestamp":"2016-10-29T20:09:27Z", "event":"FSDJump", "StarSystem":"Ruganike", "StarPos":[67.250,-96.656,-14.781], "Allegiance":"Empire", "Economy":"$economy_Industrial;", "Economy_Localised":"Industrial", "Government":"$government_Corporate;", "Government_Localised":"Corporate", "Security":"$SYSTEM_SECURITY_medium;", "Security_Localised":"Medium Security", "JumpDist":21.921, "FuelUsed":2.853988, "FuelLevel":22.263668, "Faction":"Ruganike Gold Travel Systems" }
{ "timestamp":"2016-10-29T20:11:16Z", "event":"FSDJump", "StarSystem":"FT Eridani", "StarPos":[49.375,-83.438,-17.813], "Allegiance":"", "Economy":"$economy_None;", "Economy_Localised":"None", "Government":"$government_None;", "Government_Localised":"None", "Security":"$SYSTEM_SECURITY_low;", "Security_Localised":"Low Security", "JumpDist":22.437, "FuelUsed":2.974362, "FuelLevel":19.289307 }
{ "timestamp":"2016-10-29T20:12:11Z", "event":"FuelScoop", "Scooped":12.710693, "Total":32.000000 }
{ "timestamp":"2016-10-29T20:12:46Z", "event":"FSDJump", "StarSystem":"Ayethi", "StarPos":[29.281,-71.094,-21.719], "Allegiance":"Empire", "Economy":"$economy_Industrial;", "Economy_Localised":"Industrial", "Government":"$government_Corporate;", "Government_Localised":"Corporate", "Security":"$SYSTEM_SECURITY_medium;", "Security_Localised":"Medium Security", "JumpDist":23.904, "FuelUsed":3.662891, "FuelLevel":28.337109, "Faction":"Ayethi General Incorporated", "FactionState":"Boom" }
{ "timestamp":"2016-10-29T20:13:13Z", "event":"FuelScoop", "Scooped":2.797762, "Total":31.134871 }
{ "timestamp":"2016-10-29T20:13:53Z", "event":"FSDJump", "StarSystem":"LHS 1409", "StarPos":[9.031,-58.250,-24.344], "Allegiance":"", "Economy":"$economy_None;", "Economy_Localised":"None", "Government":"$government_None;", "Government_Localised":"None", "Security":"$SYSTEM_SECURITY_low;", "Security_Localised":"Low Security", "JumpDist":24.123, "FuelUsed":3.728062, "FuelLevel":27.406809 }
{ "timestamp":"2016-10-29T20:14:36Z", "event":"FuelScoop", "Scooped":4.593191, "Total":32.000000 }
{ "timestamp":"2016-10-29T20:15:11Z", "event":"FSDJump", "StarSystem":"Tascheter Sector EM-M a7-1", "StarPos":[-8.688,-41.250,-27.813], "Allegiance":"", "Economy":"$economy_None;", "Economy_Localised":"None", "Government":"$government_None;", "Government_Localised":"None", "Security":"$SYSTEM_SECURITY_low;", "Security_Localised":"Low Security", "JumpDist":24.799, "FuelUsed":4.007963, "FuelLevel":27.992037 }
{ "timestamp":"2016-10-29T20:16:03Z", "event":"FSDJump", "StarSystem":"LFT 98", "StarPos":[-31.031,-35.688,-23.844], "Allegiance":"", "Economy":"$economy_None;", "Economy_Localised":"None", "Government":"$government_None;", "Government_Localised":"None", "Security":"$SYSTEM_SECURITY_low;", "Security_Localised":"Low Security", "JumpDist":23.365, "FuelUsed":3.389569, "FuelLevel":24.602468 }
{ "timestamp":"2016-10-29T20:16:44Z", "event":"FuelScoop", "Scooped":7.397532, "Total":32.000000 }
{ "timestamp":"2016-10-29T20:17:54Z", "event":"FSDJump", "StarSystem":"G 172-13", "StarPos":[-46.469,-16.719,-26.969], "Allegiance":"Federation", "Economy":"$economy_Refinery;", "Economy_Localised":"Refinery", "Government":"$government_Democracy;", "Government_Localised":"Democracy", "Security":"$SYSTEM_SECURITY_medium;", "Security_Localised":"Medium Security", "JumpDist":24.656, "FuelUsed":3.951206, "FuelLevel":28.048794, "Faction":"G 172-13 Resistance" }
{ "timestamp":"2016-10-29T20:18:24Z", "event":"FuelScoop", "Scooped":3.951206, "Total":32.000000 }
{ "timestamp":"2016-10-29T20:18:50Z", "event":"FSDJump", "StarSystem":"G 241-62", "StarPos":[-55.063,-1.063,-24.875], "Allegiance":"", "Economy":"$economy_None;", "Economy_Localised":"None", "Government":"$government_None;", "Government_Localised":"None", "Security":"$SYSTEM_SECURITY_low;", "Security_Localised":"Low Security", "JumpDist":17.982, "FuelUsed":1.823580, "FuelLevel":30.176420 }
{ "timestamp":"2016-10-29T20:19:17Z", "event":"FuelScoop", "Scooped":1.823580, "Total":32.000000 }
{ "timestamp":"2016-10-29T20:19:48Z", "event":"FSDJump", "StarSystem":"LHS 3749", "StarPos":[-69.563,12.469,-22.438], "Allegiance":"Federation", "Economy":"$economy_Industrial;", "Economy_Localised":"Industrial", "Government":"$government_Democracy;", "Government_Localised":"Democracy", "Security":"$SYSTEM_SECURITY_medium;", "Security_Localised":"Medium Security", "JumpDist":19.982, "FuelUsed":2.361292, "FuelLevel":29.638708, "Faction":"Democrats of LHS 3749", "FactionState":"Boom" }
{ "timestamp":"2016-10-29T20:20:12Z", "event":"FuelScoop", "Scooped":2.026945, "Total":31.665653 }
{ "timestamp":"2016-10-29T20:20:43Z", "event":"FSDJump", "StarSystem":"Cephei Sector QI-T b3-7", "StarPos":[-81.813,27.063,-21.438], "Allegiance":"", "Economy":"$economy_None;", "Economy_Localised":"None", "Government":"$government_None;", "Government_Localised":"None", "Security":"$SYSTEM_SECURITY_low;", "Security_Localised":"Low Security", "JumpDist":19.080, "FuelUsed":2.104654, "FuelLevel":29.560999 }
{ "timestamp":"2016-10-29T20:21:09Z", "event":"FuelScoop", "Scooped":2.439001, "Total":32.000000 }
{ "timestamp":"2016-10-29T20:22:16Z", "event":"FSDJump", "StarSystem":"Basus", "StarPos":[-95.656,38.063,-13.469], "Allegiance":"Federation", "Economy":"$economy_Refinery;", "Economy_Localised":"Refinery", "Government":"$government_Corporate;", "Government_Localised":"Corporate", "Security":"$SYSTEM_SECURITY_medium;", "Security_Localised":"Medium Security", "JumpDist":19.395, "FuelUsed":2.194759, "FuelLevel":29.805241, "Faction":"Basus Major Systems" }
{ "timestamp":"2016-10-29T20:23:33Z", "event":"FuelScoop", "Scooped":2.194759, "Total":32.000000 }
{ "timestamp":"2016-10-29T20:28:23Z", "event":"SupercruiseExit", "StarSystem":"Basus", "Body":"Wallace Port", "BodyType":"Station" }
{ "timestamp":"2016-10-29T20:28:37Z", "event":"DockingRequested", "StationName":"Wallace Port" }
{ "timestamp":"2016-10-29T20:28:37Z", "event":"ReceiveText", "From":"Wallace Port", "Message":"$DockingChatter_Friendly;", "Message_Localised":"It's great to see you again, Commander.", "Channel":"npc" }
{ "timestamp":"2016-10-29T20:28:38Z", "event":"ReceiveText", "From":"Wallace Port", "Message":"$STATION_docking_denied;", "Message_Localised":"Docking request denied.", "Channel":"npc" }
{ "timestamp":"2016-10-29T20:28:38Z", "event":"DockingDenied", "Reason":"NoReason", "StationName":"Wallace Port" }
{ "timestamp":"2016-10-29T20:28:43Z", "event":"DockingRequested", "StationName":"Wallace Port" }
{ "timestamp":"2016-10-29T20:28:43Z", "event":"ReceiveText", "From":"Wallace Port", "Message":"$DockingChatter_Friendly;", "Message_Localised":"It's great to see you again, Commander.", "Channel":"npc" }
{ "timestamp":"2016-10-29T20:28:43Z", "event":"ReceiveText", "From":"Wallace Port", "Message":"$STATION_docking_denied;", "Message_Localised":"Docking request denied.", "Channel":"npc" }
{ "timestamp":"2016-10-29T20:28:43Z", "event":"DockingDenied", "Reason":"NoReason", "StationName":"Wallace Port" }
{ "timestamp":"2016-10-29T20:28:45Z", "event":"ReceiveText", "From":"Wallace Port", "Message":"$STATION_NoFireZone_entered;", "Message_Localised":"No fire zone entered.", "Channel":"npc" }
{ "timestamp":"2016-10-29T20:28:57Z", "event":"DockingRequested", "StationName":"Wallace Port" }
{ "timestamp":"2016-10-29T20:28:57Z", "event":"ReceiveText", "From":"Wallace Port", "Message":"$DockingChatter_Friendly;", "Message_Localised":"It's great to see you again, Commander.", "Channel":"npc" }
{ "timestamp":"2016-10-29T20:28:57Z", "event":"ReceiveText", "From":"Wallace Port", "Message":"$STATION_docking_denied;", "Message_Localised":"Docking request denied.", "Channel":"npc" }
{ "timestamp":"2016-10-29T20:28:57Z", "event":"DockingDenied", "Reason":"NoSpace", "StationName":"Wallace Port" }
{ "timestamp":"2016-10-29T20:29:13Z", "event":"DockingRequested", "StationName":"Wallace Port" }
{ "timestamp":"2016-10-29T20:29:13Z", "event":"ReceiveText", "From":"Wallace Port", "Message":"$DockingChatter_Friendly;", "Message_Localised":"It's great to see you again, Commander.", "Channel":"npc" }
{ "timestamp":"2016-10-29T20:29:13Z", "event":"ReceiveText", "From":"Wallace Port", "Message":"$STATION_docking_denied;", "Message_Localised":"Docking request denied.", "Channel":"npc" }
{ "timestamp":"2016-10-29T20:29:13Z", "event":"DockingDenied", "Reason":"NoSpace", "StationName":"Wallace Port" }
{ "timestamp":"2016-10-29T20:29:25Z", "event":"DockingRequested", "StationName":"Wallace Port" }
{ "timestamp":"2016-10-29T20:29:25Z", "event":"ReceiveText", "From":"Wallace Port", "Message":"$DockingChatter_Friendly;", "Message_Localised":"It's great to see you again, Commander.", "Channel":"npc" }
{ "timestamp":"2016-10-29T20:29:25Z", "event":"ReceiveText", "From":"Wallace Port", "Message":"$STATION_docking_denied;", "Message_Localised":"Docking request denied.", "Channel":"npc" }
{ "timestamp":"2016-10-29T20:29:25Z", "event":"DockingDenied", "Reason":"NoSpace", "StationName":"Wallace Port" }
{ "timestamp":"2016-10-29T20:29:36Z", "event":"DockingRequested", "StationName":"Wallace Port" }
{ "timestamp":"2016-10-29T20:29:36Z", "event":"ReceiveText", "From":"Wallace Port", "Message":"$DockingChatter_Friendly;", "Message_Localised":"It's great to see you again, Commander.", "Channel":"npc" }
{ "timestamp":"2016-10-29T20:29:37Z", "event":"ReceiveText", "From":"Wallace Port", "Message":"$STATION_docking_granted;", "Message_Localised":"Docking request granted.", "Channel":"npc" }
{ "timestamp":"2016-10-29T20:29:37Z", "event":"DockingGranted", "LandingPad":3, "StationName":"Wallace Port" }
{ "timestamp":"2016-10-29T20:29:59Z", "event":"Docked", "StationName":"Wallace Port", "StationType":"Outpost", "StarSystem":"Basus", "Faction":"Movement for Basus for Equality", "Allegiance":"Federation", "Economy":"$economy_Refinery;", "Economy_Localised":"Refinery", "Government":"$government_Corporate;", "Government_Localised":"Corporate", "Security":"$SYSTEM_SECURITY_medium;", "Security_Localised":"Medium Security" }
{ "timestamp":"2016-10-29T20:30:43Z", "event":"SellExplorationData", "Systems":[ "FT Eridani", "LHS 1409", "LTT 1572", "LFT 98", "Tascheter Sector EM-M a7-1" ], "Discovered":[  ], "BaseValue":21078, "Bonus":0 }
{ "timestamp":"2016-10-29T20:32:24Z", "event":"RefuelAll", "Cost":31, "Amount":0.600800 }
{ "timestamp":"2016-10-29T20:33:02Z", "event":"Undocked", "StationName":"Wallace Port", "StationType":"Outpost" }
{ "timestamp":"2016-10-29T20:33:27Z", "event":"ReceiveText", "From":"Wallace Port", "Message":"$STATION_NoFireZone_exited;", "Message_Localised":"No fire zone left.", "Channel":"npc" }
{ "timestamp":"2016-10-29T20:33:35Z", "event":"SupercruiseEntry", "StarSystem":"Basus" }
{ "timestamp":"2016-10-29T20:36:22Z", "event":"SupercruiseExit", "StarSystem":"Basus", "Body":"Carpenter Landing", "BodyType":"Station" }
{ "timestamp":"2016-10-29T20:36:38Z", "event":"DockingRequested", "StationName":"Carpenter Landing" }
{ "timestamp":"2016-10-29T20:36:38Z", "event":"ReceiveText", "From":"Carpenter Landing", "Message":"$DockingChatter_Neutral;", "Message_Localised":"Ensure to observe starport protocol during your visit, pilot.", "Channel":"npc" }
{ "timestamp":"2016-10-29T20:36:39Z", "event":"ReceiveText", "From":"Carpenter Landing", "Message":"$STATION_docking_granted;", "Message_Localised":"Docking request granted.", "Channel":"npc" }
{ "timestamp":"2016-10-29T20:36:39Z", "event":"DockingGranted", "LandingPad":38, "StationName":"Carpenter Landing" }
{ "timestamp":"2016-10-29T20:36:42Z", "event":"ReceiveText", "From":"Carpenter Landing", "Message":"$STATION_NoFireZone_entered;", "Message_Localised":"No fire zone entered.", "Channel":"npc" }
{ "timestamp":"2016-10-29T20:37:36Z", "event":"Docked", "StationName":"Carpenter Landing", "StationType":"Coriolis", "StarSystem":"Basus", "Faction":"Basus Major Systems", "Allegiance":"Federation", "Economy":"$economy_Refinery;", "Economy_Localised":"Refinery", "Government":"$government_Corporate;", "Government_Localised":"Corporate", "Security":"$SYSTEM_SECURITY_medium;", "Security_Localised":"Medium Security" }
{ "timestamp":"2016-10-29T20:38:41Z", "event":"Undocked", "StationName":"Carpenter Landing", "StationType":"Coriolis" }
{ "timestamp":"2016-10-29T20:39:25Z", "event":"ReceiveText", "From":"Carpenter Landing", "Message":"$STATION_NoFireZone_exited;", "Message_Localised":"No fire zone left.", "Channel":"npc" }
{ "timestamp":"2016-10-29T20:40:34Z", "event":"FSDJump", "StarSystem":"Banisas", "StarPos":[-97.344,42.625,-6.938], "Allegiance":"Independent", "Economy":"$economy_HighTech;", "Economy_Localised":"High tech", "Government":"$government_Dictatorship;", "Government_Localised":"Dictatorship", "Security":"$SYSTEM_SECURITY_medium;", "Security_Localised":"Medium Security", "JumpDist":8.144, "FuelUsed":0.261885, "FuelLevel":31.738115, "Faction":"Freedom Party of Banisas" }
{ "timestamp":"2016-10-29T20:42:37Z", "event":"SupercruiseExit", "StarSystem":"Banisas", "Body":"Weyn Ring", "BodyType":"Station" }
{ "timestamp":"2016-10-29T20:42:48Z", "event":"DockingRequested", "StationName":"Weyn Ring" }
{ "timestamp":"2016-10-29T20:42:48Z", "event":"ReceiveText", "From":"Weyn Ring", "Message":"$DockingChatter_Cordial;", "Message_Localised":"Welcome back, Commander.", "Channel":"npc" }
{ "timestamp":"2016-10-29T20:42:49Z", "event":"ReceiveText", "From":"Weyn Ring", "Message":"$STATION_docking_granted;", "Message_Localised":"Docking request granted.", "Channel":"npc" }
{ "timestamp":"2016-10-29T20:42:49Z", "event":"DockingGranted", "LandingPad":7, "StationName":"Weyn Ring" }
{ "timestamp":"2016-10-29T20:42:56Z", "event":"ReceiveText", "From":"Weyn Ring", "Message":"$STATION_NoFireZone_entered;", "Message_Localised":"No fire zone entered.", "Channel":"npc" }
{ "timestamp":"2016-10-29T20:43:48Z", "event":"Docked", "StationName":"Weyn Ring", "StationType":"Coriolis", "StarSystem":"Banisas", "Faction":"Freedom Party of Banisas", "Allegiance":"Independent", "Economy":"$economy_HighTech;", "Economy_Localised":"High tech", "Government":"$government_Dictatorship;", "Government_Localised":"Dictatorship", "Security":"$SYSTEM_SECURITY_medium;", "Security_Localised":"Medium Security" }
{ "timestamp":"2016-10-29T20:48:44Z", "event":"Undocked", "StationName":"Weyn Ring", "StationType":"Coriolis" }
{ "timestamp":"2016-10-29T20:49:11Z", "event":"ReceiveText", "From":"Weyn Ring", "Message":"$STATION_NoFireZone_exited;", "Message_Localised":"No fire zone left.", "Channel":"npc" }
{ "timestamp":"2016-10-29T20:49:28Z", "event":"SupercruiseEntry", "StarSystem":"Banisas" }
{ "timestamp":"2016-10-29T20:51:54Z", "event":"SupercruiseExit", "StarSystem":"Banisas", "Body":"McAllaster Hub", "BodyType":"Station" }
{ "timestamp":"2016-10-29T20:52:18Z", "event":"DockingRequested", "StationName":"McAllaster Hub" }
{ "timestamp":"2016-10-29T20:52:18Z", "event":"ReceiveText", "From":"McAllaster Hub", "Message":"$DockingChatter_Cordial;", "Message_Localised":"Welcome back, Commander.", "Channel":"npc" }
{ "timestamp":"2016-10-29T20:52:19Z", "event":"ReceiveText", "From":"McAllaster Hub", "Message":"$STATION_docking_granted;", "Message_Localised":"Docking request granted.", "Channel":"npc" }
{ "timestamp":"2016-10-29T20:52:19Z", "event":"DockingGranted", "LandingPad":3, "StationName":"McAllaster Hub" }
{ "timestamp":"2016-10-29T20:52:28Z", "event":"ReceiveText", "From":"McAllaster Hub", "Message":"$STATION_NoFireZone_entered;", "Message_Localised":"No fire zone entered.", "Channel":"npc" }
{ "timestamp":"2016-10-29T20:53:27Z", "event":"Docked", "StationName":"McAllaster Hub", "StationType":"Outpost", "StarSystem":"Banisas", "Faction":"Independents of HIP 88617", "FactionState":"Boom", "Allegiance":"Independent", "Economy":"$economy_HighTech;", "Economy_Localised":"High tech", "Government":"$government_Dictatorship;", "Government_Localised":"Dictatorship", "Security":"$SYSTEM_SECURITY_medium;", "Security_Localised":"Medium Security" }
{ "timestamp":"2016-10-29T20:59:21Z", "event":"Undocked", "StationName":"McAllaster Hub", "StationType":"Outpost" }
{ "timestamp":"2016-10-29T20:59:44Z", "event":"ReceiveText", "From":"McAllaster Hub", "Message":"$STATION_NoFireZone_exited;", "Message_Localised":"No fire zone left.", "Channel":"npc" }
{ "timestamp":"2016-10-29T20:59:51Z", "event":"SupercruiseEntry", "StarSystem":"Banisas" }
{ "timestamp":"2016-10-29T21:02:28Z", "event":"SupercruiseExit", "StarSystem":"Banisas", "Body":"Weyn Ring", "BodyType":"Station" }
{ "timestamp":"2016-10-29T21:02:40Z", "event":"DockingRequested", "StationName":"Weyn Ring" }
{ "timestamp":"2016-10-29T21:02:40Z", "event":"ReceiveText", "From":"Weyn Ring", "Message":"$DockingChatter_Cordial;", "Message_Localised":"Welcome back, Commander.", "Channel":"npc" }
{ "timestamp":"2016-10-29T21:02:41Z", "event":"ReceiveText", "From":"Weyn Ring", "Message":"$STATION_docking_granted;", "Message_Localised":"Docking request granted.", "Channel":"npc" }
{ "timestamp":"2016-10-29T21:02:41Z", "event":"DockingGranted", "LandingPad":41, "StationName":"Weyn Ring" }
{ "timestamp":"2016-10-29T21:02:46Z", "event":"ReceiveText", "From":"Weyn Ring", "Message":"$STATION_NoFireZone_entered;", "Message_Localised":"No fire zone entered.", "Channel":"npc" }
{ "timestamp":"2016-10-29T21:03:24Z", "event":"Docked", "StationName":"Weyn Ring", "StationType":"Coriolis", "StarSystem":"Banisas", "Faction":"Freedom Party of Banisas", "Allegiance":"Independent", "Economy":"$economy_HighTech;", "Economy_Localised":"High tech", "Government":"$government_Dictatorship;", "Government_Localised":"Dictatorship", "Security":"$SYSTEM_SECURITY_medium;", "Security_Localised":"Medium Security" }
{ "timestamp":"2016-10-29T21:05:16Z", "event":"ModuleBuy", "Slot":"Slot01_Size6", "SellItem":"$int_fuelscoop_size6_class3_name;", "SellItem_Localised":"Fuel Scoop", "SellPrice":1797726, "BuyItem":"$int_passengercabin_size6_class1_name;", "BuyItem_Localised":"EC Passenger Cabin", "BuyPrice":61410, "Ship":"asp", "ShipID":13 }
{ "timestamp":"2016-10-29T21:05:33Z", "event":"ModuleBuy", "Slot":"Slot03_Size3", "SellItem":"$int_cargorack_size3_class1_name;", "SellItem_Localised":"Cargo Rack", "SellPrice":10563, "BuyItem":"$int_passengercabin_size3_class2_name;", "BuyItem_Localised":"BC Passenger Cabin", "BuyPrice":26705, "Ship":"asp", "ShipID":13 }
{ "timestamp":"2016-10-29T21:06:13Z", "event":"MissionAccepted", "Faction":"Independents of HIP 88617", "Name":"Mission_PassengerBulk", "DestinationSystem":"Jieguaje", "DestinationStation":"Kettle Horizons", "Expiry":"2016-10-29T23:42:12Z", "PassengerCount":18, "PassengerVIPs":false, "PassengerWanted":false, "PassengerType":"Tourist", "MissionID":45975814 }
{ "timestamp":"2016-10-29T21:06:45Z", "event":"MissionAccepted", "Faction":"Freedom Party of Banisas", "Name":"Mission_PassengerBulk", "DestinationSystem":"Marojini", "DestinationStation":"Burton's Progress", "Expiry":"2016-10-29T23:38:58Z", "PassengerCount":12, "PassengerVIPs":false, "PassengerWanted":false, "PassengerType":"Tourist", "MissionID":45976026 }
{ "timestamp":"2016-10-29T21:08:11Z", "event":"Undocked", "StationName":"Weyn Ring", "StationType":"Coriolis" }
{ "timestamp":"2016-10-29T21:08:47Z", "event":"ReceiveText", "From":"Weyn Ring", "Message":"$STATION_NoFireZone_exited;", "Message_Localised":"No fire zone left.", "Channel":"npc" }
{ "timestamp":"2016-10-29T21:09:44Z", "event":"FSDJump", "StarSystem":"Marojini", "StarPos":[-99.844,34.469,-9.313], "Allegiance":"Federation", "Economy":"$economy_Industrial;", "Economy_Localised":"Industrial", "Government":"$government_Democracy;", "Government_Localised":"Democracy", "Security":"$SYSTEM_SECURITY_high;", "Security_Localised":"High Security", "JumpDist":8.855, "FuelUsed":0.404825, "FuelLevel":31.333290, "Faction":"Marojini for Equality" }
{ "timestamp":"2016-10-29T21:12:22Z", "event":"ApproachSettlement", "Name":"Burton's Progress" }
{ "timestamp":"2016-10-29T21:12:36Z", "event":"SupercruiseExit", "StarSystem":"Marojini", "Body":"Marojini A 4", "BodyType":"Planet" }
{ "timestamp":"2016-10-29T21:12:57Z", "event":"ReceiveText", "From":"Burton's Progress", "Message":"$STATION_NoFireZone_entered;", "Message_Localised":"No fire zone entered.", "Channel":"npc" }
{ "timestamp":"2016-10-29T21:13:00Z", "event":"DockingRequested", "StationName":"Burton's Progress" }
{ "timestamp":"2016-10-29T21:13:00Z", "event":"ReceiveText", "From":"Burton's Progress", "Message":"$DockingChatter_Neutral;", "Message_Localised":"Ensure to observe starport protocol during your visit, pilot.", "Channel":"npc" }
{ "timestamp":"2016-10-29T21:13:02Z", "event":"ReceiveText", "From":"Burton's Progress", "Message":"$STATION_docking_granted;", "Message_Localised":"Docking request granted.", "Channel":"npc" }
{ "timestamp":"2016-10-29T21:13:02Z", "event":"DockingGranted", "LandingPad":5, "StationName":"Burton's Progress" }
{ "timestamp":"2016-10-29T21:13:46Z", "event":"ReceiveText", "From":"$ShipName_Police_Independent;", "From_Localised":"System Authority Vessel", "Message":"$Police_ThankYouPassedStopAndSearch11;", "Message_Localised":"We didn't find anything on you this time.", "Channel":"npc" }
{ "timestamp":"2016-10-29T21:13:56Z", "event":"Docked", "StationName":"Burton's Progress", "StarSystem":"Marojini", "Faction":"Marojini for Equality", "Allegiance":"Federation", "Economy":"$economy_Industrial;", "Economy_Localised":"Industrial", "Government":"$government_Democracy;", "Government_Localised":"Democracy", "Security":"$SYSTEM_SECURITY_high;", "Security_Localised":"High Security" }
{ "timestamp":"2016-10-29T21:14:19Z", "event":"MissionCompleted", "Faction":"Marojini for Equality", "Name":"Mission_PassengerBulk_name", "MissionID":45976026, "DestinationSystem":"Marojini", "DestinationStation":"Burton's Progress", "Reward":210412, "CommodityReward":[ { "Name": "ArticulationMotors", "Count": 4 } ] }
{ "timestamp":"2016-10-29T21:14:19Z", "event":"MaterialDiscovered", "Category":"Manufactured", "Name":"biotechconductors", "DiscoveryNumber":29 }
{ "timestamp":"2016-10-29T21:15:40Z", "event":"ReceiveText", "From":"$ShipName_Police_Independent;", "From_Localised":"System Authority Vessel", "Message":"$Police_EndPatrol04;", "Message_Localised":"Negative, Tower, I'm bingo on fuel, RTB.", "Channel":"npc" }
{ "timestamp":"2016-10-29T21:16:02Z", "event":"Undocked", "StationName":"Burton's Progress" }
{ "timestamp":"2016-10-29T21:16:18Z", "event":"ReceiveText", "From":"Burton's Progress", "Message":"$STATION_NoFireZone_exited;", "Message_Localised":"No fire zone left.", "Channel":"npc" }
{ "timestamp":"2016-10-29T21:16:39Z", "event":"SupercruiseEntry", "StarSystem":"Marojini" }
{ "timestamp":"2016-10-29T21:18:26Z", "event":"FSDJump", "StarSystem":"Basus", "StarPos":[-95.656,38.063,-13.469], "Allegiance":"Federation", "Economy":"$economy_Refinery;", "Economy_Localised":"Refinery", "Government":"$government_Corporate;", "Government_Localised":"Corporate", "Security":"$SYSTEM_SECURITY_medium;", "Security_Localised":"Medium Security", "JumpDist":6.908, "FuelUsed":0.224251, "FuelLevel":30.479040, "Faction":"Basus Major Systems" }
{ "timestamp":"2016-10-29T21:24:26Z", "event":"ReceiveText", "From":"$npc_name_decorate:#name=Frysk Hynder;", "From_Localised":"Frysk Hynder", "Message":"$Pirate_StartInterdiction03;", "Message_Localised":"I have you now!", "Channel":"npc" }
{ "timestamp":"2016-10-29T21:24:31Z", "event":"Interdicted", "Submitted":true, "Interdictor":"Frysk Hynder", "IsPlayer":false, "Faction":"Basus Gold Camorra" }
{ "timestamp":"2016-10-29T21:24:36Z", "event":"SupercruiseExit", "StarSystem":"Basus", "Body":"Basus ABC", "BodyType":"Null" }
{ "timestamp":"2016-10-29T21:24:40Z", "event":"ReceiveText", "From":"$npc_name_decorate:#name=Frysk Hynder;", "From_Localised":"Frysk Hynder", "Message":"$Pirate_Arrival13;", "Message_Localised":"You will keep your life if you hand over any valuable cargo you have.", "Channel":"npc" }
{ "timestamp":"2016-10-29T21:24:57Z", "event":"SupercruiseEntry", "StarSystem":"Basus" }
{ "timestamp":"2016-10-29T21:29:07Z", "event":"ReceiveText", "From":"$npc_name_decorate:#name=Alexey Arkhipov;", "From_Localised":"Alexey Arkhipov", "Message":"$Pirate_HunterHostileSC_Relevant03;", "Message_Localised":"I've come a long way for what's in your hold, don't try to run!", "Channel":"npc" }
{ "timestamp":"2016-10-29T21:29:19Z", "event":"ReceiveText", "From":"$npc_name_decorate:#name=Alexey Arkhipov;", "From_Localised":"Alexey Arkhipov", "Message":"$Pirate_StartInterdiction03;", "Message_Localised":"I have you now!", "Channel":"npc" }
{ "timestamp":"2016-10-29T21:29:25Z", "event":"Interdicted", "Submitted":true, "Interdictor":"Alexey Arkhipov", "IsPlayer":false, "Faction":"Liberty Party of Basus" }
{ "timestamp":"2016-10-29T21:30:17Z", "event":"LoadGame", "Commander":"Blantyre", "Ship":"Asp", "ShipID":13, "GameMode":"Solo", "Credits":27055068, "Loan":0 }
{ "timestamp":"2016-10-29T21:30:19Z", "event":"Rank", "Combat":4, "Trade":5, "Explore":4, "Empire":2, "Federation":7, "CQC":0 }
{ "timestamp":"2016-10-29T21:30:19Z", "event":"Progress", "Combat":18, "Trade":87, "Explore":29, "Empire":18, "Federation":2, "CQC":0 }
{ "timestamp":"2016-10-29T21:30:37Z", "event":"Location", "Docked":false, "StarSystem":"Basus", "StarPos":[-95.656,38.063,-13.469], "Allegiance":"Federation", "Economy":"$economy_Refinery;", "Economy_Localised":"Refinery", "Government":"$government_Corporate;", "Government_Localised":"Corporate", "Security":"$SYSTEM_SECURITY_medium;", "Security_Localised":"Medium Security", "Body":"Basus ABC", "BodyType":"Null", "Faction":"Basus Major Systems" }
{ "timestamp":"2016-10-29T21:30:59Z", "event":"SupercruiseEntry", "StarSystem":"Basus" }
{ "timestamp":"2016-10-29T21:35:16Z", "event":"SupercruiseExit", "StarSystem":"Basus", "Body":"Carpenter Landing", "BodyType":"Station" }
{ "timestamp":"2016-10-29T21:35:40Z", "event":"DockingRequested", "StationName":"Carpenter Landing" }
{ "timestamp":"2016-10-29T21:35:40Z", "event":"ReceiveText", "From":"Carpenter Landing", "Message":"$DockingChatter_Neutral;", "Message_Localised":"Ensure to observe starport protocol during your visit, pilot.", "Channel":"npc" }
{ "timestamp":"2016-10-29T21:35:41Z", "event":"ReceiveText", "From":"Carpenter Landing", "Message":"$STATION_docking_granted;", "Message_Localised":"Docking request granted.", "Channel":"npc" }
{ "timestamp":"2016-10-29T21:35:41Z", "event":"DockingGranted", "LandingPad":38, "StationName":"Carpenter Landing" }
{ "timestamp":"2016-10-29T21:35:50Z", "event":"ReceiveText", "From":"Carpenter Landing", "Message":"$STATION_NoFireZone_entered;", "Message_Localised":"No fire zone entered.", "Channel":"npc" }
{ "timestamp":"2016-10-29T21:36:51Z", "event":"Docked", "StationName":"Carpenter Landing", "StationType":"Coriolis", "StarSystem":"Basus", "Faction":"Basus Major Systems", "Allegiance":"Federation", "Economy":"$economy_Refinery;", "Economy_Localised":"Refinery", "Government":"$government_Corporate;", "Government_Localised":"Corporate", "Security":"$SYSTEM_SECURITY_medium;", "Security_Localised":"Medium Security" }
{ "timestamp":"2016-10-29T21:37:23Z", "event":"MissionCompleted", "Faction":"Basus Gold Camorra", "Name":"Mission_PassengerBulk_name", "MissionID":45975814, "DestinationSystem":"Jieguaje", "DestinationStation":"Kettle Horizons", "Reward":551000 }
{ "timestamp":"2016-10-29T21:41:40Z", "event":"ShipyardTransfer", "ShipType":"Python", "ShipID":14, "System":"Brians", "Distance":267.216156, "TransferPrice":1237238 }
