{ "timestamp":"2017-01-17T21:40:58Z", "event":"Fileheader", "part":1, "language":"English\\UK", "gameversion":"2.2", "build":"r131487/r0 " }
{ "timestamp":"2017-01-17T21:42:03Z", "event":"LoadGame", "Commander":"Blantyre", "Ship":"Asp", "ShipID":13, "GameMode":"Solo", "Credits":74024135, "Loan":0 }
{ "timestamp":"2017-01-17T21:42:03Z", "event":"Rank", "Combat":4, "Trade":5, "Explore":4, "Empire":2, "Federation":7, "CQC":0 }
{ "timestamp":"2017-01-17T21:42:03Z", "event":"Progress", "Combat":33, "Trade":88, "Explore":36, "Empire":18, "Federation":11, "CQC":0 }
{ "timestamp":"2017-01-17T21:42:35Z", "event":"Location", "Docked":true, "StationName":"So-yeon Dock", "StationType":"Orbis", "StarSystem":"LP 339-7", "StarPos":[-70.063,-8.281,27.906], "SystemAllegiance":"Federation", "SystemEconomy":"$economy_Agri;", "SystemEconomy_Localised":"Agriculture", "SystemGovernment":"$government_Corporate;", "SystemGovernment_Localised":"Corporate", "SystemSecurity":"$SYSTEM_SECURITY_high;", "SystemSecurity_Localised":"High Security", "Body":"So-yeon Dock", "BodyType":"Station", "SystemFaction":"Starship Enterprises", "FactionState":"Boom" }
{ "timestamp":"2017-01-17T21:42:35Z", "event":"Docked", "StationName":"So-yeon Dock", "StationType":"Orbis", "StarSystem":"LP 339-7", "StationFaction":"Starship Enterprises", "FactionState":"Boom", "StationGovernment":"$government_Corporate;", "StationGovernment_Localised":"Corporate", "StationAllegiance":"Federation", "StationEconomy":"$economy_Agri;", "StationEconomy_Localised":"Agriculture" }
{ "timestamp":"2017-01-17T21:51:21Z", "event":"ReceiveText", "From":"$npc_name_decorate:#name=Brian Mattucci;", "From_Localised":"Brian Mattucci", "Message":"$Commuter_AuthorityScan09;", "Message_Localised":"Can we hurry this up please, officer?", "Channel":"npc" }
{ "timestamp":"2017-01-17T21:57:55Z", "event":"ModuleBuy", "Slot":"TinyHardpoint2", "SellItem":"$hpt_shieldbooster_size0_class5_name;", "SellItem_Localised":"Shield Booster", "SellPrice":238850, "BuyItem":"$hpt_cloudscanner_size0_class4_name;", "BuyItem_Localised":"Wake Scanner", "BuyPrice":365698, "Ship":"asp", "ShipID":13 }
{ "timestamp":"2017-01-17T21:58:33Z", "event":"Undocked", "StationName":"So-yeon Dock", "StationType":"Orbis" }
{ "timestamp":"2017-01-17T21:59:45Z", "event":"MaterialDiscovered", "Category":"Encoded", "Name":"disruptedwakeechoes", "DiscoveryNumber":24 }
{ "timestamp":"2017-01-17T21:59:45Z", "event":"MaterialCollected", "Category":"Encoded", "Name":"disruptedwakeechoes", "Count":3 }
{ "timestamp":"2017-01-17T21:59:45Z", "event":"MaterialCollected", "Category":"Encoded", "Name":"hyperspacetrajectories", "Count":3 }
{ "timestamp":"2017-01-17T22:00:50Z", "event":"MaterialCollected", "Category":"Encoded", "Name":"disruptedwakeechoes", "Count":3 }
{ "timestamp":"2017-01-17T22:00:50Z", "event":"MaterialCollected", "Category":"Encoded", "Name":"hyperspacetrajectories", "Count":3 }
{ "timestamp":"2017-01-17T22:01:33Z", "event":"ReceiveText", "From":"So-yeon Dock", "Message":"$STATION_NoFireZone_exited;", "Message_Localised":"No fire zone left.", "Channel":"npc" }
{ "timestamp":"2017-01-17T22:02:28Z", "event":"ReceiveText", "From":"So-yeon Dock", "Message":"$STATION_NoFireZone_entered_deployed;", "Message_Localised":"No fire zone entered, please stow your weapons.", "Channel":"npc" }
{ "timestamp":"2017-01-17T22:02:39Z", "event":"ReceiveText", "From":"So-yeon Dock", "Message":"$STATION_NoFireZone_exited;", "Message_Localised":"No fire zone left.", "Channel":"npc" }
{ "timestamp":"2017-01-17T22:02:43Z", "event":"MaterialCollected", "Category":"Encoded", "Name":"fsdtelemetry", "Count":3 }
{ "timestamp":"2017-01-17T22:02:57Z", "event":"MaterialDiscovered", "Category":"Encoded", "Name":"dataminedwake", "DiscoveryNumber":25 }
{ "timestamp":"2017-01-17T22:02:57Z", "event":"MaterialCollected", "Category":"Encoded", "Name":"dataminedwake", "Count":3 }
{ "timestamp":"2017-01-17T22:03:24Z", "event":"ReceiveText", "From":"$npc_name_decorate:#name=Federal Agent;", "From_Localised":"Federal Agent", "Message":"$Generic_NoAttackGeneric01;", "Message_Localised":"I don't got a problem with you, you have nothing I want.", "Channel":"npc" }
{ "timestamp":"2017-01-17T22:03:50Z", "event":"ReceiveText", "From":"So-yeon Dock", "Message":"$STATION_NoFireZone_entered;", "Message_Localised":"No fire zone entered.", "Channel":"npc" }
{ "timestamp":"2017-01-17T22:04:04Z", "event":"ReceiveText", "From":"So-yeon Dock", "Message":"$STATION_NoFireZone_exited;", "Message_Localised":"No fire zone left.", "Channel":"npc" }
{ "timestamp":"2017-01-17T22:04:45Z", "event":"FSDJump", "StarSystem":"LTT 15985", "StarPos":[-71.688,-10.156,28.156], "SystemAllegiance":"Federation", "SystemEconomy":"$economy_Refinery;", "SystemEconomy_Localised":"Refinery", "SystemGovernment":"$government_Corporate;", "SystemGovernment_Localised":"Corporate", "SystemSecurity":"$SYSTEM_SECURITY_medium;", "SystemSecurity_Localised":"Medium Security", "JumpDist":2.494, "FuelUsed":0.017365, "FuelLevel":31.982635, "SystemFaction":"Gilgamesh Ltd", "FactionState":"Boom" }
{ "timestamp":"2017-01-17T22:06:11Z", "event":"FSDJump", "StarSystem":"Col 285 Sector KE-V b17-2", "StarPos":[-88.719,-2.344,16.188], "SystemAllegiance":"", "SystemEconomy":"$economy_None;", "SystemEconomy_Localised":"None", "SystemGovernment":"$government_None;", "SystemGovernment_Localised":"None", "SystemSecurity":"$SYSTEM_SECURITY_low;", "SystemSecurity_Localised":"Low Security", "JumpDist":22.234, "FuelUsed":3.694309, "FuelLevel":28.288326 }
{ "timestamp":"2017-01-17T22:07:08Z", "event":"FSDJump", "StarSystem":"Bamazin", "StarPos":[-101.406,-1.844,0.406], "SystemAllegiance":"Federation", "SystemEconomy":"$economy_Extraction;", "SystemEconomy_Localised":"Extraction", "SystemGovernment":"$government_Corporate;", "SystemGovernment_Localised":"Corporate", "SystemSecurity":"$SYSTEM_SECURITY_medium;", "SystemSecurity_Localised":"Medium Security", "JumpDist":20.255, "FuelUsed":2.885978, "FuelLevel":25.402348, "SystemFaction":"Andlit Co" }
{ "timestamp":"2017-01-17T22:07:30Z", "event":"FuelScoop", "Scooped":0.042200, "Total":25.444548 }
{ "timestamp":"2017-01-17T22:08:09Z", "event":"FSDJump", "StarSystem":"Cephei Sector QD-T b3-3", "StarPos":[-111.938,-2.125,-18.906], "SystemAllegiance":"", "SystemEconomy":"$economy_None;", "SystemEconomy_Localised":"None", "SystemGovernment":"$government_None;", "SystemGovernment_Localised":"None", "SystemSecurity":"$SYSTEM_SECURITY_low;", "SystemSecurity_Localised":"Low Security", "JumpDist":21.999, "FuelUsed":3.482749, "FuelLevel":21.961800 }
{ "timestamp":"2017-01-17T22:08:45Z", "event":"FuelScoop", "Scooped":2.216713, "Total":24.178513 }
{ "timestamp":"2017-01-17T22:09:18Z", "event":"FSDJump", "StarSystem":"Cephei Sector LX-U b2-2", "StarPos":[-128.156,3.344,-26.094], "SystemAllegiance":"", "SystemEconomy":"$economy_None;", "SystemEconomy_Localised":"None", "SystemGovernment":"$government_None;", "SystemGovernment_Localised":"None", "SystemSecurity":"$SYSTEM_SECURITY_low;", "SystemSecurity_Localised":"Low Security", "JumpDist":18.564, "FuelUsed":2.282829, "FuelLevel":21.895683 }
{ "timestamp":"2017-01-17T22:09:44Z", "event":"FuelScoop", "Scooped":0.825457, "Total":22.721140 }
{ "timestamp":"2017-01-17T22:10:17Z", "event":"FSDJump", "StarSystem":"Cephei Sector LX-U b2-0", "StarPos":[-142.625,14.813,-37.344], "SystemAllegiance":"", "SystemEconomy":"$economy_None;", "SystemEconomy_Localised":"None", "SystemGovernment":"$government_None;", "SystemGovernment_Localised":"None", "SystemSecurity":"$SYSTEM_SECURITY_low;", "SystemSecurity_Localised":"Low Security", "JumpDist":21.620, "FuelUsed":3.291566, "FuelLevel":19.429573 }
{ "timestamp":"2017-01-17T22:10:42Z", "event":"FuelScoop", "Scooped":0.587494, "Total":20.017067 }
{ "timestamp":"2017-01-17T22:11:06Z", "event":"FSDJump", "StarSystem":"Col 285 Sector XF-N c7-14", "StarPos":[-158.094,11.750,-50.750], "SystemAllegiance":"", "SystemEconomy":"$economy_None;", "SystemEconomy_Localised":"None", "SystemGovernment":"$government_None;", "SystemGovernment_Localised":"None", "SystemSecurity":"$SYSTEM_SECURITY_low;", "SystemSecurity_Localised":"Low Security", "JumpDist":20.698, "FuelUsed":2.917396, "FuelLevel":17.099670 }
{ "timestamp":"2017-01-17T22:11:32Z", "event":"FuelScoop", "Scooped":0.463270, "Total":17.562941 }
{ "timestamp":"2017-01-17T22:12:03Z", "event":"FSDJump", "StarSystem":"Khun", "StarPos":[-171.594,19.969,-56.969], "SystemAllegiance":"Independent", "SystemEconomy":"$economy_Terraforming;", "SystemEconomy_Localised":"Terraforming", "SystemGovernment":"$government_Patronage;", "SystemGovernment_Localised":"Patronage", "SystemSecurity":"$SYSTEM_SECURITY_low;", "SystemSecurity_Localised":"Low Security", "JumpDist":16.984, "FuelUsed":1.774724, "FuelLevel":15.788217, "SystemFaction":"Khun Independent Governance" }
{ "timestamp":"2017-01-17T22:15:06Z", "event":"SupercruiseExit", "StarSystem":"Khun", "Body":"Khun 5", "BodyType":"Planet" }
{ "timestamp":"2017-01-17T22:15:27Z", "event":"DockingRequested", "StationName":"Long Sight Base" }
{ "timestamp":"2017-01-17T22:15:27Z", "event":"ReceiveText", "From":"Long Sight Base", "Message":"$DockingChatter_Neutral;", "Message_Localised":"Ensure to observe starport protocol during your visit, pilot.", "Channel":"npc" }
{ "timestamp":"2017-01-17T22:15:28Z", "event":"ReceiveText", "From":"Long Sight Base", "Message":"$STATION_docking_granted;", "Message_Localised":"Docking request granted.", "Channel":"npc" }
{ "timestamp":"2017-01-17T22:15:28Z", "event":"DockingGranted", "LandingPad":4, "StationName":"Long Sight Base" }
{ "timestamp":"2017-01-17T22:15:37Z", "event":"ReceiveText", "From":"Long Sight Base", "Message":"$STATION_NoFireZone_entered;", "Message_Localised":"No fire zone entered.", "Channel":"npc" }
{ "timestamp":"2017-01-17T22:15:56Z", "event":"ReceiveText", "From":"Long Sight Base", "Message":"$STATION_NoFireZone_exited;", "Message_Localised":"No fire zone left.", "Channel":"npc" }
{ "timestamp":"2017-01-17T22:16:06Z", "event":"ReceiveText", "From":"Long Sight Base", "Message":"$STATION_NoFireZone_entered;", "Message_Localised":"No fire zone entered.", "Channel":"npc" }
{ "timestamp":"2017-01-17T22:16:34Z", "event":"Docked", "StationName":"Long Sight Base", "StarSystem":"Khun", "StationFaction":"Elvira Martuuk", "StationGovernment":"$government_Engineer;", "StationGovernment_Localised":"Workshop", "StationEconomy":"$economy_Colony;", "StationEconomy_Localised":"Colony" }
{ "timestamp":"2017-01-17T22:16:43Z", "event":"RefuelAll", "Cost":832, "Amount":16.630018 }
{ "timestamp":"2017-01-17T22:16:54Z", "event":"SellExplorationData", "Systems":[ "Cephei Sector LX-U b2-0", "HR 7123", "Wolf 864", "Bythos", "VW Cephi", "LTT 15985", "Cephei Sector LX-U b2-2", "Col 285 Sector KE-V b17-2", "Cephei Sector QD-T b3-3", "Bamazin", "Piscium Sector NE-P a6-1", "Col 285 Sector AJ-R a34-2", "Piscium Sector YL-L a8-3" ], "Discovered":[  ], "BaseValue":51395, "Bonus":0 }
{ "timestamp":"2017-01-17T22:17:30Z", "event":"EngineerCraft", "Engineer":"Elvira Martuuk", "Blueprint":"ShieldGenerator_Optimised", "Level":2, "Ingredients":{"shieldcyclerecordings":1, "germanium":1 } }
{ "timestamp":"2017-01-17T22:17:45Z", "event":"EngineerApply", "Engineer":"Elvira Martuuk", "Blueprint":"ShieldGenerator_Optimised", "Level":2 }
{ "timestamp":"2017-01-17T22:17:59Z", "event":"EngineerCraft", "Engineer":"Elvira Martuuk", "Blueprint":"FSD_LongRange", "Level":2, "Ingredients":{"disruptedwakeechoes":1, "chemicalprocessors":1 } }
{ "timestamp":"2017-01-17T22:18:23Z", "event":"EngineerApply", "Engineer":"Elvira Martuuk", "Blueprint":"FSD_LongRange", "Level":2 }
{ "timestamp":"2017-01-17T22:18:42Z", "event":"EngineerCraft", "Engineer":"Elvira Martuuk", "Blueprint":"Engine_Reinforced", "Level":2, "Ingredients":{"heatconductionwiring":1, "vanadium":1 } }
{ "timestamp":"2017-01-17T22:18:44Z", "event":"EngineerProgress", "Engineer":"Elvira Martuuk", "Rank":3 }
{ "timestamp":"2017-01-17T22:19:29Z", "event":"EngineerCraft", "Engineer":"Elvira Martuuk", "Blueprint":"ShieldGenerator_Kinetic", "Level":3, "Ingredients":{"shieldcyclerecordings":1, "consumerfirmware":1, "selenium":1 } }
{ "timestamp":"2017-01-17T22:19:32Z", "event":"EngineerProgress", "Engineer":"Zacariah Nemo", "Progress":"Known" }
{ "timestamp":"2017-01-17T22:19:32Z", "event":"EngineerProgress", "Engineer":"Marco Qwent", "Progress":"Known" }
{ "timestamp":"2017-01-17T22:19:48Z", "event":"EngineerApply", "Engineer":"Elvira Martuuk", "Blueprint":"ShieldGenerator_Kinetic", "Level":3 }
{ "timestamp":"2017-01-17T22:20:22Z", "event":"EngineerCraft", "Engineer":"Elvira Martuuk", "Blueprint":"FSD_Shielded", "Level":3, "Ingredients":{"carbon":1, "zinc":1, "shieldingsensors":1 } }
{ "timestamp":"2017-01-17T22:20:38Z", "event":"EngineerApply", "Engineer":"Elvira Martuuk", "Blueprint":"FSD_Shielded", "Level":3 }
{ "timestamp":"2017-01-17T22:20:53Z", "event":"EngineerCraft", "Engineer":"Elvira Martuuk", "Blueprint":"FSD_Shielded", "Level":3, "Ingredients":{"carbon":1, "zinc":1, "shieldingsensors":1 } }
{ "timestamp":"2017-01-17T22:20:55Z", "event":"EngineerProgress", "Engineer":"Elvira Martuuk", "Rank":4 }
{ "timestamp":"2017-01-17T22:21:28Z", "event":"EngineerCraft", "Engineer":"Elvira Martuuk", "Blueprint":"FSD_LongRange", "Level":4, "Ingredients":{"manganese":1, "chemicaldistillery":1, "hyperspacetrajectories":1 } }
{ "timestamp":"2017-01-17T22:21:47Z", "event":"EngineerApply", "Engineer":"Elvira Martuuk", "Blueprint":"FSD_LongRange", "Level":4 }
{ "timestamp":"2017-01-17T22:21:59Z", "event":"EngineerCraft", "Engineer":"Elvira Martuuk", "Blueprint":"FSD_LongRange", "Level":4, "Ingredients":{"manganese":1, "chemicaldistillery":1, "hyperspacetrajectories":1 } }
{ "timestamp":"2017-01-17T22:22:14Z", "event":"EngineerCraft", "Engineer":"Elvira Martuuk", "Blueprint":"FSD_LongRange", "Level":4, "Ingredients":{"manganese":1, "chemicaldistillery":1, "hyperspacetrajectories":1 } }
{ "timestamp":"2017-01-17T22:22:14Z", "event":"EngineerProgress", "Engineer":"Elvira Martuuk", "Rank":5 }
{ "timestamp":"2017-01-17T22:22:31Z", "event":"EngineerApply", "Engineer":"Elvira Martuuk", "Blueprint":"FSD_LongRange", "Level":4 }
{ "timestamp":"2017-01-17T22:22:43Z", "event":"EngineerCraft", "Engineer":"Elvira Martuuk", "Blueprint":"FSD_LongRange", "Level":5, "Ingredients":{"arsenic":1, "chemicalmanipulators":1, "dataminedwake":1 } }
{ "timestamp":"2017-01-17T22:23:01Z", "event":"EngineerApply", "Engineer":"Elvira Martuuk", "Blueprint":"FSD_LongRange", "Level":5 }
{ "timestamp":"2017-01-17T22:23:14Z", "event":"EngineerCraft", "Engineer":"Elvira Martuuk", "Blueprint":"FSD_LongRange", "Level":5, "Ingredients":{"arsenic":1, "chemicalmanipulators":1, "dataminedwake":1 } }
{ "timestamp":"2017-01-17T22:23:21Z", "event":"EngineerApply", "Engineer":"Elvira Martuuk", "Blueprint":"FSD_LongRange", "Level":5 }
{ "timestamp":"2017-01-17T22:23:58Z", "event":"EngineerCraft", "Engineer":"Elvira Martuuk", "Blueprint":"Engine_Tuned", "Level":1, "Ingredients":{"sulphur":1 } }
{ "timestamp":"2017-01-17T22:24:12Z", "event":"EngineerApply", "Engineer":"Elvira Martuuk", "Blueprint":"Engine_Tuned", "Level":1 }
{ "timestamp":"2017-01-17T22:25:19Z", "event":"ModuleStore", "Slot":"SmallHardpoint1", "StoredItem":"$hpt_pulselaserburst_gimbal_small_name;", "StoredItem_Localised":"Burst Laser", "Ship":"asp", "ShipID":13, "EngineerModifications":"Weapon_Overcharged" }
{ "timestamp":"2017-01-17T22:25:30Z", "event":"ModuleStore", "Slot":"SmallHardpoint2", "StoredItem":"$hpt_pulselaserburst_gimbal_small_name;", "StoredItem_Localised":"Burst Laser", "Ship":"asp", "ShipID":13, "EngineerModifications":"Weapon_Overcharged" }
{ "timestamp":"2017-01-17T22:25:40Z", "event":"ModuleStore", "Slot":"MediumHardpoint2", "StoredItem":"$hpt_multicannon_gimbal_medium_name;", "StoredItem_Localised":"Multi-Cannon", "Ship":"asp", "ShipID":13, "EngineerModifications":"Weapon_Overcharged" }
