{ "timestamp":"2016-12-15T17:11:44Z", "event":"Fileheader", "part":1, "language":"English\\UK", "gameversion":"2.2", "build":"r126898/r0 " }
{ "timestamp":"2016-12-15T17:12:26Z", "event":"LoadGame", "Commander":"Coccolithophore", "Ship":"CobraMkIII", "ShipID":0, "GameMode":"Solo", "Credits":3691191, "Loan":0 }
{ "timestamp":"2016-12-15T17:12:26Z", "event":"Rank", "Combat":1, "Trade":2, "Explore":2, "Empire":0, "Federation":0, "CQC":0 }
{ "timestamp":"2016-12-15T17:12:26Z", "event":"Progress", "Combat":34, "Trade":81, "Explore":13, "Empire":0, "Federation":22, "CQC":0 }
{ "timestamp":"2016-12-15T17:12:59Z", "event":"Location", "Docked":true, "StationName":"Houtman City", "StationType":"Orbis", "StarSystem":"Aeternitas", "StarPos":[-1.500,-14.656,56.875], "SystemAllegiance":"Federation", "SystemEconomy":"$economy_Agri;", "SystemEconomy_Localised":"Agriculture", "SystemGovernment":"$government_Corporate;", "SystemGovernment_Localised":"Corporate", "SystemSecurity":"$SYSTEM_SECURITY_high;", "SystemSecurity_Localised":"High Security", "Body":"Houtman City", "BodyType":"Station", "SystemFaction":"Aeternitas Industries", "FactionState":"Boom" }
{ "timestamp":"2016-12-15T17:12:59Z", "event":"Docked", "StationName":"Houtman City", "StationType":"Orbis", "StarSystem":"Aeternitas", "StationFaction":"Aeternitas Industries", "FactionState":"Boom", "StationGovernment":"$government_Corporate;", "StationGovernment_Localised":"Corporate", "StationAllegiance":"Federation", "StationEconomy":"$economy_Industrial;", "StationEconomy_Localised":"Industrial" }
{ "timestamp":"2016-12-15T17:13:33Z", "event":"CommunityGoalReward", "Name":"Restoring Order in Aeternitas", "System":"Aeternitas", "Reward":4402944 }
{ "timestamp":"2016-12-15T17:13:52Z", "event":"CommunityGoalJoin", "Name":"Wildlife Reserve Delivery", "System":"LP 339-7" }
{ "timestamp":"2016-12-15T17:13:58Z", "event":"CommunityGoalJoin", "Name":"Protecting Traders in LP 339-7", "System":"LP 339-7" }
{ "timestamp":"2016-12-15T17:17:14Z", "event":"MarketBuy", "Type":"atmosphericextractors", "Count":12, "BuyPrice":269, "TotalCost":3228 }
{ "timestamp":"2016-12-15T17:17:37Z", "event":"ModuleBuy", "Slot":"Slot02_Size4", "SellItem":"$int_hullreinforcement_size4_class1_name;", "SellItem_Localised":"Hull Reinforcement", "SellPrice":65000, "BuyItem":"$int_cargorack_size4_class1_name;", "BuyItem_Localised":"Cargo Rack", "BuyPrice":34328, "Ship":"cobramkiii", "ShipID":0 }
{ "timestamp":"2016-12-15T17:18:42Z", "event":"MarketBuy", "Type":"atmosphericextractors", "Count":16, "BuyPrice":269, "TotalCost":4304 }
{ "timestamp":"2016-12-15T17:19:58Z", "event":"ReceiveText", "From":"$npc_name_decorate:#name=Khaleesi Timbleweed;", "From_Localised":"Khaleesi Timbleweed", "Message":"$Commuter_AuthorityScan10;", "Message_Localised":"You'll get no trouble from me, officer.", "Channel":"npc" }
{ "timestamp":"2016-12-15T17:20:18Z", "event":"Undocked", "StationName":"Houtman City", "StationType":"Orbis" }
{ "timestamp":"2016-12-15T17:20:47Z", "event":"ReceiveText", "From":"$npc_name_decorate:#name=Darthash;", "From_Localised":"Darthash", "Message":"$Commuter_AuthorityScan02;", "Message_Localised":"How can I be of assistance?", "Channel":"npc" }
{ "timestamp":"2016-12-15T17:21:57Z", "event":"FSDJump", "StarSystem":"Lokitaka Mu", "StarPos":[-19.094,-11.750,51.406], "SystemAllegiance":"Federation", "SystemEconomy":"$economy_Refinery;", "SystemEconomy_Localised":"Refinery", "SystemGovernment":"$government_Corporate;", "SystemGovernment_Localised":"Corporate", "SystemSecurity":"$SYSTEM_SECURITY_medium;", "SystemSecurity_Localised":"Medium Security", "JumpDist":18.652, "FuelUsed":2.611466, "FuelLevel":17.388535, "SystemFaction":"Lokitaka Mu Ltd" }
{ "timestamp":"2016-12-15T17:23:03Z", "event":"FSDJump", "StarSystem":"Liaedin", "StarPos":[-32.031,-5.813,38.125], "SystemAllegiance":"Empire", "SystemEconomy":"$economy_Extraction;", "SystemEconomy_Localised":"Extraction", "SystemGovernment":"$government_Patronage;", "SystemGovernment_Localised":"Patronage", "SystemSecurity":"$SYSTEM_SECURITY_medium;", "SystemSecurity_Localised":"Medium Security", "JumpDist":19.469, "FuelUsed":2.823087, "FuelLevel":14.565448, "SystemFaction":"Liaedin Patron's Principles", "FactionState":"Retreat" }
{ "timestamp":"2016-12-15T17:23:57Z", "event":"FSDJump", "StarSystem":"LP 452-10", "StarPos":[-44.969,-0.031,35.375], "SystemAllegiance":"", "SystemEconomy":"$economy_None;", "SystemEconomy_Localised":"None", "SystemGovernment":"$government_None;", "SystemGovernment_Localised":"None", "SystemSecurity":"$SYSTEM_SECURITY_low;", "SystemSecurity_Localised":"Low Security", "JumpDist":14.435, "FuelUsed":1.387144, "FuelLevel":13.178303 }
{ "timestamp":"2016-12-15T17:24:45Z", "event":"FSDJump", "StarSystem":"Wolf 864", "StarPos":[-55.531,-4.750,30.313], "SystemAllegiance":"", "SystemEconomy":"$economy_None;", "SystemEconomy_Localised":"None", "SystemGovernment":"$government_None;", "SystemGovernment_Localised":"None", "SystemSecurity":"$SYSTEM_SECURITY_low;", "SystemSecurity_Localised":"Low Security", "JumpDist":12.628, "FuelUsed":1.008529, "FuelLevel":12.169773 }
{ "timestamp":"2016-12-15T17:25:52Z", "event":"FSDJump", "StarSystem":"LP 339-7", "StarPos":[-70.063,-8.281,27.906], "SystemAllegiance":"Federation", "SystemEconomy":"$economy_Agri;", "SystemEconomy_Localised":"Agriculture", "SystemGovernment":"$government_Corporate;", "SystemGovernment_Localised":"Corporate", "SystemSecurity":"$SYSTEM_SECURITY_high;", "SystemSecurity_Localised":"High Security", "JumpDist":15.147, "FuelUsed":1.519908, "FuelLevel":10.649864, "SystemFaction":"Starship Enterprises", "FactionState":"Boom" }
{ "timestamp":"2016-12-15T17:26:07Z", "event":"ReceiveText", "From":"$npc_name_decorate:#name=Kaczynski;", "From_Localised":"Kaczynski", "Message":"$Pirate_HunterHostileSC_Relevant03;", "Message_Localised":"I've come a long way for what's in your hold, don't try to run!", "Channel":"npc" }
{ "timestamp":"2016-12-15T17:27:11Z", "event":"ReceiveText", "From":"$npc_name_decorate:#name=Kaczynski;", "From_Localised":"Kaczynski", "Message":"$Pirate_StartInterdiction06;", "Message_Localised":"Make it easy on yourself and submit.", "Channel":"npc" }
{ "timestamp":"2016-12-15T17:27:16Z", "event":"Interdicted", "Submitted":true, "Interdictor":"Kaczynski", "IsPlayer":false, "Faction":"LP 339-7 Blue Clan" }
{ "timestamp":"2016-12-15T17:27:17Z", "event":"SupercruiseExit", "StarSystem":"LP 339-7", "Body":"LP 339-7 3", "BodyType":"Planet" }
{ "timestamp":"2016-12-15T17:27:19Z", "event":"ReceiveText", "From":"$npc_name_decorate:#name=Kaczynski;", "From_Localised":"Kaczynski", "Message":"$Pirate_Arrival11;", "Message_Localised":"Empty your cargo hold and everything will be fine.", "Channel":"npc" }
{ "timestamp":"2016-12-15T17:27:29Z", "event":"ReceiveText", "From":"$npc_name_decorate:#name=Kaczynski;", "From_Localised":"Kaczynski", "Message":"$Pirate_OnDeclarePiracyAttack02;", "Message_Localised":"You choose death then. Very well.", "Channel":"npc" }
{ "timestamp":"2016-12-15T17:27:43Z", "event":"SupercruiseEntry", "StarSystem":"LP 339-7" }
{ "timestamp":"2016-12-15T17:28:04Z", "event":"ReceiveText", "From":"$npc_name_decorate:#name=Kaczynski;", "From_Localised":"Kaczynski", "Message":"$Pirate_HunterHostileSC_Relevant02;", "Message_Localised":"I knew I'd find you eventually, all that tasty cargo!", "Channel":"npc" }
{ "timestamp":"2016-12-15T17:28:34Z", "event":"SupercruiseExit", "StarSystem":"LP 339-7", "Body":"Whitson Orbital", "BodyType":"Station" }
{ "timestamp":"2016-12-15T17:28:35Z", "event":"ReceiveText", "From":"Whitson Orbital", "Message":"$STATION_NoFireZone_entered;", "Message_Localised":"No fire zone entered.", "Channel":"npc" }
{ "timestamp":"2016-12-15T17:28:43Z", "event":"DockingRequested", "StationName":"Whitson Orbital" }
{ "timestamp":"2016-12-15T17:28:43Z", "event":"ReceiveText", "From":"Whitson Orbital", "Message":"$DockingChatter_Neutral;", "Message_Localised":"Ensure to observe starport protocol during your visit, pilot.", "Channel":"npc" }
{ "timestamp":"2016-12-15T17:28:45Z", "event":"ReceiveText", "From":"Whitson Orbital", "Message":"$STATION_docking_granted;", "Message_Localised":"Docking request granted.", "Channel":"npc" }
{ "timestamp":"2016-12-15T17:28:45Z", "event":"DockingGranted", "LandingPad":34, "StationName":"Whitson Orbital" }
{ "timestamp":"2016-12-15T17:29:39Z", "event":"Docked", "StationName":"Whitson Orbital", "StationType":"Orbis", "StarSystem":"LP 339-7", "StationFaction":"Starship Enterprises", "FactionState":"Boom", "StationGovernment":"$government_Corporate;", "StationGovernment_Localised":"Corporate", "StationAllegiance":"Federation", "StationEconomy":"$economy_Agri;", "StationEconomy_Localised":"Agriculture" }
{ "timestamp":"2016-12-15T17:29:51Z", "event":"RefuelAll", "Cost":476, "Amount":9.499043 }
{ "timestamp":"2016-12-15T17:29:53Z", "event":"BuyAmmo", "Cost":100 }
{ "timestamp":"2016-12-15T17:30:54Z", "event":"MarketSell", "Type":"atmosphericextractors", "Count":28, "SellPrice":393, "TotalSale":11004, "AvgPricePaid":269 }
{ "timestamp":"2016-12-15T17:43:30Z", "event":"Undocked", "StationName":"Whitson Orbital", "StationType":"Orbis" }
{ "timestamp":"2016-12-15T17:44:33Z", "event":"ReceiveText", "From":"Whitson Orbital", "Message":"$STATION_NoFireZone_exited;", "Message_Localised":"No fire zone left.", "Channel":"npc" }
{ "timestamp":"2016-12-15T17:45:10Z", "event":"FSDJump", "StarSystem":"Gilgamesh", "StarPos":[-59.875,-16.000,28.781], "SystemAllegiance":"Federation", "SystemEconomy":"$economy_Agri;", "SystemEconomy_Localised":"Agriculture", "SystemGovernment":"$government_Corporate;", "SystemGovernment_Localised":"Corporate", "SystemSecurity":"$SYSTEM_SECURITY_high;", "SystemSecurity_Localised":"High Security", "JumpDist":12.811, "FuelUsed":0.873180, "FuelLevel":19.126820, "SystemFaction":"Gilgamesh Ltd", "FactionState":"Boom" }
{ "timestamp":"2016-12-15T17:47:33Z", "event":"SupercruiseExit", "StarSystem":"Gilgamesh", "Body":"Moffitt City", "BodyType":"Station" }
{ "timestamp":"2016-12-15T17:47:34Z", "event":"ReceiveText", "From":"Moffitt City", "Message":"$STATION_NoFireZone_entered;", "Message_Localised":"No fire zone entered.", "Channel":"npc" }
{ "timestamp":"2016-12-15T17:47:42Z", "event":"DockingRequested", "StationName":"Moffitt City" }
{ "timestamp":"2016-12-15T17:47:42Z", "event":"ReceiveText", "From":"Moffitt City", "Message":"$DockingChatter_Neutral;", "Message_Localised":"Ensure to observe starport protocol during your visit, pilot.", "Channel":"npc" }
{ "timestamp":"2016-12-15T17:47:43Z", "event":"ReceiveText", "From":"Moffitt City", "Message":"$STATION_docking_granted;", "Message_Localised":"Docking request granted.", "Channel":"npc" }
{ "timestamp":"2016-12-15T17:47:43Z", "event":"DockingGranted", "LandingPad":6, "StationName":"Moffitt City" }
{ "timestamp":"2016-12-15T17:48:30Z", "event":"Docked", "StationName":"Moffitt City", "StationType":"Orbis", "StarSystem":"Gilgamesh", "StationFaction":"Gilgamesh Crimson Central Group", "FactionState":"Boom", "StationGovernment":"$government_Corporate;", "StationGovernment_Localised":"Corporate", "StationAllegiance":"Federation", "StationEconomy":"$economy_Refinery;", "StationEconomy_Localised":"Refinery" }
{ "timestamp":"2016-12-15T17:49:31Z", "event":"ShipyardBuy", "ShipType":"vulture", "ShipPrice":4925615, "StoreOldShip":"CobraMkIII", "StoreShipID":0 }
{ "timestamp":"2016-12-15T17:49:32Z", "event":"ShipyardNew", "ShipType":"vulture", "NewShipID":1 }
{ "timestamp":"2016-12-15T17:49:44Z", "event":"Docked", "StationName":"Moffitt City", "StationType":"Orbis", "StarSystem":"Gilgamesh", "StationFaction":"Gilgamesh Crimson Central Group", "FactionState":"Boom", "StationGovernment":"$government_Corporate;", "StationGovernment_Localised":"Corporate", "StationAllegiance":"Federation", "StationEconomy":"$economy_Refinery;", "StationEconomy_Localised":"Refinery" }
{ "timestamp":"2016-12-15T17:51:17Z", "event":"ShipyardSwap", "ShipType":"cobramkiii", "ShipID":0, "StoreOldShip":"Vulture", "StoreShipID":1 }
{ "timestamp":"2016-12-15T17:51:28Z", "event":"Docked", "StationName":"Moffitt City", "StationType":"Orbis", "StarSystem":"Gilgamesh", "StationFaction":"Gilgamesh Crimson Central Group", "FactionState":"Boom", "StationGovernment":"$government_Corporate;", "StationGovernment_Localised":"Corporate", "StationAllegiance":"Federation", "StationEconomy":"$economy_Refinery;", "StationEconomy_Localised":"Refinery" }
{ "timestamp":"2016-12-15T17:52:05Z", "event":"ModuleSell", "Slot":"MediumHardpoint1", "SellItem":"$hpt_multicannon_gimbal_medium_name;", "SellItem_Localised":"Multi-Cannon", "SellPrice":48450, "Ship":"cobramkiii", "ShipID":0 }
{ "timestamp":"2016-12-15T17:52:14Z", "event":"ModuleSell", "Slot":"MediumHardpoint2", "SellItem":"$hpt_multicannon_gimbal_medium_name;", "SellItem_Localised":"Multi-Cannon", "SellPrice":48450, "Ship":"cobramkiii", "ShipID":0 }
{ "timestamp":"2016-12-15T17:53:53Z", "event":"ModuleSell", "Slot":"SmallHardpoint1", "SellItem":"$hpt_pulselaserburst_gimbal_small_name;", "SellItem_Localised":"Burst Laser", "SellPrice":8600, "Ship":"cobramkiii", "ShipID":0 }
{ "timestamp":"2016-12-15T17:54:03Z", "event":"ModuleSell", "Slot":"SmallHardpoint2", "SellItem":"$hpt_pulselaserburst_gimbal_small_name;", "SellItem_Localised":"Burst Laser", "SellPrice":8600, "Ship":"cobramkiii", "ShipID":0 }
{ "timestamp":"2016-12-15T17:54:19Z", "event":"ModuleSell", "Slot":"TinyHardpoint1", "SellItem":"$hpt_chafflauncher_tiny_name;", "SellItem_Localised":"Chaff", "SellPrice":7225, "Ship":"cobramkiii", "ShipID":0 }
{ "timestamp":"2016-12-15T17:54:26Z", "event":"ModuleSell", "Slot":"TinyHardpoint2", "SellItem":"$hpt_shieldbooster_size0_class3_name;", "SellItem_Localised":"Shield Booster", "SellPrice":45050, "Ship":"cobramkiii", "ShipID":0 }
{ "timestamp":"2016-12-15T17:54:38Z", "event":"ModuleBuy", "Slot":"PowerPlant", "SellItem":"$int_powerplant_size4_class3_name;", "SellItem_Localised":"Power Plant", "SellPrice":152064, "BuyItem":"$int_powerplant_size4_class1_name;", "BuyItem_Localised":"Power Plant", "BuyPrice":19878, "Ship":"cobramkiii", "ShipID":0 }
{ "timestamp":"2016-12-15T17:54:53Z", "event":"ModuleBuy", "Slot":"MainEngines", "SellItem":"$int_engine_size4_class3_name;", "SellItem_Localised":"Thrusters", "SellPrice":178898, "BuyItem":"$int_engine_size4_class1_name;", "BuyItem_Localised":"Thrusters", "BuyPrice":19878, "Ship":"cobramkiii", "ShipID":0 }
{ "timestamp":"2016-12-15T17:55:06Z", "event":"ShipyardSwap", "ShipType":"vulture", "ShipID":1, "StoreOldShip":"CobraMkIII", "StoreShipID":0 }
{ "timestamp":"2016-12-15T17:55:11Z", "event":"Docked", "StationName":"Moffitt City", "StationType":"Orbis", "StarSystem":"Gilgamesh", "StationFaction":"Gilgamesh Crimson Central Group", "FactionState":"Boom", "StationGovernment":"$government_Corporate;", "StationGovernment_Localised":"Corporate", "StationAllegiance":"Federation", "StationEconomy":"$economy_Refinery;", "StationEconomy_Localised":"Refinery" }
{ "timestamp":"2016-12-15T17:55:31Z", "event":"ShipyardSell", "ShipType":"cobramkiii", "SellShipID":0, "ShipPrice":3603552 }
{ "timestamp":"2016-12-15T17:56:09Z", "event":"ModuleBuy", "Slot":"LargeHardpoint1", "SellItem":"$hpt_pulselaser_fixed_small_name;", "SellItem_Localised":"Pulse Laser", "SellPrice":2200, "BuyItem":"$hpt_beamlaser_gimbal_large_name;", "BuyItem_Localised":"Beam Laser", "BuyPrice":1916928, "Ship":"vulture", "ShipID":1 }
{ "timestamp":"2016-12-15T17:56:36Z", "event":"ModuleBuy", "Slot":"LargeHardpoint2", "SellItem":"$hpt_pulselaser_fixed_small_name;", "SellItem_Localised":"Pulse Laser", "SellPrice":2200, "BuyItem":"$hpt_multicannon_gimbal_large_name;", "BuyItem_Localised":"Multi-Cannon", "BuyPrice":462749, "Ship":"vulture", "ShipID":1 }
{ "timestamp":"2016-12-15T17:56:43Z", "event":"ShieldState", "ShieldsUp":false }
{ "timestamp":"2016-12-15T17:57:10Z", "event":"ShieldState", "ShieldsUp":true }
{ "timestamp":"2016-12-15T17:57:32Z", "event":"ShieldState", "ShieldsUp":false }
{ "timestamp":"2016-12-15T17:58:14Z", "event":"ShieldState", "ShieldsUp":true }
{ "timestamp":"2016-12-15T17:58:48Z", "event":"Undocked", "StationName":"Moffitt City", "StationType":"Orbis" }
{ "timestamp":"2016-12-15T17:59:59Z", "event":"FSDJump", "StarSystem":"LP 395-15", "StarPos":[-65.125,-12.469,29.344], "SystemAllegiance":"", "SystemEconomy":"$economy_None;", "SystemEconomy_Localised":"None", "SystemGovernment":"$government_None;", "SystemGovernment_Localised":"None", "SystemSecurity":"$SYSTEM_SECURITY_low;", "SystemSecurity_Localised":"Low Security", "JumpDist":6.352, "FuelUsed":1.368830, "FuelLevel":6.631170 }
{ "timestamp":"2016-12-15T18:01:01Z", "event":"FSDJump", "StarSystem":"LP 339-7", "StarPos":[-70.063,-8.281,27.906], "SystemAllegiance":"Federation", "SystemEconomy":"$economy_Agri;", "SystemEconomy_Localised":"Agriculture", "SystemGovernment":"$government_Corporate;", "SystemGovernment_Localised":"Corporate", "SystemSecurity":"$SYSTEM_SECURITY_high;", "SystemSecurity_Localised":"High Security", "JumpDist":6.632, "FuelUsed":1.498232, "FuelLevel":5.132937, "SystemFaction":"Starship Enterprises", "FactionState":"Boom" }
{ "timestamp":"2016-12-15T18:04:04Z", "event":"ReceiveText", "From":"$npc_name_decorate:#name=Wedding Barge;", "From_Localised":"Wedding Barge", "Message":"$ConvoyWedding_Patrol08;", "Message_Localised":"I've never seen the whole family together before.", "Channel":"npc" }
{ "timestamp":"2016-12-15T18:04:50Z", "event":"ReceiveText", "From":"$npc_name_decorate:#name=Wedding Barge;", "From_Localised":"Wedding Barge", "Message":"$ConvoyWedding_Patrol01;", "Message_Localised":"Help us celebrate our happy day!", "Channel":"npc" }
{ "timestamp":"2016-12-15T18:04:54Z", "event":"SupercruiseExit", "StarSystem":"LP 339-7", "Body":"Chapman Hub", "BodyType":"Station" }
{ "timestamp":"2016-12-15T18:05:11Z", "event":"DockingRequested", "StationName":"Chapman Hub" }
{ "timestamp":"2016-12-15T18:05:11Z", "event":"ReceiveText", "From":"Chapman Hub", "Message":"$DockingChatter_Neutral;", "Message_Localised":"Ensure to observe starport protocol during your visit, pilot.", "Channel":"npc" }
{ "timestamp":"2016-12-15T18:05:12Z", "event":"ReceiveText", "From":"Chapman Hub", "Message":"$STATION_docking_granted;", "Message_Localised":"Docking request granted.", "Channel":"npc" }
{ "timestamp":"2016-12-15T18:05:12Z", "event":"DockingGranted", "LandingPad":3, "StationName":"Chapman Hub" }
{ "timestamp":"2016-12-15T18:05:16Z", "event":"ReceiveText", "From":"Chapman Hub", "Message":"$STATION_NoFireZone_entered;", "Message_Localised":"No fire zone entered.", "Channel":"npc" }
{ "timestamp":"2016-12-15T18:06:05Z", "event":"Docked", "StationName":"Chapman Hub", "StationType":"Outpost", "StarSystem":"LP 339-7", "StationFaction":"LP 339-7 Blue Creative Inc", "FactionState":"Boom", "StationGovernment":"$government_Corporate;", "StationGovernment_Localised":"Corporate", "StationAllegiance":"Federation", "StationEconomy":"$economy_Industrial;", "StationEconomy_Localised":"Industrial" }
{ "timestamp":"2016-12-15T18:10:43Z", "event":"ModuleBuy", "Slot":"FrameShiftDrive", "SellItem":"$int_hyperdrive_size4_class1_name;", "SellItem_Localised":"FSD", "SellPrice":19878, "BuyItem":"$int_hyperdrive_size4_class4_name;", "BuyItem_Localised":"FSD", "BuyPrice":536693, "Ship":"vulture", "ShipID":1 }
{ "timestamp":"2016-12-15T18:11:25Z", "event":"ModuleBuy", "Slot":"MainEngines", "SellItem":"$int_engine_size5_class1_name;", "SellItem_Localised":"Thrusters", "SellPrice":63012, "BuyItem":"$int_engine_size5_class4_name;", "BuyItem_Localised":"Thrusters", "BuyPrice":1701318, "Ship":"vulture", "ShipID":1 }
{ "timestamp":"2016-12-15T18:11:26Z", "event":"ShieldState", "ShieldsUp":false }
{ "timestamp":"2016-12-15T18:11:55Z", "event":"ModuleBuy", "Slot":"Slot01_Size5", "SellItem":"$int_shieldgenerator_size5_class1_name;", "SellItem_Localised":"Shield Generator", "SellPrice":63012, "BuyItem":"$int_shieldgenerator_size5_class4_name;", "BuyItem_Localised":"Shield Generator", "BuyPrice":1701318, "Ship":"vulture", "ShipID":1 }
{ "timestamp":"2016-12-15T18:12:45Z", "event":"ShieldState", "ShieldsUp":true }
{ "timestamp":"2016-12-15T18:13:13Z", "event":"Undocked", "StationName":"Chapman Hub", "StationType":"Outpost" }
{ "timestamp":"2016-12-15T18:13:37Z", "event":"ReceiveText", "From":"Chapman Hub", "Message":"$STATION_NoFireZone_exited;", "Message_Localised":"No fire zone left.", "Channel":"npc" }
{ "timestamp":"2016-12-15T18:13:44Z", "event":"ShieldState", "ShieldsUp":false }
{ "timestamp":"2016-12-15T18:15:00Z", "event":"FSDJump", "StarSystem":"BD+25 4085", "StarPos":[-64.469,-4.125,30.906], "SystemAllegiance":"", "SystemEconomy":"$economy_None;", "SystemEconomy_Localised":"None", "SystemGovernment":"$government_None;", "SystemGovernment_Localised":"None", "SystemSecurity":"$SYSTEM_SECURITY_low;", "SystemSecurity_Localised":"Low Security", "JumpDist":7.587, "FuelUsed":0.791192, "FuelLevel":4.341745 }
{ "timestamp":"2016-12-15T18:15:56Z", "event":"FSDJump", "StarSystem":"Wolf 864", "StarPos":[-55.531,-4.750,30.313], "SystemAllegiance":"", "SystemEconomy":"$economy_None;", "SystemEconomy_Localised":"None", "SystemGovernment":"$government_None;", "SystemGovernment_Localised":"None", "SystemSecurity":"$SYSTEM_SECURITY_low;", "SystemSecurity_Localised":"Low Security", "JumpDist":8.979, "FuelUsed":1.160052, "FuelLevel":3.181693 }
{ "timestamp":"2016-12-15T18:16:58Z", "event":"FSDJump", "StarSystem":"Wolf 865", "StarPos":[-50.469,-9.063,34.656], "SystemAllegiance":"Federation", "SystemEconomy":"$economy_Industrial;", "SystemEconomy_Localised":"Industrial", "SystemGovernment":"$government_Corporate;", "SystemGovernment_Localised":"Corporate", "SystemSecurity":"$SYSTEM_SECURITY_high;", "SystemSecurity_Localised":"High Security", "JumpDist":7.943, "FuelUsed":0.869032, "FuelLevel":2.312661, "SystemFaction":"Wolf 865 Group" }
{ "timestamp":"2016-12-15T18:20:07Z", "event":"SupercruiseExit", "StarSystem":"Wolf 865", "Body":"McCulley Ring", "BodyType":"Station" }
{ "timestamp":"2016-12-15T18:20:21Z", "event":"DockingRequested", "StationName":"McCulley Ring" }
{ "timestamp":"2016-12-15T18:20:21Z", "event":"ReceiveText", "From":"McCulley Ring", "Message":"$DockingChatter_Neutral;", "Message_Localised":"Ensure to observe starport protocol during your visit, pilot.", "Channel":"npc" }
{ "timestamp":"2016-12-15T18:20:22Z", "event":"ReceiveText", "From":"McCulley Ring", "Message":"$STATION_docking_granted;", "Message_Localised":"Docking request granted.", "Channel":"npc" }
{ "timestamp":"2016-12-15T18:20:22Z", "event":"DockingGranted", "LandingPad":44, "StationName":"McCulley Ring" }
{ "timestamp":"2016-12-15T18:20:29Z", "event":"ReceiveText", "From":"McCulley Ring", "Message":"$STATION_NoFireZone_entered;", "Message_Localised":"No fire zone entered.", "Channel":"npc" }
{ "timestamp":"2016-12-15T18:21:15Z", "event":"Docked", "StationName":"McCulley Ring", "StationType":"Bernal", "StarSystem":"Wolf 865", "StationFaction":"Wolf 865 Group", "StationGovernment":"$government_Corporate;", "StationGovernment_Localised":"Corporate", "StationAllegiance":"Federation", "StationEconomy":"$economy_Industrial;", "StationEconomy_Localised":"Industrial" }
{ "timestamp":"2016-12-15T18:21:17Z", "event":"ReceiveText", "From":"$npc_name_decorate:#name=Scott Hammond;", "From_Localised":"Scott Hammond", "Message":"$Commuter_AuthorityScan03;", "Message_Localised":"Will this take long? I’ve got a schedule to keep. ", "Channel":"npc" }
{ "timestamp":"2016-12-15T18:21:42Z", "event":"ShieldState", "ShieldsUp":false }
{ "timestamp":"2016-12-15T18:23:45Z", "event":"ModuleBuy", "Slot":"Slot01_Size5", "SellItem":"$int_shieldgenerator_size5_class4_name;", "SellItem_Localised":"Shield Generator", "SellPrice":1701318, "BuyItem":"$int_shieldgenerator_size5_class3_name;", "BuyItem_Localised":"Shield Generator", "BuyPrice":567106, "Ship":"vulture", "ShipID":1 }
{ "timestamp":"2016-12-15T18:24:02Z", "event":"ModuleBuy", "Slot":"PowerPlant", "SellItem":"$int_powerplant_size4_class1_name;", "SellItem_Localised":"Power Plant", "SellPrice":19878, "BuyItem":"$int_powerplant_size4_class4_name;", "BuyItem_Localised":"Power Plant", "BuyPrice":536693, "Ship":"vulture", "ShipID":1 }
{ "timestamp":"2016-12-15T18:24:10Z", "event":"ShieldState", "ShieldsUp":true }
{ "timestamp":"2016-12-15T18:24:33Z", "event":"ModuleBuy", "Slot":"PowerDistributor", "SellItem":"$int_powerdistributor_size5_class1_name;", "SellItem_Localised":"Power Distributor", "SellPrice":31778, "BuyItem":"$int_powerdistributor_size4_class5_name;", "BuyItem_Localised":"Power Distributor", "BuyPrice":443328, "Ship":"vulture", "ShipID":1 }
{ "timestamp":"2016-12-15T18:24:50Z", "event":"ModuleBuy", "Slot":"Slot02_Size4", "SellItem":"$int_cargorack_size3_class1_name;", "SellItem_Localised":"Cargo Rack", "SellPrice":10563, "BuyItem":"$int_cargorack_size4_class1_name;", "BuyItem_Localised":"Cargo Rack", "BuyPrice":34328, "Ship":"vulture", "ShipID":1 }
{ "timestamp":"2016-12-15T18:25:32Z", "event":"ModuleBuy", "Slot":"TinyHardpoint1", "BuyItem":"$hpt_chafflauncher_tiny_name;", "BuyItem_Localised":"Chaff", "BuyPrice":8500, "Ship":"vulture", "ShipID":1 }
{ "timestamp":"2016-12-15T18:25:42Z", "event":"ModuleBuy", "Slot":"TinyHardpoint2", "BuyItem":"$hpt_heatsinklauncher_turret_tiny_name;", "BuyItem_Localised":"Heat Sink", "BuyPrice":3500, "Ship":"vulture", "ShipID":1 }
{ "timestamp":"2016-12-15T18:26:08Z", "event":"ModuleBuy", "Slot":"TinyHardpoint3", "BuyItem":"$hpt_plasmapointdefence_turret_tiny_name;", "BuyItem_Localised":"Point Defence", "BuyPrice":18546, "Ship":"vulture", "ShipID":1 }
{ "timestamp":"2016-12-15T18:26:52Z", "event":"RefuelAll", "Cost":298, "Amount":5.946534 }
{ "timestamp":"2016-12-15T18:27:40Z", "event":"Undocked", "StationName":"McCulley Ring", "StationType":"Bernal" }
{ "timestamp":"2016-12-15T18:28:03Z", "event":"ReceiveText", "From":"McCulley Ring", "Message":"$STATION_NoFireZone_exited;", "Message_Localised":"No fire zone left.", "Channel":"npc" }
{ "timestamp":"2016-12-15T18:28:50Z", "event":"FSDJump", "StarSystem":"Gilgamesh", "StarPos":[-59.875,-16.000,28.781], "SystemAllegiance":"Federation", "SystemEconomy":"$economy_Agri;", "SystemEconomy_Localised":"Agriculture", "SystemGovernment":"$government_Corporate;", "SystemGovernment_Localised":"Corporate", "SystemSecurity":"$SYSTEM_SECURITY_high;", "SystemSecurity_Localised":"High Security", "JumpDist":13.081, "FuelUsed":2.481034, "FuelLevel":5.518966, "SystemFaction":"Gilgamesh Ltd", "FactionState":"Boom" }
{ "timestamp":"2016-12-15T18:29:42Z", "event":"FSDJump", "StarSystem":"LP 339-7", "StarPos":[-70.063,-8.281,27.906], "SystemAllegiance":"Federation", "SystemEconomy":"$economy_Agri;", "SystemEconomy_Localised":"Agriculture", "SystemGovernment":"$government_Corporate;", "SystemGovernment_Localised":"Corporate", "SystemSecurity":"$SYSTEM_SECURITY_high;", "SystemSecurity_Localised":"High Security", "JumpDist":12.811, "FuelUsed":2.328312, "FuelLevel":3.190654, "SystemFaction":"Starship Enterprises", "FactionState":"Boom" }
{ "timestamp":"2016-12-15T18:30:43Z", "event":"SupercruiseExit", "StarSystem":"LP 339-7", "Body":"LP 339-7", "BodyType":"Star" }
{ "timestamp":"2016-12-15T18:31:26Z", "event":"ReceiveText", "From":"$npc_name_decorate:#name=Marcus Speight;", "From_Localised":"Marcus Speight", "Message":"$BountyHunter_ThankYouPassedStopAndSearch02;", "Message_Localised":"You're not the one I'm looking for. Move along.", "Channel":"npc" }
{ "timestamp":"2016-12-15T18:31:26Z", "event":"ReceiveText", "From":"$npc_name_decorate:#name=Matt Heathcote;", "From_Localised":"Matt Heathcote", "Message":"$Police_ThankYouPassedStopAndSearch06;", "Message_Localised":"We're done here pilot, move along.", "Channel":"npc" }
{ "timestamp":"2016-12-15T18:31:46Z", "event":"ReceiveText", "From":"$npc_name_decorate:#name=Mike Moreira;", "From_Localised":"Mike Moreira", "Message":"$Smuggler_NearDeath01;", "Message_Localised":"Okay, okay, the cargo's all yours... This job isn't worth my life.", "Channel":"npc" }
{ "timestamp":"2016-12-15T18:31:53Z", "event":"ReceiveText", "From":"$npc_name_decorate:#name=EGP Operative;", "From_Localised":"EGP Operative", "Message":"$PowersPirate_OnStartScanCargo05;", "Message_Localised":"We're in need of some contributions. You got any?", "Channel":"npc" }
{ "timestamp":"2016-12-15T18:32:09Z", "event":"ReceiveText", "From":"$ShipName_Police_Federation;", "From_Localised":"Federal Security Service", "Message":"$Police_ArriveInvestigate04;", "Message_Localised":"Emergency response squad in position.", "Channel":"npc" }
{ "timestamp":"2016-12-15T18:32:11Z", "event":"ReceiveText", "From":"$ShipName_Police_Federation;", "From_Localised":"Federal Security Service", "Message":"$Police_ArrivedAtInvestigationLocation05;", "Message_Localised":"A crime has been reported here. All ships will be scanned.", "Channel":"npc" }
{ "timestamp":"2016-12-15T18:32:23Z", "event":"Bounty", "Rewards":[ { "Faction":"Starship Enterprises", "Reward":400 }, { "Faction":"Federation", "Reward":21997 } ], "TotalReward":22397, "VictimFaction":"Traditional LTT 15985 Focus" }
{ "timestamp":"2016-12-15T18:32:42Z", "event":"ReceiveText", "From":"$ShipName_Police_Federation;", "From_Localised":"Federal Security Service", "Message":"$Police_ArriveInvestigate01;", "Message_Localised":"Investigating reports of crime.", "Channel":"npc" }
{ "timestamp":"2016-12-15T18:33:00Z", "event":"ReceiveText", "From":"$npc_name_decorate:#name=Sirius Security;", "From_Localised":"Sirius Security", "Message":"$BadKarmaCriticalDamage02;", "Message_Localised":"Impossible!", "Channel":"npc" }
{ "timestamp":"2016-12-15T18:33:25Z", "event":"ReceiveText", "From":"$ShipName_Police_Federation;", "From_Localised":"Federal Security Service", "Message":"$Police_ArrivedAtInvestigationLocation06;", "Message_Localised":"Crime response team in situ. Security sweep and scan commencing.", "Channel":"npc" }
{ "timestamp":"2016-12-15T18:33:29Z", "event":"ReceiveText", "From":"$npc_name_decorate:#name=Buddae Sh'taetre;", "From_Localised":"Buddae Sh'taetre", "Message":"$Police_ThankYouPassedStopAndSearch06;", "Message_Localised":"We're done here pilot, move along.", "Channel":"npc" }
{ "timestamp":"2016-12-15T18:33:55Z", "event":"ReceiveText", "From":"$npc_name_decorate:#name=Master Snakou;", "From_Localised":"Master Snakou", "Message":"$Pirate_OnStartScanCargo11;", "Message_Localised":"I hope you have something good in your hold.", "Channel":"npc" }
{ "timestamp":"2016-12-15T18:34:06Z", "event":"ReceiveText", "From":"$npc_name_decorate:#name=Master Snakou;", "From_Localised":"Master Snakou", "Message":"$Pirate_LargeCargoIgnoreThreat07;", "Message_Localised":"The bigger they are, the bigger the haul.", "Channel":"npc" }
{ "timestamp":"2016-12-15T18:34:07Z", "event":"ReceiveText", "From":"$npc_name_decorate:#name=EGP Operative;", "From_Localised":"EGP Operative", "Message":"$Pirate_OnDeclarePiracyAttack04;", "Message_Localised":"I'm gonna boil you up!", "Channel":"npc" }
{ "timestamp":"2016-12-15T18:34:30Z", "event":"ReceiveText", "From":"$npc_name_decorate:#name=Simon Farrington;", "From_Localised":"Simon Farrington", "Message":"$BountyHunter_ThankYouPassedStopAndSearch04;", "Message_Localised":"Sorry, mistaken identity. I thought you were someone else.", "Channel":"npc" }
{ "timestamp":"2016-12-15T18:34:59Z", "event":"ReceiveText", "From":"$npc_name_decorate:#name=EGP Operative;", "From_Localised":"EGP Operative", "Message":"$BadKarmaCriticalDamage09;", "Message_Localised":"I can see when I'm outmatched.", "Channel":"npc" }
{ "timestamp":"2016-12-15T18:35:19Z", "event":"Bounty", "Rewards":[ { "Faction":"Starship Enterprises", "Reward":800 }, { "Faction":"Federation", "Reward":16335 } ], "TotalReward":17135, "VictimFaction":"Yuri Grom" }
{ "timestamp":"2016-12-15T18:36:28Z", "event":"ReceiveText", "From":"$npc_name_decorate:#name=Axiom;", "From_Localised":"Axiom", "Message":"$Escort_AttackDutyStart07;", "Message_Localised":"Tracking targets.", "Channel":"npc" }
{ "timestamp":"2016-12-15T18:36:28Z", "event":"ReceiveText", "From":"$npc_name_decorate:#name=Zac Thompson;", "From_Localised":"Zac Thompson", "Message":"$Pirate_OnDeclarePiracyAttack04;", "Message_Localised":"I'm gonna boil you up!", "Channel":"npc" }
{ "timestamp":"2016-12-15T18:36:33Z", "event":"ReceiveText", "From":"$npc_name_decorate:#name=Andy Crowe;", "From_Localised":"Andy Crowe", "Message":"$Escort_NearDeath07;", "Message_Localised":"I've taken too much damage.", "Channel":"npc" }
{ "timestamp":"2016-12-15T18:36:37Z", "event":"Bounty", "Rewards":[ { "Faction":"Federation", "Reward":4140 } ], "TotalReward":4140, "VictimFaction":"Starship Enterprises" }
{ "timestamp":"2016-12-15T18:36:48Z", "event":"MaterialCollected", "Category":"Encoded", "Name":"emissiondata", "Count":3 }
{ "timestamp":"2016-12-15T18:36:58Z", "event":"ReceiveText", "From":"$npc_name_decorate:#name=Axiom;", "From_Localised":"Axiom", "Message":"$Escort_NearDeath08;", "Message_Localised":"Avenge me!", "Channel":"npc" }
{ "timestamp":"2016-12-15T18:37:28Z", "event":"ReceiveText", "From":"$npc_name_decorate:#name=Axiom;", "From_Localised":"Axiom", "Message":"$Pirate_OnDeclarePiracyAttack03;", "Message_Localised":"Now you die, victim.", "Channel":"npc" }
{ "timestamp":"2016-12-15T18:37:57Z", "event":"Bounty", "Rewards":[ { "Faction":"Starship Enterprises", "Reward":400 }, { "Faction":"Federation", "Reward":2460 } ], "TotalReward":2860, "VictimFaction":"Starship Enterprises" }
{ "timestamp":"2016-12-15T18:38:03Z", "event":"ReceiveText", "From":"$ShipName_Police_Federation;", "From_Localised":"Federal Security Service", "Message":"$Police_ThankYouPassedStopAndSearch02;", "Message_Localised":"You're clean. Proceed, pilot.", "Channel":"npc" }
{ "timestamp":"2016-12-15T18:38:21Z", "event":"SupercruiseEntry", "StarSystem":"LP 339-7" }
{ "timestamp":"2016-12-15T18:41:26Z", "event":"SupercruiseExit", "StarSystem":"LP 339-7", "Body":"Whitson Orbital", "BodyType":"Station" }
{ "timestamp":"2016-12-15T18:41:27Z", "event":"ReceiveText", "From":"Whitson Orbital", "Message":"$STATION_NoFireZone_entered;", "Message_Localised":"No fire zone entered.", "Channel":"npc" }
{ "timestamp":"2016-12-15T18:41:42Z", "event":"DockingRequested", "StationName":"Whitson Orbital" }
{ "timestamp":"2016-12-15T18:41:42Z", "event":"ReceiveText", "From":"Whitson Orbital", "Message":"$DockingChatter_Neutral;", "Message_Localised":"Ensure to observe starport protocol during your visit, pilot.", "Channel":"npc" }
{ "timestamp":"2016-12-15T18:41:43Z", "event":"ReceiveText", "From":"Whitson Orbital", "Message":"$STATION_docking_granted;", "Message_Localised":"Docking request granted.", "Channel":"npc" }
{ "timestamp":"2016-12-15T18:41:43Z", "event":"DockingGranted", "LandingPad":6, "StationName":"Whitson Orbital" }
{ "timestamp":"2016-12-15T18:42:23Z", "event":"Docked", "StationName":"Whitson Orbital", "StationType":"Orbis", "StarSystem":"LP 339-7", "StationFaction":"Starship Enterprises", "FactionState":"Boom", "StationGovernment":"$government_Corporate;", "StationGovernment_Localised":"Corporate", "StationAllegiance":"Federation", "StationEconomy":"$economy_Agri;", "StationEconomy_Localised":"Agriculture" }
{ "timestamp":"2016-12-15T18:42:42Z", "event":"RedeemVoucher", "Type":"bounty", "Amount":46532 }
{ "timestamp":"2016-12-15T18:43:13Z", "event":"RefuelAll", "Cost":255, "Amount":5.087712 }
{ "timestamp":"2016-12-15T18:43:15Z", "event":"BuyAmmo", "Cost":699 }
{ "timestamp":"2016-12-15T18:43:44Z", "event":"ModuleBuy", "Slot":"TinyHardpoint4", "BuyItem":"$hpt_electroniccountermeasure_tiny_name;", "BuyItem_Localised":"ECM", "BuyPrice":12500, "Ship":"vulture", "ShipID":1 }
{ "timestamp":"2016-12-15T18:44:11Z", "event":"ModuleBuy", "Slot":"LifeSupport", "SellItem":"$int_lifesupport_size3_class1_name;", "SellItem_Localised":"Life Support", "SellPrice":4053, "BuyItem":"$int_lifesupport_size3_class2_name;", "BuyItem_Localised":"Life Support", "BuyPrice":10133, "Ship":"vulture", "ShipID":1 }
{ "timestamp":"2016-12-15T18:46:11Z", "event":"ModuleBuy", "Slot":"Slot05_Size1", "BuyItem":"$int_hullreinforcement_size1_class1_name;", "BuyItem_Localised":"Hull Reinforcement", "BuyPrice":5000, "Ship":"vulture", "ShipID":1 }
{ "timestamp":"2016-12-15T18:46:58Z", "event":"Undocked", "StationName":"Whitson Orbital", "StationType":"Orbis" }
{ "timestamp":"2016-12-15T18:48:28Z", "event":"SupercruiseEntry", "StarSystem":"LP 339-7" }
{ "timestamp":"2016-12-15T18:51:00Z", "event":"SupercruiseExit", "StarSystem":"LP 339-7", "Body":"LP 339-7", "BodyType":"Star" }
{ "timestamp":"2016-12-15T18:51:09Z", "event":"MaterialCollected", "Category":"Encoded", "Name":"shieldcyclerecordings", "Count":3 }
{ "timestamp":"2016-12-15T18:53:28Z", "event":"ReceiveText", "From":"$npc_name_decorate:#name=Michael Watts;", "From_Localised":"Michael Watts", "Message":"$Police_ThankYouPassedStopAndSearch02;", "Message_Localised":"You're clean. Proceed, pilot.", "Channel":"npc" }
{ "timestamp":"2016-12-15T18:53:33Z", "event":"MaterialCollected", "Category":"Encoded", "Name":"shieldpatternanalysis", "Count":3 }
{ "timestamp":"2016-12-15T18:53:33Z", "event":"MaterialCollected", "Category":"Encoded", "Name":"decodedemissiondata", "Count":3 }
{ "timestamp":"2016-12-15T18:55:10Z", "event":"ReceiveText", "From":"$npc_name_decorate:#name=Jerk Beefy;", "From_Localised":"Jerk Beefy", "Message":"$Pirate_OnDeclarePiracyAttack01;", "Message_Localised":"I'll pick your bones clean, greenhorn.", "Channel":"npc" }
{ "timestamp":"2016-12-15T18:55:26Z", "event":"ReceiveText", "From":"$npc_name_decorate:#name=Jerk Beefy;", "From_Localised":"Jerk Beefy", "Message":"$Pirate_NiggledByNewShip02;", "Message_Localised":"You have just made a big mistake.", "Channel":"npc" }
{ "timestamp":"2016-12-15T18:55:47Z", "event":"Bounty", "Rewards":[ { "Faction":"Starship Enterprises", "Reward":15080 } ], "TotalReward":15080, "VictimFaction":"LP 339-7 Blue Clan" }
{ "timestamp":"2016-12-15T18:56:57Z", "event":"ReceiveText", "From":"$ShipName_Police_Federation;", "From_Localised":"Federal Security Service", "Message":"$Police_ThankYouPassedStopAndSearch01;", "Message_Localised":"Thank you for your cooperation, Commander.", "Channel":"npc" }
{ "timestamp":"2016-12-15T18:58:12Z", "event":"SupercruiseEntry", "StarSystem":"LP 339-7" }
{ "timestamp":"2016-12-15T18:59:05Z", "event":"ReceiveText", "From":"$npc_name_decorate:#name=Cruise Ship;", "From_Localised":"Cruise Ship", "Message":"$CruiseLiner_SCPatrol01;", "Message_Localised":"And don't forget, this Liner is in the top 1% of all Liners out there.", "Channel":"npc" }
{ "timestamp":"2016-12-15T19:02:24Z", "event":"MaterialCollected", "Category":"Encoded", "Name":"scanarchives", "Count":3 }
{ "timestamp":"2016-12-15T19:02:44Z", "event":"USSDrop", "USSType":"$USS_Type_VeryValuableSalvage;", "USSType_Localised":"High grade emissions detected", "USSThreat":0 }
{ "timestamp":"2016-12-15T19:02:45Z", "event":"SupercruiseExit", "StarSystem":"LP 339-7", "Body":"LP 339-7", "BodyType":"Star" }
{ "timestamp":"2016-12-15T19:03:49Z", "event":"MaterialDiscovered", "Category":"Manufactured", "Name":"protoheatradiators", "DiscoveryNumber":3 }
{ "timestamp":"2016-12-15T19:03:49Z", "event":"MaterialCollected", "Category":"Manufactured", "Name":"protoheatradiators", "Count":3 }
{ "timestamp":"2016-12-15T19:04:06Z", "event":"MaterialCollected", "Category":"Manufactured", "Name":"protoheatradiators", "Count":3 }
{ "timestamp":"2016-12-15T19:04:17Z", "event":"MaterialCollected", "Category":"Manufactured", "Name":"protoheatradiators", "Count":3 }
{ "timestamp":"2016-12-15T19:04:29Z", "event":"SupercruiseEntry", "StarSystem":"LP 339-7" }
{ "timestamp":"2016-12-15T19:07:06Z", "event":"ReceiveText", "From":"$npc_name_decorate:#name=Rich Harding;", "From_Localised":"Rich Harding", "Message":"$Pirate_HunterHostileSC_Relevant01;", "Message_Localised":"That's the ship I'm looking for, the one with the big haul...", "Channel":"npc" }
{ "timestamp":"2016-12-15T19:07:10Z", "event":"ReceiveText", "From":"$npc_name_decorate:#name=Rich Harding;", "From_Localised":"Rich Harding", "Message":"$Pirate_StartInterdiction05;", "Message_Localised":"You have something that I want.", "Channel":"npc" }
{ "timestamp":"2016-12-15T19:07:15Z", "event":"Interdicted", "Submitted":true, "Interdictor":"Rich Harding", "IsPlayer":false, "Faction":"LP 339-7 Blue Clan" }
{ "timestamp":"2016-12-15T19:07:16Z", "event":"SupercruiseExit", "StarSystem":"LP 339-7", "Body":"LP 339-7 5", "BodyType":"Planet" }
{ "timestamp":"2016-12-15T19:07:28Z", "event":"ReceiveText", "From":"$npc_name_decorate:#name=Rich Harding;", "From_Localised":"Rich Harding", "Message":"$Pirate_Arrival06;", "Message_Localised":"Hahahahaha!", "Channel":"npc" }
{ "timestamp":"2016-12-15T19:08:17Z", "event":"ReceiveText", "From":"$ShipName_Police_Federation;", "From_Localised":"Federal Security Service", "Message":"$Police_ArriveInvestigate04;", "Message_Localised":"Emergency response squad in position.", "Channel":"npc" }
{ "timestamp":"2016-12-15T19:08:18Z", "event":"ReceiveText", "From":"$ShipName_Police_Federation;", "From_Localised":"Federal Security Service", "Message":"$Police_ArrivedAtInvestigationLocation01;", "Message_Localised":"All citizens must submit to authority scans. Do not attempt to flee!", "Channel":"npc" }
{ "timestamp":"2016-12-15T19:08:21Z", "event":"Bounty", "Rewards":[ { "Faction":"Starship Enterprises", "Reward":400 }, { "Faction":"Federation", "Reward":22920 } ], "TotalReward":23320, "VictimFaction":"LP 339-7 Blue Clan" }
{ "timestamp":"2016-12-15T19:08:34Z", "event":"SupercruiseEntry", "StarSystem":"LP 339-7" }
{ "timestamp":"2016-12-15T19:09:21Z", "event":"SupercruiseExit", "StarSystem":"LP 339-7", "Body":"LP 339-7 5 B Ring", "BodyType":"PlanetaryRing" }
{ "timestamp":"2016-12-15T19:10:00Z", "event":"MaterialCollected", "Category":"Encoded", "Name":"shieldcyclerecordings", "Count":3 }
{ "timestamp":"2016-12-15T19:10:17Z", "event":"ReceiveText", "From":"$npc_name_decorate:#name=Claygate Suriman;", "From_Localised":"Claygate Suriman", "Message":"$Pirate_OnStartScanCargo10;", "Message_Localised":"Let me see what you have.", "Channel":"npc" }
{ "timestamp":"2016-12-15T19:10:24Z", "event":"ReceiveText", "From":"$npc_name_decorate:#name=Richard Parkes;", "From_Localised":"Richard Parkes", "Message":"$Pirate_OnStartScanCargo01;", "Message_Localised":"I see all!", "Channel":"npc" }
{ "timestamp":"2016-12-15T19:10:27Z", "event":"ReceiveText", "From":"$npc_name_decorate:#name=Claygate Suriman;", "From_Localised":"Claygate Suriman", "Message":"$Pirate_LargeCargoIgnoreThreat02;", "Message_Localised":"Woah! The mother lode! Gimme your cargo.", "Channel":"npc" }
{ "timestamp":"2016-12-15T19:10:34Z", "event":"ReceiveText", "From":"$npc_name_decorate:#name=Richard Parkes;", "From_Localised":"Richard Parkes", "Message":"$Pirate_LargeCargoIgnoreThreat03;", "Message_Localised":"How did you make it this far?! That's a loot haul worth the price.", "Channel":"npc" }
{ "timestamp":"2016-12-15T19:10:44Z", "event":"ReceiveText", "From":"$npc_name_decorate:#name=Richard Parkes;", "From_Localised":"Richard Parkes", "Message":"$Pirate_OnDeclarePiracyAttack16;", "Message_Localised":"I have you in my sights.", "Channel":"npc" }
{ "timestamp":"2016-12-15T19:11:00Z", "event":"ReceiveText", "From":"$ShipName_Police_Federation;", "From_Localised":"Federal Security Service", "Message":"$Police_ArriveInvestigate03;", "Message_Localised":"Crime response flight deployed.", "Channel":"npc" }
{ "timestamp":"2016-12-15T19:11:00Z", "event":"ReceiveText", "From":"$ShipName_Police_Federation;", "From_Localised":"Federal Security Service", "Message":"$Police_ArrivedAtInvestigationLocation02;", "Message_Localised":"Cease and desist! Submit to authority scans immediately!", "Channel":"npc" }
{ "timestamp":"2016-12-15T19:11:05Z", "event":"ReceiveText", "From":"$ShipName_Police_Federation;", "From_Localised":"Federal Security Service", "Message":"$Police_ArrivedAtInvestigationLocation03;", "Message_Localised":"Crime scene cordon initialised, all ships must submit to police scan.", "Channel":"npc" }
{ "timestamp":"2016-12-15T19:11:16Z", "event":"ShieldState", "ShieldsUp":false }
{ "timestamp":"2016-12-15T19:11:39Z", "event":"HullDamage", "Health":0.524250 }
{ "timestamp":"2016-12-15T19:11:39Z", "event":"HullDamage", "Health":0.524250 }
{ "timestamp":"2016-12-15T19:12:22Z", "event":"ReceiveText", "From":"$npc_name_decorate:#name=Richard Parkes;", "From_Localised":"Richard Parkes", "Message":"$BadKarmaCriticalDamage03;", "Message_Localised":"You fight a good fight!", "Channel":"npc" }
{ "timestamp":"2016-12-15T19:12:41Z", "event":"ShieldState", "ShieldsUp":true }
{ "timestamp":"2016-12-15T19:13:35Z", "event":"Bounty", "Rewards":[ { "Faction":"Starship Enterprises", "Reward":1600 }, { "Faction":"Federation", "Reward":129735 } ], "TotalReward":131335, "VictimFaction":"LP 339-7 Blue Clan" }
{ "timestamp":"2016-12-15T19:13:58Z", "event":"ReceiveText", "From":"$npc_name_decorate:#name=Helmut Adenauer;", "From_Localised":"Helmut Adenauer", "Message":"$Pirate_OnStartScanCargo07;", "Message_Localised":"Do you have anything of value?", "Channel":"npc" }
{ "timestamp":"2016-12-15T19:14:07Z", "event":"ShieldState", "ShieldsUp":false }
{ "timestamp":"2016-12-15T19:14:08Z", "event":"ReceiveText", "From":"$npc_name_decorate:#name=Helmut Adenauer;", "From_Localised":"Helmut Adenauer", "Message":"$Pirate_LargeCargoIgnoreThreat07;", "Message_Localised":"The bigger they are, the bigger the haul.", "Channel":"npc" }
{ "timestamp":"2016-12-15T19:14:18Z", "event":"ReceiveText", "From":"$npc_name_decorate:#name=Helmut Adenauer;", "From_Localised":"Helmut Adenauer", "Message":"$Pirate_OnDeclarePiracyAttack02;", "Message_Localised":"You choose death then. Very well.", "Channel":"npc" }
{ "timestamp":"2016-12-15T19:14:28Z", "event":"ReceiveText", "From":"$npc_name_decorate:#name=Dagan 'gene splicer' Wells;", "From_Localised":"Dagan 'gene splicer' Wells", "Message":"$BadKarmaCriticalDamage03;", "Message_Localised":"You fight a good fight!", "Channel":"npc" }
{ "timestamp":"2016-12-15T19:14:51Z", "event":"SupercruiseEntry", "StarSystem":"LP 339-7" }
{ "timestamp":"2016-12-15T19:15:53Z", "event":"FSDJump", "StarSystem":"LTT 15985", "StarPos":[-71.688,-10.156,28.156], "SystemAllegiance":"Federation", "SystemEconomy":"$economy_Refinery;", "SystemEconomy_Localised":"Refinery", "SystemGovernment":"$government_Corporate;", "SystemGovernment_Localised":"Corporate", "SystemSecurity":"$SYSTEM_SECURITY_medium;", "SystemSecurity_Localised":"Medium Security", "JumpDist":2.494, "FuelUsed":0.055434, "FuelLevel":7.374566, "SystemFaction":"Gilgamesh Ltd", "FactionState":"Boom" }
{ "timestamp":"2016-12-15T19:16:52Z", "event":"FSDJump", "StarSystem":"LP 339-7", "StarPos":[-70.063,-8.281,27.906], "SystemAllegiance":"Federation", "SystemEconomy":"$economy_Agri;", "SystemEconomy_Localised":"Agriculture", "SystemGovernment":"$government_Corporate;", "SystemGovernment_Localised":"Corporate", "SystemSecurity":"$SYSTEM_SECURITY_high;", "SystemSecurity_Localised":"High Security", "JumpDist":2.494, "FuelUsed":0.055414, "FuelLevel":7.319151, "SystemFaction":"Starship Enterprises", "FactionState":"Boom" }
{ "timestamp":"2016-12-15T19:18:52Z", "event":"SupercruiseExit", "StarSystem":"LP 339-7", "Body":"Whitson Orbital", "BodyType":"Station" }
{ "timestamp":"2016-12-15T19:18:53Z", "event":"ReceiveText", "From":"Whitson Orbital", "Message":"$STATION_NoFireZone_entered;", "Message_Localised":"No fire zone entered.", "Channel":"npc" }
{ "timestamp":"2016-12-15T19:19:14Z", "event":"DockingRequested", "StationName":"Whitson Orbital" }
{ "timestamp":"2016-12-15T19:19:14Z", "event":"ReceiveText", "From":"Whitson Orbital", "Message":"$DockingChatter_Neutral;", "Message_Localised":"Ensure to observe starport protocol during your visit, pilot.", "Channel":"npc" }
{ "timestamp":"2016-12-15T19:19:15Z", "event":"ReceiveText", "From":"Whitson Orbital", "Message":"$STATION_docking_granted;", "Message_Localised":"Docking request granted.", "Channel":"npc" }
{ "timestamp":"2016-12-15T19:19:15Z", "event":"DockingGranted", "LandingPad":6, "StationName":"Whitson Orbital" }
{ "timestamp":"2016-12-15T19:20:04Z", "event":"Docked", "StationName":"Whitson Orbital", "StationType":"Orbis", "StarSystem":"LP 339-7", "StationFaction":"Starship Enterprises", "FactionState":"Boom", "StationGovernment":"$government_Corporate;", "StationGovernment_Localised":"Corporate", "StationAllegiance":"Federation", "StationEconomy":"$economy_Agri;", "StationEconomy_Localised":"Agriculture" }
{ "timestamp":"2016-12-15T19:20:16Z", "event":"RedeemVoucher", "Type":"bounty", "Amount":169735 }
{ "timestamp":"2016-12-15T19:33:02Z", "event":"SellExplorationData", "Systems":[ "LP 452-10", "Lokitaka Mu", "Core Sys Sector HR-W c1-30" ], "Discovered":[  ], "BaseValue":11143, "Bonus":0 }
{ "timestamp":"2016-12-15T19:34:05Z", "event":"RepairAll", "Cost":4000 }
{ "timestamp":"2016-12-15T19:34:06Z", "event":"RefuelAll", "Cost":40, "Amount":0.773210 }
{ "timestamp":"2016-12-15T19:34:07Z", "event":"BuyAmmo", "Cost":941 }
