{ "timestamp":"2016-12-19T20:31:54Z", "event":"Fileheader", "part":1, "language":"English\\UK", "gameversion":"2.2", "build":"r126898/r0 " }
{ "timestamp":"2016-12-19T20:32:44Z", "event":"LoadGame", "Commander":"Blantyre", "Ship":"Asp", "ShipID":13, "GameMode":"Solo", "Credits":15584597, "Loan":0 }
{ "timestamp":"2016-12-19T20:32:44Z", "event":"Rank", "Combat":4, "Trade":5, "Explore":4, "Empire":2, "Federation":7, "CQC":0 }
{ "timestamp":"2016-12-19T20:32:44Z", "event":"Progress", "Combat":33, "Trade":88, "Explore":35, "Empire":18, "Federation":4, "CQC":0 }
{ "timestamp":"2016-12-19T20:33:15Z", "event":"Location", "Docked":true, "StationName":"Whitson Orbital", "StationType":"Orbis", "StarSystem":"LP 339-7", "StarPos":[-70.063,-8.281,27.906], "SystemAllegiance":"Federation", "SystemEconomy":"$economy_Agri;", "SystemEconomy_Localised":"Agriculture", "SystemGovernment":"$government_Corporate;", "SystemGovernment_Localised":"Corporate", "SystemSecurity":"$SYSTEM_SECURITY_high;", "SystemSecurity_Localised":"High Security", "Body":"Whitson Orbital", "BodyType":"Station", "SystemFaction":"Starship Enterprises", "FactionState":"Boom" }
{ "timestamp":"2016-12-19T20:33:16Z", "event":"Docked", "StationName":"Whitson Orbital", "StationType":"Orbis", "StarSystem":"LP 339-7", "StationFaction":"Starship Enterprises", "FactionState":"Boom", "StationGovernment":"$government_Corporate;", "StationGovernment_Localised":"Corporate", "StationAllegiance":"Federation", "StationEconomy":"$economy_Agri;", "StationEconomy_Localised":"Agriculture" }
{ "timestamp":"2016-12-19T20:35:02Z", "event":"ReceiveText", "From":"$npc_name_decorate:#name=Elbowjunglin;", "From_Localised":"Elbowjunglin", "Message":"$Commuter_AuthorityScan06;", "Message_Localised":"What's going on here, officer?", "Channel":"npc" }
{ "timestamp":"2016-12-19T20:43:39Z", "event":"ShipyardSwap", "ShipType":"python", "ShipID":14, "StoreOldShip":"Asp", "StoreShipID":13 }
{ "timestamp":"2016-12-19T20:43:52Z", "event":"Docked", "StationName":"Whitson Orbital", "StationType":"Orbis", "StarSystem":"LP 339-7", "StationFaction":"Starship Enterprises", "FactionState":"Boom", "StationGovernment":"$government_Corporate;", "StationGovernment_Localised":"Corporate", "StationAllegiance":"Federation", "StationEconomy":"$economy_Agri;", "StationEconomy_Localised":"Agriculture" }
{ "timestamp":"2016-12-19T20:44:28Z", "event":"RefuelAll", "Cost":391, "Amount":7.796436 }
{ "timestamp":"2016-12-19T20:44:49Z", "event":"ModuleBuy", "Slot":"PowerPlant", "SellItem":"$int_powerplant_size4_class4_name;", "SellItem_Localised":"Power Plant", "SellPrice":536693, "BuyItem":"$int_powerplant_size7_class1_name;", "BuyItem_Localised":"Power Plant", "BuyPrice":633199, "Ship":"python", "ShipID":14 }
{ "timestamp":"2016-12-19T20:45:01Z", "event":"ModuleBuy", "Slot":"PowerPlant", "SellItem":"$int_powerplant_size4_class4_name;", "SellItem_Localised":"Power Plant", "SellPrice":536693, "BuyItem":"$int_powerplant_size7_class1_name;", "BuyItem_Localised":"Power Plant", "BuyPrice":633199, "Ship":"python", "ShipID":14 }
{ "timestamp":"2016-12-19T20:45:33Z", "event":"ModuleBuy", "Slot":"MainEngines", "SellItem":"$int_engine_size6_class4_name;", "SellItem_Localised":"Thrusters", "SellPrice":5393177, "BuyItem":"$int_engine_size5_class1_name;", "BuyItem_Localised":"Thrusters", "BuyPrice":63012, "Ship":"python", "ShipID":14 }
{ "timestamp":"2016-12-19T20:45:41Z", "event":"ModuleBuy", "Slot":"PowerDistributor", "SellItem":"$int_powerdistributor_size7_class1_name;", "SellItem_Localised":"Power Distributor", "SellPrice":249137, "BuyItem":"$int_powerdistributor_size2_class4_name;", "BuyItem_Localised":"Power Distributor", "BuyPrice":22619, "Ship":"python", "ShipID":14 }
{ "timestamp":"2016-12-19T20:46:02Z", "event":"ModuleBuy", "Slot":"FrameShiftDrive", "SellItem":"$int_hyperdrive_size5_class1_name;", "SellItem_Localised":"FSD", "SellPrice":63012, "BuyItem":"$int_hyperdrive_size2_class2_name;", "BuyItem_Localised":"FSD", "BuyPrice":5934, "Ship":"python", "ShipID":14 }
{ "timestamp":"2016-12-19T20:46:15Z", "event":"ShipyardSwap", "ShipType":"asp", "ShipID":13, "StoreOldShip":"Python", "StoreShipID":14 }
{ "timestamp":"2016-12-19T20:46:21Z", "event":"Docked", "StationName":"Whitson Orbital", "StationType":"Orbis", "StarSystem":"LP 339-7", "StationFaction":"Starship Enterprises", "FactionState":"Boom", "StationGovernment":"$government_Corporate;", "StationGovernment_Localised":"Corporate", "StationAllegiance":"Federation", "StationEconomy":"$economy_Agri;", "StationEconomy_Localised":"Agriculture" }
{ "timestamp":"2016-12-19T20:47:31Z", "event":"ShipyardSell", "ShipType":"python", "SellShipID":14, "ShipPrice":46423513 }
{ "timestamp":"2016-12-19T20:49:31Z", "event":"ReceiveText", "From":"$npc_name_decorate:#name=J. Aabenhuus Sorensen;", "From_Localised":"J. Aabenhuus Sorensen", "Message":"$Commuter_AuthorityScan03;", "Message_Localised":"Will this take long? I’ve got a schedule to keep. ", "Channel":"npc" }
{ "timestamp":"2016-12-19T20:57:45Z", "event":"MissionAccepted", "Faction":"Starship Enterprises", "Name":"Mission_Sightseeing_Criminal_BOOM", "Commodity":"$Tobacco_Name;", "Commodity_Localised":"Tobacco", "Count":2, "Expiry":"2016-12-20T06:57:13Z", "PassengerCount":6, "PassengerVIPs":true, "PassengerWanted":true, "PassengerType":"Criminal", "MissionID":60749422 }
{ "timestamp":"2016-12-19T20:58:51Z", "event":"Undocked", "StationName":"Whitson Orbital", "StationType":"Orbis" }
{ "timestamp":"2016-12-19T20:59:27Z", "event":"ReceiveText", "From":"Whitson Orbital", "Message":"$STATION_NoFireZone_exited;", "Message_Localised":"No fire zone left.", "Channel":"npc" }
{ "timestamp":"2016-12-19T20:59:28Z", "event":"SupercruiseEntry", "StarSystem":"LP 339-7" }
{ "timestamp":"2016-12-19T21:00:24Z", "event":"FSDJump", "StarSystem":"Wolf 865", "StarPos":[-50.469,-9.063,34.656], "SystemAllegiance":"Federation", "SystemEconomy":"$economy_Industrial;", "SystemEconomy_Localised":"Industrial", "SystemGovernment":"$government_Corporate;", "SystemGovernment_Localised":"Corporate", "SystemSecurity":"$SYSTEM_SECURITY_high;", "SystemSecurity_Localised":"High Security", "JumpDist":20.739, "FuelUsed":3.325014, "FuelLevel":28.674986, "SystemFaction":"Wolf 865 Group" }
{ "timestamp":"2016-12-19T21:00:48Z", "event":"ReceiveText", "From":"$npc_name_decorate:#name=Simon Said;", "From_Localised":"Simon Said", "Message":"$Pirate_HunterHostileSC_Relevant05;", "Message_Localised":"The rumour was right... good job I found you first.", "Channel":"npc" }
{ "timestamp":"2016-12-19T21:00:56Z", "event":"ReceiveText", "From":"$npc_name_decorate:#name=Simon Said;", "From_Localised":"Simon Said", "Message":"$Pirate_StartInterdiction01;", "Message_Localised":"You're mine now, Commander. ", "Channel":"npc" }
{ "timestamp":"2016-12-19T21:01:03Z", "event":"Interdicted", "Submitted":true, "Interdictor":"Simon Said", "IsPlayer":false, "Faction":"Wolf 865 Focus" }
{ "timestamp":"2016-12-19T21:01:04Z", "event":"SupercruiseExit", "StarSystem":"Wolf 865", "Body":"Wolf 865 A", "BodyType":"Star" }
{ "timestamp":"2016-12-19T21:01:07Z", "event":"ReceiveText", "From":"$npc_name_decorate:#name=Simon Said;", "From_Localised":"Simon Said", "Message":"$Pirate_Arrival08;", "Message_Localised":"Prepare to hand over your cargo.", "Channel":"npc" }
{ "timestamp":"2016-12-19T21:01:17Z", "event":"ReceiveText", "From":"$npc_name_decorate:#name=Simon Said;", "From_Localised":"Simon Said", "Message":"$Pirate_OnDeclarePiracyAttack01;", "Message_Localised":"I'll pick your bones clean, greenhorn.", "Channel":"npc" }
{ "timestamp":"2016-12-19T21:02:03Z", "event":"FSDJump", "StarSystem":"Liaedin", "StarPos":[-32.031,-5.813,38.125], "SystemAllegiance":"Empire", "SystemEconomy":"$economy_Extraction;", "SystemEconomy_Localised":"Extraction", "SystemGovernment":"$government_Patronage;", "SystemGovernment_Localised":"Patronage", "SystemSecurity":"$SYSTEM_SECURITY_medium;", "SystemSecurity_Localised":"Medium Security", "JumpDist":19.040, "FuelUsed":2.653576, "FuelLevel":26.021410, "SystemFaction":"Liaedin Patron's Principles", "FactionState":"Boom" }
{ "timestamp":"2016-12-19T21:05:36Z", "event":"SupercruiseExit", "StarSystem":"Liaedin", "Body":"Schneider Colony", "BodyType":"Planet" }
{ "timestamp":"2016-12-19T21:05:54Z", "event":"DataScanned", "Type":"TouristBeacon" }
{ "timestamp":"2016-12-19T21:06:26Z", "event":"SupercruiseEntry", "StarSystem":"Liaedin" }
{ "timestamp":"2016-12-19T21:07:51Z", "event":"FSDJump", "StarSystem":"Wolf 873", "StarPos":[-55.031,-11.375,35.563], "SystemAllegiance":"", "SystemEconomy":"$economy_None;", "SystemEconomy_Localised":"None", "SystemGovernment":"$government_None;", "SystemGovernment_Localised":"None", "SystemSecurity":"$SYSTEM_SECURITY_low;", "SystemSecurity_Localised":"Low Security", "JumpDist":23.801, "FuelUsed":4.525176, "FuelLevel":21.496235 }
{ "timestamp":"2016-12-19T21:08:51Z", "event":"FSDJump", "StarSystem":"LP 339-7", "StarPos":[-70.063,-8.281,27.906], "SystemAllegiance":"Federation", "SystemEconomy":"$economy_Agri;", "SystemEconomy_Localised":"Agriculture", "SystemGovernment":"$government_Corporate;", "SystemGovernment_Localised":"Corporate", "SystemSecurity":"$SYSTEM_SECURITY_high;", "SystemSecurity_Localised":"High Security", "JumpDist":17.150, "FuelUsed":1.982346, "FuelLevel":19.513889, "SystemFaction":"Starship Enterprises", "FactionState":"Boom" }
{ "timestamp":"2016-12-19T21:10:52Z", "event":"SupercruiseExit", "StarSystem":"LP 339-7", "Body":"Whitson Orbital", "BodyType":"Station" }
{ "timestamp":"2016-12-19T21:10:54Z", "event":"ReceiveText", "From":"Whitson Orbital", "Message":"$STATION_NoFireZone_entered;", "Message_Localised":"No fire zone entered.", "Channel":"npc" }
{ "timestamp":"2016-12-19T21:11:04Z", "event":"DockingRequested", "StationName":"Whitson Orbital" }
{ "timestamp":"2016-12-19T21:11:04Z", "event":"ReceiveText", "From":"Whitson Orbital", "Message":"$DockingChatter_Friendly;", "Message_Localised":"It's great to see you again, Commander.", "Channel":"npc" }
{ "timestamp":"2016-12-19T21:11:05Z", "event":"ReceiveText", "From":"Whitson Orbital", "Message":"$STATION_docking_granted;", "Message_Localised":"Docking request granted.", "Channel":"npc" }
{ "timestamp":"2016-12-19T21:11:05Z", "event":"DockingGranted", "LandingPad":20, "StationName":"Whitson Orbital" }
{ "timestamp":"2016-12-19T21:11:53Z", "event":"ShieldState", "ShieldsUp":false }
{ "timestamp":"2016-12-19T21:11:56Z", "event":"Docked", "StationName":"Whitson Orbital", "StationType":"Orbis", "StarSystem":"LP 339-7", "StationFaction":"Starship Enterprises", "FactionState":"Boom", "StationGovernment":"$government_Corporate;", "StationGovernment_Localised":"Corporate", "StationAllegiance":"Federation", "StationEconomy":"$economy_Agri;", "StationEconomy_Localised":"Agriculture" }
{ "timestamp":"2016-12-19T21:12:01Z", "event":"ShieldState", "ShieldsUp":true }
{ "timestamp":"2016-12-19T21:12:19Z", "event":"RepairAll", "Cost":841 }
{ "timestamp":"2016-12-19T21:12:19Z", "event":"RefuelAll", "Cost":641, "Amount":12.805335 }
{ "timestamp":"2016-12-19T21:12:21Z", "event":"BuyAmmo", "Cost":100 }
{ "timestamp":"2016-12-19T21:12:31Z", "event":"MissionCompleted", "Faction":"Starship Enterprises", "Name":"Mission_Sightseeing_Criminal_BOOM_name", "MissionID":60749422, "Commodity":"$Tobacco_Name;", "Commodity_Localised":"Tobacco", "Count":2, "Reward":185400 }
{ "timestamp":"2016-12-19T21:12:31Z", "event":"MaterialDiscovered", "Category":"Manufactured", "Name":"crystalshards", "DiscoveryNumber":31 }
{ "timestamp":"2016-12-19T21:12:31Z", "event":"MaterialCollected", "Category":"Manufactured", "Name":"crystalshards", "Count":1 }
{ "timestamp":"2016-12-19T21:13:41Z", "event":"MissionAccepted", "Faction":"Starship Enterprises", "Name":"Mission_Courier_Boom", "DestinationSystem":"Khelma", "DestinationStation":"Kidman Hub", "Expiry":"2016-12-20T20:30:20Z", "MissionID":60755033 }
{ "timestamp":"2016-12-19T21:13:49Z", "event":"MissionAccepted", "Faction":"LP 339-7 Public Inc", "Name":"Mission_Courier_Boom", "DestinationSystem":"Epsilon Cygni", "DestinationStation":"Rubruck Orbital", "Expiry":"2016-12-20T21:00:26Z", "MissionID":60755086 }
{ "timestamp":"2016-12-19T21:14:05Z", "event":"MissionAbandoned", "Name":"Mission_Courier_Boom_name", "MissionID":60755086 }
{ "timestamp":"2016-12-19T21:14:19Z", "event":"BuyExplorationData", "System":"Khelma", "Cost":1118 }
{ "timestamp":"2016-12-19T21:14:47Z", "event":"Undocked", "StationName":"Whitson Orbital", "StationType":"Orbis" }
{ "timestamp":"2016-12-19T21:15:42Z", "event":"ReceiveText", "From":"Whitson Orbital", "Message":"$STATION_NoFireZone_exited;", "Message_Localised":"No fire zone left.", "Channel":"npc" }
{ "timestamp":"2016-12-19T21:16:12Z", "event":"FSDJump", "StarSystem":"Khelma", "StarPos":[-78.125,-3.219,26.844], "SystemAllegiance":"Independent", "SystemEconomy":"$economy_Refinery;", "SystemEconomy_Localised":"Refinery", "SystemGovernment":"$government_Dictatorship;", "SystemGovernment_Localised":"Dictatorship", "SystemSecurity":"$SYSTEM_SECURITY_medium;", "SystemSecurity_Localised":"Medium Security", "JumpDist":9.579, "FuelUsed":0.501125, "FuelLevel":31.498875, "SystemFaction":"Khelma Autocracy" }
{ "timestamp":"2016-12-19T21:18:18Z", "event":"SupercruiseExit", "StarSystem":"Khelma", "Body":"Kidman Hub", "BodyType":"Station" }
{ "timestamp":"2016-12-19T21:18:28Z", "event":"DockingRequested", "StationName":"Kidman Hub" }
{ "timestamp":"2016-12-19T21:18:28Z", "event":"ReceiveText", "From":"Kidman Hub", "Message":"$DockingChatter_Neutral;", "Message_Localised":"Ensure to observe starport protocol during your visit, pilot.", "Channel":"npc" }
{ "timestamp":"2016-12-19T21:18:30Z", "event":"ReceiveText", "From":"Kidman Hub", "Message":"$STATION_docking_granted;", "Message_Localised":"Docking request granted.", "Channel":"npc" }
{ "timestamp":"2016-12-19T21:18:30Z", "event":"DockingGranted", "LandingPad":3, "StationName":"Kidman Hub" }
{ "timestamp":"2016-12-19T21:18:36Z", "event":"ReceiveText", "From":"Kidman Hub", "Message":"$STATION_NoFireZone_entered;", "Message_Localised":"No fire zone entered.", "Channel":"npc" }
{ "timestamp":"2016-12-19T21:20:23Z", "event":"Docked", "StationName":"Kidman Hub", "StationType":"Outpost", "StarSystem":"Khelma", "StationFaction":"Khelma Autocracy", "StationGovernment":"$government_Dictatorship;", "StationGovernment_Localised":"Dictatorship", "StationEconomy":"$economy_Refinery;", "StationEconomy_Localised":"Refinery" }
{ "timestamp":"2016-12-19T21:20:55Z", "event":"MissionCompleted", "Faction":"Khelma Gold Dynamic Company", "Name":"Mission_Courier_Boom_name", "MissionID":60755033, "DestinationSystem":"Khelma", "DestinationStation":"Kidman Hub", "Reward":68400 }
{ "timestamp":"2016-12-19T21:20:55Z", "event":"MaterialCollected", "Category":"Manufactured", "Name":"refinedfocuscrystals", "Count":1 }
{ "timestamp":"2016-12-19T21:21:38Z", "event":"RefuelAll", "Cost":33, "Amount":0.626162 }
{ "timestamp":"2016-12-19T21:23:19Z", "event":"Undocked", "StationName":"Kidman Hub", "StationType":"Outpost" }
{ "timestamp":"2016-12-19T21:23:45Z", "event":"ReceiveText", "From":"Kidman Hub", "Message":"$STATION_NoFireZone_exited;", "Message_Localised":"No fire zone left.", "Channel":"npc" }
{ "timestamp":"2016-12-19T21:24:30Z", "event":"FSDJump", "StarSystem":"LP 339-7", "StarPos":[-70.063,-8.281,27.906], "SystemAllegiance":"Federation", "SystemEconomy":"$economy_Agri;", "SystemEconomy_Localised":"Agriculture", "SystemGovernment":"$government_Corporate;", "SystemGovernment_Localised":"Corporate", "SystemSecurity":"$SYSTEM_SECURITY_high;", "SystemSecurity_Localised":"High Security", "JumpDist":9.579, "FuelUsed":0.501125, "FuelLevel":31.498875, "SystemFaction":"Starship Enterprises", "FactionState":"Boom" }
{ "timestamp":"2016-12-19T21:26:45Z", "event":"SupercruiseExit", "StarSystem":"LP 339-7", "Body":"Whitson Orbital", "BodyType":"Station" }
{ "timestamp":"2016-12-19T21:26:47Z", "event":"ReceiveText", "From":"Whitson Orbital", "Message":"$STATION_NoFireZone_entered;", "Message_Localised":"No fire zone entered.", "Channel":"npc" }
{ "timestamp":"2016-12-19T21:26:59Z", "event":"DockingRequested", "StationName":"Whitson Orbital" }
{ "timestamp":"2016-12-19T21:26:59Z", "event":"ReceiveText", "From":"Whitson Orbital", "Message":"$DockingChatter_Friendly;", "Message_Localised":"It's great to see you again, Commander.", "Channel":"npc" }
{ "timestamp":"2016-12-19T21:27:00Z", "event":"ReceiveText", "From":"Whitson Orbital", "Message":"$STATION_docking_granted;", "Message_Localised":"Docking request granted.", "Channel":"npc" }
{ "timestamp":"2016-12-19T21:27:00Z", "event":"DockingGranted", "LandingPad":8, "StationName":"Whitson Orbital" }
{ "timestamp":"2016-12-19T21:27:40Z", "event":"Docked", "StationName":"Whitson Orbital", "StationType":"Orbis", "StarSystem":"LP 339-7", "StationFaction":"Starship Enterprises", "FactionState":"Boom", "StationGovernment":"$government_Corporate;", "StationGovernment_Localised":"Corporate", "StationAllegiance":"Federation", "StationEconomy":"$economy_Agri;", "StationEconomy_Localised":"Agriculture" }
{ "timestamp":"2016-12-19T21:27:49Z", "event":"RefuelAll", "Cost":31, "Amount":0.599501 }
{ "timestamp":"2016-12-19T21:29:01Z", "event":"ModuleStore", "Slot":"Slot01_Size6", "StoredItem":"$int_passengercabin_size6_class3_name;", "StoredItem_Localised":"FC Passenger Cabin", "Ship":"asp", "ShipID":13 }
{ "timestamp":"2016-12-19T21:29:07Z", "event":"ModuleBuy", "Slot":"Slot01_Size6", "BuyItem":"$int_cargorack_size6_class1_name;", "BuyItem_Localised":"Cargo Rack", "BuyPrice":362591, "Ship":"asp", "ShipID":13 }
{ "timestamp":"2016-12-19T21:29:28Z", "event":"MissionAccepted", "Faction":"Starship Enterprises", "Name":"Mission_Delivery_Boom", "Commodity":"$Animalmeat_Name;", "Commodity_Localised":"Animal Meat", "Count":54, "DestinationSystem":"Kollobokos", "DestinationStation":"Agassiz Hub", "Expiry":"2016-12-20T21:16:00Z", "MissionID":60760021 }
{ "timestamp":"2016-12-19T21:31:27Z", "event":"BuyExplorationData", "System":"Kollobokos", "Cost":756 }
{ "timestamp":"2016-12-19T21:31:55Z", "event":"Undocked", "StationName":"Whitson Orbital", "StationType":"Orbis" }
{ "timestamp":"2016-12-19T21:32:49Z", "event":"ReceiveText", "From":"Whitson Orbital", "Message":"$STATION_NoFireZone_exited;", "Message_Localised":"No fire zone left.", "Channel":"npc" }
{ "timestamp":"2016-12-19T21:33:17Z", "event":"FSDJump", "StarSystem":"Kollobokos", "StarPos":[-78.844,-3.938,31.844], "SystemAllegiance":"Federation", "SystemEconomy":"$economy_Extraction;", "SystemEconomy_Localised":"Extraction", "SystemGovernment":"$government_Democracy;", "SystemGovernment_Localised":"Democracy", "SystemSecurity":"$SYSTEM_SECURITY_medium;", "SystemSecurity_Localised":"Medium Security", "JumpDist":10.559, "FuelUsed":0.680355, "FuelLevel":31.319645, "SystemFaction":"Meticuli for Equality" }
{ "timestamp":"2016-12-19T21:34:53Z", "event":"SupercruiseExit", "StarSystem":"Kollobokos", "Body":"Agassiz Hub", "BodyType":"Station" }
{ "timestamp":"2016-12-19T21:35:02Z", "event":"ReceiveText", "From":"Agassiz Hub", "Message":"$DockingFailed_Distance:#distance=7500;", "Message_Localised":"Docking request denied, please approach to 7500m", "Channel":"npc" }
{ "timestamp":"2016-12-19T21:35:02Z", "event":"DockingDenied", "Reason":"Distance", "StationName":"Agassiz Hub" }
{ "timestamp":"2016-12-19T21:35:04Z", "event":"DockingRequested", "StationName":"Agassiz Hub" }
{ "timestamp":"2016-12-19T21:35:04Z", "event":"ReceiveText", "From":"Agassiz Hub", "Message":"$DockingChatter_Neutral;", "Message_Localised":"Ensure to observe starport protocol during your visit, pilot.", "Channel":"npc" }
{ "timestamp":"2016-12-19T21:35:05Z", "event":"ReceiveText", "From":"Agassiz Hub", "Message":"$STATION_docking_granted;", "Message_Localised":"Docking request granted.", "Channel":"npc" }
{ "timestamp":"2016-12-19T21:35:05Z", "event":"DockingGranted", "LandingPad":3, "StationName":"Agassiz Hub" }
{ "timestamp":"2016-12-19T21:35:17Z", "event":"ReceiveText", "From":"Agassiz Hub", "Message":"$STATION_NoFireZone_entered;", "Message_Localised":"No fire zone entered.", "Channel":"npc" }
{ "timestamp":"2016-12-19T21:36:01Z", "event":"Docked", "StationName":"Agassiz Hub", "StationType":"Outpost", "StarSystem":"Kollobokos", "StationFaction":"Meticuli for Equality", "StationGovernment":"$government_Democracy;", "StationGovernment_Localised":"Democracy", "StationAllegiance":"Federation", "StationEconomy":"$economy_Extraction;", "StationEconomy_Localised":"Extraction" }
{ "timestamp":"2016-12-19T21:36:20Z", "event":"MissionCompleted", "Faction":"Kollobokos Organisation", "Name":"Mission_Delivery_Boom_name", "MissionID":60760021, "Commodity":"$Animalmeat_Name;", "Commodity_Localised":"Animal Meat", "Count":54, "DestinationSystem":"Kollobokos", "DestinationStation":"Agassiz Hub", "Reward":141593 }
{ "timestamp":"2016-12-19T21:36:20Z", "event":"MaterialCollected", "Category":"Manufactured", "Name":"conductivecomponents", "Count":1 }
{ "timestamp":"2016-12-19T21:36:21Z", "event":"MaterialDiscovered", "Category":"Manufactured", "Name":"heatresistantceramics", "DiscoveryNumber":32 }
{ "timestamp":"2016-12-19T21:36:21Z", "event":"MaterialCollected", "Category":"Manufactured", "Name":"heatresistantceramics", "Count":1 }
{ "timestamp":"2016-12-19T21:37:23Z", "event":"RefuelAll", "Cost":40, "Amount":0.770086 }
{ "timestamp":"2016-12-19T21:37:28Z", "event":"SellExplorationData", "Systems":[ "Wolf 873" ], "Discovered":[  ], "BaseValue":405, "Bonus":0 }
{ "timestamp":"2016-12-19T21:37:55Z", "event":"Undocked", "StationName":"Agassiz Hub", "StationType":"Outpost" }
{ "timestamp":"2016-12-19T21:38:29Z", "event":"ReceiveText", "From":"Agassiz Hub", "Message":"$STATION_NoFireZone_exited;", "Message_Localised":"No fire zone left.", "Channel":"npc" }
{ "timestamp":"2016-12-19T21:39:23Z", "event":"FSDJump", "StarSystem":"LP 339-7", "StarPos":[-70.063,-8.281,27.906], "SystemAllegiance":"Federation", "SystemEconomy":"$economy_Agri;", "SystemEconomy_Localised":"Agriculture", "SystemGovernment":"$government_Corporate;", "SystemGovernment_Localised":"Corporate", "SystemSecurity":"$SYSTEM_SECURITY_high;", "SystemSecurity_Localised":"High Security", "JumpDist":10.559, "FuelUsed":0.519169, "FuelLevel":31.480831, "SystemFaction":"Starship Enterprises", "FactionState":"Boom" }
{ "timestamp":"2016-12-19T21:41:27Z", "event":"SupercruiseExit", "StarSystem":"LP 339-7", "Body":"Whitson Orbital", "BodyType":"Station" }
{ "timestamp":"2016-12-19T21:41:28Z", "event":"ReceiveText", "From":"Whitson Orbital", "Message":"$STATION_NoFireZone_entered;", "Message_Localised":"No fire zone entered.", "Channel":"npc" }
{ "timestamp":"2016-12-19T21:41:35Z", "event":"DockingRequested", "StationName":"Whitson Orbital" }
{ "timestamp":"2016-12-19T21:41:35Z", "event":"ReceiveText", "From":"Whitson Orbital", "Message":"$DockingChatter_Allied;", "Message_Localised":"An ally like you is always welcome here.", "Channel":"npc" }
{ "timestamp":"2016-12-19T21:41:37Z", "event":"ReceiveText", "From":"Whitson Orbital", "Message":"$STATION_docking_granted;", "Message_Localised":"Docking request granted.", "Channel":"npc" }
{ "timestamp":"2016-12-19T21:41:37Z", "event":"DockingGranted", "LandingPad":33, "StationName":"Whitson Orbital" }
{ "timestamp":"2016-12-19T21:43:00Z", "event":"Docked", "StationName":"Whitson Orbital", "StationType":"Orbis", "StarSystem":"LP 339-7", "StationFaction":"Starship Enterprises", "FactionState":"Boom", "StationGovernment":"$government_Corporate;", "StationGovernment_Localised":"Corporate", "StationAllegiance":"Federation", "StationEconomy":"$economy_Agri;", "StationEconomy_Localised":"Agriculture" }
{ "timestamp":"2016-12-19T21:44:44Z", "event":"MissionAccepted", "Faction":"Starship Enterprises", "Name":"Mission_PassengerVIP_Criminal_BOOM", "Commodity":"$Wine_Name;", "Commodity_Localised":"Wine", "Count":1, "DestinationSystem":"Freng", "DestinationStation":"Bear City", "Expiry":"2016-12-19T23:57:24Z", "PassengerCount":2, "PassengerVIPs":true, "PassengerWanted":true, "PassengerType":"Criminal", "MissionID":60765548 }
{ "timestamp":"2016-12-19T21:45:55Z", "event":"Undocked", "StationName":"Whitson Orbital", "StationType":"Orbis" }
{ "timestamp":"2016-12-19T21:46:41Z", "event":"ReceiveText", "From":"Whitson Orbital", "Message":"$STATION_NoFireZone_exited;", "Message_Localised":"No fire zone left.", "Channel":"npc" }
{ "timestamp":"2016-12-19T21:47:09Z", "event":"FSDJump", "StarSystem":"NLTT 48633", "StarPos":[-72.969,-9.094,43.125], "SystemAllegiance":"", "SystemEconomy":"$economy_None;", "SystemEconomy_Localised":"None", "SystemGovernment":"$government_None;", "SystemGovernment_Localised":"None", "SystemSecurity":"$SYSTEM_SECURITY_low;", "SystemSecurity_Localised":"Low Security", "JumpDist":15.515, "FuelUsed":1.329328, "FuelLevel":30.151503 }
{ "timestamp":"2016-12-19T21:48:07Z", "event":"FSDJump", "StarSystem":"Freng", "StarPos":[-74.938,-10.969,54.125], "SystemAllegiance":"Independent", "SystemEconomy":"$economy_Refinery;", "SystemEconomy_Localised":"Refinery", "SystemGovernment":"$government_Corporate;", "SystemGovernment_Localised":"Corporate", "SystemSecurity":"$SYSTEM_SECURITY_medium;", "SystemSecurity_Localised":"Medium Security", "JumpDist":11.331, "FuelUsed":0.611196, "FuelLevel":29.540306, "SystemFaction":"Freng Gold Legal Partners", "FactionState":"CivilUnrest" }
{ "timestamp":"2016-12-19T21:50:34Z", "event":"SupercruiseExit", "StarSystem":"Freng", "Body":"Bear City", "BodyType":"Station" }
{ "timestamp":"2016-12-19T21:50:45Z", "event":"DockingRequested", "StationName":"Bear City" }
{ "timestamp":"2016-12-19T21:50:45Z", "event":"ReceiveText", "From":"Bear City", "Message":"$DockingChatter_Neutral;", "Message_Localised":"Ensure to observe starport protocol during your visit, pilot.", "Channel":"npc" }
{ "timestamp":"2016-12-19T21:50:47Z", "event":"ReceiveText", "From":"Bear City", "Message":"$STATION_docking_granted;", "Message_Localised":"Docking request granted.", "Channel":"npc" }
{ "timestamp":"2016-12-19T21:50:47Z", "event":"DockingGranted", "LandingPad":18, "StationName":"Bear City" }
{ "timestamp":"2016-12-19T21:50:52Z", "event":"ReceiveText", "From":"Bear City", "Message":"$STATION_NoFireZone_entered;", "Message_Localised":"No fire zone entered.", "Channel":"npc" }
{ "timestamp":"2016-12-19T21:51:30Z", "event":"Docked", "StationName":"Bear City", "StationType":"Coriolis", "StarSystem":"Freng", "StationFaction":"Freng Gold Legal Partners", "FactionState":"CivilUnrest", "StationGovernment":"$government_Corporate;", "StationGovernment_Localised":"Corporate", "StationEconomy":"$economy_Refinery;", "StationEconomy_Localised":"Refinery" }
{ "timestamp":"2016-12-19T21:51:34Z", "event":"ShieldState", "ShieldsUp":true }
{ "timestamp":"2016-12-19T21:51:39Z", "event":"RefuelAll", "Cost":135, "Amount":2.697856 }
{ "timestamp":"2016-12-19T21:51:50Z", "event":"MissionCompleted", "Faction":"Freng Gold Legal Partners", "Name":"Mission_PassengerVIP_Criminal_BOOM_name", "MissionID":60765548, "Commodity":"$Wine_Name;", "Commodity_Localised":"Wine", "Count":1, "DestinationSystem":"Freng", "DestinationStation":"Bear City", "Reward":588600 }
{ "timestamp":"2016-12-19T21:53:04Z", "event":"MarketBuy", "Type":"atmosphericextractors", "Count":72, "BuyPrice":258, "TotalCost":18576 }
{ "timestamp":"2016-12-19T21:53:42Z", "event":"Undocked", "StationName":"Bear City", "StationType":"Coriolis" }
{ "timestamp":"2016-12-19T21:54:30Z", "event":"ReceiveText", "From":"Bear City", "Message":"$STATION_NoFireZone_exited;", "Message_Localised":"No fire zone left.", "Channel":"npc" }
{ "timestamp":"2016-12-19T21:55:31Z", "event":"FSDJump", "StarSystem":"NLTT 48633", "StarPos":[-72.969,-9.094,43.125], "SystemAllegiance":"", "SystemEconomy":"$economy_None;", "SystemEconomy_Localised":"None", "SystemGovernment":"$government_None;", "SystemGovernment_Localised":"None", "SystemSecurity":"$SYSTEM_SECURITY_low;", "SystemSecurity_Localised":"Low Security", "JumpDist":11.331, "FuelUsed":0.879617, "FuelLevel":31.120382 }
{ "timestamp":"2016-12-19T21:56:29Z", "event":"FSDJump", "StarSystem":"LP 339-7", "StarPos":[-70.063,-8.281,27.906], "SystemAllegiance":"Federation", "SystemEconomy":"$economy_Agri;", "SystemEconomy_Localised":"Agriculture", "SystemGovernment":"$government_Corporate;", "SystemGovernment_Localised":"Corporate", "SystemSecurity":"$SYSTEM_SECURITY_high;", "SystemSecurity_Localised":"High Security", "JumpDist":15.515, "FuelUsed":1.892040, "FuelLevel":29.228342, "SystemFaction":"Starship Enterprises", "FactionState":"Boom" }
{ "timestamp":"2016-12-19T21:58:24Z", "event":"SupercruiseExit", "StarSystem":"LP 339-7", "Body":"Whitson Orbital", "BodyType":"Station" }
{ "timestamp":"2016-12-19T21:58:26Z", "event":"ReceiveText", "From":"Whitson Orbital", "Message":"$STATION_NoFireZone_entered;", "Message_Localised":"No fire zone entered.", "Channel":"npc" }
{ "timestamp":"2016-12-19T21:58:39Z", "event":"DockingRequested", "StationName":"Whitson Orbital" }
{ "timestamp":"2016-12-19T21:58:39Z", "event":"ReceiveText", "From":"Whitson Orbital", "Message":"$DockingChatter_Allied;", "Message_Localised":"An ally like you is always welcome here.", "Channel":"npc" }
{ "timestamp":"2016-12-19T21:58:41Z", "event":"ReceiveText", "From":"Whitson Orbital", "Message":"$STATION_docking_granted;", "Message_Localised":"Docking request granted.", "Channel":"npc" }
{ "timestamp":"2016-12-19T21:58:41Z", "event":"DockingGranted", "LandingPad":8, "StationName":"Whitson Orbital" }
{ "timestamp":"2016-12-19T21:59:33Z", "event":"Docked", "StationName":"Whitson Orbital", "StationType":"Orbis", "StarSystem":"LP 339-7", "StationFaction":"Starship Enterprises", "FactionState":"Boom", "StationGovernment":"$government_Corporate;", "StationGovernment_Localised":"Corporate", "StationAllegiance":"Federation", "StationEconomy":"$economy_Agri;", "StationEconomy_Localised":"Agriculture" }
{ "timestamp":"2016-12-19T21:59:33Z", "event":"ReceiveText", "From":"$npc_name_decorate:#name=Christiaan Keet;", "From_Localised":"Christiaan Keet", "Message":"$Commuter_AuthorityScan08;", "Message_Localised":"You've got no right to scan me, officer!", "Channel":"npc" }
{ "timestamp":"2016-12-19T21:59:42Z", "event":"RefuelAll", "Cost":146, "Amount":2.896600 }
{ "timestamp":"2016-12-19T22:01:15Z", "event":"ReceiveText", "From":"$npc_name_decorate:#name=Withnail;", "From_Localised":"Withnail", "Message":"$Commuter_AuthorityScan03;", "Message_Localised":"Will this take long? I’ve got a schedule to keep. ", "Channel":"npc" }
{ "timestamp":"2016-12-19T22:01:58Z", "event":"MarketSell", "Type":"atmosphericextractors", "Count":72, "SellPrice":393, "TotalSale":28296, "AvgPricePaid":258 }
{ "timestamp":"2016-12-19T22:07:01Z", "event":"Undocked", "StationName":"Whitson Orbital", "StationType":"Orbis" }
{ "timestamp":"2016-12-19T22:08:01Z", "event":"ReceiveText", "From":"Whitson Orbital", "Message":"$STATION_NoFireZone_exited;", "Message_Localised":"No fire zone left.", "Channel":"npc" }
{ "timestamp":"2016-12-19T22:08:51Z", "event":"FSDJump", "StarSystem":"17 Cygni", "StarPos":[-64.531,5.000,24.594], "SystemAllegiance":"Independent", "SystemEconomy":"$economy_Agri;", "SystemEconomy_Localised":"Agriculture", "SystemGovernment":"$government_Democracy;", "SystemGovernment_Localised":"Democracy", "SystemSecurity":"$SYSTEM_SECURITY_high;", "SystemSecurity_Localised":"High Security", "JumpDist":14.763, "FuelUsed":1.180294, "FuelLevel":30.819706, "SystemFaction":"17 Cygni Free", "FactionState":"Boom" }
{ "timestamp":"2016-12-19T22:13:46Z", "event":"ReceiveText", "From":"$npc_name_decorate:#name=Cruise Ship;", "From_Localised":"Cruise Ship", "Message":"$CruiseLiner_SCPatrol05;", "Message_Localised":"This is your captain. Due to some unforeseen delays, we will be arriving at our next destination later than scheduled.", "Channel":"npc" }
{ "timestamp":"2016-12-19T22:14:29Z", "event":"SupercruiseExit", "StarSystem":"17 Cygni", "Body":"Blackman Station", "BodyType":"Station" }
{ "timestamp":"2016-12-19T22:14:31Z", "event":"ReceiveText", "From":"Blackman Station", "Message":"$STATION_NoFireZone_entered;", "Message_Localised":"No fire zone entered.", "Channel":"npc" }
{ "timestamp":"2016-12-19T22:14:42Z", "event":"DockingRequested", "StationName":"Blackman Station" }
{ "timestamp":"2016-12-19T22:14:42Z", "event":"ReceiveText", "From":"Blackman Station", "Message":"$DockingChatter_Neutral;", "Message_Localised":"Ensure to observe starport protocol during your visit, pilot.", "Channel":"npc" }
{ "timestamp":"2016-12-19T22:14:43Z", "event":"ReceiveText", "From":"Blackman Station", "Message":"$STATION_docking_granted;", "Message_Localised":"Docking request granted.", "Channel":"npc" }
{ "timestamp":"2016-12-19T22:14:43Z", "event":"DockingGranted", "LandingPad":22, "StationName":"Blackman Station" }
{ "timestamp":"2016-12-19T22:15:28Z", "event":"Docked", "StationName":"Blackman Station", "StationType":"Orbis", "StarSystem":"17 Cygni", "StationFaction":"17 Cygni Gold Vision PLC", "StationGovernment":"$government_Corporate;", "StationGovernment_Localised":"Corporate", "StationAllegiance":"Federation", "StationEconomy":"$economy_Tourism;", "StationEconomy_Localised":"Tourism" }
{ "timestamp":"2016-12-19T22:16:20Z", "event":"Screenshot", "Filename":"\\ED_Pictures\\HighResScreenShot_2016-12-19_22-16-20.bmp", "Width":7680, "Height":4320, "System":"17 Cygni", "Body":"Blackman Station" }
{ "timestamp":"2016-12-19T22:16:27Z", "event":"Screenshot", "Filename":"\\ED_Pictures\\HighResScreenShot_2016-12-19_22-16-27.bmp", "Width":7680, "Height":4320, "System":"17 Cygni", "Body":"Blackman Station" }
{ "timestamp":"2016-12-19T22:16:53Z", "event":"Undocked", "StationName":"Blackman Station", "StationType":"Orbis" }
{ "timestamp":"2016-12-19T22:17:19Z", "event":"ReceiveText", "From":"Blackman Station", "Message":"$STATION_docking_requestfailnotyetclear;", "Message_Localised":"Dock request denied, please clear bay doors.", "Channel":"npc" }
{ "timestamp":"2016-12-19T22:17:24Z", "event":"DockingRequested", "StationName":"Blackman Station" }
{ "timestamp":"2016-12-19T22:17:24Z", "event":"ReceiveText", "From":"Blackman Station", "Message":"$DockingChatter_Neutral;", "Message_Localised":"Ensure to observe starport protocol during your visit, pilot.", "Channel":"npc" }
{ "timestamp":"2016-12-19T22:17:25Z", "event":"ReceiveText", "From":"Blackman Station", "Message":"$STATION_docking_granted;", "Message_Localised":"Docking request granted.", "Channel":"npc" }
{ "timestamp":"2016-12-19T22:17:25Z", "event":"DockingGranted", "LandingPad":41, "StationName":"Blackman Station" }
{ "timestamp":"2016-12-19T22:17:34Z", "event":"ReceiveText", "From":"$ShipName_Police_Federation;", "From_Localised":"Federal Security Service", "Message":"$Police_ThankYouPassedStopAndSearch03;", "Message_Localised":"All clear. Carry on, pilot.", "Channel":"npc" }
{ "timestamp":"2016-12-19T22:18:05Z", "event":"Docked", "StationName":"Blackman Station", "StationType":"Orbis", "StarSystem":"17 Cygni", "StationFaction":"17 Cygni Gold Vision PLC", "StationGovernment":"$government_Corporate;", "StationGovernment_Localised":"Corporate", "StationAllegiance":"Federation", "StationEconomy":"$economy_Tourism;", "StationEconomy_Localised":"Tourism" }
{ "timestamp":"2016-12-19T22:19:29Z", "event":"ModuleBuy", "Slot":"Slot01_Size6", "SellItem":"$int_cargorack_size6_class1_name;", "SellItem_Localised":"Cargo Rack", "SellPrice":362591, "BuyItem":"$int_passengercabin_size6_class3_name;", "BuyItem_Localised":"FC Passenger Cabin", "BuyPrice":552698, "Ship":"asp", "ShipID":13 }
{ "timestamp":"2016-12-19T22:21:20Z", "event":"Undocked", "StationName":"Blackman Station", "StationType":"Orbis" }
{ "timestamp":"2016-12-19T22:22:19Z", "event":"ReceiveText", "From":"Blackman Station", "Message":"$STATION_NoFireZone_exited;", "Message_Localised":"No fire zone left.", "Channel":"npc" }
{ "timestamp":"2016-12-19T22:22:51Z", "event":"FSDJump", "StarSystem":"LP 339-7", "StarPos":[-70.063,-8.281,27.906], "SystemAllegiance":"Federation", "SystemEconomy":"$economy_Agri;", "SystemEconomy_Localised":"Agriculture", "SystemGovernment":"$government_Corporate;", "SystemGovernment_Localised":"Corporate", "SystemSecurity":"$SYSTEM_SECURITY_high;", "SystemSecurity_Localised":"High Security", "JumpDist":14.763, "FuelUsed":1.437786, "FuelLevel":29.381920, "SystemFaction":"Starship Enterprises", "FactionState":"Boom" }
{ "timestamp":"2016-12-19T22:24:46Z", "event":"SupercruiseExit", "StarSystem":"LP 339-7", "Body":"Whitson Orbital", "BodyType":"Station" }
{ "timestamp":"2016-12-19T22:24:48Z", "event":"ReceiveText", "From":"Whitson Orbital", "Message":"$STATION_NoFireZone_entered;", "Message_Localised":"No fire zone entered.", "Channel":"npc" }
{ "timestamp":"2016-12-19T22:24:52Z", "event":"ReceiveText", "From":"Whitson Orbital", "Message":"$DockingFailed_Distance:#distance=7500;", "Message_Localised":"Docking request denied, please approach to 7500m", "Channel":"npc" }
{ "timestamp":"2016-12-19T22:24:52Z", "event":"DockingDenied", "Reason":"Distance", "StationName":"Whitson Orbital" }
{ "timestamp":"2016-12-19T22:25:05Z", "event":"DockingRequested", "StationName":"Whitson Orbital" }
{ "timestamp":"2016-12-19T22:25:05Z", "event":"ReceiveText", "From":"Whitson Orbital", "Message":"$DockingChatter_Allied;", "Message_Localised":"An ally like you is always welcome here.", "Channel":"npc" }
{ "timestamp":"2016-12-19T22:25:07Z", "event":"ReceiveText", "From":"Whitson Orbital", "Message":"$STATION_docking_granted;", "Message_Localised":"Docking request granted.", "Channel":"npc" }
{ "timestamp":"2016-12-19T22:25:07Z", "event":"DockingGranted", "LandingPad":26, "StationName":"Whitson Orbital" }
{ "timestamp":"2016-12-19T22:25:53Z", "event":"Docked", "StationName":"Whitson Orbital", "StationType":"Orbis", "StarSystem":"LP 339-7", "StationFaction":"Starship Enterprises", "FactionState":"Boom", "StationGovernment":"$government_Corporate;", "StationGovernment_Localised":"Corporate", "StationAllegiance":"Federation", "StationEconomy":"$economy_Agri;", "StationEconomy_Localised":"Agriculture" }
{ "timestamp":"2016-12-19T22:26:03Z", "event":"RefuelAll", "Cost":149, "Amount":2.960085 }
{ "timestamp":"2016-12-19T22:26:21Z", "event":"ReceiveText", "From":"$npc_name_decorate:#name=Tysland;", "From_Localised":"Tysland", "Message":"$Commuter_AuthorityScan03;", "Message_Localised":"Will this take long? I’ve got a schedule to keep. ", "Channel":"npc" }
{ "timestamp":"2016-12-19T22:27:47Z", "event":"MissionAccepted", "Faction":"Starship Enterprises", "Name":"Mission_PassengerVIP_CEO_BOOM", "Commodity":"$AtmosphericExtractors_Name;", "Commodity_Localised":"Atmospheric Processors", "Count":1, "DestinationSystem":"17 Cygni", "DestinationStation":"Krylov Station", "Expiry":"2016-12-19T23:32:57Z", "PassengerCount":3, "PassengerVIPs":true, "PassengerWanted":false, "PassengerType":"Business", "MissionID":60780260 }
{ "timestamp":"2016-12-19T22:28:52Z", "event":"Undocked", "StationName":"Whitson Orbital", "StationType":"Orbis" }
{ "timestamp":"2016-12-19T22:29:40Z", "event":"ReceiveText", "From":"Whitson Orbital", "Message":"$STATION_NoFireZone_exited;", "Message_Localised":"No fire zone left.", "Channel":"npc" }
{ "timestamp":"2016-12-19T22:29:44Z", "event":"ReceiveText", "From":"Whitson Orbital", "Message":"$STATION_NoFireZone_entered;", "Message_Localised":"No fire zone entered.", "Channel":"npc" }
{ "timestamp":"2016-12-19T22:30:17Z", "event":"FSDJump", "StarSystem":"17 Cygni", "StarPos":[-64.531,5.000,24.594], "SystemAllegiance":"Independent", "SystemEconomy":"$economy_Agri;", "SystemEconomy_Localised":"Agriculture", "SystemGovernment":"$government_Democracy;", "SystemGovernment_Localised":"Democracy", "SystemSecurity":"$SYSTEM_SECURITY_high;", "SystemSecurity_Localised":"High Security", "JumpDist":14.763, "FuelUsed":1.446089, "FuelLevel":30.553911, "SystemFaction":"17 Cygni Free", "FactionState":"Boom" }
{ "timestamp":"2016-12-19T22:37:45Z", "event":"SupercruiseExit", "StarSystem":"17 Cygni", "Body":"Krylov Station", "BodyType":"Station" }
{ "timestamp":"2016-12-19T22:37:46Z", "event":"ReceiveText", "From":"Krylov Station", "Message":"$STATION_NoFireZone_entered;", "Message_Localised":"No fire zone entered.", "Channel":"npc" }
{ "timestamp":"2016-12-19T22:37:58Z", "event":"DockingRequested", "StationName":"Krylov Station" }
{ "timestamp":"2016-12-19T22:37:58Z", "event":"ReceiveText", "From":"Krylov Station", "Message":"$DockingChatter_Neutral;", "Message_Localised":"Ensure to observe starport protocol during your visit, pilot.", "Channel":"npc" }
{ "timestamp":"2016-12-19T22:37:59Z", "event":"ReceiveText", "From":"Krylov Station", "Message":"$STATION_docking_granted;", "Message_Localised":"Docking request granted.", "Channel":"npc" }
{ "timestamp":"2016-12-19T22:37:59Z", "event":"DockingGranted", "LandingPad":22, "StationName":"Krylov Station" }
{ "timestamp":"2016-12-19T22:38:51Z", "event":"Docked", "StationName":"Krylov Station", "StationType":"Orbis", "StarSystem":"17 Cygni", "StationFaction":"17 Cygni Free", "FactionState":"Boom", "StationGovernment":"$government_Democracy;", "StationGovernment_Localised":"Democracy", "StationEconomy":"$economy_Agri;", "StationEconomy_Localised":"Agriculture" }
{ "timestamp":"2016-12-19T22:39:09Z", "event":"MissionCompleted", "Faction":"17 Cygni Focus", "Name":"Mission_PassengerVIP_CEO_BOOM_name", "MissionID":60780260, "Commodity":"$AtmosphericExtractors_Name;", "Commodity_Localised":"Atmospheric Processors", "Count":1, "DestinationSystem":"17 Cygni", "DestinationStation":"Krylov Station", "Reward":336000 }
{ "timestamp":"2016-12-19T22:39:09Z", "event":"MaterialCollected", "Category":"Encoded", "Name":"consumerfirmware", "Count":1 }
{ "timestamp":"2016-12-19T22:40:08Z", "event":"RefuelAll", "Cost":87, "Amount":1.717132 }
{ "timestamp":"2016-12-19T22:43:35Z", "event":"Undocked", "StationName":"Krylov Station", "StationType":"Orbis" }
{ "timestamp":"2016-12-19T22:44:26Z", "event":"ReceiveText", "From":"$ShipName_Police_Independent;", "From_Localised":"System Authority Vessel", "Message":"$Police_ThankYouPassedStopAndSearch09;", "Message_Localised":"Move along, Commander, we're done here.", "Channel":"npc" }
{ "timestamp":"2016-12-19T22:44:49Z", "event":"ReceiveText", "From":"Krylov Station", "Message":"$STATION_NoFireZone_exited;", "Message_Localised":"No fire zone left.", "Channel":"npc" }
{ "timestamp":"2016-12-19T22:45:20Z", "event":"FSDJump", "StarSystem":"LP 339-7", "StarPos":[-70.063,-8.281,27.906], "SystemAllegiance":"Federation", "SystemEconomy":"$economy_Agri;", "SystemEconomy_Localised":"Agriculture", "SystemGovernment":"$government_Corporate;", "SystemGovernment_Localised":"Corporate", "SystemSecurity":"$SYSTEM_SECURITY_high;", "SystemSecurity_Localised":"High Security", "JumpDist":14.763, "FuelUsed":1.446089, "FuelLevel":30.553911, "SystemFaction":"Starship Enterprises", "FactionState":"Boom" }
{ "timestamp":"2016-12-19T22:47:12Z", "event":"SupercruiseExit", "StarSystem":"LP 339-7", "Body":"Whitson Orbital", "BodyType":"Station" }
{ "timestamp":"2016-12-19T22:47:13Z", "event":"ReceiveText", "From":"Whitson Orbital", "Message":"$STATION_NoFireZone_entered;", "Message_Localised":"No fire zone entered.", "Channel":"npc" }
{ "timestamp":"2016-12-19T22:47:19Z", "event":"DockingRequested", "StationName":"Whitson Orbital" }
{ "timestamp":"2016-12-19T22:47:19Z", "event":"ReceiveText", "From":"Whitson Orbital", "Message":"$DockingChatter_Allied;", "Message_Localised":"An ally like you is always welcome here.", "Channel":"npc" }
{ "timestamp":"2016-12-19T22:47:20Z", "event":"ReceiveText", "From":"Whitson Orbital", "Message":"$STATION_docking_granted;", "Message_Localised":"Docking request granted.", "Channel":"npc" }
{ "timestamp":"2016-12-19T22:47:20Z", "event":"DockingGranted", "LandingPad":33, "StationName":"Whitson Orbital" }
{ "timestamp":"2016-12-19T22:48:04Z", "event":"Docked", "StationName":"Whitson Orbital", "StationType":"Orbis", "StarSystem":"LP 339-7", "StationFaction":"Starship Enterprises", "FactionState":"Boom", "StationGovernment":"$government_Corporate;", "StationGovernment_Localised":"Corporate", "StationAllegiance":"Federation", "StationEconomy":"$economy_Agri;", "StationEconomy_Localised":"Agriculture" }
{ "timestamp":"2016-12-19T22:48:35Z", "event":"ReceiveText", "From":"$npc_name_decorate:#name=Sam Shadow;", "From_Localised":"Sam Shadow", "Message":"$Commuter_AuthorityScan08;", "Message_Localised":"You've got no right to scan me, officer!", "Channel":"npc" }
{ "timestamp":"2016-12-19T22:48:52Z", "event":"ReceiveText", "From":"$npc_name_decorate:#name=Cute Rabbit;", "From_Localised":"Cute Rabbit", "Message":"$Commuter_AuthorityScan04;", "Message_Localised":"Is this really necessary?", "Channel":"npc" }
{ "timestamp":"2016-12-19T22:49:46Z", "event":"MissionAccepted", "Faction":"Starship Enterprises", "Name":"Mission_Sightseeing_Tourist_BOOM", "Commodity":"$Clothing_Name;", "Commodity_Localised":"Clothing", "Count":1, "Expiry":"2016-12-20T12:55:56Z", "PassengerCount":6, "PassengerVIPs":true, "PassengerWanted":false, "PassengerType":"Tourist", "MissionID":60787207 }
{ "timestamp":"2016-12-19T22:50:22Z", "event":"ModuleStore", "Slot":"Slot04_Size3", "StoredItem":"$int_shieldcellbank_size3_class5_name;", "StoredItem_Localised":"Shield Cell Bank", "Ship":"asp", "ShipID":13, "EngineerModifications":"ShieldCellBank_Specialised" }
{ "timestamp":"2016-12-19T22:50:33Z", "event":"ModuleBuy", "Slot":"Slot04_Size3", "BuyItem":"$int_fuelscoop_size1_class1_name;", "BuyItem_Localised":"Fuel Scoop", "BuyPrice":309, "Ship":"asp", "ShipID":13 }
{ "timestamp":"2016-12-19T22:51:23Z", "event":"RefuelAll", "Cost":78, "Amount":1.543437 }
{ "timestamp":"2016-12-19T22:52:26Z", "event":"Undocked", "StationName":"Whitson Orbital", "StationType":"Orbis" }
{ "timestamp":"2016-12-19T22:54:02Z", "event":"ReceiveText", "From":"Whitson Orbital", "Message":"$STATION_NoFireZone_exited;", "Message_Localised":"No fire zone left.", "Channel":"npc" }
{ "timestamp":"2016-12-19T22:55:10Z", "event":"FSDJump", "StarSystem":"Huilliche", "StarPos":[-79.875,-13.563,48.781], "SystemAllegiance":"Independent", "SystemEconomy":"$economy_Industrial;", "SystemEconomy_Localised":"Industrial", "SystemGovernment":"$government_Dictatorship;", "SystemGovernment_Localised":"Dictatorship", "SystemSecurity":"$SYSTEM_SECURITY_high;", "SystemSecurity_Localised":"High Security", "JumpDist":23.663, "FuelUsed":4.482575, "FuelLevel":27.517426, "SystemFaction":"Allied Huilliche Constitution Party" }
{ "timestamp":"2016-12-19T22:55:42Z", "event":"FuelScoop", "Scooped":0.207022, "Total":27.724447 }
{ "timestamp":"2016-12-19T22:56:06Z", "event":"FSDJump", "StarSystem":"Alrai Sector JC-V b2-7", "StarPos":[-89.250,-8.438,69.688], "SystemAllegiance":"", "SystemEconomy":"$economy_None;", "SystemEconomy_Localised":"None", "SystemGovernment":"$government_None;", "SystemGovernment_Localised":"None", "SystemSecurity":"$SYSTEM_SECURITY_low;", "SystemSecurity_Localised":"Low Security", "JumpDist":23.478, "FuelUsed":4.305176, "FuelLevel":23.419271 }
{ "timestamp":"2016-12-19T22:57:39Z", "event":"FSDJump", "StarSystem":"Antanyamai", "StarPos":[-103.875,0.188,83.188], "SystemAllegiance":"Independent", "SystemEconomy":"$economy_Agri;", "SystemEconomy_Localised":"Agriculture", "SystemGovernment":"$government_Corporate;", "SystemGovernment_Localised":"Corporate", "SystemSecurity":"$SYSTEM_SECURITY_medium;", "SystemSecurity_Localised":"Medium Security", "JumpDist":21.692, "FuelUsed":3.471139, "FuelLevel":19.948132, "SystemFaction":"Antanyamai Advanced PLC" }
{ "timestamp":"2016-12-19T23:00:23Z", "event":"SupercruiseExit", "StarSystem":"Antanyamai", "Body":"Antanyamai 4", "BodyType":"Planet" }
{ "timestamp":"2016-12-19T23:00:45Z", "event":"DataScanned", "Type":"TouristBeacon" }
{ "timestamp":"2016-12-19T23:01:19Z", "event":"SupercruiseEntry", "StarSystem":"Antanyamai" }
{ "timestamp":"2016-12-19T23:02:23Z", "event":"FSDJump", "StarSystem":"Alrai Sector JC-V b2-7", "StarPos":[-89.250,-8.438,69.688], "SystemAllegiance":"", "SystemEconomy":"$economy_None;", "SystemEconomy_Localised":"None", "SystemGovernment":"$government_None;", "SystemGovernment_Localised":"None", "SystemSecurity":"$SYSTEM_SECURITY_low;", "SystemSecurity_Localised":"Low Security", "JumpDist":21.692, "FuelUsed":3.411108, "FuelLevel":16.537024 }
{ "timestamp":"2016-12-19T23:03:23Z", "event":"FSDJump", "StarSystem":"Huilliche", "StarPos":[-79.875,-13.563,48.781], "SystemAllegiance":"Independent", "SystemEconomy":"$economy_Industrial;", "SystemEconomy_Localised":"Industrial", "SystemGovernment":"$government_Dictatorship;", "SystemGovernment_Localised":"Dictatorship", "SystemSecurity":"$SYSTEM_SECURITY_high;", "SystemSecurity_Localised":"High Security", "JumpDist":23.478, "FuelUsed":4.070117, "FuelLevel":12.466908, "SystemFaction":"Allied Huilliche Constitution Party" }
{ "timestamp":"2016-12-19T23:03:44Z", "event":"ReceiveText", "From":"$npc_name_decorate:#name=Saoirse Kavan;", "From_Localised":"Saoirse Kavan", "Message":"$Pirate_HunterHostileSC_Relevant01;", "Message_Localised":"That's the ship I'm looking for, the one with the big haul...", "Channel":"npc" }
{ "timestamp":"2016-12-19T23:03:50Z", "event":"FuelScoop", "Scooped":0.109885, "Total":12.576793 }
{ "timestamp":"2016-12-19T23:04:37Z", "event":"FSDJump", "StarSystem":"LP 339-7", "StarPos":[-70.063,-8.281,27.906], "SystemAllegiance":"Federation", "SystemEconomy":"$economy_Agri;", "SystemEconomy_Localised":"Agriculture", "SystemGovernment":"$government_Corporate;", "SystemGovernment_Localised":"Corporate", "SystemSecurity":"$SYSTEM_SECURITY_high;", "SystemSecurity_Localised":"High Security", "JumpDist":23.663, "FuelUsed":4.065918, "FuelLevel":8.510875, "SystemFaction":"Starship Enterprises", "FactionState":"Boom" }
{ "timestamp":"2016-12-19T23:04:59Z", "event":"FuelScoop", "Scooped":0.008901, "Total":8.519775 }
{ "timestamp":"2016-12-19T23:06:24Z", "event":"SupercruiseExit", "StarSystem":"LP 339-7", "Body":"Gell-Mann Ring", "BodyType":"Station" }
{ "timestamp":"2016-12-19T23:06:25Z", "event":"ReceiveText", "From":"Gell-Mann Ring", "Message":"$STATION_NoFireZone_entered;", "Message_Localised":"No fire zone entered.", "Channel":"npc" }
{ "timestamp":"2016-12-19T23:06:31Z", "event":"DockingRequested", "StationName":"Gell-Mann Ring" }
{ "timestamp":"2016-12-19T23:06:31Z", "event":"ReceiveText", "From":"Gell-Mann Ring", "Message":"$DockingChatter_Neutral;", "Message_Localised":"Ensure to observe starport protocol during your visit, pilot.", "Channel":"npc" }
{ "timestamp":"2016-12-19T23:06:32Z", "event":"ReceiveText", "From":"Gell-Mann Ring", "Message":"$STATION_docking_granted;", "Message_Localised":"Docking request granted.", "Channel":"npc" }
{ "timestamp":"2016-12-19T23:06:32Z", "event":"DockingGranted", "LandingPad":7, "StationName":"Gell-Mann Ring" }
{ "timestamp":"2016-12-19T23:07:26Z", "event":"Docked", "StationName":"Gell-Mann Ring", "StationType":"Orbis", "StarSystem":"LP 339-7", "StationFaction":"LP 339-7 Blue Creative Inc", "FactionState":"Boom", "StationGovernment":"$government_Corporate;", "StationGovernment_Localised":"Corporate", "StationAllegiance":"Federation", "StationEconomy":"$economy_Industrial;", "StationEconomy_Localised":"Industrial" }
{ "timestamp":"2016-12-19T23:07:35Z", "event":"RefuelAll", "Cost":1193, "Amount":23.821526 }
{ "timestamp":"2016-12-19T23:08:11Z", "event":"ModuleBuy", "Slot":"Slot04_Size3", "SellItem":"$int_fuelscoop_size1_class1_name;", "SellItem_Localised":"Fuel Scoop", "SellPrice":309, "BuyItem":"$int_fuelscoop_size3_class5_name;", "BuyItem_Localised":"Fuel Scoop", "BuyPrice":902954, "Ship":"asp", "ShipID":13 }
{ "timestamp":"2016-12-19T23:10:41Z", "event":"Undocked", "StationName":"Gell-Mann Ring", "StationType":"Orbis" }
{ "timestamp":"2016-12-19T23:11:24Z", "event":"SupercruiseEntry", "StarSystem":"LP 339-7" }
{ "timestamp":"2016-12-19T23:14:04Z", "event":"SupercruiseExit", "StarSystem":"LP 339-7", "Body":"Whitson Orbital", "BodyType":"Station" }
{ "timestamp":"2016-12-19T23:14:06Z", "event":"ReceiveText", "From":"Whitson Orbital", "Message":"$STATION_NoFireZone_entered;", "Message_Localised":"No fire zone entered.", "Channel":"npc" }
{ "timestamp":"2016-12-19T23:14:21Z", "event":"DockingRequested", "StationName":"Whitson Orbital" }
{ "timestamp":"2016-12-19T23:14:21Z", "event":"ReceiveText", "From":"Whitson Orbital", "Message":"$DockingChatter_Allied;", "Message_Localised":"An ally like you is always welcome here.", "Channel":"npc" }
{ "timestamp":"2016-12-19T23:14:22Z", "event":"ReceiveText", "From":"Whitson Orbital", "Message":"$STATION_docking_granted;", "Message_Localised":"Docking request granted.", "Channel":"npc" }
{ "timestamp":"2016-12-19T23:14:22Z", "event":"DockingGranted", "LandingPad":22, "StationName":"Whitson Orbital" }
{ "timestamp":"2016-12-19T23:15:08Z", "event":"Docked", "StationName":"Whitson Orbital", "StationType":"Orbis", "StarSystem":"LP 339-7", "StationFaction":"Starship Enterprises", "FactionState":"Boom", "StationGovernment":"$government_Corporate;", "StationGovernment_Localised":"Corporate", "StationAllegiance":"Federation", "StationEconomy":"$economy_Agri;", "StationEconomy_Localised":"Agriculture" }
{ "timestamp":"2016-12-19T23:15:30Z", "event":"MissionCompleted", "Faction":"Starship Enterprises", "Name":"Mission_Sightseeing_Tourist_BOOM_name", "MissionID":60787207, "Commodity":"$Clothing_Name;", "Commodity_Localised":"Clothing", "Count":1, "Reward":531000 }
{ "timestamp":"2016-12-19T23:15:30Z", "event":"MaterialCollected", "Category":"Manufactured", "Name":"mechanicalscrap", "Count":1 }
{ "timestamp":"2016-12-19T23:17:46Z", "event":"RefuelAll", "Cost":10, "Amount":0.106155 }
{ "timestamp":"2016-12-19T23:19:44Z", "event":"Undocked", "StationName":"Whitson Orbital", "StationType":"Orbis" }
{ "timestamp":"2016-12-19T23:20:37Z", "event":"ReceiveText", "From":"Whitson Orbital", "Message":"$STATION_NoFireZone_exited;", "Message_Localised":"No fire zone left.", "Channel":"npc" }
{ "timestamp":"2016-12-19T23:20:39Z", "event":"SupercruiseEntry", "StarSystem":"LP 339-7" }
{ "timestamp":"2016-12-19T23:23:08Z", "event":"SupercruiseExit", "StarSystem":"LP 339-7", "Body":"So-yeon Dock", "BodyType":"Station" }
{ "timestamp":"2016-12-19T23:23:09Z", "event":"ReceiveText", "From":"So-yeon Dock", "Message":"$STATION_NoFireZone_entered;", "Message_Localised":"No fire zone entered.", "Channel":"npc" }
{ "timestamp":"2016-12-19T23:23:16Z", "event":"DockingRequested", "StationName":"So-yeon Dock" }
{ "timestamp":"2016-12-19T23:23:16Z", "event":"ReceiveText", "From":"So-yeon Dock", "Message":"$DockingChatter_Allied;", "Message_Localised":"An ally like you is always welcome here.", "Channel":"npc" }
{ "timestamp":"2016-12-19T23:23:17Z", "event":"ReceiveText", "From":"So-yeon Dock", "Message":"$STATION_docking_granted;", "Message_Localised":"Docking request granted.", "Channel":"npc" }
{ "timestamp":"2016-12-19T23:23:17Z", "event":"DockingGranted", "LandingPad":20, "StationName":"So-yeon Dock" }
{ "timestamp":"2016-12-19T23:24:05Z", "event":"Docked", "StationName":"So-yeon Dock", "StationType":"Orbis", "StarSystem":"LP 339-7", "StationFaction":"Starship Enterprises", "FactionState":"Boom", "StationGovernment":"$government_Corporate;", "StationGovernment_Localised":"Corporate", "StationAllegiance":"Federation", "StationEconomy":"$economy_Agri;", "StationEconomy_Localised":"Agriculture" }
{ "timestamp":"2016-12-19T23:24:15Z", "event":"RefuelAll", "Cost":10, "Amount":0.101776 }
{ "timestamp":"2016-12-19T23:24:37Z", "event":"MissionAccepted", "Faction":"Starship Enterprises", "Name":"Mission_Courier_Boom", "DestinationSystem":"HR 7079", "DestinationStation":"Ochoa Terminal", "Expiry":"2016-12-20T23:24:16Z", "MissionID":60797160 }
{ "timestamp":"2016-12-19T23:26:03Z", "event":"MissionAccepted", "Faction":"LP 339-7 Blue Creative Inc", "Name":"Mission_Sightseeing_Criminal_BOOM", "Commodity":"$Tobacco_Name;", "Commodity_Localised":"Tobacco", "Count":3, "Expiry":"2016-12-20T14:04:05Z", "PassengerCount":6, "PassengerVIPs":true, "PassengerWanted":true, "PassengerType":"Criminal", "MissionID":60797545 }
{ "timestamp":"2016-12-19T23:26:20Z", "event":"MissionAbandoned", "Name":"Mission_Sightseeing_Criminal_BOOM_name", "MissionID":60797545 }
{ "timestamp":"2016-12-19T23:27:09Z", "event":"Undocked", "StationName":"So-yeon Dock", "StationType":"Orbis" }
{ "timestamp":"2016-12-19T23:27:38Z", "event":"ReceiveText", "From":"$npc_name_decorate:#name=Vincent Jaouen;", "From_Localised":"Vincent Jaouen", "Message":"$Commuter_AuthorityScan01;", "Message_Localised":"Is there a problem here, officer?", "Channel":"npc" }
{ "timestamp":"2016-12-19T23:28:56Z", "event":"FSDJump", "StarSystem":"Plendovii", "StarPos":[-71.063,10.125,37.344], "SystemAllegiance":"Federation", "SystemEconomy":"$economy_Industrial;", "SystemEconomy_Localised":"Industrial", "SystemGovernment":"$government_Democracy;", "SystemGovernment_Localised":"Democracy", "SystemSecurity":"$SYSTEM_SECURITY_medium;", "SystemSecurity_Localised":"Medium Security", "JumpDist":20.709, "FuelUsed":3.233211, "FuelLevel":28.766788, "SystemFaction":"Ross 163 Liberals", "FactionState":"Retreat" }
{ "timestamp":"2016-12-19T23:29:24Z", "event":"FuelScoop", "Scooped":1.024334, "Total":29.791122 }
{ "timestamp":"2016-12-19T23:30:17Z", "event":"FSDJump", "StarSystem":"HR 7079", "StarPos":[-74.594,17.438,54.094], "SystemAllegiance":"Federation", "SystemEconomy":"$economy_Industrial;", "SystemEconomy_Localised":"Industrial", "SystemGovernment":"$government_Corporate;", "SystemGovernment_Localised":"Corporate", "SystemSecurity":"$SYSTEM_SECURITY_low;", "SystemSecurity_Localised":"Low Security", "JumpDist":18.615, "FuelUsed":2.462802, "FuelLevel":27.328321, "SystemFaction":"HR 7079 Exchange" }
{ "timestamp":"2016-12-19T23:32:23Z", "event":"ReceiveText", "From":"$npc_name_decorate:#name=Kristian \"Abrundar\" Green;", "From_Localised":"Kristian \"Abrundar\" Green", "Message":"$Pirate_StartInterdiction05;", "Message_Localised":"You have something that I want.", "Channel":"npc" }
{ "timestamp":"2016-12-19T23:32:30Z", "event":"Interdicted", "Submitted":true, "Interdictor":"Kristian \"Abrundar\" Green", "IsPlayer":false, "Faction":"Revolutionary HR 7079 Future" }
{ "timestamp":"2016-12-19T23:32:31Z", "event":"SupercruiseExit", "StarSystem":"HR 7079", "Body":"HR 7079 A", "BodyType":"Star" }
{ "timestamp":"2016-12-19T23:32:33Z", "event":"ReceiveText", "From":"$npc_name_decorate:#name=Kristian \"Abrundar\" Green;", "From_Localised":"Kristian \"Abrundar\" Green", "Message":"$Pirate_OnDeclarePiracyThreaten12;", "Message_Localised":"Hand over your cargo and I'll let you fly away.", "Channel":"npc" }
{ "timestamp":"2016-12-19T23:32:51Z", "event":"ReceiveText", "From":"$npc_name_decorate:#name=Kristian \"Abrundar\" Green;", "From_Localised":"Kristian \"Abrundar\" Green", "Message":"$Pirate_OnDeclarePiracyAttack10;", "Message_Localised":"Die now, wretch!", "Channel":"npc" }
{ "timestamp":"2016-12-19T23:33:16Z", "event":"ShieldState", "ShieldsUp":false }
{ "timestamp":"2016-12-19T23:33:21Z", "event":"HullDamage", "Health":0.791615 }
{ "timestamp":"2016-12-19T23:33:29Z", "event":"HullDamage", "Health":0.599324 }
{ "timestamp":"2016-12-19T23:33:53Z", "event":"SupercruiseEntry", "StarSystem":"HR 7079" }
{ "timestamp":"2016-12-19T23:34:44Z", "event":"SupercruiseExit", "StarSystem":"HR 7079", "Body":"Ochoa Terminal", "BodyType":"Station" }
{ "timestamp":"2016-12-19T23:34:57Z", "event":"DockingRequested", "StationName":"Ochoa Terminal" }
{ "timestamp":"2016-12-19T23:34:57Z", "event":"ReceiveText", "From":"Ochoa Terminal", "Message":"$DockingChatter_Neutral;", "Message_Localised":"Ensure to observe starport protocol during your visit, pilot.", "Channel":"npc" }
{ "timestamp":"2016-12-19T23:34:58Z", "event":"ReceiveText", "From":"Ochoa Terminal", "Message":"$STATION_docking_granted;", "Message_Localised":"Docking request granted.", "Channel":"npc" }
{ "timestamp":"2016-12-19T23:34:58Z", "event":"DockingGranted", "LandingPad":18, "StationName":"Ochoa Terminal" }
{ "timestamp":"2016-12-19T23:35:05Z", "event":"ReceiveText", "From":"Ochoa Terminal", "Message":"$STATION_NoFireZone_entered;", "Message_Localised":"No fire zone entered.", "Channel":"npc" }
{ "timestamp":"2016-12-19T23:35:48Z", "event":"Docked", "StationName":"Ochoa Terminal", "StationType":"Coriolis", "StarSystem":"HR 7079", "StationFaction":"HR 7079 Exchange", "StationGovernment":"$government_Corporate;", "StationGovernment_Localised":"Corporate", "StationAllegiance":"Federation", "StationEconomy":"$economy_Industrial;", "StationEconomy_Localised":"Industrial" }
{ "timestamp":"2016-12-19T23:35:58Z", "event":"RepairAll", "Cost":10408 }
{ "timestamp":"2016-12-19T23:36:00Z", "event":"RefuelAll", "Cost":244, "Amount":4.869065 }
{ "timestamp":"2016-12-19T23:36:01Z", "event":"BuyAmmo", "Cost":306 }
{ "timestamp":"2016-12-19T23:36:07Z", "event":"MissionCompleted", "Faction":"HR 7079 Exchange", "Name":"Mission_Courier_Boom_name", "MissionID":60797160, "DestinationSystem":"HR 7079", "DestinationStation":"Ochoa Terminal", "Reward":272500 }
{ "timestamp":"2016-12-19T23:39:30Z", "event":"SellExplorationData", "Systems":[ "NLTT 48633", "27 b1 Cygni", "BD+25 4085", "LTT 15985", "Alrai Sector JC-V b2-7", "Alrai Sector AV-Y b7" ], "Discovered":[  ], "BaseValue":23475, "Bonus":0 }
{ "timestamp":"2016-12-19T23:40:40Z", "event":"Undocked", "StationName":"Ochoa Terminal", "StationType":"Coriolis" }
{ "timestamp":"2016-12-19T23:41:08Z", "event":"ReceiveText", "From":"Ochoa Terminal", "Message":"$STATION_NoFireZone_exited;", "Message_Localised":"No fire zone left.", "Channel":"npc" }
{ "timestamp":"2016-12-19T23:41:11Z", "event":"ReceiveText", "From":"Ochoa Terminal", "Message":"$STATION_NoFireZone_entered;", "Message_Localised":"No fire zone entered.", "Channel":"npc" }
{ "timestamp":"2016-12-19T23:41:20Z", "event":"ReceiveText", "From":"Ochoa Terminal", "Message":"$STATION_NoFireZone_exited;", "Message_Localised":"No fire zone left.", "Channel":"npc" }
{ "timestamp":"2016-12-19T23:42:17Z", "event":"FSDJump", "StarSystem":"Alrai Sector EB-X b1-1", "StarPos":[-68.250,7.156,37.594], "SystemAllegiance":"", "SystemEconomy":"$economy_None;", "SystemEconomy_Localised":"None", "SystemGovernment":"$government_None;", "SystemGovernment_Localised":"None", "SystemSecurity":"$SYSTEM_SECURITY_low;", "SystemSecurity_Localised":"Low Security", "JumpDist":20.450, "FuelUsed":3.135047, "FuelLevel":28.864952 }
{ "timestamp":"2016-12-19T23:43:00Z", "event":"FuelScoop", "Scooped":0.760372, "Total":29.625324 }
{ "timestamp":"2016-12-19T23:43:29Z", "event":"FSDJump", "StarSystem":"LP 339-7", "StarPos":[-70.063,-8.281,27.906], "SystemAllegiance":"Federation", "SystemEconomy":"$economy_Agri;", "SystemEconomy_Localised":"Agriculture", "SystemGovernment":"$government_Corporate;", "SystemGovernment_Localised":"Corporate", "SystemSecurity":"$SYSTEM_SECURITY_high;", "SystemSecurity_Localised":"High Security", "JumpDist":18.315, "FuelUsed":2.362590, "FuelLevel":27.262733, "SystemFaction":"Starship Enterprises", "FactionState":"Boom" }
{ "timestamp":"2016-12-19T23:45:24Z", "event":"SupercruiseExit", "StarSystem":"LP 339-7", "Body":"Whitson Orbital", "BodyType":"Station" }
{ "timestamp":"2016-12-19T23:45:25Z", "event":"ReceiveText", "From":"Whitson Orbital", "Message":"$STATION_NoFireZone_entered;", "Message_Localised":"No fire zone entered.", "Channel":"npc" }
{ "timestamp":"2016-12-19T23:45:33Z", "event":"DockingRequested", "StationName":"Whitson Orbital" }
{ "timestamp":"2016-12-19T23:45:33Z", "event":"ReceiveText", "From":"Whitson Orbital", "Message":"$DockingChatter_Allied;", "Message_Localised":"An ally like you is always welcome here.", "Channel":"npc" }
{ "timestamp":"2016-12-19T23:45:34Z", "event":"ReceiveText", "From":"Whitson Orbital", "Message":"$STATION_docking_granted;", "Message_Localised":"Docking request granted.", "Channel":"npc" }
{ "timestamp":"2016-12-19T23:45:34Z", "event":"DockingGranted", "LandingPad":33, "StationName":"Whitson Orbital" }
{ "timestamp":"2016-12-19T23:46:17Z", "event":"Docked", "StationName":"Whitson Orbital", "StationType":"Orbis", "StarSystem":"LP 339-7", "StationFaction":"Starship Enterprises", "FactionState":"Boom", "StationGovernment":"$government_Corporate;", "StationGovernment_Localised":"Corporate", "StationAllegiance":"Federation", "StationEconomy":"$economy_Agri;", "StationEconomy_Localised":"Agriculture" }
{ "timestamp":"2016-12-19T23:47:26Z", "event":"RefuelAll", "Cost":243, "Amount":4.852947 }
{ "timestamp":"2016-12-19T23:49:28Z", "event":"MissionAccepted", "Faction":"Starship Enterprises", "Name":"Mission_PassengerBulk", "DestinationSystem":"Uelloskima", "DestinationStation":"Gell-Mann Oasis", "Expiry":"2016-12-20T02:41:49Z", "PassengerCount":8, "PassengerVIPs":false, "PassengerWanted":false, "PassengerType":"Tourist", "MissionID":60804082 }
{ "timestamp":"2016-12-19T23:49:45Z", "event":"MissionAccepted", "Faction":"Starship Enterprises", "Name":"Mission_PassengerVIP_CEO_BOOM", "Commodity":"$AdvancedMedicines_Name;", "Commodity_Localised":"Advanced Medicines", "Count":1, "DestinationSystem":"Uelloskima", "DestinationStation":"Butz Market", "Expiry":"2016-12-20T02:26:49Z", "PassengerCount":3, "PassengerVIPs":true, "PassengerWanted":false, "PassengerType":"Business", "MissionID":60804185 }
{ "timestamp":"2016-12-19T23:51:46Z", "event":"ReceiveText", "From":"$npc_name_decorate:#name=Carl-Johan Kjellander;", "From_Localised":"Carl-Johan Kjellander", "Message":"$Commuter_AuthorityScan06;", "Message_Localised":"What's going on here, officer?", "Channel":"npc" }
{ "timestamp":"2016-12-19T23:53:08Z", "event":"Undocked", "StationName":"Whitson Orbital", "StationType":"Orbis" }
{ "timestamp":"2016-12-19T23:54:12Z", "event":"ReceiveText", "From":"Whitson Orbital", "Message":"$STATION_NoFireZone_exited;", "Message_Localised":"No fire zone left.", "Channel":"npc" }
{ "timestamp":"2016-12-19T23:54:46Z", "event":"FSDJump", "StarSystem":"Uelloskima", "StarPos":[-76.250,-0.469,16.875], "SystemAllegiance":"Federation", "SystemEconomy":"$economy_Agri;", "SystemEconomy_Localised":"Agriculture", "SystemGovernment":"$government_Democracy;", "SystemGovernment_Localised":"Democracy", "SystemSecurity":"$SYSTEM_SECURITY_high;", "SystemSecurity_Localised":"High Security", "JumpDist":14.866, "FuelUsed":1.435336, "FuelLevel":30.564663, "SystemFaction":"Uelloskima Republic Party", "FactionState":"Boom" }
{ "timestamp":"2016-12-19T23:55:07Z", "event":"FuelScoop", "Scooped":0.018805, "Total":30.583467 }
{ "timestamp":"2016-12-19T23:55:47Z", "event":"ReceiveText", "From":"$npc_name_decorate:#name=Cruise Ship;", "From_Localised":"Cruise Ship", "Message":"$CruiseLiner_SCPatrol03;", "Message_Localised":"Today's cruise includes some delightful views, our flight attendants are on hand with full details.", "Channel":"npc" }
{ "timestamp":"2016-12-19T23:56:20Z", "event":"ReceiveText", "From":"$npc_name_decorate:#name=Cruise Ship;", "From_Localised":"Cruise Ship", "Message":"$CruiseLiner_SCPatrol05;", "Message_Localised":"This is your captain. Due to some unforeseen delays, we will be arriving at our next destination later than scheduled.", "Channel":"npc" }
{ "timestamp":"2016-12-19T23:56:42Z", "event":"ReceiveText", "From":"$npc_name_decorate:#name=Maria Henriksen;", "From_Localised":"Maria Henriksen", "Message":"$Pirate_HunterHostileSC_Relevant04;", "Message_Localised":"Big haul like that, surprised you made it this far.", "Channel":"npc" }
{ "timestamp":"2016-12-19T23:57:05Z", "event":"SupercruiseExit", "StarSystem":"Uelloskima", "Body":"Butz Market", "BodyType":"Station" }
{ "timestamp":"2016-12-19T23:57:06Z", "event":"ReceiveText", "From":"Butz Market", "Message":"$STATION_NoFireZone_entered;", "Message_Localised":"No fire zone entered.", "Channel":"npc" }
{ "timestamp":"2016-12-19T23:57:23Z", "event":"DockingRequested", "StationName":"Butz Market" }
{ "timestamp":"2016-12-19T23:57:23Z", "event":"ReceiveText", "From":"Butz Market", "Message":"$DockingChatter_Neutral;", "Message_Localised":"Ensure to observe starport protocol during your visit, pilot.", "Channel":"npc" }
{ "timestamp":"2016-12-19T23:57:25Z", "event":"ReceiveText", "From":"Butz Market", "Message":"$STATION_docking_granted;", "Message_Localised":"Docking request granted.", "Channel":"npc" }
{ "timestamp":"2016-12-19T23:57:25Z", "event":"DockingGranted", "LandingPad":33, "StationName":"Butz Market" }
{ "timestamp":"2016-12-19T23:57:52Z", "event":"ReceiveText", "From":"$npc_name_decorate:#name=Maria Henriksen;", "From_Localised":"Maria Henriksen", "Message":"$Pirate_Arrival01;", "Message_Localised":"Fear me!", "Channel":"npc" }
{ "timestamp":"2016-12-19T23:57:53Z", "event":"ReceiveText", "From":"$ShipName_Police_Federation;", "From_Localised":"Federal Security Service", "Message":"$Police_ThankYouPassedStopAndSearch10;", "Message_Localised":"Everything looks fine, Commander. Have a good day.", "Channel":"npc" }
{ "timestamp":"2016-12-19T23:58:18Z", "event":"Docked", "StationName":"Butz Market", "StationType":"Orbis", "StarSystem":"Uelloskima", "StationFaction":"Uelloskima Republic Party", "FactionState":"Boom", "StationGovernment":"$government_Democracy;", "StationGovernment_Localised":"Democracy", "StationAllegiance":"Federation", "StationEconomy":"$economy_Agri;", "StationEconomy_Localised":"Agriculture" }
{ "timestamp":"2016-12-19T23:58:34Z", "event":"MissionCompleted", "Faction":"Bureau of Uelloskima Defence Force", "Name":"Mission_PassengerVIP_CEO_BOOM_name", "MissionID":60804185, "Commodity":"$AdvancedMedicines_Name;", "Commodity_Localised":"Advanced Medicines", "Count":1, "DestinationSystem":"Uelloskima", "DestinationStation":"Butz Market", "Reward":161200 }
{ "timestamp":"2016-12-19T23:59:01Z", "event":"RefuelAll", "Cost":77, "Amount":1.524974 }
{ "timestamp":"2016-12-19T23:59:21Z", "event":"Undocked", "StationName":"Butz Market", "StationType":"Orbis" }
{ "timestamp":"2016-12-20T00:00:01Z", "event":"ReceiveText", "From":"$npc_name_decorate:#name=Arana Walker;", "From_Localised":"Arana Walker", "Message":"$Commuter_AuthorityScan09;", "Message_Localised":"Can we hurry this up please, officer?", "Channel":"npc" }
{ "timestamp":"2016-12-20T00:00:27Z", "event":"SupercruiseEntry", "StarSystem":"Uelloskima" }
{ "timestamp":"2016-12-20T00:16:21Z", "event":"ReceiveText", "From":"$npc_name_decorate:#name=Wedding Barge;", "From_Localised":"Wedding Barge", "Message":"$ConvoyWedding_Patrol05;", "Message_Localised":"The ceremony will be starting soon! Please make sure your screens are set to the appropriate frequencies!", "Channel":"npc" }
{ "timestamp":"2016-12-20T00:17:07Z", "event":"ReceiveText", "From":"$npc_name_decorate:#name=Wedding Barge;", "From_Localised":"Wedding Barge", "Message":"$ConvoyWedding_Patrol02;", "Message_Localised":"Three cheers for the happy couple!", "Channel":"npc" }
{ "timestamp":"2016-12-20T00:17:54Z", "event":"ReceiveText", "From":"$npc_name_decorate:#name=Wedding Barge;", "From_Localised":"Wedding Barge", "Message":"$ConvoyWedding_Patrol09;", "Message_Localised":"I don't know if I can go through with the wedding.", "Channel":"npc" }
{ "timestamp":"2016-12-20T00:18:20Z", "event":"ReceiveText", "From":"$npc_name_decorate:#name=Wedding Barge;", "From_Localised":"Wedding Barge", "Message":"$ConvoyWedding_Patrol02;", "Message_Localised":"Three cheers for the happy couple!", "Channel":"npc" }
{ "timestamp":"2016-12-20T00:18:57Z", "event":"ReceiveText", "From":"$npc_name_decorate:#name=Wedding Barge;", "From_Localised":"Wedding Barge", "Message":"$ConvoyWedding_Patrol01;", "Message_Localised":"Help us celebrate our happy day!", "Channel":"npc" }
{ "timestamp":"2016-12-20T00:19:16Z", "event":"ApproachSettlement", "Name":"Gell-Mann Oasis" }
{ "timestamp":"2016-12-20T00:19:27Z", "event":"SupercruiseExit", "StarSystem":"Uelloskima", "Body":"Uelloskima C 5", "BodyType":"Planet" }
{ "timestamp":"2016-12-20T00:19:46Z", "event":"DockingRequested", "StationName":"Gell-Mann Oasis" }
{ "timestamp":"2016-12-20T00:19:46Z", "event":"ReceiveText", "From":"Gell-Mann Oasis", "Message":"$DockingChatter_Neutral;", "Message_Localised":"Ensure to observe starport protocol during your visit, pilot.", "Channel":"npc" }
{ "timestamp":"2016-12-20T00:19:47Z", "event":"ReceiveText", "From":"Gell-Mann Oasis", "Message":"$STATION_docking_granted;", "Message_Localised":"Docking request granted.", "Channel":"npc" }
{ "timestamp":"2016-12-20T00:19:47Z", "event":"DockingGranted", "LandingPad":6, "StationName":"Gell-Mann Oasis" }
{ "timestamp":"2016-12-20T00:19:57Z", "event":"ReceiveText", "From":"Gell-Mann Oasis", "Message":"$STATION_NoFireZone_entered;", "Message_Localised":"No fire zone entered.", "Channel":"npc" }
{ "timestamp":"2016-12-20T00:20:15Z", "event":"ShieldState", "ShieldsUp":false }
{ "timestamp":"2016-12-20T00:20:17Z", "event":"ReceiveText", "From":"$ShipName_Police_Federation;", "From_Localised":"Federal Security Service", "Message":"$Police_ThankYouPassedStopAndSearch08;", "Message_Localised":"All done and you're clear to proceed, Commander.", "Channel":"npc" }
{ "timestamp":"2016-12-20T00:20:43Z", "event":"Docked", "StationName":"Gell-Mann Oasis", "StarSystem":"Uelloskima", "StationFaction":"Uelloskima Republic Party", "FactionState":"Boom", "StationGovernment":"$government_Democracy;", "StationGovernment_Localised":"Democracy", "StationAllegiance":"Federation", "StationEconomy":"$economy_Colony;", "StationEconomy_Localised":"Colony" }
{ "timestamp":"2016-12-20T00:20:46Z", "event":"ShieldState", "ShieldsUp":true }
{ "timestamp":"2016-12-20T00:21:00Z", "event":"MissionCompleted", "Faction":"Uelloskima Systems", "Name":"Mission_PassengerBulk_name", "MissionID":60804082, "DestinationSystem":"Uelloskima", "DestinationStation":"Gell-Mann Oasis", "Reward":403200 }
{ "timestamp":"2016-12-20T00:21:00Z", "event":"MaterialCollected", "Category":"Manufactured", "Name":"refinedfocuscrystals", "Count":1 }
{ "timestamp":"2016-12-20T00:21:11Z", "event":"RefuelAll", "Cost":31, "Amount":0.608135 }
{ "timestamp":"2016-12-20T00:21:12Z", "event":"RepairAll", "Cost":710 }
{ "timestamp":"2016-12-20T00:22:26Z", "event":"SellExplorationData", "Systems":[ "Alrai Sector EB-X b1-1" ], "Discovered":[  ], "BaseValue":402, "Bonus":0 }
{ "timestamp":"2016-12-20T00:23:02Z", "event":"Undocked", "StationName":"Gell-Mann Oasis" }
{ "timestamp":"2016-12-20T00:23:17Z", "event":"ReceiveText", "From":"Gell-Mann Oasis", "Message":"$STATION_NoFireZone_exited;", "Message_Localised":"No fire zone left.", "Channel":"npc" }
{ "timestamp":"2016-12-20T00:23:27Z", "event":"SupercruiseEntry", "StarSystem":"Uelloskima" }
{ "timestamp":"2016-12-20T00:25:12Z", "event":"FSDJump", "StarSystem":"LP 339-7", "StarPos":[-70.063,-8.281,27.906], "SystemAllegiance":"Federation", "SystemEconomy":"$economy_Agri;", "SystemEconomy_Localised":"Agriculture", "SystemGovernment":"$government_Corporate;", "SystemGovernment_Localised":"Corporate", "SystemSecurity":"$SYSTEM_SECURITY_high;", "SystemSecurity_Localised":"High Security", "JumpDist":14.866, "FuelUsed":1.435336, "FuelLevel":30.564663, "SystemFaction":"Starship Enterprises", "FactionState":"Boom" }
{ "timestamp":"2016-12-20T00:25:27Z", "event":"ReceiveText", "From":"$npc_name_decorate:#name=Konrad Marburg;", "From_Localised":"Konrad Marburg", "Message":"$Pirate_HunterHostileSC_Relevant01;", "Message_Localised":"That's the ship I'm looking for, the one with the big haul...", "Channel":"npc" }
{ "timestamp":"2016-12-20T00:26:16Z", "event":"ReceiveText", "From":"$npc_name_decorate:#name=Konrad Marburg;", "From_Localised":"Konrad Marburg", "Message":"$Pirate_StartInterdiction08;", "Message_Localised":"I've found my next target and it's you, Commander.", "Channel":"npc" }
{ "timestamp":"2016-12-20T00:26:22Z", "event":"Interdicted", "Submitted":true, "Interdictor":"Konrad Marburg", "IsPlayer":false, "Faction":"LP 339-7 Blue Clan" }
{ "timestamp":"2016-12-20T00:26:23Z", "event":"SupercruiseExit", "StarSystem":"LP 339-7", "Body":"LP 339-7", "BodyType":"Star" }
{ "timestamp":"2016-12-20T00:26:54Z", "event":"SupercruiseEntry", "StarSystem":"LP 339-7" }
{ "timestamp":"2016-12-20T00:28:13Z", "event":"SupercruiseExit", "StarSystem":"LP 339-7", "Body":"Gell-Mann Ring", "BodyType":"Station" }
{ "timestamp":"2016-12-20T00:28:15Z", "event":"ReceiveText", "From":"Gell-Mann Ring", "Message":"$STATION_NoFireZone_entered;", "Message_Localised":"No fire zone entered.", "Channel":"npc" }
{ "timestamp":"2016-12-20T00:28:21Z", "event":"DockingRequested", "StationName":"Gell-Mann Ring" }
{ "timestamp":"2016-12-20T00:28:21Z", "event":"ReceiveText", "From":"Gell-Mann Ring", "Message":"$DockingChatter_Neutral;", "Message_Localised":"Ensure to observe starport protocol during your visit, pilot.", "Channel":"npc" }
{ "timestamp":"2016-12-20T00:28:22Z", "event":"ReceiveText", "From":"Gell-Mann Ring", "Message":"$STATION_docking_granted;", "Message_Localised":"Docking request granted.", "Channel":"npc" }
{ "timestamp":"2016-12-20T00:28:22Z", "event":"DockingGranted", "LandingPad":33, "StationName":"Gell-Mann Ring" }
{ "timestamp":"2016-12-20T00:29:06Z", "event":"Docked", "StationName":"Gell-Mann Ring", "StationType":"Orbis", "StarSystem":"LP 339-7", "StationFaction":"LP 339-7 Blue Creative Inc", "FactionState":"Boom", "StationGovernment":"$government_Corporate;", "StationGovernment_Localised":"Corporate", "StationAllegiance":"Federation", "StationEconomy":"$economy_Industrial;", "StationEconomy_Localised":"Industrial" }
{ "timestamp":"2016-12-20T00:29:15Z", "event":"RefuelAll", "Cost":80, "Amount":1.576326 }
{ "timestamp":"2016-12-20T00:29:16Z", "event":"BuyAmmo", "Cost":100 }
{ "timestamp":"2016-12-20T00:29:56Z", "event":"MissionAccepted", "Faction":"Starship Enterprises", "Name":"Mission_PassengerVIP_CEO_BOOM", "Commodity":"$Tea_Name;", "Commodity_Localised":"Tea", "Count":2, "DestinationSystem":"31 Aquilae", "DestinationStation":"Killough Orbital", "Expiry":"2016-12-20T02:12:25Z", "PassengerCount":6, "PassengerVIPs":true, "PassengerWanted":false, "PassengerType":"Business", "MissionID":60814374 }
{ "timestamp":"2016-12-20T00:31:02Z", "event":"Undocked", "StationName":"Gell-Mann Ring", "StationType":"Orbis" }
{ "timestamp":"2016-12-20T00:32:01Z", "event":"ReceiveText", "From":"Gell-Mann Ring", "Message":"$STATION_NoFireZone_exited;", "Message_Localised":"No fire zone left.", "Channel":"npc" }
{ "timestamp":"2016-12-20T00:32:26Z", "event":"FSDJump", "StarSystem":"Wolf 864", "StarPos":[-55.531,-4.750,30.313], "SystemAllegiance":"", "SystemEconomy":"$economy_None;", "SystemEconomy_Localised":"None", "SystemGovernment":"$government_None;", "SystemGovernment_Localised":"None", "SystemSecurity":"$SYSTEM_SECURITY_low;", "SystemSecurity_Localised":"Low Security", "JumpDist":15.147, "FuelUsed":1.502513, "FuelLevel":30.497486 }
{ "timestamp":"2016-12-20T00:33:02Z", "event":"FuelScoop", "Scooped":1.502514, "Total":32.000000 }
{ "timestamp":"2016-12-20T00:33:33Z", "event":"FSDJump", "StarSystem":"31 Aquilae", "StarPos":[-36.625,-2.031,33.250], "SystemAllegiance":"Federation", "SystemEconomy":"$economy_Agri;", "SystemEconomy_Localised":"Agriculture", "SystemGovernment":"$government_Corporate;", "SystemGovernment_Localised":"Corporate", "SystemSecurity":"$SYSTEM_SECURITY_high;", "SystemSecurity_Localised":"High Security", "JumpDist":19.325, "FuelUsed":2.729165, "FuelLevel":29.270836, "SystemFaction":"31 Aquilae Group", "FactionState":"Boom" }
{ "timestamp":"2016-12-20T00:38:07Z", "event":"SupercruiseExit", "StarSystem":"31 Aquilae", "Body":"Killough Orbital", "BodyType":"Station" }
{ "timestamp":"2016-12-20T00:38:22Z", "event":"DockingRequested", "StationName":"Killough Orbital" }
{ "timestamp":"2016-12-20T00:38:22Z", "event":"ReceiveText", "From":"Killough Orbital", "Message":"$DockingChatter_Neutral;", "Message_Localised":"Ensure to observe starport protocol during your visit, pilot.", "Channel":"npc" }
{ "timestamp":"2016-12-20T00:38:23Z", "event":"ReceiveText", "From":"Killough Orbital", "Message":"$STATION_docking_granted;", "Message_Localised":"Docking request granted.", "Channel":"npc" }
{ "timestamp":"2016-12-20T00:38:23Z", "event":"DockingGranted", "LandingPad":3, "StationName":"Killough Orbital" }
{ "timestamp":"2016-12-20T00:38:25Z", "event":"ReceiveText", "From":"Killough Orbital", "Message":"$STATION_NoFireZone_entered;", "Message_Localised":"No fire zone entered.", "Channel":"npc" }
{ "timestamp":"2016-12-20T00:39:25Z", "event":"Docked", "StationName":"Killough Orbital", "StationType":"Coriolis", "StarSystem":"31 Aquilae", "StationFaction":"31 Aquilae Group", "FactionState":"Boom", "StationGovernment":"$government_Corporate;", "StationGovernment_Localised":"Corporate", "StationAllegiance":"Federation", "StationEconomy":"$economy_Industrial;", "StationEconomy_Localised":"Industrial" }
{ "timestamp":"2016-12-20T00:39:41Z", "event":"MissionCompleted", "Faction":"LP 455-12 Labour", "Name":"Mission_PassengerVIP_CEO_BOOM_name", "MissionID":60814374, "Commodity":"$Tea_Name;", "Commodity_Localised":"Tea", "Count":2, "DestinationSystem":"31 Aquilae", "DestinationStation":"Killough Orbital", "Reward":3050800 }
{ "timestamp":"2016-12-20T00:39:56Z", "event":"ReceiveText", "From":"$npc_name_decorate:#name=A.C. Thunder;", "From_Localised":"A.C. Thunder", "Message":"$Commuter_AuthorityScan10;", "Message_Localised":"You'll get no trouble from me, officer.", "Channel":"npc" }
{ "timestamp":"2016-12-20T00:40:55Z", "event":"RefuelAll", "Cost":148, "Amount":2.931021 }
{ "timestamp":"2016-12-20T00:41:17Z", "event":"Undocked", "StationName":"Killough Orbital", "StationType":"Coriolis" }
{ "timestamp":"2016-12-20T00:42:06Z", "event":"ReceiveText", "From":"Killough Orbital", "Message":"$STATION_NoFireZone_exited;", "Message_Localised":"No fire zone left.", "Channel":"npc" }
{ "timestamp":"2016-12-20T00:43:13Z", "event":"FSDJump", "StarSystem":"Wolf 864", "StarPos":[-55.531,-4.750,30.313], "SystemAllegiance":"", "SystemEconomy":"$economy_None;", "SystemEconomy_Localised":"None", "SystemGovernment":"$government_None;", "SystemGovernment_Localised":"None", "SystemSecurity":"$SYSTEM_SECURITY_low;", "SystemSecurity_Localised":"Low Security", "JumpDist":19.325, "FuelUsed":2.729360, "FuelLevel":29.270641 }
{ "timestamp":"2016-12-20T00:43:34Z", "event":"FuelScoop", "Scooped":0.055368, "Total":29.326010 }
{ "timestamp":"2016-12-20T00:44:13Z", "event":"FSDJump", "StarSystem":"LP 339-7", "StarPos":[-70.063,-8.281,27.906], "SystemAllegiance":"Federation", "SystemEconomy":"$economy_Agri;", "SystemEconomy_Localised":"Agriculture", "SystemGovernment":"$government_Corporate;", "SystemGovernment_Localised":"Corporate", "SystemSecurity":"$SYSTEM_SECURITY_high;", "SystemSecurity_Localised":"High Security", "JumpDist":15.147, "FuelUsed":1.482707, "FuelLevel":27.843304, "SystemFaction":"Starship Enterprises", "FactionState":"Boom" }
{ "timestamp":"2016-12-20T00:45:19Z", "event":"ReceiveText", "From":"$npc_name_decorate:#name=Cruise Ship;", "From_Localised":"Cruise Ship", "Message":"$CruiseLiner_SCPatrol02;", "Message_Localised":"We will be cruising in-system for a while, please feel free to take advantage of our in-flight entertainment.", "Channel":"npc" }
{ "timestamp":"2016-12-20T00:46:34Z", "event":"SupercruiseExit", "StarSystem":"LP 339-7", "Body":"So-yeon Dock", "BodyType":"Station" }
{ "timestamp":"2016-12-20T00:46:35Z", "event":"ReceiveText", "From":"So-yeon Dock", "Message":"$STATION_NoFireZone_entered;", "Message_Localised":"No fire zone entered.", "Channel":"npc" }
{ "timestamp":"2016-12-20T00:46:44Z", "event":"DockingRequested", "StationName":"So-yeon Dock" }
{ "timestamp":"2016-12-20T00:46:44Z", "event":"ReceiveText", "From":"So-yeon Dock", "Message":"$DockingChatter_Allied;", "Message_Localised":"An ally like you is always welcome here.", "Channel":"npc" }
{ "timestamp":"2016-12-20T00:46:45Z", "event":"ReceiveText", "From":"So-yeon Dock", "Message":"$STATION_docking_granted;", "Message_Localised":"Docking request granted.", "Channel":"npc" }
{ "timestamp":"2016-12-20T00:46:45Z", "event":"DockingGranted", "LandingPad":5, "StationName":"So-yeon Dock" }
{ "timestamp":"2016-12-20T00:48:01Z", "event":"Docked", "StationName":"So-yeon Dock", "StationType":"Orbis", "StarSystem":"LP 339-7", "StationFaction":"Starship Enterprises", "FactionState":"Boom", "StationGovernment":"$government_Corporate;", "StationGovernment_Localised":"Corporate", "StationAllegiance":"Federation", "StationEconomy":"$economy_Agri;", "StationEconomy_Localised":"Agriculture" }
{ "timestamp":"2016-12-20T00:49:15Z", "event":"ModuleBuy", "Slot":"Slot02_Size5", "SellItem":"$int_shieldgenerator_size5_class1_name;", "SellItem_Localised":"Shield Generator", "SellPrice":53560, "BuyItem":"$int_shieldgenerator_size5_class4_name;", "BuyItem_Localised":"Shield Generator", "BuyPrice":1701318, "Ship":"asp", "ShipID":13 }
{ "timestamp":"2016-12-20T00:49:40Z", "event":"ModuleBuy", "Slot":"LifeSupport", "SellItem":"$int_lifesupport_size4_class1_name;", "SellItem_Localised":"Life Support", "SellPrice":9646, "BuyItem":"$int_lifesupport_size4_class2_name;", "BuyItem_Localised":"Life Support", "BuyPrice":28373, "Ship":"asp", "ShipID":13 }
{ "timestamp":"2016-12-20T00:49:53Z", "event":"ModuleBuy", "Slot":"Radar", "SellItem":"$int_sensors_size5_class1_name;", "SellItem_Localised":"Sensors", "SellPrice":27011, "BuyItem":"$int_sensors_size5_class2_name;", "BuyItem_Localised":"Sensors", "BuyPrice":79444, "Ship":"asp", "ShipID":13 }
{ "timestamp":"2016-12-20T00:50:52Z", "event":"RefuelAll", "Cost":216, "Amount":4.297224 }
