{ "timestamp":"2016-12-12T22:22:57Z", "event":"Fileheader", "part":1, "language":"English\\UK", "gameversion":"2.2", "build":"r129516/r0 " }
{ "timestamp":"2016-12-12T22:24:23Z", "event":"ClearSavedGame", "Name":"Blantyre" }
{ "timestamp":"2016-12-12T22:24:31Z", "event":"NewCommander", "Name":"Blantyre", "Package":"SideWinder_HZ" }
{ "timestamp":"2016-12-12T22:24:40Z", "event":"LoadGame", "Commander":"Blantyre", "Ship":"CobraMkIII", "ShipID":0, "GameMode":"Solo", "Credits":1000000000, "Loan":0 }
{ "timestamp":"2016-12-12T22:24:40Z", "event":"Rank", "Combat":0, "Trade":0, "Explore":0, "Empire":0, "Federation":0, "CQC":0 }
{ "timestamp":"2016-12-12T22:24:40Z", "event":"Progress", "Combat":0, "Trade":0, "Explore":0, "Empire":0, "Federation":0, "CQC":0 }
{ "timestamp":"2016-12-12T22:25:02Z", "event":"Location", "Docked":true, "StationName":"Qwent Research Base", "StationType":"", "StarSystem":"Sirius", "StarPos":[6.250,-1.281,-5.750], "SystemAllegiance":"Federation", "SystemEconomy":"$economy_Agri;", "SystemEconomy_Localised":"Agriculture", "SystemGovernment":"$government_Democracy;", "SystemGovernment_Localised":"Democracy", "SystemSecurity":"$SYSTEM_SECURITY_medium;", "SystemSecurity_Localised":"Medium Security", "Body":"Lucifer", "BodyType":"Planet", "SystemFaction":"Sirius Free", "FactionState":"CivilWar" }
{ "timestamp":"2016-12-12T22:25:02Z", "event":"Docked", "StationName":"Qwent Research Base", "StarSystem":"Sirius", "StationFaction":"Marco Qwent", "StationGovernment":"$government_Engineer;", "StationGovernment_Localised":"Workshop", "StationEconomy":"$economy_Agri;", "StationEconomy_Localised":"Agriculture" }
{ "timestamp":"2016-12-12T22:25:41Z", "event":"MarketBuy", "Type":"fish", "Count":28, "BuyPrice":215, "TotalCost":6020 }
{ "timestamp":"2016-12-12T22:26:47Z", "event":"ShipyardBuy", "ShipType":"python", "ShipPrice":5697818, "SellOldShip":"CobraMkIII", "SellShipID":0, "SellPrice":0 }
{ "timestamp":"2016-12-12T22:26:48Z", "event":"ShipyardNew", "ShipType":"python", "NewShipID":0 }
{ "timestamp":"2016-12-12T22:27:00Z", "event":"Docked", "StationName":"Qwent Research Base", "StarSystem":"Sirius", "StationFaction":"Marco Qwent", "StationGovernment":"$government_Engineer;", "StationGovernment_Localised":"Workshop", "StationEconomy":"$economy_Agri;", "StationEconomy_Localised":"Agriculture" }
{ "timestamp":"2016-12-12T22:27:25Z", "event":"ModuleBuy", "Slot":"PowerPlant", "SellItem":"$int_powerplant_size7_class1_name;", "SellItem_Localised":"Power Plant", "SellPrice":63320, "BuyItem":"$int_powerplant_size7_class5_name;", "BuyItem_Localised":"Power Plant", "BuyPrice":5128911, "Ship":"python", "ShipID":0 }
{ "timestamp":"2016-12-12T22:27:25Z", "event":"ShieldState", "ShieldsUp":false }
{ "timestamp":"2016-12-12T22:27:29Z", "event":"ModuleBuy", "Slot":"MainEngines", "SellItem":"$int_engine_size6_class1_name;", "SellItem_Localised":"Thrusters", "SellPrice":19975, "BuyItem":"$int_engine_size6_class5_name;", "BuyItem_Localised":"Thrusters", "BuyPrice":1617953, "Ship":"python", "ShipID":0 }
{ "timestamp":"2016-12-12T22:27:31Z", "event":"ShieldState", "ShieldsUp":true }
{ "timestamp":"2016-12-12T22:27:35Z", "event":"ModuleBuy", "Slot":"FrameShiftDrive", "SellItem":"$int_hyperdrive_size5_class1_name;", "SellItem_Localised":"FSD", "SellPrice":6301, "BuyItem":"$int_hyperdrive_size5_class5_name;", "BuyItem_Localised":"FSD", "BuyPrice":510395, "Ship":"python", "ShipID":0 }
{ "timestamp":"2016-12-12T22:27:42Z", "event":"ModuleBuy", "Slot":"LifeSupport", "SellItem":"$int_lifesupport_size4_class1_name;", "SellItem_Localised":"Life Support", "SellPrice":1135, "BuyItem":"$int_lifesupport_size4_class5_name;", "BuyItem_Localised":"Life Support", "BuyPrice":44333, "Ship":"python", "ShipID":0 }
{ "timestamp":"2016-12-12T22:27:47Z", "event":"ModuleBuy", "Slot":"PowerDistributor", "SellItem":"$int_powerdistributor_size7_class1_name;", "SellItem_Localised":"Power Distributor", "SellPrice":24914, "BuyItem":"$int_powerdistributor_size7_class5_name;", "BuyItem_Localised":"Power Distributor", "BuyPrice":973193, "Ship":"python", "ShipID":0 }
{ "timestamp":"2016-12-12T22:27:53Z", "event":"ModuleBuy", "Slot":"Radar", "SellItem":"$int_sensors_size6_class1_name;", "SellItem_Localised":"Sensors", "SellPrice":8898, "BuyItem":"$int_sensors_size6_class5_name;", "BuyItem_Localised":"Sensors", "BuyPrice":347569, "Ship":"python", "ShipID":0 }
{ "timestamp":"2016-12-12T22:29:35Z", "event":"ModuleBuy", "Slot":"LargeHardpoint3", "BuyItem":"$hpt_cannon_fixed_large_name;", "BuyItem_Localised":"Cannon", "BuyPrice":67520, "Ship":"python", "ShipID":0 }
{ "timestamp":"2016-12-12T22:29:51Z", "event":"ModuleBuy", "Slot":"LargeHardpoint2", "BuyItem":"$hpt_multicannon_gimbal_large_name;", "BuyItem_Localised":"Multi-Cannon", "BuyPrice":57844, "Ship":"python", "ShipID":0 }
{ "timestamp":"2016-12-12T22:30:03Z", "event":"ModuleBuy", "Slot":"LargeHardpoint1", "BuyItem":"$hpt_multicannon_gimbal_large_name;", "BuyItem_Localised":"Multi-Cannon", "BuyPrice":57844, "Ship":"python", "ShipID":0 }
{ "timestamp":"2016-12-12T22:30:48Z", "event":"ModuleBuy", "Slot":"MediumHardpoint1", "SellItem":"$hpt_pulselaser_fixed_small_name;", "SellItem_Localised":"Pulse Laser", "SellPrice":220, "BuyItem":"$hpt_beamlaser_gimbal_medium_name;", "BuyItem_Localised":"Beam Laser", "BuyPrice":50060, "Ship":"python", "ShipID":0 }
{ "timestamp":"2016-12-12T22:31:05Z", "event":"ModuleBuy", "Slot":"MediumHardpoint2", "SellItem":"$hpt_pulselaser_fixed_small_name;", "SellItem_Localised":"Pulse Laser", "SellPrice":220, "BuyItem":"$hpt_beamlaser_gimbal_medium_name;", "BuyItem_Localised":"Beam Laser", "BuyPrice":50060, "Ship":"python", "ShipID":0 }
{ "timestamp":"2016-12-12T22:32:13Z", "event":"ModuleBuy", "Slot":"Slot03_Size6", "SellItem":"$int_shieldgenerator_size6_class1_name;", "SellItem_Localised":"Shield Generator", "SellPrice":19975, "BuyItem":"$int_shieldgenerator_size6_class5_name;", "BuyItem_Localised":"Shield Generator", "BuyPrice":1617953, "Ship":"python", "ShipID":0 }
{ "timestamp":"2016-12-12T22:32:27Z", "event":"ModuleBuy", "Slot":"Slot01_Size6", "SellItem":"$int_cargorack_size5_class1_name;", "SellItem_Localised":"Cargo Rack", "SellPrice":11157, "BuyItem":"$int_cargorack_size6_class1_name;", "BuyItem_Localised":"Cargo Rack", "BuyPrice":36259, "Ship":"python", "ShipID":0 }
{ "timestamp":"2016-12-12T22:32:39Z", "event":"ModuleBuy", "Slot":"Slot02_Size6", "SellItem":"$int_cargorack_size5_class1_name;", "SellItem_Localised":"Cargo Rack", "SellPrice":11157, "BuyItem":"$int_fuelscoop_size6_class5_name;", "BuyItem_Localised":"Fuel Scoop", "BuyPrice":2876361, "Ship":"python", "ShipID":0 }
{ "timestamp":"2016-12-12T22:33:13Z", "event":"ModuleBuy", "Slot":"Slot04_Size5", "SellItem":"$int_cargorack_size4_class1_name;", "SellItem_Localised":"Cargo Rack", "SellPrice":3433, "BuyItem":"$int_hullreinforcement_size5_class2_name;", "BuyItem_Localised":"Hull Reinforcement", "BuyPrice":45000, "Ship":"python", "ShipID":0 }
{ "timestamp":"2016-12-12T22:33:19Z", "event":"ModuleBuy", "Slot":"Slot05_Size5", "BuyItem":"$int_hullreinforcement_size5_class2_name;", "BuyItem_Localised":"Hull Reinforcement", "BuyPrice":45000, "Ship":"python", "ShipID":0 }
{ "timestamp":"2016-12-12T22:33:35Z", "event":"ModuleBuy", "Slot":"Slot06_Size4", "BuyItem":"$int_passengercabin_size4_class1_name;", "BuyItem_Localised":"EC Passenger Cabin", "BuyPrice":1895, "Ship":"python", "ShipID":0 }
{ "timestamp":"2016-12-12T22:34:06Z", "event":"ModuleBuy", "Slot":"Slot07_Size3", "BuyItem":"$int_fsdinterdictor_size3_class5_name;", "BuyItem_Localised":"FSD Interdictor", "BuyPrice":762048, "Ship":"python", "ShipID":0 }
{ "timestamp":"2016-12-12T22:34:20Z", "event":"ModuleBuy", "Slot":"Slot08_Size3", "SellItem":"$int_stellarbodydiscoveryscanner_standard_name;", "SellItem_Localised":"D - Scanner", "SellPrice":100, "BuyItem":"$int_stellarbodydiscoveryscanner_advanced_name;", "BuyItem_Localised":"D - Scanner", "BuyPrice":154500, "Ship":"python", "ShipID":0 }
{ "timestamp":"2016-12-12T22:34:37Z", "event":"ModuleBuy", "Slot":"Slot09_Size2", "SellItem":"$int_cargorack_size1_class1_name;", "SellItem_Localised":"Cargo Rack", "SellPrice":100, "BuyItem":"$int_dronecontrol_collection_size1_class5_name;", "BuyItem_Localised":"Collector", "BuyPrice":960, "Ship":"python", "ShipID":0 }
{ "timestamp":"2016-12-12T22:34:48Z", "event":"ModuleBuy", "Slot":"TinyHardpoint1", "BuyItem":"$hpt_shieldbooster_size0_class5_name;", "BuyItem_Localised":"Shield Booster", "BuyPrice":28100, "Ship":"python", "ShipID":0 }
{ "timestamp":"2016-12-12T22:34:57Z", "event":"ModuleBuy", "Slot":"TinyHardpoint2", "BuyItem":"$hpt_chafflauncher_tiny_name;", "BuyItem_Localised":"Chaff", "BuyPrice":850, "Ship":"python", "ShipID":0 }
{ "timestamp":"2016-12-12T22:35:10Z", "event":"ModuleBuy", "Slot":"TinyHardpoint3", "BuyItem":"$hpt_heatsinklauncher_turret_tiny_name;", "BuyItem_Localised":"Heat Sink", "BuyPrice":350, "Ship":"python", "ShipID":0 }
{ "timestamp":"2016-12-12T22:35:20Z", "event":"ModuleBuy", "Slot":"TinyHardpoint4", "BuyItem":"$hpt_shieldbooster_size0_class5_name;", "BuyItem_Localised":"Shield Booster", "BuyPrice":28100, "Ship":"python", "ShipID":0 }
{ "timestamp":"2016-12-12T22:35:36Z", "event":"ModuleBuy", "Slot":"PaintJob", "BuyItem":"$paintjob_python_blackfriday_01_name;", "BuyItem_Localised":"Black Friday", "BuyPrice":0, "Ship":"python", "ShipID":0 }
{ "timestamp":"2016-12-12T22:36:20Z", "event":"EngineerProgress", "Engineer":"Marco Qwent", "Progress":"Unlocked", "Rank":1 }
{ "timestamp":"2016-12-12T22:36:47Z", "event":"EngineerCraft", "Engineer":"Marco Qwent", "Blueprint":"FSD_LongRange", "Level":1, "Ingredients":{"fish":1 } }
{ "timestamp":"2016-12-12T22:36:48Z", "event":"EngineerProgress", "Engineer":"Marco Qwent", "Rank":5 }
{ "timestamp":"2016-12-12T22:36:48Z", "event":"EngineerProgress", "Engineer":"Professor Palin", "Progress":"Known" }
{ "timestamp":"2016-12-12T22:36:48Z", "event":"EngineerProgress", "Engineer":"Lori Jameson", "Progress":"Known" }
{ "timestamp":"2016-12-12T22:37:04Z", "event":"EngineerApply", "Engineer":"Marco Qwent", "Blueprint":"FSD_LongRange", "Level":1 }
{ "timestamp":"2016-12-12T22:37:17Z", "event":"EngineerCraft", "Engineer":"Marco Qwent", "Blueprint":"FSD_LongRange", "Level":5, "Ingredients":{"fish":1 } }
{ "timestamp":"2016-12-12T22:37:37Z", "event":"EngineerApply", "Engineer":"Marco Qwent", "Blueprint":"FSD_LongRange", "Level":5 }
{ "timestamp":"2016-12-12T22:38:02Z", "event":"EngineerCraft", "Engineer":"Marco Qwent", "Blueprint":"FSD_LongRange", "Level":5, "Ingredients":{"fish":1 } }
{ "timestamp":"2016-12-12T22:38:31Z", "event":"EngineerCraft", "Engineer":"Marco Qwent", "Blueprint":"FSD_LongRange", "Level":5, "Ingredients":{"fish":1 } }
{ "timestamp":"2016-12-12T22:38:46Z", "event":"EngineerCraft", "Engineer":"Marco Qwent", "Blueprint":"FSD_LongRange", "Level":5, "Ingredients":{"fish":1 } }
{ "timestamp":"2016-12-12T22:38:56Z", "event":"EngineerCraft", "Engineer":"Marco Qwent", "Blueprint":"FSD_LongRange", "Level":5, "Ingredients":{"fish":1 } }
{ "timestamp":"2016-12-12T22:39:06Z", "event":"EngineerCraft", "Engineer":"Marco Qwent", "Blueprint":"FSD_LongRange", "Level":5, "Ingredients":{"fish":1 } }
{ "timestamp":"2016-12-12T22:39:19Z", "event":"EngineerCraft", "Engineer":"Marco Qwent", "Blueprint":"FSD_LongRange", "Level":5, "Ingredients":{"fish":1 } }
{ "timestamp":"2016-12-12T22:39:40Z", "event":"EngineerCraft", "Engineer":"Marco Qwent", "Blueprint":"FSD_LongRange", "Level":5, "Ingredients":{"fish":1 } }
{ "timestamp":"2016-12-12T22:39:47Z", "event":"EngineerCraft", "Engineer":"Marco Qwent", "Blueprint":"FSD_LongRange", "Level":5, "Ingredients":{"fish":1 } }
{ "timestamp":"2016-12-12T22:39:57Z", "event":"EngineerCraft", "Engineer":"Marco Qwent", "Blueprint":"FSD_LongRange", "Level":5, "Ingredients":{"fish":1 } }
{ "timestamp":"2016-12-12T22:40:03Z", "event":"EngineerApply", "Engineer":"Marco Qwent", "Blueprint":"FSD_LongRange", "Level":5 }
{ "timestamp":"2016-12-12T22:40:22Z", "event":"EngineerCraft", "Engineer":"Marco Qwent", "Blueprint":"FSD_LongRange", "Level":5, "Ingredients":{"fish":1 } }
{ "timestamp":"2016-12-12T22:40:41Z", "event":"EngineerApply", "Engineer":"Marco Qwent", "Blueprint":"FSD_LongRange", "Level":5 }
{ "timestamp":"2016-12-12T22:40:53Z", "event":"EngineerCraft", "Engineer":"Marco Qwent", "Blueprint":"FSD_FastBoot", "Level":1, "Ingredients":{"fish":1 } }
{ "timestamp":"2016-12-12T22:41:10Z", "event":"EngineerApply", "Engineer":"Marco Qwent", "Blueprint":"FSD_FastBoot", "Level":1 }
{ "timestamp":"2016-12-12T22:41:21Z", "event":"EngineerCraft", "Engineer":"Marco Qwent", "Blueprint":"FSD_LongRange", "Level":5, "Ingredients":{"fish":1 } }
{ "timestamp":"2016-12-12T22:41:40Z", "event":"EngineerApply", "Engineer":"Marco Qwent", "Blueprint":"FSD_LongRange", "Level":5 }
{ "timestamp":"2016-12-12T22:41:57Z", "event":"EngineerCraft", "Engineer":"Marco Qwent", "Blueprint":"FSD_LongRange", "Level":5, "Ingredients":{"fish":1 } }
{ "timestamp":"2016-12-12T22:42:09Z", "event":"EngineerApply", "Engineer":"Marco Qwent", "Blueprint":"FSD_LongRange", "Level":5 }
{ "timestamp":"2016-12-12T22:43:27Z", "event":"EngineerCraft", "Engineer":"Marco Qwent", "Blueprint":"Weapon_LightWeight", "Level":5, "Ingredients":{"fish":1 } }
{ "timestamp":"2016-12-12T22:43:46Z", "event":"EngineerApply", "Engineer":"Marco Qwent", "Blueprint":"Weapon_LightWeight", "Level":5 }
{ "timestamp":"2016-12-12T22:44:00Z", "event":"EngineerCraft", "Engineer":"Marco Qwent", "Blueprint":"Weapon_LightWeight", "Level":5, "Ingredients":{"fish":1 } }
{ "timestamp":"2016-12-12T22:44:05Z", "event":"EngineerApply", "Engineer":"Marco Qwent", "Blueprint":"Weapon_LightWeight", "Level":5 }
{ "timestamp":"2016-12-12T22:44:25Z", "event":"EngineerCraft", "Engineer":"Marco Qwent", "Blueprint":"Weapon_LightWeight", "Level":5, "Ingredients":{"fish":1 } }
{ "timestamp":"2016-12-12T22:44:32Z", "event":"EngineerApply", "Engineer":"Marco Qwent", "Blueprint":"Weapon_LightWeight", "Level":5 }
{ "timestamp":"2016-12-12T22:45:35Z", "event":"EngineerCraft", "Engineer":"Marco Qwent", "Blueprint":"Weapon_LightWeight", "Level":5, "Ingredients":{"fish":1 } }
{ "timestamp":"2016-12-12T22:45:41Z", "event":"EngineerCraft", "Engineer":"Marco Qwent", "Blueprint":"Weapon_LightWeight", "Level":5, "Ingredients":{"fish":1 } }
{ "timestamp":"2016-12-12T22:45:45Z", "event":"EngineerApply", "Engineer":"Marco Qwent", "Blueprint":"Weapon_LightWeight", "Level":5 }
{ "timestamp":"2016-12-12T22:46:32Z", "event":"EngineerCraft", "Engineer":"Marco Qwent", "Blueprint":"Engine_Tuned", "Level":5, "Ingredients":{"fish":1 } }
{ "timestamp":"2016-12-12T22:46:40Z", "event":"EngineerApply", "Engineer":"Marco Qwent", "Blueprint":"Engine_Tuned", "Level":5 }
{ "timestamp":"2016-12-12T22:47:19Z", "event":"EngineerCraft", "Engineer":"Marco Qwent", "Blueprint":"ChaffLauncher_LightWeight", "Level":5, "Ingredients":{"fish":1 } }
{ "timestamp":"2016-12-12T22:47:36Z", "event":"EngineerApply", "Engineer":"Marco Qwent", "Blueprint":"ChaffLauncher_LightWeight", "Level":5 }
{ "timestamp":"2016-12-12T22:48:02Z", "event":"EngineerCraft", "Engineer":"Marco Qwent", "Blueprint":"Armour_Advanced", "Level":5, "Ingredients":{"fish":1 } }
{ "timestamp":"2016-12-12T22:48:27Z", "event":"EngineerCraft", "Engineer":"Marco Qwent", "Blueprint":"Armour_Advanced", "Level":5, "Ingredients":{"fish":1 } }
{ "timestamp":"2016-12-12T22:48:46Z", "event":"EngineerApply", "Engineer":"Marco Qwent", "Blueprint":"Armour_Advanced", "Level":5 }
{ "timestamp":"2016-12-12T22:49:08Z", "event":"EngineerCraft", "Engineer":"Marco Qwent", "Blueprint":"ShieldGenerator_Optimised", "Level":5, "Ingredients":{"fish":1 } }
{ "timestamp":"2016-12-12T22:49:30Z", "event":"EngineerApply", "Engineer":"Marco Qwent", "Blueprint":"ShieldGenerator_Optimised", "Level":5 }
{ "timestamp":"2016-12-12T22:50:27Z", "event":"EngineerCraft", "Engineer":"Marco Qwent", "Blueprint":"HeatSinkLauncher_LightWeight", "Level":5, "Ingredients":{"fish":1 } }
{ "timestamp":"2016-12-12T22:50:47Z", "event":"EngineerApply", "Engineer":"Marco Qwent", "Blueprint":"HeatSinkLauncher_LightWeight", "Level":5 }
{ "timestamp":"2016-12-12T22:51:24Z", "event":"EngineerCraft", "Engineer":"Marco Qwent", "Blueprint":"PowerDistributor_HighCapacity", "Level":5, "Ingredients":{"fish":1 } }
{ "timestamp":"2016-12-12T22:51:38Z", "event":"EngineerCraft", "Engineer":"Marco Qwent", "Blueprint":"PowerDistributor_HighCapacity", "Level":5, "Ingredients":{"fish":1 } }
{ "timestamp":"2016-12-12T22:51:49Z", "event":"EngineerApply", "Engineer":"Marco Qwent", "Blueprint":"PowerDistributor_HighCapacity", "Level":5 }
{ "timestamp":"2016-12-12T22:52:04Z", "event":"EngineerCraft", "Engineer":"Marco Qwent", "Blueprint":"Weapon_LightWeight", "Level":5, "Ingredients":{"fish":1 } }
{ "timestamp":"2016-12-12T22:52:31Z", "event":"EngineerApply", "Engineer":"Marco Qwent", "Blueprint":"Weapon_LightWeight", "Level":5 }
{ "timestamp":"2016-12-12T22:53:27Z", "event":"BuyDrones", "Type":"Drones", "Count":10, "BuyPrice":101, "TotalCost":1010 }
{ "timestamp":"2016-12-12T22:56:24Z", "event":"Undocked", "StationName":"Qwent Research Base" }
{ "timestamp":"2016-12-12T22:56:40Z", "event":"ReceiveText", "From":"Qwent Research Base", "Message":"$STATION_NoFireZone_exited;", "Message_Localised":"No fire zone left.", "Channel":"npc" }
{ "timestamp":"2016-12-12T22:56:54Z", "event":"SupercruiseEntry", "StarSystem":"Sirius" }
{ "timestamp":"2016-12-12T22:59:50Z", "event":"ReceiveText", "From":"$npc_name_decorate:#name=Pumpworth;", "From_Localised":"Pumpworth", "Message":"$Propagandist_Patrol04;", "Message_Localised":"Our enemies would have us flee, don't let them win. Fight for our freedom!", "Channel":"npc" }
{ "timestamp":"2016-12-12T23:00:50Z", "event":"FSDJump", "StarSystem":"Kruger 60", "StarPos":[-12.625,0.000,-3.406], "SystemAllegiance":"Federation", "SystemEconomy":"$economy_HighTech;", "SystemEconomy_Localised":"High tech", "SystemGovernment":"$government_Democracy;", "SystemGovernment_Localised":"Democracy", "SystemSecurity":"$SYSTEM_SECURITY_high;", "SystemSecurity_Localised":"High Security", "JumpDist":19.063, "FuelUsed":2.775689, "FuelLevel":29.224312, "SystemFaction":"Kruger 60 Free" }
{ "timestamp":"2016-12-12T23:03:22Z", "event":"Interdiction", "Success":true, "IsPlayer":false, "Faction":"Kruger 60 Society" }
{ "timestamp":"2016-12-12T23:03:23Z", "event":"SupercruiseExit", "StarSystem":"Kruger 60", "Body":"Kruger 60", "BodyType":"Star" }
{ "timestamp":"2016-12-12T23:03:38Z", "event":"ReceiveText", "From":"$npc_name_decorate:#name=Fran;", "From_Localised":"Fran", "Message":"$Pirate_OnArriveAfterBeingInterdicted02;", "Message_Localised":"If you're looking for an easy kill then you've made a big mistake.", "Channel":"npc" }
{ "timestamp":"2016-12-12T23:03:59Z", "event":"ReceiveText", "From":"$npc_name_decorate:#name=Fran;", "From_Localised":"Fran", "Message":"$BadKarmaCriticalDamage01;", "Message_Localised":"How is this happening?!", "Channel":"npc" }
{ "timestamp":"2016-12-12T23:04:06Z", "event":"Bounty", "Rewards":[ { "Faction":"Kruger 60 Free", "Reward":200 }, { "Faction":"Federation", "Reward":14400 } ], "Target":"cobramkiii", "TotalReward":14600, "VictimFaction":"Kruger 60 Society" }
{ "timestamp":"2016-12-12T23:04:10Z", "event":"ReceiveText", "From":"$ShipName_Police_Federation;", "From_Localised":"Federal Security Service", "Message":"$Police_ArriveInvestigate02;", "Message_Localised":"Incident response units on station.", "Channel":"npc" }
{ "timestamp":"2016-12-12T23:04:12Z", "event":"ReceiveText", "From":"$ShipName_Police_Federation;", "From_Localised":"Federal Security Service", "Message":"$Police_ArrivedAtInvestigationLocation03;", "Message_Localised":"Crime scene cordon initialised, all ships must submit to police scan.", "Channel":"npc" }
{ "timestamp":"2016-12-12T23:04:31Z", "event":"SupercruiseEntry", "StarSystem":"Kruger 60" }
{ "timestamp":"2016-12-12T23:18:26Z", "event":"CommitCrime", "CrimeType":"interdiction", "Faction":"Kruger 60 Free", "Fine":300 }
{ "timestamp":"2016-12-12T23:19:08Z", "event":"Interdiction", "Success":false, "IsPlayer":false, "Interdicted":"Federal Agent", "Faction":"Zachary Hudson", "Power":"Federation" }
{ "timestamp":"2016-12-12T23:19:09Z", "event":"SupercruiseExit", "StarSystem":"Kruger 60", "Body":"Kruger 60 B", "BodyType":"Star" }
{ "timestamp":"2016-12-12T23:20:25Z", "event":"SupercruiseEntry", "StarSystem":"Kruger 60" }
{ "timestamp":"2016-12-12T23:22:52Z", "event":"SupercruiseExit", "StarSystem":"Kruger 60", "Body":"Kepler Gateway", "BodyType":"Station" }
{ "timestamp":"2016-12-12T23:23:01Z", "event":"DockingRequested", "StationName":"Kepler Gateway" }
{ "timestamp":"2016-12-12T23:23:01Z", "event":"ReceiveText", "From":"Kepler Gateway", "Message":"$DockingChatter_Neutral;", "Message_Localised":"Ensure to observe starport protocol during your visit, pilot.", "Channel":"npc" }
{ "timestamp":"2016-12-12T23:23:02Z", "event":"ReceiveText", "From":"Kepler Gateway", "Message":"$STATION_docking_granted;", "Message_Localised":"Docking request granted.", "Channel":"npc" }
{ "timestamp":"2016-12-12T23:23:02Z", "event":"DockingGranted", "LandingPad":35, "StationName":"Kepler Gateway" }
{ "timestamp":"2016-12-12T23:23:10Z", "event":"ReceiveText", "From":"Kepler Gateway", "Message":"$STATION_NoFireZone_entered;", "Message_Localised":"No fire zone entered.", "Channel":"npc" }
{ "timestamp":"2016-12-12T23:23:59Z", "event":"Docked", "StationName":"Kepler Gateway", "StationType":"Coriolis", "StarSystem":"Kruger 60", "StationFaction":"Kruger 60 Free", "StationGovernment":"$government_Democracy;", "StationGovernment_Localised":"Democracy", "StationAllegiance":"Federation", "StationEconomy":"$economy_HighTech;", "StationEconomy_Localised":"High tech" }
{ "timestamp":"2016-12-12T23:24:11Z", "event":"PayFines", "Amount":300 }
{ "timestamp":"2016-12-12T23:24:13Z", "event":"RedeemVoucher", "Type":"bounty", "Amount":14600 }
{ "timestamp":"2016-12-12T23:24:31Z", "event":"RefuelAll", "Cost":191, "Amount":3.803059 }
{ "timestamp":"2016-12-12T23:24:50Z", "event":"ReceiveText", "From":"$npc_name_decorate:#name=Patrick Seren;", "From_Localised":"Patrick Seren", "Message":"$Commuter_HostileScan01;", "Message_Localised":"Please cease your unauthorised scan immediately.", "Channel":"npc" }
{ "timestamp":"2016-12-12T23:24:53Z", "event":"Undocked", "StationName":"Kepler Gateway", "StationType":"Coriolis" }
{ "timestamp":"2016-12-12T23:25:14Z", "event":"ReceiveText", "From":"Kepler Gateway", "Message":"$STATION_NoFireZone_exited;", "Message_Localised":"No fire zone left.", "Channel":"npc" }
{ "timestamp":"2016-12-12T23:25:44Z", "event":"SupercruiseEntry", "StarSystem":"Kruger 60" }
{ "timestamp":"2016-12-12T23:26:37Z", "event":"FSDJump", "StarSystem":"Ross 248", "StarPos":[-9.313,-3.031,-3.406], "SystemAllegiance":"", "SystemEconomy":"$economy_None;", "SystemEconomy_Localised":"None", "SystemGovernment":"$government_None;", "SystemGovernment_Localised":"None", "SystemSecurity":"$SYSTEM_SECURITY_low;", "SystemSecurity_Localised":"Low Security", "JumpDist":4.490, "FuelUsed":0.080340, "FuelLevel":31.919661 }
{ "timestamp":"2016-12-12T23:28:17Z", "event":"FSDJump", "StarSystem":"61 Cygni", "StarPos":[-11.219,-1.188,1.406], "SystemAllegiance":"Federation", "SystemEconomy":"$economy_Refinery;", "SystemEconomy_Localised":"Refinery", "SystemGovernment":"$government_Corporate;", "SystemGovernment_Localised":"Corporate", "SystemSecurity":"$SYSTEM_SECURITY_high;", "SystemSecurity_Localised":"High Security", "JumpDist":5.495, "FuelUsed":0.131728, "FuelLevel":31.787933, "SystemFaction":"61 Cygni Commodities", "FactionState":"Boom" }
{ "timestamp":"2016-12-12T23:29:30Z", "event":"SupercruiseExit", "StarSystem":"61 Cygni", "Body":"61 Cygni", "BodyType":"Star" }
{ "timestamp":"2016-12-12T23:30:18Z", "event":"ReceiveText", "From":"$npc_name_decorate:#name=Robbie;", "From_Localised":"Robbie", "Message":"$BountyHunter_ThankYouPassedStopAndSearch04;", "Message_Localised":"Sorry, mistaken identity. I thought you were someone else.", "Channel":"npc" }
{ "timestamp":"2016-12-12T23:30:25Z", "event":"ReceiveText", "From":"$npc_name_decorate:#name=Reindert;", "From_Localised":"Reindert", "Message":"$BountyHunter_ThankYouPassedStopAndSearch04;", "Message_Localised":"Sorry, mistaken identity. I thought you were someone else.", "Channel":"npc" }
{ "timestamp":"2016-12-12T23:30:29Z", "event":"ReceiveText", "From":"$npc_name_decorate:#name=Federal Agent;", "From_Localised":"Federal Agent", "Message":"$Generic_NoAttackGeneric03;", "Message_Localised":"Another ship that's not worth my time, this is turning into a bad day.", "Channel":"npc" }
{ "timestamp":"2016-12-12T23:30:33Z", "event":"MaterialDiscovered", "Category":"Encoded", "Name":"shieldcyclerecordings", "DiscoveryNumber":1 }
{ "timestamp":"2016-12-12T23:30:33Z", "event":"MaterialCollected", "Category":"Encoded", "Name":"shieldcyclerecordings", "Count":3 }
{ "timestamp":"2016-12-12T23:30:34Z", "event":"ReceiveText", "From":"$npc_name_decorate:#name=Federal Agent;", "From_Localised":"Federal Agent", "Message":"$Generic_NoAttackGeneric03;", "Message_Localised":"Another ship that's not worth my time, this is turning into a bad day.", "Channel":"npc" }
{ "timestamp":"2016-12-12T23:32:33Z", "event":"ReceiveText", "From":"$npc_name_decorate:#name=Paul Whitehouse;", "From_Localised":"Paul Whitehouse", "Message":"$Pirate_OnStartScanCargo06;", "Message_Localised":"Let's see what you are carrying.", "Channel":"npc" }
{ "timestamp":"2016-12-12T23:32:34Z", "event":"ReceiveText", "From":"$npc_name_decorate:#name=Declan Madsen;", "From_Localised":"Declan Madsen", "Message":"$Escort_AttackDutyStart01;", "Message_Localised":"Commencing engagement, cover formation.", "Channel":"npc" }
{ "timestamp":"2016-12-12T23:32:36Z", "event":"ReceiveText", "From":"$npc_name_decorate:#name=Paul Whitehouse;", "From_Localised":"Paul Whitehouse", "Message":"$Pirate_OnEnemyShipDetection03;", "Message_Localised":"Hostiles, great.", "Channel":"npc" }
{ "timestamp":"2016-12-12T23:33:00Z", "event":"ReceiveText", "From":"$npc_name_decorate:#name=Paul Whitehouse;", "From_Localised":"Paul Whitehouse", "Message":"$Pirate_OnStartScanCargo02;", "Message_Localised":"Carrying anything nice?", "Channel":"npc" }
{ "timestamp":"2016-12-12T23:33:04Z", "event":"ReceiveText", "From":"$ShipName_Police_Federation;", "From_Localised":"Federal Security Service", "Message":"$Police_ArriveInvestigate02;", "Message_Localised":"Incident response units on station.", "Channel":"npc" }
{ "timestamp":"2016-12-12T23:33:05Z", "event":"ReceiveText", "From":"$ShipName_Police_Federation;", "From_Localised":"Federal Security Service", "Message":"$Police_ArrivedAtInvestigationLocation03;", "Message_Localised":"Crime scene cordon initialised, all ships must submit to police scan.", "Channel":"npc" }
{ "timestamp":"2016-12-12T23:33:24Z", "event":"ReceiveText", "From":"$ShipName_Police_Federation;", "From_Localised":"Federal Security Service", "Message":"$Police_ArriveInvestigate03;", "Message_Localised":"Crime response flight deployed.", "Channel":"npc" }
{ "timestamp":"2016-12-12T23:33:25Z", "event":"ReceiveText", "From":"$ShipName_Police_Federation;", "From_Localised":"Federal Security Service", "Message":"$Police_ArriveInvestigate01;", "Message_Localised":"Investigating reports of crime.", "Channel":"npc" }
{ "timestamp":"2016-12-12T23:33:25Z", "event":"ReceiveText", "From":"$ShipName_Police_Federation;", "From_Localised":"Federal Security Service", "Message":"$Police_ArrivedAtInvestigationLocation04;", "Message_Localised":"Rapid deployment unit deployed. Initiating scans of all ships in the area.", "Channel":"npc" }
{ "timestamp":"2016-12-12T23:33:30Z", "event":"Bounty", "Rewards":[ { "Faction":"61 Cygni Commodities", "Reward":400 }, { "Faction":"Federation", "Reward":3240 } ], "Target":"sidewinder", "TotalReward":3640, "VictimFaction":"61 Cygni Resistance" }
{ "timestamp":"2016-12-12T23:33:31Z", "event":"ReceiveText", "From":"$ShipName_Police_Federation;", "From_Localised":"Federal Security Service", "Message":"$Police_ArrivedAtInvestigationLocation02;", "Message_Localised":"Cease and desist! Submit to authority scans immediately!", "Channel":"npc" }
{ "timestamp":"2016-12-12T23:33:57Z", "event":"ReceiveText", "From":"$npc_name_decorate:#name=Paul Whitehouse;", "From_Localised":"Paul Whitehouse", "Message":"$BadKarmaCriticalDamage04;", "Message_Localised":"I don't believe it!", "Channel":"npc" }
{ "timestamp":"2016-12-12T23:33:59Z", "event":"Bounty", "Rewards":[ { "Faction":"61 Cygni Commodities", "Reward":800 }, { "Faction":"Federation", "Reward":3840 } ], "Target":"sidewinder", "TotalReward":4640, "VictimFaction":"61 Cygni Resistance" }
{ "timestamp":"2016-12-12T23:34:28Z", "event":"ReceiveText", "From":"$ShipName_Police_Federation;", "From_Localised":"Federal Security Service", "Message":"$Police_ThankYouPassedStopAndSearch05;", "Message_Localised":"Scan finished. Be about your business.", "Channel":"npc" }
{ "timestamp":"2016-12-12T23:34:41Z", "event":"ReceiveText", "From":"$ShipName_Police_Federation;", "From_Localised":"Federal Security Service", "Message":"$Police_FinishedAtInvestigationLocation05;", "Message_Localised":"All scans have completed. All vessels may proceed.", "Channel":"npc" }
{ "timestamp":"2016-12-12T23:34:43Z", "event":"ReceiveText", "From":"$ShipName_Police_Federation;", "From_Localised":"Federal Security Service", "Message":"$Police_FinishedAtInvestigationLocation04;", "Message_Localised":"Crime response sweep completed. All ships are free to depart.", "Channel":"npc" }
{ "timestamp":"2016-12-12T23:35:03Z", "event":"ReceiveText", "From":"$npc_name_decorate:#name=Ulli Smidt;", "From_Localised":"Ulli Smidt", "Message":"$BountyHunter_ThankYouPassedStopAndSearch01;", "Message_Localised":"That's a shame. I felt sure you had a bounty on you.", "Channel":"npc" }
{ "timestamp":"2016-12-12T23:35:18Z", "event":"SupercruiseEntry", "StarSystem":"61 Cygni" }
