{ "timestamp":"2017-05-02T19:20:01Z", "event":"Fileheader", "part":1, "language":"English\\UK", "gameversion":"2.3.02", "build":"r143095/r0 " }
{ "timestamp":"2017-05-02T19:22:01Z", "event":"Cargo", "Inventory":[  ] }
{ "timestamp":"2017-05-02T19:22:01Z", "event":"Passengers", "Manifest":[ { "MissionID":132763713, "Type":"Explorer", "VIP":true, "Wanted":false, "Count":7 } ] }
{ "timestamp":"2017-05-02T19:22:01Z", "event":"Loadout", "Ship":"Asp", "ShipID":13, "ShipName":"sepia", "ShipIdent":"BL-10A", "Modules":[ { "Slot":"TinyHardpoint1", "Item":"Hpt_HeatSinkLauncher_Turret_Tiny", "On":true, "Priority":0, "AmmoInClip":1, "Health":1.000000, "Value":3500 }, { "Slot":"TinyHardpoint2", "Item":"Hpt_HeatSinkLauncher_Turret_Tiny", "On":true, "Priority":0, "Health":1.000000, "Value":3500 }, { "Slot":"PaintJob", "Item":"PaintJob_Asp_BlackFriday_01", "On":true, "Priority":1, "Health":1.000000, "Value":0 }, { "Slot":"Armour", "Item":"Asp_Armour_Grade1", "On":true, "Priority":1, "Health":1.000000, "Value":0, "EngineerBlueprint":"Armour_Advanced", "EngineerLevel":1 }, { "Slot":"PowerPlant", "Item":"Int_Powerplant_Size4_Class5", "On":true, "Priority":1, "Health":1.000000, "Value":1610080 }, { "Slot":"MainEngines", "Item":"Int_Engine_Size5_Class2", "On":true, "Priority":0, "Health":1.000000, "Value":189035, "EngineerBlueprint":"Engine_Tuned", "EngineerLevel":1 }, { "Slot":"FrameShiftDrive", "Item":"Int_Hyperdrive_Size5_Class5", "On":true, "Priority":0, "Health":1.000000, "Value":4338361, "EngineerBlueprint":"FSD_LongRange", "EngineerLevel":5 }, { "Slot":"LifeSupport", "Item":"Int_LifeSupport_Size4_Class2", "On":true, "Priority":0, "Health":1.000000, "Value":28373 }, { "Slot":"PowerDistributor", "Item":"Int_PowerDistributor_Size4_Class2", "On":true, "Priority":0, "Health":1.000000, "Value":28373 }, { "Slot":"Radar", "Item":"Int_Sensors_Size5_Class2", "On":true, "Priority":0, "Health":1.000000, "Value":79444 }, { "Slot":"FuelTank", "Item":"Int_FuelTank_Size5_Class3", "On":true, "Priority":1, "Health":1.000000, "Value":83090 }, { "Slot":"Slot01_Size6", "Item":"Int_PassengerCabin_Size6_Class3", "On":true, "Priority":1, "AmmoInClip":12, "Health":1.000000, "Value":469794 }, { "Slot":"Slot02_Size5", "Item":"Int_FuelScoop_Size5_Class3", "On":true, "Priority":0, "Health":1.000000, "Value":567106 }, { "Slot":"Slot03_Size3", "Item":"Int_ShieldGenerator_Size3_Class5", "On":true, "Priority":0, "Health":1.000000, "Value":507912 }, { "Slot":"Slot04_Size3", "Item":"Int_CargoRack_Size3_Class1", "On":true, "Priority":1, "Health":1.000000, "Value":8979 }, { "Slot":"Slot05_Size3", "Item":"Int_BuggyBay_Size2_Class2", "On":true, "Priority":0, "Health":1.000000, "Value":21600 }, { "Slot":"Slot06_Size2", "Item":"Int_DetailedSurfaceScanner_Tiny", "On":true, "Priority":1, "Health":1.000000, "Value":250000, "EngineerBlueprint":"Sensor_SurfaceScanner_LongRange", "EngineerLevel":1 }, { "Slot":"Slot07_Size2", "Item":"Int_StellarBodyDiscoveryScanner_Advanced", "On":true, "Priority":1, "Health":1.000000, "Value":1313250 }, { "Slot":"PlanetaryApproachSuite", "Item":"Int_PlanetApproachSuite", "On":true, "Priority":1, "Health":1.000000, "Value":425 }, { "Slot":"Bobble01", "Item":"Bobble_PilotMale", "On":true, "Priority":1, "Health":1.000000, "Value":0 }, { "Slot":"ShipCockpit", "Item":"Asp_Cockpit", "On":true, "Priority":1, "Health":1.000000, "Value":0 }, { "Slot":"CargoHatch", "Item":"ModularCargoBayDoor", "On":true, "Priority":2, "Health":1.000000, "Value":0 } ] }
{ "timestamp":"2017-05-02T19:22:01Z", "event":"Materials", "Raw":[ { "Name":"chromium", "Count":34 }, { "Name":"iron", "Count":50 }, { "Name":"carbon", "Count":2 }, { "Name":"nickel", "Count":14 }, { "Name":"zinc", "Count":18 }, { "Name":"cadmium", "Count":1 }, { "Name":"phosphorus", "Count":19 }, { "Name":"germanium", "Count":14 }, { "Name":"manganese", "Count":21 }, { "Name":"yttrium", "Count":3 }, { "Name":"molybdenum", "Count":6 } ], "Manufactured":[ { "Name":"chemicalprocessors", "Count":11 }, { "Name":"salvagedalloys", "Count":9 }, { "Name":"shieldemitters", "Count":3 }, { "Name":"compoundshielding", "Count":21 }, { "Name":"refinedfocuscrystals", "Count":41 }, { "Name":"shieldingsensors", "Count":8 }, { "Name":"focuscrystals", "Count":9 }, { "Name":"fedproprietarycomposites", "Count":6 }, { "Name":"protolightalloys", "Count":13 }, { "Name":"galvanisingalloys", "Count":11 }, { "Name":"precipitatedalloys", "Count":3 }, { "Name":"heatconductionwiring", "Count":9 }, { "Name":"phasealloys", "Count":1 }, { "Name":"wornshieldemitters", "Count":15 }, { "Name":"heatvanes", "Count":1 }, { "Name":"configurablecomponents", "Count":9 }, { "Name":"conductivepolymers", "Count":9 }, { "Name":"chemicalmanipulators", "Count":1 }, { "Name":"fedcorecomposites", "Count":2 }, { "Name":"biotechconductors", "Count":2 }, { "Name":"protoheatradiators", "Count":9 }, { "Name":"crystalshards", "Count":3 }, { "Name":"heatresistantceramics", "Count":1 }, { "Name":"protoradiolicalloys", "Count":4 }, { "Name":"gridresistors", "Count":3 }, { "Name":"basicconductors", "Count":1 }, { "Name":"exquisitefocuscrystals", "Count":1 }, { "Name":"mechanicalscrap", "Count":1 } ], "Encoded":[ { "Name":"emissiondata", "Count":35 }, { "Name":"shieldsoakanalysis", "Count":55 }, { "Name":"shieldcyclerecordings", "Count":46 }, { "Name":"decodedemissiondata", "Count":68 }, { "Name":"classifiedscandata", "Count":3 }, { "Name":"encodedscandata", "Count":2 }, { "Name":"shielddensityreports", "Count":65 }, { "Name":"scanarchives", "Count":11 }, { "Name":"securityfirmware", "Count":3 }, { "Name":"bulkscandata", "Count":61 }, { "Name":"shieldpatternanalysis", "Count":40 }, { "Name":"scandatabanks", "Count":12 }, { "Name":"fsdtelemetry", "Count":20 }, { "Name":"encryptedfiles", "Count":3 }, { "Name":"archivedemissiondata", "Count":6 }, { "Name":"scrambledemissiondata", "Count":4 }, { "Name":"wakesolutions", "Count":6 }, { "Name":"hyperspacetrajectories", "Count":13 }, { "Name":"industrialfirmware", "Count":1 }, { "Name":"shieldfrequencydata", "Count":3 }, { "Name":"compactemissionsdata", "Count":3 }, { "Name":"disruptedwakeechoes", "Count":36 }, { "Name":"dataminedwake", "Count":4 } ] }
{ "timestamp":"2017-05-02T19:22:01Z", "event":"LoadGame", "Commander":"Blantyre", "Ship":"Asp", "ShipID":13, "ShipName":"sepia", "ShipIdent":"BL-10A", "FuelLevel":29.007624, "FuelCapacity":32.000000, "GameMode":"Solo", "Credits":11535725, "Loan":0 }
{ "timestamp":"2017-05-02T19:22:01Z", "event":"Rank", "Combat":4, "Trade":6, "Explore":6, "Empire":2, "Federation":7, "CQC":0 }
{ "timestamp":"2017-05-02T19:22:01Z", "event":"Progress", "Combat":56, "Trade":6, "Explore":33, "Empire":60, "Federation":17, "CQC":0 }
{ "timestamp":"2017-05-02T19:22:16Z", "event":"Location", "Docked":false, "StarSystem":"M17 Sector LS-T d3-7", "StarPos":[-1155.938,-26.656,4097.219], "SystemAllegiance":"", "SystemEconomy":"$economy_None;", "SystemEconomy_Localised":"None", "SystemGovernment":"$government_None;", "SystemGovernment_Localised":"None", "SystemSecurity":"$SYSTEM_SECURITY_low;", "SystemSecurity_Localised":"Low Security", "Body":"M17 Sector LS-T d3-7", "BodyType":"Star" }
{ "timestamp":"2017-05-02T19:23:28Z", "event":"StartJump", "JumpType":"Hyperspace", "StarSystem":"M17 Sector YV-L c8-13", "StarClass":"K" }
{ "timestamp":"2017-05-02T19:23:47Z", "event":"FSDJump", "StarSystem":"M17 Sector YV-L c8-13", "StarPos":[-1158.844,-23.531,4138.125], "SystemAllegiance":"", "SystemEconomy":"$economy_None;", "SystemEconomy_Localised":"None", "SystemGovernment":"$government_None;", "SystemGovernment_Localised":"None", "SystemSecurity":"$SYSTEM_SECURITY_low;", "SystemSecurity_Localised":"Low Security", "JumpDist":41.128, "FuelUsed":4.648839, "FuelLevel":24.358784 }
{ "timestamp":"2017-05-02T19:24:21Z", "event":"Scan", "BodyName":"M17 Sector YV-L c8-13", "DistanceFromArrivalLS":0.000000, "StarType":"K", "StellarMass":0.832031, "Radius":573371456.000000, "AbsoluteMagnitude":6.037842, "Age_MY":1170, "SurfaceTemperature":4819.000000, "RotationPeriod":238231.312500, "Rings":[ { "Name":"M17 Sector YV-L c8-13 A Belt", "RingClass":"eRingClass_Rocky", "MassMT":1.364e+14, "InnerRad":8.9962e+08, "OuterRad":2.2696e+09 }, { "Name":"M17 Sector YV-L c8-13 B Belt", "RingClass":"eRingClass_MetalRich", "MassMT":1.5364e+16, "InnerRad":4.2622e+09, "OuterRad":6.8737e+11 } ] }
{ "timestamp":"2017-05-02T19:25:14Z", "event":"FuelScoop", "Scooped":5.004020, "Total":29.362810 }
{ "timestamp":"2017-05-02T19:25:22Z", "event":"FuelScoop", "Scooped":2.637188, "Total":32.000000 }
{ "timestamp":"2017-05-02T19:25:44Z", "event":"StartJump", "JumpType":"Hyperspace", "StarSystem":"M17 Sector EE-U b18-5", "StarClass":"M" }
{ "timestamp":"2017-05-02T19:26:03Z", "event":"FSDJump", "StarSystem":"M17 Sector EE-U b18-5", "StarPos":[-1172.063,-17.469,4177.563], "SystemAllegiance":"", "SystemEconomy":"$economy_None;", "SystemEconomy_Localised":"None", "SystemGovernment":"$government_None;", "SystemGovernment_Localised":"None", "SystemSecurity":"$SYSTEM_SECURITY_low;", "SystemSecurity_Localised":"Low Security", "JumpDist":42.033, "FuelUsed":4.988834, "FuelLevel":27.011166 }
{ "timestamp":"2017-05-02T19:28:15Z", "event":"FuelScoop", "Scooped":2.595537, "Total":29.606688 }
{ "timestamp":"2017-05-02T19:28:31Z", "event":"StartJump", "JumpType":"Hyperspace", "StarSystem":"M17 Sector LQ-Q b20-1", "StarClass":"M" }
{ "timestamp":"2017-05-02T19:28:50Z", "event":"FSDJump", "StarSystem":"M17 Sector LQ-Q b20-1", "StarPos":[-1190.156,-13.219,4215.156], "SystemAllegiance":"", "SystemEconomy":"$economy_None;", "SystemEconomy_Localised":"None", "SystemGovernment":"$government_None;", "SystemGovernment_Localised":"None", "SystemSecurity":"$SYSTEM_SECURITY_low;", "SystemSecurity_Localised":"Low Security", "JumpDist":41.937, "FuelUsed":4.892529, "FuelLevel":24.714157 }
{ "timestamp":"2017-05-02T19:29:20Z", "event":"FuelScoop", "Scooped":4.935339, "Total":29.649454 }
{ "timestamp":"2017-05-02T19:30:06Z", "event":"Scan", "BodyName":"M17 Sector LQ-Q b20-1 A 1", "DistanceFromArrivalLS":171.411530, "TidalLock":false, "TerraformState":"", "PlanetClass":"High metal content body", "Atmosphere":"hot thick water rich atmosphere", "AtmosphereType":"WaterRich", "AtmosphereComposition":[ { "Name":"Nitrogen", "Percent":96.022888 }, { "Name":"Water", "Percent":2.830456 }, { "Name":"Argon", "Percent":0.943179 } ], "Volcanism":"", "MassEM":1.156677, "Radius":6452470.000000, "SurfaceGravity":11.073110, "SurfaceTemperature":551.652893, "SurfacePressure":32410694.000000, "Landable":false, "SemiMajorAxis":51384340480.000000, "Eccentricity":0.000079, "OrbitalInclination":-0.002207, "Periapsis":153.990311, "OrbitalPeriod":9824944.000000, "RotationPeriod":-9825464.000000 }
{ "timestamp":"2017-05-02T19:31:34Z", "event":"StartJump", "JumpType":"Hyperspace", "StarSystem":"M17 Sector TC-N b22-7", "StarClass":"M" }
{ "timestamp":"2017-05-02T19:31:52Z", "event":"FSDJump", "StarSystem":"M17 Sector TC-N b22-7", "StarPos":[-1197.500,-17.000,4256.000], "SystemAllegiance":"", "SystemEconomy":"$economy_None;", "SystemEconomy_Localised":"None", "SystemGovernment":"$government_None;", "SystemGovernment_Localised":"None", "SystemSecurity":"$SYSTEM_SECURITY_low;", "SystemSecurity_Localised":"Low Security", "JumpDist":41.671, "FuelUsed":4.800804, "FuelLevel":24.218651 }
{ "timestamp":"2017-05-02T19:32:14Z", "event":"FuelScoop", "Scooped":5.001148, "Total":29.219803 }
{ "timestamp":"2017-05-02T19:32:17Z", "event":"FuelScoop", "Scooped":0.369473, "Total":29.589275 }
{ "timestamp":"2017-05-02T19:32:40Z", "event":"StartJump", "JumpType":"Hyperspace", "StarSystem":"M17 Sector WI-L b23-3", "StarClass":"M" }
{ "timestamp":"2017-05-02T19:32:58Z", "event":"FSDJump", "StarSystem":"M17 Sector WI-L b23-3", "StarPos":[-1213.313,-12.969,4294.438], "SystemAllegiance":"", "SystemEconomy":"$economy_None;", "SystemEconomy_Localised":"None", "SystemGovernment":"$government_None;", "SystemGovernment_Localised":"None", "SystemSecurity":"$SYSTEM_SECURITY_low;", "SystemSecurity_Localised":"Low Security", "JumpDist":41.758, "FuelUsed":4.841433, "FuelLevel":24.747843 }
{ "timestamp":"2017-05-02T19:33:15Z", "event":"FuelScoop", "Scooped":2.189572, "Total":26.937399 }
{ "timestamp":"2017-05-02T19:33:37Z", "event":"StartJump", "JumpType":"Hyperspace", "StarSystem":"M17 Sector MU-E c12-21", "StarClass":"M" }
{ "timestamp":"2017-05-02T19:33:56Z", "event":"FSDJump", "StarSystem":"M17 Sector MU-E c12-21", "StarPos":[-1228.000,-8.031,4332.875], "SystemAllegiance":"", "SystemEconomy":"$economy_None;", "SystemEconomy_Localised":"None", "SystemGovernment":"$government_None;", "SystemGovernment_Localised":"None", "SystemSecurity":"$SYSTEM_SECURITY_low;", "SystemSecurity_Localised":"Low Security", "JumpDist":41.443, "FuelUsed":4.679615, "FuelLevel":22.257784 }
{ "timestamp":"2017-05-02T19:34:32Z", "event":"FuelScoop", "Scooped":5.002609, "Total":27.260384 }
{ "timestamp":"2017-05-02T19:34:48Z", "event":"FuelScoop", "Scooped":4.739619, "Total":32.000000 }
{ "timestamp":"2017-05-02T19:35:06Z", "event":"StartJump", "JumpType":"Hyperspace", "StarSystem":"Traikaae ER-N c6-21", "StarClass":"K" }
{ "timestamp":"2017-05-02T19:35:24Z", "event":"FSDJump", "StarSystem":"Traikaae ER-N c6-21", "StarPos":[-1243.063,-13.750,4368.938], "SystemAllegiance":"", "SystemEconomy":"$economy_None;", "SystemEconomy_Localised":"None", "SystemGovernment":"$government_None;", "SystemGovernment_Localised":"None", "SystemSecurity":"$SYSTEM_SECURITY_low;", "SystemSecurity_Localised":"Low Security", "JumpDist":39.498, "FuelUsed":4.283557, "FuelLevel":27.716442 }
{ "timestamp":"2017-05-02T19:39:05Z", "event":"FuelScoop", "Scooped":4.283541, "Total":32.000000 }
{ "timestamp":"2017-05-02T19:39:35Z", "event":"StartJump", "JumpType":"Hyperspace", "StarSystem":"Traikaae IX-L c7-16", "StarClass":"K" }
{ "timestamp":"2017-05-02T19:39:53Z", "event":"FSDJump", "StarSystem":"Traikaae IX-L c7-16", "StarPos":[-1264.281,-6.188,4404.250], "SystemAllegiance":"", "SystemEconomy":"$economy_None;", "SystemEconomy_Localised":"None", "SystemGovernment":"$government_None;", "SystemGovernment_Localised":"None", "SystemSecurity":"$SYSTEM_SECURITY_low;", "SystemSecurity_Localised":"Low Security", "JumpDist":41.886, "FuelUsed":4.946002, "FuelLevel":27.053999 }
{ "timestamp":"2017-05-02T19:40:11Z", "event":"FuelScoop", "Scooped":2.613682, "Total":29.667685 }
{ "timestamp":"2017-05-02T19:40:28Z", "event":"StartJump", "JumpType":"Hyperspace", "StarSystem":"Traikaae QY-S d3-168", "StarClass":"F" }
{ "timestamp":"2017-05-02T19:40:46Z", "event":"FSDJump", "StarSystem":"Traikaae QY-S d3-168", "StarPos":[-1278.625,1.438,4441.875], "SystemAllegiance":"", "SystemEconomy":"$economy_None;", "SystemEconomy_Localised":"None", "SystemGovernment":"$government_None;", "SystemGovernment_Localised":"None", "SystemSecurity":"$SYSTEM_SECURITY_low;", "SystemSecurity_Localised":"Low Security", "JumpDist":40.982, "FuelUsed":4.626039, "FuelLevel":25.041645 }
{ "timestamp":"2017-05-02T19:41:10Z", "event":"FuelScoop", "Scooped":3.356612, "Total":28.398279 }
{ "timestamp":"2017-05-02T19:41:28Z", "event":"StartJump", "JumpType":"Hyperspace", "StarSystem":"Traikaae GE-P b19-0", "StarClass":"M" }
{ "timestamp":"2017-05-02T19:41:46Z", "event":"FSDJump", "StarSystem":"Traikaae GE-P b19-0", "StarPos":[-1285.969,1.188,4482.719], "SystemAllegiance":"", "SystemEconomy":"$economy_None;", "SystemEconomy_Localised":"None", "SystemGovernment":"$government_None;", "SystemGovernment_Localised":"None", "SystemSecurity":"$SYSTEM_SECURITY_low;", "SystemSecurity_Localised":"Low Security", "JumpDist":41.499, "FuelUsed":4.735101, "FuelLevel":23.663177 }
{ "timestamp":"2017-05-02T19:42:08Z", "event":"FuelScoop", "Scooped":5.004475, "Total":28.667641 }
{ "timestamp":"2017-05-02T19:42:17Z", "event":"FuelScoop", "Scooped":3.332332, "Total":32.000000 }
{ "timestamp":"2017-05-02T19:42:54Z", "event":"StartJump", "JumpType":"Hyperspace", "StarSystem":"Traikaae OQ-L b21-11", "StarClass":"M" }
{ "timestamp":"2017-05-02T19:43:12Z", "event":"FSDJump", "StarSystem":"Traikaae OQ-L b21-11", "StarPos":[-1292.500,-0.531,4521.969], "SystemAllegiance":"", "SystemEconomy":"$economy_None;", "SystemEconomy_Localised":"None", "SystemGovernment":"$government_None;", "SystemGovernment_Localised":"None", "SystemSecurity":"$SYSTEM_SECURITY_low;", "SystemSecurity_Localised":"Low Security", "JumpDist":39.827, "FuelUsed":4.371147, "FuelLevel":27.628853 }
{ "timestamp":"2017-05-02T19:43:31Z", "event":"FuelScoop", "Scooped":4.371150, "Total":32.000000 }
{ "timestamp":"2017-05-02T19:43:59Z", "event":"StartJump", "JumpType":"Hyperspace", "StarSystem":"Traikaae VC-I b23-0", "StarClass":"M" }
{ "timestamp":"2017-05-02T19:44:18Z", "event":"FSDJump", "StarSystem":"Traikaae VC-I b23-0", "StarPos":[-1313.281,3.969,4558.125], "SystemAllegiance":"", "SystemEconomy":"$economy_None;", "SystemEconomy_Localised":"None", "SystemGovernment":"$government_None;", "SystemGovernment_Localised":"None", "SystemSecurity":"$SYSTEM_SECURITY_low;", "SystemSecurity_Localised":"Low Security", "JumpDist":41.945, "FuelUsed":4.963334, "FuelLevel":27.036667 }
{ "timestamp":"2017-05-02T19:44:33Z", "event":"FuelScoop", "Scooped":2.013721, "Total":29.050385 }
{ "timestamp":"2017-05-02T19:45:13Z", "event":"StartJump", "JumpType":"Hyperspace", "StarSystem":"Traikaae YK-P d5-114", "StarClass":"F" }
{ "timestamp":"2017-05-02T19:45:31Z", "event":"FSDJump", "StarSystem":"Traikaae YK-P d5-114", "StarPos":[-1334.938,-8.375,4591.813], "SystemAllegiance":"", "SystemEconomy":"$economy_None;", "SystemEconomy_Localised":"None", "SystemGovernment":"$government_None;", "SystemGovernment_Localised":"None", "SystemSecurity":"$SYSTEM_SECURITY_low;", "SystemSecurity_Localised":"Low Security", "JumpDist":41.907, "FuelUsed":4.868538, "FuelLevel":24.181847 }
{ "timestamp":"2017-05-02T19:45:52Z", "event":"FuelScoop", "Scooped":3.026244, "Total":27.208094 }
{ "timestamp":"2017-05-02T19:46:10Z", "event":"StartJump", "JumpType":"Hyperspace", "StarSystem":"Traikaae CR-N d6-83", "StarClass":"F" }
{ "timestamp":"2017-05-02T19:46:29Z", "event":"FSDJump", "StarSystem":"Traikaae CR-N d6-83", "StarPos":[-1342.031,-0.031,4632.250], "SystemAllegiance":"", "SystemEconomy":"$economy_None;", "SystemEconomy_Localised":"None", "SystemGovernment":"$government_None;", "SystemGovernment_Localised":"None", "SystemSecurity":"$SYSTEM_SECURITY_low;", "SystemSecurity_Localised":"Low Security", "JumpDist":41.894, "FuelUsed":4.813189, "FuelLevel":22.394905 }
{ "timestamp":"2017-05-02T19:46:50Z", "event":"FuelScoop", "Scooped":5.003890, "Total":27.398815 }
{ "timestamp":"2017-05-02T19:47:03Z", "event":"FuelScoop", "Scooped":4.601148, "Total":32.000000 }
{ "timestamp":"2017-05-02T19:50:26Z", "event":"StartJump", "JumpType":"Hyperspace", "StarSystem":"Traikoa BF-Z b27-5", "StarClass":"M" }
{ "timestamp":"2017-05-02T19:50:45Z", "event":"FSDJump", "StarSystem":"Traikoa BF-Z b27-5", "StarPos":[-1355.563,-11.281,4669.656], "SystemAllegiance":"", "SystemEconomy":"$economy_None;", "SystemEconomy_Localised":"None", "SystemGovernment":"$government_None;", "SystemGovernment_Localised":"None", "SystemSecurity":"$SYSTEM_SECURITY_low;", "SystemSecurity_Localised":"Low Security", "JumpDist":41.339, "FuelUsed":4.788942, "FuelLevel":27.211058 }
{ "timestamp":"2017-05-02T19:51:02Z", "event":"FuelScoop", "Scooped":2.442399, "Total":29.653486 }
{ "timestamp":"2017-05-02T19:51:44Z", "event":"Scan", "BodyName":"Traikoa BF-Z b27-5 A 4", "DistanceFromArrivalLS":31.399731, "TidalLock":true, "TerraformState":"", "PlanetClass":"Water world", "Atmosphere":"thin water rich atmosphere", "AtmosphereType":"WaterRich", "AtmosphereComposition":[ { "Name":"Oxygen", "Percent":86.583038 }, { "Name":"Water", "Percent":13.270370 }, { "Name":"SulphurDioxide", "Percent":0.146600 } ], "Volcanism":"", "MassEM":0.114774, "Radius":3462827.750000, "SurfaceGravity":3.814983, "SurfaceTemperature":291.234375, "SurfacePressure":4555.413086, "Landable":false, "SemiMajorAxis":9413437440.000000, "Eccentricity":0.000004, "OrbitalInclination":-0.003943, "Periapsis":65.310501, "OrbitalPeriod":1037220.000000, "RotationPeriod":1037516.687500 }
{ "timestamp":"2017-05-02T19:52:33Z", "event":"StartJump", "JumpType":"Hyperspace", "StarSystem":"Traikoa RV-X c14-52", "StarClass":"K" }
{ "timestamp":"2017-05-02T19:52:52Z", "event":"FSDJump", "StarSystem":"Traikoa RV-X c14-52", "StarPos":[-1366.313,-15.656,4709.281], "SystemAllegiance":"", "SystemEconomy":"$economy_None;", "SystemEconomy_Localised":"None", "SystemGovernment":"$government_None;", "SystemGovernment_Localised":"None", "SystemSecurity":"$SYSTEM_SECURITY_low;", "SystemSecurity_Localised":"Low Security", "JumpDist":41.290, "FuelUsed":4.710967, "FuelLevel":24.942520 }
{ "timestamp":"2017-05-02T19:53:12Z", "event":"FuelScoop", "Scooped":1.945652, "Total":26.888208 }
{ "timestamp":"2017-05-02T19:53:30Z", "event":"StartJump", "JumpType":"Hyperspace", "StarSystem":"Traikoa QD-S b31-17", "StarClass":"M" }
{ "timestamp":"2017-05-02T19:53:48Z", "event":"FSDJump", "StarSystem":"Traikoa QD-S b31-17", "StarPos":[-1380.875,-15.781,4738.188], "SystemAllegiance":"", "SystemEconomy":"$economy_None;", "SystemEconomy_Localised":"None", "SystemGovernment":"$government_None;", "SystemGovernment_Localised":"None", "SystemSecurity":"$SYSTEM_SECURITY_low;", "SystemSecurity_Localised":"Low Security", "JumpDist":32.367, "FuelUsed":2.553190, "FuelLevel":24.335018 }
{ "timestamp":"2017-05-02T19:54:12Z", "event":"FuelScoop", "Scooped":5.003184, "Total":29.338211 }
{ "timestamp":"2017-05-02T19:54:23Z", "event":"FuelScoop", "Scooped":2.661786, "Total":32.000000 }
{ "timestamp":"2017-05-02T19:56:10Z", "event":"StartJump", "JumpType":"Hyperspace", "StarSystem":"Traikoa ZD-K d8-48", "StarClass":"F" }
{ "timestamp":"2017-05-02T19:56:29Z", "event":"FSDJump", "StarSystem":"Traikoa ZD-K d8-48", "StarPos":[-1392.000,-11.969,4776.156], "SystemAllegiance":"", "SystemEconomy":"$economy_None;", "SystemEconomy_Localised":"None", "SystemGovernment":"$government_None;", "SystemGovernment_Localised":"None", "SystemSecurity":"$SYSTEM_SECURITY_low;", "SystemSecurity_Localised":"Low Security", "JumpDist":39.748, "FuelUsed":4.350317, "FuelLevel":27.649683 }
{ "timestamp":"2017-05-02T19:56:54Z", "event":"FuelScoop", "Scooped":4.154855, "Total":31.174555 }
{ "timestamp":"2017-05-02T19:58:58Z", "event":"Scan", "BodyName":"Traikoa ZD-K d8-48 A 2", "DistanceFromArrivalLS":831.068970, "TidalLock":true, "TerraformState":"Terraformable", "PlanetClass":"High metal content body", "Atmosphere":"thin carbon dioxide atmosphere", "AtmosphereType":"CarbonDioxide", "AtmosphereComposition":[ { "Name":"CarbonDioxide", "Percent":97.024979 }, { "Name":"Argon", "Percent":1.905597 }, { "Name":"SulphurDioxide", "Percent":1.069428 } ], "Volcanism":"major rocky magma volcanism", "MassEM":1.250271, "Radius":6504805.500000, "SurfaceGravity":11.777279, "SurfaceTemperature":252.990982, "SurfacePressure":583.403809, "Landable":false, "SemiMajorAxis":223522176.000000, "Eccentricity":0.079199, "OrbitalInclination":-0.091117, "Periapsis":41.072769, "OrbitalPeriod":3069439.250000, "RotationPeriod":4938734.500000 }
{ "timestamp":"2017-05-02T19:59:17Z", "event":"Scan", "BodyName":"Traikoa ZD-K d8-48 A 3", "DistanceFromArrivalLS":832.977661, "TidalLock":true, "TerraformState":"Terraformable", "PlanetClass":"High metal content body", "Atmosphere":"thin carbon dioxide atmosphere", "AtmosphereType":"CarbonDioxide", "AtmosphereComposition":[ { "Name":"CarbonDioxide", "Percent":94.639297 }, { "Name":"Argon", "Percent":4.414313 }, { "Name":"SulphurDioxide", "Percent":0.946393 } ], "Volcanism":"", "MassEM":0.786885, "Radius":5665709.000000, "SurfaceGravity":9.770391, "SurfaceTemperature":255.649673, "SurfacePressure":755.460571, "Landable":false, "SemiMajorAxis":355151552.000000, "Eccentricity":0.079199, "OrbitalInclination":-0.091117, "Periapsis":221.072754, "OrbitalPeriod":3069439.250000, "RotationPeriod":3918042.250000 }
{ "timestamp":"2017-05-02T20:00:58Z", "event":"Scan", "BodyName":"Traikoa ZD-K d8-48 A 4", "DistanceFromArrivalLS":1162.265381, "TidalLock":false, "TerraformState":"Terraformable", "PlanetClass":"Water world", "Atmosphere":"thick ammonia atmosphere", "AtmosphereType":"Ammonia", "AtmosphereComposition":[ { "Name":"Ammonia", "Percent":83.050331 }, { "Name":"Nitrogen", "Percent":13.412100 }, { "Name":"Oxygen", "Percent":2.351819 } ], "Volcanism":"minor silicate vapour geysers volcanism", "MassEM":1.758894, "Radius":7187200.500000, "SurfaceGravity":13.571552, "SurfaceTemperature":333.380707, "SurfacePressure":1062787.125000, "Landable":false, "SemiMajorAxis":348110290944.000000, "Eccentricity":0.002432, "OrbitalInclination":-0.409604, "Periapsis":192.508423, "OrbitalPeriod":106908576.000000, "RotationPeriod":58569.667969 }
{ "timestamp":"2017-05-02T20:02:34Z", "event":"StartJump", "JumpType":"Hyperspace", "StarSystem":"Traikoa CO-S c17-36", "StarClass":"K" }
{ "timestamp":"2017-05-02T20:02:53Z", "event":"FSDJump", "StarSystem":"Traikoa CO-S c17-36", "StarPos":[-1404.813,-15.844,4815.000], "SystemAllegiance":"", "SystemEconomy":"$economy_None;", "SystemEconomy_Localised":"None", "SystemGovernment":"$government_None;", "SystemGovernment_Localised":"None", "SystemSecurity":"$SYSTEM_SECURITY_low;", "SystemSecurity_Localised":"Low Security", "JumpDist":41.085, "FuelUsed":4.695243, "FuelLevel":26.479311 }
{ "timestamp":"2017-05-02T20:03:15Z", "event":"FuelScoop", "Scooped":5.001491, "Total":31.480806 }
{ "timestamp":"2017-05-02T20:03:17Z", "event":"FuelScoop", "Scooped":0.519195, "Total":32.000000 }
{ "timestamp":"2017-05-02T20:04:36Z", "event":"Scan", "BodyName":"Traikoa CO-S c17-36 A 1", "DistanceFromArrivalLS":163.551453, "TidalLock":false, "TerraformState":"Terraformable", "PlanetClass":"High metal content body", "Atmosphere":"thin sulfur dioxide atmosphere", "AtmosphereType":"SulphurDioxide", "AtmosphereComposition":[ { "Name":"SulphurDioxide", "Percent":100.000000 } ], "Volcanism":"", "MassEM":0.077753, "Radius":2739461.250000, "SurfaceGravity":4.129508, "SurfaceTemperature":255.073105, "SurfacePressure":240.483810, "Landable":false, "SemiMajorAxis":14006721.000000, "Eccentricity":0.049857, "OrbitalInclination":-9.669363, "Periapsis":122.204941, "OrbitalPeriod":376415.375000, "RotationPeriod":-733889.125000 }
{ "timestamp":"2017-05-02T20:05:06Z", "event":"Scan", "BodyName":"Traikoa CO-S c17-36 A 2", "DistanceFromArrivalLS":163.548203, "TidalLock":true, "TerraformState":"", "PlanetClass":"High metal content body", "Atmosphere":"hot water atmosphere", "AtmosphereType":"Water", "AtmosphereComposition":[ { "Name":"Water", "Percent":100.000000 } ], "Volcanism":"", "MassEM":0.027757, "Radius":1983528.875000, "SurfaceGravity":2.811903, "SurfaceTemperature":602.485291, "SurfacePressure":218326.453125, "Landable":false, "SemiMajorAxis":39236280.000000, "Eccentricity":0.049857, "OrbitalInclination":-9.669363, "Periapsis":302.204956, "OrbitalPeriod":376415.375000, "RotationPeriod":438485.031250 }
{ "timestamp":"2017-05-02T20:05:50Z", "event":"StartJump", "JumpType":"Hyperspace", "StarSystem":"Traikoa II-J b36-8", "StarClass":"M" }
{ "timestamp":"2017-05-02T20:06:09Z", "event":"FSDJump", "StarSystem":"Traikoa II-J b36-8", "StarPos":[-1422.781,-20.625,4851.844], "SystemAllegiance":"", "SystemEconomy":"$economy_None;", "SystemEconomy_Localised":"None", "SystemGovernment":"$government_None;", "SystemGovernment_Localised":"None", "SystemSecurity":"$SYSTEM_SECURITY_low;", "SystemSecurity_Localised":"Low Security", "JumpDist":41.270, "FuelUsed":4.769859, "FuelLevel":27.230141 }
{ "timestamp":"2017-05-02T20:07:06Z", "event":"FuelScoop", "Scooped":2.801008, "Total":30.031162 }
{ "timestamp":"2017-05-02T20:07:34Z", "event":"StartJump", "JumpType":"Hyperspace", "StarSystem":"Blae Drye YF-L d9-115", "StarClass":"A" }
{ "timestamp":"2017-05-02T20:07:52Z", "event":"FSDJump", "StarSystem":"Blae Drye YF-L d9-115", "StarPos":[-1435.688,-26.438,4890.594], "SystemAllegiance":"", "SystemEconomy":"$economy_None;", "SystemEconomy_Localised":"None", "SystemGovernment":"$government_None;", "SystemGovernment_Localised":"None", "SystemSecurity":"$SYSTEM_SECURITY_low;", "SystemSecurity_Localised":"Low Security", "JumpDist":41.254, "FuelUsed":4.711167, "FuelLevel":25.319996 }
{ "timestamp":"2017-05-02T20:08:08Z", "event":"FuelScoop", "Scooped":0.540838, "Total":25.860817 }
{ "timestamp":"2017-05-02T20:08:34Z", "event":"StartJump", "JumpType":"Hyperspace", "StarSystem":"Blae Drye ZW-U c19-14", "StarClass":"M" }
{ "timestamp":"2017-05-02T20:08:53Z", "event":"FSDJump", "StarSystem":"Blae Drye ZW-U c19-14", "StarPos":[-1455.375,-27.188,4926.719], "SystemAllegiance":"", "SystemEconomy":"$economy_None;", "SystemEconomy_Localised":"None", "SystemGovernment":"$government_None;", "SystemGovernment_Localised":"None", "SystemSecurity":"$SYSTEM_SECURITY_low;", "SystemSecurity_Localised":"Low Security", "JumpDist":41.148, "FuelUsed":4.569458, "FuelLevel":21.291359 }
{ "timestamp":"2017-05-02T20:09:15Z", "event":"FuelScoop", "Scooped":5.002730, "Total":26.294104 }
{ "timestamp":"2017-05-02T20:09:35Z", "event":"FuelScoop", "Scooped":5.000797, "Total":31.294903 }
{ "timestamp":"2017-05-02T20:09:38Z", "event":"FuelScoop", "Scooped":0.705105, "Total":32.000000 }
{ "timestamp":"2017-05-02T20:10:54Z", "event":"StartJump", "JumpType":"Hyperspace", "StarSystem":"Traikoa ET-Y b41-7", "StarClass":"M" }
{ "timestamp":"2017-05-02T20:11:12Z", "event":"FSDJump", "StarSystem":"Traikoa ET-Y b41-7", "StarPos":[-1464.563,-21.031,4966.219], "SystemAllegiance":"", "SystemEconomy":"$economy_None;", "SystemEconomy_Localised":"None", "SystemGovernment":"$government_None;", "SystemGovernment_Localised":"None", "SystemSecurity":"$SYSTEM_SECURITY_low;", "SystemSecurity_Localised":"Low Security", "JumpDist":41.019, "FuelUsed":4.698861, "FuelLevel":27.301140 }
{ "timestamp":"2017-05-02T20:11:31Z", "event":"FuelScoop", "Scooped":3.567529, "Total":30.868664 }
{ "timestamp":"2017-05-02T20:11:51Z", "event":"StartJump", "JumpType":"Hyperspace", "StarSystem":"Traikoa LF-V b43-14", "StarClass":"M" }
{ "timestamp":"2017-05-02T20:12:09Z", "event":"FSDJump", "StarSystem":"Traikoa LF-V b43-14", "StarPos":[-1483.125,-23.250,4996.406], "SystemAllegiance":"", "SystemEconomy":"$economy_None;", "SystemEconomy_Localised":"None", "SystemGovernment":"$government_None;", "SystemGovernment_Localised":"None", "SystemSecurity":"$SYSTEM_SECURITY_low;", "SystemSecurity_Localised":"Low Security", "JumpDist":35.507, "FuelUsed":3.278175, "FuelLevel":27.590488 }
{ "timestamp":"2017-05-02T20:12:40Z", "event":"FuelScoop", "Scooped":4.409489, "Total":32.000000 }
{ "timestamp":"2017-05-02T20:13:16Z", "event":"StartJump", "JumpType":"Hyperspace", "StarSystem":"Traikoa OL-T b44-14", "StarClass":"M" }
{ "timestamp":"2017-05-02T20:13:35Z", "event":"FSDJump", "StarSystem":"Traikoa OL-T b44-14", "StarPos":[-1498.156,-16.125,5025.250], "SystemAllegiance":"", "SystemEconomy":"$economy_None;", "SystemEconomy_Localised":"None", "SystemGovernment":"$government_None;", "SystemGovernment_Localised":"None", "SystemSecurity":"$SYSTEM_SECURITY_low;", "SystemSecurity_Localised":"Low Security", "JumpDist":33.297, "FuelUsed":2.818742, "FuelLevel":29.181259 }
{ "timestamp":"2017-05-02T20:13:51Z", "event":"FuelScoop", "Scooped":2.818723, "Total":32.000000 }
{ "timestamp":"2017-05-02T20:14:19Z", "event":"StartJump", "JumpType":"Hyperspace", "StarSystem":"Traikoa FL-P e5-4", "StarClass":"H" }
{ "timestamp":"2017-05-02T20:14:37Z", "event":"FSDJump", "StarSystem":"Traikoa FL-P e5-4", "StarPos":[-1504.375,-18.531,5040.969], "SystemAllegiance":"", "SystemEconomy":"$economy_None;", "SystemEconomy_Localised":"None", "SystemGovernment":"$government_None;", "SystemGovernment_Localised":"None", "SystemSecurity":"$SYSTEM_SECURITY_low;", "SystemSecurity_Localised":"Low Security", "JumpDist":17.075, "FuelUsed":0.548836, "FuelLevel":31.451164 }
{ "timestamp":"2017-05-02T20:14:58Z", "event":"Scan", "BodyName":"Traikoa FL-P e5-4", "DistanceFromArrivalLS":0.000000, "StarType":"H", "StellarMass":2.683594, "Radius":7916.534180, "AbsoluteMagnitude":20.000000, "Age_MY":284, "SurfaceTemperature":0.000000, "RotationPeriod":0.133598 }
{ "timestamp":"2017-05-02T20:16:33Z", "event":"SupercruiseExit", "StarSystem":"Traikoa FL-P e5-4", "Body":"Traikoa FL-P e5-4", "BodyType":"Star" }
{ "timestamp":"2017-05-02T20:16:49Z", "event":"DataScanned", "Type":"TouristBeacon" }
{ "timestamp":"2017-05-02T20:17:35Z", "event":"StartJump", "JumpType":"Supercruise" }
{ "timestamp":"2017-05-02T20:17:40Z", "event":"SupercruiseEntry", "StarSystem":"Traikoa FL-P e5-4" }
{ "timestamp":"2017-05-02T20:20:26Z", "event":"StartJump", "JumpType":"Hyperspace", "StarSystem":"Traikoa KF-V b43-13", "StarClass":"M" }
{ "timestamp":"2017-05-02T20:20:45Z", "event":"FSDJump", "StarSystem":"Traikoa KF-V b43-13", "StarPos":[-1498.906,-15.281,5000.000], "SystemAllegiance":"", "SystemEconomy":"$economy_None;", "SystemEconomy_Localised":"None", "SystemGovernment":"$government_None;", "SystemGovernment_Localised":"None", "SystemSecurity":"$SYSTEM_SECURITY_low;", "SystemSecurity_Localised":"Low Security", "JumpDist":41.460, "FuelUsed":4.808597, "FuelLevel":26.642567 }
{ "timestamp":"2017-05-02T20:21:03Z", "event":"FuelScoop", "Scooped":2.458939, "Total":29.101501 }
{ "timestamp":"2017-05-02T20:21:37Z", "event":"StartJump", "JumpType":"Hyperspace", "StarSystem":"Traikoa GQ-G d10-39", "StarClass":"F" }
{ "timestamp":"2017-05-02T20:21:56Z", "event":"FSDJump", "StarSystem":"Traikoa GQ-G d10-39", "StarPos":[-1488.563,-8.094,4959.969], "SystemAllegiance":"", "SystemEconomy":"$economy_None;", "SystemEconomy_Localised":"None", "SystemGovernment":"$government_None;", "SystemGovernment_Localised":"None", "SystemSecurity":"$SYSTEM_SECURITY_low;", "SystemSecurity_Localised":"Low Security", "JumpDist":41.966, "FuelUsed":4.886484, "FuelLevel":24.215017 }
{ "timestamp":"2017-05-02T20:22:17Z", "event":"FuelScoop", "Scooped":5.002794, "Total":28.587799 }
{ "timestamp":"2017-05-02T20:22:26Z", "event":"FuelScoop", "Scooped":3.412206, "Total":32.000000 }
{ "timestamp":"2017-05-02T20:22:56Z", "event":"StartJump", "JumpType":"Hyperspace", "StarSystem":"Traikoa CK-I d9-72", "StarClass":"G" }
{ "timestamp":"2017-05-02T20:23:14Z", "event":"FSDJump", "StarSystem":"Traikoa CK-I d9-72", "StarPos":[-1467.094,-12.469,4925.406], "SystemAllegiance":"", "SystemEconomy":"$economy_None;", "SystemEconomy_Localised":"None", "SystemGovernment":"$government_None;", "SystemGovernment_Localised":"None", "SystemSecurity":"$SYSTEM_SECURITY_low;", "SystemSecurity_Localised":"Low Security", "JumpDist":40.922, "FuelUsed":4.671519, "FuelLevel":27.328482 }
{ "timestamp":"2017-05-02T20:24:23Z", "event":"FuelScoop", "Scooped":4.671501, "Total":32.000000 }
{ "timestamp":"2017-05-02T20:24:59Z", "event":"StartJump", "JumpType":"Hyperspace", "StarSystem":"Traikoa OU-F b38-9", "StarClass":"M" }
{ "timestamp":"2017-05-02T20:25:17Z", "event":"FSDJump", "StarSystem":"Traikoa OU-F b38-9", "StarPos":[-1459.969,-13.594,4884.438], "SystemAllegiance":"", "SystemEconomy":"$economy_None;", "SystemEconomy_Localised":"None", "SystemGovernment":"$government_None;", "SystemGovernment_Localised":"None", "SystemSecurity":"$SYSTEM_SECURITY_low;", "SystemSecurity_Localised":"Low Security", "JumpDist":41.599, "FuelUsed":4.863099, "FuelLevel":27.136902 }
{ "timestamp":"2017-05-02T20:25:39Z", "event":"FuelScoop", "Scooped":4.386302, "Total":31.523209 }
{ "timestamp":"2017-05-02T20:26:02Z", "event":"StartJump", "JumpType":"Hyperspace", "StarSystem":"Traikoa YD-K d8-110", "StarClass":"F" }
{ "timestamp":"2017-05-02T20:26:20Z", "event":"FSDJump", "StarSystem":"Traikoa YD-K d8-110", "StarPos":[-1454.000,-13.063,4843.281], "SystemAllegiance":"", "SystemEconomy":"$economy_None;", "SystemEconomy_Localised":"None", "SystemGovernment":"$government_None;", "SystemGovernment_Localised":"None", "SystemSecurity":"$SYSTEM_SECURITY_low;", "SystemSecurity_Localised":"Low Security", "JumpDist":41.590, "FuelUsed":4.847497, "FuelLevel":26.675713 }
{ "timestamp":"2017-05-02T20:26:48Z", "event":"FuelScoop", "Scooped":5.002600, "Total":31.678326 }
{ "timestamp":"2017-05-02T20:26:50Z", "event":"FuelScoop", "Scooped":0.321674, "Total":32.000000 }
{ "timestamp":"2017-05-02T20:27:11Z", "event":"StartJump", "JumpType":"Hyperspace", "StarSystem":"Traikoa WA-N b34-14", "StarClass":"M" }
{ "timestamp":"2017-05-02T20:27:29Z", "event":"FSDJump", "StarSystem":"Traikoa WA-N b34-14", "StarPos":[-1448.281,-4.438,4803.000], "SystemAllegiance":"", "SystemEconomy":"$economy_None;", "SystemEconomy_Localised":"None", "SystemGovernment":"$government_None;", "SystemGovernment_Localised":"None", "SystemSecurity":"$SYSTEM_SECURITY_low;", "SystemSecurity_Localised":"Low Security", "JumpDist":41.589, "FuelUsed":4.860401, "FuelLevel":27.139599 }
{ "timestamp":"2017-05-02T20:27:49Z", "event":"FuelScoop", "Scooped":4.195615, "Total":31.335207 }
{ "timestamp":"2017-05-02T20:28:14Z", "event":"StartJump", "JumpType":"Hyperspace", "StarSystem":"Traikoa TB-W c15-32", "StarClass":"K" }
{ "timestamp":"2017-05-02T20:28:32Z", "event":"FSDJump", "StarSystem":"Traikoa TB-W c15-32", "StarPos":[-1437.938,-5.844,4762.250], "SystemAllegiance":"", "SystemEconomy":"$economy_None;", "SystemEconomy_Localised":"None", "SystemGovernment":"$government_None;", "SystemGovernment_Localised":"None", "SystemSecurity":"$SYSTEM_SECURITY_low;", "SystemSecurity_Localised":"Low Security", "JumpDist":42.066, "FuelUsed":4.978981, "FuelLevel":26.356226 }
{ "timestamp":"2017-05-02T20:28:54Z", "event":"FuelScoop", "Scooped":3.994069, "Total":30.350313 }
{ "timestamp":"2017-05-02T20:29:15Z", "event":"StartJump", "JumpType":"Hyperspace", "StarSystem":"Traikoa JX-T b30-16", "StarClass":"M" }
{ "timestamp":"2017-05-02T20:29:33Z", "event":"FSDJump", "StarSystem":"Traikoa JX-T b30-16", "StarPos":[-1432.469,-16.000,4722.031], "SystemAllegiance":"", "SystemEconomy":"$economy_None;", "SystemEconomy_Localised":"None", "SystemGovernment":"$government_None;", "SystemGovernment_Localised":"None", "SystemSecurity":"$SYSTEM_SECURITY_low;", "SystemSecurity_Localised":"Low Security", "JumpDist":41.840, "FuelUsed":4.885800, "FuelLevel":25.464514 }
{ "timestamp":"2017-05-02T20:29:52Z", "event":"FuelScoop", "Scooped":1.686820, "Total":27.151356 }
{ "timestamp":"2017-05-02T20:30:14Z", "event":"StartJump", "JumpType":"Hyperspace", "StarSystem":"Traikoa CL-X b28-10", "StarClass":"M" }
{ "timestamp":"2017-05-02T20:30:32Z", "event":"FSDJump", "StarSystem":"Traikoa CL-X b28-10", "StarPos":[-1418.063,-20.250,4683.000], "SystemAllegiance":"", "SystemEconomy":"$economy_None;", "SystemEconomy_Localised":"None", "SystemGovernment":"$government_None;", "SystemGovernment_Localised":"None", "SystemSecurity":"$SYSTEM_SECURITY_low;", "SystemSecurity_Localised":"Low Security", "JumpDist":41.822, "FuelUsed":4.791041, "FuelLevel":22.360313 }
{ "timestamp":"2017-05-02T20:30:50Z", "event":"FuelScoop", "Scooped":2.204737, "Total":24.565031 }
{ "timestamp":"2017-05-02T20:31:13Z", "event":"StartJump", "JumpType":"Hyperspace", "StarSystem":"Traikoa IJ-B c13-58", "StarClass":"M" }
{ "timestamp":"2017-05-02T20:31:31Z", "event":"FSDJump", "StarSystem":"Traikoa IJ-B c13-58", "StarPos":[-1402.781,-14.500,4644.469], "SystemAllegiance":"", "SystemEconomy":"$economy_None;", "SystemEconomy_Localised":"None", "SystemGovernment":"$government_None;", "SystemGovernment_Localised":"None", "SystemSecurity":"$SYSTEM_SECURITY_low;", "SystemSecurity_Localised":"Low Security", "JumpDist":41.848, "FuelUsed":4.726227, "FuelLevel":19.838804 }
{ "timestamp":"2017-05-02T20:32:56Z", "event":"FuelScoop", "Scooped":5.003621, "Total":24.842440 }
{ "timestamp":"2017-05-02T20:33:18Z", "event":"FuelScoop", "Scooped":5.002013, "Total":29.844481 }
{ "timestamp":"2017-05-02T20:33:28Z", "event":"FuelScoop", "Scooped":2.155522, "Total":32.000000 }
{ "timestamp":"2017-05-02T20:46:15Z", "event":"FuelScoop", "Scooped":0.630005, "Total":32.000000 }
{ "timestamp":"2017-05-02T21:02:04Z", "event":"Scan", "BodyName":"Traikoa IJ-B c13-58 2", "DistanceFromArrivalLS":535.002075, "TidalLock":false, "TerraformState":"", "PlanetClass":"High metal content body", "Atmosphere":"thick methane rich atmosphere", "AtmosphereType":"MethaneRich", "AtmosphereComposition":[ { "Name":"Nitrogen", "Percent":62.849373 }, { "Name":"Methane", "Percent":33.025444 }, { "Name":"Ammonia", "Percent":3.405660 } ], "Volcanism":"major rocky magma volcanism", "MassEM":0.903623, "Radius":5982702.500000, "SurfaceGravity":10.062404, "SurfaceTemperature":400.495667, "SurfacePressure":36589192.000000, "Landable":false, "SemiMajorAxis":160479657984.000000, "Eccentricity":0.001233, "OrbitalInclination":0.042885, "Periapsis":39.998005, "OrbitalPeriod":49578100.000000, "RotationPeriod":127445.343750 }
{ "timestamp":"2017-05-02T21:02:39Z", "event":"StartJump", "JumpType":"Hyperspace", "StarSystem":"Traikoa ED-D c12-29", "StarClass":"G" }
{ "timestamp":"2017-05-02T21:02:57Z", "event":"FSDJump", "StarSystem":"Traikoa ED-D c12-29", "StarPos":[-1395.969,-12.156,4605.156], "SystemAllegiance":"", "SystemEconomy":"$economy_None;", "SystemEconomy_Localised":"None", "SystemGovernment":"$government_None;", "SystemGovernment_Localised":"None", "SystemSecurity":"$SYSTEM_SECURITY_low;", "SystemSecurity_Localised":"Low Security", "JumpDist":39.967, "FuelUsed":4.409265, "FuelLevel":27.590736 }
{ "timestamp":"2017-05-02T21:03:19Z", "event":"FuelScoop", "Scooped":4.409268, "Total":32.000000 }
{ "timestamp":"2017-05-02T21:03:41Z", "event":"StartJump", "JumpType":"Hyperspace", "StarSystem":"Traikoa GA-I b23-20", "StarClass":"M" }
{ "timestamp":"2017-05-02T21:03:59Z", "event":"FSDJump", "StarSystem":"Traikoa GA-I b23-20", "StarPos":[-1384.656,-8.406,4567.656], "SystemAllegiance":"", "SystemEconomy":"$economy_None;", "SystemEconomy_Localised":"None", "SystemGovernment":"$government_None;", "SystemGovernment_Localised":"None", "SystemSecurity":"$SYSTEM_SECURITY_low;", "SystemSecurity_Localised":"Low Security", "JumpDist":39.348, "FuelUsed":4.243613, "FuelLevel":27.756388 }
{ "timestamp":"2017-05-02T21:06:34Z", "event":"FuelScoop", "Scooped":4.211325, "Total":31.967710 }
{ "timestamp":"2017-05-02T21:07:06Z", "event":"StartJump", "JumpType":"Hyperspace", "StarSystem":"Traikoa YN-L b21-7", "StarClass":"M" }
{ "timestamp":"2017-05-02T21:07:24Z", "event":"FSDJump", "StarSystem":"Traikoa YN-L b21-7", "StarPos":[-1374.469,-12.875,4527.875], "SystemAllegiance":"", "SystemEconomy":"$economy_None;", "SystemEconomy_Localised":"None", "SystemGovernment":"$government_None;", "SystemGovernment_Localised":"None", "SystemSecurity":"$SYSTEM_SECURITY_low;", "SystemSecurity_Localised":"Low Security", "JumpDist":41.307, "FuelUsed":4.779434, "FuelLevel":27.188276 }
{ "timestamp":"2017-05-02T21:07:50Z", "event":"FuelScoop", "Scooped":3.840649, "Total":31.028944 }
{ "timestamp":"2017-05-02T21:08:32Z", "event":"Scan", "BodyName":"Traikoa YN-L b21-7 A 1", "DistanceFromArrivalLS":98.335106, "TidalLock":true, "TerraformState":"Terraformable", "PlanetClass":"Water world", "Atmosphere":"argon rich atmosphere", "AtmosphereType":"ArgonRich", "AtmosphereComposition":[ { "Name":"Oxygen", "Percent":84.552345 }, { "Name":"Argon", "Percent":8.917599 }, { "Name":"Water", "Percent":4.600316 } ], "Volcanism":"", "MassEM":0.146371, "Radius":3444440.750000, "SurfaceGravity":4.917312, "SurfaceTemperature":277.261444, "SurfacePressure":10947.376953, "Landable":false, "SemiMajorAxis":29479837696.000000, "Eccentricity":0.000016, "OrbitalInclination":-0.027632, "Periapsis":201.492401, "OrbitalPeriod":4484331.000000, "RotationPeriod":4484360.500000 }
{ "timestamp":"2017-05-02T21:09:00Z", "event":"StartJump", "JumpType":"Hyperspace", "StarSystem":"Traikoa TK-I c9-26", "StarClass":"K" }
{ "timestamp":"2017-05-02T21:09:18Z", "event":"FSDJump", "StarSystem":"Traikoa TK-I c9-26", "StarPos":[-1358.688,-11.000,4489.344], "SystemAllegiance":"", "SystemEconomy":"$economy_None;", "SystemEconomy_Localised":"None", "SystemGovernment":"$government_None;", "SystemGovernment_Localised":"None", "SystemSecurity":"$SYSTEM_SECURITY_low;", "SystemSecurity_Localised":"Low Security", "JumpDist":41.680, "FuelUsed":4.859144, "FuelLevel":26.169800 }
{ "timestamp":"2017-05-02T21:09:45Z", "event":"FuelScoop", "Scooped":5.004179, "Total":30.543993 }
{ "timestamp":"2017-05-02T21:09:50Z", "event":"FuelScoop", "Scooped":1.455998, "Total":32.000000 }
{ "timestamp":"2017-05-02T21:10:13Z", "event":"StartJump", "JumpType":"Hyperspace", "StarSystem":"Traikoa FZ-S d3-54", "StarClass":"A" }
{ "timestamp":"2017-05-02T21:10:31Z", "event":"FSDJump", "StarSystem":"Traikoa FZ-S d3-54", "StarPos":[-1353.250,-10.906,4447.969], "SystemAllegiance":"", "SystemEconomy":"$economy_None;", "SystemEconomy_Localised":"None", "SystemGovernment":"$government_None;", "SystemGovernment_Localised":"None", "SystemSecurity":"$SYSTEM_SECURITY_low;", "SystemSecurity_Localised":"Low Security", "JumpDist":41.731, "FuelUsed":4.901322, "FuelLevel":27.098679 }
{ "timestamp":"2017-05-02T21:11:26Z", "event":"FuelScoop", "Scooped":4.834163, "Total":31.932821 }
{ "timestamp":"2017-05-02T21:12:02Z", "event":"StartJump", "JumpType":"Hyperspace", "StarSystem":"Traikoa LY-L c7-39", "StarClass":"K" }
{ "timestamp":"2017-05-02T21:12:21Z", "event":"FSDJump", "StarSystem":"Traikoa LY-L c7-39", "StarPos":[-1346.688,-8.406,4408.031], "SystemAllegiance":"", "SystemEconomy":"$economy_None;", "SystemEconomy_Localised":"None", "SystemGovernment":"$government_None;", "SystemGovernment_Localised":"None", "SystemSecurity":"$SYSTEM_SECURITY_low;", "SystemSecurity_Localised":"Low Security", "JumpDist":40.550, "FuelUsed":4.566513, "FuelLevel":27.366308 }
{ "timestamp":"2017-05-02T21:12:39Z", "event":"FuelScoop", "Scooped":1.379699, "Total":28.745991 }
{ "timestamp":"2017-05-02T21:13:39Z", "event":"StartJump", "JumpType":"Hyperspace", "StarSystem":"Traikaae IO-Z b13-0", "StarClass":"M" }
{ "timestamp":"2017-05-02T21:13:58Z", "event":"FSDJump", "StarSystem":"Traikaae IO-Z b13-0", "StarPos":[-1334.594,-15.656,4370.531], "SystemAllegiance":"", "SystemEconomy":"$economy_None;", "SystemEconomy_Localised":"None", "SystemGovernment":"$government_None;", "SystemGovernment_Localised":"None", "SystemSecurity":"$SYSTEM_SECURITY_low;", "SystemSecurity_Localised":"Low Security", "JumpDist":40.063, "FuelUsed":4.352741, "FuelLevel":24.393250 }
{ "timestamp":"2017-05-02T21:14:24Z", "event":"FuelScoop", "Scooped":5.003739, "Total":29.396971 }
{ "timestamp":"2017-05-02T21:14:34Z", "event":"FuelScoop", "Scooped":2.603047, "Total":32.000000 }
{ "timestamp":"2017-05-02T21:16:26Z", "event":"StartJump", "JumpType":"Hyperspace", "StarSystem":"Traikaae MS-U d2-165", "StarClass":"F" }
{ "timestamp":"2017-05-02T21:16:45Z", "event":"FSDJump", "StarSystem":"Traikaae MS-U d2-165", "StarPos":[-1331.313,-14.813,4329.125], "SystemAllegiance":"", "SystemEconomy":"$economy_None;", "SystemEconomy_Localised":"None", "SystemGovernment":"$government_None;", "SystemGovernment_Localised":"None", "SystemSecurity":"$SYSTEM_SECURITY_low;", "SystemSecurity_Localised":"Low Security", "JumpDist":41.545, "FuelUsed":4.847703, "FuelLevel":27.152298 }
{ "timestamp":"2017-05-02T21:17:09Z", "event":"FuelScoop", "Scooped":3.069817, "Total":30.222111 }
{ "timestamp":"2017-05-02T21:17:30Z", "event":"StartJump", "JumpType":"Hyperspace", "StarSystem":"M17 Sector RI-L b23-1", "StarClass":"M" }
{ "timestamp":"2017-05-02T21:17:49Z", "event":"FSDJump", "StarSystem":"M17 Sector RI-L b23-1", "StarPos":[-1319.000,-18.469,4289.969], "SystemAllegiance":"", "SystemEconomy":"$economy_None;", "SystemEconomy_Localised":"None", "SystemGovernment":"$government_None;", "SystemGovernment_Localised":"None", "SystemSecurity":"$SYSTEM_SECURITY_low;", "SystemSecurity_Localised":"Low Security", "JumpDist":41.209, "FuelUsed":4.704068, "FuelLevel":25.518044 }
{ "timestamp":"2017-05-02T21:18:10Z", "event":"FuelScoop", "Scooped":3.828171, "Total":29.346197 }
{ "timestamp":"2017-05-02T21:18:33Z", "event":"StartJump", "JumpType":"Hyperspace", "StarSystem":"M17 Sector JW-O b21-3", "StarClass":"M" }
{ "timestamp":"2017-05-02T21:18:51Z", "event":"FSDJump", "StarSystem":"M17 Sector JW-O b21-3", "StarPos":[-1308.125,-18.750,4249.531], "SystemAllegiance":"", "SystemEconomy":"$economy_None;", "SystemEconomy_Localised":"None", "SystemGovernment":"$government_None;", "SystemGovernment_Localised":"None", "SystemSecurity":"$SYSTEM_SECURITY_low;", "SystemSecurity_Localised":"Low Security", "JumpDist":41.875, "FuelUsed":4.867445, "FuelLevel":24.478752 }
{ "timestamp":"2017-05-02T21:19:10Z", "event":"FuelScoop", "Scooped":3.199289, "Total":27.678028 }
{ "timestamp":"2017-05-02T21:19:31Z", "event":"StartJump", "JumpType":"Hyperspace", "StarSystem":"M17 Sector BK-S b19-9", "StarClass":"M" }
{ "timestamp":"2017-05-02T21:19:49Z", "event":"FSDJump", "StarSystem":"M17 Sector BK-S b19-9", "StarPos":[-1307.750,-21.344,4209.500], "SystemAllegiance":"", "SystemEconomy":"$economy_None;", "SystemEconomy_Localised":"None", "SystemGovernment":"$government_None;", "SystemGovernment_Localised":"None", "SystemSecurity":"$SYSTEM_SECURITY_low;", "SystemSecurity_Localised":"Low Security", "JumpDist":40.117, "FuelUsed":4.339756, "FuelLevel":23.338272 }
{ "timestamp":"2017-05-02T21:20:18Z", "event":"FuelScoop", "Scooped":4.408113, "Total":27.746397 }
{ "timestamp":"2017-05-02T21:20:50Z", "event":"StartJump", "JumpType":"Hyperspace", "StarSystem":"M17 Sector VV-L c8-36", "StarClass":"M" }
{ "timestamp":"2017-05-02T21:21:08Z", "event":"FSDJump", "StarSystem":"M17 Sector VV-L c8-36", "StarPos":[-1300.438,-9.875,4170.813], "SystemAllegiance":"", "SystemEconomy":"$economy_None;", "SystemEconomy_Localised":"None", "SystemGovernment":"$government_None;", "SystemGovernment_Localised":"None", "SystemSecurity":"$SYSTEM_SECURITY_low;", "SystemSecurity_Localised":"Low Security", "JumpDist":41.009, "FuelUsed":4.581785, "FuelLevel":23.164612 }
{ "timestamp":"2017-05-02T21:21:26Z", "event":"FuelScoop", "Scooped":1.955580, "Total":25.120226 }
{ "timestamp":"2017-05-02T21:21:45Z", "event":"StartJump", "JumpType":"Hyperspace", "StarSystem":"M17 Sector NL-Z b15-1", "StarClass":"M" }
{ "timestamp":"2017-05-02T21:22:04Z", "event":"FSDJump", "StarSystem":"M17 Sector NL-Z b15-1", "StarPos":[-1283.938,-13.156,4133.563], "SystemAllegiance":"", "SystemEconomy":"$economy_None;", "SystemEconomy_Localised":"None", "SystemGovernment":"$government_None;", "SystemGovernment_Localised":"None", "SystemSecurity":"$SYSTEM_SECURITY_low;", "SystemSecurity_Localised":"Low Security", "JumpDist":40.873, "FuelUsed":4.475662, "FuelLevel":20.644564 }
{ "timestamp":"2017-05-02T21:22:24Z", "event":"FuelScoop", "Scooped":3.626899, "Total":24.271448 }
{ "timestamp":"2017-05-02T21:22:43Z", "event":"StartJump", "JumpType":"Hyperspace", "StarSystem":"M17 Sector SP-N c7-13", "StarClass":"K" }
{ "timestamp":"2017-05-02T21:23:01Z", "event":"FSDJump", "StarSystem":"M17 Sector SP-N c7-13", "StarPos":[-1260.750,-1.688,4103.813], "SystemAllegiance":"", "SystemEconomy":"$economy_None;", "SystemEconomy_Localised":"None", "SystemGovernment":"$government_None;", "SystemGovernment_Localised":"None", "SystemSecurity":"$SYSTEM_SECURITY_low;", "SystemSecurity_Localised":"Low Security", "JumpDist":39.424, "FuelUsed":4.076735, "FuelLevel":20.194714 }
{ "timestamp":"2017-05-02T21:23:25Z", "event":"FuelScoop", "Scooped":5.003395, "Total":25.198128 }
{ "timestamp":"2017-05-02T21:23:42Z", "event":"FuelScoop", "Scooped":5.003272, "Total":30.201399 }
{ "timestamp":"2017-05-02T21:23:47Z", "event":"FuelScoop", "Scooped":1.798616, "Total":32.000000 }
{ "timestamp":"2017-05-02T21:25:12Z", "event":"StartJump", "JumpType":"Hyperspace", "StarSystem":"M17 Sector EE-D b14-3", "StarClass":"M" }
{ "timestamp":"2017-05-02T21:25:30Z", "event":"FSDJump", "StarSystem":"M17 Sector EE-D b14-3", "StarPos":[-1253.344,-0.500,4076.344], "SystemAllegiance":"", "SystemEconomy":"$economy_None;", "SystemEconomy_Localised":"None", "SystemGovernment":"$government_None;", "SystemGovernment_Localised":"None", "SystemSecurity":"$SYSTEM_SECURITY_low;", "SystemSecurity_Localised":"Low Security", "JumpDist":28.474, "FuelUsed":1.921377, "FuelLevel":30.078623 }
{ "timestamp":"2017-05-02T21:25:45Z", "event":"FuelScoop", "Scooped":1.520542, "Total":31.599186 }
{ "timestamp":"2017-05-02T21:48:10Z", "event":"StartJump", "JumpType":"Hyperspace", "StarSystem":"M17 Sector XR-G b12-6", "StarClass":"M" }
{ "timestamp":"2017-05-02T21:48:28Z", "event":"FSDJump", "StarSystem":"M17 Sector XR-G b12-6", "StarPos":[-1237.750,9.563,4039.563], "SystemAllegiance":"", "SystemEconomy":"$economy_None;", "SystemEconomy_Localised":"None", "SystemGovernment":"$government_None;", "SystemGovernment_Localised":"None", "SystemSecurity":"$SYSTEM_SECURITY_low;", "SystemSecurity_Localised":"Low Security", "JumpDist":41.198, "FuelUsed":4.721443, "FuelLevel":26.247744 }
{ "timestamp":"2017-05-02T21:48:46Z", "event":"FuelScoop", "Scooped":2.757067, "Total":29.004820 }
{ "timestamp":"2017-05-02T21:49:32Z", "event":"StartJump", "JumpType":"Hyperspace", "StarSystem":"M17 Sector QF-K b10-7", "StarClass":"M" }
{ "timestamp":"2017-05-02T21:49:51Z", "event":"FSDJump", "StarSystem":"M17 Sector QF-K b10-7", "StarPos":[-1217.719,-1.000,4004.719], "SystemAllegiance":"", "SystemEconomy":"$economy_None;", "SystemEconomy_Localised":"None", "SystemGovernment":"$government_None;", "SystemGovernment_Localised":"None", "SystemSecurity":"$SYSTEM_SECURITY_low;", "SystemSecurity_Localised":"Low Security", "JumpDist":41.556, "FuelUsed":4.767859, "FuelLevel":24.236961 }
{ "timestamp":"2017-05-02T21:50:06Z", "event":"FuelScoop", "Scooped":2.126542, "Total":26.363522 }
{ "timestamp":"2017-05-02T21:50:48Z", "event":"StartJump", "JumpType":"Hyperspace", "StarSystem":"M17 Sector JT-N b8-4", "StarClass":"M" }
{ "timestamp":"2017-05-02T21:51:06Z", "event":"FSDJump", "StarSystem":"M17 Sector JT-N b8-4", "StarPos":[-1201.813,0.094,3968.563], "SystemAllegiance":"", "SystemEconomy":"$economy_None;", "SystemEconomy_Localised":"None", "SystemGovernment":"$government_None;", "SystemGovernment_Localised":"None", "SystemSecurity":"$SYSTEM_SECURITY_low;", "SystemSecurity_Localised":"Low Security", "JumpDist":39.516, "FuelUsed":4.150528, "FuelLevel":22.212994 }
{ "timestamp":"2017-05-02T21:51:24Z", "event":"FuelScoop", "Scooped":2.169001, "Total":24.382000 }
{ "timestamp":"2017-05-02T21:51:46Z", "event":"StartJump", "JumpType":"Hyperspace", "StarSystem":"M17 Sector BL-X d1-59", "StarClass":"G" }
{ "timestamp":"2017-05-02T21:52:05Z", "event":"FSDJump", "StarSystem":"M17 Sector BL-X d1-59", "StarPos":[-1183.281,-1.750,3931.563], "SystemAllegiance":"", "SystemEconomy":"$economy_None;", "SystemEconomy_Localised":"None", "SystemGovernment":"$government_None;", "SystemGovernment_Localised":"None", "SystemSecurity":"$SYSTEM_SECURITY_low;", "SystemSecurity_Localised":"Low Security", "JumpDist":41.422, "FuelUsed":4.604776, "FuelLevel":19.777224 }
{ "timestamp":"2017-05-02T21:52:30Z", "event":"FuelScoop", "Scooped":4.063119, "Total":23.840345 }
{ "timestamp":"2017-05-02T21:53:09Z", "event":"StartJump", "JumpType":"Hyperspace", "StarSystem":"M17 Sector BL-X d1-43", "StarClass":"G" }
{ "timestamp":"2017-05-02T21:53:28Z", "event":"FSDJump", "StarSystem":"M17 Sector BL-X d1-43", "StarPos":[-1162.969,-6.219,3895.750], "SystemAllegiance":"", "SystemEconomy":"$economy_None;", "SystemEconomy_Localised":"None", "SystemGovernment":"$government_None;", "SystemGovernment_Localised":"None", "SystemSecurity":"$SYSTEM_SECURITY_low;", "SystemSecurity_Localised":"Low Security", "JumpDist":41.414, "FuelUsed":4.587832, "FuelLevel":19.252514 }
{ "timestamp":"2017-05-02T21:53:52Z", "event":"FuelScoop", "Scooped":3.177097, "Total":22.429617 }
{ "timestamp":"2017-05-02T21:54:10Z", "event":"StartJump", "JumpType":"Hyperspace", "StarSystem":"M17 Sector TJ-W b3-5", "StarClass":"M" }
{ "timestamp":"2017-05-02T21:54:28Z", "event":"FSDJump", "StarSystem":"M17 Sector TJ-W b3-5", "StarPos":[-1154.125,-10.375,3857.594], "SystemAllegiance":"", "SystemEconomy":"$economy_None;", "SystemEconomy_Localised":"None", "SystemGovernment":"$government_None;", "SystemGovernment_Localised":"None", "SystemSecurity":"$SYSTEM_SECURITY_low;", "SystemSecurity_Localised":"Low Security", "JumpDist":39.388, "FuelUsed":4.023822, "FuelLevel":18.405794 }
{ "timestamp":"2017-05-02T21:54:50Z", "event":"FuelScoop", "Scooped":5.005565, "Total":23.411345 }
{ "timestamp":"2017-05-02T21:55:04Z", "event":"FuelScoop", "Scooped":5.000034, "Total":28.411428 }
{ "timestamp":"2017-05-02T21:55:15Z", "event":"FuelScoop", "Scooped":3.588565, "Total":32.000000 }
{ "timestamp":"2017-05-02T21:55:26Z", "event":"Scan", "BodyName":"M17 Sector TJ-W b3-5 A 3", "DistanceFromArrivalLS":21.911303, "TidalLock":true, "TerraformState":"", "PlanetClass":"High metal content body", "Atmosphere":"sulfur dioxide atmosphere", "AtmosphereType":"SulphurDioxide", "AtmosphereComposition":[ { "Name":"SulphurDioxide", "Percent":100.000000 } ], "Volcanism":"minor metallic magma volcanism", "MassEM":1.818421, "Radius":7244510.000000, "SurfaceGravity":13.809751, "SurfaceTemperature":475.374908, "SurfacePressure":271989.531250, "Landable":false, "SemiMajorAxis":6568900608.000000, "Eccentricity":0.000010, "OrbitalInclination":-0.001732, "Periapsis":268.401947, "OrbitalPeriod":475257.593750, "RotationPeriod":476624.093750 }
{ "timestamp":"2017-05-02T21:56:57Z", "event":"StartJump", "JumpType":"Hyperspace", "StarSystem":"M17 Sector TY-Z c2", "StarClass":"K" }
{ "timestamp":"2017-05-02T21:57:15Z", "event":"FSDJump", "StarSystem":"M17 Sector TY-Z c2", "StarPos":[-1138.594,-6.531,3820.125], "SystemAllegiance":"", "SystemEconomy":"$economy_None;", "SystemEconomy_Localised":"None", "SystemGovernment":"$government_None;", "SystemGovernment_Localised":"None", "SystemSecurity":"$SYSTEM_SECURITY_low;", "SystemSecurity_Localised":"Low Security", "JumpDist":40.742, "FuelUsed":4.621594, "FuelLevel":27.378407 }
{ "timestamp":"2017-05-02T21:57:38Z", "event":"FuelScoop", "Scooped":4.454248, "Total":31.832634 }
{ "timestamp":"2017-05-02T21:58:16Z", "event":"StartJump", "JumpType":"Hyperspace", "StarSystem":"Smojue DW-P b46-3", "StarClass":"M" }
{ "timestamp":"2017-05-02T21:58:34Z", "event":"FSDJump", "StarSystem":"Smojue DW-P b46-3", "StarPos":[-1124.969,-15.188,3782.344], "SystemAllegiance":"", "SystemEconomy":"$economy_None;", "SystemEconomy_Localised":"None", "SystemGovernment":"$government_None;", "SystemGovernment_Localised":"None", "SystemSecurity":"$SYSTEM_SECURITY_low;", "SystemSecurity_Localised":"Low Security", "JumpDist":41.085, "FuelUsed":4.712898, "FuelLevel":27.119736 }
{ "timestamp":"2017-05-02T21:58:56Z", "event":"FuelScoop", "Scooped":5.000094, "Total":31.489845 }
{ "timestamp":"2017-05-02T21:59:00Z", "event":"FuelScoop", "Scooped":0.272769, "Total":31.762629 }
{ "timestamp":"2017-05-02T21:59:27Z", "event":"StartJump", "JumpType":"Hyperspace", "StarSystem":"Smojue YV-E d11-72", "StarClass":"G" }
{ "timestamp":"2017-05-02T21:59:45Z", "event":"FSDJump", "StarSystem":"Smojue YV-E d11-72", "StarPos":[-1116.063,-8.813,3744.000], "SystemAllegiance":"", "SystemEconomy":"$economy_None;", "SystemEconomy_Localised":"None", "SystemGovernment":"$government_None;", "SystemGovernment_Localised":"None", "SystemSecurity":"$SYSTEM_SECURITY_low;", "SystemSecurity_Localised":"Low Security", "JumpDist":39.877, "FuelUsed":4.378814, "FuelLevel":27.383814 }
{ "timestamp":"2017-05-02T22:00:05Z", "event":"FuelScoop", "Scooped":4.616194, "Total":32.000000 }
{ "timestamp":"2017-05-02T22:00:31Z", "event":"StartJump", "JumpType":"Hyperspace", "StarSystem":"Smojue TL-L c21-14", "StarClass":"M" }
{ "timestamp":"2017-05-02T22:00:49Z", "event":"FSDJump", "StarSystem":"Smojue TL-L c21-14", "StarPos":[-1111.188,-8.156,3705.000], "SystemAllegiance":"", "SystemEconomy":"$economy_None;", "SystemEconomy_Localised":"None", "SystemGovernment":"$government_None;", "SystemGovernment_Localised":"None", "SystemSecurity":"$SYSTEM_SECURITY_low;", "SystemSecurity_Localised":"Low Security", "JumpDist":39.309, "FuelUsed":4.233284, "FuelLevel":27.766716 }
{ "timestamp":"2017-05-02T22:01:10Z", "event":"FuelScoop", "Scooped":4.233290, "Total":32.000000 }
{ "timestamp":"2017-05-02T22:01:46Z", "event":"StartJump", "JumpType":"Hyperspace", "StarSystem":"Smojue QF-N c20-9", "StarClass":"K" }
{ "timestamp":"2017-05-02T22:02:05Z", "event":"FSDJump", "StarSystem":"Smojue QF-N c20-9", "StarPos":[-1100.656,-7.719,3667.469], "SystemAllegiance":"", "SystemEconomy":"$economy_None;", "SystemEconomy_Localised":"None", "SystemGovernment":"$government_None;", "SystemGovernment_Localised":"None", "SystemSecurity":"$SYSTEM_SECURITY_low;", "SystemSecurity_Localised":"Low Security", "JumpDist":38.983, "FuelUsed":4.148001, "FuelLevel":27.851999 }
{ "timestamp":"2017-05-02T22:02:25Z", "event":"FuelScoop", "Scooped":4.147995, "Total":32.000000 }
{ "timestamp":"2017-05-02T22:02:52Z", "event":"StartJump", "JumpType":"Hyperspace", "StarSystem":"Smojue MZ-O c19-18", "StarClass":"K" }
{ "timestamp":"2017-05-02T22:03:10Z", "event":"FSDJump", "StarSystem":"Smojue MZ-O c19-18", "StarPos":[-1082.156,-7.563,3631.813], "SystemAllegiance":"", "SystemEconomy":"$economy_None;", "SystemEconomy_Localised":"None", "SystemGovernment":"$government_None;", "SystemGovernment_Localised":"None", "SystemSecurity":"$SYSTEM_SECURITY_low;", "SystemSecurity_Localised":"Low Security", "JumpDist":40.170, "FuelUsed":4.464017, "FuelLevel":27.535984 }
{ "timestamp":"2017-05-02T22:03:32Z", "event":"FuelScoop", "Scooped":4.464035, "Total":32.000000 }
{ "timestamp":"2017-05-02T22:04:16Z", "event":"StartJump", "JumpType":"Hyperspace", "StarSystem":"Smojue RJ-I d9-45", "StarClass":"F" }
{ "timestamp":"2017-05-02T22:04:34Z", "event":"FSDJump", "StarSystem":"Smojue RJ-I d9-45", "StarPos":[-1067.281,-6.344,3592.750], "SystemAllegiance":"", "SystemEconomy":"$economy_None;", "SystemEconomy_Localised":"None", "SystemGovernment":"$government_None;", "SystemGovernment_Localised":"None", "SystemSecurity":"$SYSTEM_SECURITY_low;", "SystemSecurity_Localised":"Low Security", "JumpDist":41.817, "FuelUsed":4.926193, "FuelLevel":27.073807 }
{ "timestamp":"2017-05-02T22:04:53Z", "event":"FuelScoop", "Scooped":2.475470, "Total":29.549307 }
{ "timestamp":"2017-05-02T22:06:17Z", "event":"Scan", "BodyName":"Smojue RJ-I d9-45 6", "DistanceFromArrivalLS":942.605530, "TidalLock":false, "TerraformState":"Terraformable", "PlanetClass":"High metal content body", "Atmosphere":"hot thick carbon dioxide atmosphere", "AtmosphereType":"CarbonDioxide", "AtmosphereComposition":[ { "Name":"CarbonDioxide", "Percent":95.902519 }, { "Name":"Nitrogen", "Percent":3.138243 }, { "Name":"SulphurDioxide", "Percent":0.959025 } ], "Volcanism":"minor silicate vapour geysers volcanism", "MassEM":1.200021, "Radius":6391696.500000, "SurfaceGravity":11.707545, "SurfaceTemperature":855.624878, "SurfacePressure":19988768.000000, "Landable":false, "SemiMajorAxis":282376437760.000000, "Eccentricity":0.000875, "OrbitalInclination":0.001265, "Periapsis":71.076614, "OrbitalPeriod":62918840.000000, "RotationPeriod":137329.093750 }
{ "timestamp":"2017-05-02T22:06:46Z", "event":"Scan", "BodyName":"Smojue RJ-I d9-45 6 a", "DistanceFromArrivalLS":941.134888, "TidalLock":true, "TerraformState":"", "PlanetClass":"Rocky body", "Atmosphere":"hot thick water atmosphere", "AtmosphereType":"Water", "AtmosphereComposition":[ { "Name":"Water", "Percent":99.948021 } ], "Volcanism":"", "MassEM":0.087720, "Radius":3003549.000000, "SurfaceGravity":3.875580, "SurfaceTemperature":717.027466, "SurfacePressure":512939.281250, "Landable":false, "SemiMajorAxis":445661760.000000, "Eccentricity":0.000000, "OrbitalInclination":-37.245037, "Periapsis":81.441658, "OrbitalPeriod":2609242.500000, "RotationPeriod":2702926.500000 }
{ "timestamp":"2017-05-02T22:07:17Z", "event":"StartJump", "JumpType":"Hyperspace", "StarSystem":"Smojue FN-S c17-5", "StarClass":"K" }
{ "timestamp":"2017-05-02T22:07:36Z", "event":"FSDJump", "StarSystem":"Smojue FN-S c17-5", "StarPos":[-1062.563,-3.594,3551.500], "SystemAllegiance":"", "SystemEconomy":"$economy_None;", "SystemEconomy_Localised":"None", "SystemGovernment":"$government_None;", "SystemGovernment_Localised":"None", "SystemSecurity":"$SYSTEM_SECURITY_low;", "SystemSecurity_Localised":"Low Security", "JumpDist":41.610, "FuelUsed":4.798183, "FuelLevel":24.751123 }
{ "timestamp":"2017-05-02T22:07:57Z", "event":"FuelScoop", "Scooped":5.000021, "Total":29.751143 }
{ "timestamp":"2017-05-02T22:08:04Z", "event":"FuelScoop", "Scooped":1.401188, "Total":31.152328 }
{ "timestamp":"2017-05-02T22:08:17Z", "event":"StartJump", "JumpType":"Hyperspace", "StarSystem":"Smojue ND-K d8-70", "StarClass":"A" }
{ "timestamp":"2017-05-02T22:08:36Z", "event":"FSDJump", "StarSystem":"Smojue ND-K d8-70", "StarPos":[-1052.094,-8.063,3511.438], "SystemAllegiance":"", "SystemEconomy":"$economy_None;", "SystemEconomy_Localised":"None", "SystemGovernment":"$government_None;", "SystemGovernment_Localised":"None", "SystemSecurity":"$SYSTEM_SECURITY_low;", "SystemSecurity_Localised":"Low Security", "JumpDist":41.648, "FuelUsed":4.852089, "FuelLevel":26.300240 }
{ "timestamp":"2017-05-02T22:08:56Z", "event":"FuelScoop", "Scooped":5.000115, "Total":31.300362 }
{ "timestamp":"2017-05-02T22:08:59Z", "event":"FuelScoop", "Scooped":0.699639, "Total":32.000000 }
{ "timestamp":"2017-05-02T22:09:25Z", "event":"StartJump", "JumpType":"Hyperspace", "StarSystem":"Smojue XA-W c15-10", "StarClass":"K" }
{ "timestamp":"2017-05-02T22:09:43Z", "event":"FSDJump", "StarSystem":"Smojue XA-W c15-10", "StarPos":[-1040.344,-3.563,3472.406], "SystemAllegiance":"", "SystemEconomy":"$economy_None;", "SystemEconomy_Localised":"None", "SystemGovernment":"$government_None;", "SystemGovernment_Localised":"None", "SystemSecurity":"$SYSTEM_SECURITY_low;", "SystemSecurity_Localised":"Low Security", "JumpDist":41.009, "FuelUsed":4.696198, "FuelLevel":27.303802 }
{ "timestamp":"2017-05-02T22:10:07Z", "event":"FuelScoop", "Scooped":4.566901, "Total":31.870689 }
{ "timestamp":"2017-05-02T22:10:27Z", "event":"StartJump", "JumpType":"Hyperspace", "StarSystem":"Smojue QA-U b30-0", "StarClass":"M" }
{ "timestamp":"2017-05-02T22:10:45Z", "event":"FSDJump", "StarSystem":"Smojue QA-U b30-0", "StarPos":[-1020.281,0.438,3437.250], "SystemAllegiance":"", "SystemEconomy":"$economy_None;", "SystemEconomy_Localised":"None", "SystemGovernment":"$government_None;", "SystemGovernment_Localised":"None", "SystemSecurity":"$SYSTEM_SECURITY_low;", "SystemSecurity_Localised":"Low Security", "JumpDist":40.675, "FuelUsed":4.599339, "FuelLevel":27.271351 }
{ "timestamp":"2017-05-02T22:10:59Z", "event":"FuelScoop", "Scooped":1.324416, "Total":28.595762 }
{ "timestamp":"2017-05-02T22:11:19Z", "event":"StartJump", "JumpType":"Hyperspace", "StarSystem":"Smojue IO-X b28-2", "StarClass":"M" }
{ "timestamp":"2017-05-02T22:11:38Z", "event":"FSDJump", "StarSystem":"Smojue IO-X b28-2", "StarPos":[-1008.625,8.375,3398.813], "SystemAllegiance":"", "SystemEconomy":"$economy_None;", "SystemEconomy_Localised":"None", "SystemGovernment":"$government_None;", "SystemGovernment_Localised":"None", "SystemSecurity":"$SYSTEM_SECURITY_low;", "SystemSecurity_Localised":"Low Security", "JumpDist":40.943, "FuelUsed":4.586533, "FuelLevel":24.009230 }
{ "timestamp":"2017-05-02T22:12:00Z", "event":"FuelScoop", "Scooped":5.003368, "Total":29.012589 }
{ "timestamp":"2017-05-02T22:12:08Z", "event":"FuelScoop", "Scooped":2.088985, "Total":31.101570 }
{ "timestamp":"2017-05-02T22:12:25Z", "event":"StartJump", "JumpType":"Hyperspace", "StarSystem":"Smojue BC-B b27-3", "StarClass":"M" }
{ "timestamp":"2017-05-02T22:12:44Z", "event":"FSDJump", "StarSystem":"Smojue BC-B b27-3", "StarPos":[-1002.500,2.813,3358.688], "SystemAllegiance":"", "SystemEconomy":"$economy_None;", "SystemEconomy_Localised":"None", "SystemGovernment":"$government_None;", "SystemGovernment_Localised":"None", "SystemSecurity":"$SYSTEM_SECURITY_low;", "SystemSecurity_Localised":"Low Security", "JumpDist":40.969, "FuelUsed":4.660621, "FuelLevel":26.440948 }
{ "timestamp":"2017-05-02T22:13:10Z", "event":"FuelScoop", "Scooped":3.654263, "Total":30.095249 }
{ "timestamp":"2017-05-02T22:13:22Z", "event":"StartJump", "JumpType":"Hyperspace", "StarSystem":"Smojue TP-E b25-4", "StarClass":"M" }
{ "timestamp":"2017-05-02T22:13:40Z", "event":"FSDJump", "StarSystem":"Smojue TP-E b25-4", "StarPos":[-1000.250,-4.813,3318.000], "SystemAllegiance":"", "SystemEconomy":"$economy_None;", "SystemEconomy_Localised":"None", "SystemGovernment":"$government_None;", "SystemGovernment_Localised":"None", "SystemSecurity":"$SYSTEM_SECURITY_low;", "SystemSecurity_Localised":"Low Security", "JumpDist":41.457, "FuelUsed":4.763441, "FuelLevel":25.331808 }
{ "timestamp":"2017-05-02T22:13:58Z", "event":"FuelScoop", "Scooped":2.966241, "Total":28.298059 }
{ "timestamp":"2017-05-02T22:14:16Z", "event":"StartJump", "JumpType":"Hyperspace", "StarSystem":"Smojue EW-E c11-19", "StarClass":"K" }
{ "timestamp":"2017-05-02T22:14:34Z", "event":"FSDJump", "StarSystem":"Smojue EW-E c11-19", "StarPos":[-986.813,3.250,3280.031], "SystemAllegiance":"", "SystemEconomy":"$economy_None;", "SystemEconomy_Localised":"None", "SystemGovernment":"$government_None;", "SystemGovernment_Localised":"None", "SystemSecurity":"$SYSTEM_SECURITY_low;", "SystemSecurity_Localised":"Low Security", "JumpDist":41.075, "FuelUsed":4.614881, "FuelLevel":23.683178 }
{ "timestamp":"2017-05-02T22:14:51Z", "event":"FuelScoop", "Scooped":1.988981, "Total":25.672167 }
{ "timestamp":"2017-05-02T22:15:35Z", "event":"StartJump", "JumpType":"Hyperspace", "StarSystem":"Smojue FR-L b21-3", "StarClass":"M" }
{ "timestamp":"2017-05-02T22:15:54Z", "event":"FSDJump", "StarSystem":"Smojue FR-L b21-3", "StarPos":[-961.875,9.656,3248.313], "SystemAllegiance":"", "SystemEconomy":"$economy_None;", "SystemEconomy_Localised":"None", "SystemGovernment":"$government_None;", "SystemGovernment_Localised":"None", "SystemSecurity":"$SYSTEM_SECURITY_low;", "SystemSecurity_Localised":"Low Security", "JumpDist":40.853, "FuelUsed":4.484805, "FuelLevel":21.187363 }
{ "timestamp":"2017-05-02T22:16:12Z", "event":"FuelScoop", "Scooped":2.377478, "Total":23.564846 }
{ "timestamp":"2017-05-02T22:16:32Z", "event":"StartJump", "JumpType":"Hyperspace", "StarSystem":"Smojue CQ-G c10-14", "StarClass":"K" }
{ "timestamp":"2017-05-02T22:16:50Z", "event":"FSDJump", "StarSystem":"Smojue CQ-G c10-14", "StarPos":[-933.156,10.531,3219.938], "SystemAllegiance":"", "SystemEconomy":"$economy_None;", "SystemEconomy_Localised":"None", "SystemGovernment":"$government_None;", "SystemGovernment_Localised":"None", "SystemSecurity":"$SYSTEM_SECURITY_low;", "SystemSecurity_Localised":"Low Security", "JumpDist":40.382, "FuelUsed":4.305776, "FuelLevel":19.259071 }
{ "timestamp":"2017-05-02T22:17:33Z", "event":"FuelScoop", "Scooped":5.001678, "Total":24.260771 }
{ "timestamp":"2017-05-02T22:18:15Z", "event":"FuelScoop", "Scooped":5.000420, "Total":29.261190 }
{ "timestamp":"2017-05-02T22:18:22Z", "event":"FuelScoop", "Scooped":0.575658, "Total":29.836870 }
{ "timestamp":"2017-05-02T22:18:31Z", "event":"StartJump", "JumpType":"Hyperspace", "StarSystem":"Smojue VY-Q b18-2", "StarClass":"M" }
{ "timestamp":"2017-05-02T22:18:50Z", "event":"FSDJump", "StarSystem":"Smojue VY-Q b18-2", "StarPos":[-924.844,3.375,3182.031], "SystemAllegiance":"", "SystemEconomy":"$economy_None;", "SystemEconomy_Localised":"None", "SystemGovernment":"$government_None;", "SystemGovernment_Localised":"None", "SystemSecurity":"$SYSTEM_SECURITY_low;", "SystemSecurity_Localised":"Low Security", "JumpDist":39.461, "FuelUsed":4.210690, "FuelLevel":25.626181 }
{ "timestamp":"2017-05-02T22:19:06Z", "event":"FuelScoop", "Scooped":2.055342, "Total":27.681524 }
{ "timestamp":"2017-05-02T22:20:06Z", "event":"StartJump", "JumpType":"Hyperspace", "StarSystem":"Smojue OM-U b16-0", "StarClass":"M" }
{ "timestamp":"2017-05-02T22:20:24Z", "event":"FSDJump", "StarSystem":"Smojue OM-U b16-0", "StarPos":[-899.781,6.813,3149.313], "SystemAllegiance":"", "SystemEconomy":"$economy_None;", "SystemEconomy_Localised":"None", "SystemGovernment":"$government_None;", "SystemGovernment_Localised":"None", "SystemSecurity":"$SYSTEM_SECURITY_low;", "SystemSecurity_Localised":"Low Security", "JumpDist":41.358, "FuelUsed":4.676147, "FuelLevel":23.005377 }
{ "timestamp":"2017-05-02T22:20:53Z", "event":"FuelScoop", "Scooped":5.000615, "Total":28.005970 }
{ "timestamp":"2017-05-02T22:21:03Z", "event":"FuelScoop", "Scooped":2.104163, "Total":30.110144 }
