{ "timestamp":"2017-08-17T19:28:22Z", "event":"Fileheader", "part":1, "language":"English\\UK", "gameversion":"2.4 (Beta 1)", "build":"r152608/r0 " }
{ "timestamp":"2017-08-17T19:28:22Z", "event":"Music", "MusicTrack":"NoTrack" }
{ "timestamp":"2017-08-17T19:28:22Z", "event":"Music", "MusicTrack":"MainMenu" }
{ "timestamp":"2017-08-17T19:30:18Z", "event":"Cargo", "Inventory":[  ] }
{ "timestamp":"2017-08-17T19:30:18Z", "event":"Loadout", "Ship":"Anaconda", "ShipID":16, "ShipName":"sepia II", "ShipIdent":"BL-19A", "Modules":[ { "Slot":"TinyHardpoint1", "Item":"Hpt_HeatSinkLauncher_Turret_Tiny", "On":true, "Priority":0, "AmmoInClip":1, "AmmoInHopper":2, "Health":1.000000, "Value":2975 }, { "Slot":"TinyHardpoint3", "Item":"Hpt_HeatSinkLauncher_Turret_Tiny", "On":true, "Priority":0, "AmmoInClip":1, "AmmoInHopper":2, "Health":1.000000, "Value":3500 }, { "Slot":"Armour", "Item":"Anaconda_Armour_Grade1", "On":true, "Priority":1, "Health":1.000000, "Value":0 }, { "Slot":"PaintJob", "Item":"PaintJob_Anaconda_BlackFriday_01", "On":true, "Priority":1, "Health":1.000000, "Value":0 }, { "Slot":"PowerPlant", "Item":"Int_Powerplant_Size3_Class5", "On":true, "Priority":1, "Health":1.000000, "Value":507912 }, { "Slot":"MainEngines", "Item":"Int_Engine_Size6_Class2", "On":true, "Priority":0, "Health":1.000000, "Value":509356, "EngineerBlueprint":"Engine_Tuned", "EngineerLevel":1 }, { "Slot":"FrameShiftDrive", "Item":"Int_Hyperdrive_Size6_Class5", "On":true, "Priority":0, "Health":1.000000, "Value":13752602, "EngineerBlueprint":"FSD_LongRange", "EngineerLevel":5 }, { "Slot":"LifeSupport", "Item":"Int_LifeSupport_Size5_Class2", "On":true, "Priority":0, "Health":1.000000, "Value":79444 }, { "Slot":"PowerDistributor", "Item":"Int_PowerDistributor_Size8_Class2", "On":true, "Priority":0, "Health":1.000000, "Value":1482367, "EngineerBlueprint":"PowerDistributor_PriorityEngines", "EngineerLevel":2 }, { "Slot":"Radar", "Item":"Int_Sensors_Size8_Class2", "On":true, "Priority":0, "Health":1.000000, "Value":1482367, "EngineerBlueprint":"Sensor_Sensor_LightWeight", "EngineerLevel":5 }, { "Slot":"FuelTank", "Item":"Int_FuelTank_Size5_Class3", "On":true, "Priority":1, "Health":1.000000, "Value":83090 }, { "Slot":"ShipName0", "Item":"Nameplate_Practical02_White", "On":true, "Priority":1, "Health":1.000000, "Value":0 }, { "Slot":"ShipName1", "Item":"Nameplate_Practical02_White", "On":true, "Priority":1, "Health":1.000000, "Value":0 }, { "Slot":"Slot01_Size7", "Item":"Int_CargoRack_Size7_Class1", "On":true, "Priority":1, "Health":1.000000, "Value":1001657 }, { "Slot":"Slot02_Size6", "Item":"Int_CargoRack_Size6_Class1", "On":true, "Priority":1, "Health":1.000000, "Value":362591 }, { "Slot":"Slot03_Size6", "Item":"Int_CargoRack_Size6_Class1", "On":true, "Priority":1, "Health":1.000000, "Value":362591 }, { "Slot":"Slot04_Size6", "Item":"Int_CargoRack_Size6_Class1", "On":true, "Priority":1, "Health":1.000000, "Value":362591 }, { "Slot":"Slot05_Size5", "Item":"Int_CargoRack_Size5_Class1", "On":true, "Priority":1, "Health":1.000000, "Value":111566 }, { "Slot":"Slot06_Size5", "Item":"Int_CargoRack_Size5_Class1", "On":true, "Priority":1, "Health":1.000000, "Value":111566 }, { "Slot":"Slot07_Size5", "Item":"Int_CargoRack_Size5_Class1", "On":true, "Priority":1, "Health":1.000000, "Value":111566 }, { "Slot":"Slot08_Size4", "Item":"Int_CargoRack_Size4_Class1", "On":true, "Priority":1, "Health":1.000000, "Value":34328 }, { "Slot":"Slot09_Size4", "Item":"Int_CargoRack_Size4_Class1", "On":true, "Priority":1, "Health":1.000000, "Value":34328 }, { "Slot":"Slot10_Size4", "Item":"Int_ShieldGenerator_Size4_Class2", "On":true, "Priority":0, "Health":1.000000, "Value":59633 }, { "Slot":"Slot13_Size2", "Item":"Int_DockingComputer_Standard", "On":true, "Priority":0, "Health":1.000000, "Value":4500 }, { "Slot":"PlanetaryApproachSuite", "Item":"Int_PlanetApproachSuite", "On":true, "Priority":1, "Health":1.000000, "Value":425 }, { "Slot":"Bobble02", "Item":"Bobble_PilotMale", "On":true, "Priority":1, "Health":1.000000, "Value":0 }, { "Slot":"ShipCockpit", "Item":"Anaconda_Cockpit", "On":true, "Priority":1, "Health":1.000000, "Value":0 }, { "Slot":"CargoHatch", "Item":"ModularCargoBayDoor", "On":false, "Priority":2, "Health":1.000000, "Value":0 } ] }
{ "timestamp":"2017-08-17T19:30:18Z", "event":"Materials", "Raw":[ { "Name":"chromium", "Count":31 }, { "Name":"iron", "Count":99 }, { "Name":"carbon", "Count":26 }, { "Name":"nickel", "Count":50 }, { "Name":"zinc", "Count":27 }, { "Name":"cadmium", "Count":8 }, { "Name":"phosphorus", "Count":31 }, { "Name":"germanium", "Count":20 }, { "Name":"manganese", "Count":23 }, { "Name":"yttrium", "Count":3 }, { "Name":"molybdenum", "Count":6 }, { "Name":"polonium", "Count":3 }, { "Name":"niobium", "Count":27 }, { "Name":"zirconium", "Count":9 }, { "Name":"sulphur", "Count":22 }, { "Name":"selenium", "Count":1 }, { "Name":"mercury", "Count":3 } ], "Manufactured":[ { "Name":"chemicalprocessors", "Count":11 }, { "Name":"salvagedalloys", "Count":11 }, { "Name":"shieldemitters", "Count":3 }, { "Name":"compoundshielding", "Count":24 }, { "Name":"refinedfocuscrystals", "Count":69 }, { "Name":"shieldingsensors", "Count":8 }, { "Name":"focuscrystals", "Count":9 }, { "Name":"fedproprietarycomposites", "Count":6 }, { "Name":"protolightalloys", "Count":14 }, { "Name":"galvanisingalloys", "Count":11 }, { "Name":"precipitatedalloys", "Count":6 }, { "Name":"heatconductionwiring", "Count":7 }, { "Name":"phasealloys", "Count":1 }, { "Name":"wornshieldemitters", "Count":15 }, { "Name":"configurablecomponents", "Count":12 }, { "Name":"conductivepolymers", "Count":21 }, { "Name":"chemicalmanipulators", "Count":1 }, { "Name":"fedcorecomposites", "Count":2 }, { "Name":"biotechconductors", "Count":2 }, { "Name":"protoheatradiators", "Count":1 }, { "Name":"crystalshards", "Count":3 }, { "Name":"heatresistantceramics", "Count":1 }, { "Name":"protoradiolicalloys", "Count":2 }, { "Name":"gridresistors", "Count":3 }, { "Name":"basicconductors", "Count":1 }, { "Name":"exquisitefocuscrystals", "Count":1 }, { "Name":"mechanicalscrap", "Count":1 }, { "Name":"heatdispersionplate", "Count":6 }, { "Name":"mechanicalcomponents", "Count":3 }, { "Name":"polymercapacitors", "Count":3 }, { "Name":"heatexchangers", "Count":1 }, { "Name":"heatvanes", "Count":3 }, { "Name":"mechanicalequipment", "Count":1 }, { "Name":"chemicaldistillery", "Count":3 }, { "Name":"hybridcapacitors", "Count":1 }, { "Name":"uncutfocuscrystals", "Count":1 }, { "Name":"unknownenergysource", "Count":5 } ], "Encoded":[ { "Name":"emissiondata", "Count":43 }, { "Name":"shieldsoakanalysis", "Count":29 }, { "Name":"shieldcyclerecordings", "Count":47 }, { "Name":"decodedemissiondata", "Count":77 }, { "Name":"classifiedscandata", "Count":3 }, { "Name":"encodedscandata", "Count":8 }, { "Name":"shielddensityreports", "Count":51 }, { "Name":"scanarchives", "Count":20 }, { "Name":"securityfirmware", "Count":8 }, { "Name":"bulkscandata", "Count":30 }, { "Name":"shieldpatternanalysis", "Count":52 }, { "Name":"fsdtelemetry", "Count":21 }, { "Name":"encryptedfiles", "Count":3 }, { "Name":"scrambledemissiondata", "Count":5 }, { "Name":"wakesolutions", "Count":7 }, { "Name":"hyperspacetrajectories", "Count":19 }, { "Name":"industrialfirmware", "Count":1 }, { "Name":"shieldfrequencydata", "Count":3 }, { "Name":"compactemissionsdata", "Count":6 }, { "Name":"disruptedwakeechoes", "Count":39 }, { "Name":"dataminedwake", "Count":1 }, { "Name":"consumerfirmware", "Count":6 } ] }
{ "timestamp":"2017-08-17T19:30:18Z", "event":"LoadGame", "Commander":"Blantyre", "Ship":"Anaconda", "ShipID":16, "ShipName":"sepia II", "ShipIdent":"BL-19A", "FuelLevel":32.000000, "FuelCapacity":32.000000, "GameMode":"Open", "Credits":119544916, "Loan":0 }
{ "timestamp":"2017-08-17T19:30:18Z", "event":"Rank", "Combat":4, "Trade":6, "Explore":7, "Empire":2, "Federation":7, "CQC":0 }
{ "timestamp":"2017-08-17T19:30:18Z", "event":"Progress", "Combat":78, "Trade":27, "Explore":0, "Empire":76, "Federation":19, "CQC":0 }
{ "timestamp":"2017-08-17T19:30:39Z", "event":"Location", "Docked":true, "StationName":"Austen Town Station", "StationType":"Coriolis", "StarSystem":"Arque", "StarPos":[66.500,38.063,61.125], "SystemAllegiance":"Alliance", "SystemEconomy":"$economy_Colony;", "SystemEconomy_Localised":"Colony", "SystemGovernment":"$government_Corporate;", "SystemGovernment_Localised":"Corporate", "SystemSecurity":"$SYSTEM_SECURITY_low;", "SystemSecurity_Localised":"Low Security", "Body":"Austen Town Station", "BodyType":"Station", "Factions":[ { "Name":"Arque Commodities", "FactionState":"None", "Government":"Corporate", "Influence":0.428428, "Allegiance":"Alliance", "PendingStates":[ { "State":"Boom", "Trend":0 } ] }, { "Name":"Workers of Vucub Huan Alliance", "FactionState":"None", "Government":"Confederacy", "Influence":0.060060, "Allegiance":"Federation", "PendingStates":[ { "State":"Boom", "Trend":0 } ], "RecoveringStates":[ { "State":"Retreat", "Trend":0 } ] }, { "Name":"Pilots Federation Local Branch", "FactionState":"None", "Government":"Democracy", "Influence":0.000000, "Allegiance":"PilotsFederation" }, { "Name":"Independent Leesti for Equality", "FactionState":"None", "Government":"Democracy", "Influence":0.176176, "Allegiance":"Alliance", "PendingStates":[ { "State":"Boom", "Trend":0 } ] }, { "Name":"Uniting Arque", "FactionState":"None", "Government":"Cooperative", "Influence":0.125125, "Allegiance":"Alliance", "PendingStates":[ { "State":"Boom", "Trend":0 } ] }, { "Name":"Arque Blue Posse", "FactionState":"Outbreak", "Government":"Anarchy", "Influence":0.029029, "Allegiance":"Independent", "PendingStates":[ { "State":"Boom", "Trend":0 } ] }, { "Name":"Independent Agatavun Labour", "FactionState":"None", "Government":"Democracy", "Influence":0.072072, "Allegiance":"Federation", "PendingStates":[ { "State":"Boom", "Trend":0 } ] }, { "Name":"Alliance Rapid-reaction Corps", "FactionState":"Expansion", "Government":"Cooperative", "Influence":0.109109, "Allegiance":"Alliance", "PendingStates":[ { "State":"Boom", "Trend":0 } ] } ], "SystemFaction":"Arque Commodities" }
{ "timestamp":"2017-08-17T19:30:39Z", "event":"Music", "MusicTrack":"NoTrack" }
{ "timestamp":"2017-08-17T19:30:39Z", "event":"Docked", "StationName":"Austen Town Station", "StationType":"Coriolis", "StarSystem":"Arque", "StationFaction":"Arque Commodities", "StationGovernment":"$government_Corporate;", "StationGovernment_Localised":"Corporate", "StationAllegiance":"Alliance", "StationEconomy":"$economy_Agri;", "StationEconomy_Localised":"Agriculture", "DistFromStarLS":588.661438 }
{ "timestamp":"2017-08-17T19:30:40Z", "event":"Music", "MusicTrack":"Starport" }
{ "timestamp":"2017-08-17T19:31:04Z", "event":"Music", "MusicTrack":"GalaxyMap" }
{ "timestamp":"2017-08-17T19:31:18Z", "event":"Music", "MusicTrack":"Starport" }
{ "timestamp":"2017-08-17T19:34:11Z", "event":"ReceiveText", "From":"$npc_name_decorate:#name=MooM-TooT;", "From_Localised":"MooM-TooT", "Message":"$Smuggler_NearDeath01;", "Message_Localised":"Okay, okay, the cargo's all yours... This job isn't worth my life.", "Channel":"npc" }
{ "timestamp":"2017-08-17T19:36:24Z", "event":"ReceiveText", "From":"$npc_name_decorate:#name=Tommy Woods;", "From_Localised":"Tommy Woods", "Message":"$Smuggler_NearDeath04;", "Message_Localised":"You're making a big mistake!", "Channel":"npc" }
{ "timestamp":"2017-08-17T19:37:55Z", "event":"ReceiveText", "From":"$npc_name_decorate:#name=Shadow;", "From_Localised":"Shadow", "Message":"$Smuggler_NearDeath02;", "Message_Localised":"I won't let it end like this!", "Channel":"npc" }
{ "timestamp":"2017-08-17T19:43:18Z", "event":"ModuleBuy", "Slot":"Slot02_Size6", "SellItem":"$int_cargorack_size6_class1_name;", "SellItem_Localised":"Cargo Rack", "SellPrice":362591, "BuyItem":"$int_fuelscoop_size6_class5_name;", "BuyItem_Localised":"Fuel Scoop", "BuyPrice":28763610, "Ship":"anaconda", "ShipID":16 }
{ "timestamp":"2017-08-17T19:43:19Z", "event":"ShieldState", "ShieldsUp":false }
{ "timestamp":"2017-08-17T19:50:57Z", "event":"CommunityGoalJoin", "Name":"Earn a Special Ship Decal", "System":"Komovoy" }
{ "timestamp":"2017-08-17T19:50:58Z", "event":"CommunityGoal", "CurrentGoals":[ { "CGID":405, "Title":"Earn a Special Ship Decal", "SystemName":"Komovoy", "MarketName":"Silves Dock", "Expiry":"2017-09-04T09:00:00Z", "IsComplete":false, "CurrentTotal":11259, "PlayerContribution":0, "NumContributors":462, "PlayerPercentileBand":100 } ] }
{ "timestamp":"2017-08-17T19:51:08Z", "event":"Music", "MusicTrack":"GalaxyMap" }
{ "timestamp":"2017-08-17T19:51:29Z", "event":"Music", "MusicTrack":"SystemMap" }
{ "timestamp":"2017-08-17T19:51:49Z", "event":"Music", "MusicTrack":"GalaxyMap" }
{ "timestamp":"2017-08-17T19:51:50Z", "event":"Music", "MusicTrack":"Starport" }
{ "timestamp":"2017-08-17T19:52:19Z", "event":"ShieldState", "ShieldsUp":true }
{ "timestamp":"2017-08-17T19:52:22Z", "event":"Undocked", "StationName":"Austen Town Station", "StationType":"Coriolis" }
{ "timestamp":"2017-08-17T19:52:56Z", "event":"Music", "MusicTrack":"NoTrack" }
{ "timestamp":"2017-08-17T19:53:13Z", "event":"ReceiveText", "From":"Austen Town Station", "Message":"$STATION_NoFireZone_exited;", "Message_Localised":"No fire zone left.", "Channel":"npc" }
{ "timestamp":"2017-08-17T19:53:45Z", "event":"Scanned", "ScanType":"Cargo" }
{ "timestamp":"2017-08-17T19:53:49Z", "event":"StartJump", "JumpType":"Hyperspace", "StarSystem":"Komovoy", "StarClass":"M" }
{ "timestamp":"2017-08-17T19:54:08Z", "event":"FSDJump", "StarSystem":"Komovoy", "StarPos":[70.031,30.531,44.156], "SystemAllegiance":"Empire", "SystemEconomy":"$economy_Industrial;", "SystemEconomy_Localised":"Industrial", "SystemGovernment":"$government_Patronage;", "SystemGovernment_Localised":"Patronage", "SystemSecurity":"$SYSTEM_SECURITY_medium;", "SystemSecurity_Localised":"Medium Security", "JumpDist":18.898, "FuelUsed":0.520345, "FuelLevel":31.479654, "Factions":[ { "Name":"Codorain Emperor's Grace", "FactionState":"None", "Government":"Patronage", "Influence":0.351000, "Allegiance":"Empire", "PendingStates":[ { "State":"Boom", "Trend":0 }, { "State":"CivilUnrest", "Trend":0 }, { "State":"Lockdown", "Trend":0 } ] }, { "Name":"Hodack Prison Colony", "FactionState":"None", "Government":"PrisonColony", "Influence":0.062000, "Allegiance":"Independent", "PendingStates":[ { "State":"Boom", "Trend":0 } ] }, { "Name":"Pilots Federation Local Branch", "FactionState":"None", "Government":"Democracy", "Influence":0.000000, "Allegiance":"PilotsFederation" }, { "Name":"Komovoy Crimson Posse", "FactionState":"Boom", "Government":"Anarchy", "Influence":0.074000, "Allegiance":"Independent" }, { "Name":"Codorain Network", "FactionState":"Boom", "Government":"Corporate", "Influence":0.300000, "Allegiance":"Empire" }, { "Name":"Komovoy Fortune Inc", "FactionState":"Boom", "Government":"Corporate", "Influence":0.098000, "Allegiance":"Federation" }, { "Name":"Komovoy League", "FactionState":"None", "Government":"Dictatorship", "Influence":0.057000, "Allegiance":"Independent", "RecoveringStates":[ { "State":"Outbreak", "Trend":0 } ] }, { "Name":"Komovoy Company", "FactionState":"None", "Government":"Corporate", "Influence":0.058000, "Allegiance":"Independent", "PendingStates":[ { "State":"Boom", "Trend":0 } ] } ], "SystemFaction":"Codorain Emperor's Grace" }
{ "timestamp":"2017-08-17T19:54:08Z", "event":"Music", "MusicTrack":"DestinationFromHyperspace" }
{ "timestamp":"2017-08-17T19:54:13Z", "event":"Music", "MusicTrack":"Supercruise" }
{ "timestamp":"2017-08-17T19:54:16Z", "event":"FuelScoop", "Scooped":0.520340, "Total":32.000000 }
{ "timestamp":"2017-08-17T19:55:25Z", "event":"ApproachSettlement", "Name":"Beta Unknown Structure" }
{ "timestamp":"2017-08-17T19:55:33Z", "event":"ApproachSettlement", "Name":"Watson's Progress" }
{ "timestamp":"2017-08-17T19:57:20Z", "event":"ApproachSettlement", "Name":"Beta Unknown Structure" }
{ "timestamp":"2017-08-17T19:57:23Z", "event":"SupercruiseExit", "StarSystem":"Komovoy", "Body":"Komovoy A 1", "BodyType":"Planet" }
{ "timestamp":"2017-08-17T19:57:24Z", "event":"Music", "MusicTrack":"Exploration" }
{ "timestamp":"2017-08-17T19:59:35Z", "event":"Music", "MusicTrack":"Unknown_Settlement" }
{ "timestamp":"2017-08-17T20:01:26Z", "event":"Touchdown", "PlayerControlled":true, "Latitude":0.843924, "Longitude":86.647850 }
{ "timestamp":"2017-08-17T20:02:07Z", "event":"Liftoff", "PlayerControlled":true, "Latitude":0.843924, "Longitude":86.647850 }
{ "timestamp":"2017-08-17T20:02:45Z", "event":"StartJump", "JumpType":"Supercruise" }
{ "timestamp":"2017-08-17T20:02:46Z", "event":"Music", "MusicTrack":"Exploration" }
{ "timestamp":"2017-08-17T20:02:46Z", "event":"ApproachSettlement", "Name":"Watson's Progress" }
{ "timestamp":"2017-08-17T20:02:46Z", "event":"ApproachSettlement", "Name":"Beta Unknown Structure" }
{ "timestamp":"2017-08-17T20:02:50Z", "event":"SupercruiseEntry", "StarSystem":"Komovoy" }
{ "timestamp":"2017-08-17T20:02:51Z", "event":"Music", "MusicTrack":"Supercruise" }
{ "timestamp":"2017-08-17T20:06:40Z", "event":"SupercruiseExit", "StarSystem":"Komovoy", "Body":"Silves Dock", "BodyType":"Station" }
{ "timestamp":"2017-08-17T20:06:40Z", "event":"Music", "MusicTrack":"DestinationFromSupercruise" }
{ "timestamp":"2017-08-17T20:06:45Z", "event":"Music", "MusicTrack":"NoTrack" }
{ "timestamp":"2017-08-17T20:07:11Z", "event":"ReceiveText", "From":"Silves Dock", "Message":"$STATION_NoFireZone_entered;", "Message_Localised":"No fire zone entered.", "Channel":"npc" }
{ "timestamp":"2017-08-17T20:07:13Z", "event":"DockingRequested", "StationName":"Silves Dock" }
{ "timestamp":"2017-08-17T20:07:13Z", "event":"ReceiveText", "From":"Silves Dock", "Message":"$DockingChatter_Neutral;", "Message_Localised":"Ensure to observe starport protocol during your visit, pilot.", "Channel":"npc" }
{ "timestamp":"2017-08-17T20:07:15Z", "event":"ReceiveText", "From":"Silves Dock", "Message":"$STATION_docking_granted;", "Message_Localised":"Docking request granted.", "Channel":"npc" }
{ "timestamp":"2017-08-17T20:07:15Z", "event":"DockingGranted", "LandingPad":39, "StationName":"Silves Dock" }
{ "timestamp":"2017-08-17T20:07:25Z", "event":"Scanned", "ScanType":"Cargo" }
{ "timestamp":"2017-08-17T20:07:27Z", "event":"Music", "MusicTrack":"DockingComputer" }
{ "timestamp":"2017-08-17T20:08:00Z", "event":"Docked", "StationName":"Silves Dock", "StationType":"Coriolis", "StarSystem":"Komovoy", "StationFaction":"Codorain Emperor's Grace", "StationGovernment":"$government_Patronage;", "StationGovernment_Localised":"Patronage", "StationAllegiance":"Empire", "StationEconomy":"$economy_Industrial;", "StationEconomy_Localised":"Industrial", "DistFromStarLS":6.600795 }
{ "timestamp":"2017-08-17T20:08:00Z", "event":"Music", "MusicTrack":"Starport" }
{ "timestamp":"2017-08-17T20:09:21Z", "event":"ReceiveText", "From":"Remus T. Conrad", "Message":"HELOOOOOOOOOOO", "Channel":"local" }
{ "timestamp":"2017-08-17T20:10:05Z", "event":"ShipyardBuy", "ShipType":"type6", "ShipPrice":1045945, "StoreOldShip":"Anaconda", "StoreShipID":16 }
{ "timestamp":"2017-08-17T20:10:07Z", "event":"Cargo", "Inventory":[  ] }
{ "timestamp":"2017-08-17T20:10:07Z", "event":"Loadout", "Ship":"Type6", "ShipID":23, "ShipName":"", "ShipIdent":"", "Modules":[ { "Slot":"SmallHardpoint1", "Item":"Hpt_PulseLaser_Fixed_Small", "On":true, "Priority":2, "Health":1.000000, "Value":2200 }, { "Slot":"SmallHardpoint2", "Item":"Hpt_PulseLaser_Fixed_Small", "On":true, "Priority":2, "Health":1.000000, "Value":2200 }, { "Slot":"Armour", "Item":"Type6_Armour_Grade1", "On":true, "Priority":2, "Health":1.000000, "Value":0 }, { "Slot":"PowerPlant", "Item":"Int_PowerPlant_Size3_Class1", "On":true, "Priority":2, "Health":1.000000, "Value":6271 }, { "Slot":"MainEngines", "Item":"Int_Engine_Size4_Class1", "On":true, "Priority":2, "Health":1.000000, "Value":19878 }, { "Slot":"FrameShiftDrive", "Item":"Int_Hyperdrive_Size4_Class1", "On":true, "Priority":2, "Health":1.000000, "Value":19878 }, { "Slot":"LifeSupport", "Item":"Int_LifeSupport_Size2_Class1", "On":true, "Priority":2, "Health":1.000000, "Value":1448 }, { "Slot":"PowerDistributor", "Item":"Int_PowerDistributor_Size3_Class1", "On":true, "Priority":2, "Health":1.000000, "Value":4053 }, { "Slot":"Radar", "Item":"Int_Sensors_Size2_Class1", "On":true, "Priority":2, "Health":1.000000, "Value":1448 }, { "Slot":"FuelTank", "Item":"Int_FuelTank_Size4_Class3", "On":true, "Priority":2, "Health":1.000000, "Value":24734 }, { "Slot":"Slot01_Size5", "Item":"Int_CargoRack_Size4_Class1", "On":true, "Priority":2, "Health":1.000000, "Value":34328 }, { "Slot":"Slot02_Size5", "Item":"Int_CargoRack_Size4_Class1", "On":true, "Priority":2, "Health":1.000000, "Value":34328 }, { "Slot":"Slot03_Size4", "Item":"Int_CargoRack_Size3_Class1", "On":true, "Priority":2, "Health":1.000000, "Value":10563 }, { "Slot":"Slot04_Size4", "Item":"Int_CargoRack_Size3_Class1", "On":true, "Priority":2, "Health":1.000000, "Value":10563 }, { "Slot":"Slot05_Size3", "Item":"Int_ShieldGenerator_Size3_Class1", "On":true, "Priority":2, "Health":1.000000, "Value":6271 }, { "Slot":"Slot06_Size2", "Item":"Int_CargoRack_Size1_Class1", "On":true, "Priority":2, "Health":1.000000, "Value":1000 }, { "Slot":"Slot07_Size2", "Item":"Int_StellarBodyDiscoveryScanner_Standard", "On":true, "Priority":2, "Health":1.000000, "Value":1000 }, { "Slot":"PlanetaryApproachSuite", "Item":"Int_PlanetApproachSuite", "On":true, "Priority":2, "Health":1.000000, "Value":500 }, { "Slot":"ShipCockpit", "Item":"Type6_Cockpit", "On":true, "Priority":2, "Health":1.000000, "Value":0 }, { "Slot":"CargoHatch", "Item":"ModularCargoBayDoor", "On":true, "Priority":2, "Health":1.000000, "Value":0 } ] }
{ "timestamp":"2017-08-17T20:10:07Z", "event":"ShipyardNew", "ShipType":"type6", "NewShipID":23 }
{ "timestamp":"2017-08-17T20:10:07Z", "event":"Music", "MusicTrack":"NoTrack" }
{ "timestamp":"2017-08-17T20:10:15Z", "event":"Docked", "StationName":"Silves Dock", "StationType":"Coriolis", "StarSystem":"Komovoy", "StationFaction":"Codorain Emperor's Grace", "StationGovernment":"$government_Patronage;", "StationGovernment_Localised":"Patronage", "StationAllegiance":"Empire", "StationEconomy":"$economy_Industrial;", "StationEconomy_Localised":"Industrial", "DistFromStarLS":6.601545 }
{ "timestamp":"2017-08-17T20:10:15Z", "event":"Music", "MusicTrack":"Starport" }
{ "timestamp":"2017-08-17T20:11:19Z", "event":"ModuleBuy", "Slot":"PowerPlant", "SellItem":"$int_powerplant_size3_class1_name;", "SellItem_Localised":"Power Plant", "SellPrice":6271, "BuyItem":"$int_powerplant_size3_class2_name;", "BuyItem_Localised":"Power Plant", "BuyPrice":18812, "Ship":"type6", "ShipID":23 }
{ "timestamp":"2017-08-17T20:11:20Z", "event":"ShieldState", "ShieldsUp":false }
{ "timestamp":"2017-08-17T20:11:23Z", "event":"ShieldState", "ShieldsUp":true }
{ "timestamp":"2017-08-17T20:11:35Z", "event":"ModuleBuy", "Slot":"MainEngines", "SellItem":"$int_engine_size4_class1_name;", "SellItem_Localised":"Thrusters", "SellPrice":19878, "BuyItem":"$int_engine_size4_class3_name;", "BuyItem_Localised":"Thrusters", "BuyPrice":178898, "Ship":"type6", "ShipID":23 }
{ "timestamp":"2017-08-17T20:11:45Z", "event":"ModuleBuy", "Slot":"FrameShiftDrive", "SellItem":"$int_hyperdrive_size4_class1_name;", "SellItem_Localised":"FSD", "SellPrice":19878, "BuyItem":"$int_hyperdrive_size4_class3_name;", "BuyItem_Localised":"FSD", "BuyPrice":178898, "Ship":"type6", "ShipID":23 }
{ "timestamp":"2017-08-17T20:11:54Z", "event":"ModuleBuy", "Slot":"PowerDistributor", "SellItem":"$int_powerdistributor_size3_class1_name;", "SellItem_Localised":"Power Distributor", "SellPrice":4053, "BuyItem":"$int_powerdistributor_size3_class4_name;", "BuyItem_Localised":"Power Distributor", "BuyPrice":63333, "Ship":"type6", "ShipID":23 }
{ "timestamp":"2017-08-17T20:12:52Z", "event":"ModuleBuy", "Slot":"Slot06_Size2", "SellItem":"$int_cargorack_size1_class1_name;", "SellItem_Localised":"Cargo Rack", "SellPrice":1000, "BuyItem":"$int_buggybay_size2_class2_name;", "BuyItem_Localised":"Planetary Vehicle Hangar", "BuyPrice":21600, "Ship":"type6", "ShipID":23 }
{ "timestamp":"2017-08-17T20:15:09Z", "event":"Undocked", "StationName":"Silves Dock", "StationType":"Coriolis" }
{ "timestamp":"2017-08-17T20:15:43Z", "event":"Music", "MusicTrack":"NoTrack" }
{ "timestamp":"2017-08-17T20:15:52Z", "event":"ReceiveText", "From":"Silves Dock", "Message":"$STATION_NoFireZone_exited;", "Message_Localised":"No fire zone left.", "Channel":"npc" }
{ "timestamp":"2017-08-17T20:16:03Z", "event":"StartJump", "JumpType":"Supercruise" }
{ "timestamp":"2017-08-17T20:16:03Z", "event":"Music", "MusicTrack":"Exploration" }
{ "timestamp":"2017-08-17T20:16:03Z", "event":"ApproachSettlement", "Name":"Watson's Progress" }
{ "timestamp":"2017-08-17T20:16:03Z", "event":"ApproachSettlement", "Name":"Beta Unknown Structure" }
{ "timestamp":"2017-08-17T20:16:08Z", "event":"SupercruiseEntry", "StarSystem":"Komovoy" }
{ "timestamp":"2017-08-17T20:16:08Z", "event":"Music", "MusicTrack":"Supercruise" }
{ "timestamp":"2017-08-17T20:17:36Z", "event":"ApproachSettlement", "Name":"Beta Unknown Structure" }
{ "timestamp":"2017-08-17T20:19:54Z", "event":"Music", "MusicTrack":"MainMenu" }
{ "timestamp":"2017-08-17T20:19:58Z", "event":"Cargo", "Inventory":[  ] }
{ "timestamp":"2017-08-17T20:19:58Z", "event":"Loadout", "Ship":"Type6", "ShipID":23, "ShipName":"", "ShipIdent":"", "Modules":[ { "Slot":"SmallHardpoint1", "Item":"Hpt_PulseLaser_Fixed_Small", "On":true, "Priority":2, "Health":1.000000, "Value":2200 }, { "Slot":"SmallHardpoint2", "Item":"Hpt_PulseLaser_Fixed_Small", "On":true, "Priority":2, "Health":1.000000, "Value":2200 }, { "Slot":"PaintJob", "Item":"PaintJob_Type6_BlackFriday_01", "On":true, "Priority":1, "Health":1.000000, "Value":0 }, { "Slot":"Armour", "Item":"Type6_Armour_Grade1", "On":true, "Priority":1, "Health":1.000000, "Value":0 }, { "Slot":"PowerPlant", "Item":"Int_Powerplant_Size3_Class2", "On":true, "Priority":1, "Health":1.000000, "Value":18812 }, { "Slot":"MainEngines", "Item":"Int_Engine_Size4_Class3", "On":true, "Priority":0, "Health":1.000000, "Value":178898 }, { "Slot":"FrameShiftDrive", "Item":"Int_Hyperdrive_Size4_Class3", "On":true, "Priority":0, "Health":1.000000, "Value":178898 }, { "Slot":"LifeSupport", "Item":"Int_LifeSupport_Size2_Class1", "On":true, "Priority":2, "Health":1.000000, "Value":1448 }, { "Slot":"PowerDistributor", "Item":"Int_PowerDistributor_Size3_Class4", "On":true, "Priority":0, "Health":1.000000, "Value":63333 }, { "Slot":"Radar", "Item":"Int_Sensors_Size2_Class1", "On":true, "Priority":2, "Health":1.000000, "Value":1448 }, { "Slot":"FuelTank", "Item":"Int_FuelTank_Size4_Class3", "On":true, "Priority":1, "Health":1.000000, "Value":24734 }, { "Slot":"Slot01_Size5", "Item":"Int_CargoRack_Size4_Class1", "On":true, "Priority":1, "Health":1.000000, "Value":34328 }, { "Slot":"Slot02_Size5", "Item":"Int_CargoRack_Size4_Class1", "On":true, "Priority":1, "Health":1.000000, "Value":34328 }, { "Slot":"Slot03_Size4", "Item":"Int_CargoRack_Size3_Class1", "On":true, "Priority":1, "Health":1.000000, "Value":10563 }, { "Slot":"Slot04_Size4", "Item":"Int_CargoRack_Size3_Class1", "On":true, "Priority":1, "Health":1.000000, "Value":10563 }, { "Slot":"Slot05_Size3", "Item":"Int_ShieldGenerator_Size3_Class1", "On":true, "Priority":2, "Health":1.000000, "Value":6271 }, { "Slot":"Slot06_Size2", "Item":"Int_BuggyBay_Size2_Class2", "On":true, "Priority":0, "Health":1.000000, "Value":21600 }, { "Slot":"Slot07_Size2", "Item":"Int_StellarBodyDiscoveryScanner_Standard", "On":true, "Priority":1, "Health":1.000000, "Value":1000 }, { "Slot":"PlanetaryApproachSuite", "Item":"Int_PlanetApproachSuite", "On":true, "Priority":1, "Health":1.000000, "Value":500 }, { "Slot":"ShipCockpit", "Item":"Type6_Cockpit", "On":true, "Priority":1, "Health":1.000000, "Value":0 }, { "Slot":"CargoHatch", "Item":"ModularCargoBayDoor", "On":true, "Priority":2, "Health":1.000000, "Value":0 } ] }
{ "timestamp":"2017-08-17T20:19:58Z", "event":"Materials", "Raw":[ { "Name":"chromium", "Count":31 }, { "Name":"iron", "Count":99 }, { "Name":"carbon", "Count":26 }, { "Name":"nickel", "Count":50 }, { "Name":"zinc", "Count":27 }, { "Name":"cadmium", "Count":8 }, { "Name":"phosphorus", "Count":31 }, { "Name":"germanium", "Count":20 }, { "Name":"manganese", "Count":23 }, { "Name":"yttrium", "Count":3 }, { "Name":"molybdenum", "Count":6 }, { "Name":"polonium", "Count":3 }, { "Name":"niobium", "Count":27 }, { "Name":"zirconium", "Count":9 }, { "Name":"sulphur", "Count":22 }, { "Name":"selenium", "Count":1 }, { "Name":"mercury", "Count":3 } ], "Manufactured":[ { "Name":"chemicalprocessors", "Count":11 }, { "Name":"salvagedalloys", "Count":11 }, { "Name":"shieldemitters", "Count":3 }, { "Name":"compoundshielding", "Count":24 }, { "Name":"refinedfocuscrystals", "Count":69 }, { "Name":"shieldingsensors", "Count":8 }, { "Name":"focuscrystals", "Count":9 }, { "Name":"fedproprietarycomposites", "Count":6 }, { "Name":"protolightalloys", "Count":14 }, { "Name":"galvanisingalloys", "Count":11 }, { "Name":"precipitatedalloys", "Count":6 }, { "Name":"heatconductionwiring", "Count":7 }, { "Name":"phasealloys", "Count":1 }, { "Name":"wornshieldemitters", "Count":15 }, { "Name":"configurablecomponents", "Count":12 }, { "Name":"conductivepolymers", "Count":21 }, { "Name":"chemicalmanipulators", "Count":1 }, { "Name":"fedcorecomposites", "Count":2 }, { "Name":"biotechconductors", "Count":2 }, { "Name":"protoheatradiators", "Count":1 }, { "Name":"crystalshards", "Count":3 }, { "Name":"heatresistantceramics", "Count":1 }, { "Name":"protoradiolicalloys", "Count":2 }, { "Name":"gridresistors", "Count":3 }, { "Name":"basicconductors", "Count":1 }, { "Name":"exquisitefocuscrystals", "Count":1 }, { "Name":"mechanicalscrap", "Count":1 }, { "Name":"heatdispersionplate", "Count":6 }, { "Name":"mechanicalcomponents", "Count":3 }, { "Name":"polymercapacitors", "Count":3 }, { "Name":"heatexchangers", "Count":1 }, { "Name":"heatvanes", "Count":3 }, { "Name":"mechanicalequipment", "Count":1 }, { "Name":"chemicaldistillery", "Count":3 }, { "Name":"hybridcapacitors", "Count":1 }, { "Name":"uncutfocuscrystals", "Count":1 }, { "Name":"unknownenergysource", "Count":5 } ], "Encoded":[ { "Name":"emissiondata", "Count":43 }, { "Name":"shieldsoakanalysis", "Count":29 }, { "Name":"shieldcyclerecordings", "Count":47 }, { "Name":"decodedemissiondata", "Count":77 }, { "Name":"classifiedscandata", "Count":3 }, { "Name":"encodedscandata", "Count":8 }, { "Name":"shielddensityreports", "Count":51 }, { "Name":"scanarchives", "Count":20 }, { "Name":"securityfirmware", "Count":8 }, { "Name":"bulkscandata", "Count":30 }, { "Name":"shieldpatternanalysis", "Count":52 }, { "Name":"fsdtelemetry", "Count":21 }, { "Name":"encryptedfiles", "Count":3 }, { "Name":"scrambledemissiondata", "Count":5 }, { "Name":"wakesolutions", "Count":7 }, { "Name":"hyperspacetrajectories", "Count":19 }, { "Name":"industrialfirmware", "Count":1 }, { "Name":"shieldfrequencydata", "Count":3 }, { "Name":"compactemissionsdata", "Count":6 }, { "Name":"disruptedwakeechoes", "Count":39 }, { "Name":"dataminedwake", "Count":1 }, { "Name":"consumerfirmware", "Count":6 } ] }
{ "timestamp":"2017-08-17T20:19:58Z", "event":"LoadGame", "Commander":"Blantyre", "Ship":"Type6", "ShipID":23, "ShipName":"", "ShipIdent":"", "FuelLevel":16.000000, "FuelCapacity":16.000000, "GameMode":"Solo", "Credits":89682221, "Loan":0 }
{ "timestamp":"2017-08-17T20:19:58Z", "event":"Rank", "Combat":4, "Trade":6, "Explore":7, "Empire":2, "Federation":7, "CQC":0 }
{ "timestamp":"2017-08-17T20:19:58Z", "event":"Progress", "Combat":78, "Trade":27, "Explore":0, "Empire":76, "Federation":19, "CQC":0 }
{ "timestamp":"2017-08-17T20:20:01Z", "event":"Location", "Docked":false, "StarSystem":"Komovoy", "StarPos":[70.031,30.531,44.156], "SystemAllegiance":"Empire", "SystemEconomy":"$economy_Industrial;", "SystemEconomy_Localised":"Industrial", "SystemGovernment":"$government_Patronage;", "SystemGovernment_Localised":"Patronage", "SystemSecurity":"$SYSTEM_SECURITY_medium;", "SystemSecurity_Localised":"Medium Security", "Body":"Silves Dock", "BodyType":"Station", "Factions":[ { "Name":"Codorain Emperor's Grace", "FactionState":"None", "Government":"Patronage", "Influence":0.351000, "Allegiance":"Empire", "PendingStates":[ { "State":"Boom", "Trend":0 }, { "State":"CivilUnrest", "Trend":0 }, { "State":"Lockdown", "Trend":0 } ] }, { "Name":"Hodack Prison Colony", "FactionState":"None", "Government":"PrisonColony", "Influence":0.062000, "Allegiance":"Independent", "PendingStates":[ { "State":"Boom", "Trend":0 } ] }, { "Name":"Pilots Federation Local Branch", "FactionState":"None", "Government":"Democracy", "Influence":0.000000, "Allegiance":"PilotsFederation" }, { "Name":"Komovoy Crimson Posse", "FactionState":"Boom", "Government":"Anarchy", "Influence":0.074000, "Allegiance":"Independent" }, { "Name":"Codorain Network", "FactionState":"Boom", "Government":"Corporate", "Influence":0.300000, "Allegiance":"Empire" }, { "Name":"Komovoy Fortune Inc", "FactionState":"Boom", "Government":"Corporate", "Influence":0.098000, "Allegiance":"Federation" }, { "Name":"Komovoy League", "FactionState":"None", "Government":"Dictatorship", "Influence":0.057000, "Allegiance":"Independent", "RecoveringStates":[ { "State":"Outbreak", "Trend":0 } ] }, { "Name":"Komovoy Company", "FactionState":"None", "Government":"Corporate", "Influence":0.058000, "Allegiance":"Independent", "PendingStates":[ { "State":"Boom", "Trend":0 } ] } ], "SystemFaction":"Codorain Emperor's Grace" }
{ "timestamp":"2017-08-17T20:20:01Z", "event":"Music", "MusicTrack":"NoTrack" }
{ "timestamp":"2017-08-17T20:20:15Z", "event":"StartJump", "JumpType":"Supercruise" }
{ "timestamp":"2017-08-17T20:20:16Z", "event":"ApproachSettlement", "Name":"Watson's Progress" }
{ "timestamp":"2017-08-17T20:20:16Z", "event":"ApproachSettlement", "Name":"Beta Unknown Structure" }
{ "timestamp":"2017-08-17T20:20:20Z", "event":"SupercruiseEntry", "StarSystem":"Komovoy" }
{ "timestamp":"2017-08-17T20:20:21Z", "event":"Music", "MusicTrack":"Supercruise" }
{ "timestamp":"2017-08-17T20:21:25Z", "event":"ApproachSettlement", "Name":"Beta Unknown Structure" }
{ "timestamp":"2017-08-17T20:21:28Z", "event":"SupercruiseExit", "StarSystem":"Komovoy", "Body":"Komovoy A 1", "BodyType":"Planet" }
{ "timestamp":"2017-08-17T20:21:28Z", "event":"Music", "MusicTrack":"Exploration" }
{ "timestamp":"2017-08-17T20:22:44Z", "event":"Music", "MusicTrack":"Unknown_Settlement" }
{ "timestamp":"2017-08-17T20:24:00Z", "event":"Touchdown", "PlayerControlled":true, "Latitude":0.865602, "Longitude":86.646393 }
{ "timestamp":"2017-08-17T20:24:07Z", "event":"LaunchSRV", "Loadout":"starter", "PlayerControlled":true }
{ "timestamp":"2017-08-17T20:24:55Z", "event":"MaterialCollected", "Category":"Raw", "Name":"carbon", "Count":3 }
{ "timestamp":"2017-08-17T20:26:00Z", "event":"MaterialCollected", "Category":"Raw", "Name":"iron", "Count":3 }
{ "timestamp":"2017-08-17T20:26:33Z", "event":"CommunityGoal", "CurrentGoals":[ { "CGID":405, "Title":"Earn a Special Ship Decal", "SystemName":"Komovoy", "MarketName":"Silves Dock", "Expiry":"2017-09-04T09:00:00Z", "IsComplete":false, "CurrentTotal":12738, "PlayerContribution":0, "NumContributors":533, "PlayerPercentileBand":100 } ] }
{ "timestamp":"2017-08-17T20:27:03Z", "event":"MaterialCollected", "Category":"Raw", "Name":"nickel", "Count":3 }
{ "timestamp":"2017-08-17T20:27:54Z", "event":"CollectCargo", "Type":"MetaAlloys", "Stolen":false }
{ "timestamp":"2017-08-17T20:28:50Z", "event":"CollectCargo", "Type":"MetaAlloys", "Stolen":false }
{ "timestamp":"2017-08-17T20:29:07Z", "event":"Music", "MusicTrack":"Combat_SRV" }
{ "timestamp":"2017-08-17T20:29:11Z", "event":"Bounty", "Target":"Skimmer", "Reward":0, "VictimFaction":"$faction_none;", "VictimFaction_Localised":"None" }
{ "timestamp":"2017-08-17T20:29:11Z", "event":"Music", "MusicTrack":"Unknown_Settlement" }
{ "timestamp":"2017-08-17T20:29:26Z", "event":"MaterialDiscovered", "Category":"Manufactured", "Name":"unknownorganiccircuitry", "DiscoveryNumber":41 }
{ "timestamp":"2017-08-17T20:29:26Z", "event":"MaterialCollected", "Category":"Manufactured", "Name":"unknownorganiccircuitry", "Count":3 }
{ "timestamp":"2017-08-17T20:29:32Z", "event":"Music", "MusicTrack":"Combat_SRV" }
{ "timestamp":"2017-08-17T20:29:35Z", "event":"Bounty", "Target":"Skimmer", "Reward":0, "VictimFaction":"$faction_none;", "VictimFaction_Localised":"None" }
{ "timestamp":"2017-08-17T20:29:50Z", "event":"Bounty", "Target":"Skimmer", "Reward":0, "VictimFaction":"$faction_none;", "VictimFaction_Localised":"None" }
{ "timestamp":"2017-08-17T20:29:50Z", "event":"Music", "MusicTrack":"Unknown_Settlement" }
{ "timestamp":"2017-08-17T20:29:56Z", "event":"MaterialCollected", "Category":"Manufactured", "Name":"unknownenergysource", "Count":3 }
{ "timestamp":"2017-08-17T20:30:06Z", "event":"MaterialCollected", "Category":"Manufactured", "Name":"unknownorganiccircuitry", "Count":3 }
{ "timestamp":"2017-08-17T20:31:14Z", "event":"DockSRV" }
{ "timestamp":"2017-08-17T20:31:24Z", "event":"Liftoff", "PlayerControlled":true, "Latitude":0.865602, "Longitude":86.646393 }
{ "timestamp":"2017-08-17T20:32:30Z", "event":"StartJump", "JumpType":"Supercruise" }
{ "timestamp":"2017-08-17T20:32:30Z", "event":"ApproachSettlement", "Name":"Watson's Progress" }
{ "timestamp":"2017-08-17T20:32:30Z", "event":"ApproachSettlement", "Name":"Beta Unknown Structure" }
{ "timestamp":"2017-08-17T20:32:35Z", "event":"SupercruiseEntry", "StarSystem":"Komovoy" }
{ "timestamp":"2017-08-17T20:32:35Z", "event":"Music", "MusicTrack":"Supercruise" }
{ "timestamp":"2017-08-17T20:33:54Z", "event":"SupercruiseExit", "StarSystem":"Komovoy", "Body":"Silves Dock", "BodyType":"Station" }
{ "timestamp":"2017-08-17T20:33:54Z", "event":"Music", "MusicTrack":"DestinationFromSupercruise" }
{ "timestamp":"2017-08-17T20:33:59Z", "event":"Music", "MusicTrack":"NoTrack" }
{ "timestamp":"2017-08-17T20:34:10Z", "event":"DockingRequested", "StationName":"Silves Dock" }
{ "timestamp":"2017-08-17T20:34:10Z", "event":"ReceiveText", "From":"Silves Dock", "Message":"$DockingChatter_Neutral;", "Message_Localised":"Ensure to observe starport protocol during your visit, pilot.", "Channel":"npc" }
{ "timestamp":"2017-08-17T20:34:11Z", "event":"ReceiveText", "From":"Silves Dock", "Message":"$STATION_docking_granted;", "Message_Localised":"Docking request granted.", "Channel":"npc" }
{ "timestamp":"2017-08-17T20:34:11Z", "event":"DockingGranted", "LandingPad":26, "StationName":"Silves Dock" }
{ "timestamp":"2017-08-17T20:34:21Z", "event":"ReceiveText", "From":"Silves Dock", "Message":"$STATION_NoFireZone_entered;", "Message_Localised":"No fire zone entered.", "Channel":"npc" }
{ "timestamp":"2017-08-17T20:34:36Z", "event":"Music", "MusicTrack":"Starport" }
{ "timestamp":"2017-08-17T20:35:07Z", "event":"Docked", "StationName":"Silves Dock", "StationType":"Coriolis", "StarSystem":"Komovoy", "StationFaction":"Codorain Emperor's Grace", "StationGovernment":"$government_Patronage;", "StationGovernment_Localised":"Patronage", "StationAllegiance":"Empire", "StationEconomy":"$economy_Industrial;", "StationEconomy_Localised":"Industrial", "DistFromStarLS":6.611415 }
{ "timestamp":"2017-08-17T20:36:05Z", "event":"CommunityGoal", "CurrentGoals":[ { "CGID":405, "Title":"Earn a Special Ship Decal", "SystemName":"Komovoy", "MarketName":"Silves Dock", "Expiry":"2017-09-04T09:00:00Z", "IsComplete":false, "CurrentTotal":12893, "PlayerContribution":0, "NumContributors":545, "PlayerPercentileBand":100 } ] }
{ "timestamp":"2017-08-17T20:36:28Z", "event":"ScientificResearch", "Name":"unknownorganiccircuitry", "Category":"Manufactured", "Count":6 }
{ "timestamp":"2017-08-17T20:37:45Z", "event":"CommunityGoal", "CurrentGoals":[ { "CGID":405, "Title":"Earn a Special Ship Decal", "SystemName":"Komovoy", "MarketName":"Silves Dock", "Expiry":"2017-09-04T09:00:00Z", "IsComplete":false, "CurrentTotal":12966, "PlayerContribution":6, "NumContributors":547, "PlayerPercentileBand":100 } ] }
{ "timestamp":"2017-08-17T20:39:50Z", "event":"ShipyardSwap", "ShipType":"anaconda", "ShipID":16, "StoreOldShip":"Type6", "StoreShipID":23 }
{ "timestamp":"2017-08-17T20:39:51Z", "event":"Cargo", "Inventory":[ { "Name":"metaalloys", "Count":2 } ] }
{ "timestamp":"2017-08-17T20:39:51Z", "event":"Loadout", "Ship":"Anaconda", "ShipID":16, "ShipName":"sepia II", "ShipIdent":"BL-19A", "Modules":[ { "Slot":"TinyHardpoint1", "Item":"Hpt_HeatSinkLauncher_Turret_Tiny", "On":false, "Priority":0, "AmmoInClip":1, "AmmoInHopper":2, "Health":1.000000, "Value":2975 }, { "Slot":"TinyHardpoint3", "Item":"Hpt_HeatSinkLauncher_Turret_Tiny", "On":true, "Priority":0, "AmmoInClip":1, "AmmoInHopper":2, "Health":1.000000, "Value":3500 }, { "Slot":"Armour", "Item":"Anaconda_Armour_Grade1", "On":true, "Priority":1, "Health":1.000000, "Value":0 }, { "Slot":"PaintJob", "Item":"PaintJob_Anaconda_BlackFriday_01", "On":true, "Priority":1, "Health":1.000000, "Value":0 }, { "Slot":"PowerPlant", "Item":"Int_Powerplant_Size3_Class5", "On":true, "Priority":1, "Health":1.000000, "Value":507912 }, { "Slot":"MainEngines", "Item":"Int_Engine_Size6_Class2", "On":true, "Priority":0, "Health":1.000000, "Value":509356, "EngineerBlueprint":"Engine_Tuned", "EngineerLevel":1 }, { "Slot":"FrameShiftDrive", "Item":"Int_Hyperdrive_Size6_Class5", "On":true, "Priority":0, "Health":1.000000, "Value":13752602, "EngineerBlueprint":"FSD_LongRange", "EngineerLevel":5 }, { "Slot":"LifeSupport", "Item":"Int_LifeSupport_Size5_Class2", "On":true, "Priority":0, "Health":1.000000, "Value":79444 }, { "Slot":"PowerDistributor", "Item":"Int_PowerDistributor_Size8_Class2", "On":true, "Priority":0, "Health":1.000000, "Value":1482367, "EngineerBlueprint":"PowerDistributor_PriorityEngines", "EngineerLevel":2 }, { "Slot":"Radar", "Item":"Int_Sensors_Size8_Class2", "On":true, "Priority":0, "Health":1.000000, "Value":1482367, "EngineerBlueprint":"Sensor_Sensor_LightWeight", "EngineerLevel":5 }, { "Slot":"FuelTank", "Item":"Int_FuelTank_Size5_Class3", "On":true, "Priority":1, "Health":1.000000, "Value":83090 }, { "Slot":"ShipName0", "Item":"Nameplate_Practical02_White", "On":true, "Priority":1, "Health":1.000000, "Value":0 }, { "Slot":"ShipName1", "Item":"Nameplate_Practical02_White", "On":true, "Priority":1, "Health":1.000000, "Value":0 }, { "Slot":"Slot01_Size7", "Item":"Int_CargoRack_Size7_Class1", "On":true, "Priority":1, "Health":1.000000, "Value":1001657 }, { "Slot":"Slot02_Size6", "Item":"Int_FuelScoop_Size6_Class5", "On":true, "Priority":0, "Health":1.000000, "Value":28763610 }, { "Slot":"Slot03_Size6", "Item":"Int_CargoRack_Size6_Class1", "On":true, "Priority":1, "Health":1.000000, "Value":362591 }, { "Slot":"Slot04_Size6", "Item":"Int_CargoRack_Size6_Class1", "On":true, "Priority":1, "Health":1.000000, "Value":362591 }, { "Slot":"Slot05_Size5", "Item":"Int_CargoRack_Size5_Class1", "On":true, "Priority":1, "Health":1.000000, "Value":111566 }, { "Slot":"Slot06_Size5", "Item":"Int_CargoRack_Size5_Class1", "On":true, "Priority":1, "Health":1.000000, "Value":111566 }, { "Slot":"Slot07_Size5", "Item":"Int_CargoRack_Size5_Class1", "On":true, "Priority":1, "Health":1.000000, "Value":111566 }, { "Slot":"Slot08_Size4", "Item":"Int_CargoRack_Size4_Class1", "On":true, "Priority":1, "Health":1.000000, "Value":34328 }, { "Slot":"Slot09_Size4", "Item":"Int_CargoRack_Size4_Class1", "On":true, "Priority":1, "Health":1.000000, "Value":34328 }, { "Slot":"Slot10_Size4", "Item":"Int_ShieldGenerator_Size4_Class2", "On":true, "Priority":0, "Health":1.000000, "Value":59633 }, { "Slot":"Slot13_Size2", "Item":"Int_DockingComputer_Standard", "On":true, "Priority":0, "Health":1.000000, "Value":4500 }, { "Slot":"PlanetaryApproachSuite", "Item":"Int_PlanetApproachSuite", "On":true, "Priority":1, "Health":1.000000, "Value":425 }, { "Slot":"Bobble02", "Item":"Bobble_PilotMale", "On":true, "Priority":1, "Health":1.000000, "Value":0 }, { "Slot":"ShipCockpit", "Item":"Anaconda_Cockpit", "On":true, "Priority":1, "Health":1.000000, "Value":0 }, { "Slot":"CargoHatch", "Item":"ModularCargoBayDoor", "On":false, "Priority":2, "Health":1.000000, "Value":0 } ] }
{ "timestamp":"2017-08-17T20:39:51Z", "event":"Music", "MusicTrack":"NoTrack" }
{ "timestamp":"2017-08-17T20:40:00Z", "event":"Docked", "StationName":"Silves Dock", "StationType":"Coriolis", "StarSystem":"Komovoy", "StationFaction":"Codorain Emperor's Grace", "StationGovernment":"$government_Patronage;", "StationGovernment_Localised":"Patronage", "StationAllegiance":"Empire", "StationEconomy":"$economy_Industrial;", "StationEconomy_Localised":"Industrial", "DistFromStarLS":6.613636 }
{ "timestamp":"2017-08-17T20:40:00Z", "event":"Music", "MusicTrack":"Starport" }
{ "timestamp":"2017-08-17T20:40:59Z", "event":"MarketSell", "Type":"metaalloys", "Count":2, "SellPrice":60574, "TotalSale":121148, "AvgPricePaid":0 }
{ "timestamp":"2017-08-17T20:42:02Z", "event":"Undocked", "StationName":"Silves Dock", "StationType":"Coriolis" }
{ "timestamp":"2017-08-17T20:42:27Z", "event":"Music", "MusicTrack":"NoTrack" }
{ "timestamp":"2017-08-17T20:42:43Z", "event":"ReceiveText", "From":"Silves Dock", "Message":"$STATION_NoFireZone_exited;", "Message_Localised":"No fire zone left.", "Channel":"npc" }
{ "timestamp":"2017-08-17T20:43:08Z", "event":"StartJump", "JumpType":"Supercruise" }
{ "timestamp":"2017-08-17T20:43:09Z", "event":"ApproachSettlement", "Name":"Watson's Progress" }
{ "timestamp":"2017-08-17T20:43:09Z", "event":"ApproachSettlement", "Name":"Beta Unknown Structure" }
{ "timestamp":"2017-08-17T20:43:13Z", "event":"SupercruiseEntry", "StarSystem":"Komovoy" }
{ "timestamp":"2017-08-17T20:43:14Z", "event":"Music", "MusicTrack":"Supercruise" }
{ "timestamp":"2017-08-17T20:43:57Z", "event":"Music", "MusicTrack":"GalaxyMap" }
{ "timestamp":"2017-08-17T20:50:22Z", "event":"Music", "MusicTrack":"Supercruise" }
{ "timestamp":"2017-08-17T20:57:23Z", "event":"Music", "MusicTrack":"GalaxyMap" }
{ "timestamp":"2017-08-17T20:58:14Z", "event":"Music", "MusicTrack":"SystemMap" }
{ "timestamp":"2017-08-17T20:58:18Z", "event":"Music", "MusicTrack":"Supercruise" }
