{ "timestamp":"2017-01-16T22:16:55Z", "event":"Fileheader", "part":1, "language":"English\\UK", "gameversion":"2.2", "build":"r131487/r0 " }
{ "timestamp":"2017-01-16T22:17:44Z", "event":"LoadGame", "Commander":"Coccolithophore", "Ship":"Asp", "ShipID":2, "GameMode":"Group", "Group":"Coccolithophore", "Credits":37423644, "Loan":0 }
{ "timestamp":"2017-01-16T22:17:44Z", "event":"Rank", "Combat":3, "Trade":2, "Explore":3, "Empire":0, "Federation":0, "CQC":0 }
{ "timestamp":"2017-01-16T22:17:44Z", "event":"Progress", "Combat":11, "Trade":85, "Explore":93, "Empire":0, "Federation":80, "CQC":0 }
{ "timestamp":"2017-01-16T22:18:03Z", "event":"Screenshot", "Filename":"\\ED_Pictures\\HighResScreenShot_2017-01-16_22-18-03.bmp", "Width":7680, "Height":4320 }
{ "timestamp":"2017-01-16T22:18:11Z", "event":"Location", "Docked":false, "StarSystem":"Pleiades Sector GW-W c1-6", "StarPos":[-82.313,-148.000,-358.375], "SystemAllegiance":"", "SystemEconomy":"$economy_None;", "SystemEconomy_Localised":"None", "SystemGovernment":"$government_None;", "SystemGovernment_Localised":"None", "SystemSecurity":"$SYSTEM_SECURITY_low;", "SystemSecurity_Localised":"Low Security", "Body":"Pleiades Sector GW-W c1-6", "BodyType":"Star" }
{ "timestamp":"2017-01-16T22:21:42Z", "event":"FSDJump", "StarSystem":"Pleiades Sector HR-W d1-36", "StarPos":[-67.656,-150.719,-333.313], "SystemAllegiance":"", "SystemEconomy":"$economy_None;", "SystemEconomy_Localised":"None", "SystemGovernment":"$government_None;", "SystemGovernment_Localised":"None", "SystemSecurity":"$SYSTEM_SECURITY_low;", "SystemSecurity_Localised":"Low Security", "JumpDist":29.160, "FuelUsed":4.131413, "FuelLevel":23.995251 }
{ "timestamp":"2017-01-16T22:22:10Z", "event":"HeatWarning" }
{ "timestamp":"2017-01-16T22:22:29Z", "event":"FuelScoop", "Scooped":16.004749, "Total":40.000000 }
{ "timestamp":"2017-01-16T22:23:04Z", "event":"FSDJump", "StarSystem":"HIP 17481", "StarPos":[-58.844,-150.250,-305.531], "SystemAllegiance":"", "SystemEconomy":"$economy_None;", "SystemEconomy_Localised":"None", "SystemGovernment":"$government_None;", "SystemGovernment_Localised":"None", "SystemSecurity":"$SYSTEM_SECURITY_low;", "SystemSecurity_Localised":"Low Security", "JumpDist":29.149, "FuelUsed":4.441335, "FuelLevel":35.558666 }
{ "timestamp":"2017-01-16T22:23:53Z", "event":"FuelScoop", "Scooped":4.441334, "Total":40.000000 }
{ "timestamp":"2017-01-16T22:24:41Z", "event":"FSDJump", "StarSystem":"Pleiades Sector BB-N b7-0", "StarPos":[-41.719,-141.719,-284.875], "SystemAllegiance":"", "SystemEconomy":"$economy_None;", "SystemEconomy_Localised":"None", "SystemGovernment":"$government_None;", "SystemGovernment_Localised":"None", "SystemSecurity":"$SYSTEM_SECURITY_low;", "SystemSecurity_Localised":"Low Security", "JumpDist":28.155, "FuelUsed":4.079462, "FuelLevel":35.290539 }
{ "timestamp":"2017-01-16T22:25:48Z", "event":"FuelScoop", "Scooped":4.709461, "Total":40.000000 }
{ "timestamp":"2017-01-16T22:26:51Z", "event":"FSDJump", "StarSystem":"Pleiades Sector GH-L b8-0", "StarPos":[-24.906,-141.656,-261.563], "SystemAllegiance":"", "SystemEconomy":"$economy_None;", "SystemEconomy_Localised":"None", "SystemGovernment":"$government_None;", "SystemGovernment_Localised":"None", "SystemSecurity":"$SYSTEM_SECURITY_low;", "SystemSecurity_Localised":"Low Security", "JumpDist":28.743, "FuelUsed":4.291170, "FuelLevel":35.708832 }
{ "timestamp":"2017-01-16T22:28:09Z", "event":"FuelScoop", "Scooped":4.291168, "Total":40.000000 }
{ "timestamp":"2017-01-16T22:30:06Z", "event":"USSDrop", "USSType":"$USS_Type_Salvage;", "USSType_Localised":"Degraded emissions detected", "USSThreat":0 }
{ "timestamp":"2017-01-16T22:30:07Z", "event":"SupercruiseExit", "StarSystem":"Pleiades Sector GH-L b8-0", "Body":"Pleiades Sector GH-L b8-0 B", "BodyType":"Star" }
{ "timestamp":"2017-01-16T22:31:48Z", "event":"FSDJump", "StarSystem":"Aries Dark Region JM-V c2-4", "StarPos":[-17.469,-124.188,-238.500], "SystemAllegiance":"", "SystemEconomy":"$economy_None;", "SystemEconomy_Localised":"None", "SystemGovernment":"$government_None;", "SystemGovernment_Localised":"None", "SystemSecurity":"$SYSTEM_SECURITY_low;", "SystemSecurity_Localised":"Low Security", "JumpDist":29.872, "FuelUsed":4.716451, "FuelLevel":35.283550 }
{ "timestamp":"2017-01-16T22:32:09Z", "event":"HeatWarning" }
{ "timestamp":"2017-01-16T22:32:20Z", "event":"FuelScoop", "Scooped":4.716450, "Total":40.000000 }
{ "timestamp":"2017-01-16T22:32:47Z", "event":"FSDJump", "StarSystem":"Hyades Sector HW-W c1-4", "StarPos":[-5.219,-114.625,-212.531], "SystemAllegiance":"", "SystemEconomy":"$economy_None;", "SystemEconomy_Localised":"None", "SystemGovernment":"$government_None;", "SystemGovernment_Localised":"None", "SystemSecurity":"$SYSTEM_SECURITY_low;", "SystemSecurity_Localised":"Low Security", "JumpDist":30.264, "FuelUsed":4.869095, "FuelLevel":35.130905 }
{ "timestamp":"2017-01-16T22:32:48Z", "event":"HeatWarning" }
{ "timestamp":"2017-01-16T22:33:12Z", "event":"FuelScoop", "Scooped":1.334576, "Total":36.465481 }
{ "timestamp":"2017-01-16T22:33:45Z", "event":"FSDJump", "StarSystem":"Hyades Sector FB-X c1-5", "StarPos":[1.750,-94.500,-193.219], "SystemAllegiance":"", "SystemEconomy":"$economy_None;", "SystemEconomy_Localised":"None", "SystemGovernment":"$government_None;", "SystemGovernment_Localised":"None", "SystemSecurity":"$SYSTEM_SECURITY_low;", "SystemSecurity_Localised":"Low Security", "JumpDist":28.750, "FuelUsed":4.202069, "FuelLevel":32.263412 }
{ "timestamp":"2017-01-16T22:34:23Z", "event":"FuelScoop", "Scooped":7.526024, "Total":39.789436 }
{ "timestamp":"2017-01-16T22:34:56Z", "event":"FSDJump", "StarSystem":"Hyades Sector QI-S b4-1", "StarPos":[19.531,-83.500,-174.469], "SystemAllegiance":"", "SystemEconomy":"$economy_None;", "SystemEconomy_Localised":"None", "SystemGovernment":"$government_None;", "SystemGovernment_Localised":"None", "SystemSecurity":"$SYSTEM_SECURITY_low;", "SystemSecurity_Localised":"Low Security", "JumpDist":28.084, "FuelUsed":4.049252, "FuelLevel":35.740185 }
{ "timestamp":"2017-01-16T22:35:22Z", "event":"FuelScoop", "Scooped":1.603958, "Total":37.344143 }
{ "timestamp":"2017-01-16T22:35:59Z", "event":"FSDJump", "StarSystem":"Hyades Sector KH-V c2-16", "StarPos":[40.188,-75.719,-154.125], "SystemAllegiance":"Independent", "SystemEconomy":"$economy_Military;", "SystemEconomy_Localised":"Military", "SystemGovernment":"$government_Corporate;", "SystemGovernment_Localised":"Corporate", "SystemSecurity":"$SYSTEM_SECURITY_low;", "SystemSecurity_Localised":"Low Security", "JumpDist":30.018, "FuelUsed":4.695820, "FuelLevel":32.648323, "SystemFaction":"HIP 23277 Systems" }
{ "timestamp":"2017-01-16T22:36:22Z", "event":"FuelScoop", "Scooped":0.934471, "Total":33.582794 }
{ "timestamp":"2017-01-16T22:36:57Z", "event":"FSDJump", "StarSystem":"HIP 24190", "StarPos":[58.563,-61.781,-138.156], "SystemAllegiance":"", "SystemEconomy":"$economy_None;", "SystemEconomy_Localised":"None", "SystemGovernment":"$government_None;", "SystemGovernment_Localised":"None", "SystemSecurity":"$SYSTEM_SECURITY_low;", "SystemSecurity_Localised":"Low Security", "JumpDist":28.052, "FuelUsed":3.886529, "FuelLevel":29.696264 }
{ "timestamp":"2017-01-16T22:37:21Z", "event":"FuelScoop", "Scooped":1.337334, "Total":31.033598 }
{ "timestamp":"2017-01-16T22:38:23Z", "event":"FSDJump", "StarSystem":"Kugaitu", "StarPos":[71.906,-40.625,-121.219], "SystemAllegiance":"Independent", "SystemEconomy":"$economy_Industrial;", "SystemEconomy_Localised":"Industrial", "SystemGovernment":"$government_Anarchy;", "SystemGovernment_Localised":"Anarchy", "SystemSecurity":"$GAlAXY_MAP_INFO_state_anarchy;", "SystemSecurity_Localised":"Anarchy", "JumpDist":30.208, "FuelUsed":4.586979, "FuelLevel":26.446619, "SystemFaction":"Kugaitu Crew", "FactionState":"Expansion" }
{ "timestamp":"2017-01-16T22:39:09Z", "event":"FSDJump", "StarSystem":"Trianguli Sector LC-U a3-2", "StarPos":[81.906,-38.469,-93.063], "SystemAllegiance":"", "SystemEconomy":"$economy_None;", "SystemEconomy_Localised":"None", "SystemGovernment":"$government_None;", "SystemGovernment_Localised":"None", "SystemSecurity":"$SYSTEM_SECURITY_low;", "SystemSecurity_Localised":"Low Security", "JumpDist":29.957, "FuelUsed":4.367103, "FuelLevel":22.079515 }
{ "timestamp":"2017-01-16T22:40:07Z", "event":"FSDJump", "StarSystem":"Trianguli Sector JM-V b2-0", "StarPos":[100.938,-20.250,-79.188], "SystemAllegiance":"", "SystemEconomy":"$economy_None;", "SystemEconomy_Localised":"None", "SystemGovernment":"$government_None;", "SystemGovernment_Localised":"None", "SystemSecurity":"$SYSTEM_SECURITY_low;", "SystemSecurity_Localised":"Low Security", "JumpDist":29.776, "FuelUsed":4.185457, "FuelLevel":17.894058 }
{ "timestamp":"2017-01-16T22:41:16Z", "event":"FuelScoop", "Scooped":22.105942, "Total":40.000000 }
{ "timestamp":"2017-01-16T22:41:51Z", "event":"FSDJump", "StarSystem":"Col 285 Sector GB-C b14-6", "StarPos":[114.250,-9.438,-63.969], "SystemAllegiance":"", "SystemEconomy":"$economy_None;", "SystemEconomy_Localised":"None", "SystemGovernment":"$government_None;", "SystemGovernment_Localised":"None", "SystemSecurity":"$SYSTEM_SECURITY_low;", "SystemSecurity_Localised":"Low Security", "JumpDist":22.929, "FuelUsed":2.466895, "FuelLevel":37.533104 }
{ "timestamp":"2017-01-16T22:42:15Z", "event":"FuelScoop", "Scooped":2.271076, "Total":39.804180 }
{ "timestamp":"2017-01-16T22:42:50Z", "event":"FSDJump", "StarSystem":"Deciat", "StarPos":[122.625,-0.813,-47.281], "SystemAllegiance":"Federation", "SystemEconomy":"$economy_Industrial;", "SystemEconomy_Localised":"Industrial", "SystemGovernment":"$government_Democracy;", "SystemGovernment_Localised":"Democracy", "SystemSecurity":"$SYSTEM_SECURITY_medium;", "SystemSecurity_Localised":"Medium Security", "JumpDist":20.567, "FuelUsed":1.887742, "FuelLevel":37.916439, "SystemFaction":"Independent Deciat Green Party" }
{ "timestamp":"2017-01-16T22:47:31Z", "event":"SupercruiseExit", "StarSystem":"Deciat", "Body":"Deciat 6 a", "BodyType":"Planet" }
{ "timestamp":"2017-01-16T22:48:55Z", "event":"DockingRequested", "StationName":"Farseer Inc" }
{ "timestamp":"2017-01-16T22:48:55Z", "event":"ReceiveText", "From":"Farseer Inc", "Message":"$DockingChatter_Cordial;", "Message_Localised":"Welcome back, Commander.", "Channel":"npc" }
{ "timestamp":"2017-01-16T22:48:56Z", "event":"ReceiveText", "From":"Farseer Inc", "Message":"$STATION_docking_granted;", "Message_Localised":"Docking request granted.", "Channel":"npc" }
{ "timestamp":"2017-01-16T22:48:56Z", "event":"DockingGranted", "LandingPad":4, "StationName":"Farseer Inc" }
{ "timestamp":"2017-01-16T22:49:05Z", "event":"ReceiveText", "From":"Farseer Inc", "Message":"$STATION_NoFireZone_entered;", "Message_Localised":"No fire zone entered.", "Channel":"npc" }
{ "timestamp":"2017-01-16T22:49:49Z", "event":"Docked", "StationName":"Farseer Inc", "StarSystem":"Deciat", "StationFaction":"Felicity Farseer", "StationGovernment":"$government_Engineer;", "StationGovernment_Localised":"Workshop", "StationAllegiance":"Federation", "StationEconomy":"$economy_Colony;", "StationEconomy_Localised":"Colony" }
{ "timestamp":"2017-01-16T22:52:28Z", "event":"EngineerProgress", "Engineer":"Felicity Farseer", "Rank":4 }
{ "timestamp":"2017-01-16T22:52:31Z", "event":"SellExplorationData", "Systems":[ "HIP 16469", "HIP 17481", "HIP 17034", "Asterope", "Sterope II", "HIP 17692", "HIP 17694", "HIP 17403", "102 Pi Piscium", "HIP 10496", "HIP 7930", "HIP 24190", "Aries Dark Region LC-V c2-2", "Pleiades Sector FR-V b2-0", "Pleiades Sector HC-U b3-0", "Aries Dark Region TJ-Q b5-0", "Pleiades Sector YP-O b6-0", "Pleiades Sector BB-N b7-0", "Pleiades Sector GH-L b8-0", "Trianguli Sector JM-V b2-0", "Aries Dark Region HR-W d1-34", "Pleiades Sector IR-W d1-34", "Aries Dark Region JM-V c2-4", "Hyades Sector HW-W c1-4", "Pleiades Sector HR-W d1-36", "13 Ceti", "Hyades Sector FB-X c1-5", "Pleiades Sector DL-Y d43", "Pleiades Sector GW-W c1-6", "Pleiades Sector MX-U d2-58", "Aries Dark Region HR-W d1-61", "Pleiades Sector HR-W d1-65", "Pleiades Sector LC-V c2-8", "Arietis Sector FG-Y d70", "Pleiades Sector GW-W c1-9", "Pleiades Sector LC-V c2-9", "Pleiades Sector HR-W d1-77", "Aries Dark Region NN-T c3-10", "Pleiades Sector EB-X c1-10", "Aries Dark Region WE-Q b5-1", "Hyades Sector QI-S b4-1", "Alrai Sector DL-Y d97", "Pleiades Sector GW-W c1-12", "Pleiades Sector KC-V c2-14", "Hyades Sector KH-V c2-16", "Pleiades Sector EB-X c1-18", "Pleiades Sector DW-V b2-2", "Aries Dark Region YP-O b6-2", "Pleiades Sector JC-U b3-2", "Arietis Sector WJ-R b4-2" ], "Discovered":[  ], "BaseValue":386711, "Bonus":0 }
{ "timestamp":"2017-01-16T22:52:34Z", "event":"SellExplorationData", "Systems":[ "LTT 9634", "Arietis Sector YU-P b5-3", "Pleiades Sector AB-W b2-4", "Piscium Sector LC-V b2-4", "Trianguli Sector LC-U a3-2" ], "Discovered":[  ], "BaseValue":14977, "Bonus":0 }
{ "timestamp":"2017-01-16T22:53:46Z", "event":"EngineerCraft", "Engineer":"Felicity Farseer", "Blueprint":"FSD_LongRange", "Level":1, "Ingredients":{"disruptedwakeechoes":1 } }
{ "timestamp":"2017-01-16T22:54:04Z", "event":"EngineerApply", "Engineer":"Felicity Farseer", "Blueprint":"FSD_LongRange", "Level":1 }
{ "timestamp":"2017-01-16T22:54:39Z", "event":"EngineerCraft", "Engineer":"Felicity Farseer", "Blueprint":"Engine_Dirty", "Level":2, "Ingredients":{"legacyfirmware":1, "mechanicalequipment":1 } }
{ "timestamp":"2017-01-16T22:55:03Z", "event":"EngineerApply", "Engineer":"Felicity Farseer", "Blueprint":"Engine_Dirty", "Level":2 }
{ "timestamp":"2017-01-16T22:57:50Z", "event":"Promotion", "Combat":3 }
{ "timestamp":"2017-01-16T22:57:50Z", "event":"Promotion", "Explore":4 }
{ "timestamp":"2017-01-16T23:00:16Z", "event":"Undocked", "StationName":"Farseer Inc" }
{ "timestamp":"2017-01-16T23:00:32Z", "event":"ReceiveText", "From":"Farseer Inc", "Message":"$STATION_NoFireZone_exited;", "Message_Localised":"No fire zone left.", "Channel":"npc" }
{ "timestamp":"2017-01-16T23:00:56Z", "event":"SupercruiseEntry", "StarSystem":"Deciat" }
{ "timestamp":"2017-01-16T23:02:27Z", "event":"FSDJump", "StarSystem":"Xinca", "StarPos":[123.906,-6.406,-48.938], "SystemAllegiance":"Independent", "SystemEconomy":"$economy_Agri;", "SystemEconomy_Localised":"Agriculture", "SystemGovernment":"$government_Dictatorship;", "SystemGovernment_Localised":"Dictatorship", "SystemSecurity":"$SYSTEM_SECURITY_high;", "SystemSecurity_Localised":"High Security", "JumpDist":5.973, "FuelUsed":0.077282, "FuelLevel":37.839157, "SystemFaction":"League of Xinca", "FactionState":"Boom" }
{ "timestamp":"2017-01-16T23:05:19Z", "event":"USSDrop", "USSType":"$USS_Type_Salvage;", "USSType_Localised":"Degraded emissions detected", "USSThreat":0 }
{ "timestamp":"2017-01-16T23:05:22Z", "event":"SupercruiseExit", "StarSystem":"Xinca", "Body":"Xinca", "BodyType":"Star" }
{ "timestamp":"2017-01-16T23:06:21Z", "event":"MaterialDiscovered", "Category":"Manufactured", "Name":"chemicalprocessors", "DiscoveryNumber":7 }
{ "timestamp":"2017-01-16T23:06:21Z", "event":"MaterialCollected", "Category":"Manufactured", "Name":"chemicalprocessors", "Count":3 }
{ "timestamp":"2017-01-16T23:07:27Z", "event":"SupercruiseEntry", "StarSystem":"Xinca" }
{ "timestamp":"2017-01-16T23:08:24Z", "event":"ReceiveText", "From":"$npc_name_decorate:#name=Cruise Ship;", "From_Localised":"Cruise Ship", "Message":"$CruiseLiner_SCPatrol03;", "Message_Localised":"Today's cruise includes some delightful views, our flight attendants are on hand with full details.", "Channel":"npc" }
{ "timestamp":"2017-01-16T23:08:55Z", "event":"ReceiveText", "From":"$npc_name_decorate:#name=Cruise Ship;", "From_Localised":"Cruise Ship", "Message":"$CruiseLiner_SCPatrol04;", "Message_Localised":"I'd like to direct your attention to our flight attendants for a brief safety demonstration.", "Channel":"npc" }
{ "timestamp":"2017-01-16T23:08:58Z", "event":"SupercruiseExit", "StarSystem":"Xinca", "Body":"Stross Hub", "BodyType":"Station" }
{ "timestamp":"2017-01-16T23:08:59Z", "event":"ReceiveText", "From":"Stross Hub", "Message":"$STATION_NoFireZone_entered;", "Message_Localised":"No fire zone entered.", "Channel":"npc" }
{ "timestamp":"2017-01-16T23:09:06Z", "event":"DockingRequested", "StationName":"Stross Hub" }
{ "timestamp":"2017-01-16T23:09:06Z", "event":"ReceiveText", "From":"Stross Hub", "Message":"$DockingChatter_Neutral;", "Message_Localised":"Ensure to observe starport protocol during your visit, pilot.", "Channel":"npc" }
{ "timestamp":"2017-01-16T23:09:07Z", "event":"ReceiveText", "From":"Stross Hub", "Message":"$STATION_docking_granted;", "Message_Localised":"Docking request granted.", "Channel":"npc" }
{ "timestamp":"2017-01-16T23:09:07Z", "event":"DockingGranted", "LandingPad":3, "StationName":"Stross Hub" }
{ "timestamp":"2017-01-16T23:10:01Z", "event":"Docked", "StationName":"Stross Hub", "StationType":"Orbis", "StarSystem":"Xinca", "StationFaction":"League of Xinca", "FactionState":"Boom", "StationGovernment":"$government_Dictatorship;", "StationGovernment_Localised":"Dictatorship", "StationEconomy":"$economy_Refinery;", "StationEconomy_Localised":"Refinery" }
{ "timestamp":"2017-01-16T23:10:20Z", "event":"ReceiveText", "From":"$npc_name_decorate:#name=Dean Hutchison;", "From_Localised":"Dean Hutchison", "Message":"$Commuter_AuthorityScan05;", "Message_Localised":"On what grounds are you scanning this vessel, officer?", "Channel":"npc" }
{ "timestamp":"2017-01-16T23:11:01Z", "event":"MissionAccepted", "Faction":"Traditional Xinca League", "Name":"Mission_Delivery", "Commodity":"$Polymers_Name;", "Commodity_Localised":"Polymers", "Count":2, "DestinationSystem":"HIP 36165", "DestinationStation":"Clebsch Survey", "Expiry":"2017-01-17T23:10:18Z", "MissionID":72393890 }
{ "timestamp":"2017-01-16T23:11:31Z", "event":"BuyAmmo", "Cost":75 }
{ "timestamp":"2017-01-16T23:11:32Z", "event":"RepairAll", "Cost":2086 }
{ "timestamp":"2017-01-16T23:11:32Z", "event":"RefuelAll", "Cost":146, "Amount":2.899591 }
{ "timestamp":"2017-01-16T23:12:01Z", "event":"Undocked", "StationName":"Stross Hub", "StationType":"Orbis" }
{ "timestamp":"2017-01-16T23:13:02Z", "event":"SupercruiseEntry", "StarSystem":"Xinca" }
{ "timestamp":"2017-01-16T23:14:15Z", "event":"USSDrop", "USSType":"$USS_Type_Convoy;", "USSType_Localised":"Convoy dispersal pattern detected", "USSThreat":0 }
{ "timestamp":"2017-01-16T23:14:17Z", "event":"SupercruiseExit", "StarSystem":"Xinca", "Body":"Xinca 1", "BodyType":"Planet" }
{ "timestamp":"2017-01-16T23:15:02Z", "event":"SupercruiseEntry", "StarSystem":"Xinca" }
{ "timestamp":"2017-01-16T23:17:02Z", "event":"MaterialCollected", "Category":"Encoded", "Name":"shieldsoakanalysis", "Count":3 }
{ "timestamp":"2017-01-16T23:17:03Z", "event":"MaterialCollected", "Category":"Encoded", "Name":"shieldsoakanalysis", "Count":3 }
{ "timestamp":"2017-01-16T23:17:09Z", "event":"MaterialCollected", "Category":"Encoded", "Name":"shieldsoakanalysis", "Count":3 }
{ "timestamp":"2017-01-16T23:18:21Z", "event":"USSDrop", "USSType":"$USS_Type_VeryValuableSalvage;", "USSType_Localised":"High grade emissions detected", "USSThreat":0 }
{ "timestamp":"2017-01-16T23:18:22Z", "event":"SupercruiseExit", "StarSystem":"Xinca", "Body":"Xinca", "BodyType":"Star" }
{ "timestamp":"2017-01-16T23:18:54Z", "event":"MaterialCollected", "Category":"Manufactured", "Name":"protoheatradiators", "Count":3 }
{ "timestamp":"2017-01-16T23:19:07Z", "event":"MaterialCollected", "Category":"Manufactured", "Name":"protoheatradiators", "Count":3 }
{ "timestamp":"2017-01-16T23:19:29Z", "event":"MaterialCollected", "Category":"Manufactured", "Name":"protoheatradiators", "Count":3 }
{ "timestamp":"2017-01-16T23:19:56Z", "event":"MaterialCollected", "Category":"Manufactured", "Name":"protoheatradiators", "Count":3 }
{ "timestamp":"2017-01-16T23:20:09Z", "event":"SupercruiseEntry", "StarSystem":"Xinca" }
{ "timestamp":"2017-01-16T23:22:33Z", "event":"USSDrop", "USSType":"$USS_Type_Salvage;", "USSType_Localised":"Degraded emissions detected", "USSThreat":0 }
{ "timestamp":"2017-01-16T23:22:34Z", "event":"SupercruiseExit", "StarSystem":"Xinca", "Body":"Xinca", "BodyType":"Star" }
{ "timestamp":"2017-01-16T23:23:01Z", "event":"SupercruiseEntry", "StarSystem":"Xinca" }
{ "timestamp":"2017-01-16T23:25:59Z", "event":"USSDrop", "USSType":"$USS_Type_VeryValuableSalvage;", "USSType_Localised":"High grade emissions detected", "USSThreat":0 }
{ "timestamp":"2017-01-16T23:26:00Z", "event":"SupercruiseExit", "StarSystem":"Xinca", "Body":"Xinca", "BodyType":"Star" }
{ "timestamp":"2017-01-16T23:26:45Z", "event":"MaterialCollected", "Category":"Manufactured", "Name":"protolightalloys", "Count":3 }
{ "timestamp":"2017-01-16T23:27:00Z", "event":"MaterialDiscovered", "Category":"Manufactured", "Name":"protoradiolicalloys", "DiscoveryNumber":8 }
{ "timestamp":"2017-01-16T23:27:00Z", "event":"MaterialCollected", "Category":"Manufactured", "Name":"protoradiolicalloys", "Count":3 }
{ "timestamp":"2017-01-16T23:27:35Z", "event":"MaterialCollected", "Category":"Manufactured", "Name":"protolightalloys", "Count":3 }
{ "timestamp":"2017-01-16T23:27:51Z", "event":"SupercruiseEntry", "StarSystem":"Xinca" }
{ "timestamp":"2017-01-16T23:28:29Z", "event":"ReceiveText", "From":"$npc_name_decorate:#name=Cruise Ship;", "From_Localised":"Cruise Ship", "Message":"$CruiseLiner_SCPatrol04;", "Message_Localised":"I'd like to direct your attention to our flight attendants for a brief safety demonstration.", "Channel":"npc" }
{ "timestamp":"2017-01-16T23:28:57Z", "event":"ReceiveText", "From":"$npc_name_decorate:#name=Cruise Ship;", "From_Localised":"Cruise Ship", "Message":"$CruiseLiner_SCPatrol02;", "Message_Localised":"We will be cruising in-system for a while, please feel free to take advantage of our in-flight entertainment.", "Channel":"npc" }
{ "timestamp":"2017-01-16T23:29:52Z", "event":"MaterialCollected", "Category":"Encoded", "Name":"emissiondata", "Count":3 }
{ "timestamp":"2017-01-16T23:33:21Z", "event":"SupercruiseExit", "StarSystem":"Xinca", "Body":"Xinca", "BodyType":"Star" }
{ "timestamp":"2017-01-16T23:33:45Z", "event":"ReceiveText", "From":"$npc_name_decorate:#name=Martin Seeger;", "From_Localised":"Martin Seeger", "Message":"$BountyHunter_ThankYouPassedStopAndSearch02;", "Message_Localised":"You're not the one I'm looking for. Move along.", "Channel":"npc" }
{ "timestamp":"2017-01-16T23:33:53Z", "event":"ReceiveText", "From":"$npc_name_decorate:#name=Sirius Security;", "From_Localised":"Sirius Security", "Message":"$PowersPirate_OnStartScanCargo03;", "Message_Localised":"Let's see if you have anything for us.", "Channel":"npc" }
{ "timestamp":"2017-01-16T23:33:56Z", "event":"ReceiveText", "From":"$npc_name_decorate:#name=Kurt Tannert;", "From_Localised":"Kurt Tannert", "Message":"$BountyHunter_ThankYouPassedStopAndSearch05;", "Message_Localised":"Keep your nose clean, Commander. Now proceed with your journey.", "Channel":"npc" }
{ "timestamp":"2017-01-16T23:34:03Z", "event":"ReceiveText", "From":"$npc_name_decorate:#name=Sirius Security;", "From_Localised":"Sirius Security", "Message":"$Generic_NoAttackGeneric02;", "Message_Localised":"Well, you were a complete waste of my time and effort.", "Channel":"npc" }
{ "timestamp":"2017-01-16T23:35:28Z", "event":"MaterialDiscovered", "Category":"Encoded", "Name":"fsdtelemetry", "DiscoveryNumber":13 }
{ "timestamp":"2017-01-16T23:35:28Z", "event":"MaterialCollected", "Category":"Encoded", "Name":"fsdtelemetry", "Count":3 }
{ "timestamp":"2017-01-16T23:35:28Z", "event":"MaterialCollected", "Category":"Encoded", "Name":"fsdtelemetry", "Count":3 }
{ "timestamp":"2017-01-16T23:36:12Z", "event":"ReceiveText", "From":"$npc_name_decorate:#name=Adrian Eccles;", "From_Localised":"Adrian Eccles", "Message":"$Smuggler_NearDeath05;", "Message_Localised":"The boss isn't going to like this.", "Channel":"npc" }
{ "timestamp":"2017-01-16T23:37:16Z", "event":"ReceiveText", "From":"$npc_name_decorate:#name=Maximillian Magnus;", "From_Localised":"Maximillian Magnus", "Message":"$Pirate_OnStartScanCargo02;", "Message_Localised":"Carrying anything nice?", "Channel":"npc" }
