{ "timestamp":"2016-12-23T13:17:12Z", "event":"Fileheader", "part":1, "language":"English\\UK", "gameversion":"2.2", "build":"r126898/r0 " }
{ "timestamp":"2016-12-23T13:18:22Z", "event":"LoadGame", "Commander":"Coccolithophore", "Ship":"Asp", "ShipID":2, "GameMode":"Solo", "Credits":45250653, "Loan":0 }
{ "timestamp":"2016-12-23T13:18:22Z", "event":"Rank", "Combat":2, "Trade":2, "Explore":2, "Empire":0, "Federation":0, "CQC":0 }
{ "timestamp":"2016-12-23T13:18:22Z", "event":"Progress", "Combat":94, "Trade":85, "Explore":67, "Empire":0, "Federation":56, "CQC":0 }
{ "timestamp":"2016-12-23T13:18:52Z", "event":"Location", "Docked":true, "StationName":"Tshang City", "StationType":"Coriolis", "StarSystem":"Furuhjelm III-674", "StarPos":[-39.000,-8.125,-87.750], "SystemAllegiance":"Alliance", "SystemEconomy":"$economy_Industrial;", "SystemEconomy_Localised":"Industrial", "SystemGovernment":"$government_Democracy;", "SystemGovernment_Localised":"Democracy", "SystemSecurity":"$SYSTEM_SECURITY_high;", "SystemSecurity_Localised":"High Security", "Body":"Tshang City", "BodyType":"Station", "SystemFaction":"160 S.O.A.R." }
{ "timestamp":"2016-12-23T13:18:53Z", "event":"Docked", "StationName":"Tshang City", "StationType":"Coriolis", "StarSystem":"Furuhjelm III-674", "StationFaction":"160 S.O.A.R.", "StationGovernment":"$government_Democracy;", "StationGovernment_Localised":"Democracy", "StationAllegiance":"Alliance", "StationEconomy":"$economy_Industrial;", "StationEconomy_Localised":"Industrial" }
{ "timestamp":"2016-12-23T13:27:27Z", "event":"ShipyardSwap", "ShipType":"vulture", "ShipID":1, "StoreOldShip":"Asp", "StoreShipID":2 }
{ "timestamp":"2016-12-23T13:27:44Z", "event":"Docked", "StationName":"Tshang City", "StationType":"Coriolis", "StarSystem":"Furuhjelm III-674", "StationFaction":"160 S.O.A.R.", "StationGovernment":"$government_Democracy;", "StationGovernment_Localised":"Democracy", "StationAllegiance":"Alliance", "StationEconomy":"$economy_Industrial;", "StationEconomy_Localised":"Industrial" }
{ "timestamp":"2016-12-23T13:28:49Z", "event":"ModuleBuy", "Slot":"PowerPlant", "SellItem":"$int_powerplant_size4_class4_name;", "SellItem_Localised":"Power Plant", "SellPrice":536693, "BuyItem":"$int_powerplant_size4_class5_name;", "BuyItem_Localised":"Power Plant", "BuyPrice":1610080, "Ship":"vulture", "ShipID":1 }
{ "timestamp":"2016-12-23T13:28:49Z", "event":"ShieldState", "ShieldsUp":false }
{ "timestamp":"2016-12-23T13:28:57Z", "event":"ShieldState", "ShieldsUp":true }
{ "timestamp":"2016-12-23T13:29:00Z", "event":"ModuleBuy", "Slot":"PowerDistributor", "SellItem":"$int_powerdistributor_size4_class5_name;", "SellItem_Localised":"Power Distributor", "SellPrice":439067, "BuyItem":"$int_powerdistributor_size5_class5_name;", "BuyItem_Localised":"Power Distributor", "BuyPrice":1241317, "Ship":"vulture", "ShipID":1 }
{ "timestamp":"2016-12-23T13:34:26Z", "event":"ModuleBuy", "Slot":"MainEngines", "SellItem":"$int_engine_size5_class4_name;", "SellItem_Localised":"Thrusters", "SellPrice":1701318, "BuyItem":"$int_engine_size5_class5_name;", "BuyItem_Localised":"Thrusters", "BuyPrice":5103953, "Ship":"vulture", "ShipID":1 }
{ "timestamp":"2016-12-23T13:35:38Z", "event":"ModuleBuy", "Slot":"Slot01_Size5", "SellItem":"$int_shieldgenerator_size5_class4_name;", "SellItem_Localised":"Shield Generator", "SellPrice":1701318, "BuyItem":"$int_shieldgenerator_size5_class5_name;", "BuyItem_Localised":"Shield Generator", "BuyPrice":5103953, "Ship":"vulture", "ShipID":1 }
{ "timestamp":"2016-12-23T13:35:49Z", "event":"ModuleBuy", "Slot":"Slot03_Size2", "SellItem":"$int_stellarbodydiscoveryscanner_standard_name;", "SellItem_Localised":"D - Scanner", "SellPrice":1000, "BuyItem":"$int_stellarbodydiscoveryscanner_advanced_name;", "BuyItem_Localised":"D - Scanner", "BuyPrice":1545000, "Ship":"vulture", "ShipID":1 }
{ "timestamp":"2016-12-23T13:36:10Z", "event":"RefuelAll", "Cost":31, "Amount":0.596073 }
{ "timestamp":"2016-12-23T13:36:11Z", "event":"BuyAmmo", "Cost":1166 }
{ "timestamp":"2016-12-23T13:36:29Z", "event":"SellExplorationData", "Systems":[ "HIP 85074", "Col 285 Sector QV-K c9-1", "Col 285 Sector NS-T b19-0", "Col 285 Sector TX-U b18-0", "Piscium Sector ZK-X b1-0", "Col 285 Sector SX-U b18-1", "Col 285 Sector AY-V b17-1", "Divja Mu", "Col 285 Sector PC-V b18-2", "Col 285 Sector XC-W b17-2", "Cephei Sector OY-R b4-2", "Col 285 Sector JM-V b18-3", "Col 285 Sector MH-V b18-3", "Col 285 Sector WC-W b17-3", "Cephei Sector NX-U b2-5" ], "Discovered":[  ], "BaseValue":83337, "Bonus":0 }
{ "timestamp":"2016-12-23T13:36:35Z", "event":"RepairAll", "Cost":246 }
{ "timestamp":"2016-12-23T13:39:51Z", "event":"Undocked", "StationName":"Tshang City", "StationType":"Coriolis" }
{ "timestamp":"2016-12-23T13:40:21Z", "event":"ReceiveText", "From":"Tshang City", "Message":"$STATION_NoFireZone_exited;", "Message_Localised":"No fire zone left.", "Channel":"npc" }
{ "timestamp":"2016-12-23T13:40:56Z", "event":"SupercruiseEntry", "StarSystem":"Furuhjelm III-674" }
{ "timestamp":"2016-12-23T13:45:12Z", "event":"SupercruiseExit", "StarSystem":"Furuhjelm III-674", "Body":"Furuhjelm III-674 11 A Ring", "BodyType":"PlanetaryRing" }
{ "timestamp":"2016-12-23T13:45:31Z", "event":"MaterialCollected", "Category":"Encoded", "Name":"shielddensityreports", "Count":3 }
{ "timestamp":"2016-12-23T13:45:36Z", "event":"ReceiveText", "From":"$npc_name_decorate:#name=Ioannis;", "From_Localised":"Ioannis", "Message":"$Pirate_OnStartScanCargo07;", "Message_Localised":"Do you have anything of value?", "Channel":"npc" }
{ "timestamp":"2016-12-23T13:45:45Z", "event":"ReceiveText", "From":"$npc_name_decorate:#name=Ioannis;", "From_Localised":"Ioannis", "Message":"$Pirate_OnDeclarePiracyAttack03;", "Message_Localised":"Now you die, victim.", "Channel":"npc" }
{ "timestamp":"2016-12-23T13:46:04Z", "event":"ReceiveText", "From":"$ShipName_Police_Alliance;", "From_Localised":"Allied Police Forces", "Message":"$Police_ArriveInvestigate05;", "Message_Localised":"Police response unit in position.", "Channel":"npc" }
{ "timestamp":"2016-12-23T13:46:05Z", "event":"ReceiveText", "From":"$ShipName_Police_Alliance;", "From_Localised":"Allied Police Forces", "Message":"$Police_ArrivedAtInvestigationLocation03;", "Message_Localised":"Crime scene cordon initialised, all ships must submit to police scan.", "Channel":"npc" }
{ "timestamp":"2016-12-23T13:46:22Z", "event":"ReceiveText", "From":"$npc_name_decorate:#name=Gohla;", "From_Localised":"Gohla", "Message":"$Pirate_OnStartScanCargo11;", "Message_Localised":"I hope you have something good in your hold.", "Channel":"npc" }
{ "timestamp":"2016-12-23T13:46:32Z", "event":"ReceiveText", "From":"$npc_name_decorate:#name=Gohla;", "From_Localised":"Gohla", "Message":"$Pirate_OnNoCargoFound03;", "Message_Localised":"No cargo? Useless dreg.", "Channel":"npc" }
{ "timestamp":"2016-12-23T13:46:46Z", "event":"Bounty", "Rewards":[ { "Faction":"160 S.O.A.R.", "Reward":86750 } ], "TotalReward":86750, "VictimFaction":"Dominion of Furuhjelm III-674" }
{ "timestamp":"2016-12-23T13:47:01Z", "event":"ReceiveText", "From":"$ShipName_Police_Alliance;", "From_Localised":"Allied Police Forces", "Message":"$Police_ThankYouPassedStopAndSearch10;", "Message_Localised":"Everything looks fine, Commander. Have a good day.", "Channel":"npc" }
{ "timestamp":"2016-12-23T13:47:01Z", "event":"MaterialCollected", "Category":"Encoded", "Name":"shieldpatternanalysis", "Count":3 }
{ "timestamp":"2016-12-23T13:47:02Z", "event":"MaterialCollected", "Category":"Encoded", "Name":"decodedemissiondata", "Count":3 }
{ "timestamp":"2016-12-23T13:48:40Z", "event":"ReceiveText", "From":"$npc_name_decorate:#name=Gohla;", "From_Localised":"Gohla", "Message":"$BadKarmaCriticalDamage09;", "Message_Localised":"I can see when I'm outmatched.", "Channel":"npc" }
{ "timestamp":"2016-12-23T13:49:12Z", "event":"Bounty", "Rewards":[ { "Faction":"160 S.O.A.R.", "Reward":121100 } ], "TotalReward":121100, "VictimFaction":"160 S.O.A.R." }
{ "timestamp":"2016-12-23T13:49:46Z", "event":"ReceiveText", "From":"$npc_name_decorate:#name=Knudsen;", "From_Localised":"Knudsen", "Message":"$MinerCriticalDamage05;", "Message_Localised":"Damn you!", "Channel":"npc" }
{ "timestamp":"2016-12-23T13:50:51Z", "event":"ReceiveText", "From":"$npc_name_decorate:#name=Erica Summers;", "From_Localised":"Erica Summers", "Message":"$Pirate_OnStartScanCargo04;", "Message_Localised":"What do you carry, I wonder?", "Channel":"npc" }
{ "timestamp":"2016-12-23T13:51:01Z", "event":"ReceiveText", "From":"$npc_name_decorate:#name=Erica Summers;", "From_Localised":"Erica Summers", "Message":"$Pirate_OnNoCargoFound08;", "Message_Localised":"A wasted effort. There's no cargo here.", "Channel":"npc" }
{ "timestamp":"2016-12-23T13:52:16Z", "event":"ShieldState", "ShieldsUp":false }
{ "timestamp":"2016-12-23T13:52:17Z", "event":"HullDamage", "Health":0.752671 }
{ "timestamp":"2016-12-23T13:52:17Z", "event":"ReceiveText", "From":"$npc_name_decorate:#name=Erica Summers;", "From_Localised":"Erica Summers", "Message":"$BadKarmaCriticalDamage01;", "Message_Localised":"How is this happening?!", "Channel":"npc" }
{ "timestamp":"2016-12-23T13:52:17Z", "event":"HullDamage", "Health":0.578578 }
{ "timestamp":"2016-12-23T13:52:26Z", "event":"ReceiveText", "From":"$npc_name_decorate:#name=Aeffi Matz;", "From_Localised":"Aeffi Matz", "Message":"$BadKarmaCriticalDamage02;", "Message_Localised":"Impossible!", "Channel":"npc" }
{ "timestamp":"2016-12-23T13:52:33Z", "event":"ReceiveText", "From":"$npc_name_decorate:#name=Jason Frost;", "From_Localised":"Jason Frost", "Message":"$Pirate_OnStartScanCargo03;", "Message_Localised":"What are you hauling?", "Channel":"npc" }
{ "timestamp":"2016-12-23T13:52:43Z", "event":"ReceiveText", "From":"$npc_name_decorate:#name=Jason Frost;", "From_Localised":"Jason Frost", "Message":"$Pirate_OnNoCargoFound08;", "Message_Localised":"A wasted effort. There's no cargo here.", "Channel":"npc" }
{ "timestamp":"2016-12-23T13:52:53Z", "event":"CockpitBreached" }
{ "timestamp":"2016-12-23T13:52:55Z", "event":"HullDamage", "Health":0.390360 }
{ "timestamp":"2016-12-23T13:53:17Z", "event":"HullDamage", "Health":0.185294 }
{ "timestamp":"2016-12-23T13:53:24Z", "event":"ReceiveText", "From":"$npc_name_decorate:#name=Richard Byrne;", "From_Localised":"Richard Byrne", "Message":"$Pirate_OnStartScanCargo11;", "Message_Localised":"I hope you have something good in your hold.", "Channel":"npc" }
{ "timestamp":"2016-12-23T13:53:35Z", "event":"HeatWarning" }
{ "timestamp":"2016-12-23T13:53:39Z", "event":"Died", "KillerName":"Erica Summers", "KillerShip":"federation_dropship", "KillerRank":"Dangerous" }
{ "timestamp":"2016-12-23T13:54:26Z", "event":"Resurrect", "Option":"rebuy", "Cost":1116060, "Bankrupt":false }
{ "timestamp":"2016-12-23T13:54:43Z", "event":"Location", "Docked":true, "StationName":"Tshang City", "StationType":"Coriolis", "StarSystem":"Furuhjelm III-674", "StarPos":[-39.000,-8.125,-87.750], "SystemAllegiance":"Alliance", "SystemEconomy":"$economy_Industrial;", "SystemEconomy_Localised":"Industrial", "SystemGovernment":"$government_Democracy;", "SystemGovernment_Localised":"Democracy", "SystemSecurity":"$SYSTEM_SECURITY_high;", "SystemSecurity_Localised":"High Security", "Body":"Tshang City", "BodyType":"Station", "SystemFaction":"160 S.O.A.R." }
{ "timestamp":"2016-12-23T13:54:44Z", "event":"Docked", "StationName":"Tshang City", "StationType":"Coriolis", "StarSystem":"Furuhjelm III-674", "StationFaction":"160 S.O.A.R.", "StationGovernment":"$government_Democracy;", "StationGovernment_Localised":"Democracy", "StationAllegiance":"Alliance", "StationEconomy":"$economy_Industrial;", "StationEconomy_Localised":"Industrial" }
{ "timestamp":"2016-12-23T13:56:20Z", "event":"Undocked", "StationName":"Tshang City", "StationType":"Coriolis" }
{ "timestamp":"2016-12-23T13:56:44Z", "event":"ReceiveText", "From":"Tshang City", "Message":"$STATION_NoFireZone_exited;", "Message_Localised":"No fire zone left.", "Channel":"npc" }
{ "timestamp":"2016-12-23T13:57:01Z", "event":"SupercruiseEntry", "StarSystem":"Furuhjelm III-674" }
{ "timestamp":"2016-12-23T14:01:53Z", "event":"SupercruiseExit", "StarSystem":"Furuhjelm III-674", "Body":"Furuhjelm III-674 10 A Ring", "BodyType":"PlanetaryRing" }
{ "timestamp":"2016-12-23T14:02:57Z", "event":"SupercruiseEntry", "StarSystem":"Furuhjelm III-674" }
{ "timestamp":"2016-12-23T14:04:09Z", "event":"SupercruiseExit", "StarSystem":"Furuhjelm III-674", "Body":"Furuhjelm III-674 10 A Ring", "BodyType":"PlanetaryRing" }
{ "timestamp":"2016-12-23T14:04:22Z", "event":"ReceiveText", "From":"$npc_name_decorate:#name=Allan Brown;", "From_Localised":"Allan Brown", "Message":"$Pirate_OnStartScanCargo10;", "Message_Localised":"Let me see what you have.", "Channel":"npc" }
{ "timestamp":"2016-12-23T14:04:37Z", "event":"ReceiveText", "From":"$npc_name_decorate:#name=Allan Brown;", "From_Localised":"Allan Brown", "Message":"$Pirate_OnNoCargoFound04;", "Message_Localised":"Another dud? Damn it all!", "Channel":"npc" }
{ "timestamp":"2016-12-23T14:05:05Z", "event":"ReceiveText", "From":"$ShipName_Police_Alliance;", "From_Localised":"Allied Police Forces", "Message":"$Police_ArriveInvestigate03;", "Message_Localised":"Crime response flight deployed.", "Channel":"npc" }
{ "timestamp":"2016-12-23T14:05:06Z", "event":"ReceiveText", "From":"$ShipName_Police_Alliance;", "From_Localised":"Allied Police Forces", "Message":"$Police_ArrivedAtInvestigationLocation01;", "Message_Localised":"All citizens must submit to authority scans. Do not attempt to flee!", "Channel":"npc" }
{ "timestamp":"2016-12-23T14:05:06Z", "event":"Bounty", "Rewards":[ { "Faction":"160 S.O.A.R.", "Reward":4452 } ], "TotalReward":4452, "VictimFaction":"Dominion of Furuhjelm III-674" }
{ "timestamp":"2016-12-23T14:05:12Z", "event":"ReceiveText", "From":"$npc_name_decorate:#name=M. Boesen;", "From_Localised":"M. Boesen", "Message":"$Pirate_OnStartScanCargo08;", "Message_Localised":"What do you have in your cargo hold?", "Channel":"npc" }
{ "timestamp":"2016-12-23T14:05:30Z", "event":"ReceiveText", "From":"$npc_name_decorate:#name=M. Boesen;", "From_Localised":"M. Boesen", "Message":"$Pirate_OnNoCargoFound05;", "Message_Localised":"How do you fools make a living?", "Channel":"npc" }
{ "timestamp":"2016-12-23T14:05:46Z", "event":"Bounty", "Rewards":[ { "Faction":"160 S.O.A.R.", "Reward":14847 } ], "TotalReward":14847, "VictimFaction":"Dominion of Furuhjelm III-674" }
{ "timestamp":"2016-12-23T14:05:59Z", "event":"ReceiveText", "From":"$ShipName_Police_Alliance;", "From_Localised":"Allied Police Forces", "Message":"$Police_ArriveInvestigate01;", "Message_Localised":"Investigating reports of crime.", "Channel":"npc" }
{ "timestamp":"2016-12-23T14:06:29Z", "event":"ReceiveText", "From":"$npc_name_decorate:#name=Nodrog;", "From_Localised":"Nodrog", "Message":"$BadKarmaCriticalDamage07;", "Message_Localised":"Too much damage!", "Channel":"npc" }
{ "timestamp":"2016-12-23T14:06:35Z", "event":"ReceiveText", "From":"$npc_name_decorate:#name=Kojico;", "From_Localised":"Kojico", "Message":"$Pirate_OnStartScanCargo03;", "Message_Localised":"What are you hauling?", "Channel":"npc" }
{ "timestamp":"2016-12-23T14:06:41Z", "event":"Bounty", "Rewards":[ { "Faction":"160 S.O.A.R.", "Reward":31669 } ], "TotalReward":31669, "VictimFaction":"United Sussche Partnership" }
{ "timestamp":"2016-12-23T14:06:44Z", "event":"ReceiveText", "From":"$ShipName_Police_Alliance;", "From_Localised":"Allied Police Forces", "Message":"$Police_ArrivedAtInvestigationLocation06;", "Message_Localised":"Crime response team in situ. Security sweep and scan commencing.", "Channel":"npc" }
{ "timestamp":"2016-12-23T14:06:45Z", "event":"ReceiveText", "From":"$npc_name_decorate:#name=Kojico;", "From_Localised":"Kojico", "Message":"$Pirate_OnNoCargoFound09;", "Message_Localised":"Next time you should fill your hold with gold.", "Channel":"npc" }
{ "timestamp":"2016-12-23T14:07:02Z", "event":"ReceiveText", "From":"$npc_name_decorate:#name=Kojico;", "From_Localised":"Kojico", "Message":"$Pirate_OnDeclarePiracyAttack03;", "Message_Localised":"Now you die, victim.", "Channel":"npc" }
{ "timestamp":"2016-12-23T14:07:23Z", "event":"ReceiveText", "From":"$npc_name_decorate:#name=M. Boesen;", "From_Localised":"M. Boesen", "Message":"$BadKarmaCriticalDamage04;", "Message_Localised":"I don't believe it!", "Channel":"npc" }
{ "timestamp":"2016-12-23T14:07:44Z", "event":"ReceiveText", "From":"$ShipName_Police_Alliance;", "From_Localised":"Allied Police Forces", "Message":"$Police_FinishedAtInvestigationLocation02;", "Message_Localised":"Investigation is complete, you may be on your way.", "Channel":"npc" }
{ "timestamp":"2016-12-23T14:07:47Z", "event":"Bounty", "Rewards":[ { "Faction":"Alliance", "Reward":7087 } ], "TotalReward":7087, "VictimFaction":"Furuhjelm III-674 Federal Ltd" }
{ "timestamp":"2016-12-23T14:07:47Z", "event":"Promotion", "Combat":3 }
{ "timestamp":"2016-12-23T14:08:30Z", "event":"MaterialCollected", "Category":"Encoded", "Name":"shieldsoakanalysis", "Count":3 }
{ "timestamp":"2016-12-23T14:08:30Z", "event":"MaterialCollected", "Category":"Encoded", "Name":"bulkscandata", "Count":3 }
{ "timestamp":"2016-12-23T14:09:52Z", "event":"ReceiveText", "From":"$npc_name_decorate:#name=Candide;", "From_Localised":"Candide", "Message":"$Pirate_OnStartScanCargo06;", "Message_Localised":"Let's see what you are carrying.", "Channel":"npc" }
{ "timestamp":"2016-12-23T14:10:04Z", "event":"ReceiveText", "From":"$npc_name_decorate:#name=Tom Zeleck;", "From_Localised":"Tom Zeleck", "Message":"$Pirate_OnStartScanCargo05;", "Message_Localised":"What treats do you carry?", "Channel":"npc" }
{ "timestamp":"2016-12-23T14:10:14Z", "event":"ReceiveText", "From":"$npc_name_decorate:#name=Tom Zeleck;", "From_Localised":"Tom Zeleck", "Message":"$Pirate_OnNoCargoFound11;", "Message_Localised":"Another empty cargo hold. My children will go hungry tonight.", "Channel":"npc" }
{ "timestamp":"2016-12-23T14:10:21Z", "event":"ReceiveText", "From":"$npc_name_decorate:#name=Chris Taylor;", "From_Localised":"Chris Taylor", "Message":"$Pirate_OnStartScanCargo09;", "Message_Localised":"The scan will soon be over.", "Channel":"npc" }
{ "timestamp":"2016-12-23T14:10:31Z", "event":"ReceiveText", "From":"$npc_name_decorate:#name=Chris Taylor;", "From_Localised":"Chris Taylor", "Message":"$Pirate_OnNoCargoFound06;", "Message_Localised":"Another dream of riches dashed.", "Channel":"npc" }
{ "timestamp":"2016-12-23T14:10:32Z", "event":"ShieldState", "ShieldsUp":false }
{ "timestamp":"2016-12-23T14:11:04Z", "event":"Bounty", "Rewards":[ { "Faction":"160 S.O.A.R.", "Reward":200 }, { "Faction":"Alliance", "Reward":16942 } ], "TotalReward":17142, "VictimFaction":"Furuhjelm III-674 Republic Party" }
{ "timestamp":"2016-12-23T14:11:58Z", "event":"Bounty", "Rewards":[ { "Faction":"160 S.O.A.R.", "Reward":400 }, { "Faction":"Alliance", "Reward":40560 } ], "TotalReward":40960, "VictimFaction":"Furuhjelm III-674 PLC" }
{ "timestamp":"2016-12-23T14:12:00Z", "event":"ReceiveText", "From":"$npc_name_decorate:#name=NinjaBunni;", "From_Localised":"NinjaBunni", "Message":"$Pirate_OnStartScanCargo08;", "Message_Localised":"What do you have in your cargo hold?", "Channel":"npc" }
{ "timestamp":"2016-12-23T14:12:06Z", "event":"ShieldState", "ShieldsUp":true }
{ "timestamp":"2016-12-23T14:12:10Z", "event":"ReceiveText", "From":"$npc_name_decorate:#name=NinjaBunni;", "From_Localised":"NinjaBunni", "Message":"$Pirate_OnNoCargoFound10;", "Message_Localised":"There's nothing worth my while here.", "Channel":"npc" }
{ "timestamp":"2016-12-23T14:12:13Z", "event":"ReceiveText", "From":"$npc_name_decorate:#name=NinjaBunni;", "From_Localised":"NinjaBunni", "Message":"$Pirate_OnDeclarePiracyAttack04;", "Message_Localised":"I'm gonna boil you up!", "Channel":"npc" }
{ "timestamp":"2016-12-23T14:12:25Z", "event":"ReceiveText", "From":"$npc_name_decorate:#name=Kevin Gilmartin;", "From_Localised":"Kevin Gilmartin", "Message":"$BadKarmaCriticalDamage07;", "Message_Localised":"Too much damage!", "Channel":"npc" }
{ "timestamp":"2016-12-23T14:12:56Z", "event":"Bounty", "Rewards":[ { "Faction":"160 S.O.A.R.", "Reward":31880 } ], "TotalReward":31880, "VictimFaction":"Dominion of Furuhjelm III-674" }
{ "timestamp":"2016-12-23T14:14:05Z", "event":"SupercruiseEntry", "StarSystem":"Furuhjelm III-674" }
{ "timestamp":"2016-12-23T14:17:55Z", "event":"ReceiveText", "From":"$npc_name_decorate:#name=Robert 'Bob' Dart;", "From_Localised":"Robert 'Bob' Dart", "Message":"$Pirate_StartInterdiction02;", "Message_Localised":"There's no escape!", "Channel":"npc" }
{ "timestamp":"2016-12-23T14:18:01Z", "event":"Interdicted", "Submitted":true, "Interdictor":"Robert 'Bob' Dart", "IsPlayer":false, "Faction":"Furuhjelm III-674 Republic Party" }
{ "timestamp":"2016-12-23T14:18:02Z", "event":"SupercruiseExit", "StarSystem":"Furuhjelm III-674", "Body":"Furuhjelm III-674", "BodyType":"Star" }
{ "timestamp":"2016-12-23T14:18:03Z", "event":"ReceiveText", "From":"$npc_name_decorate:#name=Robert 'Bob' Dart;", "From_Localised":"Robert 'Bob' Dart", "Message":"$Pirate_Arrival11;", "Message_Localised":"Empty your cargo hold and everything will be fine.", "Channel":"npc" }
{ "timestamp":"2016-12-23T14:18:19Z", "event":"ReceiveText", "From":"$npc_name_decorate:#name=Robert 'Bob' Dart;", "From_Localised":"Robert 'Bob' Dart", "Message":"$Pirate_OnDeclarePiracyAttack04;", "Message_Localised":"I'm gonna boil you up!", "Channel":"npc" }
{ "timestamp":"2016-12-23T14:18:36Z", "event":"ReceiveText", "From":"$ShipName_Police_Alliance;", "From_Localised":"Allied Police Forces", "Message":"$Police_ArriveInvestigate05;", "Message_Localised":"Police response unit in position.", "Channel":"npc" }
{ "timestamp":"2016-12-23T14:18:40Z", "event":"SupercruiseEntry", "StarSystem":"Furuhjelm III-674" }
{ "timestamp":"2016-12-23T14:19:45Z", "event":"SupercruiseExit", "StarSystem":"Furuhjelm III-674", "Body":"Tshang City", "BodyType":"Station" }
{ "timestamp":"2016-12-23T14:20:02Z", "event":"DockingRequested", "StationName":"Tshang City" }
{ "timestamp":"2016-12-23T14:20:02Z", "event":"ReceiveText", "From":"Tshang City", "Message":"$DockingChatter_Neutral;", "Message_Localised":"Ensure to observe starport protocol during your visit, pilot.", "Channel":"npc" }
{ "timestamp":"2016-12-23T14:20:03Z", "event":"ReceiveText", "From":"Tshang City", "Message":"$STATION_docking_granted;", "Message_Localised":"Docking request granted.", "Channel":"npc" }
{ "timestamp":"2016-12-23T14:20:03Z", "event":"DockingGranted", "LandingPad":1, "StationName":"Tshang City" }
{ "timestamp":"2016-12-23T14:20:08Z", "event":"ReceiveText", "From":"Tshang City", "Message":"$STATION_NoFireZone_entered;", "Message_Localised":"No fire zone entered.", "Channel":"npc" }
{ "timestamp":"2016-12-23T14:20:14Z", "event":"ReceiveText", "From":"Tshang City", "Message":"$STATION_NoFireZone_exited;", "Message_Localised":"No fire zone left.", "Channel":"npc" }
{ "timestamp":"2016-12-23T14:20:19Z", "event":"ReceiveText", "From":"Tshang City", "Message":"$STATION_NoFireZone_entered;", "Message_Localised":"No fire zone entered.", "Channel":"npc" }
{ "timestamp":"2016-12-23T14:20:57Z", "event":"Docked", "StationName":"Tshang City", "StationType":"Coriolis", "StarSystem":"Furuhjelm III-674", "StationFaction":"160 S.O.A.R.", "StationGovernment":"$government_Democracy;", "StationGovernment_Localised":"Democracy", "StationAllegiance":"Alliance", "StationEconomy":"$economy_Industrial;", "StationEconomy_Localised":"Industrial" }
{ "timestamp":"2016-12-23T14:21:09Z", "event":"RepairAll", "Cost":8100 }
{ "timestamp":"2016-12-23T14:21:17Z", "event":"RedeemVoucher", "Type":"bounty", "Amount":148037 }
{ "timestamp":"2016-12-23T14:23:26Z", "event":"BuyAmmo", "Cost":1534 }
{ "timestamp":"2016-12-23T14:23:26Z", "event":"RefuelAll", "Cost":29, "Amount":0.564788 }
