{ "timestamp":"2016-12-17T16:25:28Z", "event":"Fileheader", "part":1, "language":"English\\UK", "gameversion":"2.2", "build":"r126898/r0 " }
{ "timestamp":"2016-12-17T16:26:03Z", "event":"LoadGame", "Commander":"Coccolithophore", "Ship":"Vulture", "ShipID":1, "GameMode":"Solo", "Credits":1152430, "Loan":0 }
{ "timestamp":"2016-12-17T16:26:03Z", "event":"Rank", "Combat":1, "Trade":2, "Explore":2, "Empire":0, "Federation":0, "CQC":0 }
{ "timestamp":"2016-12-17T16:26:03Z", "event":"Progress", "Combat":50, "Trade":82, "Explore":16, "Empire":0, "Federation":22, "CQC":0 }
{ "timestamp":"2016-12-17T16:26:35Z", "event":"Location", "Docked":true, "StationName":"Whitson Orbital", "StationType":"Orbis", "StarSystem":"LP 339-7", "StarPos":[-70.063,-8.281,27.906], "SystemAllegiance":"Federation", "SystemEconomy":"$economy_Agri;", "SystemEconomy_Localised":"Agriculture", "SystemGovernment":"$government_Corporate;", "SystemGovernment_Localised":"Corporate", "SystemSecurity":"$SYSTEM_SECURITY_high;", "SystemSecurity_Localised":"High Security", "Body":"Whitson Orbital", "BodyType":"Station", "SystemFaction":"Starship Enterprises", "FactionState":"Boom" }
{ "timestamp":"2016-12-17T16:26:35Z", "event":"Docked", "StationName":"Whitson Orbital", "StationType":"Orbis", "StarSystem":"LP 339-7", "StationFaction":"Starship Enterprises", "FactionState":"Boom", "StationGovernment":"$government_Corporate;", "StationGovernment_Localised":"Corporate", "StationAllegiance":"Federation", "StationEconomy":"$economy_Agri;", "StationEconomy_Localised":"Agriculture" }
{ "timestamp":"2016-12-17T16:28:13Z", "event":"ReceiveText", "From":"$npc_name_decorate:#name=karinou;", "From_Localised":"karinou", "Message":"$Commuter_AuthorityScan04;", "Message_Localised":"Is this really necessary?", "Channel":"npc" }
{ "timestamp":"2016-12-17T16:28:27Z", "event":"Undocked", "StationName":"Whitson Orbital", "StationType":"Orbis" }
{ "timestamp":"2016-12-17T16:29:22Z", "event":"SupercruiseEntry", "StarSystem":"LP 339-7" }
{ "timestamp":"2016-12-17T16:30:15Z", "event":"ReceiveText", "From":"$npc_name_decorate:#name=Cruise Ship;", "From_Localised":"Cruise Ship", "Message":"$CruiseLiner_SCPatrol02;", "Message_Localised":"We will be cruising in-system for a while, please feel free to take advantage of our in-flight entertainment.", "Channel":"npc" }
{ "timestamp":"2016-12-17T16:30:40Z", "event":"ReceiveText", "From":"$npc_name_decorate:#name=Cruise Ship;", "From_Localised":"Cruise Ship", "Message":"$CruiseLiner_SCPatrol01;", "Message_Localised":"And don't forget, this Liner is in the top 1% of all Liners out there.", "Channel":"npc" }
{ "timestamp":"2016-12-17T16:31:06Z", "event":"ReceiveText", "From":"$npc_name_decorate:#name=Cruise Ship;", "From_Localised":"Cruise Ship", "Message":"$CruiseLiner_SCPatrol01;", "Message_Localised":"And don't forget, this Liner is in the top 1% of all Liners out there.", "Channel":"npc" }
{ "timestamp":"2016-12-17T16:35:46Z", "event":"SupercruiseExit", "StarSystem":"LP 339-7", "Body":"LP 339-7 5 A Ring", "BodyType":"PlanetaryRing" }
{ "timestamp":"2016-12-17T16:36:33Z", "event":"ReceiveText", "From":"$npc_name_decorate:#name=Andrew Panter-Brick;", "From_Localised":"Andrew Panter-Brick", "Message":"$Pirate_OnStartScanCargo06;", "Message_Localised":"Let's see what you are carrying.", "Channel":"npc" }
{ "timestamp":"2016-12-17T16:37:00Z", "event":"ReceiveText", "From":"$ShipName_Police_Federation;", "From_Localised":"Federal Security Service", "Message":"$Police_ArriveInvestigate04;", "Message_Localised":"Emergency response squad in position.", "Channel":"npc" }
{ "timestamp":"2016-12-17T16:37:13Z", "event":"ReceiveText", "From":"$ShipName_Police_Federation;", "From_Localised":"Federal Security Service", "Message":"$Police_ArrivedAtInvestigationLocation02;", "Message_Localised":"Cease and desist! Submit to authority scans immediately!", "Channel":"npc" }
{ "timestamp":"2016-12-17T16:37:26Z", "event":"ReceiveText", "From":"$npc_name_decorate:#name=Andrew Panter-Brick;", "From_Localised":"Andrew Panter-Brick", "Message":"$BadKarmaCriticalDamage05;", "Message_Localised":"No, no!", "Channel":"npc" }
{ "timestamp":"2016-12-17T16:37:34Z", "event":"ReceiveText", "From":"$ShipName_Police_Federation;", "From_Localised":"Federal Security Service", "Message":"$Police_ArrivedAtInvestigationLocation02;", "Message_Localised":"Cease and desist! Submit to authority scans immediately!", "Channel":"npc" }
{ "timestamp":"2016-12-17T16:37:49Z", "event":"Bounty", "Rewards":[ { "Faction":"Starship Enterprises", "Reward":400 }, { "Faction":"Federation", "Reward":51187 } ], "TotalReward":51587, "VictimFaction":"LP 339-7 Blue Clan" }
{ "timestamp":"2016-12-17T16:37:50Z", "event":"ReceiveText", "From":"$npc_name_decorate:#name=Georgiepops;", "From_Localised":"Georgiepops", "Message":"$BadKarmaCriticalDamage08;", "Message_Localised":"I've taken too many hits.", "Channel":"npc" }
{ "timestamp":"2016-12-17T16:38:06Z", "event":"MaterialCollected", "Category":"Encoded", "Name":"decodedemissiondata", "Count":3 }
{ "timestamp":"2016-12-17T16:38:23Z", "event":"ReceiveText", "From":"$npc_name_decorate:#name=Shield of Justice;", "From_Localised":"Shield of Justice", "Message":"$BadKarmaCriticalDamage06;", "Message_Localised":"I hadn't expected this.", "Channel":"npc" }
{ "timestamp":"2016-12-17T16:39:00Z", "event":"Bounty", "Rewards":[ { "Faction":"Starship Enterprises", "Reward":400 }, { "Faction":"Federation", "Reward":39712 } ], "TotalReward":40112, "VictimFaction":"United Pontus League" }
{ "timestamp":"2016-12-17T16:39:39Z", "event":"Bounty", "Rewards":[ { "Faction":"Starship Enterprises", "Reward":178827 } ], "TotalReward":178827, "VictimFaction":"United Pontus League" }
{ "timestamp":"2016-12-17T16:40:12Z", "event":"ReceiveText", "From":"$npc_name_decorate:#name=Suffoice;", "From_Localised":"Suffoice", "Message":"$Pirate_OnStartScanCargo01;", "Message_Localised":"I see all!", "Channel":"npc" }
{ "timestamp":"2016-12-17T16:40:18Z", "event":"ReceiveText", "From":"$npc_name_decorate:#name=Jerry Phillips;", "From_Localised":"Jerry Phillips", "Message":"$Pirate_OnStartScanCargo08;", "Message_Localised":"What do you have in your cargo hold?", "Channel":"npc" }
{ "timestamp":"2016-12-17T16:40:22Z", "event":"ReceiveText", "From":"$npc_name_decorate:#name=Suffoice;", "From_Localised":"Suffoice", "Message":"$Pirate_LargeCargoIgnoreThreat05;", "Message_Localised":"You look like a fish worth landing.", "Channel":"npc" }
{ "timestamp":"2016-12-17T16:40:29Z", "event":"ReceiveText", "From":"$npc_name_decorate:#name=Jerry Phillips;", "From_Localised":"Jerry Phillips", "Message":"$Pirate_LargeCargoIgnoreThreat07;", "Message_Localised":"The bigger they are, the bigger the haul.", "Channel":"npc" }
{ "timestamp":"2016-12-17T16:40:32Z", "event":"ReceiveText", "From":"$npc_name_decorate:#name=Suffoice;", "From_Localised":"Suffoice", "Message":"$Pirate_OnDeclarePiracyAttack04;", "Message_Localised":"I'm gonna boil you up!", "Channel":"npc" }
{ "timestamp":"2016-12-17T16:40:39Z", "event":"ReceiveText", "From":"$npc_name_decorate:#name=Jerry Phillips;", "From_Localised":"Jerry Phillips", "Message":"$Pirate_OnDeclarePiracyAttack04;", "Message_Localised":"I'm gonna boil you up!", "Channel":"npc" }
{ "timestamp":"2016-12-17T16:40:44Z", "event":"ShieldState", "ShieldsUp":false }
{ "timestamp":"2016-12-17T16:40:49Z", "event":"HullDamage", "Health":0.766854 }
{ "timestamp":"2016-12-17T16:40:59Z", "event":"HullDamage", "Health":0.541944 }
{ "timestamp":"2016-12-17T16:41:00Z", "event":"ReceiveText", "From":"$npc_name_decorate:#name=Suffoice;", "From_Localised":"Suffoice", "Message":"$Pirate_OnDeclarePiracyAttack09;", "Message_Localised":"I will end you!", "Channel":"npc" }
{ "timestamp":"2016-12-17T16:41:17Z", "event":"ReceiveText", "From":"$npc_name_decorate:#name=Jerry Phillips;", "From_Localised":"Jerry Phillips", "Message":"$BadKarmaCriticalDamage07;", "Message_Localised":"Too much damage!", "Channel":"npc" }
{ "timestamp":"2016-12-17T16:41:30Z", "event":"HullDamage", "Health":0.364525 }
{ "timestamp":"2016-12-17T16:42:46Z", "event":"SupercruiseEntry", "StarSystem":"LP 339-7" }
{ "timestamp":"2016-12-17T16:43:07Z", "event":"ReceiveText", "From":"$npc_name_decorate:#name=BladeSmells;", "From_Localised":"BladeSmells", "Message":"$Pirate_HunterHostileSC_Relevant05;", "Message_Localised":"The rumour was right... good job I found you first.", "Channel":"npc" }
{ "timestamp":"2016-12-17T16:43:58Z", "event":"FSDJump", "StarSystem":"LTT 15985", "StarPos":[-71.688,-10.156,28.156], "SystemAllegiance":"Federation", "SystemEconomy":"$economy_Refinery;", "SystemEconomy_Localised":"Refinery", "SystemGovernment":"$government_Corporate;", "SystemGovernment_Localised":"Corporate", "SystemSecurity":"$SYSTEM_SECURITY_medium;", "SystemSecurity_Localised":"Medium Security", "JumpDist":2.494, "FuelUsed":0.055630, "FuelLevel":7.944370, "SystemFaction":"Gilgamesh Ltd", "FactionState":"Boom" }
{ "timestamp":"2016-12-17T16:45:08Z", "event":"FSDJump", "StarSystem":"LP 339-7", "StarPos":[-70.063,-8.281,27.906], "SystemAllegiance":"Federation", "SystemEconomy":"$economy_Agri;", "SystemEconomy_Localised":"Agriculture", "SystemGovernment":"$government_Corporate;", "SystemGovernment_Localised":"Corporate", "SystemSecurity":"$SYSTEM_SECURITY_high;", "SystemSecurity_Localised":"High Security", "JumpDist":2.494, "FuelUsed":0.055611, "FuelLevel":7.888759, "SystemFaction":"Starship Enterprises", "FactionState":"Boom" }
{ "timestamp":"2016-12-17T16:47:33Z", "event":"ReceiveText", "From":"$npc_name_decorate:#name=Wedding Barge;", "From_Localised":"Wedding Barge", "Message":"$ConvoyWedding_Patrol09;", "Message_Localised":"I don't know if I can go through with the wedding.", "Channel":"npc" }
{ "timestamp":"2016-12-17T16:47:45Z", "event":"SupercruiseExit", "StarSystem":"LP 339-7", "Body":"Whitson Orbital", "BodyType":"Station" }
{ "timestamp":"2016-12-17T16:47:47Z", "event":"ReceiveText", "From":"Whitson Orbital", "Message":"$STATION_NoFireZone_entered;", "Message_Localised":"No fire zone entered.", "Channel":"npc" }
{ "timestamp":"2016-12-17T16:47:55Z", "event":"DockingRequested", "StationName":"Whitson Orbital" }
{ "timestamp":"2016-12-17T16:47:55Z", "event":"ReceiveText", "From":"Whitson Orbital", "Message":"$DockingChatter_Neutral;", "Message_Localised":"Ensure to observe starport protocol during your visit, pilot.", "Channel":"npc" }
{ "timestamp":"2016-12-17T16:47:56Z", "event":"ReceiveText", "From":"Whitson Orbital", "Message":"$STATION_docking_granted;", "Message_Localised":"Docking request granted.", "Channel":"npc" }
{ "timestamp":"2016-12-17T16:47:56Z", "event":"DockingGranted", "LandingPad":27, "StationName":"Whitson Orbital" }
{ "timestamp":"2016-12-17T16:49:01Z", "event":"Docked", "StationName":"Whitson Orbital", "StationType":"Orbis", "StarSystem":"LP 339-7", "StationFaction":"Starship Enterprises", "FactionState":"Boom", "StationGovernment":"$government_Corporate;", "StationGovernment_Localised":"Corporate", "StationAllegiance":"Federation", "StationEconomy":"$economy_Agri;", "StationEconomy_Localised":"Agriculture" }
{ "timestamp":"2016-12-17T16:51:00Z", "event":"RedeemVoucher", "Type":"bounty", "Amount":270526 }
{ "timestamp":"2016-12-17T16:51:03Z", "event":"RepairAll", "Cost":23368 }
{ "timestamp":"2016-12-17T16:51:05Z", "event":"RefuelAll", "Cost":27, "Amount":0.530198 }
{ "timestamp":"2016-12-17T16:51:06Z", "event":"BuyAmmo", "Cost":1256 }
{ "timestamp":"2016-12-17T16:51:08Z", "event":"ReceiveText", "From":"$npc_name_decorate:#name=Nick P Morris;", "From_Localised":"Nick P Morris", "Message":"$Commuter_AuthorityScan06;", "Message_Localised":"What's going on here, officer?", "Channel":"npc" }
{ "timestamp":"2016-12-17T16:54:26Z", "event":"Undocked", "StationName":"Whitson Orbital", "StationType":"Orbis" }
{ "timestamp":"2016-12-17T16:55:07Z", "event":"SupercruiseEntry", "StarSystem":"LP 339-7" }
{ "timestamp":"2016-12-17T16:56:09Z", "event":"ReceiveText", "From":"$npc_name_decorate:#name=Cruise Ship;", "From_Localised":"Cruise Ship", "Message":"$CruiseLiner_SCPatrol02;", "Message_Localised":"We will be cruising in-system for a while, please feel free to take advantage of our in-flight entertainment.", "Channel":"npc" }
{ "timestamp":"2016-12-17T16:56:39Z", "event":"ReceiveText", "From":"$npc_name_decorate:#name=Cruise Ship;", "From_Localised":"Cruise Ship", "Message":"$CruiseLiner_SCPatrol03;", "Message_Localised":"Today's cruise includes some delightful views, our flight attendants are on hand with full details.", "Channel":"npc" }
{ "timestamp":"2016-12-17T17:04:22Z", "event":"SupercruiseExit", "StarSystem":"LP 339-7", "Body":"LP 339-7 5 A Ring", "BodyType":"PlanetaryRing" }
{ "timestamp":"2016-12-17T17:05:05Z", "event":"ReceiveText", "From":"$npc_name_decorate:#name=Tal Musry;", "From_Localised":"Tal Musry", "Message":"$Pirate_OnDeclarePiracyAttack05;", "Message_Localised":"You have no chance now.", "Channel":"npc" }
{ "timestamp":"2016-12-17T17:05:09Z", "event":"ReceiveText", "From":"$npc_name_decorate:#name=Slade Williams;", "From_Localised":"Slade Williams", "Message":"$Pirate_OnStartScanCargo11;", "Message_Localised":"I hope you have something good in your hold.", "Channel":"npc" }
{ "timestamp":"2016-12-17T17:05:19Z", "event":"ReceiveText", "From":"$npc_name_decorate:#name=Slade Williams;", "From_Localised":"Slade Williams", "Message":"$Pirate_LargeCargoIgnoreThreat06;", "Message_Localised":"I'm willing to take you on for what you have in your hold.", "Channel":"npc" }
{ "timestamp":"2016-12-17T17:05:29Z", "event":"ReceiveText", "From":"$npc_name_decorate:#name=Slade Williams;", "From_Localised":"Slade Williams", "Message":"$Pirate_OnDeclarePiracyAttack12;", "Message_Localised":"I'm coming for you!", "Channel":"npc" }
{ "timestamp":"2016-12-17T17:05:30Z", "event":"ReceiveText", "From":"$ShipName_Police_Federation;", "From_Localised":"Federal Security Service", "Message":"$Police_ArriveInvestigate03;", "Message_Localised":"Crime response flight deployed.", "Channel":"npc" }
{ "timestamp":"2016-12-17T17:06:16Z", "event":"ShieldState", "ShieldsUp":false }
{ "timestamp":"2016-12-17T17:06:27Z", "event":"HullDamage", "Health":0.748428 }
{ "timestamp":"2016-12-17T17:06:35Z", "event":"ReceiveText", "From":"$npc_name_decorate:#name=Cathrid Trazile;", "From_Localised":"Cathrid Trazile", "Message":"$BadKarmaCriticalDamage08;", "Message_Localised":"I've taken too many hits.", "Channel":"npc" }
{ "timestamp":"2016-12-17T17:06:45Z", "event":"HullDamage", "Health":0.599002 }
{ "timestamp":"2016-12-17T17:06:55Z", "event":"ReceiveText", "From":"$npc_name_decorate:#name=Slade Williams;", "From_Localised":"Slade Williams", "Message":"$Pirate_OnDeclarePiracyAttack08;", "Message_Localised":"Die!", "Channel":"npc" }
{ "timestamp":"2016-12-17T17:07:06Z", "event":"SupercruiseEntry", "StarSystem":"LP 339-7" }
{ "timestamp":"2016-12-17T17:07:19Z", "event":"ReceiveText", "From":"$npc_name_decorate:#name=Dave Kelly;", "From_Localised":"Dave Kelly", "Message":"$Pirate_HunterHostileSC_Relevant05;", "Message_Localised":"The rumour was right... good job I found you first.", "Channel":"npc" }
{ "timestamp":"2016-12-17T17:09:53Z", "event":"ReceiveText", "From":"$npc_name_decorate:#name=Dave Kelly;", "From_Localised":"Dave Kelly", "Message":"$Pirate_StartInterdiction02;", "Message_Localised":"There's no escape!", "Channel":"npc" }
{ "timestamp":"2016-12-17T17:09:59Z", "event":"Interdicted", "Submitted":true, "Interdictor":"Dave Kelly", "IsPlayer":false, "Faction":"United Pontus League" }
{ "timestamp":"2016-12-17T17:10:00Z", "event":"SupercruiseExit", "StarSystem":"LP 339-7", "Body":"LP 339-7", "BodyType":"Star" }
{ "timestamp":"2016-12-17T17:10:02Z", "event":"ReceiveText", "From":"$npc_name_decorate:#name=Dave Kelly;", "From_Localised":"Dave Kelly", "Message":"$Pirate_OnDeclarePiracyThreaten05;", "Message_Localised":"Your cargo. Give it to me.", "Channel":"npc" }
{ "timestamp":"2016-12-17T17:10:08Z", "event":"ReceiveText", "From":"$npc_name_decorate:#name=Dave Kelly;", "From_Localised":"Dave Kelly", "Message":"$Pirate_OnDeclarePiracyAttack01;", "Message_Localised":"I'll pick your bones clean, greenhorn.", "Channel":"npc" }
{ "timestamp":"2016-12-17T17:10:14Z", "event":"ReceiveText", "From":"$npc_name_decorate:#name=Dave Kelly;", "From_Localised":"Dave Kelly", "Message":"$BadKarmaCriticalDamage08;", "Message_Localised":"I've taken too many hits.", "Channel":"npc" }
{ "timestamp":"2016-12-17T17:10:22Z", "event":"Bounty", "Rewards":[ { "Faction":"Starship Enterprises", "Reward":19900 } ], "TotalReward":19900, "VictimFaction":"United Pontus League" }
{ "timestamp":"2016-12-17T17:10:35Z", "event":"SupercruiseEntry", "StarSystem":"LP 339-7" }
{ "timestamp":"2016-12-17T17:12:28Z", "event":"SupercruiseExit", "StarSystem":"LP 339-7", "Body":"Lazarev Enterprise", "BodyType":"Station" }
{ "timestamp":"2016-12-17T17:12:39Z", "event":"DockingRequested", "StationName":"Lazarev Enterprise" }
{ "timestamp":"2016-12-17T17:12:39Z", "event":"ReceiveText", "From":"Lazarev Enterprise", "Message":"$DockingChatter_Neutral;", "Message_Localised":"Ensure to observe starport protocol during your visit, pilot.", "Channel":"npc" }
{ "timestamp":"2016-12-17T17:12:40Z", "event":"ReceiveText", "From":"Lazarev Enterprise", "Message":"$STATION_docking_granted;", "Message_Localised":"Docking request granted.", "Channel":"npc" }
{ "timestamp":"2016-12-17T17:12:40Z", "event":"DockingGranted", "LandingPad":2, "StationName":"Lazarev Enterprise" }
{ "timestamp":"2016-12-17T17:12:53Z", "event":"ReceiveText", "From":"Lazarev Enterprise", "Message":"$STATION_NoFireZone_entered;", "Message_Localised":"No fire zone entered.", "Channel":"npc" }
{ "timestamp":"2016-12-17T17:13:15Z", "event":"ReceiveText", "From":"Lazarev Enterprise", "Message":"$DockingPadBlockWarningComms;", "Message_Localised":"Loitering infraction detected, clear pad approach immediately to avoid lethal response", "Channel":"npc" }
{ "timestamp":"2016-12-17T17:13:19Z", "event":"ReceiveText", "From":"Lazarev Enterprise", "Message":"$DockingOffenceCleared;", "Message_Localised":"Starport infractions cleared, docking privileges restored.", "Channel":"npc" }
{ "timestamp":"2016-12-17T17:13:32Z", "event":"Docked", "StationName":"Lazarev Enterprise", "StationType":"Outpost", "StarSystem":"LP 339-7", "StationFaction":"LP 339-7 Public Inc", "StationGovernment":"$government_Corporate;", "StationGovernment_Localised":"Corporate", "StationEconomy":"$economy_Industrial;", "StationEconomy_Localised":"Industrial" }
{ "timestamp":"2016-12-17T17:13:46Z", "event":"RepairAll", "Cost":7166 }
{ "timestamp":"2016-12-17T17:13:47Z", "event":"RefuelAll", "Cost":23, "Amount":0.448148 }
{ "timestamp":"2016-12-17T17:13:48Z", "event":"BuyAmmo", "Cost":873 }
{ "timestamp":"2016-12-17T17:14:15Z", "event":"Undocked", "StationName":"Lazarev Enterprise", "StationType":"Outpost" }
{ "timestamp":"2016-12-17T17:15:28Z", "event":"ReceiveText", "From":"Lazarev Enterprise", "Message":"$STATION_NoFireZone_exited;", "Message_Localised":"No fire zone left.", "Channel":"npc" }
{ "timestamp":"2016-12-17T17:15:38Z", "event":"SupercruiseEntry", "StarSystem":"LP 339-7" }
{ "timestamp":"2016-12-17T17:17:19Z", "event":"SupercruiseExit", "StarSystem":"LP 339-7", "Body":"LP 339-7 5 A Ring", "BodyType":"PlanetaryRing" }
{ "timestamp":"2016-12-17T17:18:13Z", "event":"MaterialCollected", "Category":"Encoded", "Name":"shieldpatternanalysis", "Count":3 }
{ "timestamp":"2016-12-17T17:18:20Z", "event":"ReceiveText", "From":"$npc_name_decorate:#name=Ian Sankey;", "From_Localised":"Ian Sankey", "Message":"$Pirate_OnStartScanCargo02;", "Message_Localised":"Carrying anything nice?", "Channel":"npc" }
{ "timestamp":"2016-12-17T17:18:35Z", "event":"ReceiveText", "From":"$npc_name_decorate:#name=Ian Sankey;", "From_Localised":"Ian Sankey", "Message":"$Pirate_LargeCargoIgnoreThreat06;", "Message_Localised":"I'm willing to take you on for what you have in your hold.", "Channel":"npc" }
{ "timestamp":"2016-12-17T17:18:37Z", "event":"ShieldState", "ShieldsUp":false }
{ "timestamp":"2016-12-17T17:18:45Z", "event":"ReceiveText", "From":"$npc_name_decorate:#name=Ian Sankey;", "From_Localised":"Ian Sankey", "Message":"$Pirate_OnDeclarePiracyAttack14;", "Message_Localised":"Your doom approaches.", "Channel":"npc" }
{ "timestamp":"2016-12-17T17:18:48Z", "event":"HullDamage", "Health":0.788114 }
{ "timestamp":"2016-12-17T17:18:56Z", "event":"HullDamage", "Health":0.584256 }
{ "timestamp":"2016-12-17T17:19:15Z", "event":"ReceiveText", "From":"$npc_name_decorate:#name=Jamie MacDonald;", "From_Localised":"Jamie MacDonald", "Message":"$Escort_AttackRun03;", "Message_Localised":"Target in my heads up, locking on.", "Channel":"npc" }
{ "timestamp":"2016-12-17T17:19:34Z", "event":"CockpitBreached" }
{ "timestamp":"2016-12-17T17:19:35Z", "event":"HullDamage", "Health":0.382993 }
{ "timestamp":"2016-12-17T17:19:45Z", "event":"Bounty", "Rewards":[ { "Faction":"Starship Enterprises", "Reward":400 }, { "Faction":"Federation", "Reward":50130 } ], "TotalReward":50530, "VictimFaction":"LP 339-7 Blue Clan" }
{ "timestamp":"2016-12-17T17:20:10Z", "event":"SupercruiseEntry", "StarSystem":"LP 339-7" }
{ "timestamp":"2016-12-17T17:20:21Z", "event":"ReceiveText", "From":"$npc_name_decorate:#name=Starling;", "From_Localised":"Starling", "Message":"$Pirate_HunterHostileSC_Relevant05;", "Message_Localised":"The rumour was right... good job I found you first.", "Channel":"npc" }
{ "timestamp":"2016-12-17T17:21:12Z", "event":"ReceiveText", "From":"$npc_name_decorate:#name=Starling;", "From_Localised":"Starling", "Message":"$Pirate_StartInterdiction08;", "Message_Localised":"I've found my next target and it's you, Commander.", "Channel":"npc" }
{ "timestamp":"2016-12-17T17:21:53Z", "event":"EscapeInterdiction", "Interdictor":"Starling", "IsPlayer":false }
{ "timestamp":"2016-12-17T17:25:13Z", "event":"ApproachSettlement", "Name":"Potter Horizons" }
{ "timestamp":"2016-12-17T17:25:22Z", "event":"SupercruiseExit", "StarSystem":"LP 339-7", "Body":"LP 339-7 5 e", "BodyType":"Planet" }
{ "timestamp":"2016-12-17T17:25:54Z", "event":"DockingRequested", "StationName":"Potter Horizons" }
{ "timestamp":"2016-12-17T17:25:54Z", "event":"ReceiveText", "From":"Potter Horizons", "Message":"$DockingChatter_Neutral;", "Message_Localised":"Ensure to observe starport protocol during your visit, pilot.", "Channel":"npc" }
{ "timestamp":"2016-12-17T17:25:55Z", "event":"ReceiveText", "From":"Potter Horizons", "Message":"$STATION_docking_granted;", "Message_Localised":"Docking request granted.", "Channel":"npc" }
{ "timestamp":"2016-12-17T17:25:55Z", "event":"DockingGranted", "LandingPad":3, "StationName":"Potter Horizons" }
{ "timestamp":"2016-12-17T17:26:01Z", "event":"ReceiveText", "From":"$ShipName_Police_Federation;", "From_Localised":"Federal Security Service", "Message":"$Police_StartPatrol04;", "Message_Localised":"I'm away, heading to patrol route alpha now.", "Channel":"npc" }
{ "timestamp":"2016-12-17T17:26:06Z", "event":"ReceiveText", "From":"Potter Horizons", "Message":"$STATION_NoFireZone_entered;", "Message_Localised":"No fire zone entered.", "Channel":"npc" }
{ "timestamp":"2016-12-17T17:26:40Z", "event":"Docked", "StationName":"Potter Horizons", "StarSystem":"LP 339-7", "StationFaction":"Starship Enterprises", "FactionState":"Boom", "StationGovernment":"$government_Corporate;", "StationGovernment_Localised":"Corporate", "StationAllegiance":"Federation", "CockpitBreach":true }
{ "timestamp":"2016-12-17T17:26:57Z", "event":"RepairAll", "Cost":11022 }
{ "timestamp":"2016-12-17T17:26:58Z", "event":"RefuelAll", "Cost":14, "Amount":0.266191 }
{ "timestamp":"2016-12-17T17:27:00Z", "event":"BuyAmmo", "Cost":467 }
{ "timestamp":"2016-12-17T17:28:32Z", "event":"Undocked", "StationName":"Potter Horizons" }
{ "timestamp":"2016-12-17T17:29:01Z", "event":"ReceiveText", "From":"Potter Horizons", "Message":"$STATION_NoFireZone_exited;", "Message_Localised":"No fire zone left.", "Channel":"npc" }
{ "timestamp":"2016-12-17T17:29:10Z", "event":"ReceiveText", "From":"$ShipName_Police_Federation;", "From_Localised":"Federal Security Service", "Message":"$Police_StartPatrol01;", "Message_Localised":"Patrol craft checking in. Pre-flight checks complete, I'm heading out.", "Channel":"npc" }
{ "timestamp":"2016-12-17T17:29:17Z", "event":"SupercruiseEntry", "StarSystem":"LP 339-7" }
{ "timestamp":"2016-12-17T17:29:30Z", "event":"ReceiveText", "From":"$npc_name_decorate:#name=CJ Colyer;", "From_Localised":"CJ Colyer", "Message":"$Pirate_HunterHostileSC_Relevant03;", "Message_Localised":"I've come a long way for what's in your hold, don't try to run!", "Channel":"npc" }
{ "timestamp":"2016-12-17T17:30:26Z", "event":"ReceiveText", "From":"$npc_name_decorate:#name=CJ Colyer;", "From_Localised":"CJ Colyer", "Message":"$Pirate_StartInterdiction08;", "Message_Localised":"I've found my next target and it's you, Commander.", "Channel":"npc" }
{ "timestamp":"2016-12-17T17:30:32Z", "event":"Interdicted", "Submitted":true, "Interdictor":"CJ Colyer", "IsPlayer":false, "Faction":"LP 339-7 Blue Clan" }
{ "timestamp":"2016-12-17T17:30:33Z", "event":"SupercruiseExit", "StarSystem":"LP 339-7", "Body":"LP 339-7 5 e", "BodyType":"Planet" }
{ "timestamp":"2016-12-17T17:30:55Z", "event":"ReceiveText", "From":"$npc_name_decorate:#name=CJ Colyer;", "From_Localised":"CJ Colyer", "Message":"$Pirate_OnDeclarePiracyThreaten15;", "Message_Localised":"Give me your cargo and no-one will get hurt.", "Channel":"npc" }
{ "timestamp":"2016-12-17T17:31:12Z", "event":"ReceiveText", "From":"$npc_name_decorate:#name=CJ Colyer;", "From_Localised":"CJ Colyer", "Message":"$BadKarmaCriticalDamage09;", "Message_Localised":"I can see when I'm outmatched.", "Channel":"npc" }
{ "timestamp":"2016-12-17T17:31:24Z", "event":"Bounty", "Rewards":[ { "Faction":"Starship Enterprises", "Reward":12010 } ], "TotalReward":12010, "VictimFaction":"LP 339-7 Blue Clan" }
{ "timestamp":"2016-12-17T17:31:26Z", "event":"ReceiveText", "From":"$ShipName_Police_Federation;", "From_Localised":"Federal Security Service", "Message":"$Police_ArriveInvestigate03;", "Message_Localised":"Crime response flight deployed.", "Channel":"npc" }
{ "timestamp":"2016-12-17T17:31:27Z", "event":"ReceiveText", "From":"$ShipName_Police_Federation;", "From_Localised":"Federal Security Service", "Message":"$Police_ArrivedAtInvestigationLocation02;", "Message_Localised":"Cease and desist! Submit to authority scans immediately!", "Channel":"npc" }
{ "timestamp":"2016-12-17T17:31:38Z", "event":"SupercruiseEntry", "StarSystem":"LP 339-7" }
{ "timestamp":"2016-12-17T17:34:09Z", "event":"ReceiveText", "From":"$npc_name_decorate:#name=Wedding Barge;", "From_Localised":"Wedding Barge", "Message":"$ConvoyWedding_Patrol01;", "Message_Localised":"Help us celebrate our happy day!", "Channel":"npc" }
{ "timestamp":"2016-12-17T17:34:35Z", "event":"ReceiveText", "From":"$npc_name_decorate:#name=Wedding Barge;", "From_Localised":"Wedding Barge", "Message":"$ConvoyWedding_Patrol06;", "Message_Localised":"I still haven't written my vows. What can I say?", "Channel":"npc" }
{ "timestamp":"2016-12-17T17:34:52Z", "event":"SupercruiseExit", "StarSystem":"LP 339-7", "Body":"LP 339-7 5 B Ring", "BodyType":"PlanetaryRing" }
{ "timestamp":"2016-12-17T17:35:34Z", "event":"ReceiveText", "From":"$npc_name_decorate:#name=Kumo Crew Watch;", "From_Localised":"Kumo Crew Watch", "Message":"$PowersPirate_OnStartScanCargo04;", "Message_Localised":"Anything we can use?", "Channel":"npc" }
{ "timestamp":"2016-12-17T17:35:35Z", "event":"ReceiveText", "From":"$npc_name_decorate:#name=Kumo Crew Watch;", "From_Localised":"Kumo Crew Watch", "Message":"$Escort_AttackDutyStart02;", "Message_Localised":"Hostiles detected, protect the lead ship at all costs.", "Channel":"npc" }
{ "timestamp":"2016-12-17T17:35:40Z", "event":"ReceiveText", "From":"$npc_name_decorate:#name=Ian Cunningham;", "From_Localised":"Ian Cunningham", "Message":"$Pirate_OnStartScanCargo03;", "Message_Localised":"What are you hauling?", "Channel":"npc" }
{ "timestamp":"2016-12-17T17:35:40Z", "event":"ReceiveText", "From":"$npc_name_decorate:#name=Giles Harrison;", "From_Localised":"Giles Harrison", "Message":"$Pirate_OnStartScanCargo08;", "Message_Localised":"What do you have in your cargo hold?", "Channel":"npc" }
{ "timestamp":"2016-12-17T17:35:40Z", "event":"ReceiveText", "From":"$npc_name_decorate:#name=Davie;", "From_Localised":"Davie", "Message":"$Pirate_OnStartScanCargo07;", "Message_Localised":"Do you have anything of value?", "Channel":"npc" }
{ "timestamp":"2016-12-17T17:35:45Z", "event":"ReceiveText", "From":"$npc_name_decorate:#name=Kumo Crew Watch;", "From_Localised":"Kumo Crew Watch", "Message":"$Escort_NearDeath06;", "Message_Localised":"I can't hold on any longer.", "Channel":"npc" }
{ "timestamp":"2016-12-17T17:35:50Z", "event":"ReceiveText", "From":"$npc_name_decorate:#name=Ian Cunningham;", "From_Localised":"Ian Cunningham", "Message":"$Pirate_LargeCargoIgnoreThreat01;", "Message_Localised":"That's some tasty cargo you have there, can I have it?", "Channel":"npc" }
{ "timestamp":"2016-12-17T17:35:50Z", "event":"ReceiveText", "From":"$npc_name_decorate:#name=Giles Harrison;", "From_Localised":"Giles Harrison", "Message":"$Pirate_LargeCargoIgnoreThreat06;", "Message_Localised":"I'm willing to take you on for what you have in your hold.", "Channel":"npc" }
{ "timestamp":"2016-12-17T17:35:51Z", "event":"ReceiveText", "From":"$npc_name_decorate:#name=Davie;", "From_Localised":"Davie", "Message":"$Pirate_LargeCargoIgnoreThreat07;", "Message_Localised":"The bigger they are, the bigger the haul.", "Channel":"npc" }
{ "timestamp":"2016-12-17T17:35:54Z", "event":"ReceiveText", "From":"$ShipName_Police_Federation;", "From_Localised":"Federal Security Service", "Message":"$Police_ArriveInvestigate03;", "Message_Localised":"Crime response flight deployed.", "Channel":"npc" }
{ "timestamp":"2016-12-17T17:35:54Z", "event":"ReceiveText", "From":"$ShipName_Police_Federation;", "From_Localised":"Federal Security Service", "Message":"$Police_ArrivedAtInvestigationLocation03;", "Message_Localised":"Crime scene cordon initialised, all ships must submit to police scan.", "Channel":"npc" }
{ "timestamp":"2016-12-17T17:35:59Z", "event":"ReceiveText", "From":"$ShipName_Police_Federation;", "From_Localised":"Federal Security Service", "Message":"$Police_ArrivedAtInvestigationLocation02;", "Message_Localised":"Cease and desist! Submit to authority scans immediately!", "Channel":"npc" }
{ "timestamp":"2016-12-17T17:36:00Z", "event":"ReceiveText", "From":"$npc_name_decorate:#name=Ian Cunningham;", "From_Localised":"Ian Cunningham", "Message":"$Pirate_OnDeclarePiracyAttack05;", "Message_Localised":"You have no chance now.", "Channel":"npc" }
{ "timestamp":"2016-12-17T17:36:00Z", "event":"ReceiveText", "From":"$npc_name_decorate:#name=Kumo Crew Watch;", "From_Localised":"Kumo Crew Watch", "Message":"$PowersPirate_OnStartScanCargo03;", "Message_Localised":"Let's see if you have anything for us.", "Channel":"npc" }
{ "timestamp":"2016-12-17T17:36:00Z", "event":"ReceiveText", "From":"$npc_name_decorate:#name=Giles Harrison;", "From_Localised":"Giles Harrison", "Message":"$Pirate_OnDeclarePiracyAttack04;", "Message_Localised":"I'm gonna boil you up!", "Channel":"npc" }
{ "timestamp":"2016-12-17T17:36:01Z", "event":"ReceiveText", "From":"$npc_name_decorate:#name=Davie;", "From_Localised":"Davie", "Message":"$Pirate_OnDeclarePiracyAttack08;", "Message_Localised":"Die!", "Channel":"npc" }
{ "timestamp":"2016-12-17T17:36:01Z", "event":"ReceiveText", "From":"$ShipName_Police_Federation;", "From_Localised":"Federal Security Service", "Message":"$Police_ArriveInvestigate01;", "Message_Localised":"Investigating reports of crime.", "Channel":"npc" }
{ "timestamp":"2016-12-17T17:36:02Z", "event":"ReceiveText", "From":"$ShipName_Police_Federation;", "From_Localised":"Federal Security Service", "Message":"$Police_ArrivedAtInvestigationLocation03;", "Message_Localised":"Crime scene cordon initialised, all ships must submit to police scan.", "Channel":"npc" }
{ "timestamp":"2016-12-17T17:36:04Z", "event":"ShieldState", "ShieldsUp":false }
{ "timestamp":"2016-12-17T17:36:07Z", "event":"HullDamage", "Health":0.798402 }
{ "timestamp":"2016-12-17T17:36:09Z", "event":"HullDamage", "Health":0.520573 }
{ "timestamp":"2016-12-17T17:36:15Z", "event":"Bounty", "Rewards":[ { "Faction":"Starship Enterprises", "Reward":29087 } ], "TotalReward":29087, "VictimFaction":"Archon Delaine" }
{ "timestamp":"2016-12-17T17:36:19Z", "event":"ReceiveText", "From":"$ShipName_Police_Federation;", "From_Localised":"Federal Security Service", "Message":"$Police_ArriveInvestigate01;", "Message_Localised":"Investigating reports of crime.", "Channel":"npc" }
{ "timestamp":"2016-12-17T17:36:20Z", "event":"HullDamage", "Health":0.399940 }
{ "timestamp":"2016-12-17T17:36:30Z", "event":"EjectCargo", "Type":"modularterminals", "Count":1, "Abandoned":false }
{ "timestamp":"2016-12-17T17:36:31Z", "event":"ReceiveText", "From":"$npc_name_decorate:#name=Davie;", "From_Localised":"Davie", "Message":"$Pirate_OnUnsatisfactoryCargoDropped01;", "Message_Localised":"You'll need to give me more than that.", "Channel":"npc" }
{ "timestamp":"2016-12-17T17:36:31Z", "event":"ReceiveText", "From":"$npc_name_decorate:#name=Ian Cunningham;", "From_Localised":"Ian Cunningham", "Message":"$Pirate_OnUnsatisfactoryCargoDropped10;", "Message_Localised":"I need more than that to make this worth it.", "Channel":"npc" }
{ "timestamp":"2016-12-17T17:36:32Z", "event":"EjectCargo", "Type":"modularterminals", "Count":1, "Abandoned":false }
{ "timestamp":"2016-12-17T17:36:33Z", "event":"ReceiveText", "From":"$npc_name_decorate:#name=Davie;", "From_Localised":"Davie", "Message":"$Pirate_OnSatisfactoryCargoDropped11;", "Message_Localised":"I'm rich!", "Channel":"npc" }
{ "timestamp":"2016-12-17T17:36:33Z", "event":"ReceiveText", "From":"$npc_name_decorate:#name=Ian Cunningham;", "From_Localised":"Ian Cunningham", "Message":"$Pirate_OnSatisfactoryCargoDropped05;", "Message_Localised":"Hello credits!", "Channel":"npc" }
{ "timestamp":"2016-12-17T17:36:34Z", "event":"EjectCargo", "Type":"modularterminals", "Count":1, "Abandoned":false }
{ "timestamp":"2016-12-17T17:36:36Z", "event":"EjectCargo", "Type":"modularterminals", "Count":1, "Abandoned":false }
{ "timestamp":"2016-12-17T17:36:38Z", "event":"EjectCargo", "Type":"modularterminals", "Count":1, "Abandoned":false }
{ "timestamp":"2016-12-17T17:36:40Z", "event":"EjectCargo", "Type":"modularterminals", "Count":1, "Abandoned":false }
{ "timestamp":"2016-12-17T17:37:09Z", "event":"SupercruiseEntry", "StarSystem":"LP 339-7" }
{ "timestamp":"2016-12-17T17:38:13Z", "event":"FSDJump", "StarSystem":"LTT 15985", "StarPos":[-71.688,-10.156,28.156], "SystemAllegiance":"Federation", "SystemEconomy":"$economy_Refinery;", "SystemEconomy_Localised":"Refinery", "SystemGovernment":"$government_Corporate;", "SystemGovernment_Localised":"Corporate", "SystemSecurity":"$SYSTEM_SECURITY_medium;", "SystemSecurity_Localised":"Medium Security", "JumpDist":2.494, "FuelUsed":0.053579, "FuelLevel":7.946421, "SystemFaction":"Gilgamesh Ltd", "FactionState":"Boom" }
{ "timestamp":"2016-12-17T17:39:09Z", "event":"FSDJump", "StarSystem":"LP 339-7", "StarPos":[-70.063,-8.281,27.906], "SystemAllegiance":"Federation", "SystemEconomy":"$economy_Agri;", "SystemEconomy_Localised":"Agriculture", "SystemGovernment":"$government_Corporate;", "SystemGovernment_Localised":"Corporate", "SystemSecurity":"$SYSTEM_SECURITY_high;", "SystemSecurity_Localised":"High Security", "JumpDist":2.494, "FuelUsed":0.053561, "FuelLevel":7.892859, "SystemFaction":"Starship Enterprises", "FactionState":"Boom" }
{ "timestamp":"2016-12-17T17:42:42Z", "event":"SupercruiseExit", "StarSystem":"LP 339-7", "Body":"Whitson Orbital", "BodyType":"Station" }
{ "timestamp":"2016-12-17T17:42:43Z", "event":"ReceiveText", "From":"Whitson Orbital", "Message":"$STATION_NoFireZone_entered;", "Message_Localised":"No fire zone entered.", "Channel":"npc" }
{ "timestamp":"2016-12-17T17:42:53Z", "event":"DockingRequested", "StationName":"Whitson Orbital" }
{ "timestamp":"2016-12-17T17:42:53Z", "event":"ReceiveText", "From":"Whitson Orbital", "Message":"$DockingChatter_Cordial;", "Message_Localised":"Welcome back, Commander.", "Channel":"npc" }
{ "timestamp":"2016-12-17T17:42:54Z", "event":"ReceiveText", "From":"Whitson Orbital", "Message":"$STATION_docking_granted;", "Message_Localised":"Docking request granted.", "Channel":"npc" }
{ "timestamp":"2016-12-17T17:42:54Z", "event":"DockingGranted", "LandingPad":31, "StationName":"Whitson Orbital" }
{ "timestamp":"2016-12-17T17:44:01Z", "event":"Docked", "StationName":"Whitson Orbital", "StationType":"Orbis", "StarSystem":"LP 339-7", "StationFaction":"Starship Enterprises", "FactionState":"Boom", "StationGovernment":"$government_Corporate;", "StationGovernment_Localised":"Corporate", "StationAllegiance":"Federation", "StationEconomy":"$economy_Agri;", "StationEconomy_Localised":"Agriculture" }
{ "timestamp":"2016-12-17T17:44:11Z", "event":"RedeemVoucher", "Type":"bounty", "Amount":111527 }
