{ "timestamp":"2017-05-03T21:21:45Z", "event":"Fileheader", "part":1, "language":"English\\UK", "gameversion":"2.3.02", "build":"r143095/r0 " }
{ "timestamp":"2017-05-03T21:23:04Z", "event":"Cargo", "Inventory":[  ] }
{ "timestamp":"2017-05-03T21:23:04Z", "event":"Loadout", "Ship":"Asp", "ShipID":13, "ShipName":"sepia", "ShipIdent":"BL-10A", "Modules":[ { "Slot":"TinyHardpoint1", "Item":"Hpt_HeatSinkLauncher_Turret_Tiny", "On":true, "Priority":0, "AmmoInClip":1, "AmmoInHopper":2, "Health":1.000000, "Value":3500 }, { "Slot":"TinyHardpoint2", "Item":"Hpt_HeatSinkLauncher_Turret_Tiny", "On":true, "Priority":0, "AmmoInClip":1, "AmmoInHopper":2, "Health":1.000000, "Value":3500 }, { "Slot":"PaintJob", "Item":"PaintJob_Asp_BlackFriday_01", "On":true, "Priority":1, "Health":1.000000, "Value":0 }, { "Slot":"Armour", "Item":"Asp_Armour_Grade1", "On":true, "Priority":1, "Health":1.000000, "Value":0, "EngineerBlueprint":"Armour_Advanced", "EngineerLevel":1 }, { "Slot":"PowerPlant", "Item":"Int_Powerplant_Size4_Class5", "On":true, "Priority":1, "Health":1.000000, "Value":1610080 }, { "Slot":"MainEngines", "Item":"Int_Engine_Size5_Class2", "On":true, "Priority":0, "Health":1.000000, "Value":189035, "EngineerBlueprint":"Engine_Tuned", "EngineerLevel":1 }, { "Slot":"FrameShiftDrive", "Item":"Int_Hyperdrive_Size5_Class5", "On":true, "Priority":0, "Health":1.000000, "Value":4338361, "EngineerBlueprint":"FSD_LongRange", "EngineerLevel":5 }, { "Slot":"LifeSupport", "Item":"Int_LifeSupport_Size4_Class2", "On":true, "Priority":0, "Health":1.000000, "Value":28373 }, { "Slot":"PowerDistributor", "Item":"Int_PowerDistributor_Size4_Class2", "On":true, "Priority":0, "Health":1.000000, "Value":28373 }, { "Slot":"Radar", "Item":"Int_Sensors_Size5_Class2", "On":true, "Priority":0, "Health":1.000000, "Value":79444 }, { "Slot":"FuelTank", "Item":"Int_FuelTank_Size5_Class3", "On":true, "Priority":1, "Health":1.000000, "Value":83090 }, { "Slot":"Slot01_Size6", "Item":"Int_PassengerCabin_Size6_Class3", "On":true, "Priority":1, "AmmoInClip":12, "Health":1.000000, "Value":469794 }, { "Slot":"Slot02_Size5", "Item":"Int_FuelScoop_Size5_Class3", "On":true, "Priority":0, "Health":1.000000, "Value":567106 }, { "Slot":"Slot03_Size3", "Item":"Int_ShieldGenerator_Size3_Class5", "On":true, "Priority":0, "Health":1.000000, "Value":507912 }, { "Slot":"Slot04_Size3", "Item":"Int_CargoRack_Size3_Class1", "On":true, "Priority":1, "Health":1.000000, "Value":8979 }, { "Slot":"Slot05_Size3", "Item":"Int_BuggyBay_Size2_Class2", "On":true, "Priority":0, "Health":1.000000, "Value":21600 }, { "Slot":"Slot06_Size2", "Item":"Int_DetailedSurfaceScanner_Tiny", "On":true, "Priority":1, "Health":1.000000, "Value":250000, "EngineerBlueprint":"Sensor_SurfaceScanner_LongRange", "EngineerLevel":1 }, { "Slot":"Slot07_Size2", "Item":"Int_StellarBodyDiscoveryScanner_Advanced", "On":true, "Priority":1, "Health":1.000000, "Value":1313250 }, { "Slot":"PlanetaryApproachSuite", "Item":"Int_PlanetApproachSuite", "On":true, "Priority":1, "Health":1.000000, "Value":425 }, { "Slot":"Bobble01", "Item":"Bobble_PilotMale", "On":true, "Priority":1, "Health":1.000000, "Value":0 }, { "Slot":"ShipCockpit", "Item":"Asp_Cockpit", "On":true, "Priority":1, "Health":1.000000, "Value":0 }, { "Slot":"CargoHatch", "Item":"ModularCargoBayDoor", "On":true, "Priority":2, "Health":1.000000, "Value":0 } ] }
{ "timestamp":"2017-05-03T21:23:04Z", "event":"Materials", "Raw":[ { "Name":"chromium", "Count":34 }, { "Name":"iron", "Count":50 }, { "Name":"carbon", "Count":2 }, { "Name":"nickel", "Count":14 }, { "Name":"zinc", "Count":18 }, { "Name":"cadmium", "Count":1 }, { "Name":"phosphorus", "Count":19 }, { "Name":"germanium", "Count":14 }, { "Name":"manganese", "Count":21 }, { "Name":"yttrium", "Count":3 }, { "Name":"molybdenum", "Count":6 } ], "Manufactured":[ { "Name":"chemicalprocessors", "Count":11 }, { "Name":"salvagedalloys", "Count":9 }, { "Name":"shieldemitters", "Count":3 }, { "Name":"compoundshielding", "Count":21 }, { "Name":"refinedfocuscrystals", "Count":41 }, { "Name":"shieldingsensors", "Count":8 }, { "Name":"focuscrystals", "Count":9 }, { "Name":"fedproprietarycomposites", "Count":6 }, { "Name":"protolightalloys", "Count":13 }, { "Name":"galvanisingalloys", "Count":11 }, { "Name":"precipitatedalloys", "Count":3 }, { "Name":"heatconductionwiring", "Count":9 }, { "Name":"phasealloys", "Count":1 }, { "Name":"wornshieldemitters", "Count":15 }, { "Name":"heatvanes", "Count":1 }, { "Name":"configurablecomponents", "Count":9 }, { "Name":"conductivepolymers", "Count":9 }, { "Name":"chemicalmanipulators", "Count":1 }, { "Name":"fedcorecomposites", "Count":2 }, { "Name":"biotechconductors", "Count":2 }, { "Name":"protoheatradiators", "Count":9 }, { "Name":"crystalshards", "Count":3 }, { "Name":"heatresistantceramics", "Count":1 }, { "Name":"protoradiolicalloys", "Count":4 }, { "Name":"gridresistors", "Count":3 }, { "Name":"basicconductors", "Count":1 }, { "Name":"exquisitefocuscrystals", "Count":1 }, { "Name":"mechanicalscrap", "Count":1 } ], "Encoded":[ { "Name":"emissiondata", "Count":35 }, { "Name":"shieldsoakanalysis", "Count":55 }, { "Name":"shieldcyclerecordings", "Count":46 }, { "Name":"decodedemissiondata", "Count":68 }, { "Name":"classifiedscandata", "Count":3 }, { "Name":"encodedscandata", "Count":2 }, { "Name":"shielddensityreports", "Count":65 }, { "Name":"scanarchives", "Count":11 }, { "Name":"securityfirmware", "Count":3 }, { "Name":"bulkscandata", "Count":61 }, { "Name":"shieldpatternanalysis", "Count":40 }, { "Name":"scandatabanks", "Count":12 }, { "Name":"fsdtelemetry", "Count":20 }, { "Name":"encryptedfiles", "Count":3 }, { "Name":"archivedemissiondata", "Count":6 }, { "Name":"scrambledemissiondata", "Count":4 }, { "Name":"wakesolutions", "Count":6 }, { "Name":"hyperspacetrajectories", "Count":13 }, { "Name":"industrialfirmware", "Count":1 }, { "Name":"shieldfrequencydata", "Count":3 }, { "Name":"compactemissionsdata", "Count":3 }, { "Name":"disruptedwakeechoes", "Count":36 }, { "Name":"dataminedwake", "Count":4 } ] }
{ "timestamp":"2017-05-03T21:23:04Z", "event":"LoadGame", "Commander":"Blantyre", "Ship":"Asp", "ShipID":13, "ShipName":"sepia", "ShipIdent":"BL-10A", "FuelLevel":32.000000, "FuelCapacity":32.000000, "GameMode":"Group", "Group":"Blantyre", "Credits":40768918, "Loan":0 }
{ "timestamp":"2017-05-03T21:23:04Z", "event":"Rank", "Combat":4, "Trade":6, "Explore":6, "Empire":2, "Federation":7, "CQC":0 }
{ "timestamp":"2017-05-03T21:23:04Z", "event":"Progress", "Combat":56, "Trade":6, "Explore":67, "Empire":60, "Federation":17, "CQC":0 }
{ "timestamp":"2017-05-03T21:23:24Z", "event":"Location", "Docked":true, "StationName":"George Lucas", "StationType":"Coriolis", "StarSystem":"Leesti", "StarPos":[72.750,48.750,68.250], "SystemAllegiance":"Alliance", "SystemEconomy":"$economy_HighTech;", "SystemEconomy_Localised":"High Tech", "SystemGovernment":"$government_Cooperative;", "SystemGovernment_Localised":"Cooperative", "SystemSecurity":"$SYSTEM_SECURITY_high;", "SystemSecurity_Localised":"High Security", "Body":"George Lucas", "BodyType":"Station", "Factions":[ { "Name":"Didi Vatermann", "FactionState":"None", "Government":"Engineer", "Influence":0.011858, "Allegiance":"Alliance" }, { "Name":"Independent Leesti for Equality", "FactionState":"Boom", "Government":"Democracy", "Influence":0.547431, "Allegiance":"Alliance" }, { "Name":"Crimson State Limited", "FactionState":"War", "Government":"Corporate", "Influence":0.081028, "Allegiance":"Alliance" }, { "Name":"Leesti United Steelworks", "FactionState":"Boom", "Government":"Corporate", "Influence":0.132411, "Allegiance":"Alliance" }, { "Name":"Orrere Energy Company", "FactionState":"None", "Government":"Corporate", "Influence":0.062253, "Allegiance":"Federation" }, { "Name":"Leesti Alliance Union", "FactionState":"War", "Government":"Patronage", "Influence":0.102767, "Allegiance":"Alliance" }, { "Name":"Reynhardt IntelliSys", "FactionState":"Boom", "Government":"Corporate", "Influence":0.044466, "Allegiance":"Independent" }, { "Name":"Justice Party of Leesti", "FactionState":"None", "Government":"Dictatorship", "Influence":0.017787, "Allegiance":"Independent" } ], "SystemFaction":"Independent Leesti for Equality", "FactionState":"Boom" }
{ "timestamp":"2017-05-03T21:23:25Z", "event":"Docked", "StationName":"George Lucas", "StationType":"Coriolis", "StarSystem":"Leesti", "StationFaction":"Independent Leesti for Equality", "FactionState":"Boom", "StationGovernment":"$government_Democracy;", "StationGovernment_Localised":"Democracy", "StationAllegiance":"Alliance", "StationEconomy":"$economy_HighTech;", "StationEconomy_Localised":"High Tech", "DistFromStarLS":256.584351 }
{ "timestamp":"2017-05-03T21:25:50Z", "event":"ReceiveText", "From":"$npc_name_decorate:#name=Benjamin Watson;", "From_Localised":"Benjamin Watson", "Message":"$Commuter_HostileScan04;", "Message_Localised":"This is not the trading ship you are looking for.", "Channel":"npc" }
{ "timestamp":"2017-05-03T21:26:29Z", "event":"ReceiveText", "From":"$npc_name_decorate:#name=Benjamin Watson;", "From_Localised":"Benjamin Watson", "Message":"$Commuter_AuthorityScan03;", "Message_Localised":"Will this take long? I’ve got a schedule to keep. ", "Channel":"npc" }
{ "timestamp":"2017-05-03T21:26:40Z", "event":"WingJoin", "Others":[] }
{ "timestamp":"2017-05-03T21:26:40Z", "event":"WingAdd", "Name":"Von Cadfael" }
{ "timestamp":"2017-05-03T21:28:52Z", "event":"Undocked", "StationName":"George Lucas", "StationType":"Coriolis" }
{ "timestamp":"2017-05-03T21:29:17Z", "event":"ReceiveText", "From":"George Lucas", "Message":"$STATION_NoFireZone_exited;", "Message_Localised":"No fire zone left.", "Channel":"npc" }
{ "timestamp":"2017-05-03T21:29:54Z", "event":"StartJump", "JumpType":"Hyperspace", "StarSystem":"Merti", "StarClass":"M" }
{ "timestamp":"2017-05-03T21:30:12Z", "event":"FSDJump", "StarSystem":"Merti", "StarPos":[42.031,47.625,43.813], "SystemAllegiance":"Independent", "SystemEconomy":"$economy_Military;", "SystemEconomy_Localised":"Military", "SystemGovernment":"$government_Anarchy;", "SystemGovernment_Localised":"Anarchy", "SystemSecurity":"$GAlAXY_MAP_INFO_state_anarchy;", "SystemSecurity_Localised":"Anarchy", "JumpDist":39.270, "FuelUsed":4.223222, "FuelLevel":27.776777, "Factions":[ { "Name":"Progressive Party of Winiama", "FactionState":"None", "Government":"Democracy", "Influence":0.067000, "Allegiance":"Federation" }, { "Name":"Mafia of Merti", "FactionState":"Boom", "Government":"Anarchy", "Influence":0.548000, "Allegiance":"Independent" }, { "Name":"Independents of LP 798-44", "FactionState":"War", "Government":"Democracy", "Influence":0.072000, "Allegiance":"Federation" }, { "Name":"Haritana Dynamic Group", "FactionState":"None", "Government":"Corporate", "Influence":0.067000, "Allegiance":"Federation" }, { "Name":"Merti Dynamic PLC", "FactionState":"War", "Government":"Corporate", "Influence":0.138000, "Allegiance":"Federation" }, { "Name":"Unified Merti", "FactionState":"Boom", "Government":"Cooperative", "Influence":0.108000, "Allegiance":"Independent" } ], "SystemFaction":"Mafia of Merti", "FactionState":"Boom" }
{ "timestamp":"2017-05-03T21:30:30Z", "event":"FuelScoop", "Scooped":2.548539, "Total":30.325338 }
{ "timestamp":"2017-05-03T21:30:46Z", "event":"StartJump", "JumpType":"Hyperspace", "StarSystem":"BD+01 2684", "StarClass":"M" }
{ "timestamp":"2017-05-03T21:31:04Z", "event":"FSDJump", "StarSystem":"BD+01 2684", "StarPos":[23.031,45.875,6.594], "SystemAllegiance":"", "SystemEconomy":"$economy_None;", "SystemEconomy_Localised":"None", "SystemGovernment":"$government_None;", "SystemGovernment_Localised":"None", "SystemSecurity":"$SYSTEM_SECURITY_low;", "SystemSecurity_Localised":"Low Security", "JumpDist":41.825, "FuelUsed":4.880931, "FuelLevel":25.444407 }
{ "timestamp":"2017-05-03T21:31:24Z", "event":"FuelScoop", "Scooped":2.887526, "Total":28.331938 }
{ "timestamp":"2017-05-03T21:31:39Z", "event":"StartJump", "JumpType":"Hyperspace", "StarSystem":"G 118-43", "StarClass":"M" }
{ "timestamp":"2017-05-03T21:31:58Z", "event":"FSDJump", "StarSystem":"G 118-43", "StarPos":[9.281,49.031,-32.000], "SystemAllegiance":"", "SystemEconomy":"$economy_None;", "SystemEconomy_Localised":"None", "SystemGovernment":"$government_None;", "SystemGovernment_Localised":"None", "SystemSecurity":"$SYSTEM_SECURITY_low;", "SystemSecurity_Localised":"Low Security", "JumpDist":41.091, "FuelUsed":4.620152, "FuelLevel":23.711786 }
{ "timestamp":"2017-05-03T21:32:20Z", "event":"FuelScoop", "Scooped":4.583566, "Total":28.295370 }
{ "timestamp":"2017-05-03T21:32:37Z", "event":"StartJump", "JumpType":"Hyperspace", "StarSystem":"NLTT 21440", "StarClass":"M" }
{ "timestamp":"2017-05-03T21:32:55Z", "event":"FSDJump", "StarSystem":"NLTT 21440", "StarPos":[3.594,46.188,-46.656], "SystemAllegiance":"Federation", "SystemEconomy":"$economy_Agri;", "SystemEconomy_Localised":"Agriculture", "SystemGovernment":"$government_Democracy;", "SystemGovernment_Localised":"Democracy", "SystemSecurity":"$SYSTEM_SECURITY_medium;", "SystemSecurity_Localised":"Medium Security", "JumpDist":15.976, "FuelUsed":0.456431, "FuelLevel":27.838940, "Factions":[ { "Name":"Independents of BD+40 2208", "FactionState":"Election", "Government":"Democracy", "Influence":0.101898, "Allegiance":"Federation" }, { "Name":"Workers of NLTT 21440 for Equality", "FactionState":"Boom", "Government":"Democracy", "Influence":0.430569, "Allegiance":"Federation" }, { "Name":"Brontes League", "FactionState":"Election", "Government":"Confederacy", "Influence":0.121878, "Allegiance":"Federation" }, { "Name":"NLTT 21440 Purple Natural Ex", "FactionState":"Election", "Government":"Corporate", "Influence":0.141858, "Allegiance":"Federation" }, { "Name":"Freedom Party of NLTT 21440", "FactionState":"Boom", "Government":"Dictatorship", "Influence":0.037962, "Allegiance":"Independent" }, { "Name":"NLTT 21440 Incorporated", "FactionState":"Election", "Government":"Corporate", "Influence":0.121878, "Allegiance":"Federation" }, { "Name":"NLTT 21440 Camorra", "FactionState":"None", "Government":"Anarchy", "Influence":0.043956, "Allegiance":"Independent" } ], "SystemFaction":"Workers of NLTT 21440 for Equality", "FactionState":"Boom" }
{ "timestamp":"2017-05-03T21:33:41Z", "event":"FuelScoop", "Scooped":3.400008, "Total":31.238955 }
{ "timestamp":"2017-05-03T21:36:32Z", "event":"SupercruiseExit", "StarSystem":"NLTT 21440", "Body":"Delbruck Gateway", "BodyType":"Station" }
{ "timestamp":"2017-05-03T21:36:34Z", "event":"ReceiveText", "From":"Delbruck Gateway", "Message":"$STATION_NoFireZone_entered;", "Message_Localised":"No fire zone entered.", "Channel":"npc" }
{ "timestamp":"2017-05-03T21:37:25Z", "event":"Scanned", "ScanType":"Cargo" }
{ "timestamp":"2017-05-03T21:37:25Z", "event":"ReceiveText", "From":"$ShipName_Police_Federation;", "From_Localised":"Federal Security Service", "Message":"$Police_ThankYouPassedStopAndSearch03;", "Message_Localised":"All clear. Carry on, pilot.", "Channel":"npc" }
{ "timestamp":"2017-05-03T21:37:55Z", "event":"DockingRequested", "StationName":"Delbruck Gateway" }
{ "timestamp":"2017-05-03T21:37:55Z", "event":"ReceiveText", "From":"Delbruck Gateway", "Message":"$DockingChatter_Neutral;", "Message_Localised":"Ensure to observe starport protocol during your visit, pilot.", "Channel":"npc" }
{ "timestamp":"2017-05-03T21:37:56Z", "event":"ReceiveText", "From":"Delbruck Gateway", "Message":"$STATION_docking_granted;", "Message_Localised":"Docking request granted.", "Channel":"npc" }
{ "timestamp":"2017-05-03T21:37:57Z", "event":"DockingGranted", "LandingPad":5, "StationName":"Delbruck Gateway" }
{ "timestamp":"2017-05-03T21:37:58Z", "event":"ShieldState", "ShieldsUp":false }
{ "timestamp":"2017-05-03T21:38:00Z", "event":"HullDamage", "Health":0.686385, "PlayerPilot":true, "Fighter":false }
{ "timestamp":"2017-05-03T21:38:01Z", "event":"HullDamage", "Health":0.591133, "PlayerPilot":true, "Fighter":false }
{ "timestamp":"2017-05-03T21:38:45Z", "event":"ShieldState", "ShieldsUp":true }
{ "timestamp":"2017-05-03T21:38:57Z", "event":"Docked", "StationName":"Delbruck Gateway", "StationType":"Orbis", "StarSystem":"NLTT 21440", "StationFaction":"Workers of NLTT 21440 for Equality", "FactionState":"Boom", "StationGovernment":"$government_Democracy;", "StationGovernment_Localised":"Democracy", "StationAllegiance":"Federation", "StationEconomy":"$economy_Agri;", "StationEconomy_Localised":"Agriculture", "DistFromStarLS":1051.155273 }
{ "timestamp":"2017-05-03T21:39:06Z", "event":"RepairAll", "Cost":3759 }
{ "timestamp":"2017-05-03T21:39:07Z", "event":"RefuelAll", "Cost":50, "Amount":0.975918 }
{ "timestamp":"2017-05-03T21:42:39Z", "event":"ShipyardTransfer", "ShipType":"FerDeLance", "ShipID":21, "System":"Cartoq", "Distance":115.273392, "TransferPrice":593903 }
{ "timestamp":"2017-05-03T21:44:43Z", "event":"ModuleBuy", "Slot":"MediumHardpoint2", "BuyItem":"$hpt_pulselaserburst_gimbal_medium_name;", "BuyItem_Localised":"Burst Laser", "BuyPrice":48500, "Ship":"asp", "ShipID":13 }
{ "timestamp":"2017-05-03T21:44:52Z", "event":"ModuleBuy", "Slot":"MediumHardpoint1", "BuyItem":"$hpt_pulselaserburst_gimbal_medium_name;", "BuyItem_Localised":"Burst Laser", "BuyPrice":48500, "Ship":"asp", "ShipID":13 }
{ "timestamp":"2017-05-03T21:45:08Z", "event":"ModuleBuy", "Slot":"SmallHardpoint1", "BuyItem":"$hpt_pulselaserburst_gimbal_small_name;", "BuyItem_Localised":"Burst Laser", "BuyPrice":8600, "Ship":"asp", "ShipID":13 }
{ "timestamp":"2017-05-03T21:45:15Z", "event":"ModuleBuy", "Slot":"SmallHardpoint2", "BuyItem":"$hpt_pulselaserburst_gimbal_small_name;", "BuyItem_Localised":"Burst Laser", "BuyPrice":8600, "Ship":"asp", "ShipID":13 }
{ "timestamp":"2017-05-03T21:45:23Z", "event":"ModuleBuy", "Slot":"SmallHardpoint3", "BuyItem":"$hpt_pulselaserburst_gimbal_small_name;", "BuyItem_Localised":"Burst Laser", "BuyPrice":8600, "Ship":"asp", "ShipID":13 }
{ "timestamp":"2017-05-03T21:45:58Z", "event":"ModuleBuy", "Slot":"SmallHardpoint4", "BuyItem":"$hpt_pulselaserburst_gimbal_small_name;", "BuyItem_Localised":"Burst Laser", "BuyPrice":8600, "Ship":"asp", "ShipID":13 }
{ "timestamp":"2017-05-03T21:45:59Z", "event":"ShieldState", "ShieldsUp":false }
{ "timestamp":"2017-05-03T21:48:17Z", "event":"ModuleBuy", "Slot":"PowerPlant", "StoredItem":"$int_powerplant_size4_class5_name;", "StoredItem_Localised":"Power Plant", "BuyItem":"$int_powerplant_size5_class3_name;", "BuyItem_Localised":"Power Plant", "BuyPrice":567106, "Ship":"asp", "ShipID":13 }
{ "timestamp":"2017-05-03T21:48:22Z", "event":"ShieldState", "ShieldsUp":true }
{ "timestamp":"2017-05-03T21:48:47Z", "event":"ModuleStore", "Slot":"Slot01_Size6", "StoredItem":"$int_passengercabin_size6_class3_name;", "StoredItem_Localised":"FC Passenger Cabin", "Ship":"asp", "ShipID":13 }
{ "timestamp":"2017-05-03T21:49:09Z", "event":"ModuleSell", "Slot":"Slot03_Size3", "SellItem":"$int_shieldgenerator_size3_class5_name;", "SellItem_Localised":"Shield Generator", "SellPrice":507912, "Ship":"asp", "ShipID":13 }
{ "timestamp":"2017-05-03T21:49:20Z", "event":"ModuleBuy", "Slot":"Slot01_Size6", "BuyItem":"$int_shieldgenerator_size6_class2_name;", "BuyItem_Localised":"Shield Generator", "BuyPrice":599242, "Ship":"asp", "ShipID":13 }
{ "timestamp":"2017-05-03T21:50:13Z", "event":"ModuleStore", "Slot":"Slot02_Size5", "StoredItem":"$int_fuelscoop_size5_class3_name;", "StoredItem_Localised":"Fuel Scoop", "Ship":"asp", "ShipID":13 }
{ "timestamp":"2017-05-03T21:50:26Z", "event":"ModuleBuy", "Slot":"TinyHardpoint3", "BuyItem":"$hpt_chafflauncher_tiny_name;", "BuyItem_Localised":"Chaff", "BuyPrice":8500, "Ship":"asp", "ShipID":13 }
{ "timestamp":"2017-05-03T21:51:07Z", "event":"SellExplorationData", "Systems":[ "BD+01 2684" ], "Discovered":[  ], "BaseValue":804, "Bonus":0 }
{ "timestamp":"2017-05-03T21:52:21Z", "event":"Repair", "Item":"Wear", "Cost":39315 }
{ "timestamp":"2017-05-03T21:52:45Z", "event":"Undocked", "StationName":"Delbruck Gateway", "StationType":"Orbis" }
{ "timestamp":"2017-05-03T21:53:53Z", "event":"ReceiveText", "From":"Delbruck Gateway", "Message":"$STATION_NoFireZone_exited;", "Message_Localised":"No fire zone left.", "Channel":"npc" }
{ "timestamp":"2017-05-03T21:54:40Z", "event":"StartJump", "JumpType":"Supercruise" }
{ "timestamp":"2017-05-03T21:54:45Z", "event":"SupercruiseEntry", "StarSystem":"NLTT 21440" }
{ "timestamp":"2017-05-03T21:59:57Z", "event":"ReceiveText", "From":"$ShipName_PassengerLiner_Wedding;", "From_Localised":"Wedding Barge", "Message":"$ConvoyWedding_Patrol06;", "Message_Localised":"I still haven't written my vows. What can I say?", "Channel":"npc" }
{ "timestamp":"2017-05-03T22:01:25Z", "event":"SupercruiseExit", "StarSystem":"NLTT 21440", "Body":"NLTT 21440", "BodyType":"Star" }
{ "timestamp":"2017-05-03T22:01:53Z", "event":"Scanned", "ScanType":"Crime" }
{ "timestamp":"2017-05-03T22:01:53Z", "event":"ReceiveText", "From":"$npc_name_decorate:#name=Jeloms;", "From_Localised":"Jeloms", "Message":"$Police_ThankYouPassedStopAndSearch02;", "Message_Localised":"You're clean. Proceed, pilot.", "Channel":"npc" }
{ "timestamp":"2017-05-03T22:02:11Z", "event":"Scanned", "ScanType":"Crime" }
{ "timestamp":"2017-05-03T22:02:12Z", "event":"ReceiveText", "From":"$npc_name_decorate:#name=John M Oultram;", "From_Localised":"John M Oultram", "Message":"$BountyHunter_ThankYouPassedStopAndSearch04;", "Message_Localised":"Sorry, mistaken identity. I thought you were someone else.", "Channel":"npc" }
{ "timestamp":"2017-05-03T22:05:16Z", "event":"ReceiveText", "From":"$npc_name_decorate:#name=Jeloms;", "From_Localised":"Jeloms", "Message":"$MisfortuneCriticalDamage09;", "Message_Localised":"I'm not so easily beaten.", "Channel":"npc" }
{ "timestamp":"2017-05-03T22:05:48Z", "event":"ShieldState", "ShieldsUp":false }
{ "timestamp":"2017-05-03T22:06:09Z", "event":"ReceiveText", "From":"$ShipName_Police_Federation;", "From_Localised":"Federal Security Service", "Message":"$Police_ArriveInvestigate04;", "Message_Localised":"Emergency response squad in position.", "Channel":"npc" }
{ "timestamp":"2017-05-03T22:06:09Z", "event":"ReceiveText", "From":"$ShipName_Police_Federation;", "From_Localised":"Federal Security Service", "Message":"$Police_ArrivedAtInvestigationLocation02;", "Message_Localised":"Cease and desist! Submit to authority scans immediately!", "Channel":"npc" }
{ "timestamp":"2017-05-03T22:06:41Z", "event":"HullDamage", "Health":0.799451, "PlayerPilot":true, "Fighter":false }
{ "timestamp":"2017-05-03T22:07:02Z", "event":"Bounty", "Rewards":[ { "Faction":"Workers of NLTT 21440 for Equality", "Reward":20917 } ], "Target":"independant_trader", "TotalReward":20917, "VictimFaction":"Workers of NLTT 21440 for Equality", "SharedWithOthers":1 }
{ "timestamp":"2017-05-03T22:07:06Z", "event":"ShieldState", "ShieldsUp":true }
{ "timestamp":"2017-05-03T22:07:21Z", "event":"Scanned", "ScanType":"Crime" }
{ "timestamp":"2017-05-03T22:07:22Z", "event":"ReceiveText", "From":"$npc_name_decorate:#name=John M Oultram;", "From_Localised":"John M Oultram", "Message":"$Police_ThankYouPassedStopAndSearch02;", "Message_Localised":"You're clean. Proceed, pilot.", "Channel":"npc" }
{ "timestamp":"2017-05-03T22:07:24Z", "event":"Scanned", "ScanType":"Crime" }
{ "timestamp":"2017-05-03T22:07:56Z", "event":"Scanned", "ScanType":"Cargo" }
{ "timestamp":"2017-05-03T22:07:56Z", "event":"ReceiveText", "From":"$ShipName_Police_Federation;", "From_Localised":"Federal Security Service", "Message":"$Police_ThankYouPassedStopAndSearch11;", "Message_Localised":"We didn't find anything on you this time.", "Channel":"npc" }
{ "timestamp":"2017-05-03T22:09:41Z", "event":"StartJump", "JumpType":"Supercruise" }
{ "timestamp":"2017-05-03T22:09:46Z", "event":"SupercruiseEntry", "StarSystem":"NLTT 21440" }
{ "timestamp":"2017-05-03T22:10:58Z", "event":"ReceiveText", "From":"$ShipName_PassengerLiner_Cruise;", "From_Localised":"Cruise Ship", "Message":"$CruiseLiner_SCPatrol05;", "Message_Localised":"This is your captain. Due to some unforeseen delays, we will be arriving at our next destination later than scheduled.", "Channel":"npc" }
{ "timestamp":"2017-05-03T22:11:31Z", "event":"ReceiveText", "From":"$ShipName_PassengerLiner_Cruise;", "From_Localised":"Cruise Ship", "Message":"$CruiseLiner_SCPatrol01;", "Message_Localised":"And don't forget, this Liner is in the top 1% of all Liners out there.", "Channel":"npc" }
{ "timestamp":"2017-05-03T22:11:50Z", "event":"ReceiveText", "From":"$npc_name_decorate:#name=zero gravitas;", "From_Localised":"zero gravitas", "Message":"$Pirate_StartInterdiction07;", "Message_Localised":"I'm coming for you.", "Channel":"npc" }
{ "timestamp":"2017-05-03T22:12:00Z", "event":"Interdicted", "Submitted":true, "Interdictor":"zero gravitas", "IsPlayer":false, "Faction":"NLTT 21440 Camorra" }
{ "timestamp":"2017-05-03T22:12:01Z", "event":"SupercruiseExit", "StarSystem":"NLTT 21440", "Body":"Gliese 1122 B", "BodyType":"Star" }
{ "timestamp":"2017-05-03T22:12:05Z", "event":"ReceiveText", "From":"$npc_name_decorate:#name=zero gravitas;", "From_Localised":"zero gravitas", "Message":"$Pirate_OnStartScanCargo11;", "Message_Localised":"I hope you have something good in your hold.", "Channel":"npc" }
{ "timestamp":"2017-05-03T22:12:15Z", "event":"ReceiveText", "From":"$npc_name_decorate:#name=zero gravitas;", "From_Localised":"zero gravitas", "Message":"$Pirate_OnNoCargoFound09;", "Message_Localised":"Next time you should fill your hold with gold.", "Channel":"npc" }
{ "timestamp":"2017-05-03T22:12:15Z", "event":"Scanned", "ScanType":"Cargo" }
{ "timestamp":"2017-05-03T22:13:14Z", "event":"ShieldState", "ShieldsUp":false }
{ "timestamp":"2017-05-03T22:13:16Z", "event":"HullDamage", "Health":0.599146, "PlayerPilot":true, "Fighter":false }
{ "timestamp":"2017-05-03T22:13:25Z", "event":"ReceiveText", "From":"$ShipName_Police_Federation;", "From_Localised":"Federal Security Service", "Message":"$Police_ArriveInvestigate04;", "Message_Localised":"Emergency response squad in position.", "Channel":"npc" }
{ "timestamp":"2017-05-03T22:13:26Z", "event":"ReceiveText", "From":"$ShipName_Police_Federation;", "From_Localised":"Federal Security Service", "Message":"$Police_ArrivedAtInvestigationLocation04;", "Message_Localised":"Rapid deployment unit deployed. Initiating scans of all ships in the area.", "Channel":"npc" }
{ "timestamp":"2017-05-03T22:13:55Z", "event":"HullDamage", "Health":0.343113, "PlayerPilot":true, "Fighter":false }
{ "timestamp":"2017-05-03T22:14:05Z", "event":"Bounty", "Rewards":[ { "Faction":"Workers of NLTT 21440 for Equality", "Reward":26255 }, { "Faction":"Federation", "Reward":26055 } ], "Target":"cobramkiii", "TotalReward":52310, "VictimFaction":"NLTT 21440 Camorra" }
{ "timestamp":"2017-05-03T22:14:14Z", "event":"Scanned", "ScanType":"Cargo" }
{ "timestamp":"2017-05-03T22:14:14Z", "event":"ReceiveText", "From":"$ShipName_Police_Federation;", "From_Localised":"Federal Security Service", "Message":"$Police_ThankYouPassedStopAndSearch10;", "Message_Localised":"Everything looks fine, Commander. Have a good day.", "Channel":"npc" }
{ "timestamp":"2017-05-03T22:14:26Z", "event":"StartJump", "JumpType":"Supercruise" }
{ "timestamp":"2017-05-03T22:14:31Z", "event":"SupercruiseEntry", "StarSystem":"NLTT 21440" }
{ "timestamp":"2017-05-03T22:15:40Z", "event":"SupercruiseExit", "StarSystem":"NLTT 21440", "Body":"Gooch Gateway", "BodyType":"Station" }
{ "timestamp":"2017-05-03T22:15:41Z", "event":"ReceiveText", "From":"Gooch Gateway", "Message":"$STATION_NoFireZone_entered;", "Message_Localised":"No fire zone entered.", "Channel":"npc" }
{ "timestamp":"2017-05-03T22:15:52Z", "event":"DockingRequested", "StationName":"Gooch Gateway" }
{ "timestamp":"2017-05-03T22:15:52Z", "event":"ReceiveText", "From":"Gooch Gateway", "Message":"$DockingChatter_Neutral;", "Message_Localised":"Ensure to observe starport protocol during your visit, pilot.", "Channel":"npc" }
{ "timestamp":"2017-05-03T22:15:53Z", "event":"ReceiveText", "From":"Gooch Gateway", "Message":"$STATION_docking_granted;", "Message_Localised":"Docking request granted.", "Channel":"npc" }
{ "timestamp":"2017-05-03T22:15:53Z", "event":"DockingGranted", "LandingPad":26, "StationName":"Gooch Gateway" }
{ "timestamp":"2017-05-03T22:16:57Z", "event":"Docked", "StationName":"Gooch Gateway", "StationType":"Orbis", "StarSystem":"NLTT 21440", "StationFaction":"Workers of NLTT 21440 for Equality", "FactionState":"Boom", "StationGovernment":"$government_Democracy;", "StationGovernment_Localised":"Democracy", "StationAllegiance":"Federation", "StationEconomy":"$economy_Agri;", "StationEconomy_Localised":"Agriculture", "DistFromStarLS":1051.331543 }
{ "timestamp":"2017-05-03T22:17:05Z", "event":"RepairAll", "Cost":27917 }
{ "timestamp":"2017-05-03T22:17:06Z", "event":"RefuelAll", "Cost":27, "Amount":0.538942 }
{ "timestamp":"2017-05-03T22:17:07Z", "event":"BuyAmmo", "Cost":525 }
{ "timestamp":"2017-05-03T22:17:14Z", "event":"RedeemVoucher", "Type":"bounty", "Amount":73227, "Factions":[ { "Faction":"Workers of NLTT 21440 for Equality", "Amount":47172 }, { "Faction":"Federation", "Amount":26055 } ] }
{ "timestamp":"2017-05-03T22:18:51Z", "event":"WingLeave" }
