{ "timestamp":"2016-12-13T18:10:52Z", "event":"Fileheader", "part":1, "language":"English\\UK", "gameversion":"2.2", "build":"r126898/r0 " }
{ "timestamp":"2016-12-13T18:11:18Z", "event":"LoadGame", "Commander":"Coccolithophore", "Ship":"CobraMkIII", "ShipID":0, "GameMode":"Open", "Credits":3229864, "Loan":0 }
{ "timestamp":"2016-12-13T18:11:18Z", "event":"Rank", "Combat":0, "Trade":2, "Explore":2, "Empire":0, "Federation":0, "CQC":0 }
{ "timestamp":"2016-12-13T18:11:18Z", "event":"Progress", "Combat":76, "Trade":81, "Explore":7, "Empire":0, "Federation":22, "CQC":0 }
{ "timestamp":"2016-12-13T18:11:49Z", "event":"Location", "Docked":true, "StationName":"Rushworth Station", "StationType":"Coriolis", "StarSystem":"Pikum", "StarPos":[-39.000,-63.125,-75.031], "SystemAllegiance":"Federation", "SystemEconomy":"$economy_Industrial;", "SystemEconomy_Localised":"Industrial", "SystemGovernment":"$government_Democracy;", "SystemGovernment_Localised":"Democracy", "SystemSecurity":"$SYSTEM_SECURITY_high;", "SystemSecurity_Localised":"High Security", "Body":"Rushworth Station", "BodyType":"Station", "SystemFaction":"Social Pikum Progressive Party", "FactionState":"Boom" }
{ "timestamp":"2016-12-13T18:11:50Z", "event":"Docked", "StationName":"Rushworth Station", "StationType":"Coriolis", "StarSystem":"Pikum", "StationFaction":"Social Pikum Progressive Party", "FactionState":"Boom", "StationGovernment":"$government_Democracy;", "StationGovernment_Localised":"Democracy", "StationAllegiance":"Federation", "StationEconomy":"$economy_Industrial;", "StationEconomy_Localised":"Industrial" }
{ "timestamp":"2016-12-13T18:17:16Z", "event":"ReceiveText", "From":"$npc_name_decorate:#name=SteveMarch;", "From_Localised":"SteveMarch", "Message":"$Commuter_AuthorityScan08;", "Message_Localised":"You've got no right to scan me, officer!", "Channel":"npc" }
{ "timestamp":"2016-12-13T18:22:16Z", "event":"CommunityGoalJoin", "Name":"Restoring Order in Aeternitas", "System":"Aeternitas" }
{ "timestamp":"2016-12-13T18:24:02Z", "event":"Undocked", "StationName":"Rushworth Station", "StationType":"Coriolis" }
{ "timestamp":"2016-12-13T18:24:34Z", "event":"ReceiveText", "From":"Rushworth Station", "Message":"$STATION_NoFireZone_exited;", "Message_Localised":"No fire zone left.", "Channel":"npc" }
{ "timestamp":"2016-12-13T18:24:40Z", "event":"ReceiveText", "From":"Rushworth Station", "Message":"$STATION_NoFireZone_entered;", "Message_Localised":"No fire zone entered.", "Channel":"npc" }
{ "timestamp":"2016-12-13T18:24:51Z", "event":"ReceiveText", "From":"Rushworth Station", "Message":"$STATION_NoFireZone_exited;", "Message_Localised":"No fire zone left.", "Channel":"npc" }
{ "timestamp":"2016-12-13T18:25:33Z", "event":"FSDJump", "StarSystem":"Tascheter Sector LX-U b2-1", "StarPos":[-26.219,-59.875,-58.625], "SystemAllegiance":"", "SystemEconomy":"$economy_None;", "SystemEconomy_Localised":"None", "SystemGovernment":"$government_None;", "SystemGovernment_Localised":"None", "SystemSecurity":"$SYSTEM_SECURITY_low;", "SystemSecurity_Localised":"Low Security", "JumpDist":21.050, "FuelUsed":2.735908, "FuelLevel":17.264091 }
{ "timestamp":"2016-12-13T18:25:57Z", "event":"FuelScoop", "Scooped":0.764002, "Total":18.028093 }
{ "timestamp":"2016-12-13T18:26:35Z", "event":"FSDJump", "StarSystem":"LP 590-137", "StarPos":[-12.156,-56.813,-43.094], "SystemAllegiance":"Federation", "SystemEconomy":"$economy_Refinery;", "SystemEconomy_Localised":"Refinery", "SystemGovernment":"$government_Corporate;", "SystemGovernment_Localised":"Corporate", "SystemSecurity":"$SYSTEM_SECURITY_low;", "SystemSecurity_Localised":"Low Security", "JumpDist":21.174, "FuelUsed":2.725688, "FuelLevel":15.302405, "SystemFaction":"LP 590-137 Gold Galactic Limited", "FactionState":"Boom" }
{ "timestamp":"2016-12-13T18:27:02Z", "event":"FuelScoop", "Scooped":0.518697, "Total":15.821102 }
{ "timestamp":"2016-12-13T18:27:51Z", "event":"FSDJump", "StarSystem":"Mammentum", "StarPos":[-12.656,-51.750,-22.219], "SystemAllegiance":"", "SystemEconomy":"$economy_None;", "SystemEconomy_Localised":"None", "SystemGovernment":"$government_None;", "SystemGovernment_Localised":"None", "SystemSecurity":"$SYSTEM_SECURITY_low;", "SystemSecurity_Localised":"Low Security", "JumpDist":21.486, "FuelUsed":2.764781, "FuelLevel":13.056322 }
{ "timestamp":"2016-12-13T18:28:39Z", "event":"FSDJump", "StarSystem":"Core Sys Sector WJ-R a4-1", "StarPos":[-11.219,-43.500,-2.813], "SystemAllegiance":"", "SystemEconomy":"$economy_None;", "SystemEconomy_Localised":"None", "SystemGovernment":"$government_None;", "SystemGovernment_Localised":"None", "SystemSecurity":"$SYSTEM_SECURITY_low;", "SystemSecurity_Localised":"Low Security", "JumpDist":21.136, "FuelUsed":2.597756, "FuelLevel":10.458567 }
{ "timestamp":"2016-12-13T18:29:49Z", "event":"FSDJump", "StarSystem":"Core Sys Sector CB-O a6-0", "StarPos":[-13.219,-34.250,15.531], "SystemAllegiance":"", "SystemEconomy":"$economy_None;", "SystemEconomy_Localised":"None", "SystemGovernment":"$government_None;", "SystemGovernment_Localised":"None", "SystemSecurity":"$SYSTEM_SECURITY_low;", "SystemSecurity_Localised":"Low Security", "JumpDist":20.641, "FuelUsed":2.403241, "FuelLevel":8.055326 }
{ "timestamp":"2016-12-13T18:30:52Z", "event":"FSDJump", "StarSystem":"Core Sys Sector GH-M a7-3", "StarPos":[-12.563,-27.844,31.906], "SystemAllegiance":"", "SystemEconomy":"$economy_None;", "SystemEconomy_Localised":"None", "SystemGovernment":"$government_None;", "SystemGovernment_Localised":"None", "SystemSecurity":"$SYSTEM_SECURITY_low;", "SystemSecurity_Localised":"Low Security", "JumpDist":17.596, "FuelUsed":1.628857, "FuelLevel":6.426469 }
{ "timestamp":"2016-12-13T18:31:46Z", "event":"FSDJump", "StarSystem":"Core Sys Sector HR-W c1-30", "StarPos":[-3.031,-17.469,42.313], "SystemAllegiance":"", "SystemEconomy":"$economy_None;", "SystemEconomy_Localised":"None", "SystemGovernment":"$government_None;", "SystemGovernment_Localised":"None", "SystemSecurity":"$SYSTEM_SECURITY_low;", "SystemSecurity_Localised":"Low Security", "JumpDist":17.515, "FuelUsed":1.587884, "FuelLevel":4.838585 }
{ "timestamp":"2016-12-13T18:32:14Z", "event":"FuelScoop", "Scooped":1.549643, "Total":6.388227 }
{ "timestamp":"2016-12-13T18:32:52Z", "event":"FSDJump", "StarSystem":"Aeternitas", "StarPos":[-1.500,-14.656,56.875], "SystemAllegiance":"Federation", "SystemEconomy":"$economy_Agri;", "SystemEconomy_Localised":"Agriculture", "SystemGovernment":"$government_Corporate;", "SystemGovernment_Localised":"Corporate", "SystemSecurity":"$SYSTEM_SECURITY_high;", "SystemSecurity_Localised":"High Security", "JumpDist":14.910, "FuelUsed":1.096087, "FuelLevel":5.292140, "SystemFaction":"Aeternitas Industries", "FactionState":"Boom" }
{ "timestamp":"2016-12-13T18:33:07Z", "event":"ReceiveText", "From":"$npc_name_decorate:#name=Brimstone;", "From_Localised":"Brimstone", "Message":"$Pirate_HunterHostileSC_Relevant05;", "Message_Localised":"The rumour was right... good job I found you first.", "Channel":"npc" }
{ "timestamp":"2016-12-13T18:34:11Z", "event":"ReceiveText", "From":"$npc_name_decorate:#name=Cruise Ship;", "From_Localised":"Cruise Ship", "Message":"$CruiseLiner_SCPatrol02;", "Message_Localised":"We will be cruising in-system for a while, please feel free to take advantage of our in-flight entertainment.", "Channel":"npc" }
{ "timestamp":"2016-12-13T18:34:28Z", "event":"ReceiveText", "From":"$npc_name_decorate:#name=Brimstone;", "From_Localised":"Brimstone", "Message":"$Pirate_StartInterdiction04;", "Message_Localised":"Prepare yourself!", "Channel":"npc" }
{ "timestamp":"2016-12-13T18:34:34Z", "event":"Interdicted", "Submitted":true, "Interdictor":"Brimstone", "IsPlayer":false, "Faction":"Union of Aeternitas Liberals" }
{ "timestamp":"2016-12-13T18:34:35Z", "event":"SupercruiseExit", "StarSystem":"Aeternitas", "Body":"Aeternitas", "BodyType":"Star" }
{ "timestamp":"2016-12-13T18:35:02Z", "event":"SupercruiseEntry", "StarSystem":"Aeternitas" }
{ "timestamp":"2016-12-13T18:35:26Z", "event":"ReceiveText", "From":"$npc_name_decorate:#name=Brimstone;", "From_Localised":"Brimstone", "Message":"$Pirate_HunterHostileSC_Relevant03;", "Message_Localised":"I've come a long way for what's in your hold, don't try to run!", "Channel":"npc" }
{ "timestamp":"2016-12-13T18:35:28Z", "event":"ReceiveText", "From":"$npc_name_decorate:#name=Cruise Ship;", "From_Localised":"Cruise Ship", "Message":"$CruiseLiner_SCPatrol02;", "Message_Localised":"We will be cruising in-system for a while, please feel free to take advantage of our in-flight entertainment.", "Channel":"npc" }
{ "timestamp":"2016-12-13T18:36:07Z", "event":"ReceiveText", "From":"$npc_name_decorate:#name=Brimstone;", "From_Localised":"Brimstone", "Message":"$Pirate_StartInterdiction07;", "Message_Localised":"I'm coming for you.", "Channel":"npc" }
{ "timestamp":"2016-12-13T18:36:12Z", "event":"Interdicted", "Submitted":true, "Interdictor":"Brimstone", "IsPlayer":false, "Faction":"Union of Aeternitas Liberals" }
{ "timestamp":"2016-12-13T18:36:21Z", "event":"SupercruiseExit", "StarSystem":"Aeternitas", "Body":"Houtman City", "BodyType":"Station" }
{ "timestamp":"2016-12-13T18:36:23Z", "event":"ReceiveText", "From":"Houtman City", "Message":"$STATION_NoFireZone_entered;", "Message_Localised":"No fire zone entered.", "Channel":"npc" }
{ "timestamp":"2016-12-13T18:36:30Z", "event":"DockingRequested", "StationName":"Houtman City" }
{ "timestamp":"2016-12-13T18:36:30Z", "event":"ReceiveText", "From":"Houtman City", "Message":"$DockingChatter_Neutral;", "Message_Localised":"Ensure to observe starport protocol during your visit, pilot.", "Channel":"npc" }
{ "timestamp":"2016-12-13T18:36:31Z", "event":"ReceiveText", "From":"Houtman City", "Message":"$STATION_docking_granted;", "Message_Localised":"Docking request granted.", "Channel":"npc" }
{ "timestamp":"2016-12-13T18:36:31Z", "event":"DockingGranted", "LandingPad":13, "StationName":"Houtman City" }
{ "timestamp":"2016-12-13T18:37:15Z", "event":"Docked", "StationName":"Houtman City", "StationType":"Orbis", "StarSystem":"Aeternitas", "StationFaction":"Aeternitas Industries", "FactionState":"Boom", "StationGovernment":"$government_Corporate;", "StationGovernment_Localised":"Corporate", "StationAllegiance":"Federation", "StationEconomy":"$economy_Industrial;", "StationEconomy_Localised":"Industrial" }
{ "timestamp":"2016-12-13T18:39:55Z", "event":"Undocked", "StationName":"Houtman City", "StationType":"Orbis" }
{ "timestamp":"2016-12-13T18:40:49Z", "event":"ReceiveText", "From":"Houtman City", "Message":"$STATION_NoFireZone_exited;", "Message_Localised":"No fire zone left.", "Channel":"npc" }
{ "timestamp":"2016-12-13T18:41:03Z", "event":"SupercruiseEntry", "StarSystem":"Aeternitas" }
{ "timestamp":"2016-12-13T18:41:29Z", "event":"ReceiveText", "From":"$npc_name_decorate:#name=Cruise Ship;", "From_Localised":"Cruise Ship", "Message":"$CruiseLiner_SCPatrol02;", "Message_Localised":"We will be cruising in-system for a while, please feel free to take advantage of our in-flight entertainment.", "Channel":"npc" }
{ "timestamp":"2016-12-13T18:42:05Z", "event":"ReceiveText", "From":"$npc_name_decorate:#name=Cruise Ship;", "From_Localised":"Cruise Ship", "Message":"$CruiseLiner_SCPatrol05;", "Message_Localised":"This is your captain. Due to some unforeseen delays, we will be arriving at our next destination later than scheduled.", "Channel":"npc" }
{ "timestamp":"2016-12-13T18:42:45Z", "event":"ReceiveText", "From":"$npc_name_decorate:#name=Cruise Ship;", "From_Localised":"Cruise Ship", "Message":"$CruiseLiner_SCPatrol04;", "Message_Localised":"I'd like to direct your attention to our flight attendants for a brief safety demonstration.", "Channel":"npc" }
{ "timestamp":"2016-12-13T18:43:32Z", "event":"SupercruiseExit", "StarSystem":"Aeternitas", "Body":"Aeternitas", "BodyType":"Star" }
{ "timestamp":"2016-12-13T18:43:34Z", "event":"ReceiveText", "From":"$npc_name_decorate:#name=Brimstone;", "From_Localised":"Brimstone", "Message":"$Pirate_OnDeclarePiracyThreaten10;", "Message_Localised":"Any cargo you have is now mine - fact.", "Channel":"npc" }
{ "timestamp":"2016-12-13T18:43:44Z", "event":"ReceiveText", "From":"$npc_name_decorate:#name=Brimstone;", "From_Localised":"Brimstone", "Message":"$Pirate_OnDeclarePiracyAttack05;", "Message_Localised":"You have no chance now.", "Channel":"npc" }
{ "timestamp":"2016-12-13T18:44:07Z", "event":"Bounty", "Rewards":[ { "Faction":"Aeternitas Industries", "Reward":800 }, { "Faction":"Federation", "Reward":14760 } ], "TotalReward":15560, "VictimFaction":"Union of Aeternitas Liberals" }
{ "timestamp":"2016-12-13T18:44:50Z", "event":"ReceiveText", "From":"$ShipName_Police_Federation;", "From_Localised":"Federal Security Service", "Message":"$Police_ThankYouPassedStopAndSearch11;", "Message_Localised":"We didn't find anything on you this time.", "Channel":"npc" }
{ "timestamp":"2016-12-13T18:45:18Z", "event":"ReceiveText", "From":"$cmdr_decorate:#name=GeoGamer;", "From_Localised":"CMDR GeoGamer", "Message":"is there a minimum damage which i have to do to get a bounty\"? i definitley hit that last wanted guy but didnt get the bounty from that kill. sorry for the noob question :D", "Channel":"local" }
{ "timestamp":"2016-12-13T18:46:14Z", "event":"ReceiveText", "From":"$ShipName_Police_Federation;", "From_Localised":"Federal Security Service", "Message":"$Police_ArrivedAtInvestigationLocation04;", "Message_Localised":"Rapid deployment unit deployed. Initiating scans of all ships in the area.", "Channel":"npc" }
{ "timestamp":"2016-12-13T18:46:16Z", "event":"ReceiveText", "From":"$cmdr_decorate:#name=James Lucaas;", "From_Localised":"CMDR James Lucaas", "Message":"its whoever gets the final shot that gets the bounty i think", "Channel":"local" }
{ "timestamp":"2016-12-13T18:46:19Z", "event":"ReceiveText", "From":"$ShipName_Police_Federation;", "From_Localised":"Federal Security Service", "Message":"$Police_ArriveInvestigate03;", "Message_Localised":"Crime response flight deployed.", "Channel":"npc" }
{ "timestamp":"2016-12-13T18:46:31Z", "event":"ReceiveText", "From":"$npc_name_decorate:#name=Shield of Justice;", "From_Localised":"Shield of Justice", "Message":"$Pirate_OnDeclarePiracyAttack12;", "Message_Localised":"I'm coming for you!", "Channel":"npc" }
{ "timestamp":"2016-12-13T18:46:33Z", "event":"ReceiveText", "From":"$cmdr_decorate:#name=GeoGamer;", "From_Localised":"CMDR GeoGamer", "Message":"really? that kinda sucks", "Channel":"local" }
{ "timestamp":"2016-12-13T18:47:49Z", "event":"ReceiveText", "From":"", "Message":"$Escort_EscortJump02;", "Message_Localised":"Damn. Looks like I'm done here.", "Channel":"npc" }
{ "timestamp":"2016-12-13T18:47:54Z", "event":"SupercruiseEntry", "StarSystem":"Aeternitas" }
{ "timestamp":"2016-12-13T18:48:21Z", "event":"LoadGame", "Commander":"Coccolithophore", "Ship":"CobraMkIII", "ShipID":0, "GameMode":"Solo", "Credits":3229864, "Loan":0 }
{ "timestamp":"2016-12-13T18:48:21Z", "event":"Rank", "Combat":0, "Trade":2, "Explore":2, "Empire":0, "Federation":0, "CQC":0 }
{ "timestamp":"2016-12-13T18:48:21Z", "event":"Progress", "Combat":76, "Trade":81, "Explore":7, "Empire":0, "Federation":22, "CQC":0 }
{ "timestamp":"2016-12-13T18:48:39Z", "event":"Location", "Docked":false, "StarSystem":"Aeternitas", "StarPos":[-1.500,-14.656,56.875], "SystemAllegiance":"Federation", "SystemEconomy":"$economy_Agri;", "SystemEconomy_Localised":"Agriculture", "SystemGovernment":"$government_Corporate;", "SystemGovernment_Localised":"Corporate", "SystemSecurity":"$SYSTEM_SECURITY_high;", "SystemSecurity_Localised":"High Security", "Body":"Aeternitas", "BodyType":"Star", "SystemFaction":"Aeternitas Industries", "FactionState":"Boom" }
{ "timestamp":"2016-12-13T18:49:45Z", "event":"SupercruiseEntry", "StarSystem":"Aeternitas" }
{ "timestamp":"2016-12-13T18:50:10Z", "event":"SupercruiseExit", "StarSystem":"Aeternitas", "Body":"Aeternitas", "BodyType":"Star" }
{ "timestamp":"2016-12-13T18:50:22Z", "event":"MaterialCollected", "Category":"Encoded", "Name":"bulkscandata", "Count":3 }
{ "timestamp":"2016-12-13T18:51:55Z", "event":"ReceiveText", "From":"$ShipName_Police_Federation;", "From_Localised":"Federal Security Service", "Message":"$Police_ArriveInvestigate01;", "Message_Localised":"Investigating reports of crime.", "Channel":"npc" }
{ "timestamp":"2016-12-13T18:51:55Z", "event":"ReceiveText", "From":"$ShipName_Police_Federation;", "From_Localised":"Federal Security Service", "Message":"$Police_ArrivedAtInvestigationLocation03;", "Message_Localised":"Crime scene cordon initialised, all ships must submit to police scan.", "Channel":"npc" }
{ "timestamp":"2016-12-13T18:51:57Z", "event":"ReceiveText", "From":"$ShipName_Police_Federation;", "From_Localised":"Federal Security Service", "Message":"$Police_ArriveInvestigate03;", "Message_Localised":"Crime response flight deployed.", "Channel":"npc" }
{ "timestamp":"2016-12-13T18:52:18Z", "event":"Bounty", "Rewards":[ { "Faction":"Aeternitas Industries", "Reward":400 } ], "TotalReward":400, "VictimFaction":"Zemina Torval" }
{ "timestamp":"2016-12-13T18:52:34Z", "event":"ReceiveText", "From":"$npc_name_decorate:#name=Torval's Shield;", "From_Localised":"Torval's Shield", "Message":"$Escort_NearDeath03;", "Message_Localised":"I've got a problem here... requesting assistance.", "Channel":"npc" }
{ "timestamp":"2016-12-13T18:52:42Z", "event":"Bounty", "Rewards":[ { "Faction":"Aeternitas Industries", "Reward":800 } ], "TotalReward":800, "VictimFaction":"Zemina Torval" }
{ "timestamp":"2016-12-13T18:53:03Z", "event":"MaterialCollected", "Category":"Encoded", "Name":"shielddensityreports", "Count":3 }
{ "timestamp":"2016-12-13T18:53:28Z", "event":"Bounty", "Rewards":[ { "Faction":"Aeternitas Industries", "Reward":800 } ], "TotalReward":800, "VictimFaction":"Li Yong-Rui" }
{ "timestamp":"2016-12-13T18:53:45Z", "event":"MaterialCollected", "Category":"Encoded", "Name":"shieldcyclerecordings", "Count":3 }
{ "timestamp":"2016-12-13T18:53:49Z", "event":"ReceiveText", "From":"$ShipName_Police_Federation;", "From_Localised":"Federal Security Service", "Message":"$Police_ArrivedAtInvestigationLocation04;", "Message_Localised":"Rapid deployment unit deployed. Initiating scans of all ships in the area.", "Channel":"npc" }
{ "timestamp":"2016-12-13T18:54:26Z", "event":"ReceiveText", "From":"$npc_name_decorate:#name=Spabby;", "From_Localised":"Spabby", "Message":"$BadKarmaCriticalDamage03;", "Message_Localised":"You fight a good fight!", "Channel":"npc" }
{ "timestamp":"2016-12-13T18:55:09Z", "event":"ReceiveText", "From":"$npc_name_decorate:#name=Titus Ohmsey;", "From_Localised":"Titus Ohmsey", "Message":"$BadKarmaCriticalDamage08;", "Message_Localised":"I've taken too many hits.", "Channel":"npc" }
{ "timestamp":"2016-12-13T18:55:17Z", "event":"Bounty", "Rewards":[ { "Faction":"Aeternitas Industries", "Reward":800 }, { "Faction":"Federation", "Reward":39735 } ], "TotalReward":40535, "VictimFaction":"Nationals of Algreit" }
{ "timestamp":"2016-12-13T18:55:17Z", "event":"ReceiveText", "From":"$npc_name_decorate:#name=Dom;", "From_Localised":"Dom", "Message":"$Pirate_OnHullLowJumpAway14;", "Message_Localised":"I'm not so much running as rescheduling this fight.", "Channel":"npc" }
{ "timestamp":"2016-12-13T18:55:17Z", "event":"Promotion", "Combat":1 }
{ "timestamp":"2016-12-13T18:55:36Z", "event":"MaterialCollected", "Category":"Encoded", "Name":"shieldcyclerecordings", "Count":3 }
{ "timestamp":"2016-12-13T18:55:42Z", "event":"ReceiveText", "From":"$npc_name_decorate:#name=V. Nielsen;", "From_Localised":"V. Nielsen", "Message":"$BountyHunter_ThankYouPassedStopAndSearch04;", "Message_Localised":"Sorry, mistaken identity. I thought you were someone else.", "Channel":"npc" }
{ "timestamp":"2016-12-13T18:55:51Z", "event":"ReceiveText", "From":"$ShipName_Police_Federation;", "From_Localised":"Federal Security Service", "Message":"$Police_ThankYouPassedStopAndSearch03;", "Message_Localised":"All clear. Carry on, pilot.", "Channel":"npc" }
{ "timestamp":"2016-12-13T18:55:58Z", "event":"SupercruiseEntry", "StarSystem":"Aeternitas" }
{ "timestamp":"2016-12-13T18:56:44Z", "event":"FuelScoop", "Scooped":0.004801, "Total":4.806942 }
{ "timestamp":"2016-12-13T18:58:38Z", "event":"LoadGame", "Commander":"Coccolithophore", "Ship":"CobraMkIII", "ShipID":0, "GameMode":"Solo", "Credits":3229864, "Loan":0 }
{ "timestamp":"2016-12-13T18:58:38Z", "event":"Rank", "Combat":1, "Trade":2, "Explore":2, "Empire":0, "Federation":0, "CQC":0 }
{ "timestamp":"2016-12-13T18:58:38Z", "event":"Progress", "Combat":2, "Trade":81, "Explore":7, "Empire":0, "Federation":22, "CQC":0 }
{ "timestamp":"2016-12-13T18:58:56Z", "event":"Location", "Docked":false, "StarSystem":"Aeternitas", "StarPos":[-1.500,-14.656,56.875], "SystemAllegiance":"Federation", "SystemEconomy":"$economy_Agri;", "SystemEconomy_Localised":"Agriculture", "SystemGovernment":"$government_Corporate;", "SystemGovernment_Localised":"Corporate", "SystemSecurity":"$SYSTEM_SECURITY_high;", "SystemSecurity_Localised":"High Security", "Body":"Aeternitas", "BodyType":"Star", "SystemFaction":"Aeternitas Industries", "FactionState":"Boom" }
{ "timestamp":"2016-12-13T18:59:25Z", "event":"SupercruiseEntry", "StarSystem":"Aeternitas" }
{ "timestamp":"2016-12-13T19:00:49Z", "event":"SupercruiseExit", "StarSystem":"Aeternitas", "Body":"Houtman City", "BodyType":"Station" }
{ "timestamp":"2016-12-13T19:00:50Z", "event":"ReceiveText", "From":"Houtman City", "Message":"$STATION_NoFireZone_entered;", "Message_Localised":"No fire zone entered.", "Channel":"npc" }
{ "timestamp":"2016-12-13T19:00:59Z", "event":"DockingRequested", "StationName":"Houtman City" }
{ "timestamp":"2016-12-13T19:00:59Z", "event":"ReceiveText", "From":"Houtman City", "Message":"$DockingChatter_Neutral;", "Message_Localised":"Ensure to observe starport protocol during your visit, pilot.", "Channel":"npc" }
{ "timestamp":"2016-12-13T19:01:00Z", "event":"ReceiveText", "From":"Houtman City", "Message":"$STATION_docking_granted;", "Message_Localised":"Docking request granted.", "Channel":"npc" }
{ "timestamp":"2016-12-13T19:01:00Z", "event":"DockingGranted", "LandingPad":6, "StationName":"Houtman City" }
{ "timestamp":"2016-12-13T19:01:35Z", "event":"Docked", "StationName":"Houtman City", "StationType":"Orbis", "StarSystem":"Aeternitas", "StationFaction":"Aeternitas Industries", "FactionState":"Boom", "StationGovernment":"$government_Corporate;", "StationGovernment_Localised":"Corporate", "StationAllegiance":"Federation", "StationEconomy":"$economy_Industrial;", "StationEconomy_Localised":"Industrial" }
{ "timestamp":"2016-12-13T19:01:58Z", "event":"RedeemVoucher", "Type":"bounty", "Amount":42535 }
{ "timestamp":"2016-12-13T19:04:37Z", "event":"ModuleBuy", "Slot":"Slot02_Size4", "SellItem":"$int_fuelscoop_size4_class3_name;", "SellItem_Localised":"Fuel Scoop", "SellPrice":178898, "BuyItem":"$int_fsdinterdictor_size4_class1_name;", "BuyItem_Localised":"FSD Interdictor", "BuyPrice":263424, "Ship":"cobramkiii", "ShipID":0 }
{ "timestamp":"2016-12-13T19:04:46Z", "event":"RefuelAll", "Cost":764, "Amount":15.255842 }
{ "timestamp":"2016-12-13T19:04:47Z", "event":"BuyAmmo", "Cost":752 }
{ "timestamp":"2016-12-13T19:05:17Z", "event":"Undocked", "StationName":"Houtman City", "StationType":"Orbis" }
{ "timestamp":"2016-12-13T19:06:05Z", "event":"ReceiveText", "From":"Houtman City", "Message":"$STATION_NoFireZone_exited;", "Message_Localised":"No fire zone left.", "Channel":"npc" }
{ "timestamp":"2016-12-13T19:06:13Z", "event":"SupercruiseEntry", "StarSystem":"Aeternitas" }
{ "timestamp":"2016-12-13T19:07:34Z", "event":"Interdiction", "Success":false, "IsPlayer":false, "Interdicted":"Torval's Shield", "Faction":"Zemina Torval", "Power":"Empire" }
