{ "timestamp":"2016-11-05T00:37:02Z", "event":"Fileheader", "part":1, "language":"English\\UK", "gameversion":"2.2", "build":"r125374/r0 " }
{ "timestamp":"2016-11-05T00:37:40Z", "event":"LoadGame", "Commander":"Blantyre", "Ship":"Python", "ShipID":14, "GameMode":"Solo", "Credits":13599811, "Loan":0 }
{ "timestamp":"2016-11-05T00:37:40Z", "event":"Rank", "Combat":4, "Trade":5, "Explore":4, "Empire":2, "Federation":7, "CQC":0 }
{ "timestamp":"2016-11-05T00:37:40Z", "event":"Progress", "Combat":18, "Trade":87, "Explore":29, "Empire":18, "Federation":2, "CQC":0 }
{ "timestamp":"2016-11-05T00:38:06Z", "event":"Location", "Docked":false, "StarSystem":"Li Quang", "StarPos":[-108.031,36.844,-11.750], "Allegiance":"Federation", "Economy":"$economy_Colony;", "Economy_Localised":"Colony", "Government":"$government_Confederacy;", "Government_Localised":"Confederacy", "Security":"$SYSTEM_SECURITY_low;", "Security_Localised":"Low Security", "Body":"Li Quang 2", "BodyType":"Planet", "Faction":"Li Quang Confederation" }
{ "timestamp":"2016-11-05T00:38:25Z", "event":"SupercruiseEntry", "StarSystem":"Li Quang" }
{ "timestamp":"2016-11-05T00:40:23Z", "event":"ReceiveText", "From":"$npc_name_decorate:#name=Geoffrey R;", "From_Localised":"Geoffrey R", "Message":"$Pirate_HunterHostileSC_Relevant05;", "Message_Localised":"The rumour was right... good job I found you first.", "Channel":"npc" }
{ "timestamp":"2016-11-05T00:40:29Z", "event":"ReceiveText", "From":"$npc_name_decorate:#name=Geoffrey R;", "From_Localised":"Geoffrey R", "Message":"$Pirate_StartInterdiction05;", "Message_Localised":"You have something that I want.", "Channel":"npc" }
{ "timestamp":"2016-11-05T00:40:35Z", "event":"Interdicted", "Submitted":true, "Interdictor":"Geoffrey R", "IsPlayer":false, "Faction":"Li Quang Confederation" }
{ "timestamp":"2016-11-05T00:40:36Z", "event":"SupercruiseExit", "StarSystem":"Li Quang", "Body":"Li Quang", "BodyType":"Star" }
{ "timestamp":"2016-11-05T00:41:38Z", "event":"HeatWarning" }
{ "timestamp":"2016-11-05T00:41:57Z", "event":"ReceiveText", "From":"$npc_name_decorate:#name=Geoffrey R;", "From_Localised":"Geoffrey R", "Message":"$BadKarmaCriticalDamage08;", "Message_Localised":"I've taken too many hits.", "Channel":"npc" }
{ "timestamp":"2016-11-05T00:42:01Z", "event":"ShieldState", "ShieldsUp":false }
{ "timestamp":"2016-11-05T00:42:02Z", "event":"HeatWarning" }
{ "timestamp":"2016-11-05T00:42:34Z", "event":"HeatWarning" }
{ "timestamp":"2016-11-05T00:42:50Z", "event":"Bounty", "Rewards":[ { "Faction":"Li Quang Confederation", "Reward":100 }, { "Faction":"Federation", "Reward":139230 } ], "TotalReward":139330, "VictimFaction":"Li Quang Confederation" }
{ "timestamp":"2016-11-05T00:43:55Z", "event":"MaterialCollected", "Category":"Manufactured", "Name":"refinedfocuscrystals", "Count":3 }
{ "timestamp":"2016-11-05T00:44:02Z", "event":"ShieldState", "ShieldsUp":true }
{ "timestamp":"2016-11-05T00:44:24Z", "event":"MaterialCollected", "Category":"Manufactured", "Name":"refinedfocuscrystals", "Count":3 }
{ "timestamp":"2016-11-05T00:44:49Z", "event":"SupercruiseEntry", "StarSystem":"Li Quang" }
{ "timestamp":"2016-11-05T00:46:20Z", "event":"MaterialCollected", "Category":"Encoded", "Name":"decodedemissiondata", "Count":3 }
{ "timestamp":"2016-11-05T00:49:52Z", "event":"ReceiveText", "From":"$npc_name_decorate:#name=Caedmon;", "From_Localised":"Caedmon", "Message":"$Pirate_StartInterdiction03;", "Message_Localised":"I have you now!", "Channel":"npc" }
{ "timestamp":"2016-11-05T00:49:57Z", "event":"Interdicted", "Submitted":true, "Interdictor":"Caedmon", "IsPlayer":false, "Faction":"Ngolitjali Purple Federal Org" }
{ "timestamp":"2016-11-05T00:49:58Z", "event":"SupercruiseExit", "StarSystem":"Li Quang", "Body":"Li Quang", "BodyType":"Star" }
{ "timestamp":"2016-11-05T00:50:12Z", "event":"ReceiveText", "From":"$npc_name_decorate:#name=Caedmon;", "From_Localised":"Caedmon", "Message":"$Pirate_OnDeclarePiracyThreaten11;", "Message_Localised":"You have a choice to make - stay wealthy or stay alive.", "Channel":"npc" }
{ "timestamp":"2016-11-05T00:50:28Z", "event":"ReceiveText", "From":"$npc_name_decorate:#name=Caedmon;", "From_Localised":"Caedmon", "Message":"$Pirate_OnDeclarePiracyAttack02;", "Message_Localised":"You choose death then. Very well.", "Channel":"npc" }
{ "timestamp":"2016-11-05T00:51:21Z", "event":"ReceiveText", "From":"$npc_name_decorate:#name=Caedmon;", "From_Localised":"Caedmon", "Message":"$BadKarmaCriticalDamage07;", "Message_Localised":"Too much damage!", "Channel":"npc" }
{ "timestamp":"2016-11-05T00:51:25Z", "event":"HeatWarning" }
{ "timestamp":"2016-11-05T00:52:55Z", "event":"SupercruiseEntry", "StarSystem":"Li Quang" }
{ "timestamp":"2016-11-05T00:54:38Z", "event":"SupercruiseExit", "StarSystem":"Li Quang", "Body":"Al-Battani Relay", "BodyType":"Station" }
{ "timestamp":"2016-11-05T00:54:47Z", "event":"ReceiveText", "From":"Al-Battani Relay", "Message":"$DockingFailed_Distance:#distance=7500;", "Message_Localised":"Docking request denied, please approach to 7500m", "Channel":"npc" }
{ "timestamp":"2016-11-05T00:54:47Z", "event":"DockingDenied", "Reason":"Distance", "StationName":"Al-Battani Relay" }
{ "timestamp":"2016-11-05T00:54:55Z", "event":"DockingRequested", "StationName":"Al-Battani Relay" }
{ "timestamp":"2016-11-05T00:54:55Z", "event":"ReceiveText", "From":"Al-Battani Relay", "Message":"$DockingChatter_Neutral;", "Message_Localised":"Ensure to observe starport protocol during your visit, pilot.", "Channel":"npc" }
{ "timestamp":"2016-11-05T00:54:56Z", "event":"ReceiveText", "From":"Al-Battani Relay", "Message":"$STATION_docking_granted;", "Message_Localised":"Docking request granted.", "Channel":"npc" }
{ "timestamp":"2016-11-05T00:54:56Z", "event":"DockingGranted", "LandingPad":3, "StationName":"Al-Battani Relay" }
{ "timestamp":"2016-11-05T00:55:19Z", "event":"ReceiveText", "From":"Al-Battani Relay", "Message":"$STATION_NoFireZone_entered;", "Message_Localised":"No fire zone entered.", "Channel":"npc" }
{ "timestamp":"2016-11-05T00:56:27Z", "event":"Docked", "StationName":"Al-Battani Relay", "StationType":"Outpost", "StarSystem":"Li Quang", "Faction":"Li Quang Confederation", "Allegiance":"Federation", "Economy":"$economy_Colony;", "Economy_Localised":"Colony", "Government":"$government_Confederacy;", "Government_Localised":"Confederacy", "Security":"$SYSTEM_SECURITY_low;", "Security_Localised":"Low Security" }
{ "timestamp":"2016-11-05T00:56:46Z", "event":"RedeemVoucher", "Type":"bounty", "Amount":153190 }
{ "timestamp":"2016-11-05T00:57:37Z", "event":"RedeemVoucher", "Type":"bounty", "Amount":26804, "BrokerPercentage":25.000000 }
{ "timestamp":"2016-11-05T00:57:54Z", "event":"PayLegacyFines", "Amount":531530, "BrokerPercentage":25.000000 }
{ "timestamp":"2016-11-05T00:58:04Z", "event":"RepairAll", "Cost":14769 }
{ "timestamp":"2016-11-05T00:58:06Z", "event":"RefuelAll", "Cost":189, "Amount":3.744055 }
{ "timestamp":"2016-11-05T00:58:53Z", "event":"Undocked", "StationName":"Al-Battani Relay", "StationType":"Outpost" }
{ "timestamp":"2016-11-05T00:59:15Z", "event":"ReceiveText", "From":"Al-Battani Relay", "Message":"$STATION_NoFireZone_exited;", "Message_Localised":"No fire zone left.", "Channel":"npc" }
{ "timestamp":"2016-11-05T00:59:25Z", "event":"SupercruiseEntry", "StarSystem":"Li Quang" }
{ "timestamp":"2016-11-05T01:02:01Z", "event":"MaterialCollected", "Category":"Encoded", "Name":"decodedemissiondata", "Count":3 }
{ "timestamp":"2016-11-05T01:02:02Z", "event":"MaterialCollected", "Category":"Encoded", "Name":"shieldpatternanalysis", "Count":3 }
{ "timestamp":"2016-11-05T01:06:41Z", "event":"USSDrop", "USSType":"$USS_Type_MissionTarget;", "USSType_Localised":"Mission target", "USSThreat":2 }
{ "timestamp":"2016-11-05T01:06:42Z", "event":"SupercruiseExit", "StarSystem":"Li Quang", "Body":"Li Quang 2", "BodyType":"Planet" }
{ "timestamp":"2016-11-05T01:07:44Z", "event":"ReceiveText", "From":"$npc_name_decorate:#name=Grumhir;", "From_Localised":"Grumhir", "Message":"$DistressCallDamagedPilot_Stationed_05;", "Message_Localised":"Mayday! Can anyone read me? I repeat, Mayday!", "Channel":"npc" }
{ "timestamp":"2016-11-05T01:08:05Z", "event":"ReceiveText", "From":"$npc_name_decorate:#name=Arch Stanton;", "From_Localised":"Arch Stanton", "Message":"$BadKarmaCriticalDamage09;", "Message_Localised":"I can see when I'm outmatched.", "Channel":"npc" }
{ "timestamp":"2016-11-05T01:08:11Z", "event":"ShieldState", "ShieldsUp":false }
{ "timestamp":"2016-11-05T01:08:39Z", "event":"HeatWarning" }
{ "timestamp":"2016-11-05T01:08:41Z", "event":"ReceiveText", "From":"$npc_name_decorate:#name=Grumhir;", "From_Localised":"Grumhir", "Message":"$DistressCallAmbushedPilot_05;", "Message_Localised":"Calling all commanders. I'm being ambushed, can anyone provide assistance. Help me please.", "Channel":"npc" }
{ "timestamp":"2016-11-05T01:08:42Z", "event":"HullDamage", "Health":0.794420 }
{ "timestamp":"2016-11-05T01:08:56Z", "event":"HeatWarning" }
{ "timestamp":"2016-11-05T01:09:02Z", "event":"HullDamage", "Health":0.598607 }
{ "timestamp":"2016-11-05T01:09:11Z", "event":"Bounty", "Rewards":[ { "Faction":"Li Quang Confederation", "Reward":100 }, { "Faction":"Federation", "Reward":75060 } ], "TotalReward":75160, "VictimFaction":"Li Quang Confederation" }
{ "timestamp":"2016-11-05T01:09:25Z", "event":"SupercruiseEntry", "StarSystem":"Li Quang" }
{ "timestamp":"2016-11-05T01:10:17Z", "event":"FSDJump", "StarSystem":"Banisas", "StarPos":[-97.344,42.625,-6.938], "Allegiance":"Independent", "Economy":"$economy_HighTech;", "Economy_Localised":"High tech", "Government":"$government_Dictatorship;", "Government_Localised":"Dictatorship", "Security":"$SYSTEM_SECURITY_medium;", "Security_Localised":"Medium Security", "JumpDist":13.069, "FuelUsed":2.940321, "FuelLevel":29.059679, "Faction":"Freedom Party of Banisas" }
{ "timestamp":"2016-11-05T01:12:22Z", "event":"SupercruiseExit", "StarSystem":"Banisas", "Body":"Weyn Ring", "BodyType":"Station" }
{ "timestamp":"2016-11-05T01:13:06Z", "event":"ReceiveText", "From":"Weyn Ring", "Message":"$STATION_NoFireZone_entered;", "Message_Localised":"No fire zone entered.", "Channel":"npc" }
{ "timestamp":"2016-11-05T01:13:11Z", "event":"DockingRequested", "StationName":"Weyn Ring" }
{ "timestamp":"2016-11-05T01:13:11Z", "event":"ReceiveText", "From":"Weyn Ring", "Message":"$DockingChatter_Cordial;", "Message_Localised":"Welcome back, Commander.", "Channel":"npc" }
{ "timestamp":"2016-11-05T01:13:12Z", "event":"ReceiveText", "From":"Weyn Ring", "Message":"$STATION_docking_granted;", "Message_Localised":"Docking request granted.", "Channel":"npc" }
{ "timestamp":"2016-11-05T01:13:12Z", "event":"DockingGranted", "LandingPad":22, "StationName":"Weyn Ring" }
{ "timestamp":"2016-11-05T01:13:53Z", "event":"Docked", "StationName":"Weyn Ring", "StationType":"Coriolis", "StarSystem":"Banisas", "Faction":"Freedom Party of Banisas", "Allegiance":"Independent", "Economy":"$economy_HighTech;", "Economy_Localised":"High tech", "Government":"$government_Dictatorship;", "Government_Localised":"Dictatorship", "Security":"$SYSTEM_SECURITY_medium;", "Security_Localised":"Medium Security" }
{ "timestamp":"2016-11-05T01:14:09Z", "event":"RepairAll", "Cost":118814 }
{ "timestamp":"2016-11-05T01:14:10Z", "event":"RefuelAll", "Cost":171, "Amount":3.394621 }
{ "timestamp":"2016-11-05T01:14:11Z", "event":"BuyAmmo", "Cost":25104 }
{ "timestamp":"2016-11-05T01:14:35Z", "event":"MissionCompleted", "Faction":"Independents of HIP 88617", "Name":"Mission_Assassinate_name", "MissionID":47799302, "TargetType":"$MissionUtil_FactionTag_PirateLord;", "TargetType_Localised":"Pirate lord", "DestinationSystem":"Li Quang", "DestinationStation":"Al-Battani Relay", "Reward":616080 }
{ "timestamp":"2016-11-05T01:15:14Z", "event":"RedeemVoucher", "Type":"bounty", "Amount":75060 }
{ "timestamp":"2016-11-05T01:17:34Z", "event":"ShipyardSwap", "ShipType":"asp", "ShipID":13, "StoreOldShip":"Python", "StoreShipID":14 }
{ "timestamp":"2016-11-05T01:17:47Z", "event":"Docked", "StationName":"Weyn Ring", "StationType":"Coriolis", "StarSystem":"Banisas", "Faction":"Freedom Party of Banisas", "Allegiance":"Independent", "Economy":"$economy_HighTech;", "Economy_Localised":"High tech", "Government":"$government_Dictatorship;", "Government_Localised":"Dictatorship", "Security":"$SYSTEM_SECURITY_medium;", "Security_Localised":"Medium Security" }
{ "timestamp":"2016-11-05T01:18:45Z", "event":"ModuleBuy", "Slot":"Slot01_Size6", "SellItem":"$int_passengercabin_size6_class1_name;", "SellItem_Localised":"EC Passenger Cabin", "SellPrice":61410, "BuyItem":"$int_passengercabin_size6_class3_name;", "BuyItem_Localised":"FC Passenger Cabin", "BuyPrice":552698, "Ship":"asp", "ShipID":13 }
{ "timestamp":"2016-11-05T01:19:13Z", "event":"RepairAll", "Cost":1124 }
{ "timestamp":"2016-11-05T01:19:15Z", "event":"BuyAmmo", "Cost":909 }
{ "timestamp":"2016-11-05T01:19:36Z", "event":"MissionAccepted", "Faction":"Democrats of Banisas", "Name":"Mission_Sightseeing_Doctor_OUTBREAK", "Commodity":"$Tantalum_Name;", "Commodity_Localised":"Tantalum", "Count":3, "Expiry":"2016-11-05T15:18:30Z", "PassengerCount":7, "PassengerVIPs":true, "PassengerWanted":false, "PassengerType":"Medical", "MissionID":47813261 }
{ "timestamp":"2016-11-05T01:23:10Z", "event":"Undocked", "StationName":"Weyn Ring", "StationType":"Coriolis" }
{ "timestamp":"2016-11-05T01:23:53Z", "event":"ReceiveText", "From":"Weyn Ring", "Message":"$STATION_NoFireZone_exited;", "Message_Localised":"No fire zone left.", "Channel":"npc" }
{ "timestamp":"2016-11-05T01:24:48Z", "event":"FSDJump", "StarSystem":"Hared", "StarPos":[-97.125,22.750,-20.000], "Allegiance":"Federation", "Economy":"$economy_Extraction;", "Economy_Localised":"Extraction", "Government":"$government_Corporate;", "Government_Localised":"Corporate", "Security":"$SYSTEM_SECURITY_medium;", "Security_Localised":"Medium Security", "JumpDist":23.784, "FuelUsed":4.651541, "FuelLevel":27.348459, "Faction":"Purple Universal Co" }
