{ "timestamp":"2016-12-14T18:55:13Z", "event":"Fileheader", "part":1, "language":"English\\UK", "gameversion":"2.2", "build":"r126898/r0 " }
{ "timestamp":"2016-12-14T18:56:12Z", "event":"LoadGame", "Commander":"Blantyre", "Ship":"Python", "ShipID":14, "GameMode":"Solo", "Credits":19242273, "Loan":0 }
{ "timestamp":"2016-12-14T18:56:12Z", "event":"Rank", "Combat":4, "Trade":5, "Explore":4, "Empire":2, "Federation":7, "CQC":0 }
{ "timestamp":"2016-12-14T18:56:12Z", "event":"Progress", "Combat":20, "Trade":88, "Explore":30, "Empire":18, "Federation":4, "CQC":0 }
{ "timestamp":"2016-12-14T18:57:21Z", "event":"Location", "Docked":true, "StationName":"Black Hide", "StationType":"", "StarSystem":"Wyrd", "StarPos":[-11.625,31.531,-3.938], "SystemAllegiance":"Federation", "SystemEconomy":"$economy_Extraction;", "SystemEconomy_Localised":"Extraction", "SystemGovernment":"$government_Confederacy;", "SystemGovernment_Localised":"Confederacy", "SystemSecurity":"$SYSTEM_SECURITY_medium;", "SystemSecurity_Localised":"Medium Security", "Body":"Wyrd A 2", "BodyType":"Planet", "SystemFaction":"Alliance of BD+47 2112" }
{ "timestamp":"2016-12-14T18:57:22Z", "event":"Docked", "StationName":"Black Hide", "StarSystem":"Wyrd", "StationFaction":"Alliance of BD+47 2112", "StationGovernment":"$government_Confederacy;", "StationGovernment_Localised":"Confederacy", "StationAllegiance":"Federation" }
{ "timestamp":"2016-12-14T19:11:35Z", "event":"Undocked", "StationName":"Black Hide" }
{ "timestamp":"2016-12-14T19:12:05Z", "event":"ReceiveText", "From":"Black Hide", "Message":"$STATION_NoFireZone_exited;", "Message_Localised":"No fire zone left.", "Channel":"npc" }
{ "timestamp":"2016-12-14T19:13:15Z", "event":"SupercruiseEntry", "StarSystem":"Wyrd" }
{ "timestamp":"2016-12-14T19:14:56Z", "event":"FSDJump", "StarSystem":"LHS 2887", "StarPos":[-7.344,26.781,5.719], "SystemAllegiance":"Federation", "SystemEconomy":"$economy_Industrial;", "SystemEconomy_Localised":"Industrial", "SystemGovernment":"$government_Confederacy;", "SystemGovernment_Localised":"Confederacy", "SystemSecurity":"$SYSTEM_SECURITY_low;", "SystemSecurity_Localised":"Low Security", "JumpDist":11.582, "FuelUsed":2.253615, "FuelLevel":61.746384, "SystemFaction":"Workers of LHS 2887 League", "FactionState":"Boom" }
{ "timestamp":"2016-12-14T19:15:57Z", "event":"FSDJump", "StarSystem":"LHS 411", "StarPos":[-13.125,23.594,18.625], "SystemAllegiance":"Federation", "SystemEconomy":"$economy_Refinery;", "SystemEconomy_Localised":"Refinery", "SystemGovernment":"$government_Corporate;", "SystemGovernment_Localised":"Corporate", "SystemSecurity":"$SYSTEM_SECURITY_medium;", "SystemSecurity_Localised":"Medium Security", "JumpDist":14.497, "FuelUsed":3.878151, "FuelLevel":57.868233, "SystemFaction":"LHS 411 Travel Company", "FactionState":"Boom" }
{ "timestamp":"2016-12-14T19:16:59Z", "event":"FSDJump", "StarSystem":"Wolf 751", "StarPos":[-14.781,11.094,26.781], "SystemAllegiance":"Federation", "SystemEconomy":"$economy_Extraction;", "SystemEconomy_Localised":"Extraction", "SystemGovernment":"$government_Democracy;", "SystemGovernment_Localised":"Democracy", "SystemSecurity":"$SYSTEM_SECURITY_medium;", "SystemSecurity_Localised":"Medium Security", "JumpDist":15.017, "FuelUsed":4.175996, "FuelLevel":53.692238, "SystemFaction":"Wolf 751 Labour", "FactionState":"Boom" }
{ "timestamp":"2016-12-14T19:17:49Z", "event":"FSDJump", "StarSystem":"Core Sys Sector QT-R b4-6", "StarPos":[-14.781,8.594,35.031], "SystemAllegiance":"", "SystemEconomy":"$economy_None;", "SystemEconomy_Localised":"None", "SystemGovernment":"$government_None;", "SystemGovernment_Localised":"None", "SystemSecurity":"$SYSTEM_SECURITY_low;", "SystemSecurity_Localised":"Low Security", "JumpDist":8.620, "FuelUsed":1.057592, "FuelLevel":52.634647 }
{ "timestamp":"2016-12-14T19:18:45Z", "event":"FSDJump", "StarSystem":"Conneda", "StarPos":[-10.563,-3.656,41.750], "SystemAllegiance":"Federation", "SystemEconomy":"$economy_Refinery;", "SystemEconomy_Localised":"Refinery", "SystemGovernment":"$government_Democracy;", "SystemGovernment_Localised":"Democracy", "SystemSecurity":"$SYSTEM_SECURITY_medium;", "SystemSecurity_Localised":"Medium Security", "JumpDist":14.595, "FuelUsed":3.828700, "FuelLevel":48.805946, "SystemFaction":"People's Conneda Resistance", "FactionState":"War" }
{ "timestamp":"2016-12-14T19:19:56Z", "event":"FSDJump", "StarSystem":"Algreit", "StarPos":[-8.313,-11.781,53.281], "SystemAllegiance":"Independent", "SystemEconomy":"$economy_Agri;", "SystemEconomy_Localised":"Agriculture", "SystemGovernment":"$government_Dictatorship;", "SystemGovernment_Localised":"Dictatorship", "SystemSecurity":"$SYSTEM_SECURITY_medium;", "SystemSecurity_Localised":"Medium Security", "JumpDist":14.285, "FuelUsed":3.587621, "FuelLevel":45.218327, "SystemFaction":"Nationals of Algreit", "FactionState":"Boom" }
{ "timestamp":"2016-12-14T19:20:57Z", "event":"FSDJump", "StarSystem":"Aeternitas", "StarPos":[-1.500,-14.656,56.875], "SystemAllegiance":"Federation", "SystemEconomy":"$economy_Agri;", "SystemEconomy_Localised":"Agriculture", "SystemGovernment":"$government_Corporate;", "SystemGovernment_Localised":"Corporate", "SystemSecurity":"$SYSTEM_SECURITY_high;", "SystemSecurity_Localised":"High Security", "JumpDist":8.221, "FuelUsed":0.916042, "FuelLevel":44.302284, "SystemFaction":"Aeternitas Industries", "FactionState":"Boom" }
{ "timestamp":"2016-12-14T19:22:58Z", "event":"SupercruiseExit", "StarSystem":"Aeternitas", "Body":"Houtman City", "BodyType":"Station" }
{ "timestamp":"2016-12-14T19:23:00Z", "event":"ReceiveText", "From":"Houtman City", "Message":"$STATION_NoFireZone_entered;", "Message_Localised":"No fire zone entered.", "Channel":"npc" }
{ "timestamp":"2016-12-14T19:23:06Z", "event":"ReceiveText", "From":"Houtman City", "Message":"$DockingFailed_Distance:#distance=7500;", "Message_Localised":"Docking request denied, please approach to 7500m", "Channel":"npc" }
{ "timestamp":"2016-12-14T19:23:06Z", "event":"DockingDenied", "Reason":"Distance", "StationName":"Houtman City" }
{ "timestamp":"2016-12-14T19:23:16Z", "event":"DockingRequested", "StationName":"Houtman City" }
{ "timestamp":"2016-12-14T19:23:16Z", "event":"ReceiveText", "From":"Houtman City", "Message":"$DockingChatter_Cordial;", "Message_Localised":"Welcome back, Commander.", "Channel":"npc" }
{ "timestamp":"2016-12-14T19:23:17Z", "event":"ReceiveText", "From":"Houtman City", "Message":"$STATION_docking_granted;", "Message_Localised":"Docking request granted.", "Channel":"npc" }
{ "timestamp":"2016-12-14T19:23:17Z", "event":"DockingGranted", "LandingPad":23, "StationName":"Houtman City" }
{ "timestamp":"2016-12-14T19:24:12Z", "event":"Docked", "StationName":"Houtman City", "StationType":"Orbis", "StarSystem":"Aeternitas", "StationFaction":"Aeternitas Industries", "FactionState":"Boom", "StationGovernment":"$government_Corporate;", "StationGovernment_Localised":"Corporate", "StationAllegiance":"Federation", "StationEconomy":"$economy_Industrial;", "StationEconomy_Localised":"Industrial" }
{ "timestamp":"2016-12-14T19:24:46Z", "event":"RefuelAll", "Cost":1000, "Amount":19.989927 }
{ "timestamp":"2016-12-14T19:25:23Z", "event":"SellExplorationData", "Systems":[ "23 Epsilon Cephei", "Cephei Sector NX-U b2-0", "Wolf 926", "V1396 Cygni", "Conneda", "Cephei Sector NX-U b2-1", "LHS 47", "Pyredi", "LAWD 74", "Cephei Sector GG-Y c21", "G 232-62", "Wolf 751", "Core Sys Sector QT-R b4-5", "Core Sys Sector QT-R b4-6", "Wolf 1061", "LHS 411" ], "Discovered":[  ], "BaseValue":129037, "Bonus":0 }
{ "timestamp":"2016-12-14T19:26:43Z", "event":"Undocked", "StationName":"Houtman City", "StationType":"Orbis" }
{ "timestamp":"2016-12-14T19:27:59Z", "event":"ReceiveText", "From":"Houtman City", "Message":"$STATION_NoFireZone_exited;", "Message_Localised":"No fire zone left.", "Channel":"npc" }
{ "timestamp":"2016-12-14T19:28:02Z", "event":"SupercruiseEntry", "StarSystem":"Aeternitas" }
{ "timestamp":"2016-12-14T19:28:31Z", "event":"ReceiveText", "From":"$npc_name_decorate:#name=hippiefahrzeug;", "From_Localised":"hippiefahrzeug", "Message":"$Pirate_HunterHostileSC_Relevant03;", "Message_Localised":"I've come a long way for what's in your hold, don't try to run!", "Channel":"npc" }
{ "timestamp":"2016-12-14T19:29:28Z", "event":"ReceiveText", "From":"$npc_name_decorate:#name=hippiefahrzeug;", "From_Localised":"hippiefahrzeug", "Message":"$Pirate_StartInterdiction04;", "Message_Localised":"Prepare yourself!", "Channel":"npc" }
{ "timestamp":"2016-12-14T19:29:33Z", "event":"Interdicted", "Submitted":true, "Interdictor":"hippiefahrzeug", "IsPlayer":false, "Faction":"Aeternitas Defence Force" }
{ "timestamp":"2016-12-14T19:29:34Z", "event":"SupercruiseExit", "StarSystem":"Aeternitas", "Body":"Aeternitas", "BodyType":"Star" }
{ "timestamp":"2016-12-14T19:29:56Z", "event":"ReceiveText", "From":"$npc_name_decorate:#name=hippiefahrzeug;", "From_Localised":"hippiefahrzeug", "Message":"$Pirate_OnDeclarePiracyAttack03;", "Message_Localised":"Now you die, victim.", "Channel":"npc" }
{ "timestamp":"2016-12-14T19:30:30Z", "event":"ReceiveText", "From":"$ShipName_Police_Federation;", "From_Localised":"Federal Security Service", "Message":"$Police_ArriveInvestigate01;", "Message_Localised":"Investigating reports of crime.", "Channel":"npc" }
{ "timestamp":"2016-12-14T19:30:30Z", "event":"ReceiveText", "From":"$ShipName_Police_Federation;", "From_Localised":"Federal Security Service", "Message":"$Police_ArrivedAtInvestigationLocation05;", "Message_Localised":"A crime has been reported here. All ships will be scanned.", "Channel":"npc" }
{ "timestamp":"2016-12-14T19:31:09Z", "event":"ReceiveText", "From":"$npc_name_decorate:#name=hippiefahrzeug;", "From_Localised":"hippiefahrzeug", "Message":"$BadKarmaCriticalDamage05;", "Message_Localised":"No, no!", "Channel":"npc" }
{ "timestamp":"2016-12-14T19:31:15Z", "event":"ShieldState", "ShieldsUp":false }
{ "timestamp":"2016-12-14T19:31:18Z", "event":"ReceiveText", "From":"$npc_name_decorate:#name=hippiefahrzeug;", "From_Localised":"hippiefahrzeug", "Message":"$Pirate_NiggledByNewShip05;", "Message_Localised":"Do you know who I am?", "Channel":"npc" }
{ "timestamp":"2016-12-14T19:31:19Z", "event":"HullDamage", "Health":0.789698 }
{ "timestamp":"2016-12-14T19:31:49Z", "event":"Bounty", "Rewards":[ { "Faction":"Aeternitas Industries", "Reward":87380 } ], "TotalReward":87380, "VictimFaction":"Aeternitas Defence Force" }
{ "timestamp":"2016-12-14T19:32:21Z", "event":"ReceiveText", "From":"$ShipName_Police_Federation;", "From_Localised":"Federal Security Service", "Message":"$Police_ThankYouPassedStopAndSearch04;", "Message_Localised":"No crimes detected. You're free to go, Commander.", "Channel":"npc" }
{ "timestamp":"2016-12-14T19:32:53Z", "event":"ShieldState", "ShieldsUp":true }
{ "timestamp":"2016-12-14T19:32:55Z", "event":"MaterialCollected", "Category":"Manufactured", "Name":"refinedfocuscrystals", "Count":3 }
{ "timestamp":"2016-12-14T19:33:21Z", "event":"SupercruiseEntry", "StarSystem":"Aeternitas" }
{ "timestamp":"2016-12-14T19:33:57Z", "event":"SupercruiseExit", "StarSystem":"Aeternitas", "Body":"Aeternitas", "BodyType":"Star" }
{ "timestamp":"2016-12-14T19:34:17Z", "event":"MaterialCollected", "Category":"Encoded", "Name":"shieldcyclerecordings", "Count":3 }
{ "timestamp":"2016-12-14T19:34:35Z", "event":"ReceiveText", "From":"$npc_name_decorate:#name=Selezen;", "From_Localised":"Selezen", "Message":"$BountyHunter_ThankYouPassedStopAndSearch02;", "Message_Localised":"You're not the one I'm looking for. Move along.", "Channel":"npc" }
{ "timestamp":"2016-12-14T19:34:54Z", "event":"ReceiveText", "From":"$npc_name_decorate:#name=Eldwin Hawksbane;", "From_Localised":"Eldwin Hawksbane", "Message":"$BountyHunter_ThankYouPassedStopAndSearch03;", "Message_Localised":"I'll be watching you.", "Channel":"npc" }
{ "timestamp":"2016-12-14T19:35:37Z", "event":"ReceiveText", "From":"$ShipName_Police_Federation;", "From_Localised":"Federal Security Service", "Message":"$Police_ArriveInvestigate05;", "Message_Localised":"Police response unit in position.", "Channel":"npc" }
{ "timestamp":"2016-12-14T19:35:38Z", "event":"ReceiveText", "From":"$ShipName_Police_Federation;", "From_Localised":"Federal Security Service", "Message":"$Police_ArrivedAtInvestigationLocation01;", "Message_Localised":"All citizens must submit to authority scans. Do not attempt to flee!", "Channel":"npc" }
{ "timestamp":"2016-12-14T19:35:52Z", "event":"ReceiveText", "From":"$npc_name_decorate:#name=EGP Operative;", "From_Localised":"EGP Operative", "Message":"$BadKarmaCriticalDamage05;", "Message_Localised":"No, no!", "Channel":"npc" }
{ "timestamp":"2016-12-14T19:37:24Z", "event":"ReceiveText", "From":"$npc_name_decorate:#name=Suwimol Jareonsri;", "From_Localised":"Suwimol Jareonsri", "Message":"$Smuggler_NearDeath05;", "Message_Localised":"The boss isn't going to like this.", "Channel":"npc" }
{ "timestamp":"2016-12-14T19:37:26Z", "event":"HeatWarning" }
{ "timestamp":"2016-12-14T19:37:33Z", "event":"ShieldState", "ShieldsUp":false }
{ "timestamp":"2016-12-14T19:37:33Z", "event":"ReceiveText", "From":"$ShipName_Police_Federation;", "From_Localised":"Federal Security Service", "Message":"$Police_ArriveInvestigate05;", "Message_Localised":"Police response unit in position.", "Channel":"npc" }
{ "timestamp":"2016-12-14T19:37:34Z", "event":"ReceiveText", "From":"$ShipName_Police_Federation;", "From_Localised":"Federal Security Service", "Message":"$Police_ArrivedAtInvestigationLocation03;", "Message_Localised":"Crime scene cordon initialised, all ships must submit to police scan.", "Channel":"npc" }
{ "timestamp":"2016-12-14T19:37:36Z", "event":"ReceiveText", "From":"$npc_name_decorate:#name=Nokiron;", "From_Localised":"Nokiron", "Message":"$Police_ThankYouPassedStopAndSearch02;", "Message_Localised":"You're clean. Proceed, pilot.", "Channel":"npc" }
{ "timestamp":"2016-12-14T19:37:39Z", "event":"Bounty", "Rewards":[ { "Faction":"Aeternitas Industries", "Reward":20620 } ], "TotalReward":20620, "VictimFaction":"Aeternitas Industries" }
{ "timestamp":"2016-12-14T19:38:02Z", "event":"SupercruiseEntry", "StarSystem":"Aeternitas" }
{ "timestamp":"2016-12-14T19:40:14Z", "event":"SupercruiseExit", "StarSystem":"Aeternitas", "Body":"Houtman City", "BodyType":"Station" }
{ "timestamp":"2016-12-14T19:40:15Z", "event":"ReceiveText", "From":"Houtman City", "Message":"$STATION_NoFireZone_entered;", "Message_Localised":"No fire zone entered.", "Channel":"npc" }
{ "timestamp":"2016-12-14T19:40:26Z", "event":"DockingRequested", "StationName":"Houtman City" }
{ "timestamp":"2016-12-14T19:40:26Z", "event":"ReceiveText", "From":"Houtman City", "Message":"$DockingChatter_Cordial;", "Message_Localised":"Welcome back, Commander.", "Channel":"npc" }
{ "timestamp":"2016-12-14T19:40:27Z", "event":"ReceiveText", "From":"Houtman City", "Message":"$STATION_docking_granted;", "Message_Localised":"Docking request granted.", "Channel":"npc" }
{ "timestamp":"2016-12-14T19:40:27Z", "event":"DockingGranted", "LandingPad":5, "StationName":"Houtman City" }
{ "timestamp":"2016-12-14T19:41:31Z", "event":"Docked", "StationName":"Houtman City", "StationType":"Orbis", "StarSystem":"Aeternitas", "StationFaction":"Aeternitas Industries", "FactionState":"Boom", "StationGovernment":"$government_Corporate;", "StationGovernment_Localised":"Corporate", "StationAllegiance":"Federation", "StationEconomy":"$economy_Industrial;", "StationEconomy_Localised":"Industrial" }
{ "timestamp":"2016-12-14T19:41:59Z", "event":"RedeemVoucher", "Type":"bounty", "Amount":108000 }
{ "timestamp":"2016-12-14T19:45:20Z", "event":"RepairAll", "Cost":32582 }
{ "timestamp":"2016-12-14T19:45:23Z", "event":"BuyAmmo", "Cost":987 }
{ "timestamp":"2016-12-14T19:45:25Z", "event":"RefuelAll", "Cost":20, "Amount":0.399773 }
{ "timestamp":"2016-12-14T19:45:46Z", "event":"Undocked", "StationName":"Houtman City", "StationType":"Orbis" }
{ "timestamp":"2016-12-14T19:47:17Z", "event":"SupercruiseEntry", "StarSystem":"Aeternitas" }
{ "timestamp":"2016-12-14T19:48:50Z", "event":"USSDrop", "USSType":"$USS_Type_VeryValuableSalvage;", "USSType_Localised":"High grade emissions detected", "USSThreat":0 }
{ "timestamp":"2016-12-14T19:48:51Z", "event":"SupercruiseExit", "StarSystem":"Aeternitas", "Body":"Aeternitas", "BodyType":"Star" }
{ "timestamp":"2016-12-14T19:50:01Z", "event":"MaterialDiscovered", "Category":"Manufactured", "Name":"protoheatradiators", "DiscoveryNumber":30 }
{ "timestamp":"2016-12-14T19:50:01Z", "event":"MaterialCollected", "Category":"Manufactured", "Name":"protoheatradiators", "Count":3 }
{ "timestamp":"2016-12-14T19:50:22Z", "event":"MaterialCollected", "Category":"Manufactured", "Name":"protoheatradiators", "Count":3 }
{ "timestamp":"2016-12-14T19:51:03Z", "event":"MaterialCollected", "Category":"Manufactured", "Name":"protoheatradiators", "Count":3 }
{ "timestamp":"2016-12-14T19:51:19Z", "event":"SupercruiseEntry", "StarSystem":"Aeternitas" }
{ "timestamp":"2016-12-14T19:53:15Z", "event":"SupercruiseExit", "StarSystem":"Aeternitas", "Body":"Aeternitas", "BodyType":"Star" }
{ "timestamp":"2016-12-14T19:53:27Z", "event":"MaterialCollected", "Category":"Encoded", "Name":"bulkscandata", "Count":3 }
{ "timestamp":"2016-12-14T19:53:38Z", "event":"ReceiveText", "From":"$npc_name_decorate:#name=Luannei;", "From_Localised":"Luannei", "Message":"$BountyHunter_ThankYouPassedStopAndSearch04;", "Message_Localised":"Sorry, mistaken identity. I thought you were someone else.", "Channel":"npc" }
{ "timestamp":"2016-12-14T19:54:01Z", "event":"MaterialCollected", "Category":"Encoded", "Name":"shieldcyclerecordings", "Count":3 }
{ "timestamp":"2016-12-14T19:56:29Z", "event":"ReceiveText", "From":"$npc_name_decorate:#name=Cameron Grames;", "From_Localised":"Cameron Grames", "Message":"$Pirate_OnStartScanCargo04;", "Message_Localised":"What do you carry, I wonder?", "Channel":"npc" }
{ "timestamp":"2016-12-14T19:56:33Z", "event":"ReceiveText", "From":"$npc_name_decorate:#name=Cameron Grames;", "From_Localised":"Cameron Grames", "Message":"$Pirate_OnDeclarePiracyAttack04;", "Message_Localised":"I'm gonna boil you up!", "Channel":"npc" }
{ "timestamp":"2016-12-14T19:56:51Z", "event":"HeatWarning" }
{ "timestamp":"2016-12-14T19:56:52Z", "event":"ReceiveText", "From":"$ShipName_Police_Federation;", "From_Localised":"Federal Security Service", "Message":"$Police_ArriveInvestigate01;", "Message_Localised":"Investigating reports of crime.", "Channel":"npc" }
{ "timestamp":"2016-12-14T19:56:52Z", "event":"ReceiveText", "From":"$ShipName_Police_Federation;", "From_Localised":"Federal Security Service", "Message":"$Police_ArrivedAtInvestigationLocation02;", "Message_Localised":"Cease and desist! Submit to authority scans immediately!", "Channel":"npc" }
{ "timestamp":"2016-12-14T19:57:13Z", "event":"ReceiveText", "From":"$npc_name_decorate:#name=Cameron Grames;", "From_Localised":"Cameron Grames", "Message":"$BadKarmaCriticalDamage03;", "Message_Localised":"You fight a good fight!", "Channel":"npc" }
{ "timestamp":"2016-12-14T19:57:26Z", "event":"Bounty", "Rewards":[ { "Faction":"Aeternitas Industries", "Reward":19375 } ], "TotalReward":19375, "VictimFaction":"Aeternitas Defence Force" }
{ "timestamp":"2016-12-14T19:57:42Z", "event":"ReceiveText", "From":"$ShipName_Police_Federation;", "From_Localised":"Federal Security Service", "Message":"$Police_ThankYouPassedStopAndSearch04;", "Message_Localised":"No crimes detected. You're free to go, Commander.", "Channel":"npc" }
{ "timestamp":"2016-12-14T19:59:43Z", "event":"MaterialCollected", "Category":"Encoded", "Name":"decodedemissiondata", "Count":3 }
{ "timestamp":"2016-12-14T20:01:46Z", "event":"ReceiveText", "From":"$npc_name_decorate:#name=Seidel;", "From_Localised":"Seidel", "Message":"$Pirate_OnDeclarePiracyAttack03;", "Message_Localised":"Now you die, victim.", "Channel":"npc" }
{ "timestamp":"2016-12-14T20:01:53Z", "event":"ReceiveText", "From":"$npc_name_decorate:#name=Seidel;", "From_Localised":"Seidel", "Message":"$BadKarmaCriticalDamage08;", "Message_Localised":"I've taken too many hits.", "Channel":"npc" }
{ "timestamp":"2016-12-14T20:02:00Z", "event":"Bounty", "Rewards":[ { "Faction":"Aeternitas Industries", "Reward":400 }, { "Faction":"Federation", "Reward":44775 } ], "TotalReward":45175, "VictimFaction":"Aeternitas Fortune Ltd" }
{ "timestamp":"2016-12-14T20:03:24Z", "event":"ReceiveText", "From":"$ShipName_Police_Federation;", "From_Localised":"Federal Security Service", "Message":"$Police_ThankYouPassedStopAndSearch09;", "Message_Localised":"Move along, Commander, we're done here.", "Channel":"npc" }
{ "timestamp":"2016-12-14T20:04:37Z", "event":"Bounty", "Rewards":[ { "Faction":"Aeternitas Industries", "Reward":800 }, { "Faction":"Federation", "Reward":2160 } ], "TotalReward":2960, "VictimFaction":"Aeternitas Defence Force" }
{ "timestamp":"2016-12-14T20:04:41Z", "event":"ReceiveText", "From":"$npc_name_decorate:#name=Richard Hallas;", "From_Localised":"Richard Hallas", "Message":"$BadKarmaCriticalDamage08;", "Message_Localised":"I've taken too many hits.", "Channel":"npc" }
{ "timestamp":"2016-12-14T20:06:49Z", "event":"ReceiveText", "From":"$npc_name_decorate:#name=Harvey Barvey;", "From_Localised":"Harvey Barvey", "Message":"$BountyHunter_ThankYouPassedStopAndSearch01;", "Message_Localised":"That's a shame. I felt sure you had a bounty on you.", "Channel":"npc" }
{ "timestamp":"2016-12-14T20:06:52Z", "event":"ReceiveText", "From":"$npc_name_decorate:#name=Matvey Lavrov Jr.;", "From_Localised":"Matvey Lavrov Jr.", "Message":"$BadKarmaCriticalDamage08;", "Message_Localised":"I've taken too many hits.", "Channel":"npc" }
{ "timestamp":"2016-12-14T20:06:59Z", "event":"Bounty", "Rewards":[ { "Faction":"Aeternitas Industries", "Reward":800 }, { "Faction":"Federation", "Reward":53175 } ], "TotalReward":53975, "VictimFaction":"Revolutionary Balatu Progressive Party" }
{ "timestamp":"2016-12-14T20:07:33Z", "event":"MaterialCollected", "Category":"Encoded", "Name":"bulkscandata", "Count":3 }
{ "timestamp":"2016-12-14T20:07:33Z", "event":"MaterialCollected", "Category":"Encoded", "Name":"scanarchives", "Count":3 }
{ "timestamp":"2016-12-14T20:08:49Z", "event":"ReceiveText", "From":"$npc_name_decorate:#name=John Hall;", "From_Localised":"John Hall", "Message":"$Pirate_OnDeclarePiracyAttack01;", "Message_Localised":"I'll pick your bones clean, greenhorn.", "Channel":"npc" }
{ "timestamp":"2016-12-14T20:09:17Z", "event":"Bounty", "Rewards":[ { "Faction":"Aeternitas Industries", "Reward":400 }, { "Faction":"Federation", "Reward":42435 } ], "TotalReward":42835, "VictimFaction":"Aeternitas Defence Force" }
{ "timestamp":"2016-12-14T20:09:57Z", "event":"ReceiveText", "From":"$ShipName_Police_Federation;", "From_Localised":"Federal Security Service", "Message":"$Police_ThankYouPassedStopAndSearch08;", "Message_Localised":"All done and you're clear to proceed, Commander.", "Channel":"npc" }
{ "timestamp":"2016-12-14T20:10:56Z", "event":"Bounty", "Rewards":[ { "Faction":"Aeternitas Industries", "Reward":1185 } ], "TotalReward":1185, "VictimFaction":"Nationals of Algreit" }
{ "timestamp":"2016-12-14T20:12:00Z", "event":"ReceiveText", "From":"$npc_name_decorate:#name=Ian James Tomlin;", "From_Localised":"Ian James Tomlin", "Message":"$BountyHunter_ThankYouPassedStopAndSearch03;", "Message_Localised":"I'll be watching you.", "Channel":"npc" }
{ "timestamp":"2016-12-14T20:13:04Z", "event":"MaterialCollected", "Category":"Encoded", "Name":"shieldpatternanalysis", "Count":3 }
{ "timestamp":"2016-12-14T20:13:04Z", "event":"MaterialCollected", "Category":"Encoded", "Name":"shieldsoakanalysis", "Count":3 }
{ "timestamp":"2016-12-14T20:13:04Z", "event":"MaterialCollected", "Category":"Encoded", "Name":"shieldcyclerecordings", "Count":3 }
{ "timestamp":"2016-12-14T20:13:06Z", "event":"ReceiveText", "From":"$npc_name_decorate:#name=Emarama;", "From_Localised":"Emarama", "Message":"$Smuggler_NearDeath03;", "Message_Localised":"You almost had me there!", "Channel":"npc" }
{ "timestamp":"2016-12-14T20:14:22Z", "event":"SupercruiseEntry", "StarSystem":"Aeternitas" }
{ "timestamp":"2016-12-14T20:14:47Z", "event":"SupercruiseExit", "StarSystem":"Aeternitas", "Body":"Aeternitas", "BodyType":"Star" }
{ "timestamp":"2016-12-14T20:15:55Z", "event":"ReceiveText", "From":"$npc_name_decorate:#name=Morgrayn de L'ombre;", "From_Localised":"Morgrayn de L'ombre", "Message":"$Escort_AttackDutyStart08;", "Message_Localised":"Combat protocols engaged.", "Channel":"npc" }
{ "timestamp":"2016-12-14T20:16:24Z", "event":"ReceiveText", "From":"$ShipName_Police_Federation;", "From_Localised":"Federal Security Service", "Message":"$Police_ArriveInvestigate05;", "Message_Localised":"Police response unit in position.", "Channel":"npc" }
{ "timestamp":"2016-12-14T20:16:24Z", "event":"ReceiveText", "From":"$ShipName_Police_Federation;", "From_Localised":"Federal Security Service", "Message":"$Police_ArrivedAtInvestigationLocation03;", "Message_Localised":"Crime scene cordon initialised, all ships must submit to police scan.", "Channel":"npc" }
{ "timestamp":"2016-12-14T20:16:31Z", "event":"ReceiveText", "From":"$npc_name_decorate:#name=Morgrayn de L'ombre;", "From_Localised":"Morgrayn de L'ombre", "Message":"$Escort_NearDeath01;", "Message_Localised":"It's no good, I can't manoeuvre.", "Channel":"npc" }
{ "timestamp":"2016-12-14T20:16:36Z", "event":"ReceiveText", "From":"$ShipName_Police_Federation;", "From_Localised":"Federal Security Service", "Message":"$Police_ArriveInvestigate02;", "Message_Localised":"Incident response units on station.", "Channel":"npc" }
{ "timestamp":"2016-12-14T20:16:38Z", "event":"ReceiveText", "From":"$ShipName_Police_Federation;", "From_Localised":"Federal Security Service", "Message":"$Police_ArrivedAtInvestigationLocation05;", "Message_Localised":"A crime has been reported here. All ships will be scanned.", "Channel":"npc" }
{ "timestamp":"2016-12-14T20:17:02Z", "event":"Bounty", "Rewards":[ { "Faction":"Aeternitas Industries", "Reward":400 }, { "Faction":"Federation", "Reward":5400 } ], "TotalReward":5800, "VictimFaction":"Nationals of Algreit" }
{ "timestamp":"2016-12-14T20:17:17Z", "event":"ReceiveText", "From":"$npc_name_decorate:#name=Raffaele Trotta;", "From_Localised":"Raffaele Trotta", "Message":"$Smuggler_NearDeath04;", "Message_Localised":"You're making a big mistake!", "Channel":"npc" }
{ "timestamp":"2016-12-14T20:17:32Z", "event":"Bounty", "Rewards":[ { "Faction":"Aeternitas Industries", "Reward":400 }, { "Faction":"Federation", "Reward":21052 } ], "TotalReward":21452, "VictimFaction":"Nationals of Algreit" }
{ "timestamp":"2016-12-14T20:17:43Z", "event":"ReceiveText", "From":"$ShipName_Police_Federation;", "From_Localised":"Federal Security Service", "Message":"$Police_FinishedAtInvestigationLocation04;", "Message_Localised":"Crime response sweep completed. All ships are free to depart.", "Channel":"npc" }
{ "timestamp":"2016-12-14T20:17:46Z", "event":"ReceiveText", "From":"$npc_name_decorate:#name=Sam Johnstone;", "From_Localised":"Sam Johnstone", "Message":"$Pirate_OnStartScanCargo11;", "Message_Localised":"I hope you have something good in your hold.", "Channel":"npc" }
{ "timestamp":"2016-12-14T20:17:50Z", "event":"SupercruiseEntry", "StarSystem":"Aeternitas" }
{ "timestamp":"2016-12-14T20:18:08Z", "event":"SupercruiseExit", "StarSystem":"Aeternitas", "Body":"Aeternitas", "BodyType":"Star" }
{ "timestamp":"2016-12-14T20:18:39Z", "event":"SupercruiseEntry", "StarSystem":"Aeternitas" }
{ "timestamp":"2016-12-14T20:19:10Z", "event":"ReceiveText", "From":"$npc_name_decorate:#name=Kalevi Yli-Erkkilä;", "From_Localised":"Kalevi Yli-Erkkilￃﾤ", "Message":"$Pirate_HunterHostileSC_Relevant04;", "Message_Localised":"Big haul like that, surprised you made it this far.", "Channel":"npc" }
{ "timestamp":"2016-12-14T20:19:43Z", "event":"ReceiveText", "From":"$npc_name_decorate:#name=Cruise Ship;", "From_Localised":"Cruise Ship", "Message":"$CruiseLiner_SCPatrol02;", "Message_Localised":"We will be cruising in-system for a while, please feel free to take advantage of our in-flight entertainment.", "Channel":"npc" }
{ "timestamp":"2016-12-14T20:20:08Z", "event":"ReceiveText", "From":"$npc_name_decorate:#name=Kalevi Yli-Erkkilä;", "From_Localised":"Kalevi Yli-Erkkilￃﾤ", "Message":"$Pirate_StartInterdiction01;", "Message_Localised":"You're mine now, Commander. ", "Channel":"npc" }
{ "timestamp":"2016-12-14T20:20:13Z", "event":"Interdicted", "Submitted":true, "Interdictor":"Kalevi Yli-Erkkilä", "IsPlayer":false, "Faction":"Aeternitas Industries" }
{ "timestamp":"2016-12-14T20:20:14Z", "event":"SupercruiseExit", "StarSystem":"Aeternitas", "Body":"Aeternitas", "BodyType":"Star" }
{ "timestamp":"2016-12-14T20:20:16Z", "event":"ReceiveText", "From":"$npc_name_decorate:#name=Kalevi Yli-Erkkilä;", "From_Localised":"Kalevi Yli-Erkkilￃﾤ", "Message":"$Pirate_Arrival07;", "Message_Localised":"Don't worry...", "Channel":"npc" }
{ "timestamp":"2016-12-14T20:20:26Z", "event":"ReceiveText", "From":"$npc_name_decorate:#name=Kalevi Yli-Erkkilä;", "From_Localised":"Kalevi Yli-Erkkilￃﾤ", "Message":"$Pirate_OnDeclarePiracyAttack04;", "Message_Localised":"I'm gonna boil you up!", "Channel":"npc" }
{ "timestamp":"2016-12-14T20:20:46Z", "event":"ShieldState", "ShieldsUp":false }
{ "timestamp":"2016-12-14T20:20:51Z", "event":"HullDamage", "Health":0.794872 }
{ "timestamp":"2016-12-14T20:20:53Z", "event":"HullDamage", "Health":0.589678 }
{ "timestamp":"2016-12-14T20:20:54Z", "event":"ReceiveText", "From":"$ShipName_Police_Federation;", "From_Localised":"Federal Security Service", "Message":"$Police_ArriveInvestigate01;", "Message_Localised":"Investigating reports of crime.", "Channel":"npc" }
{ "timestamp":"2016-12-14T20:20:54Z", "event":"ReceiveText", "From":"$ShipName_Police_Federation;", "From_Localised":"Federal Security Service", "Message":"$Police_ArrivedAtInvestigationLocation03;", "Message_Localised":"Crime scene cordon initialised, all ships must submit to police scan.", "Channel":"npc" }
{ "timestamp":"2016-12-14T20:21:00Z", "event":"HullDamage", "Health":0.398466 }
{ "timestamp":"2016-12-14T20:21:18Z", "event":"SupercruiseEntry", "StarSystem":"Aeternitas" }
{ "timestamp":"2016-12-14T20:21:52Z", "event":"ReceiveText", "From":"$npc_name_decorate:#name=Kalevi Yli-Erkkilä;", "From_Localised":"Kalevi Yli-Erkkilￃﾤ", "Message":"$Pirate_HunterHostileSC_Relevant03;", "Message_Localised":"I've come a long way for what's in your hold, don't try to run!", "Channel":"npc" }
{ "timestamp":"2016-12-14T20:22:39Z", "event":"SupercruiseExit", "StarSystem":"Aeternitas", "Body":"Houtman City", "BodyType":"Station" }
{ "timestamp":"2016-12-14T20:22:41Z", "event":"ReceiveText", "From":"Houtman City", "Message":"$STATION_NoFireZone_entered;", "Message_Localised":"No fire zone entered.", "Channel":"npc" }
{ "timestamp":"2016-12-14T20:22:59Z", "event":"DockingRequested", "StationName":"Houtman City" }
{ "timestamp":"2016-12-14T20:22:59Z", "event":"ReceiveText", "From":"Houtman City", "Message":"$DockingChatter_Cordial;", "Message_Localised":"Welcome back, Commander.", "Channel":"npc" }
{ "timestamp":"2016-12-14T20:23:00Z", "event":"ReceiveText", "From":"Houtman City", "Message":"$STATION_docking_granted;", "Message_Localised":"Docking request granted.", "Channel":"npc" }
{ "timestamp":"2016-12-14T20:23:00Z", "event":"DockingGranted", "LandingPad":33, "StationName":"Houtman City" }
{ "timestamp":"2016-12-14T20:23:54Z", "event":"Docked", "StationName":"Houtman City", "StationType":"Orbis", "StarSystem":"Aeternitas", "StationFaction":"Aeternitas Industries", "FactionState":"Boom", "StationGovernment":"$government_Corporate;", "StationGovernment_Localised":"Corporate", "StationAllegiance":"Federation", "StationEconomy":"$economy_Industrial;", "StationEconomy_Localised":"Industrial" }
{ "timestamp":"2016-12-14T20:24:14Z", "event":"RedeemVoucher", "Type":"bounty", "Amount":192757 }
{ "timestamp":"2016-12-14T20:24:17Z", "event":"ReceiveText", "From":"$npc_name_decorate:#name=Kalevi Yli-Erkkilä;", "From_Localised":"Kalevi Yli-Erkkilￃﾤ", "Message":"$BadKarmaCriticalDamage09;", "Message_Localised":"I can see when I'm outmatched.", "Channel":"npc" }
{ "timestamp":"2016-12-14T20:25:00Z", "event":"RepairAll", "Cost":59330 }
{ "timestamp":"2016-12-14T20:25:02Z", "event":"RefuelAll", "Cost":55, "Amount":1.078136 }
{ "timestamp":"2016-12-14T20:25:03Z", "event":"BuyAmmo", "Cost":1452 }
{ "timestamp":"2016-12-14T20:35:36Z", "event":"ReceiveText", "From":"$npc_name_decorate:#name=Wicks;", "From_Localised":"Wicks", "Message":"$Commuter_AuthorityScan10;", "Message_Localised":"You'll get no trouble from me, officer.", "Channel":"npc" }
