{ "timestamp":"2017-01-05T23:12:31Z", "event":"Fileheader", "part":1, "language":"English\\UK", "gameversion":"2.2", "build":"r126898/r0 " }
{ "timestamp":"2017-01-05T23:13:41Z", "event":"LoadGame", "Commander":"Coccolithophore", "Ship":"Vulture", "ShipID":5, "GameMode":"Group", "Group":"Coccolithophore", "Credits":44614547, "Loan":0 }
{ "timestamp":"2017-01-05T23:13:41Z", "event":"Rank", "Combat":3, "Trade":2, "Explore":3, "Empire":0, "Federation":0, "CQC":0 }
{ "timestamp":"2017-01-05T23:13:41Z", "event":"Progress", "Combat":11, "Trade":85, "Explore":93, "Empire":0, "Federation":80, "CQC":0 }
{ "timestamp":"2017-01-05T23:14:13Z", "event":"Location", "Docked":true, "StationName":"Buffett Station", "StationType":"Outpost", "StarSystem":"LTT 7138", "StarPos":[10.656,-9.281,59.875], "SystemAllegiance":"Federation", "SystemEconomy":"$economy_Industrial;", "SystemEconomy_Localised":"Industrial", "SystemGovernment":"$government_Corporate;", "SystemGovernment_Localised":"Corporate", "SystemSecurity":"$SYSTEM_SECURITY_high;", "SystemSecurity_Localised":"High Security", "Body":"Buffett Station", "BodyType":"Station", "SystemFaction":"LTT 7138 Advanced Limited" }
{ "timestamp":"2017-01-05T23:14:13Z", "event":"Docked", "StationName":"Buffett Station", "StationType":"Outpost", "StarSystem":"LTT 7138", "StationFaction":"LTT 7138 Advanced Limited", "StationGovernment":"$government_Corporate;", "StationGovernment_Localised":"Corporate", "StationAllegiance":"Federation", "StationEconomy":"$economy_Industrial;", "StationEconomy_Localised":"Industrial" }
{ "timestamp":"2017-01-05T23:16:38Z", "event":"Undocked", "StationName":"Buffett Station", "StationType":"Outpost" }
{ "timestamp":"2017-01-05T23:17:04Z", "event":"ReceiveText", "From":"Buffett Station", "Message":"$STATION_NoFireZone_exited;", "Message_Localised":"No fire zone left.", "Channel":"npc" }
{ "timestamp":"2017-01-05T23:17:47Z", "event":"FSDJump", "StarSystem":"Aeternitas", "StarPos":[-1.500,-14.656,56.875], "SystemAllegiance":"Federation", "SystemEconomy":"$economy_Agri;", "SystemEconomy_Localised":"Agriculture", "SystemGovernment":"$government_Corporate;", "SystemGovernment_Localised":"Corporate", "SystemSecurity":"$SYSTEM_SECURITY_high;", "SystemSecurity_Localised":"High Security", "JumpDist":13.626, "FuelUsed":2.079636, "FuelLevel":5.920364, "SystemFaction":"Aeternitas Industries", "FactionState":"Boom" }
{ "timestamp":"2017-01-05T23:19:31Z", "event":"SupercruiseExit", "StarSystem":"Aeternitas", "Body":"Filter Station", "BodyType":"Station" }
{ "timestamp":"2017-01-05T23:19:32Z", "event":"ReceiveText", "From":"Filter Station", "Message":"$STATION_NoFireZone_entered;", "Message_Localised":"No fire zone entered.", "Channel":"npc" }
{ "timestamp":"2017-01-05T23:19:43Z", "event":"DockingRequested", "StationName":"Filter Station" }
{ "timestamp":"2017-01-05T23:19:43Z", "event":"ReceiveText", "From":"Filter Station", "Message":"$DockingChatter_Friendly;", "Message_Localised":"It's great to see you again, Commander.", "Channel":"npc" }
{ "timestamp":"2017-01-05T23:19:45Z", "event":"ReceiveText", "From":"Filter Station", "Message":"$STATION_docking_granted;", "Message_Localised":"Docking request granted.", "Channel":"npc" }
{ "timestamp":"2017-01-05T23:19:45Z", "event":"DockingGranted", "LandingPad":13, "StationName":"Filter Station" }
{ "timestamp":"2017-01-05T23:20:19Z", "event":"Docked", "StationName":"Filter Station", "StationType":"Orbis", "StarSystem":"Aeternitas", "StationFaction":"Aeternitas Industries", "FactionState":"Boom", "StationGovernment":"$government_Corporate;", "StationGovernment_Localised":"Corporate", "StationAllegiance":"Federation", "StationEconomy":"$economy_Agri;", "StationEconomy_Localised":"Agriculture" }
{ "timestamp":"2017-01-05T23:21:03Z", "event":"ModuleStore", "Slot":"TinyHardpoint4", "StoredItem":"$hpt_cloudscanner_size0_class3_name;", "StoredItem_Localised":"Wake Scanner", "Ship":"vulture", "ShipID":5 }
{ "timestamp":"2017-01-05T23:21:11Z", "event":"ReceiveText", "From":"$npc_name_decorate:#name=Alannah Jade;", "From_Localised":"Alannah Jade", "Message":"$Commuter_AuthorityScan06;", "Message_Localised":"What's going on here, officer?", "Channel":"npc" }
{ "timestamp":"2017-01-05T23:21:16Z", "event":"ShipyardSwap", "ShipType":"asp", "ShipID":2, "StoreOldShip":"Vulture", "StoreShipID":5 }
{ "timestamp":"2017-01-05T23:21:29Z", "event":"Docked", "StationName":"Filter Station", "StationType":"Orbis", "StarSystem":"Aeternitas", "StationFaction":"Aeternitas Industries", "FactionState":"Boom", "StationGovernment":"$government_Corporate;", "StationGovernment_Localised":"Corporate", "StationAllegiance":"Federation", "StationEconomy":"$economy_Agri;", "StationEconomy_Localised":"Agriculture" }
{ "timestamp":"2017-01-05T23:22:49Z", "event":"ModuleRetrieve", "Slot":"TinyHardpoint3", "RetrievedItem":"$hpt_cloudscanner_size0_class3_name;", "RetrievedItem_Localised":"Wake Scanner", "Ship":"asp", "ShipID":2 }
{ "timestamp":"2017-01-05T23:23:35Z", "event":"ModuleStore", "Slot":"Slot01_Size6", "StoredItem":"$int_passengercabin_size6_class2_name;", "StoredItem_Localised":"BC Passenger Cabin", "Ship":"asp", "ShipID":2 }
{ "timestamp":"2017-01-05T23:23:42Z", "event":"ModuleStore", "Slot":"Slot03_Size3", "StoredItem":"$int_fuelscoop_size3_class5_name;", "StoredItem_Localised":"Fuel Scoop", "Ship":"asp", "ShipID":2 }
{ "timestamp":"2017-01-05T23:23:56Z", "event":"ModuleBuy", "Slot":"Slot01_Size6", "BuyItem":"$int_fuelscoop_size6_class4_name;", "BuyItem_Localised":"Fuel Scoop", "BuyPrice":7190903, "Ship":"asp", "ShipID":2 }
{ "timestamp":"2017-01-05T23:26:38Z", "event":"Undocked", "StationName":"Filter Station", "StationType":"Orbis" }
{ "timestamp":"2017-01-05T23:27:26Z", "event":"ReceiveText", "From":"Filter Station", "Message":"$STATION_NoFireZone_exited;", "Message_Localised":"No fire zone left.", "Channel":"npc" }
{ "timestamp":"2017-01-05T23:27:55Z", "event":"FSDJump", "StarSystem":"Core Sys Sector GH-M a7-3", "StarPos":[-12.563,-27.844,31.906], "SystemAllegiance":"", "SystemEconomy":"$economy_None;", "SystemEconomy_Localised":"None", "SystemGovernment":"$government_None;", "SystemGovernment_Localised":"None", "SystemSecurity":"$SYSTEM_SECURITY_low;", "SystemSecurity_Localised":"Low Security", "JumpDist":30.327, "FuelUsed":4.894301, "FuelLevel":35.105698 }
{ "timestamp":"2017-01-05T23:28:20Z", "event":"HeatWarning" }
{ "timestamp":"2017-01-05T23:28:50Z", "event":"FSDJump", "StarSystem":"LTT 9634", "StarPos":[-14.813,-45.719,7.906], "SystemAllegiance":"", "SystemEconomy":"$economy_None;", "SystemEconomy_Localised":"None", "SystemGovernment":"$government_None;", "SystemGovernment_Localised":"None", "SystemSecurity":"$SYSTEM_SECURITY_low;", "SystemSecurity_Localised":"Low Security", "JumpDist":30.010, "FuelUsed":4.628952, "FuelLevel":30.476746 }
{ "timestamp":"2017-01-05T23:29:24Z", "event":"FuelScoop", "Scooped":9.523254, "Total":40.000000 }
{ "timestamp":"2017-01-05T23:29:53Z", "event":"FSDJump", "StarSystem":"13 Ceti", "StarPos":[-25.688,-63.344,-11.750], "SystemAllegiance":"", "SystemEconomy":"$economy_None;", "SystemEconomy_Localised":"None", "SystemGovernment":"$government_None;", "SystemGovernment_Localised":"None", "SystemSecurity":"$SYSTEM_SECURITY_low;", "SystemSecurity_Localised":"Low Security", "JumpDist":28.553, "FuelUsed":4.222033, "FuelLevel":35.777969 }
{ "timestamp":"2017-01-05T23:30:37Z", "event":"FuelScoop", "Scooped":4.222031, "Total":40.000000 }
{ "timestamp":"2017-01-05T23:31:03Z", "event":"FSDJump", "StarSystem":"Piscium Sector LC-V b2-4", "StarPos":[-31.219,-70.313,-38.219], "SystemAllegiance":"", "SystemEconomy":"$economy_None;", "SystemEconomy_Localised":"None", "SystemGovernment":"$government_None;", "SystemGovernment_Localised":"None", "SystemSecurity":"$SYSTEM_SECURITY_low;", "SystemSecurity_Localised":"Low Security", "JumpDist":27.924, "FuelUsed":3.998012, "FuelLevel":36.001987 }
{ "timestamp":"2017-01-05T23:31:31Z", "event":"FuelScoop", "Scooped":3.374512, "Total":39.376499 }
{ "timestamp":"2017-01-05T23:31:56Z", "event":"FSDJump", "StarSystem":"102 Pi Piscium", "StarPos":[-47.469,-86.094,-58.625], "SystemAllegiance":"", "SystemEconomy":"$economy_None;", "SystemEconomy_Localised":"None", "SystemGovernment":"$government_None;", "SystemGovernment_Localised":"None", "SystemSecurity":"$SYSTEM_SECURITY_low;", "SystemSecurity_Localised":"Low Security", "JumpDist":30.488, "FuelUsed":4.939059, "FuelLevel":34.437439 }
{ "timestamp":"2017-01-05T23:32:36Z", "event":"FuelScoop", "Scooped":5.562561, "Total":40.000000 }
{ "timestamp":"2017-01-05T23:33:07Z", "event":"FSDJump", "StarSystem":"HIP 7930", "StarPos":[-64.938,-97.906,-79.156], "SystemAllegiance":"Federation", "SystemEconomy":"$economy_Colony;", "SystemEconomy_Localised":"Colony", "SystemGovernment":"$government_Confederacy;", "SystemGovernment_Localised":"Confederacy", "SystemSecurity":"$SYSTEM_SECURITY_low;", "SystemSecurity_Localised":"Low Security", "JumpDist":29.432, "FuelUsed":4.547535, "FuelLevel":35.452465, "SystemFaction":"Confederation of HIP 7930" }
{ "timestamp":"2017-01-05T23:33:30Z", "event":"FuelScoop", "Scooped":0.826065, "Total":36.278530 }
{ "timestamp":"2017-01-05T23:34:03Z", "event":"FSDJump", "StarSystem":"Arietis Sector YU-P b5-3", "StarPos":[-73.875,-115.938,-101.688], "SystemAllegiance":"", "SystemEconomy":"$economy_None;", "SystemEconomy_Localised":"None", "SystemGovernment":"$government_None;", "SystemGovernment_Localised":"None", "SystemSecurity":"$SYSTEM_SECURITY_low;", "SystemSecurity_Localised":"Low Security", "JumpDist":30.210, "FuelUsed":4.738858, "FuelLevel":31.539673 }
{ "timestamp":"2017-01-05T23:34:26Z", "event":"FuelScoop", "Scooped":1.456535, "Total":32.996208 }
{ "timestamp":"2017-01-05T23:35:07Z", "event":"FSDJump", "StarSystem":"Arietis Sector WJ-R b4-2", "StarPos":[-79.500,-135.406,-120.750], "SystemAllegiance":"", "SystemEconomy":"$economy_None;", "SystemEconomy_Localised":"None", "SystemGovernment":"$government_None;", "SystemGovernment_Localised":"None", "SystemSecurity":"$SYSTEM_SECURITY_low;", "SystemSecurity_Localised":"Low Security", "JumpDist":27.822, "FuelUsed":3.795495, "FuelLevel":29.200714 }
{ "timestamp":"2017-01-05T23:35:34Z", "event":"FuelScoop", "Scooped":3.809422, "Total":33.010136 }
{ "timestamp":"2017-01-05T23:37:28Z", "event":"FSDJump", "StarSystem":"Arietis Sector FG-Y d70", "StarPos":[-89.375,-144.188,-145.813], "SystemAllegiance":"", "SystemEconomy":"$economy_None;", "SystemEconomy_Localised":"None", "SystemGovernment":"$government_None;", "SystemGovernment_Localised":"None", "SystemSecurity":"$SYSTEM_SECURITY_low;", "SystemSecurity_Localised":"Low Security", "JumpDist":28.333, "FuelUsed":3.968937, "FuelLevel":29.041199 }
{ "timestamp":"2017-01-05T23:38:01Z", "event":"FuelScoop", "Scooped":4.234356, "Total":33.275555 }
{ "timestamp":"2017-01-05T23:38:27Z", "event":"FSDJump", "StarSystem":"HIP 10496", "StarPos":[-98.438,-159.500,-168.563], "SystemAllegiance":"", "SystemEconomy":"$economy_None;", "SystemEconomy_Localised":"None", "SystemGovernment":"$government_None;", "SystemGovernment_Localised":"None", "SystemSecurity":"$SYSTEM_SECURITY_low;", "SystemSecurity_Localised":"Low Security", "JumpDist":28.882, "FuelUsed":4.166510, "FuelLevel":29.109043 }
{ "timestamp":"2017-01-05T23:38:56Z", "event":"FuelScoop", "Scooped":2.746645, "Total":31.855688 }
{ "timestamp":"2017-01-05T23:39:42Z", "event":"USSDrop", "USSType":"$USS_Type_Salvage;", "USSType_Localised":"Degraded emissions detected", "USSThreat":0 }
{ "timestamp":"2017-01-05T23:39:43Z", "event":"SupercruiseExit", "StarSystem":"HIP 10496", "Body":"HIP 10496 A", "BodyType":"Star" }
{ "timestamp":"2017-01-05T23:40:41Z", "event":"FSDJump", "StarSystem":"Aries Dark Region NN-T c3-10", "StarPos":[-94.125,-181.000,-188.688], "SystemAllegiance":"", "SystemEconomy":"$economy_None;", "SystemEconomy_Localised":"None", "SystemGovernment":"$government_None;", "SystemGovernment_Localised":"None", "SystemSecurity":"$SYSTEM_SECURITY_low;", "SystemSecurity_Localised":"Low Security", "JumpDist":29.763, "FuelUsed":4.446182, "FuelLevel":27.409506 }
{ "timestamp":"2017-01-05T23:41:07Z", "event":"FuelScoop", "Scooped":2.839090, "Total":30.248596 }
{ "timestamp":"2017-01-05T23:41:35Z", "event":"FSDJump", "StarSystem":"Aries Dark Region YP-O b6-2", "StarPos":[-83.750,-183.688,-217.156], "SystemAllegiance":"", "SystemEconomy":"$economy_None;", "SystemEconomy_Localised":"None", "SystemGovernment":"$government_None;", "SystemGovernment_Localised":"None", "SystemSecurity":"$SYSTEM_SECURITY_low;", "SystemSecurity_Localised":"Low Security", "JumpDist":30.419, "FuelUsed":4.643252, "FuelLevel":25.605345 }
{ "timestamp":"2017-01-05T23:42:16Z", "event":"FuelScoop", "Scooped":10.177523, "Total":35.782867 }
{ "timestamp":"2017-01-05T23:42:56Z", "event":"FSDJump", "StarSystem":"Aries Dark Region TJ-Q b5-0", "StarPos":[-100.938,-184.063,-241.375], "SystemAllegiance":"", "SystemEconomy":"$economy_None;", "SystemEconomy_Localised":"None", "SystemGovernment":"$government_None;", "SystemGovernment_Localised":"None", "SystemSecurity":"$SYSTEM_SECURITY_low;", "SystemSecurity_Localised":"Low Security", "JumpDist":29.700, "FuelUsed":4.531571, "FuelLevel":31.251297 }
{ "timestamp":"2017-01-05T23:43:22Z", "event":"FuelScoop", "Scooped":4.811230, "Total":36.062527 }
{ "timestamp":"2017-01-05T23:44:47Z", "event":"FSDJump", "StarSystem":"Aries Dark Region WE-Q b5-1", "StarPos":[-76.438,-197.656,-238.438], "SystemAllegiance":"", "SystemEconomy":"$economy_None;", "SystemEconomy_Localised":"None", "SystemGovernment":"$government_None;", "SystemGovernment_Localised":"None", "SystemSecurity":"$SYSTEM_SECURITY_low;", "SystemSecurity_Localised":"Low Security", "JumpDist":28.172, "FuelUsed":3.988199, "FuelLevel":32.074326 }
{ "timestamp":"2017-01-05T23:46:16Z", "event":"FuelScoop", "Scooped":7.925674, "Total":40.000000 }
{ "timestamp":"2017-01-05T23:47:09Z", "event":"FSDJump", "StarSystem":"Aries Dark Region HR-W d1-34", "StarPos":[-69.344,-197.688,-253.875], "SystemAllegiance":"", "SystemEconomy":"$economy_None;", "SystemEconomy_Localised":"None", "SystemGovernment":"$government_None;", "SystemGovernment_Localised":"None", "SystemSecurity":"$SYSTEM_SECURITY_low;", "SystemSecurity_Localised":"Low Security", "JumpDist":16.989, "FuelUsed":1.183310, "FuelLevel":38.816689 }
{ "timestamp":"2017-01-05T23:47:41Z", "event":"FuelScoop", "Scooped":1.183311, "Total":40.000000 }
{ "timestamp":"2017-01-05T23:48:08Z", "event":"USSDrop", "USSType":"$USS_Type_ValuableSalvage;", "USSType_Localised":"Encoded emissions detected", "USSThreat":0 }
{ "timestamp":"2017-01-05T23:48:09Z", "event":"SupercruiseExit", "StarSystem":"Aries Dark Region HR-W d1-34", "Body":"Aries Dark Region HR-W d1-34", "BodyType":"Star" }
{ "timestamp":"2017-01-05T23:48:56Z", "event":"MaterialDiscovered", "Category":"Manufactured", "Name":"configurablecomponents", "DiscoveryNumber":6 }
{ "timestamp":"2017-01-05T23:48:56Z", "event":"MaterialCollected", "Category":"Manufactured", "Name":"configurablecomponents", "Count":3 }
{ "timestamp":"2017-01-05T23:49:22Z", "event":"SupercruiseEntry", "StarSystem":"Aries Dark Region HR-W d1-34" }
{ "timestamp":"2017-01-05T23:51:22Z", "event":"FSDJump", "StarSystem":"Aries Dark Region HR-W d1-61", "StarPos":[-65.781,-212.156,-259.000], "SystemAllegiance":"", "SystemEconomy":"$economy_None;", "SystemEconomy_Localised":"None", "SystemGovernment":"$government_None;", "SystemGovernment_Localised":"None", "SystemSecurity":"$SYSTEM_SECURITY_low;", "SystemSecurity_Localised":"Low Security", "JumpDist":15.758, "FuelUsed":0.984143, "FuelLevel":39.015858 }
{ "timestamp":"2017-01-05T23:52:46Z", "event":"FSDJump", "StarSystem":"Aries Dark Region LC-V c2-2", "StarPos":[-74.719,-207.063,-250.781], "SystemAllegiance":"", "SystemEconomy":"$economy_None;", "SystemEconomy_Localised":"None", "SystemGovernment":"$government_None;", "SystemGovernment_Localised":"None", "SystemSecurity":"$SYSTEM_SECURITY_low;", "SystemSecurity_Localised":"Low Security", "JumpDist":13.167, "FuelUsed":0.630023, "FuelLevel":38.385834 }
{ "timestamp":"2017-01-05T23:56:17Z", "event":"FuelScoop", "Scooped":1.614166, "Total":40.000000 }
{ "timestamp":"2017-01-05T23:56:40Z", "event":"FSDJump", "StarSystem":"Pleiades Sector MX-U d2-58", "StarPos":[-60.563,-184.156,-254.375], "SystemAllegiance":"", "SystemEconomy":"$economy_None;", "SystemEconomy_Localised":"None", "SystemGovernment":"$government_None;", "SystemGovernment_Localised":"None", "SystemSecurity":"$SYSTEM_SECURITY_low;", "SystemSecurity_Localised":"Low Security", "JumpDist":27.166, "FuelUsed":3.737531, "FuelLevel":36.262470 }
{ "timestamp":"2017-01-05T23:57:18Z", "event":"FuelScoop", "Scooped":3.737530, "Total":40.000000 }
{ "timestamp":"2017-01-05T23:57:47Z", "event":"FSDJump", "StarSystem":"HIP 16469", "StarPos":[-48.469,-161.344,-266.719], "SystemAllegiance":"", "SystemEconomy":"$economy_None;", "SystemEconomy_Localised":"None", "SystemGovernment":"$government_None;", "SystemGovernment_Localised":"None", "SystemSecurity":"$SYSTEM_SECURITY_low;", "SystemSecurity_Localised":"Low Security", "JumpDist":28.619, "FuelUsed":4.245961, "FuelLevel":35.754040 }
{ "timestamp":"2017-01-05T23:58:15Z", "event":"FuelScoop", "Scooped":3.927105, "Total":39.681145 }
{ "timestamp":"2017-01-05T23:58:53Z", "event":"FSDJump", "StarSystem":"Pleiades Sector IR-W d1-34", "StarPos":[-43.313,-135.438,-272.188], "SystemAllegiance":"", "SystemEconomy":"$economy_None;", "SystemEconomy_Localised":"None", "SystemGovernment":"$government_None;", "SystemGovernment_Localised":"None", "SystemSecurity":"$SYSTEM_SECURITY_low;", "SystemSecurity_Localised":"Low Security", "JumpDist":26.975, "FuelUsed":3.666014, "FuelLevel":36.015129 }
{ "timestamp":"2017-01-05T23:59:21Z", "event":"FuelScoop", "Scooped":2.749798, "Total":38.764927 }
{ "timestamp":"2017-01-06T00:02:48Z", "event":"SupercruiseExit", "StarSystem":"Pleiades Sector IR-W d1-34", "Body":"Pleiades Sector IR-W d1-34 4", "BodyType":"Planet" }
{ "timestamp":"2017-01-06T00:04:17Z", "event":"SupercruiseEntry", "StarSystem":"Pleiades Sector IR-W d1-34" }
{ "timestamp":"2017-01-06T00:10:24Z", "event":"FSDJump", "StarSystem":"Pleiades Sector YP-O b6-0", "StarPos":[-52.125,-154.938,-285.094], "SystemAllegiance":"", "SystemEconomy":"$economy_None;", "SystemEconomy_Localised":"None", "SystemGovernment":"$government_None;", "SystemGovernment_Localised":"None", "SystemSecurity":"$SYSTEM_SECURITY_low;", "SystemSecurity_Localised":"Low Security", "JumpDist":24.990, "FuelUsed":3.023085, "FuelLevel":35.741840 }
{ "timestamp":"2017-01-06T00:11:23Z", "event":"FSDJump", "StarSystem":"Pleiades Sector LC-V c2-8", "StarPos":[-57.500,-164.094,-312.531], "SystemAllegiance":"", "SystemEconomy":"$economy_None;", "SystemEconomy_Localised":"None", "SystemGovernment":"$government_None;", "SystemGovernment_Localised":"None", "SystemSecurity":"$SYSTEM_SECURITY_low;", "SystemSecurity_Localised":"Low Security", "JumpDist":29.420, "FuelUsed":4.426634, "FuelLevel":31.315208 }
{ "timestamp":"2017-01-06T00:11:51Z", "event":"FuelScoop", "Scooped":3.861759, "Total":35.176968 }
{ "timestamp":"2017-01-06T00:12:21Z", "event":"FSDJump", "StarSystem":"Pleiades Sector LC-V c2-9", "StarPos":[-62.844,-156.969,-330.906], "SystemAllegiance":"", "SystemEconomy":"$economy_None;", "SystemEconomy_Localised":"None", "SystemGovernment":"$government_None;", "SystemGovernment_Localised":"None", "SystemSecurity":"$SYSTEM_SECURITY_low;", "SystemSecurity_Localised":"Low Security", "JumpDist":20.420, "FuelUsed":1.802803, "FuelLevel":33.374165 }
{ "timestamp":"2017-01-06T00:22:49Z", "event":"FSDJump", "StarSystem":"Pleiades Sector GW-W c1-12", "StarPos":[-79.906,-159.094,-352.781], "SystemAllegiance":"", "SystemEconomy":"$economy_None;", "SystemEconomy_Localised":"None", "SystemGovernment":"$government_None;", "SystemGovernment_Localised":"None", "SystemSecurity":"$SYSTEM_SECURITY_low;", "SystemSecurity_Localised":"Low Security", "JumpDist":27.824, "FuelUsed":3.805125, "FuelLevel":28.939037 }
{ "timestamp":"2017-01-06T00:23:17Z", "event":"FuelScoop", "Scooped":2.789446, "Total":31.728483 }
{ "timestamp":"2017-01-06T00:23:52Z", "event":"FSDJump", "StarSystem":"HIP 17403", "StarPos":[-93.688,-158.969,-367.625], "SystemAllegiance":"", "SystemEconomy":"$economy_None;", "SystemEconomy_Localised":"None", "SystemGovernment":"$government_None;", "SystemGovernment_Localised":"None", "SystemSecurity":"$SYSTEM_SECURITY_low;", "SystemSecurity_Localised":"Low Security", "JumpDist":20.255, "FuelUsed":1.730305, "FuelLevel":29.998178 }
{ "timestamp":"2017-01-06T00:24:22Z", "event":"FuelScoop", "Scooped":3.116655, "Total":33.114834 }
{ "timestamp":"2017-01-06T00:28:42Z", "event":"USSDrop", "USSType":"$USS_Type_Salvage;", "USSType_Localised":"Degraded emissions detected", "USSThreat":0 }
{ "timestamp":"2017-01-06T00:28:43Z", "event":"SupercruiseExit", "StarSystem":"HIP 17403", "Body":"HIP 17403 A 4", "BodyType":"Planet" }
{ "timestamp":"2017-01-06T00:29:03Z", "event":"SupercruiseEntry", "StarSystem":"HIP 17403" }
{ "timestamp":"2017-01-06T00:36:07Z", "event":"SupercruiseExit", "StarSystem":"HIP 17403", "Body":"HIP 17403 A 4 a", "BodyType":"Planet" }
{ "timestamp":"2017-01-06T00:43:14Z", "event":"SupercruiseEntry", "StarSystem":"HIP 17403" }
