{ "timestamp":"2016-12-18T17:11:02Z", "event":"Fileheader", "part":1, "language":"English\\UK", "gameversion":"2.2", "build":"r126898/r0 " }
{ "timestamp":"2016-12-18T17:11:43Z", "event":"LoadGame", "Commander":"Coccolithophore", "Ship":"Vulture", "ShipID":1, "GameMode":"Solo", "Credits":1499431, "Loan":0 }
{ "timestamp":"2016-12-18T17:11:43Z", "event":"Rank", "Combat":1, "Trade":2, "Explore":2, "Empire":0, "Federation":0, "CQC":0 }
{ "timestamp":"2016-12-18T17:11:43Z", "event":"Progress", "Combat":99, "Trade":82, "Explore":16, "Empire":0, "Federation":22, "CQC":0 }
{ "timestamp":"2016-12-18T17:12:11Z", "event":"Location", "Docked":true, "StationName":"Lazarev Enterprise", "StationType":"Outpost", "StarSystem":"LP 339-7", "StarPos":[-70.063,-8.281,27.906], "SystemAllegiance":"Federation", "SystemEconomy":"$economy_Agri;", "SystemEconomy_Localised":"Agriculture", "SystemGovernment":"$government_Corporate;", "SystemGovernment_Localised":"Corporate", "SystemSecurity":"$SYSTEM_SECURITY_high;", "SystemSecurity_Localised":"High Security", "Body":"Lazarev Enterprise", "BodyType":"Station", "SystemFaction":"Starship Enterprises", "FactionState":"Boom" }
{ "timestamp":"2016-12-18T17:12:12Z", "event":"Docked", "StationName":"Lazarev Enterprise", "StationType":"Outpost", "StarSystem":"LP 339-7", "StationFaction":"LP 339-7 Public Inc", "StationGovernment":"$government_Corporate;", "StationGovernment_Localised":"Corporate", "StationEconomy":"$economy_Industrial;", "StationEconomy_Localised":"Industrial" }
{ "timestamp":"2016-12-18T17:12:33Z", "event":"Undocked", "StationName":"Lazarev Enterprise", "StationType":"Outpost" }
{ "timestamp":"2016-12-18T17:12:50Z", "event":"ReceiveText", "From":"Lazarev Enterprise", "Message":"$STATION_NoFireZone_exited;", "Message_Localised":"No fire zone left.", "Channel":"npc" }
{ "timestamp":"2016-12-18T17:13:10Z", "event":"SupercruiseEntry", "StarSystem":"LP 339-7" }
{ "timestamp":"2016-12-18T17:14:49Z", "event":"SupercruiseExit", "StarSystem":"LP 339-7", "Body":"LP 339-7 5 A Ring", "BodyType":"PlanetaryRing" }
{ "timestamp":"2016-12-18T17:15:47Z", "event":"ReceiveText", "From":"$npc_name_decorate:#name=Mattias MJ;", "From_Localised":"Mattias MJ", "Message":"$Pirate_OnStartScanCargo10;", "Message_Localised":"Let me see what you have.", "Channel":"npc" }
{ "timestamp":"2016-12-18T17:15:49Z", "event":"ReceiveText", "From":"$npc_name_decorate:#name=Shield of Justice;", "From_Localised":"Shield of Justice", "Message":"$PowersPirate_OnStartScanCargo04;", "Message_Localised":"Anything we can use?", "Channel":"npc" }
{ "timestamp":"2016-12-18T17:15:51Z", "event":"ReceiveText", "From":"$npc_name_decorate:#name=Kelduum Revaan;", "From_Localised":"Kelduum Revaan", "Message":"$Pirate_OnStartScanCargo10;", "Message_Localised":"Let me see what you have.", "Channel":"npc" }
{ "timestamp":"2016-12-18T17:15:52Z", "event":"ReceiveText", "From":"$npc_name_decorate:#name=Mattias MJ;", "From_Localised":"Mattias MJ", "Message":"$Pirate_OnDeclarePiracyAttack05;", "Message_Localised":"You have no chance now.", "Channel":"npc" }
{ "timestamp":"2016-12-18T17:15:59Z", "event":"ReceiveText", "From":"$npc_name_decorate:#name=Aisling Guardian;", "From_Localised":"Aisling Guardian", "Message":"$PowersPirate_OnStartScanCargo05;", "Message_Localised":"We're in need of some contributions. You got any?", "Channel":"npc" }
{ "timestamp":"2016-12-18T17:15:59Z", "event":"ReceiveText", "From":"$npc_name_decorate:#name=Shield of Justice;", "From_Localised":"Shield of Justice", "Message":"$PowersPirate_OnNoCargoFound02;", "Message_Localised":"Another dud, I'm really not filling my quota today.", "Channel":"npc" }
{ "timestamp":"2016-12-18T17:16:01Z", "event":"ReceiveText", "From":"$npc_name_decorate:#name=Kelduum Revaan;", "From_Localised":"Kelduum Revaan", "Message":"$Pirate_OnNoCargoFound05;", "Message_Localised":"How do you fools make a living?", "Channel":"npc" }
{ "timestamp":"2016-12-18T17:16:05Z", "event":"ReceiveText", "From":"$npc_name_decorate:#name=Brax;", "From_Localised":"Brax", "Message":"$Pirate_OnStartScanCargo01;", "Message_Localised":"I see all!", "Channel":"npc" }
{ "timestamp":"2016-12-18T17:16:09Z", "event":"ReceiveText", "From":"$npc_name_decorate:#name=Aisling Guardian;", "From_Localised":"Aisling Guardian", "Message":"$PowersPirate_OnNoCargoFound03;", "Message_Localised":"Nothing?! Boss ain't gonna like this.", "Channel":"npc" }
{ "timestamp":"2016-12-18T17:16:11Z", "event":"ReceiveText", "From":"$npc_name_decorate:#name=Onigni;", "From_Localised":"Onigni", "Message":"$Pirate_OnStartScanCargo02;", "Message_Localised":"Carrying anything nice?", "Channel":"npc" }
{ "timestamp":"2016-12-18T17:16:15Z", "event":"ReceiveText", "From":"$npc_name_decorate:#name=Brax;", "From_Localised":"Brax", "Message":"$Pirate_OnNoCargoFound11;", "Message_Localised":"Another empty cargo hold. My children will go hungry tonight.", "Channel":"npc" }
{ "timestamp":"2016-12-18T17:16:21Z", "event":"ReceiveText", "From":"$npc_name_decorate:#name=Onigni;", "From_Localised":"Onigni", "Message":"$Pirate_OnNoCargoFound09;", "Message_Localised":"Next time you should fill your hold with gold.", "Channel":"npc" }
{ "timestamp":"2016-12-18T17:17:09Z", "event":"Bounty", "Rewards":[ { "Faction":"Starship Enterprises", "Reward":800 }, { "Faction":"Federation", "Reward":23520 } ], "TotalReward":24320, "VictimFaction":"LP 339-7 Blue Clan" }
{ "timestamp":"2016-12-18T17:17:09Z", "event":"Promotion", "Combat":2 }
{ "timestamp":"2016-12-18T17:17:51Z", "event":"ReceiveText", "From":"$ShipName_Police_Federation;", "From_Localised":"Federal Security Service", "Message":"$Police_ArrivedAtInvestigationLocation03;", "Message_Localised":"Crime scene cordon initialised, all ships must submit to police scan.", "Channel":"npc" }
{ "timestamp":"2016-12-18T17:18:05Z", "event":"MaterialCollected", "Category":"Encoded", "Name":"shieldpatternanalysis", "Count":3 }
{ "timestamp":"2016-12-18T17:18:07Z", "event":"ReceiveText", "From":"$npc_name_decorate:#name=Aisling Guardian;", "From_Localised":"Aisling Guardian", "Message":"$BadKarmaCriticalDamage07;", "Message_Localised":"Too much damage!", "Channel":"npc" }
{ "timestamp":"2016-12-18T17:18:14Z", "event":"Bounty", "Rewards":[ { "Faction":"Starship Enterprises", "Reward":1200 } ], "TotalReward":1200, "VictimFaction":"Aisling Duval" }
{ "timestamp":"2016-12-18T17:18:16Z", "event":"ReceiveText", "From":"$ShipName_Police_Federation;", "From_Localised":"Federal Security Service", "Message":"$Police_ArrivedAtInvestigationLocation01;", "Message_Localised":"All citizens must submit to authority scans. Do not attempt to flee!", "Channel":"npc" }
{ "timestamp":"2016-12-18T17:18:37Z", "event":"ReceiveText", "From":"$npc_name_decorate:#name=Tristybobs;", "From_Localised":"Tristybobs", "Message":"$Escort_EscortJump09;", "Message_Localised":"Mission failed. Time for me to leave.", "Channel":"npc" }
{ "timestamp":"2016-12-18T17:18:46Z", "event":"ShieldState", "ShieldsUp":false }
{ "timestamp":"2016-12-18T17:18:50Z", "event":"Bounty", "Rewards":[ { "Faction":"Starship Enterprises", "Reward":400 }, { "Faction":"Federation", "Reward":63300 } ], "TotalReward":63700, "VictimFaction":"LP 339-7 Blue Clan" }
{ "timestamp":"2016-12-18T17:19:30Z", "event":"ReceiveText", "From":"$ShipName_Police_Federation;", "From_Localised":"Federal Security Service", "Message":"$Police_FinishedAtInvestigationLocation03;", "Message_Localised":"Crime scene cordon removed, go back about your business.", "Channel":"npc" }
{ "timestamp":"2016-12-18T17:19:35Z", "event":"MaterialCollected", "Category":"Encoded", "Name":"emissiondata", "Count":3 }
{ "timestamp":"2016-12-18T17:19:49Z", "event":"ReceiveText", "From":"$ShipName_Police_Federation;", "From_Localised":"Federal Security Service", "Message":"$Police_FinishedAtInvestigationLocation06;", "Message_Localised":"Rapid criminal investigation scans are finished. Please continue about your business.", "Channel":"npc" }
{ "timestamp":"2016-12-18T17:20:10Z", "event":"ShieldState", "ShieldsUp":true }
{ "timestamp":"2016-12-18T17:20:32Z", "event":"ReceiveText", "From":"$npc_name_decorate:#name=Kelduum Revaan;", "From_Localised":"Kelduum Revaan", "Message":"$Pirate_NiggledByNewShip04;", "Message_Localised":"And now you have my attention, what will you do?", "Channel":"npc" }
{ "timestamp":"2016-12-18T17:20:32Z", "event":"ReceiveText", "From":"$npc_name_decorate:#name=DragonDeath;", "From_Localised":"DragonDeath", "Message":"$Pirate_OnStartScanCargo10;", "Message_Localised":"Let me see what you have.", "Channel":"npc" }
{ "timestamp":"2016-12-18T17:20:42Z", "event":"ReceiveText", "From":"$npc_name_decorate:#name=DragonDeath;", "From_Localised":"DragonDeath", "Message":"$Pirate_OnNoCargoFound09;", "Message_Localised":"Next time you should fill your hold with gold.", "Channel":"npc" }
{ "timestamp":"2016-12-18T17:20:44Z", "event":"ReceiveText", "From":"$npc_name_decorate:#name=Kelduum Revaan;", "From_Localised":"Kelduum Revaan", "Message":"$BadKarmaCriticalDamage10;", "Message_Localised":"You've scratched my paint!", "Channel":"npc" }
{ "timestamp":"2016-12-18T17:20:52Z", "event":"Bounty", "Rewards":[ { "Faction":"Starship Enterprises", "Reward":16802 } ], "TotalReward":16802, "VictimFaction":"LP 339-7 Blue Clan" }
{ "timestamp":"2016-12-18T17:21:17Z", "event":"ReceiveText", "From":"$npc_name_decorate:#name=DragonDeath;", "From_Localised":"DragonDeath", "Message":"$Pirate_OnDeclarePiracyAttack05;", "Message_Localised":"You have no chance now.", "Channel":"npc" }
{ "timestamp":"2016-12-18T17:21:49Z", "event":"Bounty", "Rewards":[ { "Faction":"Starship Enterprises", "Reward":12550 } ], "TotalReward":12550, "VictimFaction":"LP 339-7 Blue Clan" }
{ "timestamp":"2016-12-18T17:22:44Z", "event":"ReceiveText", "From":"$ShipName_Police_Federation;", "From_Localised":"Federal Security Service", "Message":"$Police_ThankYouPassedStopAndSearch08;", "Message_Localised":"All done and you're clear to proceed, Commander.", "Channel":"npc" }
{ "timestamp":"2016-12-18T17:23:13Z", "event":"MaterialCollected", "Category":"Encoded", "Name":"shieldcyclerecordings", "Count":3 }
{ "timestamp":"2016-12-18T17:24:25Z", "event":"SupercruiseEntry", "StarSystem":"LP 339-7" }
{ "timestamp":"2016-12-18T17:26:45Z", "event":"SupercruiseExit", "StarSystem":"LP 339-7", "Body":"Lazarev Enterprise", "BodyType":"Station" }
{ "timestamp":"2016-12-18T17:27:24Z", "event":"DockingRequested", "StationName":"Lazarev Enterprise" }
{ "timestamp":"2016-12-18T17:27:24Z", "event":"ReceiveText", "From":"Lazarev Enterprise", "Message":"$DockingChatter_Neutral;", "Message_Localised":"Ensure to observe starport protocol during your visit, pilot.", "Channel":"npc" }
{ "timestamp":"2016-12-18T17:27:26Z", "event":"ReceiveText", "From":"Lazarev Enterprise", "Message":"$STATION_docking_granted;", "Message_Localised":"Docking request granted.", "Channel":"npc" }
{ "timestamp":"2016-12-18T17:27:26Z", "event":"DockingGranted", "LandingPad":2, "StationName":"Lazarev Enterprise" }
{ "timestamp":"2016-12-18T17:27:40Z", "event":"ReceiveText", "From":"Lazarev Enterprise", "Message":"$STATION_NoFireZone_entered;", "Message_Localised":"No fire zone entered.", "Channel":"npc" }
{ "timestamp":"2016-12-18T17:28:30Z", "event":"Docked", "StationName":"Lazarev Enterprise", "StationType":"Outpost", "StarSystem":"LP 339-7", "StationFaction":"LP 339-7 Public Inc", "StationGovernment":"$government_Corporate;", "StationGovernment_Localised":"Corporate", "StationEconomy":"$economy_Industrial;", "StationEconomy_Localised":"Industrial" }
{ "timestamp":"2016-12-18T17:28:49Z", "event":"RepairAll", "Cost":195 }
{ "timestamp":"2016-12-18T17:28:51Z", "event":"RefuelAll", "Cost":16, "Amount":0.313677 }
{ "timestamp":"2016-12-18T17:28:52Z", "event":"BuyAmmo", "Cost":900 }
{ "timestamp":"2016-12-18T17:29:13Z", "event":"Undocked", "StationName":"Lazarev Enterprise", "StationType":"Outpost" }
{ "timestamp":"2016-12-18T17:29:32Z", "event":"ReceiveText", "From":"Lazarev Enterprise", "Message":"$STATION_NoFireZone_exited;", "Message_Localised":"No fire zone left.", "Channel":"npc" }
{ "timestamp":"2016-12-18T17:30:06Z", "event":"SupercruiseEntry", "StarSystem":"LP 339-7" }
{ "timestamp":"2016-12-18T17:31:28Z", "event":"SupercruiseExit", "StarSystem":"LP 339-7", "Body":"LP 339-7 5 A Ring", "BodyType":"PlanetaryRing" }
{ "timestamp":"2016-12-18T17:31:50Z", "event":"ReceiveText", "From":"$npc_name_decorate:#name=Kumo Crew Watch;", "From_Localised":"Kumo Crew Watch", "Message":"$PowersPirate_OnStartScanCargo01;", "Message_Localised":"I'm looking for... donations.", "Channel":"npc" }
{ "timestamp":"2016-12-18T17:31:57Z", "event":"ReceiveText", "From":"$npc_name_decorate:#name=Kumo Crew Watch;", "From_Localised":"Kumo Crew Watch", "Message":"$Pirate_OnDeclarePiracyAttack03;", "Message_Localised":"Now you die, victim.", "Channel":"npc" }
{ "timestamp":"2016-12-18T17:32:21Z", "event":"ReceiveText", "From":"$npc_name_decorate:#name=Kumo Crew Watch;", "From_Localised":"Kumo Crew Watch", "Message":"$Escort_AttackRun05;", "Message_Localised":"Target locked. Preparing to fire.", "Channel":"npc" }
{ "timestamp":"2016-12-18T17:32:25Z", "event":"ReceiveText", "From":"$ShipName_Police_Federation;", "From_Localised":"Federal Security Service", "Message":"$Police_ArriveInvestigate02;", "Message_Localised":"Incident response units on station.", "Channel":"npc" }
{ "timestamp":"2016-12-18T17:32:26Z", "event":"ReceiveText", "From":"$ShipName_Police_Federation;", "From_Localised":"Federal Security Service", "Message":"$Police_ArrivedAtInvestigationLocation01;", "Message_Localised":"All citizens must submit to authority scans. Do not attempt to flee!", "Channel":"npc" }
{ "timestamp":"2016-12-18T17:32:26Z", "event":"ReceiveText", "From":"$npc_name_decorate:#name=Mugo Thalheimer;", "From_Localised":"Mugo Thalheimer", "Message":"$Pirate_OnStartScanCargo06;", "Message_Localised":"Let's see what you are carrying.", "Channel":"npc" }
{ "timestamp":"2016-12-18T17:32:33Z", "event":"ReceiveText", "From":"$ShipName_Police_Federation;", "From_Localised":"Federal Security Service", "Message":"$Police_ArrivedAtInvestigationLocation06;", "Message_Localised":"Crime response team in situ. Security sweep and scan commencing.", "Channel":"npc" }
{ "timestamp":"2016-12-18T17:32:33Z", "event":"ReceiveText", "From":"$ShipName_Police_Federation;", "From_Localised":"Federal Security Service", "Message":"$Police_ArriveInvestigate05;", "Message_Localised":"Police response unit in position.", "Channel":"npc" }
{ "timestamp":"2016-12-18T17:32:36Z", "event":"ReceiveText", "From":"$ShipName_Police_Federation;", "From_Localised":"Federal Security Service", "Message":"$Police_ArrivedAtInvestigationLocation05;", "Message_Localised":"A crime has been reported here. All ships will be scanned.", "Channel":"npc" }
{ "timestamp":"2016-12-18T17:32:36Z", "event":"ReceiveText", "From":"$npc_name_decorate:#name=Mugo Thalheimer;", "From_Localised":"Mugo Thalheimer", "Message":"$Pirate_OnNoCargoFound06;", "Message_Localised":"Another dream of riches dashed.", "Channel":"npc" }
{ "timestamp":"2016-12-18T17:32:37Z", "event":"ReceiveText", "From":"$ShipName_Police_Federation;", "From_Localised":"Federal Security Service", "Message":"$Police_ArrivedAtInvestigationLocation02;", "Message_Localised":"Cease and desist! Submit to authority scans immediately!", "Channel":"npc" }
{ "timestamp":"2016-12-18T17:32:44Z", "event":"Bounty", "Rewards":[ { "Faction":"Starship Enterprises", "Reward":17987 } ], "TotalReward":17987, "VictimFaction":"Archon Delaine" }
{ "timestamp":"2016-12-18T17:32:45Z", "event":"ReceiveText", "From":"$ShipName_Police_Federation;", "From_Localised":"Federal Security Service", "Message":"$Police_ArrivedAtInvestigationLocation02;", "Message_Localised":"Cease and desist! Submit to authority scans immediately!", "Channel":"npc" }
{ "timestamp":"2016-12-18T17:33:10Z", "event":"Bounty", "Rewards":[ { "Faction":"Starship Enterprises", "Reward":8150 } ], "TotalReward":8150, "VictimFaction":"Archon Delaine" }
{ "timestamp":"2016-12-18T17:33:17Z", "event":"ReceiveText", "From":"$ShipName_Police_Federation;", "From_Localised":"Federal Security Service", "Message":"$Police_FinishedAtInvestigationLocation03;", "Message_Localised":"Crime scene cordon removed, go back about your business.", "Channel":"npc" }
{ "timestamp":"2016-12-18T17:33:19Z", "event":"ReceiveText", "From":"$npc_name_decorate:#name=Kumo Crew Watch;", "From_Localised":"Kumo Crew Watch", "Message":"$BadKarmaCriticalDamage08;", "Message_Localised":"I've taken too many hits.", "Channel":"npc" }
{ "timestamp":"2016-12-18T17:33:27Z", "event":"ReceiveText", "From":"$ShipName_Police_Federation;", "From_Localised":"Federal Security Service", "Message":"$Police_FinishedAtInvestigationLocation03;", "Message_Localised":"Crime scene cordon removed, go back about your business.", "Channel":"npc" }
{ "timestamp":"2016-12-18T17:33:56Z", "event":"ReceiveText", "From":"$ShipName_Police_Federation;", "From_Localised":"Federal Security Service", "Message":"$Police_ThankYouPassedStopAndSearch03;", "Message_Localised":"All clear. Carry on, pilot.", "Channel":"npc" }
{ "timestamp":"2016-12-18T17:33:56Z", "event":"MaterialCollected", "Category":"Encoded", "Name":"shieldcyclerecordings", "Count":3 }
{ "timestamp":"2016-12-18T17:34:05Z", "event":"ReceiveText", "From":"$npc_name_decorate:#name=Patreus Sentinel;", "From_Localised":"Patreus Sentinel", "Message":"$PowersPirate_OnStartScanCargo04;", "Message_Localised":"Anything we can use?", "Channel":"npc" }
{ "timestamp":"2016-12-18T17:34:23Z", "event":"ReceiveText", "From":"$npc_name_decorate:#name=Patreus Sentinel;", "From_Localised":"Patreus Sentinel", "Message":"$PowersPirate_OnNoCargoFound02;", "Message_Localised":"Another dud, I'm really not filling my quota today.", "Channel":"npc" }
{ "timestamp":"2016-12-18T17:34:31Z", "event":"ReceiveText", "From":"$npc_name_decorate:#name=Mugo Thalheimer;", "From_Localised":"Mugo Thalheimer", "Message":"$BadKarmaCriticalDamage07;", "Message_Localised":"Too much damage!", "Channel":"npc" }
{ "timestamp":"2016-12-18T17:34:42Z", "event":"Bounty", "Rewards":[ { "Faction":"Starship Enterprises", "Reward":121024 } ], "TotalReward":121024, "VictimFaction":"LP 339-7 Blue Clan" }
{ "timestamp":"2016-12-18T17:35:25Z", "event":"ReceiveText", "From":"$npc_name_decorate:#name=Marco Dyballa;", "From_Localised":"Marco Dyballa", "Message":"$Pirate_OnDeclarePiracyAttack03;", "Message_Localised":"Now you die, victim.", "Channel":"npc" }
{ "timestamp":"2016-12-18T17:36:08Z", "event":"ShieldState", "ShieldsUp":false }
{ "timestamp":"2016-12-18T17:36:10Z", "event":"CockpitBreached" }
{ "timestamp":"2016-12-18T17:36:14Z", "event":"HullDamage", "Health":0.772369 }
{ "timestamp":"2016-12-18T17:36:27Z", "event":"ReceiveText", "From":"$npc_name_decorate:#name=Dark;", "From_Localised":"Dark", "Message":"$BadKarmaCriticalDamage05;", "Message_Localised":"No, no!", "Channel":"npc" }
{ "timestamp":"2016-12-18T17:36:33Z", "event":"HullDamage", "Health":0.595306 }
{ "timestamp":"2016-12-18T17:36:45Z", "event":"HullDamage", "Health":0.380561 }
{ "timestamp":"2016-12-18T17:36:45Z", "event":"Bounty", "Rewards":[ { "Faction":"Starship Enterprises", "Reward":1200 }, { "Faction":"Federation", "Reward":101700 } ], "TotalReward":102900, "VictimFaction":"LP 339-7 Blue Clan" }
{ "timestamp":"2016-12-18T17:37:15Z", "event":"SupercruiseEntry", "StarSystem":"LP 339-7" }
{ "timestamp":"2016-12-18T17:39:07Z", "event":"SupercruiseExit", "StarSystem":"LP 339-7", "Body":"Lazarev Enterprise", "BodyType":"Station" }
{ "timestamp":"2016-12-18T17:39:14Z", "event":"DockingRequested", "StationName":"Lazarev Enterprise" }
{ "timestamp":"2016-12-18T17:39:14Z", "event":"ReceiveText", "From":"Lazarev Enterprise", "Message":"$DockingChatter_Neutral;", "Message_Localised":"Ensure to observe starport protocol during your visit, pilot.", "Channel":"npc" }
{ "timestamp":"2016-12-18T17:39:15Z", "event":"ReceiveText", "From":"Lazarev Enterprise", "Message":"$STATION_docking_granted;", "Message_Localised":"Docking request granted.", "Channel":"npc" }
{ "timestamp":"2016-12-18T17:39:15Z", "event":"DockingGranted", "LandingPad":2, "StationName":"Lazarev Enterprise" }
{ "timestamp":"2016-12-18T17:39:29Z", "event":"ReceiveText", "From":"Lazarev Enterprise", "Message":"$STATION_NoFireZone_entered;", "Message_Localised":"No fire zone entered.", "Channel":"npc" }
{ "timestamp":"2016-12-18T17:40:16Z", "event":"Docked", "StationName":"Lazarev Enterprise", "StationType":"Outpost", "StarSystem":"LP 339-7", "StationFaction":"LP 339-7 Public Inc", "FactionState":"Boom", "StationGovernment":"$government_Corporate;", "StationGovernment_Localised":"Corporate", "StationEconomy":"$economy_Industrial;", "StationEconomy_Localised":"Industrial", "CockpitBreach":true }
{ "timestamp":"2016-12-18T17:40:28Z", "event":"RepairAll", "Cost":20151 }
{ "timestamp":"2016-12-18T17:40:29Z", "event":"RefuelAll", "Cost":11, "Amount":0.215091 }
{ "timestamp":"2016-12-18T17:40:30Z", "event":"BuyAmmo", "Cost":1053 }
{ "timestamp":"2016-12-18T17:41:02Z", "event":"Undocked", "StationName":"Lazarev Enterprise", "StationType":"Outpost" }
{ "timestamp":"2016-12-18T17:41:43Z", "event":"ReceiveText", "From":"Lazarev Enterprise", "Message":"$STATION_NoFireZone_exited;", "Message_Localised":"No fire zone left.", "Channel":"npc" }
{ "timestamp":"2016-12-18T17:42:10Z", "event":"SupercruiseEntry", "StarSystem":"LP 339-7" }
{ "timestamp":"2016-12-18T17:43:28Z", "event":"SupercruiseExit", "StarSystem":"LP 339-7", "Body":"LP 339-7 5 A Ring", "BodyType":"PlanetaryRing" }
{ "timestamp":"2016-12-18T17:44:45Z", "event":"ReceiveText", "From":"$npc_name_decorate:#name=Petrus;", "From_Localised":"Petrus", "Message":"$Pirate_OnStartScanCargo09;", "Message_Localised":"The scan will soon be over.", "Channel":"npc" }
{ "timestamp":"2016-12-18T17:46:12Z", "event":"Bounty", "Rewards":[ { "Faction":"Starship Enterprises", "Reward":400 }, { "Faction":"Federation", "Reward":24960 } ], "TotalReward":25360, "VictimFaction":"LP 339-7 Blue Clan" }
{ "timestamp":"2016-12-18T17:47:18Z", "event":"ReceiveText", "From":"$npc_name_decorate:#name=Scott Gage;", "From_Localised":"Scott Gage", "Message":"$BadKarmaCriticalDamage04;", "Message_Localised":"I don't believe it!", "Channel":"npc" }
{ "timestamp":"2016-12-18T17:47:20Z", "event":"Bounty", "Rewards":[ { "Faction":"Starship Enterprises", "Reward":32140 } ], "TotalReward":32140, "VictimFaction":"LP 339-7 Blue Clan" }
{ "timestamp":"2016-12-18T17:47:32Z", "event":"ReceiveText", "From":"$npc_name_decorate:#name=Steve Guryev Bannister;", "From_Localised":"Steve Guryev Bannister", "Message":"$Escort_AttackDutyStart06;", "Message_Localised":"I live for this!", "Channel":"npc" }
{ "timestamp":"2016-12-18T17:48:08Z", "event":"ShieldState", "ShieldsUp":false }
{ "timestamp":"2016-12-18T17:48:18Z", "event":"Bounty", "Rewards":[ { "Faction":"Starship Enterprises", "Reward":7075 } ], "TotalReward":7075, "VictimFaction":"LP 339-7 Blue Clan" }
{ "timestamp":"2016-12-18T17:48:59Z", "event":"Bounty", "Rewards":[ { "Faction":"Starship Enterprises", "Reward":27574 } ], "TotalReward":27574, "VictimFaction":"LP 339-7 Blue Clan" }
{ "timestamp":"2016-12-18T17:49:24Z", "event":"Bounty", "Rewards":[ { "Faction":"Starship Enterprises", "Reward":15079 } ], "TotalReward":15079, "VictimFaction":"LP 339-7 Blue Clan" }
{ "timestamp":"2016-12-18T17:49:31Z", "event":"ReceiveText", "From":"$npc_name_decorate:#name=Terry Legg;", "From_Localised":"Terry Legg", "Message":"$Pirate_OnStartScanCargo08;", "Message_Localised":"What do you have in your cargo hold?", "Channel":"npc" }
{ "timestamp":"2016-12-18T17:49:41Z", "event":"ReceiveText", "From":"$npc_name_decorate:#name=Terry Legg;", "From_Localised":"Terry Legg", "Message":"$Pirate_OnNoCargoFound05;", "Message_Localised":"How do you fools make a living?", "Channel":"npc" }
{ "timestamp":"2016-12-18T17:50:09Z", "event":"ReceiveText", "From":"$ShipName_Police_Federation;", "From_Localised":"Federal Security Service", "Message":"$Police_ArrivedAtInvestigationLocation05;", "Message_Localised":"A crime has been reported here. All ships will be scanned.", "Channel":"npc" }
{ "timestamp":"2016-12-18T17:50:11Z", "event":"ReceiveText", "From":"$ShipName_Police_Federation;", "From_Localised":"Federal Security Service", "Message":"$Police_ArrivedAtInvestigationLocation02;", "Message_Localised":"Cease and desist! Submit to authority scans immediately!", "Channel":"npc" }
{ "timestamp":"2016-12-18T17:50:18Z", "event":"ShieldState", "ShieldsUp":true }
{ "timestamp":"2016-12-18T17:50:49Z", "event":"ReceiveText", "From":"$npc_name_decorate:#name=Terry Legg;", "From_Localised":"Terry Legg", "Message":"$BadKarmaCriticalDamage09;", "Message_Localised":"I can see when I'm outmatched.", "Channel":"npc" }
{ "timestamp":"2016-12-18T17:51:04Z", "event":"ReceiveText", "From":"$npc_name_decorate:#name=Liam Edgeley;", "From_Localised":"Liam Edgeley", "Message":"$Pirate_OnStartScanCargo03;", "Message_Localised":"What are you hauling?", "Channel":"npc" }
{ "timestamp":"2016-12-18T17:51:14Z", "event":"ReceiveText", "From":"$npc_name_decorate:#name=Liam Edgeley;", "From_Localised":"Liam Edgeley", "Message":"$Pirate_OnNoCargoFound08;", "Message_Localised":"A wasted effort. There's no cargo here.", "Channel":"npc" }
{ "timestamp":"2016-12-18T17:51:22Z", "event":"ReceiveText", "From":"$npc_name_decorate:#name=Gil Gerard;", "From_Localised":"Gil Gerard", "Message":"$BadKarmaCriticalDamage01;", "Message_Localised":"How is this happening?!", "Channel":"npc" }
{ "timestamp":"2016-12-18T17:51:25Z", "event":"Bounty", "Rewards":[ { "Faction":"Starship Enterprises", "Reward":400 }, { "Faction":"Federation", "Reward":9187 } ], "TotalReward":9587, "VictimFaction":"LP 339-7 Blue Clan" }
{ "timestamp":"2016-12-18T17:51:43Z", "event":"MaterialCollected", "Category":"Encoded", "Name":"shieldcyclerecordings", "Count":3 }
{ "timestamp":"2016-12-18T17:52:01Z", "event":"ReceiveText", "From":"$npc_name_decorate:#name=Stoma;", "From_Localised":"Stoma", "Message":"$Pirate_OnStartScanCargo07;", "Message_Localised":"Do you have anything of value?", "Channel":"npc" }
{ "timestamp":"2016-12-18T17:52:09Z", "event":"ReceiveText", "From":"$npc_name_decorate:#name=Stoma;", "From_Localised":"Stoma", "Message":"$Pirate_OnDeclarePiracyAttack04;", "Message_Localised":"I'm gonna boil you up!", "Channel":"npc" }
{ "timestamp":"2016-12-18T17:52:10Z", "event":"ReceiveText", "From":"$npc_name_decorate:#name=Ian Parker;", "From_Localised":"Ian Parker", "Message":"$Pirate_OnStartScanCargo02;", "Message_Localised":"Carrying anything nice?", "Channel":"npc" }
{ "timestamp":"2016-12-18T17:52:20Z", "event":"ReceiveText", "From":"$npc_name_decorate:#name=Stoma;", "From_Localised":"Stoma", "Message":"$BadKarmaCriticalDamage05;", "Message_Localised":"No, no!", "Channel":"npc" }
{ "timestamp":"2016-12-18T17:52:20Z", "event":"ReceiveText", "From":"$npc_name_decorate:#name=Ian Parker;", "From_Localised":"Ian Parker", "Message":"$Pirate_OnNoCargoFound03;", "Message_Localised":"No cargo? Useless dreg.", "Channel":"npc" }
{ "timestamp":"2016-12-18T17:52:31Z", "event":"Bounty", "Rewards":[ { "Faction":"Starship Enterprises", "Reward":19000 } ], "TotalReward":19000, "VictimFaction":"Traditional LTT 15985 Focus" }
{ "timestamp":"2016-12-18T17:52:44Z", "event":"ReceiveText", "From":"$npc_name_decorate:#name=Işıl Güneş;", "From_Localised":"Iￅﾟￄﾱl Gￃﾼneￅﾟ", "Message":"$Pirate_OnStartScanCargo01;", "Message_Localised":"I see all!", "Channel":"npc" }
{ "timestamp":"2016-12-18T17:52:54Z", "event":"ReceiveText", "From":"$npc_name_decorate:#name=Işıl Güneş;", "From_Localised":"Iￅﾟￄﾱl Gￃﾼneￅﾟ", "Message":"$Pirate_OnNoCargoFound10;", "Message_Localised":"There's nothing worth my while here.", "Channel":"npc" }
{ "timestamp":"2016-12-18T17:52:57Z", "event":"ReceiveText", "From":"$npc_name_decorate:#name=Ian Parker;", "From_Localised":"Ian Parker", "Message":"$Pirate_OnDeclarePiracyAttack05;", "Message_Localised":"You have no chance now.", "Channel":"npc" }
{ "timestamp":"2016-12-18T17:53:22Z", "event":"ReceiveText", "From":"$npc_name_decorate:#name=Ian Parker;", "From_Localised":"Ian Parker", "Message":"$BadKarmaCriticalDamage09;", "Message_Localised":"I can see when I'm outmatched.", "Channel":"npc" }
{ "timestamp":"2016-12-18T17:53:35Z", "event":"Bounty", "Rewards":[ { "Faction":"Starship Enterprises", "Reward":400 }, { "Faction":"Federation", "Reward":39082 } ], "TotalReward":39482, "VictimFaction":"LP 339-7 Blue Creative Inc" }
{ "timestamp":"2016-12-18T17:54:54Z", "event":"ReceiveText", "From":"$npc_name_decorate:#name=Mark Brown;", "From_Localised":"Mark Brown", "Message":"$Pirate_OnDeclarePiracyAttack05;", "Message_Localised":"You have no chance now.", "Channel":"npc" }
{ "timestamp":"2016-12-18T17:54:57Z", "event":"ReceiveText", "From":"$ShipName_Police_Federation;", "From_Localised":"Federal Security Service", "Message":"$Military_AccidentalDamage05;", "Message_Localised":"Take more care with your shots civilian!", "Channel":"npc" }
{ "timestamp":"2016-12-18T17:55:13Z", "event":"Bounty", "Rewards":[ { "Faction":"Starship Enterprises", "Reward":800 }, { "Faction":"Federation", "Reward":25050 } ], "TotalReward":25850, "VictimFaction":"LP 339-7 Blue Clan" }
{ "timestamp":"2016-12-18T17:55:29Z", "event":"ReceiveText", "From":"$npc_name_decorate:#name=Pixel Bypixel;", "From_Localised":"Pixel Bypixel", "Message":"$Pirate_OnDeclarePiracyAttack05;", "Message_Localised":"You have no chance now.", "Channel":"npc" }
{ "timestamp":"2016-12-18T17:55:54Z", "event":"ReceiveText", "From":"$npc_name_decorate:#name=Pixel Bypixel;", "From_Localised":"Pixel Bypixel", "Message":"$BadKarmaCriticalDamage08;", "Message_Localised":"I've taken too many hits.", "Channel":"npc" }
{ "timestamp":"2016-12-18T17:56:15Z", "event":"Bounty", "Rewards":[ { "Faction":"Starship Enterprises", "Reward":400 }, { "Faction":"Federation", "Reward":24420 } ], "TotalReward":24820, "VictimFaction":"LP 339-7 Blue Clan" }
{ "timestamp":"2016-12-18T17:56:35Z", "event":"ReceiveText", "From":"$ShipName_Police_Federation;", "From_Localised":"Federal Security Service", "Message":"$Police_FinishedAtInvestigationLocation03;", "Message_Localised":"Crime scene cordon removed, go back about your business.", "Channel":"npc" }
{ "timestamp":"2016-12-18T17:56:40Z", "event":"ReceiveText", "From":"$ShipName_Police_Federation;", "From_Localised":"Federal Security Service", "Message":"$Police_FinishedAtInvestigationLocation06;", "Message_Localised":"Rapid criminal investigation scans are finished. Please continue about your business.", "Channel":"npc" }
{ "timestamp":"2016-12-18T17:57:04Z", "event":"SupercruiseEntry", "StarSystem":"LP 339-7" }
{ "timestamp":"2016-12-18T17:58:38Z", "event":"FSDJump", "StarSystem":"LTT 15985", "StarPos":[-71.688,-10.156,28.156], "SystemAllegiance":"Federation", "SystemEconomy":"$economy_Refinery;", "SystemEconomy_Localised":"Refinery", "SystemGovernment":"$government_Corporate;", "SystemGovernment_Localised":"Corporate", "SystemSecurity":"$SYSTEM_SECURITY_medium;", "SystemSecurity_Localised":"Medium Security", "JumpDist":2.494, "FuelUsed":0.052905, "FuelLevel":7.947094, "SystemFaction":"Gilgamesh Ltd", "FactionState":"Boom" }
{ "timestamp":"2016-12-18T17:59:31Z", "event":"FSDJump", "StarSystem":"LP 339-7", "StarPos":[-70.063,-8.281,27.906], "SystemAllegiance":"Federation", "SystemEconomy":"$economy_Agri;", "SystemEconomy_Localised":"Agriculture", "SystemGovernment":"$government_Corporate;", "SystemGovernment_Localised":"Corporate", "SystemSecurity":"$SYSTEM_SECURITY_high;", "SystemSecurity_Localised":"High Security", "JumpDist":2.494, "FuelUsed":0.052888, "FuelLevel":7.894207, "SystemFaction":"Starship Enterprises", "FactionState":"Boom" }
{ "timestamp":"2016-12-18T18:01:57Z", "event":"SupercruiseExit", "StarSystem":"LP 339-7", "Body":"Whitson Orbital", "BodyType":"Station" }
{ "timestamp":"2016-12-18T18:01:58Z", "event":"ReceiveText", "From":"Whitson Orbital", "Message":"$STATION_NoFireZone_entered;", "Message_Localised":"No fire zone entered.", "Channel":"npc" }
{ "timestamp":"2016-12-18T18:02:14Z", "event":"DockingRequested", "StationName":"Whitson Orbital" }
{ "timestamp":"2016-12-18T18:02:14Z", "event":"ReceiveText", "From":"Whitson Orbital", "Message":"$DockingChatter_Friendly;", "Message_Localised":"It's great to see you again, Commander.", "Channel":"npc" }
{ "timestamp":"2016-12-18T18:02:15Z", "event":"ReceiveText", "From":"Whitson Orbital", "Message":"$STATION_docking_granted;", "Message_Localised":"Docking request granted.", "Channel":"npc" }
{ "timestamp":"2016-12-18T18:02:15Z", "event":"DockingGranted", "LandingPad":27, "StationName":"Whitson Orbital" }
{ "timestamp":"2016-12-18T18:03:24Z", "event":"Docked", "StationName":"Whitson Orbital", "StationType":"Orbis", "StarSystem":"LP 339-7", "StationFaction":"Starship Enterprises", "FactionState":"Boom", "StationGovernment":"$government_Corporate;", "StationGovernment_Localised":"Corporate", "StationAllegiance":"Federation", "StationEconomy":"$economy_Agri;", "StationEconomy_Localised":"Agriculture" }
{ "timestamp":"2016-12-18T18:03:40Z", "event":"RedeemVoucher", "Type":"bounty", "Amount":594600 }
{ "timestamp":"2016-12-18T18:05:05Z", "event":"RepairAll", "Cost":1106 }
{ "timestamp":"2016-12-18T18:05:06Z", "event":"BuyAmmo", "Cost":1679 }
{ "timestamp":"2016-12-18T18:05:07Z", "event":"RefuelAll", "Cost":27, "Amount":0.525682 }
{ "timestamp":"2016-12-18T18:06:37Z", "event":"ReceiveText", "From":"$npc_name_decorate:#name=Allison Blake;", "From_Localised":"Allison Blake", "Message":"$Commuter_AuthorityScan02;", "Message_Localised":"How can I be of assistance?", "Channel":"npc" }
