{ "timestamp":"2017-01-28T23:03:26Z", "event":"Fileheader", "part":1, "language":"English\\UK", "gameversion":"2.2", "build":"r131487/r0 " }
{ "timestamp":"2017-01-28T23:07:23Z", "event":"LoadGame", "Commander":"Blantyre", "Ship":"Python", "ShipID":16, "GameMode":"Group", "Group":"Blantyre", "Credits":14265817, "Loan":0 }
{ "timestamp":"2017-01-28T23:07:23Z", "event":"Rank", "Combat":4, "Trade":5, "Explore":4, "Empire":2, "Federation":7, "CQC":0 }
{ "timestamp":"2017-01-28T23:07:23Z", "event":"Progress", "Combat":36, "Trade":93, "Explore":39, "Empire":18, "Federation":12, "CQC":0 }
{ "timestamp":"2017-01-28T23:07:54Z", "event":"Location", "Docked":true, "StationName":"Roberts Port", "StationType":"Coriolis", "StarSystem":"Fedmich", "StarPos":[23.875,75.188,35.750], "SystemAllegiance":"Alliance", "SystemEconomy":"$economy_Industrial;", "SystemEconomy_Localised":"Industrial", "SystemGovernment":"$government_Corporate;", "SystemGovernment_Localised":"Corporate", "SystemSecurity":"$SYSTEM_SECURITY_high;", "SystemSecurity_Localised":"High Security", "Body":"Roberts Port", "BodyType":"Station", "SystemFaction":"Fedmich Electronics Partners", "FactionState":"Retreat" }
{ "timestamp":"2017-01-28T23:07:54Z", "event":"Docked", "StationName":"Roberts Port", "StationType":"Coriolis", "StarSystem":"Fedmich", "StationFaction":"Fedmich Electronics Partners", "FactionState":"Retreat", "StationGovernment":"$government_Corporate;", "StationGovernment_Localised":"Corporate", "StationAllegiance":"Alliance", "StationEconomy":"$economy_Industrial;", "StationEconomy_Localised":"Industrial" }
{ "timestamp":"2017-01-28T23:12:38Z", "event":"RefuelAll", "Cost":33, "Amount":0.657807 }
{ "timestamp":"2017-01-28T23:12:39Z", "event":"BuyAmmo", "Cost":451 }
{ "timestamp":"2017-01-28T23:12:59Z", "event":"Undocked", "StationName":"Roberts Port", "StationType":"Coriolis" }
{ "timestamp":"2017-01-28T23:14:03Z", "event":"ReceiveText", "From":"$ShipName_Police_Alliance;", "From_Localised":"Allied Police Forces", "Message":"$Police_ThankYouPassedStopAndSearch01;", "Message_Localised":"Thank you for your cooperation, Commander.", "Channel":"npc" }
{ "timestamp":"2017-01-28T23:14:10Z", "event":"ReceiveText", "From":"Roberts Port", "Message":"$STATION_NoFireZone_exited;", "Message_Localised":"No fire zone left.", "Channel":"npc" }
{ "timestamp":"2017-01-28T23:14:59Z", "event":"FSDJump", "StarSystem":"Asherah", "StarPos":[8.531,63.063,25.125], "SystemAllegiance":"Alliance", "SystemEconomy":"$economy_Military;", "SystemEconomy_Localised":"Military", "SystemGovernment":"$government_Feudal;", "SystemGovernment_Localised":"Feudal", "SystemSecurity":"$SYSTEM_SECURITY_low;", "SystemSecurity_Localised":"Low Security", "JumpDist":22.256, "FuelUsed":4.827363, "FuelLevel":27.172638, "SystemFaction":"Nobles of Asherah" }
{ "timestamp":"2017-01-28T23:16:07Z", "event":"FSDJump", "StarSystem":"Lakota", "StarPos":[-8.156,49.063,26.219], "SystemAllegiance":"Federation", "SystemEconomy":"$economy_Industrial;", "SystemEconomy_Localised":"Industrial", "SystemGovernment":"$government_Democracy;", "SystemGovernment_Localised":"Democracy", "SystemSecurity":"$SYSTEM_SECURITY_medium;", "SystemSecurity_Localised":"Medium Security", "JumpDist":21.810, "FuelUsed":4.519320, "FuelLevel":22.653316, "SystemFaction":"Lakota Independents" }
{ "timestamp":"2017-01-28T23:17:28Z", "event":"FSDJump", "StarSystem":"Tyn", "StarPos":[-20.563,33.594,31.094], "SystemAllegiance":"", "SystemEconomy":"$economy_None;", "SystemEconomy_Localised":"None", "SystemGovernment":"$government_None;", "SystemGovernment_Localised":"None", "SystemSecurity":"$SYSTEM_SECURITY_low;", "SystemSecurity_Localised":"Low Security", "JumpDist":20.420, "FuelUsed":3.787227, "FuelLevel":18.866089 }
{ "timestamp":"2017-01-28T23:18:18Z", "event":"FSDJump", "StarSystem":"LP 389-32", "StarPos":[-32.438,19.656,27.969], "SystemAllegiance":"", "SystemEconomy":"$economy_None;", "SystemEconomy_Localised":"None", "SystemGovernment":"$government_None;", "SystemGovernment_Localised":"None", "SystemSecurity":"$SYSTEM_SECURITY_low;", "SystemSecurity_Localised":"Low Security", "JumpDist":18.575, "FuelUsed":2.964562, "FuelLevel":15.901527 }
{ "timestamp":"2017-01-28T23:19:14Z", "event":"FSDJump", "StarSystem":"LHS 6350", "StarPos":[-42.719,4.938,22.813], "SystemAllegiance":"", "SystemEconomy":"$economy_None;", "SystemEconomy_Localised":"None", "SystemGovernment":"$government_None;", "SystemGovernment_Localised":"None", "SystemSecurity":"$SYSTEM_SECURITY_low;", "SystemSecurity_Localised":"Low Security", "JumpDist":18.680, "FuelUsed":2.975177, "FuelLevel":12.926351 }
{ "timestamp":"2017-01-28T23:20:01Z", "event":"FSDJump", "StarSystem":"Wolf 864", "StarPos":[-55.531,-4.750,30.313], "SystemAllegiance":"", "SystemEconomy":"$economy_None;", "SystemEconomy_Localised":"None", "SystemGovernment":"$government_None;", "SystemGovernment_Localised":"None", "SystemSecurity":"$SYSTEM_SECURITY_low;", "SystemSecurity_Localised":"Low Security", "JumpDist":17.727, "FuelUsed":2.590431, "FuelLevel":10.335920 }
{ "timestamp":"2017-01-28T23:21:05Z", "event":"FSDJump", "StarSystem":"LP 339-7", "StarPos":[-70.063,-8.281,27.906], "SystemAllegiance":"Federation", "SystemEconomy":"$economy_Agri;", "SystemEconomy_Localised":"Agriculture", "SystemGovernment":"$government_Corporate;", "SystemGovernment_Localised":"Corporate", "SystemSecurity":"$SYSTEM_SECURITY_high;", "SystemSecurity_Localised":"High Security", "JumpDist":15.147, "FuelUsed":1.746089, "FuelLevel":8.589831, "SystemFaction":"Starship Enterprises", "FactionState":"Boom" }
{ "timestamp":"2017-01-28T23:22:01Z", "event":"USSDrop", "USSType":"$USS_Type_Salvage;", "USSType_Localised":"Degraded emissions detected", "USSThreat":0 }
{ "timestamp":"2017-01-28T23:22:02Z", "event":"SupercruiseExit", "StarSystem":"LP 339-7", "Body":"LP 339-7", "BodyType":"Star" }
{ "timestamp":"2017-01-28T23:23:07Z", "event":"MaterialDiscarded", "Category":"Encoded", "Name":"shieldcyclerecordings", "Count":38 }
{ "timestamp":"2017-01-28T23:23:19Z", "event":"MaterialCollected", "Category":"Manufactured", "Name":"wornshieldemitters", "Count":3 }
{ "timestamp":"2017-01-28T23:23:50Z", "event":"MaterialCollected", "Category":"Manufactured", "Name":"wornshieldemitters", "Count":3 }
{ "timestamp":"2017-01-28T23:23:57Z", "event":"MaterialCollected", "Category":"Manufactured", "Name":"gridresistors", "Count":3 }
{ "timestamp":"2017-01-28T23:24:33Z", "event":"SupercruiseEntry", "StarSystem":"LP 339-7" }
{ "timestamp":"2017-01-28T23:25:33Z", "event":"ReceiveText", "From":"$npc_name_decorate:#name=Cruise Ship;", "From_Localised":"Cruise Ship", "Message":"$CruiseLiner_SCPatrol04;", "Message_Localised":"I'd like to direct your attention to our flight attendants for a brief safety demonstration.", "Channel":"npc" }
{ "timestamp":"2017-01-28T23:25:42Z", "event":"USSDrop", "USSType":"$USS_Type_Aftermath;", "USSType_Localised":"Combat aftermath detected", "USSThreat":0 }
{ "timestamp":"2017-01-28T23:25:43Z", "event":"SupercruiseExit", "StarSystem":"LP 339-7", "Body":"LP 339-7", "BodyType":"Star" }
{ "timestamp":"2017-01-28T23:26:22Z", "event":"MaterialCollected", "Category":"Manufactured", "Name":"conductiveceramics", "Count":3 }
{ "timestamp":"2017-01-28T23:26:24Z", "event":"MaterialCollected", "Category":"Manufactured", "Name":"heatdispersionplate", "Count":3 }
{ "timestamp":"2017-01-28T23:26:29Z", "event":"MaterialCollected", "Category":"Manufactured", "Name":"heatconductionwiring", "Count":3 }
{ "timestamp":"2017-01-28T23:26:38Z", "event":"MaterialCollected", "Category":"Manufactured", "Name":"conductivepolymers", "Count":3 }
{ "timestamp":"2017-01-28T23:26:44Z", "event":"MaterialCollected", "Category":"Manufactured", "Name":"heatconductionwiring", "Count":3 }
{ "timestamp":"2017-01-28T23:26:53Z", "event":"MaterialCollected", "Category":"Manufactured", "Name":"chemicaldistillery", "Count":3 }
{ "timestamp":"2017-01-28T23:26:59Z", "event":"MaterialCollected", "Category":"Manufactured", "Name":"chemicalprocessors", "Count":3 }
{ "timestamp":"2017-01-28T23:27:29Z", "event":"SupercruiseEntry", "StarSystem":"LP 339-7" }
{ "timestamp":"2017-01-28T23:28:09Z", "event":"ReceiveText", "From":"$npc_name_decorate:#name=Cruise Ship;", "From_Localised":"Cruise Ship", "Message":"$CruiseLiner_SCPatrol03;", "Message_Localised":"Today's cruise includes some delightful views, our flight attendants are on hand with full details.", "Channel":"npc" }
{ "timestamp":"2017-01-28T23:29:04Z", "event":"SupercruiseExit", "StarSystem":"LP 339-7", "Body":"Gell-Mann Ring", "BodyType":"Station" }
{ "timestamp":"2017-01-28T23:29:05Z", "event":"ReceiveText", "From":"Gell-Mann Ring", "Message":"$STATION_NoFireZone_entered;", "Message_Localised":"No fire zone entered.", "Channel":"npc" }
{ "timestamp":"2017-01-28T23:29:15Z", "event":"DockingRequested", "StationName":"Gell-Mann Ring" }
{ "timestamp":"2017-01-28T23:29:15Z", "event":"ReceiveText", "From":"Gell-Mann Ring", "Message":"$DockingChatter_Neutral;", "Message_Localised":"Ensure to observe starport protocol during your visit, pilot.", "Channel":"npc" }
{ "timestamp":"2017-01-28T23:29:17Z", "event":"ReceiveText", "From":"Gell-Mann Ring", "Message":"$STATION_docking_granted;", "Message_Localised":"Docking request granted.", "Channel":"npc" }
{ "timestamp":"2017-01-28T23:29:17Z", "event":"DockingGranted", "LandingPad":7, "StationName":"Gell-Mann Ring" }
{ "timestamp":"2017-01-28T23:30:19Z", "event":"Docked", "StationName":"Gell-Mann Ring", "StationType":"Orbis", "StarSystem":"LP 339-7", "StationFaction":"LP 339-7 Blue Creative Inc", "FactionState":"Boom", "StationGovernment":"$government_Corporate;", "StationGovernment_Localised":"Corporate", "StationAllegiance":"Federation", "StationEconomy":"$economy_Industrial;", "StationEconomy_Localised":"Industrial" }
{ "timestamp":"2017-01-28T23:31:07Z", "event":"MissionAccepted", "Faction":"Starship Enterprises", "Name":"Mission_Courier_Boom", "DestinationSystem":"V2160 Cygni", "DestinationStation":"Reynolds Dock", "Expiry":"2017-01-29T23:30:35Z", "MissionID":80095144 }
{ "timestamp":"2017-01-28T23:31:10Z", "event":"MissionAccepted", "Faction":"Starship Enterprises", "Name":"Mission_Delivery_Boom", "Commodity":"$Clothing_Name;", "Commodity_Localised":"Clothing", "Count":16, "DestinationSystem":"BD+33 3582", "DestinationStation":"Diamond Port", "Expiry":"2017-01-29T23:30:35Z", "MissionID":80095181 }
{ "timestamp":"2017-01-28T23:31:12Z", "event":"MissionAccepted", "Faction":"Starship Enterprises", "Name":"Mission_Delivery_Boom", "Commodity":"$DomesticAppliances_Name;", "Commodity_Localised":"Domestic Appliances", "Count":56, "DestinationSystem":"Gilgamesh", "DestinationStation":"Back Works", "Expiry":"2017-01-29T23:30:35Z", "MissionID":80095199 }
{ "timestamp":"2017-01-28T23:31:15Z", "event":"MissionAccepted", "Faction":"Starship Enterprises", "Name":"Mission_Delivery_Boom", "Commodity":"$SurvivalEquipment_Name;", "Commodity_Localised":"Survival Equipment", "Count":56, "DestinationSystem":"Gilgamesh", "DestinationStation":"Bunch City", "Expiry":"2017-01-29T23:09:20Z", "MissionID":80095240 }
{ "timestamp":"2017-01-28T23:31:29Z", "event":"RefuelAll", "Cost":1191, "Amount":23.801544 }
{ "timestamp":"2017-01-28T23:31:41Z", "event":"ModuleBuy", "Slot":"Slot06_Size4", "SellItem":"$int_hullreinforcement_size4_class2_name;", "SellItem_Localised":"Hull Reinforcement", "SellPrice":156000, "BuyItem":"$int_fuelscoop_size3_class5_name;", "BuyItem_Localised":"Fuel Scoop", "BuyPrice":902954, "Ship":"python", "ShipID":16 }
{ "timestamp":"2017-01-28T23:33:53Z", "event":"Undocked", "StationName":"Gell-Mann Ring", "StationType":"Orbis" }
{ "timestamp":"2017-01-28T23:34:41Z", "event":"ReceiveText", "From":"$ShipName_Police_Federation;", "From_Localised":"Federal Security Service", "Message":"$Police_ThankYouPassedStopAndSearch01;", "Message_Localised":"Thank you for your cooperation, Commander.", "Channel":"npc" }
{ "timestamp":"2017-01-28T23:35:21Z", "event":"FSDJump", "StarSystem":"BD+33 3582", "StarPos":[-64.125,5.094,24.688], "SystemAllegiance":"Federation", "SystemEconomy":"$economy_Agri;", "SystemEconomy_Localised":"Agriculture", "SystemGovernment":"$government_Corporate;", "SystemGovernment_Localised":"Corporate", "SystemSecurity":"$SYSTEM_SECURITY_high;", "SystemSecurity_Localised":"High Security", "JumpDist":14.983, "FuelUsed":2.630757, "FuelLevel":29.369244, "SystemFaction":"BD+33 3582 Gold Public Int", "FactionState":"Boom" }
{ "timestamp":"2017-01-28T23:35:37Z", "event":"FuelScoop", "Scooped":0.001820, "Total":29.371063 }
{ "timestamp":"2017-01-28T23:36:18Z", "event":"ReceiveText", "From":"$npc_name_decorate:#name=Cruise Ship;", "From_Localised":"Cruise Ship", "Message":"$CruiseLiner_SCPatrol02;", "Message_Localised":"We will be cruising in-system for a while, please feel free to take advantage of our in-flight entertainment.", "Channel":"npc" }
{ "timestamp":"2017-01-28T23:40:09Z", "event":"ReceiveText", "From":"$npc_name_decorate:#name=Menend Osom;", "From_Localised":"Menend Osom", "Message":"$Pirate_StartInterdiction01;", "Message_Localised":"You're mine now, Commander. ", "Channel":"npc" }
{ "timestamp":"2017-01-28T23:40:15Z", "event":"Interdicted", "Submitted":true, "Interdictor":"Menend Osom", "IsPlayer":false, "Faction":"Omumbojas Gold Dragons" }
{ "timestamp":"2017-01-28T23:40:18Z", "event":"SupercruiseExit", "StarSystem":"BD+33 3582", "Body":"Gliese 765.4 B", "BodyType":"Star" }
{ "timestamp":"2017-01-28T23:40:19Z", "event":"ReceiveText", "From":"$npc_name_decorate:#name=Menend Osom;", "From_Localised":"Menend Osom", "Message":"$Pirate_OnDeclarePiracyThreaten06;", "Message_Localised":"I want it - I want it all!", "Channel":"npc" }
{ "timestamp":"2017-01-28T23:40:37Z", "event":"ReceiveText", "From":"$npc_name_decorate:#name=Menend Osom;", "From_Localised":"Menend Osom", "Message":"$Pirate_OnDeclarePiracyAttack14;", "Message_Localised":"Your doom approaches.", "Channel":"npc" }
{ "timestamp":"2017-01-28T23:40:37Z", "event":"ReceiveText", "From":"$npc_name_decorate:#name=Anatoliy Kryuchkov;", "From_Localised":"Anatoliy Kryuchkov", "Message":"$Escort_AttackDutyStart02;", "Message_Localised":"Hostiles detected, protect the lead ship at all costs.", "Channel":"npc" }
{ "timestamp":"2017-01-28T23:40:54Z", "event":"ReceiveText", "From":"$ShipName_Police_Federation;", "From_Localised":"Federal Security Service", "Message":"$Police_ArriveInvestigate03;", "Message_Localised":"Crime response flight deployed.", "Channel":"npc" }
{ "timestamp":"2017-01-28T23:40:55Z", "event":"ReceiveText", "From":"$ShipName_Police_Federation;", "From_Localised":"Federal Security Service", "Message":"$Police_ArrivedAtInvestigationLocation02;", "Message_Localised":"Cease and desist! Submit to authority scans immediately!", "Channel":"npc" }
{ "timestamp":"2017-01-28T23:41:00Z", "event":"ReceiveText", "From":"$ShipName_Police_Federation;", "From_Localised":"Federal Security Service", "Message":"$Police_ArriveInvestigate03;", "Message_Localised":"Crime response flight deployed.", "Channel":"npc" }
{ "timestamp":"2017-01-28T23:41:00Z", "event":"ReceiveText", "From":"$ShipName_Police_Federation;", "From_Localised":"Federal Security Service", "Message":"$Police_ArrivedAtInvestigationLocation01;", "Message_Localised":"All citizens must submit to authority scans. Do not attempt to flee!", "Channel":"npc" }
{ "timestamp":"2017-01-28T23:41:16Z", "event":"ShieldState", "ShieldsUp":false }
{ "timestamp":"2017-01-28T23:41:44Z", "event":"ReceiveText", "From":"$npc_name_decorate:#name=Menend Osom;", "From_Localised":"Menend Osom", "Message":"$BadKarmaCriticalDamage07;", "Message_Localised":"Too much damage!", "Channel":"npc" }
{ "timestamp":"2017-01-28T23:41:47Z", "event":"Bounty", "Rewards":[ { "Faction":"Alliance", "Reward":37800 }, { "Faction":"BD+33 3582 Gold Public Int", "Reward":35225 } ], "Target":"vulture", "TotalReward":73025, "VictimFaction":"Omumbojas Gold Dragons" }
{ "timestamp":"2017-01-28T23:42:11Z", "event":"Bounty", "Rewards":[ { "Faction":"BD+33 3582 Gold Public Int", "Reward":800 }, { "Faction":"Federation", "Reward":18420 } ], "Target":"cobramkiii", "TotalReward":19220, "VictimFaction":"Omumbojas Gold Dragons" }
{ "timestamp":"2017-01-28T23:42:28Z", "event":"ShieldState", "ShieldsUp":true }
{ "timestamp":"2017-01-28T23:42:30Z", "event":"ReceiveText", "From":"$ShipName_Police_Federation;", "From_Localised":"Federal Security Service", "Message":"$Police_FinishedAtInvestigationLocation02;", "Message_Localised":"Investigation is complete, you may be on your way.", "Channel":"npc" }
{ "timestamp":"2017-01-28T23:42:39Z", "event":"ReceiveText", "From":"$ShipName_Police_Federation;", "From_Localised":"Federal Security Service", "Message":"$Police_ThankYouPassedStopAndSearch03;", "Message_Localised":"All clear. Carry on, pilot.", "Channel":"npc" }
{ "timestamp":"2017-01-28T23:42:43Z", "event":"SupercruiseEntry", "StarSystem":"BD+33 3582" }
{ "timestamp":"2017-01-28T23:44:10Z", "event":"SupercruiseExit", "StarSystem":"BD+33 3582", "Body":"Diamond Port", "BodyType":"Station" }
{ "timestamp":"2017-01-28T23:44:23Z", "event":"DockingRequested", "StationName":"Diamond Port" }
{ "timestamp":"2017-01-28T23:44:23Z", "event":"ReceiveText", "From":"Diamond Port", "Message":"$DockingChatter_Neutral;", "Message_Localised":"Ensure to observe starport protocol during your visit, pilot.", "Channel":"npc" }
{ "timestamp":"2017-01-28T23:44:24Z", "event":"ReceiveText", "From":"Diamond Port", "Message":"$STATION_docking_granted;", "Message_Localised":"Docking request granted.", "Channel":"npc" }
{ "timestamp":"2017-01-28T23:44:24Z", "event":"DockingGranted", "LandingPad":23, "StationName":"Diamond Port" }
{ "timestamp":"2017-01-28T23:44:36Z", "event":"ReceiveText", "From":"Diamond Port", "Message":"$STATION_NoFireZone_entered;", "Message_Localised":"No fire zone entered.", "Channel":"npc" }
{ "timestamp":"2017-01-28T23:45:35Z", "event":"Docked", "StationName":"Diamond Port", "StationType":"Coriolis", "StarSystem":"BD+33 3582", "StationFaction":"BD+33 3582 Gold Public Int", "FactionState":"Boom", "StationGovernment":"$government_Corporate;", "StationGovernment_Localised":"Corporate", "StationAllegiance":"Federation", "StationEconomy":"$economy_Refinery;", "StationEconomy_Localised":"Refinery" }
{ "timestamp":"2017-01-28T23:45:49Z", "event":"MissionCompleted", "Faction":"BD+33 3582 Crimson Natural Ex", "Name":"Mission_Delivery_Boom_name", "MissionID":80095181, "Commodity":"$Clothing_Name;", "Commodity_Localised":"Clothing", "Count":16, "DestinationSystem":"BD+33 3582", "DestinationStation":"Diamond Port", "Reward":879744 }
{ "timestamp":"2017-01-28T23:45:49Z", "event":"MaterialCollected", "Category":"Manufactured", "Name":"mechanicalscrap", "Count":1 }
{ "timestamp":"2017-01-28T23:46:12Z", "event":"RefuelAll", "Cost":148, "Amount":2.931911 }
{ "timestamp":"2017-01-28T23:46:13Z", "event":"RepairAll", "Cost":7861 }
{ "timestamp":"2017-01-28T23:46:18Z", "event":"RedeemVoucher", "Type":"bounty", "Amount":54445 }
{ "timestamp":"2017-01-28T23:50:52Z", "event":"Undocked", "StationName":"Diamond Port", "StationType":"Coriolis" }
{ "timestamp":"2017-01-28T23:51:46Z", "event":"ReceiveText", "From":"Diamond Port", "Message":"$STATION_NoFireZone_exited;", "Message_Localised":"No fire zone left.", "Channel":"npc" }
{ "timestamp":"2017-01-28T23:52:12Z", "event":"ReceiveText", "From":"$npc_name_decorate:#name=ASH;", "From_Localised":"ASH", "Message":"$Commuter_AuthorityScan06;", "Message_Localised":"What's going on here, officer?", "Channel":"npc" }
{ "timestamp":"2017-01-28T23:52:27Z", "event":"FSDJump", "StarSystem":"BD+25 4085", "StarPos":[-64.469,-4.125,30.906], "SystemAllegiance":"", "SystemEconomy":"$economy_None;", "SystemEconomy_Localised":"None", "SystemGovernment":"$government_None;", "SystemGovernment_Localised":"None", "SystemSecurity":"$SYSTEM_SECURITY_low;", "SystemSecurity_Localised":"Low Security", "JumpDist":11.125, "FuelUsed":1.210428, "FuelLevel":30.789572 }
{ "timestamp":"2017-01-28T23:52:56Z", "event":"FuelScoop", "Scooped":1.015835, "Total":31.805407 }
{ "timestamp":"2017-01-28T23:53:25Z", "event":"FSDJump", "StarSystem":"Gilgamesh", "StarPos":[-59.875,-16.000,28.781], "SystemAllegiance":"Federation", "SystemEconomy":"$economy_Agri;", "SystemEconomy_Localised":"Agriculture", "SystemGovernment":"$government_Corporate;", "SystemGovernment_Localised":"Corporate", "SystemSecurity":"$SYSTEM_SECURITY_high;", "SystemSecurity_Localised":"High Security", "JumpDist":12.909, "FuelUsed":1.740901, "FuelLevel":30.064507, "SystemFaction":"Gilgamesh Ltd", "FactionState":"Boom" }
{ "timestamp":"2017-01-28T23:53:43Z", "event":"FuelScoop", "Scooped":0.010094, "Total":30.074600 }
{ "timestamp":"2017-01-28T23:55:39Z", "event":"SupercruiseExit", "StarSystem":"Gilgamesh", "Body":"Bunch City", "BodyType":"Station" }
{ "timestamp":"2017-01-28T23:55:53Z", "event":"DockingRequested", "StationName":"Bunch City" }
{ "timestamp":"2017-01-28T23:55:53Z", "event":"ReceiveText", "From":"Bunch City", "Message":"$DockingChatter_Neutral;", "Message_Localised":"Ensure to observe starport protocol during your visit, pilot.", "Channel":"npc" }
{ "timestamp":"2017-01-28T23:55:55Z", "event":"ReceiveText", "From":"Bunch City", "Message":"$STATION_docking_granted;", "Message_Localised":"Docking request granted.", "Channel":"npc" }
{ "timestamp":"2017-01-28T23:55:55Z", "event":"DockingGranted", "LandingPad":45, "StationName":"Bunch City" }
{ "timestamp":"2017-01-28T23:56:13Z", "event":"ReceiveText", "From":"Bunch City", "Message":"$STATION_NoFireZone_entered;", "Message_Localised":"No fire zone entered.", "Channel":"npc" }
{ "timestamp":"2017-01-28T23:56:28Z", "event":"ReceiveText", "From":"$ShipName_Police_Federation;", "From_Localised":"Federal Security Service", "Message":"$Police_ThankYouPassedStopAndSearch03;", "Message_Localised":"All clear. Carry on, pilot.", "Channel":"npc" }
{ "timestamp":"2017-01-28T23:57:17Z", "event":"Docked", "StationName":"Bunch City", "StationType":"Coriolis", "StarSystem":"Gilgamesh", "StationFaction":"Gilgamesh Ltd", "FactionState":"Boom", "StationGovernment":"$government_Corporate;", "StationGovernment_Localised":"Corporate", "StationAllegiance":"Federation", "StationEconomy":"$economy_Agri;", "StationEconomy_Localised":"Agriculture" }
{ "timestamp":"2017-01-28T23:58:30Z", "event":"MissionCompleted", "Faction":"LHS 3598 Transport Group", "Name":"Mission_Delivery_Boom_name", "MissionID":80095240, "Commodity":"$SurvivalEquipment_Name;", "Commodity_Localised":"Survival Equipment", "Count":56, "DestinationSystem":"Gilgamesh", "DestinationStation":"Bunch City", "Reward":597056 }
{ "timestamp":"2017-01-28T23:58:53Z", "event":"MissionAccepted", "Faction":"LHS 3598 Transport Group", "Name":"Mission_Delivery_Boom", "Commodity":"$FruitAndVegetables_Name;", "Commodity_Localised":"Fruit and Vegetables", "Count":6, "DestinationSystem":"Ross 193", "DestinationStation":"Hooke Platform", "Expiry":"2017-01-29T23:28:40Z", "MissionID":80111377 }
{ "timestamp":"2017-01-28T23:58:56Z", "event":"MissionAccepted", "Faction":"LHS 3598 Transport Group", "Name":"Mission_Delivery_Boom", "Commodity":"$FruitAndVegetables_Name;", "Commodity_Localised":"Fruit and Vegetables", "Count":27, "DestinationSystem":"Ross 193", "DestinationStation":"Collins Base", "Expiry":"2017-01-29T23:28:40Z", "MissionID":80111401 }
{ "timestamp":"2017-01-28T23:58:59Z", "event":"MissionAccepted", "Faction":"LHS 3598 Transport Group", "Name":"Mission_Delivery_Boom", "Commodity":"$Coffee_Name;", "Commodity_Localised":"Coffee", "Count":6, "DestinationSystem":"G 125-30", "DestinationStation":"Popov Installation", "Expiry":"2017-01-29T23:32:37Z", "MissionID":80111431 }
{ "timestamp":"2017-01-28T23:59:01Z", "event":"MissionAccepted", "Faction":"LHS 3598 Transport Group", "Name":"Mission_Delivery_Boom", "Commodity":"$Beer_Name;", "Commodity_Localised":"Beer", "Count":2, "DestinationSystem":"LHS 3589", "DestinationStation":"Appel Orbital", "Expiry":"2017-01-29T23:57:47Z", "MissionID":80111446 }
{ "timestamp":"2017-01-28T23:59:06Z", "event":"RefuelAll", "Cost":105, "Amount":2.067934 }
{ "timestamp":"2017-01-28T23:59:07Z", "event":"BuyAmmo", "Cost":315 }
{ "timestamp":"2017-01-28T23:59:15Z", "event":"ReceiveText", "From":"$npc_name_decorate:#name=Jamie Dickinson;", "From_Localised":"Jamie Dickinson", "Message":"$Commuter_AuthorityScan08;", "Message_Localised":"You've got no right to scan me, officer!", "Channel":"npc" }
{ "timestamp":"2017-01-28T23:59:46Z", "event":"Undocked", "StationName":"Bunch City", "StationType":"Coriolis" }
{ "timestamp":"2017-01-29T00:00:57Z", "event":"ReceiveText", "From":"Bunch City", "Message":"$STATION_NoFireZone_exited;", "Message_Localised":"No fire zone left.", "Channel":"npc" }
{ "timestamp":"2017-01-29T00:01:48Z", "event":"FSDJump", "StarSystem":"LHS 3589", "StarPos":[-60.406,-12.500,21.250], "SystemAllegiance":"Federation", "SystemEconomy":"$economy_HighTech;", "SystemEconomy_Localised":"High tech", "SystemGovernment":"$government_Corporate;", "SystemGovernment_Localised":"Corporate", "SystemSecurity":"$SYSTEM_SECURITY_high;", "SystemSecurity_Localised":"High Security", "JumpDist":8.322, "FuelUsed":0.568235, "FuelLevel":31.431765, "SystemFaction":"LHS 3589 Ltd" }
{ "timestamp":"2017-01-29T00:04:46Z", "event":"SupercruiseExit", "StarSystem":"LHS 3589", "Body":"Appel Orbital", "BodyType":"Station" }
{ "timestamp":"2017-01-29T00:04:53Z", "event":"ReceiveText", "From":"Appel Orbital", "Message":"$DockingFailed_Distance:#distance=7500;", "Message_Localised":"Docking request denied, please approach to 7500m", "Channel":"npc" }
{ "timestamp":"2017-01-29T00:04:53Z", "event":"DockingDenied", "Reason":"Distance", "StationName":"Appel Orbital" }
{ "timestamp":"2017-01-29T00:05:00Z", "event":"DockingRequested", "StationName":"Appel Orbital" }
{ "timestamp":"2017-01-29T00:05:00Z", "event":"ReceiveText", "From":"Appel Orbital", "Message":"$DockingChatter_Neutral;", "Message_Localised":"Ensure to observe starport protocol during your visit, pilot.", "Channel":"npc" }
{ "timestamp":"2017-01-29T00:05:01Z", "event":"ReceiveText", "From":"Appel Orbital", "Message":"$STATION_docking_granted;", "Message_Localised":"Docking request granted.", "Channel":"npc" }
{ "timestamp":"2017-01-29T00:05:01Z", "event":"DockingGranted", "LandingPad":3, "StationName":"Appel Orbital" }
{ "timestamp":"2017-01-29T00:05:22Z", "event":"ReceiveText", "From":"Appel Orbital", "Message":"$STATION_NoFireZone_entered;", "Message_Localised":"No fire zone entered.", "Channel":"npc" }
{ "timestamp":"2017-01-29T00:06:24Z", "event":"Docked", "StationName":"Appel Orbital", "StationType":"Outpost", "StarSystem":"LHS 3589", "StationFaction":"LHS 3589 Ltd", "StationGovernment":"$government_Corporate;", "StationGovernment_Localised":"Corporate", "StationAllegiance":"Federation", "StationEconomy":"$economy_HighTech;", "StationEconomy_Localised":"High tech" }
{ "timestamp":"2017-01-29T00:06:44Z", "event":"MissionCompleted", "Faction":"LHS 3589 for Equality", "Name":"Mission_Delivery_Boom_name", "MissionID":80111446, "Commodity":"$Beer_Name;", "Commodity_Localised":"Beer", "Count":2, "DestinationSystem":"LHS 3589", "DestinationStation":"Appel Orbital", "Reward":217504, "CommodityReward":[ { "Name": "Nanobreakers", "Count": 4 } ] }
{ "timestamp":"2017-01-29T00:06:44Z", "event":"MaterialCollected", "Category":"Manufactured", "Name":"crystalshards", "Count":1 }
{ "timestamp":"2017-01-29T00:07:44Z", "event":"Undocked", "StationName":"Appel Orbital", "StationType":"Outpost" }
{ "timestamp":"2017-01-29T00:08:11Z", "event":"ReceiveText", "From":"Appel Orbital", "Message":"$STATION_NoFireZone_exited;", "Message_Localised":"No fire zone left.", "Channel":"npc" }
{ "timestamp":"2017-01-29T00:09:05Z", "event":"FSDJump", "StarSystem":"Masaai", "StarPos":[-47.875,-0.875,19.563], "SystemAllegiance":"Federation", "SystemEconomy":"$economy_Refinery;", "SystemEconomy_Localised":"Refinery", "SystemGovernment":"$government_Corporate;", "SystemGovernment_Localised":"Corporate", "SystemSecurity":"$SYSTEM_SECURITY_medium;", "SystemSecurity_Localised":"Medium Security", "JumpDist":17.176, "FuelUsed":3.368531, "FuelLevel":28.063234, "SystemFaction":"Masaai Transport & Co", "FactionState":"Boom" }
{ "timestamp":"2017-01-29T00:09:35Z", "event":"FuelScoop", "Scooped":0.833178, "Total":28.896412 }
{ "timestamp":"2017-01-29T00:10:53Z", "event":"FSDJump", "StarSystem":"G 125-30", "StarPos":[-34.469,2.313,13.969], "SystemAllegiance":"Federation", "SystemEconomy":"$economy_Refinery;", "SystemEconomy_Localised":"Refinery", "SystemGovernment":"$government_Corporate;", "SystemGovernment_Localised":"Corporate", "SystemSecurity":"$SYSTEM_SECURITY_low;", "SystemSecurity_Localised":"Low Security", "JumpDist":14.872, "FuelUsed":2.348782, "FuelLevel":26.547630, "SystemFaction":"G 125-30 Comms Organisation" }
{ "timestamp":"2017-01-29T00:11:22Z", "event":"FuelScoop", "Scooped":0.846008, "Total":27.393639 }
{ "timestamp":"2017-01-29T00:13:16Z", "event":"SupercruiseExit", "StarSystem":"G 125-30", "Body":"Popov Installation", "BodyType":"Station" }
{ "timestamp":"2017-01-29T00:13:26Z", "event":"DockingRequested", "StationName":"Popov Installation" }
{ "timestamp":"2017-01-29T00:13:26Z", "event":"ReceiveText", "From":"Popov Installation", "Message":"$DockingChatter_Neutral;", "Message_Localised":"Ensure to observe starport protocol during your visit, pilot.", "Channel":"npc" }
{ "timestamp":"2017-01-29T00:13:27Z", "event":"ReceiveText", "From":"Popov Installation", "Message":"$STATION_docking_granted;", "Message_Localised":"Docking request granted.", "Channel":"npc" }
{ "timestamp":"2017-01-29T00:13:27Z", "event":"DockingGranted", "LandingPad":3, "StationName":"Popov Installation" }
{ "timestamp":"2017-01-29T00:13:43Z", "event":"ReceiveText", "From":"Popov Installation", "Message":"$STATION_NoFireZone_entered;", "Message_Localised":"No fire zone entered.", "Channel":"npc" }
{ "timestamp":"2017-01-29T00:14:22Z", "event":"Docked", "StationName":"Popov Installation", "StationType":"Outpost", "StarSystem":"G 125-30", "StationFaction":"G 125-30 Comms Organisation", "StationGovernment":"$government_Corporate;", "StationGovernment_Localised":"Corporate", "StationAllegiance":"Federation", "StationEconomy":"$economy_Refinery;", "StationEconomy_Localised":"Refinery" }
{ "timestamp":"2017-01-29T00:14:39Z", "event":"MissionCompleted", "Faction":"Monarchy of G 125-30", "Name":"Mission_Delivery_Boom_name", "MissionID":80111431, "Commodity":"$Coffee_Name;", "Commodity_Localised":"Coffee", "Count":6, "DestinationSystem":"G 125-30", "DestinationStation":"Popov Installation", "Reward":312404 }
{ "timestamp":"2017-01-29T00:14:39Z", "event":"MaterialCollected", "Category":"Encoded", "Name":"archivedemissiondata", "Count":1 }
{ "timestamp":"2017-01-29T00:14:39Z", "event":"MaterialCollected", "Category":"Manufactured", "Name":"crystalshards", "Count":1 }
{ "timestamp":"2017-01-29T00:14:49Z", "event":"RefuelAll", "Cost":247, "Amount":4.915602 }
{ "timestamp":"2017-01-29T00:16:06Z", "event":"Undocked", "StationName":"Popov Installation", "StationType":"Outpost" }
{ "timestamp":"2017-01-29T00:16:45Z", "event":"ReceiveText", "From":"Popov Installation", "Message":"$STATION_NoFireZone_exited;", "Message_Localised":"No fire zone left.", "Channel":"npc" }
{ "timestamp":"2017-01-29T00:17:11Z", "event":"FSDJump", "StarSystem":"Wolf 1373", "StarPos":[-40.438,-11.750,15.719], "SystemAllegiance":"Federation", "SystemEconomy":"$economy_Refinery;", "SystemEconomy_Localised":"Refinery", "SystemGovernment":"$government_Democracy;", "SystemGovernment_Localised":"Democracy", "SystemSecurity":"$SYSTEM_SECURITY_high;", "SystemSecurity_Localised":"High Security", "JumpDist":15.377, "FuelUsed":2.526751, "FuelLevel":29.473249, "SystemFaction":"Labour of Wolf 1373" }
{ "timestamp":"2017-01-29T00:17:35Z", "event":"FuelScoop", "Scooped":0.316772, "Total":29.790022 }
{ "timestamp":"2017-01-29T00:18:17Z", "event":"FSDJump", "StarSystem":"Ojibway", "StarPos":[-37.031,-21.469,24.063], "SystemAllegiance":"Federation", "SystemEconomy":"$economy_Refinery;", "SystemEconomy_Localised":"Refinery", "SystemGovernment":"$government_Democracy;", "SystemGovernment_Localised":"Democracy", "SystemSecurity":"$SYSTEM_SECURITY_medium;", "SystemSecurity_Localised":"Medium Security", "JumpDist":13.254, "FuelUsed":1.744176, "FuelLevel":28.045845, "SystemFaction":"Future of Ojibway", "FactionState":"Boom" }
{ "timestamp":"2017-01-29T00:18:28Z", "event":"ReceiveText", "From":"$npc_name_decorate:#name=Knibbit;", "From_Localised":"Knibbit", "Message":"$Pirate_HunterHostileSC_Relevant01;", "Message_Localised":"That's the ship I'm looking for, the one with the big haul...", "Channel":"npc" }
{ "timestamp":"2017-01-29T00:18:50Z", "event":"FuelScoop", "Scooped":1.564362, "Total":29.610207 }
{ "timestamp":"2017-01-29T00:19:20Z", "event":"FSDJump", "StarSystem":"Ross 193", "StarPos":[-34.688,-29.250,35.625], "SystemAllegiance":"Federation", "SystemEconomy":"$economy_Military;", "SystemEconomy_Localised":"Military", "SystemGovernment":"$government_Confederacy;", "SystemGovernment_Localised":"Confederacy", "SystemSecurity":"$SYSTEM_SECURITY_medium;", "SystemSecurity_Localised":"Medium Security", "JumpDist":14.133, "FuelUsed":2.039544, "FuelLevel":27.570662, "SystemFaction":"Partnership of Ross 193" }
{ "timestamp":"2017-01-29T00:23:11Z", "event":"SupercruiseExit", "StarSystem":"Ross 193", "Body":"Hooke Platform", "BodyType":"Station" }
{ "timestamp":"2017-01-29T00:23:21Z", "event":"DockingRequested", "StationName":"Hooke Platform" }
{ "timestamp":"2017-01-29T00:23:21Z", "event":"ReceiveText", "From":"Hooke Platform", "Message":"$DockingChatter_Neutral;", "Message_Localised":"Ensure to observe starport protocol during your visit, pilot.", "Channel":"npc" }
{ "timestamp":"2017-01-29T00:23:22Z", "event":"ReceiveText", "From":"Hooke Platform", "Message":"$STATION_docking_granted;", "Message_Localised":"Docking request granted.", "Channel":"npc" }
{ "timestamp":"2017-01-29T00:23:22Z", "event":"DockingGranted", "LandingPad":3, "StationName":"Hooke Platform" }
{ "timestamp":"2017-01-29T00:23:33Z", "event":"ReceiveText", "From":"Hooke Platform", "Message":"$STATION_NoFireZone_entered;", "Message_Localised":"No fire zone entered.", "Channel":"npc" }
{ "timestamp":"2017-01-29T00:24:43Z", "event":"Docked", "StationName":"Hooke Platform", "StationType":"Outpost", "StarSystem":"Ross 193", "StationFaction":"Partnership of Ross 193", "StationGovernment":"$government_Confederacy;", "StationGovernment_Localised":"Confederacy", "StationAllegiance":"Federation", "StationEconomy":"$economy_Refinery;", "StationEconomy_Localised":"Refinery" }
{ "timestamp":"2017-01-29T00:24:56Z", "event":"MissionCompleted", "Faction":"Ross 193 Network", "Name":"Mission_Delivery_Boom_name", "MissionID":80111377, "Commodity":"$FruitAndVegetables_Name;", "Commodity_Localised":"Fruit and Vegetables", "Count":6, "DestinationSystem":"Ross 193", "DestinationStation":"Hooke Platform", "Reward":239936 }
{ "timestamp":"2017-01-29T00:25:29Z", "event":"Undocked", "StationName":"Hooke Platform", "StationType":"Outpost" }
{ "timestamp":"2017-01-29T00:25:52Z", "event":"ReceiveText", "From":"Hooke Platform", "Message":"$STATION_NoFireZone_exited;", "Message_Localised":"No fire zone left.", "Channel":"npc" }
{ "timestamp":"2017-01-29T00:25:57Z", "event":"SupercruiseEntry", "StarSystem":"Ross 193" }
{ "timestamp":"2017-01-29T00:29:05Z", "event":"ApproachSettlement", "Name":"Collins Base" }
{ "timestamp":"2017-01-29T00:29:11Z", "event":"SupercruiseExit", "StarSystem":"Ross 193", "Body":"Ross 193 B 3 f", "BodyType":"Planet" }
{ "timestamp":"2017-01-29T00:29:28Z", "event":"ReceiveText", "From":"Collins Base", "Message":"$STATION_NoFireZone_entered;", "Message_Localised":"No fire zone entered.", "Channel":"npc" }
{ "timestamp":"2017-01-29T00:29:31Z", "event":"DockingRequested", "StationName":"Collins Base" }
{ "timestamp":"2017-01-29T00:29:31Z", "event":"ReceiveText", "From":"Collins Base", "Message":"$DockingChatter_Neutral;", "Message_Localised":"Ensure to observe starport protocol during your visit, pilot.", "Channel":"npc" }
{ "timestamp":"2017-01-29T00:29:32Z", "event":"ReceiveText", "From":"Collins Base", "Message":"$STATION_docking_granted;", "Message_Localised":"Docking request granted.", "Channel":"npc" }
{ "timestamp":"2017-01-29T00:29:32Z", "event":"DockingGranted", "LandingPad":5, "StationName":"Collins Base" }
{ "timestamp":"2017-01-29T00:30:36Z", "event":"Docked", "StationName":"Collins Base", "StarSystem":"Ross 193", "StationFaction":"Earls of Ross 193", "FactionState":"Famine", "StationGovernment":"$government_Feudal;", "StationGovernment_Localised":"Feudal", "StationEconomy":"$economy_Military;", "StationEconomy_Localised":"Military" }
{ "timestamp":"2017-01-29T00:30:50Z", "event":"MissionCompleted", "Faction":"Earls of Ross 193", "Name":"Mission_Delivery_Boom_name", "MissionID":80111401, "Commodity":"$FruitAndVegetables_Name;", "Commodity_Localised":"Fruit and Vegetables", "Count":27, "DestinationSystem":"Ross 193", "DestinationStation":"Collins Base", "Reward":194569 }
{ "timestamp":"2017-01-29T00:30:50Z", "event":"MaterialCollected", "Category":"Encoded", "Name":"wakesolutions", "Count":1 }
{ "timestamp":"2017-01-29T00:31:01Z", "event":"RefuelAll", "Cost":239, "Amount":4.763574 }
{ "timestamp":"2017-01-29T00:31:29Z", "event":"Undocked", "StationName":"Collins Base" }
{ "timestamp":"2017-01-29T00:31:48Z", "event":"ReceiveText", "From":"Collins Base", "Message":"$STATION_NoFireZone_exited;", "Message_Localised":"No fire zone left.", "Channel":"npc" }
{ "timestamp":"2017-01-29T00:32:47Z", "event":"FSDJump", "StarSystem":"Alrai Sector OC-V a2-2", "StarPos":[-53.094,-27.219,34.063], "SystemAllegiance":"", "SystemEconomy":"$economy_None;", "SystemEconomy_Localised":"None", "SystemGovernment":"$government_None;", "SystemGovernment_Localised":"None", "SystemSecurity":"$SYSTEM_SECURITY_low;", "SystemSecurity_Localised":"Low Security", "JumpDist":18.584, "FuelUsed":3.629110, "FuelLevel":28.370890 }
{ "timestamp":"2017-01-29T00:33:32Z", "event":"FSDJump", "StarSystem":"Alrai Sector DL-Y c31", "StarPos":[-68.656,-19.125,30.125], "SystemAllegiance":"", "SystemEconomy":"$economy_None;", "SystemEconomy_Localised":"None", "SystemGovernment":"$government_None;", "SystemGovernment_Localised":"None", "SystemSecurity":"$SYSTEM_SECURITY_low;", "SystemSecurity_Localised":"Low Security", "JumpDist":17.978, "FuelUsed":3.307810, "FuelLevel":25.063080 }
{ "timestamp":"2017-01-29T00:34:02Z", "event":"FuelScoop", "Scooped":1.368822, "Total":26.431902 }
{ "timestamp":"2017-01-29T00:34:34Z", "event":"FSDJump", "StarSystem":"Nyokojai", "StarPos":[-82.906,-10.750,35.188], "SystemAllegiance":"Federation", "SystemEconomy":"$economy_Refinery;", "SystemEconomy_Localised":"Refinery", "SystemGovernment":"$government_Corporate;", "SystemGovernment_Localised":"Corporate", "SystemSecurity":"$SYSTEM_SECURITY_medium;", "SystemSecurity_Localised":"Medium Security", "JumpDist":17.287, "FuelUsed":2.986355, "FuelLevel":23.445547, "SystemFaction":"Contegus Holdings", "FactionState":"Boom" }
{ "timestamp":"2017-01-29T00:38:52Z", "event":"ApproachSettlement", "Name":"Duckworth Prospect" }
{ "timestamp":"2017-01-29T00:38:54Z", "event":"SupercruiseExit", "StarSystem":"Nyokojai", "Body":"Nyokojai C 2", "BodyType":"Planet" }
{ "timestamp":"2017-01-29T00:39:44Z", "event":"DockingRequested", "StationName":"Duckworth Prospect" }
{ "timestamp":"2017-01-29T00:39:44Z", "event":"ReceiveText", "From":"Duckworth Prospect", "Message":"$DockingChatter_Neutral;", "Message_Localised":"Ensure to observe starport protocol during your visit, pilot.", "Channel":"npc" }
{ "timestamp":"2017-01-29T00:39:45Z", "event":"ReceiveText", "From":"Duckworth Prospect", "Message":"$STATION_docking_granted;", "Message_Localised":"Docking request granted.", "Channel":"npc" }
{ "timestamp":"2017-01-29T00:39:45Z", "event":"DockingGranted", "LandingPad":5, "StationName":"Duckworth Prospect" }
{ "timestamp":"2017-01-29T00:40:09Z", "event":"ReceiveText", "From":"Duckworth Prospect", "Message":"$STATION_NoFireZone_entered;", "Message_Localised":"No fire zone entered.", "Channel":"npc" }
{ "timestamp":"2017-01-29T00:40:37Z", "event":"ReceiveText", "From":"$ShipName_Police_Federation;", "From_Localised":"Federal Security Service", "Message":"$Police_ThankYouPassedStopAndSearch05;", "Message_Localised":"Scan finished. Be about your business.", "Channel":"npc" }
{ "timestamp":"2017-01-29T00:41:06Z", "event":"Docked", "StationName":"Duckworth Prospect", "StarSystem":"Nyokojai", "StationFaction":"Contegus Holdings", "FactionState":"Boom", "StationGovernment":"$government_Corporate;", "StationGovernment_Localised":"Corporate", "StationAllegiance":"Federation", "StationEconomy":"$economy_Refinery;", "StationEconomy_Localised":"Refinery" }
{ "timestamp":"2017-01-29T00:41:29Z", "event":"MissionCompleted", "Faction":"Ch'uanga Jet Major Limited", "Name":"Mission_Delivery_Boom_name", "MissionID":80095199, "Commodity":"$DomesticAppliances_Name;", "Commodity_Localised":"Domestic Appliances", "Count":56, "DestinationSystem":"Gilgamesh", "DestinationStation":"Back Works", "Reward":373617 }
{ "timestamp":"2017-01-29T00:41:45Z", "event":"MissionAccepted", "Faction":"Ch'uanga Jet Major Limited", "Name":"Mission_Delivery_Boom", "Commodity":"$Biowaste_Name;", "Commodity_Localised":"Biowaste", "Count":4, "DestinationSystem":"LP 339-7", "DestinationStation":"So-yeon Dock", "Expiry":"2017-01-30T00:41:24Z", "MissionID":80134377 }
{ "timestamp":"2017-01-29T00:41:52Z", "event":"MissionAccepted", "Faction":"Ch'uanga Jet Major Limited", "Name":"Mission_Courier_Boom", "DestinationSystem":"LP 339-7", "DestinationStation":"So-yeon Dock", "Expiry":"2017-01-30T00:41:24Z", "MissionID":80134444 }
{ "timestamp":"2017-01-29T00:42:03Z", "event":"RefuelAll", "Cost":440, "Amount":8.786117 }
{ "timestamp":"2017-01-29T00:42:28Z", "event":"Undocked", "StationName":"Duckworth Prospect" }
{ "timestamp":"2017-01-29T00:43:01Z", "event":"ReceiveText", "From":"Duckworth Prospect", "Message":"$STATION_NoFireZone_exited;", "Message_Localised":"No fire zone left.", "Channel":"npc" }
{ "timestamp":"2017-01-29T00:43:39Z", "event":"FSDJump", "StarSystem":"Col 285 Sector MZ-U b17-7", "StarPos":[-89.500,-13.000,20.031], "SystemAllegiance":"", "SystemEconomy":"$economy_None;", "SystemEconomy_Localised":"None", "SystemGovernment":"$government_None;", "SystemGovernment_Localised":"None", "SystemSecurity":"$SYSTEM_SECURITY_low;", "SystemSecurity_Localised":"Low Security", "JumpDist":16.681, "FuelUsed":2.349788, "FuelLevel":29.650211 }
{ "timestamp":"2017-01-29T00:44:37Z", "event":"FSDJump", "StarSystem":"V2160 Cygni", "StarPos":[-88.031,-19.281,12.000], "SystemAllegiance":"Federation", "SystemEconomy":"$economy_Industrial;", "SystemEconomy_Localised":"Industrial", "SystemGovernment":"$government_Democracy;", "SystemGovernment_Localised":"Democracy", "SystemSecurity":"$SYSTEM_SECURITY_low;", "SystemSecurity_Localised":"Low Security", "JumpDist":10.301, "FuelUsed":0.715640, "FuelLevel":28.934570, "SystemFaction":"V2160 Cygni Values Party" }
{ "timestamp":"2017-01-29T00:48:00Z", "event":"ReceiveText", "From":"$npc_name_decorate:#name=Finava Young;", "From_Localised":"Finava Young", "Message":"$Pirate_StartInterdiction05;", "Message_Localised":"You have something that I want.", "Channel":"npc" }
{ "timestamp":"2017-01-29T00:48:01Z", "event":"ReceiveText", "From":"$npc_name_decorate:#name=Finava Young;", "From_Localised":"Finava Young", "Message":"$Pirate_HunterHostileSC_Relevant04;", "Message_Localised":"Big haul like that, surprised you made it this far.", "Channel":"npc" }
{ "timestamp":"2017-01-29T00:48:05Z", "event":"Interdicted", "Submitted":true, "Interdictor":"Finava Young", "IsPlayer":false, "Faction":"Gilgamesh Ltd" }
{ "timestamp":"2017-01-29T00:48:15Z", "event":"SupercruiseExit", "StarSystem":"V2160 Cygni", "Body":"V2160 Cygni AB", "BodyType":"Null" }
{ "timestamp":"2017-01-29T00:48:16Z", "event":"ReceiveText", "From":"$npc_name_decorate:#name=Finava Young;", "From_Localised":"Finava Young", "Message":"$Pirate_Arrival01;", "Message_Localised":"Fear me!", "Channel":"npc" }
{ "timestamp":"2017-01-29T00:48:26Z", "event":"ReceiveText", "From":"$npc_name_decorate:#name=Finava Young;", "From_Localised":"Finava Young", "Message":"$Pirate_OnDeclarePiracyAttack15;", "Message_Localised":"There will be no escape for you.", "Channel":"npc" }
{ "timestamp":"2017-01-29T00:49:59Z", "event":"ReceiveText", "From":"$npc_name_decorate:#name=Finava Young;", "From_Localised":"Finava Young", "Message":"$Pirate_NiggledByNewShip04;", "Message_Localised":"And now you have my attention, what will you do?", "Channel":"npc" }
{ "timestamp":"2017-01-29T00:50:50Z", "event":"ShieldState", "ShieldsUp":false }
{ "timestamp":"2017-01-29T00:50:53Z", "event":"ReceiveText", "From":"$npc_name_decorate:#name=Finava Young;", "From_Localised":"Finava Young", "Message":"$BadKarmaCriticalDamage09;", "Message_Localised":"I can see when I'm outmatched.", "Channel":"npc" }
{ "timestamp":"2017-01-29T00:51:35Z", "event":"HullDamage", "Health":0.797327, "PlayerPilot":true, "Fighter":false }
{ "timestamp":"2017-01-29T00:51:46Z", "event":"ReceiveText", "From":"$ShipName_Police_Federation;", "From_Localised":"Federal Security Service", "Message":"$Police_ArriveInvestigate04;", "Message_Localised":"Emergency response squad in position.", "Channel":"npc" }
{ "timestamp":"2017-01-29T00:51:47Z", "event":"ReceiveText", "From":"$ShipName_Police_Federation;", "From_Localised":"Federal Security Service", "Message":"$Police_ArrivedAtInvestigationLocation02;", "Message_Localised":"Cease and desist! Submit to authority scans immediately!", "Channel":"npc" }
{ "timestamp":"2017-01-29T00:51:48Z", "event":"ShieldState", "ShieldsUp":true }
{ "timestamp":"2017-01-29T00:52:11Z", "event":"Bounty", "Rewards":[ { "Faction":"V2160 Cygni Values Party", "Reward":200 }, { "Faction":"Federation", "Reward":121432 } ], "Target":"ferdelance", "TotalReward":121632, "VictimFaction":"Gilgamesh Ltd" }
{ "timestamp":"2017-01-29T00:52:31Z", "event":"ReceiveText", "From":"$ShipName_Police_Federation;", "From_Localised":"Federal Security Service", "Message":"$Police_ThankYouPassedStopAndSearch07;", "Message_Localised":"Your scan is clear. Carry on with your journey, Commander.", "Channel":"npc" }
{ "timestamp":"2017-01-29T00:53:03Z", "event":"MaterialCollected", "Category":"Manufactured", "Name":"wornshieldemitters", "Count":3 }
{ "timestamp":"2017-01-29T00:53:10Z", "event":"MaterialCollected", "Category":"Manufactured", "Name":"refinedfocuscrystals", "Count":3 }
{ "timestamp":"2017-01-29T00:53:12Z", "event":"MaterialCollected", "Category":"Manufactured", "Name":"salvagedalloys", "Count":3 }
{ "timestamp":"2017-01-29T00:53:22Z", "event":"MaterialCollected", "Category":"Manufactured", "Name":"shieldingsensors", "Count":3 }
{ "timestamp":"2017-01-29T00:53:29Z", "event":"MaterialCollected", "Category":"Manufactured", "Name":"protolightalloys", "Count":3 }
{ "timestamp":"2017-01-29T00:53:37Z", "event":"MaterialCollected", "Category":"Manufactured", "Name":"shieldemitters", "Count":3 }
{ "timestamp":"2017-01-29T00:53:50Z", "event":"MaterialCollected", "Category":"Manufactured", "Name":"highdensitycomposites", "Count":3 }
{ "timestamp":"2017-01-29T00:54:07Z", "event":"SupercruiseEntry", "StarSystem":"V2160 Cygni" }
{ "timestamp":"2017-01-29T00:56:51Z", "event":"SupercruiseExit", "StarSystem":"V2160 Cygni", "Body":"Reynolds Dock", "BodyType":"Station" }
{ "timestamp":"2017-01-29T00:57:00Z", "event":"DockingRequested", "StationName":"Reynolds Dock" }
{ "timestamp":"2017-01-29T00:57:00Z", "event":"ReceiveText", "From":"Reynolds Dock", "Message":"$DockingChatter_Neutral;", "Message_Localised":"Ensure to observe starport protocol during your visit, pilot.", "Channel":"npc" }
{ "timestamp":"2017-01-29T00:57:02Z", "event":"ReceiveText", "From":"Reynolds Dock", "Message":"$STATION_docking_granted;", "Message_Localised":"Docking request granted.", "Channel":"npc" }
{ "timestamp":"2017-01-29T00:57:02Z", "event":"DockingGranted", "LandingPad":5, "StationName":"Reynolds Dock" }
{ "timestamp":"2017-01-29T00:57:13Z", "event":"ReceiveText", "From":"Reynolds Dock", "Message":"$STATION_NoFireZone_entered;", "Message_Localised":"No fire zone entered.", "Channel":"npc" }
{ "timestamp":"2017-01-29T00:57:55Z", "event":"Docked", "StationName":"Reynolds Dock", "StationType":"Bernal", "StarSystem":"V2160 Cygni", "StationFaction":"V2160 Cygni Values Party", "StationGovernment":"$government_Democracy;", "StationGovernment_Localised":"Democracy", "StationAllegiance":"Federation", "StationEconomy":"$economy_Industrial;", "StationEconomy_Localised":"Industrial" }
{ "timestamp":"2017-01-29T00:58:10Z", "event":"MissionCompleted", "Faction":"Bureau of V2160 Cygni Nationalists", "Name":"Mission_Courier_Boom_name", "MissionID":80095144, "DestinationSystem":"V2160 Cygni", "DestinationStation":"Reynolds Dock", "Reward":200000 }
{ "timestamp":"2017-01-29T00:58:27Z", "event":"RefuelAll", "Cost":175, "Amount":3.465898 }
{ "timestamp":"2017-01-29T00:58:28Z", "event":"RepairAll", "Cost":15376 }
{ "timestamp":"2017-01-29T00:58:28Z", "event":"BuyAmmo", "Cost":1475 }
{ "timestamp":"2017-01-29T00:59:00Z", "event":"Undocked", "StationName":"Reynolds Dock", "StationType":"Bernal" }
{ "timestamp":"2017-01-29T00:59:24Z", "event":"ReceiveText", "From":"Reynolds Dock", "Message":"$STATION_NoFireZone_exited;", "Message_Localised":"No fire zone left.", "Channel":"npc" }
{ "timestamp":"2017-01-29T01:00:14Z", "event":"FSDJump", "StarSystem":"V2431 Cygni", "StarPos":[-75.281,-10.219,19.531], "SystemAllegiance":"Federation", "SystemEconomy":"$economy_Extraction;", "SystemEconomy_Localised":"Extraction", "SystemGovernment":"$government_Confederacy;", "SystemGovernment_Localised":"Confederacy", "SystemSecurity":"$SYSTEM_SECURITY_low;", "SystemSecurity_Localised":"Low Security", "JumpDist":17.361, "FuelUsed":2.574054, "FuelLevel":29.425945, "SystemFaction":"V2431 Cygni Partnership", "FactionState":"Boom" }
{ "timestamp":"2017-01-29T01:00:59Z", "event":"FuelScoop", "Scooped":0.826982, "Total":30.252928 }
{ "timestamp":"2017-01-29T01:01:32Z", "event":"FSDJump", "StarSystem":"LP 339-7", "StarPos":[-70.063,-8.281,27.906], "SystemAllegiance":"Federation", "SystemEconomy":"$economy_Agri;", "SystemEconomy_Localised":"Agriculture", "SystemGovernment":"$government_Corporate;", "SystemGovernment_Localised":"Corporate", "SystemSecurity":"$SYSTEM_SECURITY_high;", "SystemSecurity_Localised":"High Security", "JumpDist":10.056, "FuelUsed":0.671479, "FuelLevel":29.581448, "SystemFaction":"Starship Enterprises", "FactionState":"Boom" }
{ "timestamp":"2017-01-29T01:01:50Z", "event":"FuelScoop", "Scooped":0.028784, "Total":29.610231 }
{ "timestamp":"2017-01-29T01:02:13Z", "event":"FuelScoop", "Scooped":0.912367, "Total":30.522598 }
{ "timestamp":"2017-01-29T01:03:29Z", "event":"ReceiveText", "From":"$npc_name_decorate:#name=Chief Jonathan Cook;", "From_Localised":"Chief Jonathan Cook", "Message":"$Pirate_StartInterdiction05;", "Message_Localised":"You have something that I want.", "Channel":"npc" }
{ "timestamp":"2017-01-29T01:03:35Z", "event":"Interdicted", "Submitted":true, "Interdictor":"Chief Jonathan Cook", "IsPlayer":false, "Faction":"LP 339-7 Blue Clan" }
{ "timestamp":"2017-01-29T01:03:37Z", "event":"SupercruiseExit", "StarSystem":"LP 339-7", "Body":"LP 339-7 2", "BodyType":"Planet" }
{ "timestamp":"2017-01-29T01:03:39Z", "event":"ReceiveText", "From":"$npc_name_decorate:#name=Chief Jonathan Cook;", "From_Localised":"Chief Jonathan Cook", "Message":"$Pirate_Arrival04;", "Message_Localised":"Well hello there!", "Channel":"npc" }
{ "timestamp":"2017-01-29T01:04:02Z", "event":"SupercruiseEntry", "StarSystem":"LP 339-7" }
{ "timestamp":"2017-01-29T01:04:27Z", "event":"SupercruiseExit", "StarSystem":"LP 339-7", "Body":"So-yeon Dock", "BodyType":"Station" }
{ "timestamp":"2017-01-29T01:04:28Z", "event":"ReceiveText", "From":"So-yeon Dock", "Message":"$STATION_NoFireZone_entered;", "Message_Localised":"No fire zone entered.", "Channel":"npc" }
{ "timestamp":"2017-01-29T01:04:38Z", "event":"DockingRequested", "StationName":"So-yeon Dock" }
{ "timestamp":"2017-01-29T01:04:38Z", "event":"ReceiveText", "From":"So-yeon Dock", "Message":"$DockingChatter_Allied;", "Message_Localised":"An ally like you is always welcome here.", "Channel":"npc" }
{ "timestamp":"2017-01-29T01:04:40Z", "event":"ReceiveText", "From":"So-yeon Dock", "Message":"$STATION_docking_granted;", "Message_Localised":"Docking request granted.", "Channel":"npc" }
{ "timestamp":"2017-01-29T01:04:40Z", "event":"DockingGranted", "LandingPad":35, "StationName":"So-yeon Dock" }
{ "timestamp":"2017-01-29T01:04:51Z", "event":"ReceiveText", "From":"$ShipName_Police_Federation;", "From_Localised":"Federal Security Service", "Message":"$OverwatchCriticalDamage07;", "Message_Localised":"I don't believe it!", "Channel":"npc" }
{ "timestamp":"2017-01-29T01:05:27Z", "event":"Docked", "StationName":"So-yeon Dock", "StationType":"Orbis", "StarSystem":"LP 339-7", "StationFaction":"Starship Enterprises", "FactionState":"Boom", "StationGovernment":"$government_Corporate;", "StationGovernment_Localised":"Corporate", "StationAllegiance":"Federation", "StationEconomy":"$economy_Agri;", "StationEconomy_Localised":"Agriculture" }
{ "timestamp":"2017-01-29T01:05:57Z", "event":"MissionCompleted", "Faction":"Starship Enterprises", "Name":"Mission_Courier_Boom_name", "MissionID":80134444, "DestinationSystem":"LP 339-7", "DestinationStation":"So-yeon Dock", "Reward":100400 }
{ "timestamp":"2017-01-29T01:06:03Z", "event":"MissionCompleted", "Faction":"Starship Enterprises", "Name":"Mission_Delivery_Boom_name", "MissionID":80134377, "Commodity":"$Biowaste_Name;", "Commodity_Localised":"Biowaste", "Count":4, "DestinationSystem":"LP 339-7", "DestinationStation":"So-yeon Dock", "Reward":242351 }
{ "timestamp":"2017-01-29T01:07:01Z", "event":"RedeemVoucher", "Type":"bounty", "Amount":121432 }
{ "timestamp":"2017-01-29T01:07:44Z", "event":"ModuleSwap", "FromSlot":"Slot01_Size6", "ToSlot":"Slot02_Size6", "FromItem":"$int_cargorack_size6_class1_name;", "FromItem_Localised":"Cargo Rack", "ToItem":"$int_cargorack_size6_class1_name;", "ToItem_Localised":"Cargo Rack", "Ship":"python", "ShipID":16 }
{ "timestamp":"2017-01-29T01:08:10Z", "event":"FetchRemoteModule", "StorageSlot":52, "StoredItem":"$int_passengercabin_size6_class3_name;", "StoredItem_Localised":"FC Passenger Cabin", "ServerId":128727928, "TransferCost":100, "Ship":"python", "ShipID":16 }
{ "timestamp":"2017-01-29T01:11:28Z", "event":"ModuleStore", "Slot":"Slot07_Size3", "StoredItem":"$int_dronecontrol_collection_size3_class4_name;", "StoredItem_Localised":"Collector", "Ship":"python", "ShipID":16 }
{ "timestamp":"2017-01-29T01:11:42Z", "event":"ModuleStore", "Slot":"TinyHardpoint3", "StoredItem":"$hpt_crimescanner_size0_class4_name;", "StoredItem_Localised":"K-Warrant Scanner", "Ship":"python", "ShipID":16 }
{ "timestamp":"2017-01-29T01:12:12Z", "event":"ModuleBuy", "Slot":"Slot06_Size4", "SellItem":"$int_fuelscoop_size3_class5_name;", "SellItem_Localised":"Fuel Scoop", "SellPrice":902954, "BuyItem":"$int_fuelscoop_size4_class4_name;", "BuyItem_Localised":"Fuel Scoop", "BuyPrice":715591, "Ship":"python", "ShipID":16 }
{ "timestamp":"2017-01-29T01:14:08Z", "event":"ModuleRetrieve", "Slot":"Slot01_Size6", "RetrievedItem":"$int_passengercabin_size6_class3_name;", "RetrievedItem_Localised":"FC Passenger Cabin", "Ship":"python", "ShipID":16, "SwapOutItem":"$int_cargorack_size6_class1_name;", "SwapOutItem_Localised":"Cargo Rack", "Cost":0 }
