{ "timestamp":"2016-12-20T15:22:01Z", "event":"Fileheader", "part":1, "language":"English\\UK", "gameversion":"2.2", "build":"r126898/r0 " }
{ "timestamp":"2016-12-20T15:22:42Z", "event":"LoadGame", "Commander":"Coccolithophore", "Ship":"CobraMkIII", "ShipID":2, "GameMode":"Solo", "Credits":5583935, "Loan":0 }
{ "timestamp":"2016-12-20T15:22:42Z", "event":"Rank", "Combat":2, "Trade":2, "Explore":2, "Empire":0, "Federation":0, "CQC":0 }
{ "timestamp":"2016-12-20T15:22:42Z", "event":"Progress", "Combat":18, "Trade":82, "Explore":16, "Empire":0, "Federation":22, "CQC":0 }
{ "timestamp":"2016-12-20T15:23:12Z", "event":"Location", "Docked":true, "StationName":"Whitson Orbital", "StationType":"Orbis", "StarSystem":"LP 339-7", "StarPos":[-70.063,-8.281,27.906], "SystemAllegiance":"Federation", "SystemEconomy":"$economy_Agri;", "SystemEconomy_Localised":"Agriculture", "SystemGovernment":"$government_Corporate;", "SystemGovernment_Localised":"Corporate", "SystemSecurity":"$SYSTEM_SECURITY_high;", "SystemSecurity_Localised":"High Security", "Body":"Whitson Orbital", "BodyType":"Station", "SystemFaction":"Starship Enterprises", "FactionState":"Boom" }
{ "timestamp":"2016-12-20T15:23:12Z", "event":"Docked", "StationName":"Whitson Orbital", "StationType":"Orbis", "StarSystem":"LP 339-7", "StationFaction":"Starship Enterprises", "FactionState":"Boom", "StationGovernment":"$government_Corporate;", "StationGovernment_Localised":"Corporate", "StationAllegiance":"Federation", "StationEconomy":"$economy_Agri;", "StationEconomy_Localised":"Agriculture" }
{ "timestamp":"2016-12-20T15:30:15Z", "event":"MissionAccepted", "Faction":"Starship Enterprises", "Name":"Mission_Courier_Boom", "DestinationSystem":"31 Aquilae", "DestinationStation":"Laird Gateway", "Expiry":"2016-12-21T15:16:00Z", "MissionID":60965243 }
{ "timestamp":"2016-12-20T15:30:19Z", "event":"MissionAccepted", "Faction":"Starship Enterprises", "Name":"Mission_Courier_Boom", "DestinationSystem":"27 b1 Cygni", "DestinationStation":"Sharma Platform", "Expiry":"2016-12-21T15:16:00Z", "MissionID":60965257 }
{ "timestamp":"2016-12-20T15:30:54Z", "event":"BuyExplorationData", "System":"27 b1 Cygni", "Cost":482 }
{ "timestamp":"2016-12-20T15:31:20Z", "event":"Undocked", "StationName":"Whitson Orbital", "StationType":"Orbis" }
{ "timestamp":"2016-12-20T15:32:18Z", "event":"ReceiveText", "From":"Whitson Orbital", "Message":"$STATION_NoFireZone_exited;", "Message_Localised":"No fire zone left.", "Channel":"npc" }
{ "timestamp":"2016-12-20T15:32:46Z", "event":"FSDJump", "StarSystem":"27 b1 Cygni", "StarPos":[-74.750,2.500,22.563], "SystemAllegiance":"Independent", "SystemEconomy":"$economy_Refinery;", "SystemEconomy_Localised":"Refinery", "SystemGovernment":"$government_Anarchy;", "SystemGovernment_Localised":"Anarchy", "SystemSecurity":"$GAlAXY_MAP_INFO_state_anarchy;", "SystemSecurity_Localised":"Anarchy", "JumpDist":12.914, "FuelUsed":0.871614, "FuelLevel":15.128386, "SystemFaction":"27 b1 Cygni Gold Council", "FactionState":"Lockdown" }
{ "timestamp":"2016-12-20T15:36:17Z", "event":"SupercruiseExit", "StarSystem":"27 b1 Cygni", "Body":"Sharma Platform", "BodyType":"Station" }
{ "timestamp":"2016-12-20T15:36:28Z", "event":"DockingRequested", "StationName":"Sharma Platform" }
{ "timestamp":"2016-12-20T15:36:28Z", "event":"ReceiveText", "From":"Sharma Platform", "Message":"$DockingChatter_Neutral;", "Message_Localised":"Ensure to observe starport protocol during your visit, pilot.", "Channel":"npc" }
{ "timestamp":"2016-12-20T15:36:30Z", "event":"ReceiveText", "From":"Sharma Platform", "Message":"$STATION_docking_granted;", "Message_Localised":"Docking request granted.", "Channel":"npc" }
{ "timestamp":"2016-12-20T15:36:30Z", "event":"DockingGranted", "LandingPad":14, "StationName":"Sharma Platform" }
{ "timestamp":"2016-12-20T15:36:40Z", "event":"ReceiveText", "From":"Sharma Platform", "Message":"$STATION_NoFireZone_entered;", "Message_Localised":"No fire zone entered.", "Channel":"npc" }
{ "timestamp":"2016-12-20T15:37:18Z", "event":"Docked", "StationName":"Sharma Platform", "StationType":"Coriolis", "StarSystem":"27 b1 Cygni", "StationFaction":"27 b1 Cygni Gold Council", "FactionState":"Lockdown", "StationGovernment":"$government_Anarchy;", "StationGovernment_Localised":"Anarchy", "StationEconomy":"$economy_Refinery;", "StationEconomy_Localised":"Refinery" }
{ "timestamp":"2016-12-20T15:37:59Z", "event":"MissionCompleted", "Faction":"Saraj Systems", "Name":"Mission_Courier_Boom_name", "MissionID":60965257, "DestinationSystem":"27 b1 Cygni", "DestinationStation":"Sharma Platform", "Reward":51000 }
{ "timestamp":"2016-12-20T15:38:27Z", "event":"RefuelAll", "Cost":50, "Amount":0.985818 }
{ "timestamp":"2016-12-20T15:42:18Z", "event":"Undocked", "StationName":"Sharma Platform", "StationType":"Coriolis" }
{ "timestamp":"2016-12-20T15:42:47Z", "event":"ReceiveText", "From":"Sharma Platform", "Message":"$STATION_NoFireZone_exited;", "Message_Localised":"No fire zone left.", "Channel":"npc" }
{ "timestamp":"2016-12-20T15:43:28Z", "event":"FSDJump", "StarSystem":"Wolf 864", "StarPos":[-55.531,-4.750,30.313], "SystemAllegiance":"", "SystemEconomy":"$economy_None;", "SystemEconomy_Localised":"None", "SystemGovernment":"$government_None;", "SystemGovernment_Localised":"None", "SystemSecurity":"$SYSTEM_SECURITY_low;", "SystemSecurity_Localised":"Low Security", "JumpDist":21.954, "FuelUsed":2.953906, "FuelLevel":13.046095 }
{ "timestamp":"2016-12-20T15:44:28Z", "event":"FSDJump", "StarSystem":"31 Aquilae", "StarPos":[-36.625,-2.031,33.250], "SystemAllegiance":"Federation", "SystemEconomy":"$economy_Agri;", "SystemEconomy_Localised":"Agriculture", "SystemGovernment":"$government_Corporate;", "SystemGovernment_Localised":"Corporate", "SystemSecurity":"$SYSTEM_SECURITY_high;", "SystemSecurity_Localised":"High Security", "JumpDist":19.325, "FuelUsed":2.146208, "FuelLevel":10.899887, "SystemFaction":"31 Aquilae Group", "FactionState":"Boom" }
{ "timestamp":"2016-12-20T15:48:55Z", "event":"SupercruiseExit", "StarSystem":"31 Aquilae", "Body":"Laird Gateway", "BodyType":"Station" }
{ "timestamp":"2016-12-20T15:49:07Z", "event":"DockingRequested", "StationName":"Laird Gateway" }
{ "timestamp":"2016-12-20T15:49:07Z", "event":"ReceiveText", "From":"Laird Gateway", "Message":"$DockingChatter_Neutral;", "Message_Localised":"Ensure to observe starport protocol during your visit, pilot.", "Channel":"npc" }
{ "timestamp":"2016-12-20T15:49:08Z", "event":"ReceiveText", "From":"Laird Gateway", "Message":"$STATION_docking_granted;", "Message_Localised":"Docking request granted.", "Channel":"npc" }
{ "timestamp":"2016-12-20T15:49:08Z", "event":"DockingGranted", "LandingPad":4, "StationName":"Laird Gateway" }
{ "timestamp":"2016-12-20T15:49:11Z", "event":"ReceiveText", "From":"Laird Gateway", "Message":"$STATION_NoFireZone_entered;", "Message_Localised":"No fire zone entered.", "Channel":"npc" }
{ "timestamp":"2016-12-20T15:49:45Z", "event":"Docked", "StationName":"Laird Gateway", "StationType":"Outpost", "StarSystem":"31 Aquilae", "StationFaction":"31 Aquilae Blue State Org", "FactionState":"Boom", "StationGovernment":"$government_Corporate;", "StationGovernment_Localised":"Corporate", "StationAllegiance":"Federation", "StationEconomy":"$economy_Industrial;", "StationEconomy_Localised":"Industrial" }
{ "timestamp":"2016-12-20T15:50:03Z", "event":"MissionCompleted", "Faction":"31 Aquilae Group", "Name":"Mission_Courier_Boom_name", "MissionID":60965243, "DestinationSystem":"31 Aquilae", "DestinationStation":"Laird Gateway", "Reward":74250 }
{ "timestamp":"2016-12-20T15:50:16Z", "event":"RefuelAll", "Cost":264, "Amount":5.251352 }
{ "timestamp":"2016-12-20T15:50:21Z", "event":"SellExplorationData", "Systems":[ "LTT 15985" ], "Discovered":[  ], "BaseValue":405, "Bonus":0 }
{ "timestamp":"2016-12-20T15:50:53Z", "event":"Undocked", "StationName":"Laird Gateway", "StationType":"Outpost" }
{ "timestamp":"2016-12-20T15:51:18Z", "event":"ReceiveText", "From":"Laird Gateway", "Message":"$STATION_NoFireZone_exited;", "Message_Localised":"No fire zone left.", "Channel":"npc" }
{ "timestamp":"2016-12-20T15:51:51Z", "event":"FSDJump", "StarSystem":"Wolf 864", "StarPos":[-55.531,-4.750,30.313], "SystemAllegiance":"", "SystemEconomy":"$economy_None;", "SystemEconomy_Localised":"None", "SystemGovernment":"$government_None;", "SystemGovernment_Localised":"None", "SystemSecurity":"$SYSTEM_SECURITY_low;", "SystemSecurity_Localised":"Low Security", "JumpDist":19.325, "FuelUsed":2.202914, "FuelLevel":13.797086 }
{ "timestamp":"2016-12-20T15:53:06Z", "event":"FSDJump", "StarSystem":"LP 339-7", "StarPos":[-70.063,-8.281,27.906], "SystemAllegiance":"Federation", "SystemEconomy":"$economy_Agri;", "SystemEconomy_Localised":"Agriculture", "SystemGovernment":"$government_Corporate;", "SystemGovernment_Localised":"Corporate", "SystemSecurity":"$SYSTEM_SECURITY_high;", "SystemSecurity_Localised":"High Security", "JumpDist":15.147, "FuelUsed":1.233653, "FuelLevel":12.563433, "SystemFaction":"Starship Enterprises", "FactionState":"Boom" }
{ "timestamp":"2016-12-20T15:54:53Z", "event":"SupercruiseExit", "StarSystem":"LP 339-7", "Body":"Gell-Mann Ring", "BodyType":"Station" }
{ "timestamp":"2016-12-20T15:54:55Z", "event":"ReceiveText", "From":"Gell-Mann Ring", "Message":"$STATION_NoFireZone_entered;", "Message_Localised":"No fire zone entered.", "Channel":"npc" }
{ "timestamp":"2016-12-20T15:55:08Z", "event":"DockingRequested", "StationName":"Gell-Mann Ring" }
{ "timestamp":"2016-12-20T15:55:08Z", "event":"ReceiveText", "From":"Gell-Mann Ring", "Message":"$DockingChatter_Neutral;", "Message_Localised":"Ensure to observe starport protocol during your visit, pilot.", "Channel":"npc" }
{ "timestamp":"2016-12-20T15:55:10Z", "event":"ReceiveText", "From":"Gell-Mann Ring", "Message":"$STATION_docking_granted;", "Message_Localised":"Docking request granted.", "Channel":"npc" }
{ "timestamp":"2016-12-20T15:55:10Z", "event":"DockingGranted", "LandingPad":16, "StationName":"Gell-Mann Ring" }
{ "timestamp":"2016-12-20T15:56:13Z", "event":"Docked", "StationName":"Gell-Mann Ring", "StationType":"Orbis", "StarSystem":"LP 339-7", "StationFaction":"LP 339-7 Blue Creative Inc", "FactionState":"Boom", "StationGovernment":"$government_Corporate;", "StationGovernment_Localised":"Corporate", "StationAllegiance":"Federation", "StationEconomy":"$economy_Industrial;", "StationEconomy_Localised":"Industrial" }
{ "timestamp":"2016-12-20T15:57:20Z", "event":"RefuelAll", "Cost":177, "Amount":3.527796 }
{ "timestamp":"2016-12-20T16:00:06Z", "event":"Undocked", "StationName":"Gell-Mann Ring", "StationType":"Orbis" }
{ "timestamp":"2016-12-20T16:00:50Z", "event":"SupercruiseEntry", "StarSystem":"LP 339-7" }
{ "timestamp":"2016-12-20T16:03:17Z", "event":"SupercruiseExit", "StarSystem":"LP 339-7", "Body":"Whitson Orbital", "BodyType":"Station" }
{ "timestamp":"2016-12-20T16:03:18Z", "event":"ReceiveText", "From":"Whitson Orbital", "Message":"$STATION_NoFireZone_entered;", "Message_Localised":"No fire zone entered.", "Channel":"npc" }
{ "timestamp":"2016-12-20T16:03:29Z", "event":"DockingRequested", "StationName":"Whitson Orbital" }
{ "timestamp":"2016-12-20T16:03:29Z", "event":"ReceiveText", "From":"Whitson Orbital", "Message":"$DockingChatter_Friendly;", "Message_Localised":"It's great to see you again, Commander.", "Channel":"npc" }
{ "timestamp":"2016-12-20T16:03:30Z", "event":"ReceiveText", "From":"Whitson Orbital", "Message":"$STATION_docking_granted;", "Message_Localised":"Docking request granted.", "Channel":"npc" }
{ "timestamp":"2016-12-20T16:03:30Z", "event":"DockingGranted", "LandingPad":43, "StationName":"Whitson Orbital" }
{ "timestamp":"2016-12-20T16:04:13Z", "event":"Docked", "StationName":"Whitson Orbital", "StationType":"Orbis", "StarSystem":"LP 339-7", "StationFaction":"Starship Enterprises", "FactionState":"Boom", "StationGovernment":"$government_Corporate;", "StationGovernment_Localised":"Corporate", "StationAllegiance":"Federation", "StationEconomy":"$economy_Agri;", "StationEconomy_Localised":"Agriculture" }
{ "timestamp":"2016-12-20T16:09:10Z", "event":"RefuelAll", "Cost":10, "Amount":0.077027 }
{ "timestamp":"2016-12-20T16:09:17Z", "event":"ShipyardSwap", "ShipType":"vulture", "ShipID":1, "StoreOldShip":"CobraMkIII", "StoreShipID":2 }
{ "timestamp":"2016-12-20T16:09:34Z", "event":"Docked", "StationName":"Whitson Orbital", "StationType":"Orbis", "StarSystem":"LP 339-7", "StationFaction":"Starship Enterprises", "FactionState":"Boom", "StationGovernment":"$government_Corporate;", "StationGovernment_Localised":"Corporate", "StationAllegiance":"Federation", "StationEconomy":"$economy_Agri;", "StationEconomy_Localised":"Agriculture" }
{ "timestamp":"2016-12-20T16:09:50Z", "event":"RefuelAll", "Cost":10, "Amount":0.019684 }
{ "timestamp":"2016-12-20T16:10:15Z", "event":"ModuleBuy", "Slot":"Slot01_Size5", "SellItem":"$int_shieldgenerator_size5_class3_name;", "SellItem_Localised":"Shield Generator", "SellPrice":567106, "BuyItem":"$int_shieldgenerator_size5_class4_name;", "BuyItem_Localised":"Shield Generator", "BuyPrice":1701318, "Ship":"vulture", "ShipID":1 }
{ "timestamp":"2016-12-20T16:12:58Z", "event":"Undocked", "StationName":"Whitson Orbital", "StationType":"Orbis" }
{ "timestamp":"2016-12-20T16:13:54Z", "event":"SupercruiseEntry", "StarSystem":"LP 339-7" }
{ "timestamp":"2016-12-20T16:18:45Z", "event":"SupercruiseExit", "StarSystem":"LP 339-7", "Body":"LP 339-7 5 B Ring", "BodyType":"PlanetaryRing" }
{ "timestamp":"2016-12-20T16:19:22Z", "event":"ReceiveText", "From":"$npc_name_decorate:#name=Fred Burbidge;", "From_Localised":"Fred Burbidge", "Message":"$Pirate_OnStartScanCargo05;", "Message_Localised":"What treats do you carry?", "Channel":"npc" }
{ "timestamp":"2016-12-20T16:19:32Z", "event":"ReceiveText", "From":"$npc_name_decorate:#name=Fred Burbidge;", "From_Localised":"Fred Burbidge", "Message":"$Pirate_OnNoCargoFound04;", "Message_Localised":"Another dud? Damn it all!", "Channel":"npc" }
{ "timestamp":"2016-12-20T16:19:45Z", "event":"ReceiveText", "From":"$npc_name_decorate:#name=Torval's Shield;", "From_Localised":"Torval's Shield", "Message":"$PowersPirate_OnStartScanCargo05;", "Message_Localised":"We're in need of some contributions. You got any?", "Channel":"npc" }
{ "timestamp":"2016-12-20T16:19:53Z", "event":"ReceiveText", "From":"$npc_name_decorate:#name=Fred Burbidge;", "From_Localised":"Fred Burbidge", "Message":"$Pirate_OnEnemyShipDetection01;", "Message_Localised":"Back off, scum.", "Channel":"npc" }
{ "timestamp":"2016-12-20T16:19:55Z", "event":"ReceiveText", "From":"$npc_name_decorate:#name=Torval's Shield;", "From_Localised":"Torval's Shield", "Message":"$PowersPirate_OnNoCargoFound03;", "Message_Localised":"Nothing?! Boss ain't gonna like this.", "Channel":"npc" }
{ "timestamp":"2016-12-20T16:20:06Z", "event":"ReceiveText", "From":"$npc_name_decorate:#name=Daniel Fandrich;", "From_Localised":"Daniel Fandrich", "Message":"$Escort_NearDeath03;", "Message_Localised":"I've got a problem here... requesting assistance.", "Channel":"npc" }
{ "timestamp":"2016-12-20T16:20:09Z", "event":"Bounty", "Rewards":[ { "Faction":"Starship Enterprises", "Reward":800 }, { "Faction":"Federation", "Reward":10710 } ], "TotalReward":11510, "VictimFaction":"LP 339-7 Blue Clan" }
{ "timestamp":"2016-12-20T16:20:09Z", "event":"ReceiveText", "From":"$ShipName_Police_Federation;", "From_Localised":"Federal Security Service", "Message":"$Police_ArriveReinforcement03;", "Message_Localised":"We're responding to an emergency signal.", "Channel":"npc" }
{ "timestamp":"2016-12-20T16:20:46Z", "event":"Bounty", "Rewards":[ { "Faction":"Starship Enterprises", "Reward":400 }, { "Faction":"Federation", "Reward":14489 } ], "TotalReward":14889, "VictimFaction":"LP 339-7 Blue Clan" }
{ "timestamp":"2016-12-20T16:21:44Z", "event":"Bounty", "Rewards":[ { "Faction":"Starship Enterprises", "Reward":27732 } ], "TotalReward":27732, "VictimFaction":"Zemina Torval" }
{ "timestamp":"2016-12-20T16:21:54Z", "event":"ReceiveText", "From":"$npc_name_decorate:#name=Torval's Shield;", "From_Localised":"Torval's Shield", "Message":"$BadKarmaCriticalDamage04;", "Message_Localised":"I don't believe it!", "Channel":"npc" }
{ "timestamp":"2016-12-20T16:22:05Z", "event":"ReceiveText", "From":"$npc_name_decorate:#name=Patreus Sentinel;", "From_Localised":"Patreus Sentinel", "Message":"$PowersPirate_OnStartScanCargo01;", "Message_Localised":"I'm looking for... donations.", "Channel":"npc" }
{ "timestamp":"2016-12-20T16:22:08Z", "event":"ReceiveText", "From":"$npc_name_decorate:#name=Torval's Shield;", "From_Localised":"Torval's Shield", "Message":"$BadKarmaCriticalDamage10;", "Message_Localised":"You've scratched my paint!", "Channel":"npc" }
{ "timestamp":"2016-12-20T16:22:09Z", "event":"ReceiveText", "From":"$npc_name_decorate:#name=Wivelrod Croix;", "From_Localised":"Wivelrod Croix", "Message":"$Pirate_OnEnemyShipDetection09;", "Message_Localised":"Hostile targets in range.", "Channel":"npc" }
{ "timestamp":"2016-12-20T16:22:15Z", "event":"ReceiveText", "From":"$npc_name_decorate:#name=Patreus Sentinel;", "From_Localised":"Patreus Sentinel", "Message":"$PowersPirate_OnNoCargoFound01;", "Message_Localised":"You're no use to us.", "Channel":"npc" }
{ "timestamp":"2016-12-20T16:22:19Z", "event":"Bounty", "Rewards":[ { "Faction":"Starship Enterprises", "Reward":10427 } ], "TotalReward":10427, "VictimFaction":"LP 339-7 Blue Clan" }
{ "timestamp":"2016-12-20T16:23:24Z", "event":"ReceiveText", "From":"$npc_name_decorate:#name=Paul Buck;", "From_Localised":"Paul Buck", "Message":"$Pirate_OnStartScanCargo04;", "Message_Localised":"What do you carry, I wonder?", "Channel":"npc" }
{ "timestamp":"2016-12-20T16:23:45Z", "event":"ReceiveText", "From":"$npc_name_decorate:#name=Paul Buck;", "From_Localised":"Paul Buck", "Message":"$Pirate_OnNoCargoFound07;", "Message_Localised":"Nothing for me here.", "Channel":"npc" }
{ "timestamp":"2016-12-20T16:24:24Z", "event":"ReceiveText", "From":"$ShipName_Police_Federation;", "From_Localised":"Federal Security Service", "Message":"$Police_ArriveReinforcement05;", "Message_Localised":"Emergency reserve force deploying.", "Channel":"npc" }
{ "timestamp":"2016-12-20T16:24:24Z", "event":"ReceiveText", "From":"$ShipName_Police_Federation;", "From_Localised":"Federal Security Service", "Message":"$Police_ArriveReinforcement01;", "Message_Localised":"Reinforcements incoming.", "Channel":"npc" }
{ "timestamp":"2016-12-20T16:24:24Z", "event":"ReceiveText", "From":"$ShipName_Police_Federation;", "From_Localised":"Federal Security Service", "Message":"$Police_ArriveReinforcement03;", "Message_Localised":"We're responding to an emergency signal.", "Channel":"npc" }
{ "timestamp":"2016-12-20T16:24:25Z", "event":"CommitCrime", "CrimeType":"assault", "Faction":"Starship Enterprises", "Victim":"Paul Buck", "Bounty":400 }
{ "timestamp":"2016-12-20T16:24:29Z", "event":"ShieldState", "ShieldsUp":false }
{ "timestamp":"2016-12-20T16:24:33Z", "event":"HullDamage", "Health":0.725073 }
{ "timestamp":"2016-12-20T16:24:37Z", "event":"HullDamage", "Health":0.596743 }
{ "timestamp":"2016-12-20T16:24:37Z", "event":"ReceiveText", "From":"$ShipName_Police_Federation;", "From_Localised":"Federal Security Service", "Message":"$OverwatchAttackRun06;", "Message_Localised":"Lining up for the shot.", "Channel":"npc" }
{ "timestamp":"2016-12-20T16:24:39Z", "event":"HullDamage", "Health":0.110967 }
{ "timestamp":"2016-12-20T16:24:39Z", "event":"HullDamage", "Health":0.110967 }
{ "timestamp":"2016-12-20T16:24:40Z", "event":"Died", "KillerName":"$ShipName_Police_Federation;", "KillerName_Localised":"Federal Security Service", "KillerShip":"eagle", "KillerRank":"Master" }
{ "timestamp":"2016-12-20T16:24:44Z", "event":"ReceiveText", "From":"$ShipName_Police_Federation;", "From_Localised":"Federal Security Service", "Message":"$OverwatchAttackRun06;", "Message_Localised":"Lining up for the shot.", "Channel":"npc" }
{ "timestamp":"2016-12-20T16:24:57Z", "event":"Resurrect", "Option":"rebuy", "Cost":605427, "Bankrupt":false }
{ "timestamp":"2016-12-20T16:25:24Z", "event":"Location", "Docked":true, "StationName":"Whitson Orbital", "StationType":"Orbis", "StarSystem":"LP 339-7", "StarPos":[-70.063,-8.281,27.906], "SystemAllegiance":"Federation", "SystemEconomy":"$economy_Agri;", "SystemEconomy_Localised":"Agriculture", "SystemGovernment":"$government_Corporate;", "SystemGovernment_Localised":"Corporate", "SystemSecurity":"$SYSTEM_SECURITY_high;", "SystemSecurity_Localised":"High Security", "Body":"Whitson Orbital", "BodyType":"Station", "SystemFaction":"Starship Enterprises", "FactionState":"Boom" }
{ "timestamp":"2016-12-20T16:25:25Z", "event":"Docked", "StationName":"Whitson Orbital", "StationType":"Orbis", "StarSystem":"LP 339-7", "StationFaction":"Starship Enterprises", "FactionState":"Boom", "StationGovernment":"$government_Corporate;", "StationGovernment_Localised":"Corporate", "StationAllegiance":"Federation", "StationEconomy":"$economy_Agri;", "StationEconomy_Localised":"Agriculture" }
{ "timestamp":"2016-12-20T16:31:49Z", "event":"ReceiveText", "From":"$npc_name_decorate:#name=Marc Schüttorf;", "From_Localised":"Marc Schￃﾼttorf", "Message":"$Commuter_AuthorityScan01;", "Message_Localised":"Is there a problem here, officer?", "Channel":"npc" }
{ "timestamp":"2016-12-20T16:36:09Z", "event":"Undocked", "StationName":"Whitson Orbital", "StationType":"Orbis" }
{ "timestamp":"2016-12-20T16:37:23Z", "event":"SupercruiseEntry", "StarSystem":"LP 339-7" }
{ "timestamp":"2016-12-20T16:42:08Z", "event":"SupercruiseExit", "StarSystem":"LP 339-7", "Body":"LP 339-7 5 B Ring", "BodyType":"PlanetaryRing" }
{ "timestamp":"2016-12-20T16:42:41Z", "event":"ReceiveText", "From":"$npc_name_decorate:#name=Utopian Overseer;", "From_Localised":"Utopian Overseer", "Message":"$PowersPirate_OnStartScanCargo01;", "Message_Localised":"I'm looking for... donations.", "Channel":"npc" }
{ "timestamp":"2016-12-20T16:42:44Z", "event":"ReceiveText", "From":"$npc_name_decorate:#name=Utopian Overseer;", "From_Localised":"Utopian Overseer", "Message":"$Pirate_OnDeclarePiracyAttack05;", "Message_Localised":"You have no chance now.", "Channel":"npc" }
{ "timestamp":"2016-12-20T16:45:14Z", "event":"MaterialCollected", "Category":"Encoded", "Name":"bulkscandata", "Count":3 }
{ "timestamp":"2016-12-20T16:45:50Z", "event":"Bounty", "Rewards":[ { "Faction":"Starship Enterprises", "Reward":400 }, { "Faction":"Federation", "Reward":41715 } ], "TotalReward":42115, "VictimFaction":"LP 339-7 Blue Clan" }
{ "timestamp":"2016-12-20T16:46:27Z", "event":"Bounty", "Rewards":[ { "Faction":"Starship Enterprises", "Reward":7555 } ], "TotalReward":7555, "VictimFaction":"Traditional LTT 15985 Focus" }
{ "timestamp":"2016-12-20T16:47:13Z", "event":"Bounty", "Rewards":[ { "Faction":"Starship Enterprises", "Reward":7539 } ], "TotalReward":7539, "VictimFaction":"League of LP 339-7" }
{ "timestamp":"2016-12-20T16:48:25Z", "event":"ReceiveText", "From":"$npc_name_decorate:#name=Biodun Onipede;", "From_Localised":"Biodun Onipede", "Message":"$Pirate_OnDeclarePiracyAttack04;", "Message_Localised":"I'm gonna boil you up!", "Channel":"npc" }
{ "timestamp":"2016-12-20T16:48:40Z", "event":"ReceiveText", "From":"$npc_name_decorate:#name=Biodun Onipede;", "From_Localised":"Biodun Onipede", "Message":"$Pirate_NiggledByNewShip03;", "Message_Localised":"So you have chosen that this day will be your last.", "Channel":"npc" }
{ "timestamp":"2016-12-20T16:48:49Z", "event":"Bounty", "Rewards":[ { "Faction":"Starship Enterprises", "Reward":400 }, { "Faction":"Federation", "Reward":20422 } ], "TotalReward":20822, "VictimFaction":"LP 339-7 Blue Clan" }
{ "timestamp":"2016-12-20T16:49:46Z", "event":"ReceiveText", "From":"$npc_name_decorate:#name=Jan Henrik Diente Aunsholt;", "From_Localised":"Jan Henrik Diente Aunsholt", "Message":"$Pirate_OnDeclarePiracyAttack04;", "Message_Localised":"I'm gonna boil you up!", "Channel":"npc" }
{ "timestamp":"2016-12-20T16:50:30Z", "event":"Bounty", "Rewards":[ { "Faction":"Starship Enterprises", "Reward":800 }, { "Faction":"Federation", "Reward":29640 } ], "TotalReward":30440, "VictimFaction":"LP 339-7 Blue Clan" }
{ "timestamp":"2016-12-20T16:50:50Z", "event":"ReceiveText", "From":"$npc_name_decorate:#name=Carlotti;", "From_Localised":"Carlotti", "Message":"$Pirate_OnStartScanCargo08;", "Message_Localised":"What do you have in your cargo hold?", "Channel":"npc" }
{ "timestamp":"2016-12-20T16:51:32Z", "event":"ReceiveText", "From":"$npc_name_decorate:#name=Carlotti;", "From_Localised":"Carlotti", "Message":"$BadKarmaCriticalDamage08;", "Message_Localised":"I've taken too many hits.", "Channel":"npc" }
{ "timestamp":"2016-12-20T16:51:35Z", "event":"Bounty", "Rewards":[ { "Faction":"Starship Enterprises", "Reward":1200 }, { "Faction":"Federation", "Reward":5940 } ], "TotalReward":7140, "VictimFaction":"LP 339-7 Blue Clan" }
{ "timestamp":"2016-12-20T16:53:00Z", "event":"ReceiveText", "From":"$npc_name_decorate:#name=Dawsonmadcow;", "From_Localised":"Dawsonmadcow", "Message":"$BadKarmaCriticalDamage05;", "Message_Localised":"No, no!", "Channel":"npc" }
{ "timestamp":"2016-12-20T16:53:05Z", "event":"Bounty", "Rewards":[ { "Faction":"Starship Enterprises", "Reward":18625 } ], "TotalReward":18625, "VictimFaction":"LP 339-7 Blue Clan" }
{ "timestamp":"2016-12-20T16:53:48Z", "event":"ReceiveText", "From":"$npc_name_decorate:#name=Wolfie;", "From_Localised":"Wolfie", "Message":"$Pirate_OnDeclarePiracyAttack05;", "Message_Localised":"You have no chance now.", "Channel":"npc" }
{ "timestamp":"2016-12-20T16:54:12Z", "event":"ReceiveText", "From":"$npc_name_decorate:#name=Hayden;", "From_Localised":"Hayden", "Message":"$Pirate_OnStartScanCargo03;", "Message_Localised":"What are you hauling?", "Channel":"npc" }
{ "timestamp":"2016-12-20T16:54:13Z", "event":"ReceiveText", "From":"$npc_name_decorate:#name=Bill Gilbert;", "From_Localised":"Bill Gilbert", "Message":"$Pirate_OnStartScanCargo01;", "Message_Localised":"I see all!", "Channel":"npc" }
{ "timestamp":"2016-12-20T16:54:21Z", "event":"ReceiveText", "From":"$npc_name_decorate:#name=Wolfie;", "From_Localised":"Wolfie", "Message":"$BadKarmaCriticalDamage04;", "Message_Localised":"I don't believe it!", "Channel":"npc" }
{ "timestamp":"2016-12-20T16:54:22Z", "event":"ReceiveText", "From":"$npc_name_decorate:#name=Hayden;", "From_Localised":"Hayden", "Message":"$Pirate_OnNoCargoFound10;", "Message_Localised":"There's nothing worth my while here.", "Channel":"npc" }
{ "timestamp":"2016-12-20T16:54:23Z", "event":"ReceiveText", "From":"$npc_name_decorate:#name=Bill Gilbert;", "From_Localised":"Bill Gilbert", "Message":"$Pirate_OnNoCargoFound08;", "Message_Localised":"A wasted effort. There's no cargo here.", "Channel":"npc" }
{ "timestamp":"2016-12-20T16:54:26Z", "event":"ShieldState", "ShieldsUp":false }
{ "timestamp":"2016-12-20T16:54:30Z", "event":"ReceiveText", "From":"$ShipName_Police_Federation;", "From_Localised":"Federal Security Service", "Message":"$Military_AccidentalDamage08;", "Message_Localised":"Cease fire! You're hitting the wrong target.", "Channel":"npc" }
{ "timestamp":"2016-12-20T16:54:35Z", "event":"Bounty", "Rewards":[ { "Faction":"Starship Enterprises", "Reward":50620 } ], "TotalReward":50620, "VictimFaction":"LP 339-7 Blue Clan" }
{ "timestamp":"2016-12-20T16:55:14Z", "event":"SupercruiseEntry", "StarSystem":"LP 339-7" }
{ "timestamp":"2016-12-20T16:56:02Z", "event":"SupercruiseExit", "StarSystem":"LP 339-7", "Body":"LP 339-7 5 B Ring", "BodyType":"PlanetaryRing" }
{ "timestamp":"2016-12-20T16:57:05Z", "event":"ReceiveText", "From":"$npc_name_decorate:#name=Thesto Valeris;", "From_Localised":"Thesto Valeris", "Message":"$Pirate_OnStartScanCargo01;", "Message_Localised":"I see all!", "Channel":"npc" }
{ "timestamp":"2016-12-20T16:57:15Z", "event":"ReceiveText", "From":"$npc_name_decorate:#name=Thesto Valeris;", "From_Localised":"Thesto Valeris", "Message":"$Pirate_OnNoCargoFound03;", "Message_Localised":"No cargo? Useless dreg.", "Channel":"npc" }
{ "timestamp":"2016-12-20T16:57:24Z", "event":"ReceiveText", "From":"$npc_name_decorate:#name=Rod Goater;", "From_Localised":"Rod Goater", "Message":"$Pirate_OnStartScanCargo11;", "Message_Localised":"I hope you have something good in your hold.", "Channel":"npc" }
{ "timestamp":"2016-12-20T16:57:34Z", "event":"ReceiveText", "From":"$npc_name_decorate:#name=Rod Goater;", "From_Localised":"Rod Goater", "Message":"$Pirate_OnNoCargoFound10;", "Message_Localised":"There's nothing worth my while here.", "Channel":"npc" }
{ "timestamp":"2016-12-20T16:57:39Z", "event":"ReceiveText", "From":"$npc_name_decorate:#name=Rod Goater;", "From_Localised":"Rod Goater", "Message":"$Pirate_OnDeclarePiracyAttack05;", "Message_Localised":"You have no chance now.", "Channel":"npc" }
{ "timestamp":"2016-12-20T16:57:53Z", "event":"ReceiveText", "From":"$ShipName_Police_Federation;", "From_Localised":"Federal Security Service", "Message":"$Police_ArrivedAtInvestigationLocation06;", "Message_Localised":"Crime response team in situ. Security sweep and scan commencing.", "Channel":"npc" }
{ "timestamp":"2016-12-20T16:57:56Z", "event":"ReceiveText", "From":"$npc_name_decorate:#name=Rod Goater;", "From_Localised":"Rod Goater", "Message":"$Pirate_OnAuthorityDetection10;", "Message_Localised":"Watch out - the law is here!", "Channel":"npc" }
{ "timestamp":"2016-12-20T16:58:01Z", "event":"ReceiveText", "From":"$ShipName_Police_Federation;", "From_Localised":"Federal Security Service", "Message":"$Police_ArriveInvestigate03;", "Message_Localised":"Crime response flight deployed.", "Channel":"npc" }
{ "timestamp":"2016-12-20T16:58:01Z", "event":"ReceiveText", "From":"$ShipName_Police_Federation;", "From_Localised":"Federal Security Service", "Message":"$Police_ArrivedAtInvestigationLocation02;", "Message_Localised":"Cease and desist! Submit to authority scans immediately!", "Channel":"npc" }
{ "timestamp":"2016-12-20T16:58:02Z", "event":"ReceiveText", "From":"$npc_name_decorate:#name=vernon;", "From_Localised":"vernon", "Message":"$Pirate_OnStartScanCargo07;", "Message_Localised":"Do you have anything of value?", "Channel":"npc" }
{ "timestamp":"2016-12-20T16:58:12Z", "event":"ReceiveText", "From":"$npc_name_decorate:#name=vernon;", "From_Localised":"vernon", "Message":"$Pirate_OnNoCargoFound06;", "Message_Localised":"Another dream of riches dashed.", "Channel":"npc" }
{ "timestamp":"2016-12-20T16:58:31Z", "event":"ReceiveText", "From":"$npc_name_decorate:#name=EGP Operative;", "From_Localised":"EGP Operative", "Message":"$BadKarmaCriticalDamage01;", "Message_Localised":"How is this happening?!", "Channel":"npc" }
{ "timestamp":"2016-12-20T16:58:42Z", "event":"ReceiveText", "From":"$ShipName_Police_Federation;", "From_Localised":"Federal Security Service", "Message":"$Police_ArrivedAtInvestigationLocation05;", "Message_Localised":"A crime has been reported here. All ships will be scanned.", "Channel":"npc" }
{ "timestamp":"2016-12-20T16:58:56Z", "event":"ReceiveText", "From":"$npc_name_decorate:#name=EGP Operative;", "From_Localised":"EGP Operative", "Message":"$BadKarmaCriticalDamage01;", "Message_Localised":"How is this happening?!", "Channel":"npc" }
{ "timestamp":"2016-12-20T16:58:58Z", "event":"ReceiveText", "From":"$ShipName_Police_Federation;", "From_Localised":"Federal Security Service", "Message":"$Police_ArrivedAtInvestigationLocation04;", "Message_Localised":"Rapid deployment unit deployed. Initiating scans of all ships in the area.", "Channel":"npc" }
{ "timestamp":"2016-12-20T16:59:46Z", "event":"ReceiveText", "From":"$npc_name_decorate:#name=vernon;", "From_Localised":"vernon", "Message":"$Pirate_OnHullLowJumpAway07;", "Message_Localised":"Time for me to leave.", "Channel":"npc" }
{ "timestamp":"2016-12-20T16:59:55Z", "event":"ReceiveText", "From":"$ShipName_Police_Federation;", "From_Localised":"Federal Security Service", "Message":"$Police_FinishedAtInvestigationLocation04;", "Message_Localised":"Crime response sweep completed. All ships are free to depart.", "Channel":"npc" }
{ "timestamp":"2016-12-20T17:00:20Z", "event":"MaterialCollected", "Category":"Encoded", "Name":"shieldcyclerecordings", "Count":3 }
{ "timestamp":"2016-12-20T17:00:45Z", "event":"ReceiveText", "From":"$npc_name_decorate:#name=Alfred Connor;", "From_Localised":"Alfred Connor", "Message":"$Pirate_OnStartScanCargo07;", "Message_Localised":"Do you have anything of value?", "Channel":"npc" }
{ "timestamp":"2016-12-20T17:00:47Z", "event":"MaterialCollected", "Category":"Encoded", "Name":"shielddensityreports", "Count":3 }
{ "timestamp":"2016-12-20T17:00:48Z", "event":"ReceiveText", "From":"$npc_name_decorate:#name=Alfred Connor;", "From_Localised":"Alfred Connor", "Message":"$Pirate_OnDeclarePiracyAttack05;", "Message_Localised":"You have no chance now.", "Channel":"npc" }
{ "timestamp":"2016-12-20T17:00:48Z", "event":"ReceiveText", "From":"$npc_name_decorate:#name=Lisa Gaunt;", "From_Localised":"Lisa Gaunt", "Message":"$Escort_AttackDutyStart04;", "Message_Localised":"We got reds on the radar, breaking formation.", "Channel":"npc" }
{ "timestamp":"2016-12-20T17:01:08Z", "event":"ReceiveText", "From":"$npc_name_decorate:#name=Thesto Valeris;", "From_Localised":"Thesto Valeris", "Message":"$BadKarmaCriticalDamage06;", "Message_Localised":"I hadn't expected this.", "Channel":"npc" }
{ "timestamp":"2016-12-20T17:01:15Z", "event":"ReceiveText", "From":"$ShipName_Police_Federation;", "From_Localised":"Federal Security Service", "Message":"$Escort_NearDeath09;", "Message_Localised":"Where's my support?", "Channel":"npc" }
{ "timestamp":"2016-12-20T17:01:43Z", "event":"ReceiveText", "From":"$npc_name_decorate:#name=Moot;", "From_Localised":"Moot", "Message":"$Escort_NearDeath04;", "Message_Localised":"Breaking off attack, I can't hold it.", "Channel":"npc" }
{ "timestamp":"2016-12-20T17:02:09Z", "event":"Bounty", "Rewards":[ { "Faction":"Starship Enterprises", "Reward":7592 } ], "TotalReward":7592, "VictimFaction":"LP 339-7 Public Inc" }
{ "timestamp":"2016-12-20T17:02:27Z", "event":"ReceiveText", "From":"$npc_name_decorate:#name=Chris Holdsworth;", "From_Localised":"Chris Holdsworth", "Message":"$Pirate_OnStartScanCargo10;", "Message_Localised":"Let me see what you have.", "Channel":"npc" }
{ "timestamp":"2016-12-20T17:02:36Z", "event":"ReceiveText", "From":"$npc_name_decorate:#name=Anders Pilegaard;", "From_Localised":"Anders Pilegaard", "Message":"$Pirate_OnStartScanCargo02;", "Message_Localised":"Carrying anything nice?", "Channel":"npc" }
{ "timestamp":"2016-12-20T17:02:37Z", "event":"ReceiveText", "From":"$npc_name_decorate:#name=Chris Holdsworth;", "From_Localised":"Chris Holdsworth", "Message":"$Pirate_OnNoCargoFound01;", "Message_Localised":"No cargo? Waste of time...", "Channel":"npc" }
{ "timestamp":"2016-12-20T17:02:46Z", "event":"ReceiveText", "From":"$npc_name_decorate:#name=Anders Pilegaard;", "From_Localised":"Anders Pilegaard", "Message":"$Pirate_OnNoCargoFound07;", "Message_Localised":"Nothing for me here.", "Channel":"npc" }
{ "timestamp":"2016-12-20T17:03:06Z", "event":"ReceiveText", "From":"$npc_name_decorate:#name=Anders Pilegaard;", "From_Localised":"Anders Pilegaard", "Message":"$Pirate_OnDeclarePiracyAttack03;", "Message_Localised":"Now you die, victim.", "Channel":"npc" }
{ "timestamp":"2016-12-20T17:03:56Z", "event":"Bounty", "Rewards":[ { "Faction":"Starship Enterprises", "Reward":800 }, { "Faction":"Federation", "Reward":57697 } ], "TotalReward":58497, "VictimFaction":"LP 339-7 Blue Clan" }
{ "timestamp":"2016-12-20T17:04:36Z", "event":"ReceiveText", "From":"$npc_name_decorate:#name=Redav;", "From_Localised":"Redav", "Message":"$Pirate_OnStartScanCargo04;", "Message_Localised":"What do you carry, I wonder?", "Channel":"npc" }
{ "timestamp":"2016-12-20T17:04:46Z", "event":"ReceiveText", "From":"$npc_name_decorate:#name=Redav;", "From_Localised":"Redav", "Message":"$Pirate_OnStartScanCargo03;", "Message_Localised":"What are you hauling?", "Channel":"npc" }
{ "timestamp":"2016-12-20T17:05:01Z", "event":"ReceiveText", "From":"$npc_name_decorate:#name=Tone Dabar Jr;", "From_Localised":"Tone Dabar Jr", "Message":"$Pirate_OnStartScanCargo01;", "Message_Localised":"I see all!", "Channel":"npc" }
{ "timestamp":"2016-12-20T17:05:09Z", "event":"ReceiveText", "From":"$npc_name_decorate:#name=Martin O'Bannion;", "From_Localised":"Martin O'Bannion", "Message":"$Pirate_OnStartScanCargo05;", "Message_Localised":"What treats do you carry?", "Channel":"npc" }
{ "timestamp":"2016-12-20T17:05:19Z", "event":"ReceiveText", "From":"$npc_name_decorate:#name=Martin O'Bannion;", "From_Localised":"Martin O'Bannion", "Message":"$Pirate_OnNoCargoFound03;", "Message_Localised":"No cargo? Useless dreg.", "Channel":"npc" }
{ "timestamp":"2016-12-20T17:05:23Z", "event":"ReceiveText", "From":"$npc_name_decorate:#name=Tone Dabar Jr;", "From_Localised":"Tone Dabar Jr", "Message":"$Pirate_OnNoCargoFound10;", "Message_Localised":"There's nothing worth my while here.", "Channel":"npc" }
{ "timestamp":"2016-12-20T17:05:24Z", "event":"ReceiveText", "From":"$npc_name_decorate:#name=Tone Dabar Jr;", "From_Localised":"Tone Dabar Jr", "Message":"$Pirate_NotEnoughCargo01;", "Message_Localised":"Poor excuse for a trader, you're not worth it.", "Channel":"npc" }
{ "timestamp":"2016-12-20T17:05:41Z", "event":"Bounty", "Rewards":[ { "Faction":"Starship Enterprises", "Reward":84892 } ], "TotalReward":84892, "VictimFaction":"United Pontus League" }
{ "timestamp":"2016-12-20T17:06:33Z", "event":"SupercruiseEntry", "StarSystem":"LP 339-7" }
{ "timestamp":"2016-12-20T17:07:44Z", "event":"FSDJump", "StarSystem":"LTT 15985", "StarPos":[-71.688,-10.156,28.156], "SystemAllegiance":"Federation", "SystemEconomy":"$economy_Refinery;", "SystemEconomy_Localised":"Refinery", "SystemGovernment":"$government_Corporate;", "SystemGovernment_Localised":"Corporate", "SystemSecurity":"$SYSTEM_SECURITY_medium;", "SystemSecurity_Localised":"Medium Security", "JumpDist":2.494, "FuelUsed":0.056822, "FuelLevel":7.373178, "SystemFaction":"Gilgamesh Ltd", "FactionState":"Boom" }
{ "timestamp":"2016-12-20T17:08:37Z", "event":"FSDJump", "StarSystem":"LP 339-7", "StarPos":[-70.063,-8.281,27.906], "SystemAllegiance":"Federation", "SystemEconomy":"$economy_Agri;", "SystemEconomy_Localised":"Agriculture", "SystemGovernment":"$government_Corporate;", "SystemGovernment_Localised":"Corporate", "SystemSecurity":"$SYSTEM_SECURITY_high;", "SystemSecurity_Localised":"High Security", "JumpDist":2.494, "FuelUsed":0.056802, "FuelLevel":7.316375, "SystemFaction":"Starship Enterprises", "FactionState":"Boom" }
{ "timestamp":"2016-12-20T17:09:39Z", "event":"ReceiveText", "From":"$npc_name_decorate:#name=Cruise Ship;", "From_Localised":"Cruise Ship", "Message":"$CruiseLiner_SCPatrol03;", "Message_Localised":"Today's cruise includes some delightful views, our flight attendants are on hand with full details.", "Channel":"npc" }
{ "timestamp":"2016-12-20T17:10:46Z", "event":"SupercruiseExit", "StarSystem":"LP 339-7", "Body":"Whitson Orbital", "BodyType":"Station" }
{ "timestamp":"2016-12-20T17:10:48Z", "event":"ReceiveText", "From":"Whitson Orbital", "Message":"$STATION_NoFireZone_entered;", "Message_Localised":"No fire zone entered.", "Channel":"npc" }
{ "timestamp":"2016-12-20T17:10:58Z", "event":"DockingRequested", "StationName":"Whitson Orbital" }
{ "timestamp":"2016-12-20T17:10:58Z", "event":"ReceiveText", "From":"Whitson Orbital", "Message":"$DockingChatter_Friendly;", "Message_Localised":"It's great to see you again, Commander.", "Channel":"npc" }
{ "timestamp":"2016-12-20T17:10:59Z", "event":"ReceiveText", "From":"Whitson Orbital", "Message":"$STATION_docking_granted;", "Message_Localised":"Docking request granted.", "Channel":"npc" }
{ "timestamp":"2016-12-20T17:10:59Z", "event":"DockingGranted", "LandingPad":31, "StationName":"Whitson Orbital" }
{ "timestamp":"2016-12-20T17:11:43Z", "event":"Docked", "StationName":"Whitson Orbital", "StationType":"Orbis", "StarSystem":"LP 339-7", "StationFaction":"Starship Enterprises", "FactionState":"Boom", "StationGovernment":"$government_Corporate;", "StationGovernment_Localised":"Corporate", "StationAllegiance":"Federation", "StationEconomy":"$economy_Agri;", "StationEconomy_Localised":"Agriculture" }
{ "timestamp":"2016-12-20T17:11:54Z", "event":"RedeemVoucher", "Type":"bounty", "Amount":335837 }
{ "timestamp":"2016-12-20T17:23:45Z", "event":"ShipyardSwap", "ShipType":"cobramkiii", "ShipID":2, "StoreOldShip":"Vulture", "StoreShipID":1 }
{ "timestamp":"2016-12-20T17:23:58Z", "event":"Docked", "StationName":"Whitson Orbital", "StationType":"Orbis", "StarSystem":"LP 339-7", "StationFaction":"Starship Enterprises", "FactionState":"Boom", "StationGovernment":"$government_Corporate;", "StationGovernment_Localised":"Corporate", "StationAllegiance":"Federation", "StationEconomy":"$economy_Agri;", "StationEconomy_Localised":"Agriculture" }
{ "timestamp":"2016-12-20T17:25:54Z", "event":"ReceiveText", "From":"$npc_name_decorate:#name=Nick Dowell;", "From_Localised":"Nick Dowell", "Message":"$Commuter_AuthorityScan07;", "Message_Localised":"There's no need to scan me, officer. I have nothing to find.", "Channel":"npc" }
{ "timestamp":"2016-12-20T17:26:54Z", "event":"Undocked", "StationName":"Whitson Orbital", "StationType":"Orbis" }
{ "timestamp":"2016-12-20T17:27:37Z", "event":"SupercruiseEntry", "StarSystem":"LP 339-7" }
{ "timestamp":"2016-12-20T17:30:35Z", "event":"SupercruiseExit", "StarSystem":"LP 339-7", "Body":"So-yeon Dock", "BodyType":"Station" }
{ "timestamp":"2016-12-20T17:30:37Z", "event":"ReceiveText", "From":"So-yeon Dock", "Message":"$STATION_NoFireZone_entered;", "Message_Localised":"No fire zone entered.", "Channel":"npc" }
{ "timestamp":"2016-12-20T17:30:42Z", "event":"ReceiveText", "From":"So-yeon Dock", "Message":"$DockingFailed_Distance:#distance=7500;", "Message_Localised":"Docking request denied, please approach to 7500m", "Channel":"npc" }
{ "timestamp":"2016-12-20T17:30:42Z", "event":"DockingDenied", "Reason":"Distance", "StationName":"So-yeon Dock" }
{ "timestamp":"2016-12-20T17:30:50Z", "event":"DockingRequested", "StationName":"So-yeon Dock" }
{ "timestamp":"2016-12-20T17:30:50Z", "event":"ReceiveText", "From":"So-yeon Dock", "Message":"$DockingChatter_Friendly;", "Message_Localised":"It's great to see you again, Commander.", "Channel":"npc" }
{ "timestamp":"2016-12-20T17:30:51Z", "event":"ReceiveText", "From":"So-yeon Dock", "Message":"$STATION_docking_granted;", "Message_Localised":"Docking request granted.", "Channel":"npc" }
{ "timestamp":"2016-12-20T17:30:51Z", "event":"DockingGranted", "LandingPad":1, "StationName":"So-yeon Dock" }
{ "timestamp":"2016-12-20T17:31:27Z", "event":"Docked", "StationName":"So-yeon Dock", "StationType":"Orbis", "StarSystem":"LP 339-7", "StationFaction":"Starship Enterprises", "FactionState":"Boom", "StationGovernment":"$government_Corporate;", "StationGovernment_Localised":"Corporate", "StationAllegiance":"Federation", "StationEconomy":"$economy_Agri;", "StationEconomy_Localised":"Agriculture" }
{ "timestamp":"2016-12-20T17:32:21Z", "event":"RefuelAll", "Cost":10, "Amount":0.089463 }
{ "timestamp":"2016-12-20T17:33:03Z", "event":"ModuleBuy", "Slot":"PowerPlant", "SellItem":"$int_powerplant_size4_class2_name;", "SellItem_Localised":"Power Plant", "SellPrice":59633, "BuyItem":"$int_powerplant_size2_class3_name;", "BuyItem_Localised":"Power Plant", "BuyPrice":17803, "Ship":"cobramkiii", "ShipID":2 }
{ "timestamp":"2016-12-20T17:33:04Z", "event":"ShieldState", "ShieldsUp":false }
{ "timestamp":"2016-12-20T17:33:10Z", "event":"ModuleBuy", "Slot":"MainEngines", "SellItem":"$int_engine_size4_class5_name;", "SellItem_Localised":"Thrusters", "SellPrice":1610080, "BuyItem":"$int_engine_size4_class1_name;", "BuyItem_Localised":"Thrusters", "BuyPrice":19878, "Ship":"cobramkiii", "ShipID":2 }
{ "timestamp":"2016-12-20T17:33:15Z", "event":"ShieldState", "ShieldsUp":true }
{ "timestamp":"2016-12-20T17:33:16Z", "event":"ModuleBuy", "Slot":"FrameShiftDrive", "SellItem":"$int_hyperdrive_size4_class5_name;", "SellItem_Localised":"FSD", "SellPrice":1610080, "BuyItem":"$int_hyperdrive_size2_class1_name;", "BuyItem_Localised":"FSD", "BuyPrice":1978, "Ship":"cobramkiii", "ShipID":2 }
{ "timestamp":"2016-12-20T17:33:28Z", "event":"ModuleBuy", "Slot":"PowerDistributor", "SellItem":"$int_powerdistributor_size3_class2_name;", "SellItem_Localised":"Power Distributor", "SellPrice":10133, "BuyItem":"$int_powerdistributor_size1_class1_name;", "BuyItem_Localised":"Power Distributor", "BuyPrice":517, "Ship":"cobramkiii", "ShipID":2 }
{ "timestamp":"2016-12-20T17:33:38Z", "event":"ModuleBuy", "Slot":"LifeSupport", "SellItem":"$int_lifesupport_size3_class2_name;", "SellItem_Localised":"Life Support", "SellPrice":10133, "BuyItem":"$int_lifesupport_size3_class1_name;", "BuyItem_Localised":"Life Support", "BuyPrice":4053, "Ship":"cobramkiii", "ShipID":2 }
{ "timestamp":"2016-12-20T17:33:58Z", "event":"ShipyardBuy", "ShipType":"type6", "ShipPrice":1045945, "SellOldShip":"CobraMkIII", "SellShipID":2, "SellPrice":3418303 }
{ "timestamp":"2016-12-20T17:33:59Z", "event":"ShipyardNew", "ShipType":"type6", "NewShipID":2 }
{ "timestamp":"2016-12-20T17:34:11Z", "event":"Docked", "StationName":"So-yeon Dock", "StationType":"Orbis", "StarSystem":"LP 339-7", "StationFaction":"Starship Enterprises", "FactionState":"Boom", "StationGovernment":"$government_Corporate;", "StationGovernment_Localised":"Corporate", "StationAllegiance":"Federation", "StationEconomy":"$economy_Agri;", "StationEconomy_Localised":"Agriculture" }
{ "timestamp":"2016-12-20T17:34:37Z", "event":"ModuleBuy", "Slot":"FrameShiftDrive", "SellItem":"$int_hyperdrive_size4_class1_name;", "SellItem_Localised":"FSD", "SellPrice":19878, "BuyItem":"$int_hyperdrive_size4_class3_name;", "BuyItem_Localised":"FSD", "BuyPrice":178898, "Ship":"type6", "ShipID":2 }
{ "timestamp":"2016-12-20T17:34:49Z", "event":"ModuleBuy", "Slot":"FrameShiftDrive", "SellItem":"$int_hyperdrive_size4_class3_name;", "SellItem_Localised":"FSD", "SellPrice":178898, "BuyItem":"$int_hyperdrive_size4_class5_name;", "BuyItem_Localised":"FSD", "BuyPrice":1610080, "Ship":"type6", "ShipID":2 }
{ "timestamp":"2016-12-20T17:34:59Z", "event":"ModuleBuy", "Slot":"MainEngines", "SellItem":"$int_engine_size4_class1_name;", "SellItem_Localised":"Thrusters", "SellPrice":19878, "BuyItem":"$int_engine_size4_class2_name;", "BuyItem_Localised":"Thrusters", "BuyPrice":59633, "Ship":"type6", "ShipID":2 }
{ "timestamp":"2016-12-20T17:35:05Z", "event":"ModuleBuy", "Slot":"PowerPlant", "SellItem":"$int_powerplant_size3_class1_name;", "SellItem_Localised":"Power Plant", "SellPrice":6271, "BuyItem":"$int_powerplant_size3_class2_name;", "BuyItem_Localised":"Power Plant", "BuyPrice":18812, "Ship":"type6", "ShipID":2 }
{ "timestamp":"2016-12-20T17:35:06Z", "event":"ShieldState", "ShieldsUp":false }
{ "timestamp":"2016-12-20T17:35:09Z", "event":"ShieldState", "ShieldsUp":true }
{ "timestamp":"2016-12-20T17:35:18Z", "event":"ModuleBuy", "Slot":"PowerDistributor", "SellItem":"$int_powerdistributor_size3_class1_name;", "SellItem_Localised":"Power Distributor", "SellPrice":4053, "BuyItem":"$int_powerdistributor_size3_class2_name;", "BuyItem_Localised":"Power Distributor", "BuyPrice":10133, "Ship":"type6", "ShipID":2 }
{ "timestamp":"2016-12-20T17:35:46Z", "event":"ModuleSell", "Slot":"Slot05_Size3", "SellItem":"$int_shieldgenerator_size3_class1_name;", "SellItem_Localised":"Shield Generator", "SellPrice":6271, "Ship":"type6", "ShipID":2 }
{ "timestamp":"2016-12-20T17:36:04Z", "event":"ModuleBuy", "Slot":"Slot03_Size4", "SellItem":"$int_cargorack_size3_class1_name;", "SellItem_Localised":"Cargo Rack", "SellPrice":10563, "BuyItem":"$int_shieldgenerator_size4_class4_name;", "BuyItem_Localised":"Shield Generator", "BuyPrice":536693, "Ship":"type6", "ShipID":2 }
{ "timestamp":"2016-12-20T17:36:23Z", "event":"ModuleBuy", "Slot":"Slot07_Size2", "SellItem":"$int_stellarbodydiscoveryscanner_standard_name;", "SellItem_Localised":"D - Scanner", "SellPrice":1000, "BuyItem":"$int_stellarbodydiscoveryscanner_advanced_name;", "BuyItem_Localised":"D - Scanner", "BuyPrice":1545000, "Ship":"type6", "ShipID":2 }
{ "timestamp":"2016-12-20T17:36:42Z", "event":"ModuleSell", "Slot":"SmallHardpoint1", "SellItem":"$hpt_pulselaser_fixed_small_name;", "SellItem_Localised":"Pulse Laser", "SellPrice":2200, "Ship":"type6", "ShipID":2 }
{ "timestamp":"2016-12-20T17:36:48Z", "event":"ModuleSell", "Slot":"SmallHardpoint2", "SellItem":"$hpt_pulselaser_fixed_small_name;", "SellItem_Localised":"Pulse Laser", "SellPrice":2200, "Ship":"type6", "ShipID":2 }
{ "timestamp":"2016-12-20T17:37:08Z", "event":"ModuleBuy", "Slot":"TinyHardpoint3", "BuyItem":"$hpt_shieldbooster_size0_class2_name;", "BuyItem_Localised":"Shield Booster", "BuyPrice":23000, "Ship":"type6", "ShipID":2 }
{ "timestamp":"2016-12-20T17:37:16Z", "event":"ModuleBuy", "Slot":"TinyHardpoint2", "BuyItem":"$hpt_chafflauncher_tiny_name;", "BuyItem_Localised":"Chaff", "BuyPrice":8500, "Ship":"type6", "ShipID":2 }
{ "timestamp":"2016-12-20T17:37:38Z", "event":"ModuleBuy", "Slot":"PowerPlant", "SellItem":"$int_powerplant_size3_class2_name;", "SellItem_Localised":"Power Plant", "SellPrice":18812, "BuyItem":"$int_powerplant_size3_class4_name;", "BuyItem_Localised":"Power Plant", "BuyPrice":169304, "Ship":"type6", "ShipID":2 }
{ "timestamp":"2016-12-20T17:37:39Z", "event":"ShieldState", "ShieldsUp":false }
{ "timestamp":"2016-12-20T17:37:44Z", "event":"ShieldState", "ShieldsUp":true }
{ "timestamp":"2016-12-20T17:37:50Z", "event":"ModuleBuy", "Slot":"TinyHardpoint3", "SellItem":"$hpt_shieldbooster_size0_class2_name;", "SellItem_Localised":"Shield Booster", "SellPrice":23000, "BuyItem":"$hpt_shieldbooster_size0_class4_name;", "BuyItem_Localised":"Shield Booster", "BuyPrice":122000, "Ship":"type6", "ShipID":2 }
{ "timestamp":"2016-12-20T17:37:56Z", "event":"ModuleBuy", "Slot":"TinyHardpoint1", "BuyItem":"$hpt_shieldbooster_size0_class4_name;", "BuyItem_Localised":"Shield Booster", "BuyPrice":122000, "Ship":"type6", "ShipID":2 }
{ "timestamp":"2016-12-20T17:40:27Z", "event":"Undocked", "StationName":"So-yeon Dock", "StationType":"Orbis" }
{ "timestamp":"2016-12-20T17:41:54Z", "event":"FSDJump", "StarSystem":"HR 7793", "StarPos":[-70.188,-19.406,45.063], "SystemAllegiance":"Independent", "SystemEconomy":"$economy_Industrial;", "SystemEconomy_Localised":"Industrial", "SystemGovernment":"$government_Dictatorship;", "SystemGovernment_Localised":"Dictatorship", "SystemSecurity":"$SYSTEM_SECURITY_high;", "SystemSecurity_Localised":"High Security", "JumpDist":20.448, "FuelUsed":1.701241, "FuelLevel":14.298759, "SystemFaction":"Official HR 7793 Order" }
{ "timestamp":"2016-12-20T17:46:35Z", "event":"SupercruiseExit", "StarSystem":"HR 7793", "Body":"Benyovszky Ring", "BodyType":"Station" }
{ "timestamp":"2016-12-20T17:46:47Z", "event":"DockingRequested", "StationName":"Benyovszky Ring" }
{ "timestamp":"2016-12-20T17:46:47Z", "event":"ReceiveText", "From":"Benyovszky Ring", "Message":"$DockingChatter_Neutral;", "Message_Localised":"Ensure to observe starport protocol during your visit, pilot.", "Channel":"npc" }
{ "timestamp":"2016-12-20T17:46:48Z", "event":"ReceiveText", "From":"Benyovszky Ring", "Message":"$STATION_docking_granted;", "Message_Localised":"Docking request granted.", "Channel":"npc" }
{ "timestamp":"2016-12-20T17:46:48Z", "event":"DockingGranted", "LandingPad":30, "StationName":"Benyovszky Ring" }
{ "timestamp":"2016-12-20T17:46:58Z", "event":"ReceiveText", "From":"Benyovszky Ring", "Message":"$STATION_NoFireZone_entered;", "Message_Localised":"No fire zone entered.", "Channel":"npc" }
{ "timestamp":"2016-12-20T17:48:19Z", "event":"Docked", "StationName":"Benyovszky Ring", "StationType":"Coriolis", "StarSystem":"HR 7793", "StationFaction":"Official HR 7793 Order", "StationGovernment":"$government_Dictatorship;", "StationGovernment_Localised":"Dictatorship", "StationEconomy":"$economy_Industrial;", "StationEconomy_Localised":"Industrial" }
{ "timestamp":"2016-12-20T17:51:43Z", "event":"ModuleBuy", "Slot":"Slot01_Size5", "SellItem":"$int_cargorack_size4_class1_name;", "SellItem_Localised":"Cargo Rack", "SellPrice":34328, "BuyItem":"$int_passengercabin_size5_class3_name;", "BuyItem_Localised":"FC Passenger Cabin", "BuyPrice":340526, "Ship":"type6", "ShipID":2 }
{ "timestamp":"2016-12-20T17:52:21Z", "event":"ModuleBuy", "Slot":"Slot02_Size5", "SellItem":"$int_cargorack_size4_class1_name;", "SellItem_Localised":"Cargo Rack", "SellPrice":34328, "BuyItem":"$int_passengercabin_size5_class2_name;", "BuyItem_Localised":"BC Passenger Cabin", "BuyPrice":92362, "Ship":"type6", "ShipID":2 }
{ "timestamp":"2016-12-20T17:52:31Z", "event":"ModuleBuy", "Slot":"Slot04_Size4", "SellItem":"$int_cargorack_size3_class1_name;", "SellItem_Localised":"Cargo Rack", "SellPrice":10563, "BuyItem":"$int_passengercabin_size4_class1_name;", "BuyItem_Localised":"EC Passenger Cabin", "BuyPrice":18954, "Ship":"type6", "ShipID":2 }
{ "timestamp":"2016-12-20T17:52:40Z", "event":"ModuleBuy", "Slot":"Slot05_Size3", "BuyItem":"$int_passengercabin_size3_class1_name;", "BuyItem_Localised":"EC Passenger Cabin", "BuyPrice":8657, "Ship":"type6", "ShipID":2 }
{ "timestamp":"2016-12-20T17:53:16Z", "event":"ModuleBuy", "Slot":"Slot06_Size2", "SellItem":"$int_cargorack_size1_class1_name;", "SellItem_Localised":"Cargo Rack", "SellPrice":1000, "BuyItem":"$int_cargorack_size2_class1_name;", "BuyItem_Localised":"Cargo Rack", "BuyPrice":3250, "Ship":"type6", "ShipID":2 }
