{ "timestamp":"2017-02-25T22:12:09Z", "event":"Fileheader", "part":1, "language":"English\\UK", "gameversion":"2.2", "build":"r131487/r0 " }
{ "timestamp":"2017-02-25T22:12:52Z", "event":"LoadGame", "Commander":"Blantyre", "Ship":"Asp", "ShipID":13, "GameMode":"Solo", "Credits":41499303, "Loan":0 }
{ "timestamp":"2017-02-25T22:12:52Z", "event":"Rank", "Combat":4, "Trade":6, "Explore":5, "Empire":2, "Federation":7, "CQC":0 }
{ "timestamp":"2017-02-25T22:12:52Z", "event":"Progress", "Combat":37, "Trade":5, "Explore":26, "Empire":41, "Federation":16, "CQC":0 }
{ "timestamp":"2017-02-25T22:13:25Z", "event":"Location", "Docked":true, "StationName":"Al-Khujandi Enterprise", "StationType":"Coriolis", "StarSystem":"Muang", "StarPos":[17.031,-172.781,-3.469], "SystemAllegiance":"Empire", "SystemEconomy":"$economy_Extraction;", "SystemEconomy_Localised":"Extraction", "SystemGovernment":"$government_Dictatorship;", "SystemGovernment_Localised":"Dictatorship", "SystemSecurity":"$SYSTEM_SECURITY_high;", "SystemSecurity_Localised":"High Security", "Body":"Al-Khujandi Enterprise", "BodyType":"Station", "SystemFaction":"New Muang Defence Force", "FactionState":"Boom" }
{ "timestamp":"2017-02-25T22:13:25Z", "event":"Docked", "StationName":"Al-Khujandi Enterprise", "StationType":"Coriolis", "StarSystem":"Muang", "StationFaction":"New Muang Defence Force", "FactionState":"Boom", "StationGovernment":"$government_Dictatorship;", "StationGovernment_Localised":"Dictatorship", "StationAllegiance":"Empire", "StationEconomy":"$economy_Extraction;", "StationEconomy_Localised":"Extraction" }
{ "timestamp":"2017-02-25T22:15:06Z", "event":"ReceiveText", "From":"$npc_name_decorate:#name=Thurstanicus;", "From_Localised":"Thurstanicus", "Message":"$Commuter_AuthorityScan05;", "Message_Localised":"On what grounds are you scanning this vessel, officer?", "Channel":"npc" }
{ "timestamp":"2017-02-25T22:16:09Z", "event":"ReceiveText", "From":"$npc_name_decorate:#name=Julian Billen;", "From_Localised":"Julian Billen", "Message":"$Commuter_HostileScan04;", "Message_Localised":"This is not the trading ship you are looking for.", "Channel":"npc" }
{ "timestamp":"2017-02-25T22:17:33Z", "event":"ModuleStore", "Slot":"FrameShiftDrive", "StoredItem":"$int_hyperdrive_size5_class5_name;", "StoredItem_Localised":"FSD", "Ship":"asp", "ShipID":13, "EngineerModifications":"FSD_LongRange" }
{ "timestamp":"2017-02-25T22:17:43Z", "event":"ModuleStore", "Slot":"MainEngines", "StoredItem":"$int_engine_size5_class5_name;", "StoredItem_Localised":"Thrusters", "Ship":"asp", "ShipID":13, "EngineerModifications":"Engine_Tuned" }
{ "timestamp":"2017-02-25T22:17:45Z", "event":"ReceiveText", "From":"$npc_name_decorate:#name=Stephan Ditz;", "From_Localised":"Stephan Ditz", "Message":"$Commuter_AuthorityScan02;", "Message_Localised":"How can I be of assistance?", "Channel":"npc" }
{ "timestamp":"2017-02-25T22:17:56Z", "event":"ShipyardSwap", "ShipType":"python", "ShipID":16, "StoreOldShip":"Asp", "StoreShipID":13 }
{ "timestamp":"2017-02-25T22:18:10Z", "event":"Docked", "StationName":"Al-Khujandi Enterprise", "StationType":"Coriolis", "StarSystem":"Muang", "StationFaction":"New Muang Defence Force", "FactionState":"Boom", "StationGovernment":"$government_Dictatorship;", "StationGovernment_Localised":"Dictatorship", "StationAllegiance":"Empire", "StationEconomy":"$economy_Extraction;", "StationEconomy_Localised":"Extraction" }
{ "timestamp":"2017-02-25T22:18:37Z", "event":"ModuleRetrieve", "Slot":"FrameShiftDrive", "RetrievedItem":"$int_hyperdrive_size5_class5_name;", "RetrievedItem_Localised":"FSD", "Ship":"python", "ShipID":16, "EngineerModifications":"FSD_LongRange", "SwapOutItem":"$int_hyperdrive_size5_class1_name;", "SwapOutItem_Localised":"FSD", "Cost":0 }
{ "timestamp":"2017-02-25T22:19:20Z", "event":"ModuleBuy", "Slot":"MainEngines", "SellItem":"$int_engine_size6_class1_name;", "SellItem_Localised":"Thrusters", "SellPrice":199747, "BuyItem":"$int_engine_size6_class3_name;", "BuyItem_Localised":"Thrusters", "BuyPrice":1797726, "Ship":"python", "ShipID":16 }
{ "timestamp":"2017-02-25T22:20:09Z", "event":"ModuleSellRemote", "StorageSlot":46, "SellItem":"$int_hyperdrive_size5_class1_name;", "SellItem_Localised":"FSD", "ServerId":128064118, "SellPrice":53560, "Ship":"python", "ShipID":16 }
{ "timestamp":"2017-02-25T22:20:12Z", "event":"ModuleSellRemote", "StorageSlot":32, "SellItem":"$int_hyperdrive_size5_class1_name;", "SellItem_Localised":"FSD", "ServerId":128064118, "SellPrice":63012, "Ship":"python", "ShipID":16 }
{ "timestamp":"2017-02-25T22:20:16Z", "event":"ModuleSellRemote", "StorageSlot":33, "SellItem":"$int_hyperdrive_size5_class1_name;", "SellItem_Localised":"FSD", "ServerId":128064118, "SellPrice":63012, "Ship":"python", "ShipID":16 }
{ "timestamp":"2017-02-25T22:21:56Z", "event":"Undocked", "StationName":"Al-Khujandi Enterprise", "StationType":"Coriolis" }
{ "timestamp":"2017-02-25T22:22:35Z", "event":"ReceiveText", "From":"Al-Khujandi Enterprise", "Message":"$STATION_NoFireZone_exited;", "Message_Localised":"No fire zone left.", "Channel":"npc" }
{ "timestamp":"2017-02-25T22:22:45Z", "event":"ReceiveText", "From":"$npc_name_decorate:#name=Sam Swain;", "From_Localised":"Sam Swain", "Message":"$Commuter_AuthorityScan03;", "Message_Localised":"Will this take long? I’ve got a schedule to keep. ", "Channel":"npc" }
{ "timestamp":"2017-02-25T22:22:45Z", "event":"ReceiveText", "From":"$ShipName_Police_Empire;", "From_Localised":"Internal Security Service", "Message":"$Police_ThankYouPassedStopAndSearch01;", "Message_Localised":"Thank you for your cooperation, Commander.", "Channel":"npc" }
{ "timestamp":"2017-02-25T22:22:59Z", "event":"SupercruiseEntry", "StarSystem":"Muang" }
{ "timestamp":"2017-02-25T22:26:19Z", "event":"SupercruiseExit", "StarSystem":"Muang", "Body":"Muang 5 a", "BodyType":"Planet" }
{ "timestamp":"2017-02-25T22:26:53Z", "event":"DockingRequested", "StationName":"Broo's Legacy" }
{ "timestamp":"2017-02-25T22:26:53Z", "event":"ReceiveText", "From":"Broo's Legacy", "Message":"$DockingChatter_Cordial;", "Message_Localised":"Welcome back, Commander.", "Channel":"npc" }
{ "timestamp":"2017-02-25T22:26:55Z", "event":"ReceiveText", "From":"Broo's Legacy", "Message":"$STATION_docking_granted;", "Message_Localised":"Docking request granted.", "Channel":"npc" }
{ "timestamp":"2017-02-25T22:26:55Z", "event":"DockingGranted", "LandingPad":2, "StationName":"Broo's Legacy" }
{ "timestamp":"2017-02-25T22:27:00Z", "event":"ReceiveText", "From":"Broo's Legacy", "Message":"$STATION_NoFireZone_entered;", "Message_Localised":"No fire zone entered.", "Channel":"npc" }
{ "timestamp":"2017-02-25T22:27:51Z", "event":"Docked", "StationName":"Broo's Legacy", "StarSystem":"Muang", "StationFaction":"Broo Tarquin", "StationGovernment":"$government_Engineer;", "StationGovernment_Localised":"Workshop", "StationAllegiance":"Empire", "StationEconomy":"$economy_Colony;", "StationEconomy_Localised":"Colony" }
{ "timestamp":"2017-02-25T22:28:30Z", "event":"EngineerCraft", "Engineer":"Broo Tarquin", "Blueprint":"Weapon_Overcharged", "Level":2, "Ingredients":{"nickel":1, "conductivecomponents":1 } }
{ "timestamp":"2017-02-25T22:28:43Z", "event":"EngineerApply", "Engineer":"Broo Tarquin", "Blueprint":"Weapon_Overcharged", "Level":2 }
{ "timestamp":"2017-02-25T22:28:59Z", "event":"Screenshot", "Filename":"\\ED_Pictures\\HighResScreenShot_2017-02-25_22-28-59.bmp", "Width":7680, "Height":4320, "System":"Muang", "Body":"Muang 5 a" }
{ "timestamp":"2017-02-25T22:30:17Z", "event":"ModuleStore", "Slot":"MediumHardpoint2", "StoredItem":"$hpt_basicmissilerack_fixed_medium_name;", "StoredItem_Localised":"Seeker Missile Rack", "Ship":"python", "ShipID":16, "EngineerModifications":"Weapon_Sturdy" }
{ "timestamp":"2017-02-25T22:34:50Z", "event":"ModuleRetrieve", "Slot":"MediumHardpoint2", "RetrievedItem":"$hpt_basicmissilerack_fixed_medium_name;", "RetrievedItem_Localised":"Seeker Missile Rack", "Ship":"python", "ShipID":16, "EngineerModifications":"Weapon_Sturdy" }
{ "timestamp":"2017-02-25T22:35:08Z", "event":"RefuelAll", "Cost":10, "Amount":0.142228 }
{ "timestamp":"2017-02-25T22:38:11Z", "event":"Undocked", "StationName":"Broo's Legacy" }
{ "timestamp":"2017-02-25T22:38:33Z", "event":"ReceiveText", "From":"Broo's Legacy", "Message":"$STATION_NoFireZone_exited;", "Message_Localised":"No fire zone left.", "Channel":"npc" }
{ "timestamp":"2017-02-25T22:38:59Z", "event":"SupercruiseEntry", "StarSystem":"Muang" }
{ "timestamp":"2017-02-25T22:40:43Z", "event":"ReceiveText", "From":"$npc_name_decorate:#name=Cruise Ship;", "From_Localised":"Cruise Ship", "Message":"$CruiseLiner_SCPatrol05;", "Message_Localised":"This is your captain. Due to some unforeseen delays, we will be arriving at our next destination later than scheduled.", "Channel":"npc" }
{ "timestamp":"2017-02-25T22:41:20Z", "event":"ReceiveText", "From":"$npc_name_decorate:#name=Cruise Ship;", "From_Localised":"Cruise Ship", "Message":"$CruiseLiner_SCPatrol01;", "Message_Localised":"And don't forget, this Liner is in the top 1% of all Liners out there.", "Channel":"npc" }
{ "timestamp":"2017-02-25T22:43:49Z", "event":"ApproachSettlement", "Name":"Stasheff Prospect" }
{ "timestamp":"2017-02-25T22:43:55Z", "event":"SupercruiseExit", "StarSystem":"Muang", "Body":"Muang 3", "BodyType":"Planet" }
{ "timestamp":"2017-02-25T22:44:17Z", "event":"ReceiveText", "From":"Stasheff Prospect", "Message":"$STATION_NoFireZone_entered;", "Message_Localised":"No fire zone entered.", "Channel":"npc" }
{ "timestamp":"2017-02-25T22:44:18Z", "event":"DockingRequested", "StationName":"Stasheff Prospect" }
{ "timestamp":"2017-02-25T22:44:18Z", "event":"ReceiveText", "From":"Stasheff Prospect", "Message":"$DockingChatter_Neutral;", "Message_Localised":"Ensure to observe starport protocol during your visit, pilot.", "Channel":"npc" }
{ "timestamp":"2017-02-25T22:44:19Z", "event":"ReceiveText", "From":"Stasheff Prospect", "Message":"$STATION_docking_granted;", "Message_Localised":"Docking request granted.", "Channel":"npc" }
{ "timestamp":"2017-02-25T22:44:19Z", "event":"DockingGranted", "LandingPad":9, "StationName":"Stasheff Prospect" }
{ "timestamp":"2017-02-25T22:45:09Z", "event":"ReceiveText", "From":"$ShipName_Police_Empire;", "From_Localised":"Internal Security Service", "Message":"$Police_ThankYouPassedStopAndSearch02;", "Message_Localised":"You're clean. Proceed, pilot.", "Channel":"npc" }
{ "timestamp":"2017-02-25T22:45:10Z", "event":"Docked", "StationName":"Stasheff Prospect", "StarSystem":"Muang", "StationFaction":"Muang Blue Creative Corporation", "FactionState":"Boom", "StationGovernment":"$government_Corporate;", "StationGovernment_Localised":"Corporate", "StationAllegiance":"Empire", "StationEconomy":"$economy_Refinery;", "StationEconomy_Localised":"Refinery" }
{ "timestamp":"2017-02-25T22:46:03Z", "event":"ModuleBuy", "Slot":"Slot07_Size3", "SellItem":"$int_cargorack_size3_class1_name;", "SellItem_Localised":"Cargo Rack", "SellPrice":10563, "BuyItem":"$int_fuelscoop_size3_class4_name;", "BuyItem_Localised":"Fuel Scoop", "BuyPrice":225738, "Ship":"python", "ShipID":16 }
{ "timestamp":"2017-02-25T22:47:41Z", "event":"Undocked", "StationName":"Stasheff Prospect" }
{ "timestamp":"2017-02-25T22:48:03Z", "event":"ReceiveText", "From":"Stasheff Prospect", "Message":"$STATION_NoFireZone_exited;", "Message_Localised":"No fire zone left.", "Channel":"npc" }
{ "timestamp":"2017-02-25T22:48:10Z", "event":"SupercruiseEntry", "StarSystem":"Muang" }
{ "timestamp":"2017-02-25T22:50:05Z", "event":"USSDrop", "USSType":"$USS_Type_VeryValuableSalvage;", "USSType_Localised":"High grade emissions detected", "USSThreat":0 }
{ "timestamp":"2017-02-25T22:50:06Z", "event":"SupercruiseExit", "StarSystem":"Muang", "Body":"Muang 3", "BodyType":"Planet" }
{ "timestamp":"2017-02-25T22:50:43Z", "event":"MaterialCollected", "Category":"Manufactured", "Name":"protoradiolicalloys", "Count":3 }
{ "timestamp":"2017-02-25T22:50:59Z", "event":"MaterialCollected", "Category":"Manufactured", "Name":"protolightalloys", "Count":3 }
{ "timestamp":"2017-02-25T22:52:12Z", "event":"SupercruiseEntry", "StarSystem":"Muang" }
{ "timestamp":"2017-02-25T22:54:28Z", "event":"SupercruiseExit", "StarSystem":"Muang", "Body":"Hyakutake Settlement", "BodyType":"Station" }
{ "timestamp":"2017-02-25T22:54:39Z", "event":"DockingRequested", "StationName":"Hyakutake Settlement" }
{ "timestamp":"2017-02-25T22:54:39Z", "event":"ReceiveText", "From":"Hyakutake Settlement", "Message":"$DockingChatter_Neutral;", "Message_Localised":"Ensure to observe starport protocol during your visit, pilot.", "Channel":"npc" }
{ "timestamp":"2017-02-25T22:54:40Z", "event":"ReceiveText", "From":"Hyakutake Settlement", "Message":"$STATION_docking_granted;", "Message_Localised":"Docking request granted.", "Channel":"npc" }
{ "timestamp":"2017-02-25T22:54:40Z", "event":"DockingGranted", "LandingPad":3, "StationName":"Hyakutake Settlement" }
{ "timestamp":"2017-02-25T22:54:52Z", "event":"ReceiveText", "From":"Hyakutake Settlement", "Message":"$STATION_NoFireZone_entered;", "Message_Localised":"No fire zone entered.", "Channel":"npc" }
{ "timestamp":"2017-02-25T22:56:12Z", "event":"Docked", "StationName":"Hyakutake Settlement", "StationType":"Outpost", "StarSystem":"Muang", "StationFaction":"New Muang Defence Force", "FactionState":"Boom", "StationGovernment":"$government_Dictatorship;", "StationGovernment_Localised":"Dictatorship", "StationAllegiance":"Empire", "StationEconomy":"$economy_Extraction;", "StationEconomy_Localised":"Extraction" }
{ "timestamp":"2017-02-25T22:57:06Z", "event":"ModuleBuy", "Slot":"Slot07_Size3", "SellItem":"$int_fuelscoop_size3_class4_name;", "SellItem_Localised":"Fuel Scoop", "SellPrice":225738, "BuyItem":"$int_fuelscoop_size3_class5_name;", "BuyItem_Localised":"Fuel Scoop", "BuyPrice":902954, "Ship":"python", "ShipID":16 }
{ "timestamp":"2017-02-25T22:57:16Z", "event":"RefuelAll", "Cost":20, "Amount":0.381193 }
{ "timestamp":"2017-02-25T22:57:42Z", "event":"Undocked", "StationName":"Hyakutake Settlement", "StationType":"Outpost" }
{ "timestamp":"2017-02-25T22:58:30Z", "event":"ReceiveText", "From":"Hyakutake Settlement", "Message":"$STATION_NoFireZone_exited;", "Message_Localised":"No fire zone left.", "Channel":"npc" }
{ "timestamp":"2017-02-25T22:58:30Z", "event":"ReceiveText", "From":"$npc_name_decorate:#name=Patreus Sentinel;", "From_Localised":"Patreus Sentinel", "Message":"$Generic_NoAttackGeneric02;", "Message_Localised":"Well, you were a complete waste of my time and effort.", "Channel":"npc" }
{ "timestamp":"2017-02-25T22:58:49Z", "event":"ReceiveText", "From":"Hyakutake Settlement", "Message":"$STATION_NoFireZone_entered;", "Message_Localised":"No fire zone entered.", "Channel":"npc" }
{ "timestamp":"2017-02-25T22:59:18Z", "event":"FSDJump", "StarSystem":"Ditae", "StarPos":[0.938,-157.344,-6.219], "SystemAllegiance":"Empire", "SystemEconomy":"$economy_Industrial;", "SystemEconomy_Localised":"Industrial", "SystemGovernment":"$government_Patronage;", "SystemGovernment_Localised":"Patronage", "SystemSecurity":"$SYSTEM_SECURITY_medium;", "SystemSecurity_Localised":"Medium Security", "JumpDist":22.470, "FuelUsed":4.858706, "FuelLevel":27.141294, "SystemFaction":"Ditae Empire League" }
{ "timestamp":"2017-02-25T23:00:04Z", "event":"FuelScoop", "Scooped":4.210878, "Total":31.352173 }
{ "timestamp":"2017-02-25T23:00:33Z", "event":"FSDJump", "StarSystem":"Targamu", "StarPos":[-6.781,-137.344,-11.656], "SystemAllegiance":"Empire", "SystemEconomy":"$economy_Extraction;", "SystemEconomy_Localised":"Extraction", "SystemGovernment":"$government_Corporate;", "SystemGovernment_Localised":"Corporate", "SystemSecurity":"$SYSTEM_SECURITY_low;", "SystemSecurity_Localised":"Low Security", "JumpDist":22.117, "FuelUsed":4.663472, "FuelLevel":26.688702, "SystemFaction":"Targamu Group" }
{ "timestamp":"2017-02-25T23:01:08Z", "event":"HeatWarning" }
{ "timestamp":"2017-02-25T23:01:47Z", "event":"FSDJump", "StarSystem":"Ceti Sector MS-T b3-1", "StarPos":[-4.063,-115.875,-9.781], "SystemAllegiance":"", "SystemEconomy":"$economy_None;", "SystemEconomy_Localised":"None", "SystemGovernment":"$government_None;", "SystemGovernment_Localised":"None", "SystemSecurity":"$SYSTEM_SECURITY_low;", "SystemSecurity_Localised":"Low Security", "JumpDist":21.721, "FuelUsed":4.391656, "FuelLevel":22.297047 }
{ "timestamp":"2017-02-25T23:02:45Z", "event":"FSDJump", "StarSystem":"Mehudti", "StarPos":[-12.469,-99.281,-20.938], "SystemAllegiance":"Independent", "SystemEconomy":"$economy_Refinery;", "SystemEconomy_Localised":"Refinery", "SystemGovernment":"$government_Dictatorship;", "SystemGovernment_Localised":"Dictatorship", "SystemSecurity":"$SYSTEM_SECURITY_low;", "SystemSecurity_Localised":"Low Security", "JumpDist":21.691, "FuelUsed":4.311092, "FuelLevel":17.985954, "SystemFaction":"Nationalists of Tarach Tor", "FactionState":"Boom" }
{ "timestamp":"2017-02-25T23:04:28Z", "event":"FuelScoop", "Scooped":11.645145, "Total":29.631100 }
{ "timestamp":"2017-02-25T23:05:06Z", "event":"FSDJump", "StarSystem":"Tarach Tor", "StarPos":[-13.125,-81.000,-20.281], "SystemAllegiance":"Independent", "SystemEconomy":"$economy_HighTech;", "SystemEconomy_Localised":"High tech", "SystemGovernment":"$government_Dictatorship;", "SystemGovernment_Localised":"Dictatorship", "SystemSecurity":"$SYSTEM_SECURITY_low;", "SystemSecurity_Localised":"Low Security", "JumpDist":18.305, "FuelUsed":2.916616, "FuelLevel":26.714483, "SystemFaction":"Guardians of Tranquillity", "FactionState":"Retreat" }
{ "timestamp":"2017-02-25T23:06:12Z", "event":"FuelScoop", "Scooped":5.285517, "Total":32.000000 }
{ "timestamp":"2017-02-25T23:06:46Z", "event":"FSDJump", "StarSystem":"Minerva", "StarPos":[-22.063,-64.938,-15.125], "SystemAllegiance":"Federation", "SystemEconomy":"$economy_HighTech;", "SystemEconomy_Localised":"High tech", "SystemGovernment":"$government_Democracy;", "SystemGovernment_Localised":"Democracy", "SystemSecurity":"$SYSTEM_SECURITY_medium;", "SystemSecurity_Localised":"Medium Security", "JumpDist":19.091, "FuelUsed":3.259320, "FuelLevel":28.740679, "SystemFaction":"Elite German Commanders", "FactionState":"Boom" }
{ "timestamp":"2017-02-25T23:07:39Z", "event":"FuelScoop", "Scooped":3.259321, "Total":32.000000 }
{ "timestamp":"2017-02-25T23:08:21Z", "event":"FSDJump", "StarSystem":"LHS 1212", "StarPos":[-20.000,-42.625,-18.313], "SystemAllegiance":"Federation", "SystemEconomy":"$economy_HighTech;", "SystemEconomy_Localised":"High tech", "SystemGovernment":"$government_Democracy;", "SystemGovernment_Localised":"Democracy", "SystemSecurity":"$SYSTEM_SECURITY_high;", "SystemSecurity_Localised":"High Security", "JumpDist":22.633, "FuelUsed":4.945725, "FuelLevel":27.054276, "SystemFaction":"Revolutionary Party of LHS 1212", "FactionState":"Boom" }
{ "timestamp":"2017-02-25T23:09:42Z", "event":"FuelScoop", "Scooped":4.945724, "Total":32.000000 }
{ "timestamp":"2017-02-25T23:10:05Z", "event":"FSDJump", "StarSystem":"LP 404-33", "StarPos":[-24.688,-22.750,-8.875], "SystemAllegiance":"", "SystemEconomy":"$economy_None;", "SystemEconomy_Localised":"None", "SystemGovernment":"$government_None;", "SystemGovernment_Localised":"None", "SystemSecurity":"$SYSTEM_SECURITY_low;", "SystemSecurity_Localised":"Low Security", "JumpDist":22.496, "FuelUsed":4.872281, "FuelLevel":27.127720 }
{ "timestamp":"2017-02-25T23:10:33Z", "event":"FuelScoop", "Scooped":1.365171, "Total":28.492891 }
{ "timestamp":"2017-02-25T23:11:04Z", "event":"FSDJump", "StarSystem":"LHS 71", "StarPos":[-20.031,-1.156,-7.406], "SystemAllegiance":"Federation", "SystemEconomy":"$economy_Industrial;", "SystemEconomy_Localised":"Industrial", "SystemGovernment":"$government_Democracy;", "SystemGovernment_Localised":"Democracy", "SystemSecurity":"$SYSTEM_SECURITY_high;", "SystemSecurity_Localised":"High Security", "JumpDist":22.139, "FuelUsed":4.629502, "FuelLevel":23.863388, "SystemFaction":"Democrats of LHS 71" }
{ "timestamp":"2017-02-25T23:12:07Z", "event":"FuelScoop", "Scooped":4.979160, "Total":28.842548 }
{ "timestamp":"2017-02-25T23:12:53Z", "event":"FSDJump", "StarSystem":"Guangul", "StarPos":[-27.500,14.313,-2.281], "SystemAllegiance":"Federation", "SystemEconomy":"$economy_Refinery;", "SystemEconomy_Localised":"Refinery", "SystemGovernment":"$government_Corporate;", "SystemGovernment_Localised":"Corporate", "SystemSecurity":"$SYSTEM_SECURITY_medium;", "SystemSecurity_Localised":"Medium Security", "JumpDist":17.926, "FuelUsed":2.763413, "FuelLevel":26.079136, "SystemFaction":"Guangul Natural PLC", "FactionState":"Boom" }
{ "timestamp":"2017-02-25T23:13:32Z", "event":"FuelScoop", "Scooped":2.868195, "Total":28.947330 }
{ "timestamp":"2017-02-25T23:14:06Z", "event":"FSDJump", "StarSystem":"h Draconis", "StarPos":[-39.844,29.563,-3.906], "SystemAllegiance":"Federation", "SystemEconomy":"$economy_Industrial;", "SystemEconomy_Localised":"Industrial", "SystemGovernment":"$government_Democracy;", "SystemGovernment_Localised":"Democracy", "SystemSecurity":"$SYSTEM_SECURITY_medium;", "SystemSecurity_Localised":"Medium Security", "JumpDist":19.687, "FuelUsed":3.477939, "FuelLevel":25.469391, "SystemFaction":"h Draconis Resistance" }
{ "timestamp":"2017-02-25T23:14:42Z", "event":"FuelScoop", "Scooped":2.354036, "Total":27.823427 }
{ "timestamp":"2017-02-25T23:17:13Z", "event":"FSDJump", "StarSystem":"Taran", "StarPos":[-42.500,45.469,-3.000], "SystemAllegiance":"", "SystemEconomy":"$economy_None;", "SystemEconomy_Localised":"None", "SystemGovernment":"$government_None;", "SystemGovernment_Localised":"None", "SystemSecurity":"$SYSTEM_SECURITY_low;", "SystemSecurity_Localised":"Low Security", "JumpDist":16.152, "FuelUsed":2.133441, "FuelLevel":25.689985 }
{ "timestamp":"2017-02-25T23:17:47Z", "event":"FuelScoop", "Scooped":1.980659, "Total":27.670645 }
{ "timestamp":"2017-02-25T23:18:28Z", "event":"FSDJump", "StarSystem":"Rahu", "StarPos":[-43.781,62.438,-0.250], "SystemAllegiance":"Alliance", "SystemEconomy":"$economy_Refinery;", "SystemEconomy_Localised":"Refinery", "SystemGovernment":"$government_Corporate;", "SystemGovernment_Localised":"Corporate", "SystemSecurity":"$SYSTEM_SECURITY_medium;", "SystemSecurity_Localised":"Medium Security", "JumpDist":17.238, "FuelUsed":2.500884, "FuelLevel":25.169760, "SystemFaction":"Rahu Power Industry", "FactionState":"Boom" }
{ "timestamp":"2017-02-25T23:22:01Z", "event":"SupercruiseExit", "StarSystem":"Rahu", "Body":"Acharya Station", "BodyType":"Station" }
{ "timestamp":"2017-02-25T23:22:30Z", "event":"ReceiveText", "From":"Acharya Station", "Message":"$STATION_NoFireZone_entered;", "Message_Localised":"No fire zone entered.", "Channel":"npc" }
{ "timestamp":"2017-02-25T23:22:33Z", "event":"DockingRequested", "StationName":"Acharya Station" }
{ "timestamp":"2017-02-25T23:22:33Z", "event":"ReceiveText", "From":"Acharya Station", "Message":"$DockingChatter_Neutral;", "Message_Localised":"Ensure to observe starport protocol during your visit, pilot.", "Channel":"npc" }
{ "timestamp":"2017-02-25T23:22:34Z", "event":"ReceiveText", "From":"Acharya Station", "Message":"$STATION_docking_granted;", "Message_Localised":"Docking request granted.", "Channel":"npc" }
{ "timestamp":"2017-02-25T23:22:34Z", "event":"DockingGranted", "LandingPad":35, "StationName":"Acharya Station" }
{ "timestamp":"2017-02-25T23:22:52Z", "event":"ReceiveText", "From":"$ShipName_Police_Alliance;", "From_Localised":"Allied Police Forces", "Message":"$Police_ThankYouPassedStopAndSearch05;", "Message_Localised":"Scan finished. Be about your business.", "Channel":"npc" }
{ "timestamp":"2017-02-25T23:23:08Z", "event":"Docked", "StationName":"Acharya Station", "StationType":"Coriolis", "StarSystem":"Rahu", "StationFaction":"Rahu Power Industry", "FactionState":"Boom", "StationGovernment":"$government_Corporate;", "StationGovernment_Localised":"Corporate", "StationAllegiance":"Alliance", "StationEconomy":"$economy_Refinery;", "StationEconomy_Localised":"Refinery" }
{ "timestamp":"2017-02-25T23:23:39Z", "event":"CommunityGoalJoin", "Name":"The Rahu Combat Operation", "System":"Rahu" }
{ "timestamp":"2017-02-25T23:23:57Z", "event":"ShipyardTransfer", "ShipType":"Vulture", "ShipID":15, "System":"LP 339-7", "Distance":80.527138, "TransferPrice":105117 }
{ "timestamp":"2017-02-25T23:24:02Z", "event":"RefuelAll", "Cost":374, "Amount":7.450990 }
{ "timestamp":"2017-02-25T23:24:04Z", "event":"RepairAll", "Cost":375 }
{ "timestamp":"2017-02-25T23:24:04Z", "event":"BuyAmmo", "Cost":50 }
{ "timestamp":"2017-02-25T23:24:14Z", "event":"SellExplorationData", "Systems":[ "Targamu", "Mehudti", "LP 404-33", "Ceti Sector MS-T b3-1", "Guangul" ], "Discovered":[  ], "BaseValue":9180, "Bonus":0 }
{ "timestamp":"2017-02-25T23:26:03Z", "event":"LoadGame", "Commander":"Blantyre", "Ship":"Python", "ShipID":16, "GameMode":"Solo", "Credits":38965727, "Loan":0 }
{ "timestamp":"2017-02-25T23:26:03Z", "event":"Rank", "Combat":4, "Trade":6, "Explore":5, "Empire":2, "Federation":7, "CQC":0 }
{ "timestamp":"2017-02-25T23:26:03Z", "event":"Progress", "Combat":37, "Trade":5, "Explore":26, "Empire":41, "Federation":16, "CQC":0 }
{ "timestamp":"2017-02-25T23:26:21Z", "event":"Location", "Docked":true, "StationName":"Acharya Station", "StationType":"Coriolis", "StarSystem":"Rahu", "StarPos":[-43.781,62.438,-0.250], "SystemAllegiance":"Alliance", "SystemEconomy":"$economy_Refinery;", "SystemEconomy_Localised":"Refinery", "SystemGovernment":"$government_Corporate;", "SystemGovernment_Localised":"Corporate", "SystemSecurity":"$SYSTEM_SECURITY_medium;", "SystemSecurity_Localised":"Medium Security", "Body":"Acharya Station", "BodyType":"Station", "SystemFaction":"Rahu Power Industry", "FactionState":"Boom" }
{ "timestamp":"2017-02-25T23:26:21Z", "event":"Docked", "StationName":"Acharya Station", "StationType":"Coriolis", "StarSystem":"Rahu", "StationFaction":"Rahu Power Industry", "FactionState":"Boom", "StationGovernment":"$government_Corporate;", "StationGovernment_Localised":"Corporate", "StationAllegiance":"Alliance", "StationEconomy":"$economy_Refinery;", "StationEconomy_Localised":"Refinery" }
{ "timestamp":"2017-02-25T23:26:59Z", "event":"Undocked", "StationName":"Acharya Station", "StationType":"Coriolis" }
{ "timestamp":"2017-02-25T23:27:53Z", "event":"ReceiveText", "From":"Acharya Station", "Message":"$STATION_NoFireZone_exited;", "Message_Localised":"No fire zone left.", "Channel":"npc" }
{ "timestamp":"2017-02-25T23:29:20Z", "event":"SupercruiseEntry", "StarSystem":"Rahu" }
{ "timestamp":"2017-02-25T23:31:43Z", "event":"ReceiveText", "From":"$npc_name_decorate:#name=Wedding Barge;", "From_Localised":"Wedding Barge", "Message":"$ConvoyWedding_Patrol06;", "Message_Localised":"I still haven't written my vows. What can I say?", "Channel":"npc" }
{ "timestamp":"2017-02-25T23:31:46Z", "event":"SupercruiseExit", "StarSystem":"Rahu", "Body":"Rahu 3 A Ring", "BodyType":"PlanetaryRing" }
{ "timestamp":"2017-02-25T23:32:22Z", "event":"ReceiveText", "From":"$npc_name_decorate:#name=The McLay;", "From_Localised":"The McLay", "Message":"$Pirate_OnDeclarePiracyAttack02;", "Message_Localised":"You choose death then. Very well.", "Channel":"npc" }
{ "timestamp":"2017-02-25T23:32:22Z", "event":"ReceiveText", "From":"$npc_name_decorate:#name=Robert Elhart;", "From_Localised":"Robert Elhart", "Message":"$Escort_AttackDutyStart02;", "Message_Localised":"Hostiles detected, protect the lead ship at all costs.", "Channel":"npc" }
{ "timestamp":"2017-02-25T23:32:24Z", "event":"ReceiveText", "From":"$npc_name_decorate:#name=The McLay;", "From_Localised":"The McLay", "Message":"$Pirate_OnStartScanCargo04;", "Message_Localised":"What do you carry, I wonder?", "Channel":"npc" }
{ "timestamp":"2017-02-25T23:33:11Z", "event":"ReceiveText", "From":"$npc_name_decorate:#name=Alliance Enforcer;", "From_Localised":"Alliance Enforcer", "Message":"$Generic_NoAttackGeneric05;", "Message_Localised":"Another ship, another useless spacer. Get out of my way!", "Channel":"npc" }
{ "timestamp":"2017-02-25T23:33:24Z", "event":"ShieldState", "ShieldsUp":false }
{ "timestamp":"2017-02-25T23:33:41Z", "event":"Bounty", "Rewards":[ { "Faction":"Rahu Power Industry", "Reward":400 }, { "Faction":"Alliance", "Reward":119272 } ], "Target":"empire_trader", "TotalReward":119672, "VictimFaction":"Rahu Society" }
{ "timestamp":"2017-02-25T23:33:57Z", "event":"ReceiveText", "From":"$npc_name_decorate:#name=Robert Elhart;", "From_Localised":"Robert Elhart", "Message":"$BadKarmaCriticalDamage07;", "Message_Localised":"Too much damage!", "Channel":"npc" }
{ "timestamp":"2017-02-25T23:34:06Z", "event":"Bounty", "Rewards":[ { "Faction":"Rahu Power Industry", "Reward":21192 } ], "Target":"empire_eagle", "TotalReward":21192, "VictimFaction":"Rahu Society" }
{ "timestamp":"2017-02-25T23:34:17Z", "event":"ReceiveText", "From":"$ShipName_Police_Alliance;", "From_Localised":"Allied Police Forces", "Message":"$Police_ThankYouPassedStopAndSearch05;", "Message_Localised":"Scan finished. Be about your business.", "Channel":"npc" }
{ "timestamp":"2017-02-25T23:34:23Z", "event":"ReceiveText", "From":"$ShipName_Police_Alliance;", "From_Localised":"Allied Police Forces", "Message":"$Police_ThankYouPassedStopAndSearch10;", "Message_Localised":"Everything looks fine, Commander. Have a good day.", "Channel":"npc" }
{ "timestamp":"2017-02-25T23:34:25Z", "event":"ShieldState", "ShieldsUp":true }
{ "timestamp":"2017-02-25T23:34:49Z", "event":"MaterialCollected", "Category":"Encoded", "Name":"shielddensityreports", "Count":3 }
{ "timestamp":"2017-02-25T23:34:53Z", "event":"ReceiveText", "From":"$npc_name_decorate:#name=Anthony E Wallace;", "From_Localised":"Anthony E Wallace", "Message":"$Pirate_OnDeclarePiracyAttack03;", "Message_Localised":"Now you die, victim.", "Channel":"npc" }
{ "timestamp":"2017-02-25T23:34:54Z", "event":"ReceiveText", "From":"$ShipName_Police_Alliance;", "From_Localised":"Allied Police Forces", "Message":"$Police_ArrivedAtInvestigationLocation06;", "Message_Localised":"Crime response team in situ. Security sweep and scan commencing.", "Channel":"npc" }
{ "timestamp":"2017-02-25T23:35:13Z", "event":"ReceiveText", "From":"$npc_name_decorate:#name=Anthony E Wallace;", "From_Localised":"Anthony E Wallace", "Message":"$BadKarmaCriticalDamage10;", "Message_Localised":"You've scratched my paint!", "Channel":"npc" }
{ "timestamp":"2017-02-25T23:35:18Z", "event":"Bounty", "Rewards":[ { "Faction":"Rahu Power Industry", "Reward":20382 } ], "Target":"empire_eagle", "TotalReward":20382, "VictimFaction":"LTT 14437 Inc" }
{ "timestamp":"2017-02-25T23:35:37Z", "event":"ReceiveText", "From":"$npc_name_decorate:#name=John Cardozo;", "From_Localised":"John Cardozo", "Message":"$BadKarmaCriticalDamage05;", "Message_Localised":"No, no!", "Channel":"npc" }
{ "timestamp":"2017-02-25T23:35:40Z", "event":"Bounty", "Rewards":[ { "Faction":"Rahu Power Industry", "Reward":9440 } ], "Target":"eagle", "TotalReward":9440, "VictimFaction":"LTT 14437 Inc" }
{ "timestamp":"2017-02-25T23:37:38Z", "event":"ReceiveText", "From":"$npc_name_decorate:#name=Adam McDonagh;", "From_Localised":"Adam McDonagh", "Message":"$BadKarmaCriticalDamage05;", "Message_Localised":"No, no!", "Channel":"npc" }
{ "timestamp":"2017-02-25T23:37:51Z", "event":"Bounty", "Rewards":[ { "Faction":"Rahu Power Industry", "Reward":600 }, { "Faction":"Alliance", "Reward":68400 } ], "Target":"asp_scout", "TotalReward":69000, "VictimFaction":"Rahu Society" }
{ "timestamp":"2017-02-25T23:38:00Z", "event":"ReceiveText", "From":"$npc_name_decorate:#name=ASH;", "From_Localised":"ASH", "Message":"$Pirate_OnStartScanCargo05;", "Message_Localised":"What treats do you carry?", "Channel":"npc" }
{ "timestamp":"2017-02-25T23:38:10Z", "event":"ReceiveText", "From":"$npc_name_decorate:#name=ASH;", "From_Localised":"ASH", "Message":"$Pirate_OnNoCargoFound08;", "Message_Localised":"A wasted effort. There's no cargo here.", "Channel":"npc" }
{ "timestamp":"2017-02-25T23:38:29Z", "event":"ReceiveText", "From":"$ShipName_Police_Alliance;", "From_Localised":"Allied Police Forces", "Message":"$Police_ThankYouPassedStopAndSearch03;", "Message_Localised":"All clear. Carry on, pilot.", "Channel":"npc" }
{ "timestamp":"2017-02-25T23:38:30Z", "event":"ReceiveText", "From":"$npc_name_decorate:#name=ASH;", "From_Localised":"ASH", "Message":"$Pirate_OnDeclarePiracyAttack01;", "Message_Localised":"I'll pick your bones clean, greenhorn.", "Channel":"npc" }
{ "timestamp":"2017-02-25T23:38:54Z", "event":"ReceiveText", "From":"$npc_name_decorate:#name=ASH;", "From_Localised":"ASH", "Message":"$BadKarmaCriticalDamage06;", "Message_Localised":"I hadn't expected this.", "Channel":"npc" }
{ "timestamp":"2017-02-25T23:39:02Z", "event":"Bounty", "Rewards":[ { "Faction":"Rahu Power Industry", "Reward":200 }, { "Faction":"Alliance", "Reward":6540 } ], "Target":"sidewinder", "TotalReward":6740, "VictimFaction":"Rahu Society" }
{ "timestamp":"2017-02-25T23:39:16Z", "event":"ReceiveText", "From":"$ShipName_Police_Alliance;", "From_Localised":"Allied Police Forces", "Message":"$Police_ThankYouPassedStopAndSearch06;", "Message_Localised":"We're done here pilot, move along.", "Channel":"npc" }
{ "timestamp":"2017-02-25T23:39:33Z", "event":"ReceiveText", "From":"$npc_name_decorate:#name=Adam Woksta;", "From_Localised":"Adam Woksta", "Message":"$Pirate_OnStartScanCargo04;", "Message_Localised":"What do you carry, I wonder?", "Channel":"npc" }
{ "timestamp":"2017-02-25T23:40:02Z", "event":"Bounty", "Rewards":[ { "Faction":"Rahu Power Industry", "Reward":200 }, { "Faction":"Alliance", "Reward":17100 } ], "Target":"eagle", "TotalReward":17300, "VictimFaction":"Rahu Society" }
{ "timestamp":"2017-02-25T23:41:16Z", "event":"Bounty", "Rewards":[ { "Faction":"Rahu Power Industry", "Reward":200 }, { "Faction":"Alliance", "Reward":18900 } ], "Target":"empire_eagle", "TotalReward":19100, "VictimFaction":"Rahu Society" }
{ "timestamp":"2017-02-25T23:41:42Z", "event":"ReceiveText", "From":"$npc_name_decorate:#name=Owen;", "From_Localised":"Owen", "Message":"$Pirate_OnDeclarePiracyAttack02;", "Message_Localised":"You choose death then. Very well.", "Channel":"npc" }
{ "timestamp":"2017-02-25T23:41:57Z", "event":"ReceiveText", "From":"$npc_name_decorate:#name=Owen;", "From_Localised":"Owen", "Message":"$BadKarmaCriticalDamage10;", "Message_Localised":"You've scratched my paint!", "Channel":"npc" }
{ "timestamp":"2017-02-25T23:42:02Z", "event":"Bounty", "Rewards":[ { "Faction":"Rahu Power Industry", "Reward":200 }, { "Faction":"Alliance", "Reward":45044 } ], "Target":"viper", "TotalReward":45244, "VictimFaction":"Rahu Society" }
{ "timestamp":"2017-02-25T23:42:53Z", "event":"SupercruiseEntry", "StarSystem":"Rahu" }
{ "timestamp":"2017-02-25T23:43:37Z", "event":"ReceiveText", "From":"$npc_name_decorate:#name=Cruise Ship;", "From_Localised":"Cruise Ship", "Message":"$CruiseLiner_SCPatrol01;", "Message_Localised":"And don't forget, this Liner is in the top 1% of all Liners out there.", "Channel":"npc" }
{ "timestamp":"2017-02-25T23:44:26Z", "event":"ReceiveText", "From":"$npc_name_decorate:#name=Cruise Ship;", "From_Localised":"Cruise Ship", "Message":"$CruiseLiner_SCPatrol02;", "Message_Localised":"We will be cruising in-system for a while, please feel free to take advantage of our in-flight entertainment.", "Channel":"npc" }
{ "timestamp":"2017-02-25T23:44:58Z", "event":"ReceiveText", "From":"$npc_name_decorate:#name=Cruise Ship;", "From_Localised":"Cruise Ship", "Message":"$CruiseLiner_SCPatrol05;", "Message_Localised":"This is your captain. Due to some unforeseen delays, we will be arriving at our next destination later than scheduled.", "Channel":"npc" }
{ "timestamp":"2017-02-25T23:45:36Z", "event":"ReceiveText", "From":"$npc_name_decorate:#name=Cruise Ship;", "From_Localised":"Cruise Ship", "Message":"$CruiseLiner_SCPatrol05;", "Message_Localised":"This is your captain. Due to some unforeseen delays, we will be arriving at our next destination later than scheduled.", "Channel":"npc" }
{ "timestamp":"2017-02-25T23:46:07Z", "event":"SupercruiseExit", "StarSystem":"Rahu", "Body":"Acharya Station", "BodyType":"Station" }
{ "timestamp":"2017-02-25T23:46:08Z", "event":"ReceiveText", "From":"$npc_name_decorate:#name=Cruise Ship;", "From_Localised":"Cruise Ship", "Message":"$CruiseLiner_SCPatrol03;", "Message_Localised":"Today's cruise includes some delightful views, our flight attendants are on hand with full details.", "Channel":"npc" }
{ "timestamp":"2017-02-25T23:46:23Z", "event":"DockingRequested", "StationName":"Acharya Station" }
{ "timestamp":"2017-02-25T23:46:23Z", "event":"ReceiveText", "From":"Acharya Station", "Message":"$DockingChatter_Neutral;", "Message_Localised":"Ensure to observe starport protocol during your visit, pilot.", "Channel":"npc" }
{ "timestamp":"2017-02-25T23:46:24Z", "event":"ReceiveText", "From":"Acharya Station", "Message":"$STATION_docking_granted;", "Message_Localised":"Docking request granted.", "Channel":"npc" }
{ "timestamp":"2017-02-25T23:46:24Z", "event":"DockingGranted", "LandingPad":8, "StationName":"Acharya Station" }
{ "timestamp":"2017-02-25T23:46:43Z", "event":"ReceiveText", "From":"Acharya Station", "Message":"$STATION_NoFireZone_entered;", "Message_Localised":"No fire zone entered.", "Channel":"npc" }
{ "timestamp":"2017-02-25T23:47:32Z", "event":"Docked", "StationName":"Acharya Station", "StationType":"Coriolis", "StarSystem":"Rahu", "StationFaction":"Rahu Power Industry", "FactionState":"Boom", "StationGovernment":"$government_Corporate;", "StationGovernment_Localised":"Corporate", "StationAllegiance":"Alliance", "StationEconomy":"$economy_Refinery;", "StationEconomy_Localised":"Refinery" }
{ "timestamp":"2017-02-25T23:47:42Z", "event":"ReceiveText", "From":"$npc_name_decorate:#name=Aledd;", "From_Localised":"Aledd", "Message":"$Commuter_AuthorityScan03;", "Message_Localised":"Will this take long? I’ve got a schedule to keep. ", "Channel":"npc" }
{ "timestamp":"2017-02-25T23:47:53Z", "event":"RedeemVoucher", "Type":"bounty", "Amount":328070 }
{ "timestamp":"2017-02-25T23:48:43Z", "event":"RefuelAll", "Cost":27, "Amount":0.521196 }
{ "timestamp":"2017-02-25T23:48:44Z", "event":"RepairAll", "Cost":23370 }
{ "timestamp":"2017-02-25T23:48:45Z", "event":"BuyAmmo", "Cost":25278 }
{ "timestamp":"2017-02-25T23:49:00Z", "event":"ShipyardSwap", "ShipType":"vulture", "ShipID":15, "StoreOldShip":"Python", "StoreShipID":16 }
{ "timestamp":"2017-02-25T23:49:12Z", "event":"Docked", "StationName":"Acharya Station", "StationType":"Coriolis", "StarSystem":"Rahu", "StationFaction":"Rahu Power Industry", "FactionState":"Boom", "StationGovernment":"$government_Corporate;", "StationGovernment_Localised":"Corporate", "StationAllegiance":"Alliance", "StationEconomy":"$economy_Refinery;", "StationEconomy_Localised":"Refinery" }
{ "timestamp":"2017-02-25T23:49:47Z", "event":"ShipyardSwap", "ShipType":"python", "ShipID":16, "StoreOldShip":"Vulture", "StoreShipID":15 }
{ "timestamp":"2017-02-25T23:49:57Z", "event":"Docked", "StationName":"Acharya Station", "StationType":"Coriolis", "StarSystem":"Rahu", "StationFaction":"Rahu Power Industry", "FactionState":"Boom", "StationGovernment":"$government_Corporate;", "StationGovernment_Localised":"Corporate", "StationAllegiance":"Alliance", "StationEconomy":"$economy_Refinery;", "StationEconomy_Localised":"Refinery" }
{ "timestamp":"2017-02-25T23:50:24Z", "event":"ModuleStore", "Slot":"LargeHardpoint3", "StoredItem":"$hpt_beamlaser_gimbal_large_name;", "StoredItem_Localised":"Beam Laser", "Ship":"python", "ShipID":16, "EngineerModifications":"Weapon_Overcharged" }
{ "timestamp":"2017-02-25T23:50:56Z", "event":"ModuleStore", "Slot":"LargeHardpoint1", "StoredItem":"$hpt_multicannon_gimbal_large_name;", "StoredItem_Localised":"Multi-Cannon", "Ship":"python", "ShipID":16, "EngineerModifications":"Weapon_Overcharged" }
{ "timestamp":"2017-02-25T23:51:23Z", "event":"ShipyardSwap", "ShipType":"vulture", "ShipID":15, "StoreOldShip":"Python", "StoreShipID":16 }
{ "timestamp":"2017-02-25T23:51:34Z", "event":"Docked", "StationName":"Acharya Station", "StationType":"Coriolis", "StarSystem":"Rahu", "StationFaction":"Rahu Power Industry", "FactionState":"Boom", "StationGovernment":"$government_Corporate;", "StationGovernment_Localised":"Corporate", "StationAllegiance":"Alliance", "StationEconomy":"$economy_Refinery;", "StationEconomy_Localised":"Refinery" }
{ "timestamp":"2017-02-25T23:52:01Z", "event":"ModuleRetrieve", "Slot":"LargeHardpoint1", "RetrievedItem":"$hpt_beamlaser_gimbal_large_name;", "RetrievedItem_Localised":"Beam Laser", "Ship":"vulture", "ShipID":15, "EngineerModifications":"Weapon_Overcharged", "SwapOutItem":"$hpt_beamlaser_gimbal_large_name;", "SwapOutItem_Localised":"Beam Laser", "Cost":0 }
{ "timestamp":"2017-02-25T23:52:22Z", "event":"ModuleRetrieve", "Slot":"LargeHardpoint2", "RetrievedItem":"$hpt_multicannon_gimbal_large_name;", "RetrievedItem_Localised":"Multi-Cannon", "Ship":"vulture", "ShipID":15, "EngineerModifications":"Weapon_Overcharged", "SwapOutItem":"$hpt_multicannon_gimbal_large_name;", "SwapOutItem_Localised":"Multi-Cannon", "Cost":0 }
{ "timestamp":"2017-02-25T23:54:12Z", "event":"ShipyardSwap", "ShipType":"python", "ShipID":16, "StoreOldShip":"Vulture", "StoreShipID":15 }
{ "timestamp":"2017-02-25T23:54:22Z", "event":"Docked", "StationName":"Acharya Station", "StationType":"Coriolis", "StarSystem":"Rahu", "StationFaction":"Rahu Power Industry", "FactionState":"Boom", "StationGovernment":"$government_Corporate;", "StationGovernment_Localised":"Corporate", "StationAllegiance":"Alliance", "StationEconomy":"$economy_Refinery;", "StationEconomy_Localised":"Refinery" }
{ "timestamp":"2017-02-25T23:54:52Z", "event":"ShipyardSwap", "ShipType":"vulture", "ShipID":15, "StoreOldShip":"Python", "StoreShipID":16 }
{ "timestamp":"2017-02-25T23:55:03Z", "event":"Docked", "StationName":"Acharya Station", "StationType":"Coriolis", "StarSystem":"Rahu", "StationFaction":"Rahu Power Industry", "FactionState":"Boom", "StationGovernment":"$government_Corporate;", "StationGovernment_Localised":"Corporate", "StationAllegiance":"Alliance", "StationEconomy":"$economy_Refinery;", "StationEconomy_Localised":"Refinery" }
{ "timestamp":"2017-02-25T23:56:19Z", "event":"Undocked", "StationName":"Acharya Station", "StationType":"Coriolis" }
{ "timestamp":"2017-02-25T23:56:50Z", "event":"ReceiveText", "From":"Acharya Station", "Message":"$STATION_NoFireZone_exited;", "Message_Localised":"No fire zone left.", "Channel":"npc" }
{ "timestamp":"2017-02-25T23:57:04Z", "event":"SupercruiseEntry", "StarSystem":"Rahu" }
{ "timestamp":"2017-02-25T23:59:16Z", "event":"ReceiveText", "From":"$npc_name_decorate:#name=Wedding Barge;", "From_Localised":"Wedding Barge", "Message":"$ConvoyWedding_Patrol06;", "Message_Localised":"I still haven't written my vows. What can I say?", "Channel":"npc" }
{ "timestamp":"2017-02-25T23:59:31Z", "event":"SupercruiseExit", "StarSystem":"Rahu", "Body":"Rahu 4 A Ring", "BodyType":"PlanetaryRing" }
{ "timestamp":"2017-02-26T00:00:01Z", "event":"ReceiveText", "From":"$npc_name_decorate:#name=Matthew Lodge;", "From_Localised":"Matthew Lodge", "Message":"$Pirate_OnStartScanCargo05;", "Message_Localised":"What treats do you carry?", "Channel":"npc" }
{ "timestamp":"2017-02-26T00:00:11Z", "event":"ReceiveText", "From":"$npc_name_decorate:#name=Matthew Lodge;", "From_Localised":"Matthew Lodge", "Message":"$Pirate_OnNoCargoFound08;", "Message_Localised":"A wasted effort. There's no cargo here.", "Channel":"npc" }
{ "timestamp":"2017-02-26T00:00:48Z", "event":"ReceiveText", "From":"$ShipName_Police_Alliance;", "From_Localised":"Allied Police Forces", "Message":"$Police_ArrivedAtInvestigationLocation06;", "Message_Localised":"Crime response team in situ. Security sweep and scan commencing.", "Channel":"npc" }
{ "timestamp":"2017-02-26T00:00:53Z", "event":"ShieldState", "ShieldsUp":false }
{ "timestamp":"2017-02-26T00:00:59Z", "event":"HullDamage", "Health":0.799767, "PlayerPilot":true, "Fighter":false }
{ "timestamp":"2017-02-26T00:01:03Z", "event":"HullDamage", "Health":0.596286, "PlayerPilot":true, "Fighter":false }
{ "timestamp":"2017-02-26T00:01:10Z", "event":"HullDamage", "Health":0.398479, "PlayerPilot":true, "Fighter":false }
{ "timestamp":"2017-02-26T00:01:58Z", "event":"SupercruiseEntry", "StarSystem":"Rahu" }
