{ "timestamp":"2016-12-20T18:21:03Z", "event":"Fileheader", "part":1, "language":"English\\UK", "gameversion":"2.2", "build":"r126898/r0 " }
{ "timestamp":"2016-12-20T18:21:39Z", "event":"LoadGame", "Commander":"Coccolithophore", "Ship":"Type6", "ShipID":2, "GameMode":"Solo", "Credits":5432334, "Loan":0 }
{ "timestamp":"2016-12-20T18:21:39Z", "event":"Rank", "Combat":2, "Trade":2, "Explore":2, "Empire":0, "Federation":0, "CQC":0 }
{ "timestamp":"2016-12-20T18:21:39Z", "event":"Progress", "Combat":33, "Trade":82, "Explore":16, "Empire":0, "Federation":35, "CQC":0 }
{ "timestamp":"2016-12-20T18:22:08Z", "event":"Location", "Docked":true, "StationName":"Benyovszky Ring", "StationType":"Coriolis", "StarSystem":"HR 7793", "StarPos":[-70.188,-19.406,45.063], "SystemAllegiance":"Independent", "SystemEconomy":"$economy_Industrial;", "SystemEconomy_Localised":"Industrial", "SystemGovernment":"$government_Dictatorship;", "SystemGovernment_Localised":"Dictatorship", "SystemSecurity":"$SYSTEM_SECURITY_high;", "SystemSecurity_Localised":"High Security", "Body":"Benyovszky Ring", "BodyType":"Station", "SystemFaction":"Official HR 7793 Order" }
{ "timestamp":"2016-12-20T18:22:08Z", "event":"Docked", "StationName":"Benyovszky Ring", "StationType":"Coriolis", "StarSystem":"HR 7793", "StationFaction":"Official HR 7793 Order", "StationGovernment":"$government_Dictatorship;", "StationGovernment_Localised":"Dictatorship", "StationEconomy":"$economy_Industrial;", "StationEconomy_Localised":"Industrial" }
{ "timestamp":"2016-12-20T18:23:15Z", "event":"RefuelAll", "Cost":94, "Amount":1.858416 }
{ "timestamp":"2016-12-20T18:23:32Z", "event":"ModuleBuy", "Slot":"Slot05_Size3", "SellItem":"$int_passengercabin_size3_class1_name;", "SellItem_Localised":"EC Passenger Cabin", "SellPrice":8657, "BuyItem":"$int_fuelscoop_size3_class5_name;", "BuyItem_Localised":"Fuel Scoop", "BuyPrice":902954, "Ship":"type6", "ShipID":2 }
{ "timestamp":"2016-12-20T18:23:44Z", "event":"ReceiveText", "From":"$npc_name_decorate:#name=Neil Alderson;", "From_Localised":"Neil Alderson", "Message":"$Commuter_AuthorityScan03;", "Message_Localised":"Will this take long? I’ve got a schedule to keep. ", "Channel":"npc" }
{ "timestamp":"2016-12-20T18:24:24Z", "event":"Undocked", "StationName":"Benyovszky Ring", "StationType":"Coriolis" }
{ "timestamp":"2016-12-20T18:25:08Z", "event":"ReceiveText", "From":"Benyovszky Ring", "Message":"$STATION_NoFireZone_exited;", "Message_Localised":"No fire zone left.", "Channel":"npc" }
{ "timestamp":"2016-12-20T18:26:01Z", "event":"FSDJump", "StarSystem":"LP 339-7", "StarPos":[-70.063,-8.281,27.906], "SystemAllegiance":"Federation", "SystemEconomy":"$economy_Agri;", "SystemEconomy_Localised":"Agriculture", "SystemGovernment":"$government_Corporate;", "SystemGovernment_Localised":"Corporate", "SystemSecurity":"$SYSTEM_SECURITY_high;", "SystemSecurity_Localised":"High Security", "JumpDist":20.448, "FuelUsed":2.717960, "FuelLevel":13.282040, "SystemFaction":"Starship Enterprises", "FactionState":"Boom" }
{ "timestamp":"2016-12-20T18:28:22Z", "event":"SupercruiseExit", "StarSystem":"LP 339-7", "Body":"Whitson Orbital", "BodyType":"Station" }
{ "timestamp":"2016-12-20T18:28:24Z", "event":"ReceiveText", "From":"Whitson Orbital", "Message":"$STATION_NoFireZone_entered;", "Message_Localised":"No fire zone entered.", "Channel":"npc" }
{ "timestamp":"2016-12-20T18:28:38Z", "event":"DockingRequested", "StationName":"Whitson Orbital" }
{ "timestamp":"2016-12-20T18:28:38Z", "event":"ReceiveText", "From":"Whitson Orbital", "Message":"$DockingChatter_Friendly;", "Message_Localised":"It's great to see you again, Commander.", "Channel":"npc" }
{ "timestamp":"2016-12-20T18:28:39Z", "event":"ReceiveText", "From":"Whitson Orbital", "Message":"$STATION_docking_granted;", "Message_Localised":"Docking request granted.", "Channel":"npc" }
{ "timestamp":"2016-12-20T18:28:39Z", "event":"DockingGranted", "LandingPad":33, "StationName":"Whitson Orbital" }
{ "timestamp":"2016-12-20T18:29:28Z", "event":"Docked", "StationName":"Whitson Orbital", "StationType":"Orbis", "StarSystem":"LP 339-7", "StationFaction":"Starship Enterprises", "FactionState":"Boom", "StationGovernment":"$government_Corporate;", "StationGovernment_Localised":"Corporate", "StationAllegiance":"Federation", "StationEconomy":"$economy_Agri;", "StationEconomy_Localised":"Agriculture" }
{ "timestamp":"2016-12-20T18:29:37Z", "event":"RefuelAll", "Cost":141, "Amount":2.804480 }
{ "timestamp":"2016-12-20T18:38:41Z", "event":"ShipyardSwap", "ShipType":"vulture", "ShipID":1, "StoreOldShip":"Type6", "StoreShipID":2 }
{ "timestamp":"2016-12-20T18:38:58Z", "event":"Docked", "StationName":"Whitson Orbital", "StationType":"Orbis", "StarSystem":"LP 339-7", "StationFaction":"Starship Enterprises", "FactionState":"Boom", "StationGovernment":"$government_Corporate;", "StationGovernment_Localised":"Corporate", "StationAllegiance":"Federation", "StationEconomy":"$economy_Agri;", "StationEconomy_Localised":"Agriculture" }
{ "timestamp":"2016-12-20T18:39:30Z", "event":"Undocked", "StationName":"Whitson Orbital", "StationType":"Orbis" }
{ "timestamp":"2016-12-20T18:40:15Z", "event":"SupercruiseEntry", "StarSystem":"LP 339-7" }
{ "timestamp":"2016-12-20T18:45:57Z", "event":"SupercruiseExit", "StarSystem":"LP 339-7", "Body":"LP 339-7 5 A Ring", "BodyType":"PlanetaryRing" }
{ "timestamp":"2016-12-20T18:46:27Z", "event":"ReceiveText", "From":"$npc_name_decorate:#name=Asher;", "From_Localised":"Asher", "Message":"$Pirate_OnStartScanCargo03;", "Message_Localised":"What are you hauling?", "Channel":"npc" }
{ "timestamp":"2016-12-20T18:46:32Z", "event":"ReceiveText", "From":"$npc_name_decorate:#name=Asher;", "From_Localised":"Asher", "Message":"$Pirate_OnDeclarePiracyAttack02;", "Message_Localised":"You choose death then. Very well.", "Channel":"npc" }
{ "timestamp":"2016-12-20T18:46:48Z", "event":"ReceiveText", "From":"$npc_name_decorate:#name=Asher;", "From_Localised":"Asher", "Message":"$BadKarmaCriticalDamage10;", "Message_Localised":"You've scratched my paint!", "Channel":"npc" }
{ "timestamp":"2016-12-20T18:47:04Z", "event":"ReceiveText", "From":"$npc_name_decorate:#name=Kryge;", "From_Localised":"Kryge", "Message":"$Pirate_OnStartScanCargo08;", "Message_Localised":"What do you have in your cargo hold?", "Channel":"npc" }
{ "timestamp":"2016-12-20T18:47:04Z", "event":"Bounty", "Rewards":[ { "Faction":"Starship Enterprises", "Reward":800 }, { "Faction":"Federation", "Reward":43207 } ], "TotalReward":44007, "VictimFaction":"LP 339-7 Blue Clan" }
{ "timestamp":"2016-12-20T18:47:14Z", "event":"ReceiveText", "From":"$npc_name_decorate:#name=Kryge;", "From_Localised":"Kryge", "Message":"$Pirate_OnNoCargoFound03;", "Message_Localised":"No cargo? Useless dreg.", "Channel":"npc" }
{ "timestamp":"2016-12-20T18:47:45Z", "event":"ReceiveText", "From":"$npc_name_decorate:#name=Kryge;", "From_Localised":"Kryge", "Message":"$Pirate_OnDeclarePiracyAttack12;", "Message_Localised":"I'm coming for you!", "Channel":"npc" }
{ "timestamp":"2016-12-20T18:47:48Z", "event":"ReceiveText", "From":"$npc_name_decorate:#name=Lacey;", "From_Localised":"Lacey", "Message":"$Escort_EscortJump10;", "Message_Localised":"This is the last protection job I'm doing in this system.", "Channel":"npc" }
{ "timestamp":"2016-12-20T18:48:02Z", "event":"ReceiveText", "From":"$ShipName_Police_Federation;", "From_Localised":"Federal Security Service", "Message":"$Police_ArriveInvestigate05;", "Message_Localised":"Police response unit in position.", "Channel":"npc" }
{ "timestamp":"2016-12-20T18:48:03Z", "event":"ReceiveText", "From":"$ShipName_Police_Federation;", "From_Localised":"Federal Security Service", "Message":"$Police_ArrivedAtInvestigationLocation06;", "Message_Localised":"Crime response team in situ. Security sweep and scan commencing.", "Channel":"npc" }
{ "timestamp":"2016-12-20T18:48:18Z", "event":"ReceiveText", "From":"$npc_name_decorate:#name=Chris Tomasson;", "From_Localised":"Chris Tomasson", "Message":"$MinerCriticalDamage04;", "Message_Localised":"I'm just a simple miner!", "Channel":"npc" }
{ "timestamp":"2016-12-20T18:48:38Z", "event":"Bounty", "Rewards":[ { "Faction":"Starship Enterprises", "Reward":400 }, { "Faction":"Federation", "Reward":13365 } ], "TotalReward":13765, "VictimFaction":"United Pontus League" }
{ "timestamp":"2016-12-20T18:50:36Z", "event":"ShieldState", "ShieldsUp":false }
{ "timestamp":"2016-12-20T18:50:37Z", "event":"ReceiveText", "From":"$npc_name_decorate:#name=Edward Deards;", "From_Localised":"Edward Deards", "Message":"$BadKarmaCriticalDamage02;", "Message_Localised":"Impossible!", "Channel":"npc" }
{ "timestamp":"2016-12-20T18:51:02Z", "event":"Bounty", "Rewards":[ { "Faction":"Starship Enterprises", "Reward":800 }, { "Faction":"Federation", "Reward":10725 } ], "TotalReward":11525, "VictimFaction":"LP 339-7 Blue Clan" }
{ "timestamp":"2016-12-20T18:51:05Z", "event":"ReceiveText", "From":"$npc_name_decorate:#name=STUBBS;", "From_Localised":"STUBBS", "Message":"$BadKarmaCriticalDamage09;", "Message_Localised":"I can see when I'm outmatched.", "Channel":"npc" }
{ "timestamp":"2016-12-20T18:51:35Z", "event":"ReceiveText", "From":"$npc_name_decorate:#name=Lebwohl;", "From_Localised":"Lebwohl", "Message":"$Pirate_OnStartScanCargo08;", "Message_Localised":"What do you have in your cargo hold?", "Channel":"npc" }
{ "timestamp":"2016-12-20T18:51:45Z", "event":"ReceiveText", "From":"$npc_name_decorate:#name=Lebwohl;", "From_Localised":"Lebwohl", "Message":"$Pirate_OnNoCargoFound07;", "Message_Localised":"Nothing for me here.", "Channel":"npc" }
{ "timestamp":"2016-12-20T18:51:52Z", "event":"ReceiveText", "From":"$npc_name_decorate:#name=Lebwohl;", "From_Localised":"Lebwohl", "Message":"$Pirate_OnDeclarePiracyAttack03;", "Message_Localised":"Now you die, victim.", "Channel":"npc" }
{ "timestamp":"2016-12-20T18:52:05Z", "event":"ShieldState", "ShieldsUp":true }
{ "timestamp":"2016-12-20T18:52:50Z", "event":"ReceiveText", "From":"$npc_name_decorate:#name=Lebwohl;", "From_Localised":"Lebwohl", "Message":"$Pirate_OnDeclarePiracyAttack13;", "Message_Localised":"Your end is nigh.", "Channel":"npc" }
{ "timestamp":"2016-12-20T18:53:00Z", "event":"SupercruiseEntry", "StarSystem":"LP 339-7" }
{ "timestamp":"2016-12-20T18:55:24Z", "event":"SupercruiseExit", "StarSystem":"LP 339-7", "Body":"Lazarev Enterprise", "BodyType":"Station" }
{ "timestamp":"2016-12-20T18:55:32Z", "event":"DockingRequested", "StationName":"Lazarev Enterprise" }
{ "timestamp":"2016-12-20T18:55:32Z", "event":"ReceiveText", "From":"Lazarev Enterprise", "Message":"$DockingChatter_Neutral;", "Message_Localised":"Ensure to observe starport protocol during your visit, pilot.", "Channel":"npc" }
{ "timestamp":"2016-12-20T18:55:33Z", "event":"ReceiveText", "From":"Lazarev Enterprise", "Message":"$STATION_docking_granted;", "Message_Localised":"Docking request granted.", "Channel":"npc" }
{ "timestamp":"2016-12-20T18:55:33Z", "event":"DockingGranted", "LandingPad":1, "StationName":"Lazarev Enterprise" }
{ "timestamp":"2016-12-20T18:55:42Z", "event":"ReceiveText", "From":"Lazarev Enterprise", "Message":"$STATION_NoFireZone_entered;", "Message_Localised":"No fire zone entered.", "Channel":"npc" }
{ "timestamp":"2016-12-20T18:56:19Z", "event":"Docked", "StationName":"Lazarev Enterprise", "StationType":"Outpost", "StarSystem":"LP 339-7", "StationFaction":"LP 339-7 Public Inc", "FactionState":"Boom", "StationGovernment":"$government_Corporate;", "StationGovernment_Localised":"Corporate", "StationEconomy":"$economy_Industrial;", "StationEconomy_Localised":"Industrial" }
{ "timestamp":"2016-12-20T18:56:47Z", "event":"RefuelAll", "Cost":60, "Amount":1.173149 }
{ "timestamp":"2016-12-20T18:56:49Z", "event":"RepairAll", "Cost":2097 }
{ "timestamp":"2016-12-20T18:56:52Z", "event":"BuyAmmo", "Cost":2574 }
{ "timestamp":"2016-12-20T18:58:05Z", "event":"Undocked", "StationName":"Lazarev Enterprise", "StationType":"Outpost" }
{ "timestamp":"2016-12-20T18:58:45Z", "event":"ReceiveText", "From":"Lazarev Enterprise", "Message":"$STATION_NoFireZone_exited;", "Message_Localised":"No fire zone left.", "Channel":"npc" }
{ "timestamp":"2016-12-20T18:58:52Z", "event":"SupercruiseEntry", "StarSystem":"LP 339-7" }
{ "timestamp":"2016-12-20T19:00:40Z", "event":"SupercruiseExit", "StarSystem":"LP 339-7", "Body":"LP 339-7 5 A Ring", "BodyType":"PlanetaryRing" }
{ "timestamp":"2016-12-20T19:01:16Z", "event":"ReceiveText", "From":"$npc_name_decorate:#name=Gileathane;", "From_Localised":"Gileathane", "Message":"$Pirate_OnDeclarePiracyAttack02;", "Message_Localised":"You choose death then. Very well.", "Channel":"npc" }
{ "timestamp":"2016-12-20T19:01:43Z", "event":"ReceiveText", "From":"$npc_name_decorate:#name=Shield of Justice;", "From_Localised":"Shield of Justice", "Message":"$PowersPirate_OnStartScanCargo02;", "Message_Localised":"The boss likes me to check everyone who comes through here.", "Channel":"npc" }
{ "timestamp":"2016-12-20T19:01:58Z", "event":"ReceiveText", "From":"$npc_name_decorate:#name=Shield of Justice;", "From_Localised":"Shield of Justice", "Message":"$PowersPirate_OnStartScanCargo04;", "Message_Localised":"Anything we can use?", "Channel":"npc" }
{ "timestamp":"2016-12-20T19:01:59Z", "event":"ReceiveText", "From":"$npc_name_decorate:#name=Gileathane;", "From_Localised":"Gileathane", "Message":"$BadKarmaCriticalDamage03;", "Message_Localised":"You fight a good fight!", "Channel":"npc" }
{ "timestamp":"2016-12-20T19:02:11Z", "event":"Bounty", "Rewards":[ { "Faction":"Starship Enterprises", "Reward":27020 } ], "TotalReward":27020, "VictimFaction":"Starship Enterprises" }
{ "timestamp":"2016-12-20T19:03:07Z", "event":"Bounty", "Rewards":[ { "Faction":"Starship Enterprises", "Reward":19367 } ], "TotalReward":19367, "VictimFaction":"LP 339-7 Blue Clan" }
{ "timestamp":"2016-12-20T19:03:41Z", "event":"Bounty", "Rewards":[ { "Faction":"Starship Enterprises", "Reward":800 }, { "Faction":"Federation", "Reward":36495 } ], "TotalReward":37295, "VictimFaction":"Archon Delaine" }
{ "timestamp":"2016-12-20T19:04:39Z", "event":"Bounty", "Rewards":[ { "Faction":"Starship Enterprises", "Reward":800 }, { "Faction":"Federation", "Reward":33660 } ], "TotalReward":34460, "VictimFaction":"LP 339-7 Blue Clan" }
{ "timestamp":"2016-12-20T19:04:48Z", "event":"MaterialCollected", "Category":"Encoded", "Name":"bulkscandata", "Count":3 }
{ "timestamp":"2016-12-20T19:05:03Z", "event":"MaterialCollected", "Category":"Encoded", "Name":"shielddensityreports", "Count":3 }
{ "timestamp":"2016-12-20T19:07:10Z", "event":"ReceiveText", "From":"$npc_name_decorate:#name=Duke Kordus;", "From_Localised":"Duke Kordus", "Message":"$Pirate_OnStartScanCargo01;", "Message_Localised":"I see all!", "Channel":"npc" }
{ "timestamp":"2016-12-20T19:07:11Z", "event":"ReceiveText", "From":"$npc_name_decorate:#name=General Zoff;", "From_Localised":"General Zoff", "Message":"$Pirate_OnStartScanCargo05;", "Message_Localised":"What treats do you carry?", "Channel":"npc" }
{ "timestamp":"2016-12-20T19:07:21Z", "event":"ReceiveText", "From":"$npc_name_decorate:#name=General Zoff;", "From_Localised":"General Zoff", "Message":"$Pirate_OnNoCargoFound05;", "Message_Localised":"How do you fools make a living?", "Channel":"npc" }
{ "timestamp":"2016-12-20T19:09:33Z", "event":"ReceiveText", "From":"$npc_name_decorate:#name=Kauppinen;", "From_Localised":"Kauppinen", "Message":"$Pirate_OnStartScanCargo04;", "Message_Localised":"What do you carry, I wonder?", "Channel":"npc" }
{ "timestamp":"2016-12-20T19:09:43Z", "event":"ReceiveText", "From":"$npc_name_decorate:#name=Kauppinen;", "From_Localised":"Kauppinen", "Message":"$Pirate_OnNoCargoFound09;", "Message_Localised":"Next time you should fill your hold with gold.", "Channel":"npc" }
{ "timestamp":"2016-12-20T19:09:55Z", "event":"ReceiveText", "From":"$npc_name_decorate:#name=Kauppinen;", "From_Localised":"Kauppinen", "Message":"$BadKarmaCriticalDamage03;", "Message_Localised":"You fight a good fight!", "Channel":"npc" }
{ "timestamp":"2016-12-20T19:10:05Z", "event":"Bounty", "Rewards":[ { "Faction":"Starship Enterprises", "Reward":400 }, { "Faction":"Federation", "Reward":12652 } ], "TotalReward":13052, "VictimFaction":"LP 339-7 Blue Clan" }
{ "timestamp":"2016-12-20T19:10:27Z", "event":"MaterialCollected", "Category":"Encoded", "Name":"emissiondata", "Count":3 }
{ "timestamp":"2016-12-20T19:11:29Z", "event":"ReceiveText", "From":"$npc_name_decorate:#name=Grice;", "From_Localised":"Grice", "Message":"$Pirate_OnStartScanCargo04;", "Message_Localised":"What do you carry, I wonder?", "Channel":"npc" }
{ "timestamp":"2016-12-20T19:11:39Z", "event":"ReceiveText", "From":"$npc_name_decorate:#name=Grice;", "From_Localised":"Grice", "Message":"$Pirate_OnNoCargoFound07;", "Message_Localised":"Nothing for me here.", "Channel":"npc" }
{ "timestamp":"2016-12-20T19:11:47Z", "event":"ReceiveText", "From":"$npc_name_decorate:#name=Grice;", "From_Localised":"Grice", "Message":"$Pirate_OnDeclarePiracyAttack04;", "Message_Localised":"I'm gonna boil you up!", "Channel":"npc" }
{ "timestamp":"2016-12-20T19:11:55Z", "event":"ReceiveText", "From":"$npc_name_decorate:#name=Grice;", "From_Localised":"Grice", "Message":"$BadKarmaCriticalDamage04;", "Message_Localised":"I don't believe it!", "Channel":"npc" }
{ "timestamp":"2016-12-20T19:11:59Z", "event":"Bounty", "Rewards":[ { "Faction":"Starship Enterprises", "Reward":9580 } ], "TotalReward":9580, "VictimFaction":"LP 339-7 Blue Creative Inc" }
{ "timestamp":"2016-12-20T19:13:06Z", "event":"ReceiveText", "From":"$ShipName_Police_Federation;", "From_Localised":"Federal Security Service", "Message":"$Police_ThankYouPassedStopAndSearch07;", "Message_Localised":"Your scan is clear. Carry on with your journey, Commander.", "Channel":"npc" }
{ "timestamp":"2016-12-20T19:15:08Z", "event":"ReceiveText", "From":"$npc_name_decorate:#name=Raven Longclaw;", "From_Localised":"Raven Longclaw", "Message":"$BadKarmaCriticalDamage02;", "Message_Localised":"Impossible!", "Channel":"npc" }
{ "timestamp":"2016-12-20T19:15:20Z", "event":"Bounty", "Rewards":[ { "Faction":"Starship Enterprises", "Reward":40000 } ], "TotalReward":40000, "VictimFaction":"LP 339-7 Blue Clan" }
{ "timestamp":"2016-12-20T19:15:34Z", "event":"ReceiveText", "From":"$npc_name_decorate:#name=Jacek Kubacki;", "From_Localised":"Jacek Kubacki", "Message":"$Pirate_OnDeclarePiracyAttack05;", "Message_Localised":"You have no chance now.", "Channel":"npc" }
{ "timestamp":"2016-12-20T19:15:55Z", "event":"ShieldState", "ShieldsUp":false }
{ "timestamp":"2016-12-20T19:16:04Z", "event":"ReceiveText", "From":"$npc_name_decorate:#name=Jacek Kubacki;", "From_Localised":"Jacek Kubacki", "Message":"$BadKarmaCriticalDamage07;", "Message_Localised":"Too much damage!", "Channel":"npc" }
{ "timestamp":"2016-12-20T19:16:17Z", "event":"Bounty", "Rewards":[ { "Faction":"Starship Enterprises", "Reward":23762 } ], "TotalReward":23762, "VictimFaction":"Starship Enterprises" }
{ "timestamp":"2016-12-20T19:17:11Z", "event":"SupercruiseEntry", "StarSystem":"LP 339-7" }
{ "timestamp":"2016-12-20T19:18:29Z", "event":"FSDJump", "StarSystem":"LTT 15985", "StarPos":[-71.688,-10.156,28.156], "SystemAllegiance":"Federation", "SystemEconomy":"$economy_Refinery;", "SystemEconomy_Localised":"Refinery", "SystemGovernment":"$government_Corporate;", "SystemGovernment_Localised":"Corporate", "SystemSecurity":"$SYSTEM_SECURITY_medium;", "SystemSecurity_Localised":"Medium Security", "JumpDist":2.494, "FuelUsed":0.057022, "FuelLevel":7.942978, "SystemFaction":"Gilgamesh Ltd", "FactionState":"Boom" }
{ "timestamp":"2016-12-20T19:19:21Z", "event":"FSDJump", "StarSystem":"LP 339-7", "StarPos":[-70.063,-8.281,27.906], "SystemAllegiance":"Federation", "SystemEconomy":"$economy_Agri;", "SystemEconomy_Localised":"Agriculture", "SystemGovernment":"$government_Corporate;", "SystemGovernment_Localised":"Corporate", "SystemSecurity":"$SYSTEM_SECURITY_high;", "SystemSecurity_Localised":"High Security", "JumpDist":2.494, "FuelUsed":0.057002, "FuelLevel":7.885977, "SystemFaction":"Starship Enterprises", "FactionState":"Boom" }
{ "timestamp":"2016-12-20T19:21:51Z", "event":"SupercruiseExit", "StarSystem":"LP 339-7", "Body":"Whitson Orbital", "BodyType":"Station" }
{ "timestamp":"2016-12-20T19:21:52Z", "event":"ReceiveText", "From":"Whitson Orbital", "Message":"$STATION_NoFireZone_entered;", "Message_Localised":"No fire zone entered.", "Channel":"npc" }
{ "timestamp":"2016-12-20T19:22:03Z", "event":"DockingRequested", "StationName":"Whitson Orbital" }
{ "timestamp":"2016-12-20T19:22:03Z", "event":"ReceiveText", "From":"Whitson Orbital", "Message":"$DockingChatter_Friendly;", "Message_Localised":"It's great to see you again, Commander.", "Channel":"npc" }
{ "timestamp":"2016-12-20T19:22:05Z", "event":"ReceiveText", "From":"Whitson Orbital", "Message":"$STATION_docking_granted;", "Message_Localised":"Docking request granted.", "Channel":"npc" }
{ "timestamp":"2016-12-20T19:22:05Z", "event":"DockingGranted", "LandingPad":43, "StationName":"Whitson Orbital" }
{ "timestamp":"2016-12-20T19:23:20Z", "event":"Docked", "StationName":"Whitson Orbital", "StationType":"Orbis", "StarSystem":"LP 339-7", "StationFaction":"Starship Enterprises", "FactionState":"Boom", "StationGovernment":"$government_Corporate;", "StationGovernment_Localised":"Corporate", "StationAllegiance":"Federation", "StationEconomy":"$economy_Agri;", "StationEconomy_Localised":"Agriculture" }
{ "timestamp":"2016-12-20T19:23:39Z", "event":"RedeemVoucher", "Type":"bounty", "Amount":273833 }
{ "timestamp":"2016-12-20T19:24:29Z", "event":"ShipyardSwap", "ShipType":"type6", "ShipID":2, "StoreOldShip":"Vulture", "StoreShipID":1 }
{ "timestamp":"2016-12-20T19:24:41Z", "event":"Docked", "StationName":"Whitson Orbital", "StationType":"Orbis", "StarSystem":"LP 339-7", "StationFaction":"Starship Enterprises", "FactionState":"Boom", "StationGovernment":"$government_Corporate;", "StationGovernment_Localised":"Corporate", "StationAllegiance":"Federation", "StationEconomy":"$economy_Agri;", "StationEconomy_Localised":"Agriculture" }
{ "timestamp":"2016-12-20T19:27:58Z", "event":"ReceiveText", "From":"$npc_name_decorate:#name=Andrew Clark;", "From_Localised":"Andrew Clark", "Message":"$Commuter_AuthorityScan07;", "Message_Localised":"There's no need to scan me, officer. I have nothing to find.", "Channel":"npc" }
{ "timestamp":"2016-12-20T19:28:02Z", "event":"ReceiveText", "From":"$npc_name_decorate:#name=Acheron Hades;", "From_Localised":"Acheron Hades", "Message":"$Commuter_AuthorityScan02;", "Message_Localised":"How can I be of assistance?", "Channel":"npc" }
{ "timestamp":"2016-12-20T19:29:05Z", "event":"ModuleStore", "Slot":"Slot01_Size5", "StoredItem":"$int_passengercabin_size5_class3_name;", "StoredItem_Localised":"FC Passenger Cabin", "Ship":"type6", "ShipID":2 }
{ "timestamp":"2016-12-20T19:29:17Z", "event":"ModuleStore", "Slot":"Slot02_Size5", "StoredItem":"$int_passengercabin_size5_class2_name;", "StoredItem_Localised":"BC Passenger Cabin", "Ship":"type6", "ShipID":2 }
{ "timestamp":"2016-12-20T19:29:21Z", "event":"ModuleStore", "Slot":"Slot04_Size4", "StoredItem":"$int_passengercabin_size4_class1_name;", "StoredItem_Localised":"EC Passenger Cabin", "Ship":"type6", "ShipID":2 }
{ "timestamp":"2016-12-20T19:30:47Z", "event":"Undocked", "StationName":"Whitson Orbital", "StationType":"Orbis" }
{ "timestamp":"2016-12-20T19:31:35Z", "event":"ReceiveText", "From":"Whitson Orbital", "Message":"$STATION_NoFireZone_exited;", "Message_Localised":"No fire zone left.", "Channel":"npc" }
{ "timestamp":"2016-12-20T19:32:05Z", "event":"FSDJump", "StarSystem":"HR 7793", "StarPos":[-70.188,-19.406,45.063], "SystemAllegiance":"Independent", "SystemEconomy":"$economy_Industrial;", "SystemEconomy_Localised":"Industrial", "SystemGovernment":"$government_Dictatorship;", "SystemGovernment_Localised":"Dictatorship", "SystemSecurity":"$SYSTEM_SECURITY_high;", "SystemSecurity_Localised":"High Security", "JumpDist":20.448, "FuelUsed":1.701241, "FuelLevel":14.298759, "SystemFaction":"Official HR 7793 Order" }
{ "timestamp":"2016-12-20T19:35:30Z", "event":"SupercruiseExit", "StarSystem":"HR 7793", "Body":"Benyovszky Ring", "BodyType":"Station" }
{ "timestamp":"2016-12-20T19:35:42Z", "event":"DockingRequested", "StationName":"Benyovszky Ring" }
{ "timestamp":"2016-12-20T19:35:42Z", "event":"ReceiveText", "From":"Benyovszky Ring", "Message":"$DockingChatter_Neutral;", "Message_Localised":"Ensure to observe starport protocol during your visit, pilot.", "Channel":"npc" }
{ "timestamp":"2016-12-20T19:35:43Z", "event":"ReceiveText", "From":"Benyovszky Ring", "Message":"$STATION_docking_granted;", "Message_Localised":"Docking request granted.", "Channel":"npc" }
{ "timestamp":"2016-12-20T19:35:43Z", "event":"DockingGranted", "LandingPad":18, "StationName":"Benyovszky Ring" }
{ "timestamp":"2016-12-20T19:35:54Z", "event":"ReceiveText", "From":"Benyovszky Ring", "Message":"$STATION_NoFireZone_entered;", "Message_Localised":"No fire zone entered.", "Channel":"npc" }
{ "timestamp":"2016-12-20T19:36:32Z", "event":"Docked", "StationName":"Benyovszky Ring", "StationType":"Coriolis", "StarSystem":"HR 7793", "StationFaction":"Official HR 7793 Order", "StationGovernment":"$government_Dictatorship;", "StationGovernment_Localised":"Dictatorship", "StationEconomy":"$economy_Industrial;", "StationEconomy_Localised":"Industrial" }
{ "timestamp":"2016-12-20T19:36:45Z", "event":"RefuelAll", "Cost":92, "Amount":1.813241 }
{ "timestamp":"2016-12-20T19:37:23Z", "event":"ModuleBuy", "Slot":"Slot01_Size5", "BuyItem":"$int_passengercabin_size5_class2_name;", "BuyItem_Localised":"BC Passenger Cabin", "BuyPrice":92362, "Ship":"type6", "ShipID":2 }
{ "timestamp":"2016-12-20T19:37:31Z", "event":"ModuleBuy", "Slot":"Slot02_Size5", "BuyItem":"$int_passengercabin_size5_class3_name;", "BuyItem_Localised":"FC Passenger Cabin", "BuyPrice":340526, "Ship":"type6", "ShipID":2 }
{ "timestamp":"2016-12-20T19:38:20Z", "event":"ModuleBuy", "Slot":"Slot04_Size4", "BuyItem":"$int_passengercabin_size4_class1_name;", "BuyItem_Localised":"EC Passenger Cabin", "BuyPrice":18954, "Ship":"type6", "ShipID":2 }
{ "timestamp":"2016-12-20T19:40:04Z", "event":"Undocked", "StationName":"Benyovszky Ring", "StationType":"Coriolis" }
{ "timestamp":"2016-12-20T19:40:45Z", "event":"ReceiveText", "From":"Benyovszky Ring", "Message":"$STATION_NoFireZone_exited;", "Message_Localised":"No fire zone left.", "Channel":"npc" }
{ "timestamp":"2016-12-20T19:41:36Z", "event":"FSDJump", "StarSystem":"LP 339-7", "StarPos":[-70.063,-8.281,27.906], "SystemAllegiance":"Federation", "SystemEconomy":"$economy_Agri;", "SystemEconomy_Localised":"Agriculture", "SystemGovernment":"$government_Corporate;", "SystemGovernment_Localised":"Corporate", "SystemSecurity":"$SYSTEM_SECURITY_high;", "SystemSecurity_Localised":"High Security", "JumpDist":20.448, "FuelUsed":2.717960, "FuelLevel":13.282040, "SystemFaction":"Starship Enterprises", "FactionState":"Boom" }
{ "timestamp":"2016-12-20T19:43:48Z", "event":"SupercruiseExit", "StarSystem":"LP 339-7", "Body":"Whitson Orbital", "BodyType":"Station" }
{ "timestamp":"2016-12-20T19:43:50Z", "event":"ReceiveText", "From":"Whitson Orbital", "Message":"$STATION_NoFireZone_entered;", "Message_Localised":"No fire zone entered.", "Channel":"npc" }
{ "timestamp":"2016-12-20T19:44:02Z", "event":"DockingRequested", "StationName":"Whitson Orbital" }
{ "timestamp":"2016-12-20T19:44:02Z", "event":"ReceiveText", "From":"Whitson Orbital", "Message":"$DockingChatter_Allied;", "Message_Localised":"An ally like you is always welcome here.", "Channel":"npc" }
{ "timestamp":"2016-12-20T19:44:03Z", "event":"ReceiveText", "From":"Whitson Orbital", "Message":"$STATION_docking_granted;", "Message_Localised":"Docking request granted.", "Channel":"npc" }
{ "timestamp":"2016-12-20T19:44:03Z", "event":"DockingGranted", "LandingPad":45, "StationName":"Whitson Orbital" }
{ "timestamp":"2016-12-20T19:45:09Z", "event":"Docked", "StationName":"Whitson Orbital", "StationType":"Orbis", "StarSystem":"LP 339-7", "StationFaction":"Starship Enterprises", "FactionState":"Boom", "StationGovernment":"$government_Corporate;", "StationGovernment_Localised":"Corporate", "StationAllegiance":"Federation", "StationEconomy":"$economy_Agri;", "StationEconomy_Localised":"Agriculture" }
{ "timestamp":"2016-12-20T19:45:54Z", "event":"MissionAccepted", "Faction":"Starship Enterprises", "Name":"Mission_PassengerVIP_Tourist_BOOM", "Commodity":"$Clothing_Name;", "Commodity_Localised":"Clothing", "Count":1, "DestinationSystem":"17 Cygni", "DestinationStation":"Krylov Station", "Expiry":"2016-12-20T22:19:36Z", "PassengerCount":3, "PassengerVIPs":true, "PassengerWanted":true, "PassengerType":"Tourist", "MissionID":61041953 }
{ "timestamp":"2016-12-20T19:46:17Z", "event":"MissionAbandoned", "Name":"Mission_PassengerVIP_Tourist_BOOM_name", "MissionID":61041953 }
{ "timestamp":"2016-12-20T19:48:11Z", "event":"LoadGame", "Commander":"Coccolithophore", "Ship":"Type6", "ShipID":2, "GameMode":"Group", "Group":"Coccolithophore", "Credits":4354957, "Loan":0 }
{ "timestamp":"2016-12-20T19:48:11Z", "event":"Rank", "Combat":2, "Trade":2, "Explore":2, "Empire":0, "Federation":0, "CQC":0 }
{ "timestamp":"2016-12-20T19:48:11Z", "event":"Progress", "Combat":44, "Trade":82, "Explore":16, "Empire":0, "Federation":35, "CQC":0 }
{ "timestamp":"2016-12-20T19:48:35Z", "event":"Location", "Docked":true, "StationName":"Whitson Orbital", "StationType":"Orbis", "StarSystem":"LP 339-7", "StarPos":[-70.063,-8.281,27.906], "SystemAllegiance":"Federation", "SystemEconomy":"$economy_Agri;", "SystemEconomy_Localised":"Agriculture", "SystemGovernment":"$government_Corporate;", "SystemGovernment_Localised":"Corporate", "SystemSecurity":"$SYSTEM_SECURITY_high;", "SystemSecurity_Localised":"High Security", "Body":"Whitson Orbital", "BodyType":"Station", "SystemFaction":"Starship Enterprises", "FactionState":"Boom" }
{ "timestamp":"2016-12-20T19:48:36Z", "event":"Docked", "StationName":"Whitson Orbital", "StationType":"Orbis", "StarSystem":"LP 339-7", "StationFaction":"Starship Enterprises", "FactionState":"Boom", "StationGovernment":"$government_Corporate;", "StationGovernment_Localised":"Corporate", "StationAllegiance":"Federation", "StationEconomy":"$economy_Agri;", "StationEconomy_Localised":"Agriculture" }
{ "timestamp":"2016-12-20T19:49:16Z", "event":"MissionAccepted", "Faction":"Starship Enterprises", "Name":"Mission_PassengerVIP_CEO_BOOM", "Commodity":"$Coffee_Name;", "Commodity_Localised":"Coffee", "Count":2, "DestinationSystem":"27 b1 Cygni", "DestinationStation":"Sharma Platform", "Expiry":"2016-12-20T21:10:11Z", "PassengerCount":6, "PassengerVIPs":true, "PassengerWanted":false, "PassengerType":"Business", "MissionID":61043061 }
{ "timestamp":"2016-12-20T19:51:13Z", "event":"RefuelAll", "Cost":141, "Amount":2.802771 }
{ "timestamp":"2016-12-20T19:51:36Z", "event":"LoadGame", "Commander":"Coccolithophore", "Ship":"Type6", "ShipID":2, "GameMode":"Solo", "Credits":4354816, "Loan":0 }
{ "timestamp":"2016-12-20T19:51:36Z", "event":"Rank", "Combat":2, "Trade":2, "Explore":2, "Empire":0, "Federation":0, "CQC":0 }
{ "timestamp":"2016-12-20T19:51:36Z", "event":"Progress", "Combat":44, "Trade":82, "Explore":16, "Empire":0, "Federation":35, "CQC":0 }
{ "timestamp":"2016-12-20T19:51:56Z", "event":"Location", "Docked":true, "StationName":"Whitson Orbital", "StationType":"Orbis", "StarSystem":"LP 339-7", "StarPos":[-70.063,-8.281,27.906], "SystemAllegiance":"Federation", "SystemEconomy":"$economy_Agri;", "SystemEconomy_Localised":"Agriculture", "SystemGovernment":"$government_Corporate;", "SystemGovernment_Localised":"Corporate", "SystemSecurity":"$SYSTEM_SECURITY_high;", "SystemSecurity_Localised":"High Security", "Body":"Whitson Orbital", "BodyType":"Station", "SystemFaction":"Starship Enterprises", "FactionState":"Boom" }
{ "timestamp":"2016-12-20T19:51:56Z", "event":"Docked", "StationName":"Whitson Orbital", "StationType":"Orbis", "StarSystem":"LP 339-7", "StationFaction":"Starship Enterprises", "FactionState":"Boom", "StationGovernment":"$government_Corporate;", "StationGovernment_Localised":"Corporate", "StationAllegiance":"Federation", "StationEconomy":"$economy_Agri;", "StationEconomy_Localised":"Agriculture" }
{ "timestamp":"2016-12-20T19:56:08Z", "event":"Undocked", "StationName":"Whitson Orbital", "StationType":"Orbis" }
{ "timestamp":"2016-12-20T19:57:38Z", "event":"FSDJump", "StarSystem":"27 b1 Cygni", "StarPos":[-74.750,2.500,22.563], "SystemAllegiance":"Independent", "SystemEconomy":"$economy_Refinery;", "SystemEconomy_Localised":"Refinery", "SystemGovernment":"$government_Anarchy;", "SystemGovernment_Localised":"Anarchy", "SystemSecurity":"$GAlAXY_MAP_INFO_state_anarchy;", "SystemSecurity_Localised":"Anarchy", "JumpDist":12.914, "FuelUsed":0.944422, "FuelLevel":15.055578, "SystemFaction":"27 b1 Cygni Gold Council", "FactionState":"Lockdown" }
{ "timestamp":"2016-12-20T20:02:12Z", "event":"SupercruiseExit", "StarSystem":"27 b1 Cygni", "Body":"Sharma Platform", "BodyType":"Station" }
{ "timestamp":"2016-12-20T20:02:36Z", "event":"ReceiveText", "From":"Sharma Platform", "Message":"$STATION_NoFireZone_entered;", "Message_Localised":"No fire zone entered.", "Channel":"npc" }
{ "timestamp":"2016-12-20T20:02:53Z", "event":"DockingRequested", "StationName":"Sharma Platform" }
{ "timestamp":"2016-12-20T20:02:53Z", "event":"ReceiveText", "From":"Sharma Platform", "Message":"$DockingChatter_Neutral;", "Message_Localised":"Ensure to observe starport protocol during your visit, pilot.", "Channel":"npc" }
{ "timestamp":"2016-12-20T20:02:54Z", "event":"ReceiveText", "From":"Sharma Platform", "Message":"$STATION_docking_granted;", "Message_Localised":"Docking request granted.", "Channel":"npc" }
{ "timestamp":"2016-12-20T20:02:54Z", "event":"DockingGranted", "LandingPad":33, "StationName":"Sharma Platform" }
{ "timestamp":"2016-12-20T20:03:38Z", "event":"Docked", "StationName":"Sharma Platform", "StationType":"Coriolis", "StarSystem":"27 b1 Cygni", "StationFaction":"27 b1 Cygni Gold Council", "FactionState":"Lockdown", "StationGovernment":"$government_Anarchy;", "StationGovernment_Localised":"Anarchy", "StationEconomy":"$economy_Refinery;", "StationEconomy_Localised":"Refinery" }
{ "timestamp":"2016-12-20T20:03:55Z", "event":"MissionCompleted", "Faction":"Union of 27 b1 Cygni Progressive Party", "Name":"Mission_PassengerVIP_CEO_BOOM_name", "MissionID":61043061, "Commodity":"$Coffee_Name;", "Commodity_Localised":"Coffee", "Count":2, "DestinationSystem":"27 b1 Cygni", "DestinationStation":"Sharma Platform", "Reward":334524, "CommodityReward":[ { "Name": "NeofabricInsulation", "Count": 4 } ] }
{ "timestamp":"2016-12-20T20:04:40Z", "event":"Undocked", "StationName":"Sharma Platform", "StationType":"Coriolis" }
{ "timestamp":"2016-12-20T20:05:33Z", "event":"ReceiveText", "From":"Sharma Platform", "Message":"$STATION_NoFireZone_exited;", "Message_Localised":"No fire zone left.", "Channel":"npc" }
{ "timestamp":"2016-12-20T20:06:19Z", "event":"FSDJump", "StarSystem":"LP 339-7", "StarPos":[-70.063,-8.281,27.906], "SystemAllegiance":"Federation", "SystemEconomy":"$economy_Agri;", "SystemEconomy_Localised":"Agriculture", "SystemGovernment":"$government_Corporate;", "SystemGovernment_Localised":"Corporate", "SystemSecurity":"$SYSTEM_SECURITY_high;", "SystemSecurity_Localised":"High Security", "JumpDist":12.914, "FuelUsed":0.969066, "FuelLevel":14.086513, "SystemFaction":"Starship Enterprises", "FactionState":"Boom" }
{ "timestamp":"2016-12-20T20:08:57Z", "event":"SupercruiseExit", "StarSystem":"LP 339-7", "Body":"Whitson Orbital", "BodyType":"Station" }
{ "timestamp":"2016-12-20T20:08:59Z", "event":"ReceiveText", "From":"Whitson Orbital", "Message":"$STATION_NoFireZone_entered;", "Message_Localised":"No fire zone entered.", "Channel":"npc" }
{ "timestamp":"2016-12-20T20:09:05Z", "event":"ReceiveText", "From":"Whitson Orbital", "Message":"$DockingFailed_Distance:#distance=7500;", "Message_Localised":"Docking request denied, please approach to 7500m", "Channel":"npc" }
{ "timestamp":"2016-12-20T20:09:05Z", "event":"DockingDenied", "Reason":"Distance", "StationName":"Whitson Orbital" }
{ "timestamp":"2016-12-20T20:09:09Z", "event":"DockingRequested", "StationName":"Whitson Orbital" }
{ "timestamp":"2016-12-20T20:09:09Z", "event":"ReceiveText", "From":"Whitson Orbital", "Message":"$DockingChatter_Allied;", "Message_Localised":"An ally like you is always welcome here.", "Channel":"npc" }
{ "timestamp":"2016-12-20T20:09:11Z", "event":"ReceiveText", "From":"Whitson Orbital", "Message":"$STATION_docking_granted;", "Message_Localised":"Docking request granted.", "Channel":"npc" }
{ "timestamp":"2016-12-20T20:09:11Z", "event":"DockingGranted", "LandingPad":22, "StationName":"Whitson Orbital" }
{ "timestamp":"2016-12-20T20:09:52Z", "event":"ReceiveText", "From":"$npc_name_decorate:#name=Andrew Nilsen;", "From_Localised":"Andrew Nilsen", "Message":"$Commuter_AuthorityScan07;", "Message_Localised":"There's no need to scan me, officer. I have nothing to find.", "Channel":"npc" }
{ "timestamp":"2016-12-20T20:09:57Z", "event":"Docked", "StationName":"Whitson Orbital", "StationType":"Orbis", "StarSystem":"LP 339-7", "StationFaction":"Starship Enterprises", "FactionState":"Boom", "StationGovernment":"$government_Corporate;", "StationGovernment_Localised":"Corporate", "StationAllegiance":"Federation", "StationEconomy":"$economy_Agri;", "StationEconomy_Localised":"Agriculture" }
{ "timestamp":"2016-12-20T20:10:05Z", "event":"RefuelAll", "Cost":109, "Amount":2.155442 }
{ "timestamp":"2016-12-20T20:13:11Z", "event":"ReceiveText", "From":"$npc_name_decorate:#name=Toby Grenfell Welsh;", "From_Localised":"Toby Grenfell Welsh", "Message":"$Commuter_AuthorityScan03;", "Message_Localised":"Will this take long? I’ve got a schedule to keep. ", "Channel":"npc" }
{ "timestamp":"2016-12-20T20:15:34Z", "event":"Undocked", "StationName":"Whitson Orbital", "StationType":"Orbis" }
{ "timestamp":"2016-12-20T20:16:27Z", "event":"SupercruiseEntry", "StarSystem":"LP 339-7" }
{ "timestamp":"2016-12-20T20:19:07Z", "event":"SupercruiseExit", "StarSystem":"LP 339-7", "Body":"So-yeon Dock", "BodyType":"Station" }
{ "timestamp":"2016-12-20T20:19:09Z", "event":"ReceiveText", "From":"So-yeon Dock", "Message":"$STATION_NoFireZone_entered;", "Message_Localised":"No fire zone entered.", "Channel":"npc" }
{ "timestamp":"2016-12-20T20:19:17Z", "event":"DockingRequested", "StationName":"So-yeon Dock" }
{ "timestamp":"2016-12-20T20:19:17Z", "event":"ReceiveText", "From":"So-yeon Dock", "Message":"$DockingChatter_Allied;", "Message_Localised":"An ally like you is always welcome here.", "Channel":"npc" }
{ "timestamp":"2016-12-20T20:19:18Z", "event":"ReceiveText", "From":"So-yeon Dock", "Message":"$STATION_docking_granted;", "Message_Localised":"Docking request granted.", "Channel":"npc" }
{ "timestamp":"2016-12-20T20:19:18Z", "event":"DockingGranted", "LandingPad":8, "StationName":"So-yeon Dock" }
{ "timestamp":"2016-12-20T20:20:08Z", "event":"Docked", "StationName":"So-yeon Dock", "StationType":"Orbis", "StarSystem":"LP 339-7", "StationFaction":"Starship Enterprises", "FactionState":"Boom", "StationGovernment":"$government_Corporate;", "StationGovernment_Localised":"Corporate", "StationAllegiance":"Federation", "StationEconomy":"$economy_Agri;", "StationEconomy_Localised":"Agriculture" }
{ "timestamp":"2016-12-20T20:24:49Z", "event":"LoadGame", "Commander":"Coccolithophore", "Ship":"Type6", "ShipID":2, "GameMode":"Group", "Group":"Coccolithophore", "Credits":4689231, "Loan":0 }
{ "timestamp":"2016-12-20T20:24:49Z", "event":"Rank", "Combat":2, "Trade":2, "Explore":2, "Empire":0, "Federation":0, "CQC":0 }
{ "timestamp":"2016-12-20T20:24:49Z", "event":"Progress", "Combat":44, "Trade":82, "Explore":16, "Empire":0, "Federation":43, "CQC":0 }
{ "timestamp":"2016-12-20T20:25:08Z", "event":"Location", "Docked":true, "StationName":"So-yeon Dock", "StationType":"Orbis", "StarSystem":"LP 339-7", "StarPos":[-70.063,-8.281,27.906], "SystemAllegiance":"Federation", "SystemEconomy":"$economy_Agri;", "SystemEconomy_Localised":"Agriculture", "SystemGovernment":"$government_Corporate;", "SystemGovernment_Localised":"Corporate", "SystemSecurity":"$SYSTEM_SECURITY_high;", "SystemSecurity_Localised":"High Security", "Body":"So-yeon Dock", "BodyType":"Station", "SystemFaction":"Starship Enterprises", "FactionState":"Boom" }
{ "timestamp":"2016-12-20T20:25:09Z", "event":"Docked", "StationName":"So-yeon Dock", "StationType":"Orbis", "StarSystem":"LP 339-7", "StationFaction":"Starship Enterprises", "FactionState":"Boom", "StationGovernment":"$government_Corporate;", "StationGovernment_Localised":"Corporate", "StationAllegiance":"Federation", "StationEconomy":"$economy_Agri;", "StationEconomy_Localised":"Agriculture" }
{ "timestamp":"2016-12-20T20:26:15Z", "event":"MissionAccepted", "Faction":"Starship Enterprises", "Name":"Mission_Sightseeing_CEO_BOOM", "Commodity":"$BattleWeapons_Name;", "Commodity_Localised":"Battle Weapons", "Count":2, "Expiry":"2016-12-21T12:35:44Z", "PassengerCount":5, "PassengerVIPs":true, "PassengerWanted":false, "PassengerType":"Business", "MissionID":61057133 }
{ "timestamp":"2016-12-20T20:28:13Z", "event":"RefuelAll", "Cost":10, "Amount":0.086954 }
{ "timestamp":"2016-12-20T20:28:55Z", "event":"Undocked", "StationName":"So-yeon Dock", "StationType":"Orbis" }
{ "timestamp":"2016-12-20T20:29:58Z", "event":"ReceiveText", "From":"So-yeon Dock", "Message":"$STATION_NoFireZone_exited;", "Message_Localised":"No fire zone left.", "Channel":"npc" }
{ "timestamp":"2016-12-20T20:30:12Z", "event":"FSDJump", "StarSystem":"LP 284-13", "StarPos":[-58.094,-4.125,11.219], "SystemAllegiance":"", "SystemEconomy":"$economy_None;", "SystemEconomy_Localised":"None", "SystemGovernment":"$government_None;", "SystemGovernment_Localised":"None", "SystemSecurity":"$SYSTEM_SECURITY_low;", "SystemSecurity_Localised":"Low Security", "JumpDist":20.952, "FuelUsed":2.973041, "FuelLevel":13.026959 }
{ "timestamp":"2016-12-20T20:30:59Z", "event":"JetConeBoost", "BoostValue":1.500000 }
{ "timestamp":"2016-12-20T20:33:08Z", "event":"FSDJump", "StarSystem":"LHS 3593", "StarPos":[-35.656,-16.281,22.469], "SystemAllegiance":"Federation", "SystemEconomy":"$economy_Industrial;", "SystemEconomy_Localised":"Industrial", "SystemGovernment":"$government_Democracy;", "SystemGovernment_Localised":"Democracy", "SystemSecurity":"$SYSTEM_SECURITY_high;", "SystemSecurity_Localised":"High Security", "JumpDist":27.889, "FuelUsed":2.202914, "FuelLevel":10.824045, "BoostUsed":4, "SystemFaction":"Values Party of LHS 3593" }
{ "timestamp":"2016-12-20T20:34:26Z", "event":"FuelScoop", "Scooped":5.175955, "Total":16.000000 }
{ "timestamp":"2016-12-20T20:34:52Z", "event":"FSDJump", "StarSystem":"Wolf 1340", "StarPos":[-22.344,-21.781,11.969], "SystemAllegiance":"", "SystemEconomy":"$economy_None;", "SystemEconomy_Localised":"None", "SystemGovernment":"$government_None;", "SystemGovernment_Localised":"None", "SystemSecurity":"$SYSTEM_SECURITY_low;", "SystemSecurity_Localised":"Low Security", "JumpDist":17.825, "FuelUsed":2.049647, "FuelLevel":13.950354 }
{ "timestamp":"2016-12-20T20:35:14Z", "event":"FuelScoop", "Scooped":0.144475, "Total":14.094829 }
{ "timestamp":"2016-12-20T20:35:49Z", "event":"FSDJump", "StarSystem":"LHS 546", "StarPos":[-11.969,-20.250,1.406], "SystemAllegiance":"", "SystemEconomy":"$economy_None;", "SystemEconomy_Localised":"None", "SystemGovernment":"$government_None;", "SystemGovernment_Localised":"None", "SystemSecurity":"$SYSTEM_SECURITY_low;", "SystemSecurity_Localised":"Low Security", "JumpDist":14.885, "FuelUsed":1.332657, "FuelLevel":12.762171 }
{ "timestamp":"2016-12-20T20:36:15Z", "event":"FuelScoop", "Scooped":0.468370, "Total":13.230541 }
{ "timestamp":"2016-12-20T20:36:48Z", "event":"FSDJump", "StarSystem":"Tau Ceti", "StarPos":[-0.375,-11.406,-3.500], "SystemAllegiance":"Independent", "SystemEconomy":"$economy_Extraction;", "SystemEconomy_Localised":"Extraction", "SystemGovernment":"$government_Theocracy;", "SystemGovernment_Localised":"Theocracy", "SystemSecurity":"$SYSTEM_SECURITY_high;", "SystemSecurity_Localised":"High Security", "JumpDist":15.385, "FuelUsed":1.427381, "FuelLevel":11.803161, "SystemFaction":"Sublime Order of van Maanen's Star", "FactionState":"Boom" }
{ "timestamp":"2016-12-20T20:37:40Z", "event":"FuelScoop", "Scooped":0.828363, "Total":12.631524 }
{ "timestamp":"2016-12-20T20:38:58Z", "event":"ReceiveText", "From":"$npc_name_decorate:#name=Wedding Barge;", "From_Localised":"Wedding Barge", "Message":"$ConvoyWedding_Patrol01;", "Message_Localised":"Help us celebrate our happy day!", "Channel":"npc" }
{ "timestamp":"2016-12-20T20:39:37Z", "event":"ReceiveText", "From":"$npc_name_decorate:#name=Wedding Barge;", "From_Localised":"Wedding Barge", "Message":"$ConvoyWedding_Patrol07;", "Message_Localised":"Today is the best day of my life.", "Channel":"npc" }
{ "timestamp":"2016-12-20T20:39:47Z", "event":"SupercruiseExit", "StarSystem":"Tau Ceti", "Body":"Taylor Colony", "BodyType":"Planet" }
{ "timestamp":"2016-12-20T20:39:59Z", "event":"DataScanned", "Type":"TouristBeacon" }
{ "timestamp":"2016-12-20T20:40:54Z", "event":"ReceiveText", "From":"$npc_name_decorate:#name=Beautiful Corner Tours;", "From_Localised":"Beautiful Corner Tours", "Message":"$PassengerLiner_Passthrough03;", "Message_Localised":"Passengers are advised that the gymnasium is currently closed due to equipment malfunction.", "Channel":"npc" }
{ "timestamp":"2016-12-20T20:41:26Z", "event":"FSDJump", "StarSystem":"Ross 671", "StarPos":[-17.531,-13.844,0.625], "SystemAllegiance":"Federation", "SystemEconomy":"$economy_Industrial;", "SystemEconomy_Localised":"Industrial", "SystemGovernment":"$government_Democracy;", "SystemGovernment_Localised":"Democracy", "SystemSecurity":"$SYSTEM_SECURITY_high;", "SystemSecurity_Localised":"High Security", "JumpDist":17.813, "FuelUsed":1.989540, "FuelLevel":10.641984, "SystemFaction":"Social Ross 671 for Equality" }
{ "timestamp":"2016-12-20T20:41:52Z", "event":"ReceiveText", "From":"$npc_name_decorate:#name=Graham Kesley;", "From_Localised":"Graham Kesley", "Message":"$Pirate_HunterHostileSC_Relevant03;", "Message_Localised":"I've come a long way for what's in your hold, don't try to run!", "Channel":"npc" }
{ "timestamp":"2016-12-20T20:42:03Z", "event":"FuelScoop", "Scooped":1.681495, "Total":12.323479 }
{ "timestamp":"2016-12-20T20:42:29Z", "event":"FSDJump", "StarSystem":"24 Iota Pegasi", "StarPos":[-34.563,-15.813,4.313], "SystemAllegiance":"", "SystemEconomy":"$economy_None;", "SystemEconomy_Localised":"None", "SystemGovernment":"$government_None;", "SystemGovernment_Localised":"None", "SystemSecurity":"$SYSTEM_SECURITY_low;", "SystemSecurity_Localised":"Low Security", "JumpDist":17.537, "FuelUsed":1.914226, "FuelLevel":10.409252 }
{ "timestamp":"2016-12-20T20:42:55Z", "event":"HeatWarning" }
{ "timestamp":"2016-12-20T20:43:03Z", "event":"FuelScoop", "Scooped":1.632154, "Total":12.041407 }
{ "timestamp":"2016-12-20T20:43:22Z", "event":"FSDJump", "StarSystem":"Ross 776", "StarPos":[-47.594,-11.469,11.031], "SystemAllegiance":"", "SystemEconomy":"$economy_None;", "SystemEconomy_Localised":"None", "SystemGovernment":"$government_None;", "SystemGovernment_Localised":"None", "SystemSecurity":"$SYSTEM_SECURITY_low;", "SystemSecurity_Localised":"Low Security", "JumpDist":15.291, "FuelUsed":1.390569, "FuelLevel":10.650837 }
{ "timestamp":"2016-12-20T20:43:46Z", "event":"FuelScoop", "Scooped":0.493050, "Total":11.143887 }
{ "timestamp":"2016-12-20T20:44:27Z", "event":"FSDJump", "StarSystem":"LHS 3589", "StarPos":[-60.406,-12.500,21.250], "SystemAllegiance":"Federation", "SystemEconomy":"$economy_HighTech;", "SystemEconomy_Localised":"High tech", "SystemGovernment":"$government_Corporate;", "SystemGovernment_Localised":"Corporate", "SystemSecurity":"$SYSTEM_SECURITY_high;", "SystemSecurity_Localised":"High Security", "JumpDist":16.421, "FuelUsed":1.629103, "FuelLevel":9.514784, "SystemFaction":"LHS 3589 Ltd" }
{ "timestamp":"2016-12-20T20:44:37Z", "event":"HeatWarning" }
{ "timestamp":"2016-12-20T20:44:38Z", "event":"SupercruiseExit", "StarSystem":"LHS 3589", "Body":"LHS 3589", "BodyType":"Star" }
{ "timestamp":"2016-12-20T20:44:38Z", "event":"HeatWarning" }
{ "timestamp":"2016-12-20T20:45:34Z", "event":"SupercruiseEntry", "StarSystem":"LHS 3589" }
{ "timestamp":"2016-12-20T20:45:35Z", "event":"HeatWarning" }
{ "timestamp":"2016-12-20T20:46:45Z", "event":"FSDJump", "StarSystem":"LP 339-7", "StarPos":[-70.063,-8.281,27.906], "SystemAllegiance":"Federation", "SystemEconomy":"$economy_Agri;", "SystemEconomy_Localised":"Agriculture", "SystemGovernment":"$government_Corporate;", "SystemGovernment_Localised":"Corporate", "SystemSecurity":"$SYSTEM_SECURITY_high;", "SystemSecurity_Localised":"High Security", "JumpDist":12.464, "FuelUsed":0.852225, "FuelLevel":8.662559, "SystemFaction":"Starship Enterprises", "FactionState":"Boom" }
{ "timestamp":"2016-12-20T20:48:51Z", "event":"SupercruiseExit", "StarSystem":"LP 339-7", "Body":"So-yeon Dock", "BodyType":"Station" }
{ "timestamp":"2016-12-20T20:48:53Z", "event":"ReceiveText", "From":"So-yeon Dock", "Message":"$STATION_NoFireZone_entered;", "Message_Localised":"No fire zone entered.", "Channel":"npc" }
{ "timestamp":"2016-12-20T20:49:01Z", "event":"DockingRequested", "StationName":"So-yeon Dock" }
{ "timestamp":"2016-12-20T20:49:01Z", "event":"ReceiveText", "From":"So-yeon Dock", "Message":"$DockingChatter_Allied;", "Message_Localised":"An ally like you is always welcome here.", "Channel":"npc" }
{ "timestamp":"2016-12-20T20:49:02Z", "event":"ReceiveText", "From":"So-yeon Dock", "Message":"$STATION_docking_granted;", "Message_Localised":"Docking request granted.", "Channel":"npc" }
{ "timestamp":"2016-12-20T20:49:02Z", "event":"DockingGranted", "LandingPad":22, "StationName":"So-yeon Dock" }
{ "timestamp":"2016-12-20T20:50:22Z", "event":"Docked", "StationName":"So-yeon Dock", "StationType":"Orbis", "StarSystem":"LP 339-7", "StationFaction":"Starship Enterprises", "FactionState":"Boom", "StationGovernment":"$government_Corporate;", "StationGovernment_Localised":"Corporate", "StationAllegiance":"Federation", "StationEconomy":"$economy_Agri;", "StationEconomy_Localised":"Agriculture" }
{ "timestamp":"2016-12-20T20:50:48Z", "event":"MissionCompleted", "Faction":"Starship Enterprises", "Name":"Mission_Sightseeing_CEO_BOOM_name", "MissionID":61057133, "Commodity":"$BattleWeapons_Name;", "Commodity_Localised":"Battle Weapons", "Count":2, "Reward":1312000 }
{ "timestamp":"2016-12-20T20:51:11Z", "event":"RepairAll", "Cost":716 }
{ "timestamp":"2016-12-20T20:51:12Z", "event":"RefuelAll", "Cost":388, "Amount":7.743248 }
{ "timestamp":"2016-12-20T20:53:31Z", "event":"ReceiveText", "From":"$npc_name_decorate:#name=Merv Hart;", "From_Localised":"Merv Hart", "Message":"$Commuter_AuthorityScan01;", "Message_Localised":"Is there a problem here, officer?", "Channel":"npc" }
{ "timestamp":"2016-12-20T20:54:01Z", "event":"LoadGame", "Commander":"Coccolithophore", "Ship":"Type6", "ShipID":2, "GameMode":"Solo", "Credits":6000068, "Loan":0 }
{ "timestamp":"2016-12-20T20:54:01Z", "event":"Rank", "Combat":2, "Trade":2, "Explore":2, "Empire":0, "Federation":0, "CQC":0 }
{ "timestamp":"2016-12-20T20:54:01Z", "event":"Progress", "Combat":44, "Trade":82, "Explore":16, "Empire":0, "Federation":50, "CQC":0 }
{ "timestamp":"2016-12-20T20:54:21Z", "event":"Location", "Docked":true, "StationName":"So-yeon Dock", "StationType":"Orbis", "StarSystem":"LP 339-7", "StarPos":[-70.063,-8.281,27.906], "SystemAllegiance":"Federation", "SystemEconomy":"$economy_Agri;", "SystemEconomy_Localised":"Agriculture", "SystemGovernment":"$government_Corporate;", "SystemGovernment_Localised":"Corporate", "SystemSecurity":"$SYSTEM_SECURITY_high;", "SystemSecurity_Localised":"High Security", "Body":"So-yeon Dock", "BodyType":"Station", "SystemFaction":"Starship Enterprises", "FactionState":"Boom" }
{ "timestamp":"2016-12-20T20:54:21Z", "event":"Docked", "StationName":"So-yeon Dock", "StationType":"Orbis", "StarSystem":"LP 339-7", "StationFaction":"Starship Enterprises", "FactionState":"Boom", "StationGovernment":"$government_Corporate;", "StationGovernment_Localised":"Corporate", "StationAllegiance":"Federation", "StationEconomy":"$economy_Agri;", "StationEconomy_Localised":"Agriculture" }
{ "timestamp":"2016-12-20T20:55:16Z", "event":"MissionAccepted", "Faction":"Starship Enterprises", "Name":"Mission_Sightseeing_CEO_BOOM", "Commodity":"$TerrainEnrichmentSystems_Name;", "Commodity_Localised":"Land Enrichment Systems", "Count":2, "Expiry":"2016-12-21T12:16:47Z", "PassengerCount":6, "PassengerVIPs":true, "PassengerWanted":false, "PassengerType":"Business", "MissionID":61068218 }
{ "timestamp":"2016-12-20T20:55:35Z", "event":"ReceiveText", "From":"$npc_name_decorate:#name=Tarl Cabot;", "From_Localised":"Tarl Cabot", "Message":"$Commuter_AuthorityScan09;", "Message_Localised":"Can we hurry this up please, officer?", "Channel":"npc" }
{ "timestamp":"2016-12-20T20:55:56Z", "event":"ModuleSell", "Slot":"Slot05_Size3", "SellItem":"$int_fuelscoop_size3_class5_name;", "SellItem_Localised":"Fuel Scoop", "SellPrice":902954, "Ship":"type6", "ShipID":2 }
{ "timestamp":"2016-12-20T20:56:02Z", "event":"ModuleStore", "Slot":"Slot01_Size5", "StoredItem":"$int_passengercabin_size5_class2_name;", "StoredItem_Localised":"BC Passenger Cabin", "Ship":"type6", "ShipID":2 }
{ "timestamp":"2016-12-20T20:56:14Z", "event":"ModuleBuy", "Slot":"Slot01_Size5", "BuyItem":"$int_fuelscoop_size5_class4_name;", "BuyItem_Localised":"Fuel Scoop", "BuyPrice":2268424, "Ship":"type6", "ShipID":2 }
{ "timestamp":"2016-12-20T20:57:52Z", "event":"Undocked", "StationName":"So-yeon Dock", "StationType":"Orbis" }
{ "timestamp":"2016-12-20T20:58:51Z", "event":"ReceiveText", "From":"So-yeon Dock", "Message":"$STATION_NoFireZone_exited;", "Message_Localised":"No fire zone left.", "Channel":"npc" }
{ "timestamp":"2016-12-20T20:59:18Z", "event":"FSDJump", "StarSystem":"Koskit", "StarPos":[-71.969,-2.156,48.781], "SystemAllegiance":"Federation", "SystemEconomy":"$economy_Refinery;", "SystemEconomy_Localised":"Refinery", "SystemGovernment":"$government_Democracy;", "SystemGovernment_Localised":"Democracy", "SystemSecurity":"$SYSTEM_SECURITY_medium;", "SystemSecurity_Localised":"Medium Security", "JumpDist":21.838, "FuelUsed":2.749406, "FuelLevel":13.250594, "SystemFaction":"Union of Koskit Liberals" }
{ "timestamp":"2016-12-20T20:59:55Z", "event":"FuelScoop", "Scooped":2.749406, "Total":16.000000 }
{ "timestamp":"2016-12-20T21:00:18Z", "event":"FSDJump", "StarSystem":"Alrai Sector IH-V b2-4", "StarPos":[-81.750,5.750,66.906], "SystemAllegiance":"", "SystemEconomy":"$economy_None;", "SystemEconomy_Localised":"None", "SystemGovernment":"$government_None;", "SystemGovernment_Localised":"None", "SystemSecurity":"$SYSTEM_SECURITY_low;", "SystemSecurity_Localised":"Low Security", "JumpDist":22.061, "FuelUsed":2.814358, "FuelLevel":13.185641 }
{ "timestamp":"2016-12-20T21:01:20Z", "event":"FSDJump", "StarSystem":"BD+13 3769", "StarPos":[-83.875,12.281,84.281], "SystemAllegiance":"Federation", "SystemEconomy":"$economy_Refinery;", "SystemEconomy_Localised":"Refinery", "SystemGovernment":"$government_Democracy;", "SystemGovernment_Localised":"Democracy", "SystemSecurity":"$SYSTEM_SECURITY_medium;", "SystemSecurity_Localised":"Medium Security", "JumpDist":18.683, "FuelUsed":1.871972, "FuelLevel":11.313669, "SystemFaction":"Social BD+13 3769 Democrats" }
{ "timestamp":"2016-12-20T21:01:55Z", "event":"FuelScoop", "Scooped":4.300691, "Total":15.614360 }
{ "timestamp":"2016-12-20T21:02:29Z", "event":"FSDJump", "StarSystem":"Ross 151", "StarPos":[-89.031,9.906,94.219], "SystemAllegiance":"Federation", "SystemEconomy":"$economy_Agri;", "SystemEconomy_Localised":"Agriculture", "SystemGovernment":"$government_Democracy;", "SystemGovernment_Localised":"Democracy", "SystemSecurity":"$SYSTEM_SECURITY_medium;", "SystemSecurity_Localised":"Medium Security", "JumpDist":11.445, "FuelUsed":0.619842, "FuelLevel":14.994518, "SystemFaction":"Labour of Ross 151", "FactionState":"Boom" }
{ "timestamp":"2016-12-20T21:02:52Z", "event":"FuelScoop", "Scooped":0.401335, "Total":15.395853 }
{ "timestamp":"2016-12-20T21:04:32Z", "event":"SupercruiseExit", "StarSystem":"Ross 151", "Body":"Ross 151 3", "BodyType":"Planet" }
{ "timestamp":"2016-12-20T21:05:08Z", "event":"DataScanned", "Type":"TouristBeacon" }
{ "timestamp":"2016-12-20T21:06:40Z", "event":"FSDJump", "StarSystem":"Men Shi", "StarPos":[-82.125,-1.406,79.938], "SystemAllegiance":"Independent", "SystemEconomy":"$economy_Refinery;", "SystemEconomy_Localised":"Refinery", "SystemGovernment":"$government_Feudal;", "SystemGovernment_Localised":"Feudal", "SystemSecurity":"$SYSTEM_SECURITY_medium;", "SystemSecurity_Localised":"Medium Security", "JumpDist":19.484, "FuelUsed":2.103394, "FuelLevel":13.292459, "SystemFaction":"Earls of Men Shi", "FactionState":"Retreat" }
{ "timestamp":"2016-12-20T21:07:15Z", "event":"FuelScoop", "Scooped":2.707541, "Total":16.000000 }
{ "timestamp":"2016-12-20T21:07:49Z", "event":"FSDJump", "StarSystem":"Alrai Sector HR-W c1-24", "StarPos":[-85.094,2.156,59.375], "SystemAllegiance":"", "SystemEconomy":"$economy_None;", "SystemEconomy_Localised":"None", "SystemGovernment":"$government_None;", "SystemGovernment_Localised":"None", "SystemSecurity":"$SYSTEM_SECURITY_low;", "SystemSecurity_Localised":"Low Security", "JumpDist":21.079, "FuelUsed":2.534255, "FuelLevel":13.465745 }
{ "timestamp":"2016-12-20T21:08:13Z", "event":"HeatWarning" }
{ "timestamp":"2016-12-20T21:08:25Z", "event":"FuelScoop", "Scooped":0.333409, "Total":13.799154 }
{ "timestamp":"2016-12-20T21:08:42Z", "event":"FSDJump", "StarSystem":"Alrai Sector EB-X b1-0", "StarPos":[-83.938,-0.406,39.750], "SystemAllegiance":"", "SystemEconomy":"$economy_None;", "SystemEconomy_Localised":"None", "SystemGovernment":"$government_None;", "SystemGovernment_Localised":"None", "SystemSecurity":"$SYSTEM_SECURITY_low;", "SystemSecurity_Localised":"Low Security", "JumpDist":19.825, "FuelUsed":2.200846, "FuelLevel":13.799154 }
{ "timestamp":"2016-12-20T21:08:42Z", "event":"HeatWarning" }
{ "timestamp":"2016-12-20T21:09:10Z", "event":"FuelScoop", "Scooped":0.368598, "Total":14.167752 }
{ "timestamp":"2016-12-20T21:09:45Z", "event":"FSDJump", "StarSystem":"Achelous", "StarPos":[-76.938,3.531,19.969], "SystemAllegiance":"Federation", "SystemEconomy":"$economy_Agri;", "SystemEconomy_Localised":"Agriculture", "SystemGovernment":"$government_Corporate;", "SystemGovernment_Localised":"Corporate", "SystemSecurity":"$SYSTEM_SECURITY_high;", "SystemSecurity_Localised":"High Security", "JumpDist":21.350, "FuelUsed":2.567002, "FuelLevel":11.600750, "SystemFaction":"Achelous Central Ltd", "FactionState":"Boom" }
{ "timestamp":"2016-12-20T21:10:19Z", "event":"FuelScoop", "Scooped":3.189838, "Total":14.790588 }
{ "timestamp":"2016-12-20T21:10:48Z", "event":"FSDJump", "StarSystem":"Ross 765", "StarPos":[-72.781,7.000,-1.906], "SystemAllegiance":"Federation", "SystemEconomy":"$economy_Military;", "SystemEconomy_Localised":"Military", "SystemGovernment":"$government_Democracy;", "SystemGovernment_Localised":"Democracy", "SystemSecurity":"$SYSTEM_SECURITY_medium;", "SystemSecurity_Localised":"Medium Security", "JumpDist":22.535, "FuelUsed":2.919106, "FuelLevel":11.871482, "SystemFaction":"Workers of Hach Resistance", "FactionState":"Boom" }
{ "timestamp":"2016-12-20T21:11:14Z", "event":"FuelScoop", "Scooped":1.121706, "Total":12.993188 }
{ "timestamp":"2016-12-20T21:11:45Z", "event":"FSDJump", "StarSystem":"LTT 16470", "StarPos":[-64.375,9.500,-19.625], "SystemAllegiance":"", "SystemEconomy":"$economy_None;", "SystemEconomy_Localised":"None", "SystemGovernment":"$government_None;", "SystemGovernment_Localised":"None", "SystemSecurity":"$SYSTEM_SECURITY_low;", "SystemSecurity_Localised":"Low Security", "JumpDist":19.770, "FuelUsed":2.128262, "FuelLevel":10.864925 }
{ "timestamp":"2016-12-20T21:12:13Z", "event":"FuelScoop", "Scooped":2.698147, "Total":13.563072 }
{ "timestamp":"2016-12-20T21:12:39Z", "event":"FSDJump", "StarSystem":"LFT 19", "StarPos":[-56.281,7.875,-32.281], "SystemAllegiance":"", "SystemEconomy":"$economy_None;", "SystemEconomy_Localised":"None", "SystemGovernment":"$government_None;", "SystemGovernment_Localised":"None", "SystemSecurity":"$SYSTEM_SECURITY_low;", "SystemSecurity_Localised":"Low Security", "JumpDist":15.111, "FuelUsed":1.152777, "FuelLevel":12.410295 }
{ "timestamp":"2016-12-20T21:13:05Z", "event":"ReceiveText", "From":"$npc_name_decorate:#name=Zivannia Ayrton;", "From_Localised":"Zivannia Ayrton", "Message":"$Pirate_HunterHostileSC_Relevant01;", "Message_Localised":"That's the ship I'm looking for, the one with the big haul...", "Channel":"npc" }
{ "timestamp":"2016-12-20T21:13:11Z", "event":"FuelScoop", "Scooped":3.589705, "Total":16.000000 }
{ "timestamp":"2016-12-20T21:13:46Z", "event":"FSDJump", "StarSystem":"BD+65 210", "StarPos":[-56.531,5.625,-46.656], "SystemAllegiance":"Independent", "SystemEconomy":"$economy_Agri;", "SystemEconomy_Localised":"Agriculture", "SystemGovernment":"$government_Dictatorship;", "SystemGovernment_Localised":"Dictatorship", "SystemSecurity":"$SYSTEM_SECURITY_medium;", "SystemSecurity_Localised":"Medium Security", "JumpDist":14.552, "FuelUsed":1.080730, "FuelLevel":14.919270, "SystemFaction":"Party of BD+65 210", "FactionState":"Boom" }
{ "timestamp":"2016-12-20T21:14:12Z", "event":"FuelScoop", "Scooped":1.080730, "Total":16.000000 }
{ "timestamp":"2016-12-20T21:18:05Z", "event":"ApproachSettlement", "Name":"BD+65 210 7 a Ice Geysers" }
{ "timestamp":"2016-12-20T21:18:07Z", "event":"SupercruiseExit", "StarSystem":"BD+65 210", "Body":"BD+65 210 7 a", "BodyType":"Planet" }
{ "timestamp":"2016-12-20T21:19:18Z", "event":"DataScanned", "Type":"TouristBeacon" }
{ "timestamp":"2016-12-20T21:21:25Z", "event":"FSDJump", "StarSystem":"BD+65 1846", "StarPos":[-60.313,7.125,-25.531], "SystemAllegiance":"Independent", "SystemEconomy":"$economy_Agri;", "SystemEconomy_Localised":"Agriculture", "SystemGovernment":"$government_Dictatorship;", "SystemGovernment_Localised":"Dictatorship", "SystemSecurity":"$SYSTEM_SECURITY_high;", "SystemSecurity_Localised":"High Security", "JumpDist":21.513, "FuelUsed":2.646802, "FuelLevel":12.963198, "SystemFaction":"New BD+65 1846 Defence Force" }
{ "timestamp":"2016-12-20T21:21:56Z", "event":"FuelScoop", "Scooped":3.036802, "Total":16.000000 }
{ "timestamp":"2016-12-20T21:22:34Z", "event":"FSDJump", "StarSystem":"V2151 Cygni", "StarPos":[-63.750,3.656,-5.594], "SystemAllegiance":"Federation", "SystemEconomy":"$economy_Industrial;", "SystemEconomy_Localised":"Industrial", "SystemGovernment":"$government_Democracy;", "SystemGovernment_Localised":"Democracy", "SystemSecurity":"$SYSTEM_SECURITY_high;", "SystemSecurity_Localised":"High Security", "JumpDist":20.527, "FuelUsed":2.384047, "FuelLevel":13.615953, "SystemFaction":"V2151 Cygni Independents" }
{ "timestamp":"2016-12-20T21:22:57Z", "event":"FuelScoop", "Scooped":0.380559, "Total":13.996512 }
{ "timestamp":"2016-12-20T21:23:26Z", "event":"FSDJump", "StarSystem":"LP 284-7", "StarPos":[-65.250,-1.438,13.094], "SystemAllegiance":"", "SystemEconomy":"$economy_None;", "SystemEconomy_Localised":"None", "SystemGovernment":"$government_None;", "SystemGovernment_Localised":"None", "SystemSecurity":"$SYSTEM_SECURITY_low;", "SystemSecurity_Localised":"Low Security", "JumpDist":19.427, "FuelUsed":2.062920, "FuelLevel":11.933593 }
{ "timestamp":"2016-12-20T21:23:49Z", "event":"ReceiveText", "From":"$npc_name_decorate:#name=Kith Doomraven;", "From_Localised":"Kith Doomraven", "Message":"$Pirate_HunterHostileSC_Relevant01;", "Message_Localised":"That's the ship I'm looking for, the one with the big haul...", "Channel":"npc" }
{ "timestamp":"2016-12-20T21:23:53Z", "event":"FuelScoop", "Scooped":2.427957, "Total":14.361549 }
{ "timestamp":"2016-12-20T21:23:54Z", "event":"ReceiveText", "From":"$npc_name_decorate:#name=Kith Doomraven;", "From_Localised":"Kith Doomraven", "Message":"$Pirate_StartInterdiction01;", "Message_Localised":"You're mine now, Commander. ", "Channel":"npc" }
{ "timestamp":"2016-12-20T21:24:00Z", "event":"Interdicted", "Submitted":true, "Interdictor":"Kith Doomraven", "IsPlayer":false, "Faction":"" }
{ "timestamp":"2016-12-20T21:24:01Z", "event":"SupercruiseExit", "StarSystem":"LP 284-7", "Body":"LP 284-7 A", "BodyType":"Star" }
{ "timestamp":"2016-12-20T21:24:03Z", "event":"ReceiveText", "From":"$npc_name_decorate:#name=Kith Doomraven;", "From_Localised":"Kith Doomraven", "Message":"$Pirate_Arrival11;", "Message_Localised":"Empty your cargo hold and everything will be fine.", "Channel":"npc" }
{ "timestamp":"2016-12-20T21:24:13Z", "event":"ReceiveText", "From":"$npc_name_decorate:#name=Kith Doomraven;", "From_Localised":"Kith Doomraven", "Message":"$Pirate_OnDeclarePiracyAttack01;", "Message_Localised":"I'll pick your bones clean, greenhorn.", "Channel":"npc" }
{ "timestamp":"2016-12-20T21:24:55Z", "event":"FSDJump", "StarSystem":"LP 339-7", "StarPos":[-70.063,-8.281,27.906], "SystemAllegiance":"Federation", "SystemEconomy":"$economy_Agri;", "SystemEconomy_Localised":"Agriculture", "SystemGovernment":"$government_Corporate;", "SystemGovernment_Localised":"Corporate", "SystemSecurity":"$SYSTEM_SECURITY_high;", "SystemSecurity_Localised":"High Security", "JumpDist":17.012, "FuelUsed":1.525233, "FuelLevel":12.836316, "SystemFaction":"Starship Enterprises", "FactionState":"Boom" }
{ "timestamp":"2016-12-20T21:27:31Z", "event":"SupercruiseExit", "StarSystem":"LP 339-7", "Body":"So-yeon Dock", "BodyType":"Station" }
{ "timestamp":"2016-12-20T21:27:33Z", "event":"ReceiveText", "From":"So-yeon Dock", "Message":"$STATION_NoFireZone_entered;", "Message_Localised":"No fire zone entered.", "Channel":"npc" }
{ "timestamp":"2016-12-20T21:27:48Z", "event":"DockingRequested", "StationName":"So-yeon Dock" }
{ "timestamp":"2016-12-20T21:27:48Z", "event":"ReceiveText", "From":"So-yeon Dock", "Message":"$DockingChatter_Allied;", "Message_Localised":"An ally like you is always welcome here.", "Channel":"npc" }
{ "timestamp":"2016-12-20T21:27:49Z", "event":"ReceiveText", "From":"So-yeon Dock", "Message":"$STATION_docking_granted;", "Message_Localised":"Docking request granted.", "Channel":"npc" }
{ "timestamp":"2016-12-20T21:27:49Z", "event":"DockingGranted", "LandingPad":37, "StationName":"So-yeon Dock" }
{ "timestamp":"2016-12-20T21:28:34Z", "event":"Docked", "StationName":"So-yeon Dock", "StationType":"Orbis", "StarSystem":"LP 339-7", "StationFaction":"Starship Enterprises", "FactionState":"Boom", "StationGovernment":"$government_Corporate;", "StationGovernment_Localised":"Corporate", "StationAllegiance":"Federation", "StationEconomy":"$economy_Agri;", "StationEconomy_Localised":"Agriculture" }
{ "timestamp":"2016-12-20T21:28:55Z", "event":"MissionCompleted", "Faction":"Starship Enterprises", "Name":"Mission_Sightseeing_CEO_BOOM_name", "MissionID":61068218, "Commodity":"$TerrainEnrichmentSystems_Name;", "Commodity_Localised":"Land Enrichment Systems", "Count":2, "Reward":3091200 }
{ "timestamp":"2016-12-20T21:29:50Z", "event":"ReceiveText", "From":"$npc_name_decorate:#name=Herbert Zinc;", "From_Localised":"Herbert Zinc", "Message":"$Commuter_AuthorityScan02;", "Message_Localised":"How can I be of assistance?", "Channel":"npc" }
{ "timestamp":"2016-12-20T21:31:23Z", "event":"RefuelAll", "Cost":168, "Amount":3.338304 }
{ "timestamp":"2016-12-20T21:31:31Z", "event":"SellExplorationData", "Systems":[ "Ross 765", "BD+13 3769", "24 Iota Pegasi", "LP 284-13", "LFT 19", "Koskit", "Alrai Sector HR-W c1-24", "Wolf 1340", "Alrai Sector IH-V b2-4", "Men Shi", "LTT 16470", "Ross 776", "LHS 546" ], "Discovered":[  ], "BaseValue":65694, "Bonus":0 }
{ "timestamp":"2016-12-20T21:32:16Z", "event":"MarketSell", "Type":"neofabricinsulation", "Count":4, "SellPrice":1391, "TotalSale":5564, "AvgPricePaid":0 }
{ "timestamp":"2016-12-20T21:32:58Z", "event":"Undocked", "StationName":"So-yeon Dock", "StationType":"Orbis" }
{ "timestamp":"2016-12-20T21:33:58Z", "event":"SupercruiseEntry", "StarSystem":"LP 339-7" }
{ "timestamp":"2016-12-20T21:33:58Z", "event":"ReceiveText", "From":"So-yeon Dock", "Message":"$STATION_NoFireZone_exited;", "Message_Localised":"No fire zone left.", "Channel":"npc" }
{ "timestamp":"2016-12-20T21:36:28Z", "event":"SupercruiseExit", "StarSystem":"LP 339-7", "Body":"LP 339-7 1", "BodyType":"Planet" }
{ "timestamp":"2016-12-20T21:36:50Z", "event":"SupercruiseEntry", "StarSystem":"LP 339-7" }
{ "timestamp":"2016-12-20T21:37:15Z", "event":"SupercruiseExit", "StarSystem":"LP 339-7", "Body":"Gell-Mann Ring", "BodyType":"Station" }
{ "timestamp":"2016-12-20T21:37:16Z", "event":"ReceiveText", "From":"Gell-Mann Ring", "Message":"$STATION_NoFireZone_entered;", "Message_Localised":"No fire zone entered.", "Channel":"npc" }
{ "timestamp":"2016-12-20T21:37:37Z", "event":"DockingRequested", "StationName":"Gell-Mann Ring" }
{ "timestamp":"2016-12-20T21:37:37Z", "event":"ReceiveText", "From":"Gell-Mann Ring", "Message":"$DockingChatter_Neutral;", "Message_Localised":"Ensure to observe starport protocol during your visit, pilot.", "Channel":"npc" }
{ "timestamp":"2016-12-20T21:37:38Z", "event":"ReceiveText", "From":"Gell-Mann Ring", "Message":"$STATION_docking_granted;", "Message_Localised":"Docking request granted.", "Channel":"npc" }
{ "timestamp":"2016-12-20T21:37:38Z", "event":"DockingGranted", "LandingPad":35, "StationName":"Gell-Mann Ring" }
{ "timestamp":"2016-12-20T21:38:15Z", "event":"Docked", "StationName":"Gell-Mann Ring", "StationType":"Orbis", "StarSystem":"LP 339-7", "StationFaction":"LP 339-7 Blue Creative Inc", "FactionState":"Boom", "StationGovernment":"$government_Corporate;", "StationGovernment_Localised":"Corporate", "StationAllegiance":"Federation", "StationEconomy":"$economy_Industrial;", "StationEconomy_Localised":"Industrial" }
{ "timestamp":"2016-12-20T21:41:07Z", "event":"ReceiveText", "From":"$npc_name_decorate:#name=Luxenia Ervein;", "From_Localised":"Luxenia Ervein", "Message":"$Commuter_AuthorityScan01;", "Message_Localised":"Is there a problem here, officer?", "Channel":"npc" }
{ "timestamp":"2016-12-20T21:50:07Z", "event":"Undocked", "StationName":"Gell-Mann Ring", "StationType":"Orbis" }
{ "timestamp":"2016-12-20T21:51:23Z", "event":"ReceiveText", "From":"Gell-Mann Ring", "Message":"$STATION_NoFireZone_exited;", "Message_Localised":"No fire zone left.", "Channel":"npc" }
{ "timestamp":"2016-12-20T21:51:45Z", "event":"FSDJump", "StarSystem":"Tau Cygni", "StarPos":[-65.344,-8.750,7.688], "SystemAllegiance":"Federation", "SystemEconomy":"$economy_Refinery;", "SystemEconomy_Localised":"Refinery", "SystemGovernment":"$government_Corporate;", "SystemGovernment_Localised":"Corporate", "SystemSecurity":"$SYSTEM_SECURITY_medium;", "SystemSecurity_Localised":"Medium Security", "JumpDist":20.767, "FuelUsed":2.361758, "FuelLevel":13.638242, "SystemFaction":"Tau Cygni Commodities", "FactionState":"Boom" }
{ "timestamp":"2016-12-20T21:52:23Z", "event":"FuelScoop", "Scooped":2.361758, "Total":16.000000 }
{ "timestamp":"2016-12-20T21:52:54Z", "event":"FSDJump", "StarSystem":"LHS 6408", "StarPos":[-62.844,-13.906,-10.813], "SystemAllegiance":"Federation", "SystemEconomy":"$economy_Refinery;", "SystemEconomy_Localised":"Refinery", "SystemGovernment":"$government_Corporate;", "SystemGovernment_Localised":"Corporate", "SystemSecurity":"$SYSTEM_SECURITY_medium;", "SystemSecurity_Localised":"Medium Security", "JumpDist":19.367, "FuelUsed":2.011265, "FuelLevel":13.988735, "SystemFaction":"Gold Natural Corporation", "FactionState":"Boom" }
{ "timestamp":"2016-12-20T21:53:18Z", "event":"FuelScoop", "Scooped":0.322076, "Total":14.310811 }
{ "timestamp":"2016-12-20T21:53:51Z", "event":"FSDJump", "StarSystem":"7 Andromedae", "StarPos":[-75.344,-14.281,-23.531], "SystemAllegiance":"Federation", "SystemEconomy":"$economy_Industrial;", "SystemEconomy_Localised":"Industrial", "SystemGovernment":"$government_Democracy;", "SystemGovernment_Localised":"Democracy", "SystemSecurity":"$SYSTEM_SECURITY_medium;", "SystemSecurity_Localised":"Medium Security", "JumpDist":17.837, "FuelUsed":1.638695, "FuelLevel":12.672116, "SystemFaction":"7 Andromedae for Equality" }
{ "timestamp":"2016-12-20T21:57:16Z", "event":"SupercruiseExit", "StarSystem":"7 Andromedae", "Body":"Papin City", "BodyType":"Station" }
{ "timestamp":"2016-12-20T21:57:28Z", "event":"DockingRequested", "StationName":"Papin City" }
{ "timestamp":"2016-12-20T21:57:28Z", "event":"ReceiveText", "From":"Papin City", "Message":"$DockingChatter_Neutral;", "Message_Localised":"Ensure to observe starport protocol during your visit, pilot.", "Channel":"npc" }
{ "timestamp":"2016-12-20T21:57:29Z", "event":"ReceiveText", "From":"Papin City", "Message":"$STATION_docking_granted;", "Message_Localised":"Docking request granted.", "Channel":"npc" }
{ "timestamp":"2016-12-20T21:57:29Z", "event":"DockingGranted", "LandingPad":38, "StationName":"Papin City" }
{ "timestamp":"2016-12-20T21:57:45Z", "event":"ReceiveText", "From":"Papin City", "Message":"$STATION_NoFireZone_entered;", "Message_Localised":"No fire zone entered.", "Channel":"npc" }
{ "timestamp":"2016-12-20T21:58:28Z", "event":"Docked", "StationName":"Papin City", "StationType":"Coriolis", "StarSystem":"7 Andromedae", "StationFaction":"7 Andromedae for Equality", "StationGovernment":"$government_Democracy;", "StationGovernment_Localised":"Democracy", "StationAllegiance":"Federation", "StationEconomy":"$economy_Industrial;", "StationEconomy_Localised":"Industrial" }
{ "timestamp":"2016-12-20T22:00:54Z", "event":"ModuleBuy", "Slot":"FrameShiftDrive", "SellItem":"$int_hyperdrive_size4_class5_name;", "SellItem_Localised":"FSD", "SellPrice":1602029, "BuyItem":"$int_hyperdrive_size3_class3_name;", "BuyItem_Localised":"FSD", "BuyPrice":47970, "Ship":"type6", "ShipID":2 }
{ "timestamp":"2016-12-20T22:01:27Z", "event":"ModuleStore", "Slot":"Slot02_Size5", "StoredItem":"$int_passengercabin_size5_class3_name;", "StoredItem_Localised":"FC Passenger Cabin", "Ship":"type6", "ShipID":2 }
{ "timestamp":"2016-12-20T22:01:36Z", "event":"ModuleSell", "Slot":"Slot07_Size2", "SellItem":"$int_stellarbodydiscoveryscanner_advanced_name;", "SellItem_Localised":"D - Scanner", "SellPrice":1525687, "Ship":"type6", "ShipID":2 }
{ "timestamp":"2016-12-20T22:01:48Z", "event":"ModuleStore", "Slot":"Slot01_Size5", "StoredItem":"$int_fuelscoop_size5_class4_name;", "StoredItem_Localised":"Fuel Scoop", "Ship":"type6", "ShipID":2 }
{ "timestamp":"2016-12-20T22:02:12Z", "event":"ShipyardBuy", "ShipType":"asp", "ShipPrice":5661981, "SellOldShip":"Type6", "SellShipID":2, "SellPrice":1792664 }
{ "timestamp":"2016-12-20T22:02:13Z", "event":"ShipyardNew", "ShipType":"asp", "NewShipID":2 }
{ "timestamp":"2016-12-20T22:02:26Z", "event":"Docked", "StationName":"Papin City", "StationType":"Coriolis", "StarSystem":"7 Andromedae", "StationFaction":"7 Andromedae for Equality", "StationGovernment":"$government_Democracy;", "StationGovernment_Localised":"Democracy", "StationAllegiance":"Federation", "StationEconomy":"$economy_Industrial;", "StationEconomy_Localised":"Industrial" }
{ "timestamp":"2016-12-20T22:02:57Z", "event":"ModuleBuy", "Slot":"FrameShiftDrive", "SellItem":"$int_hyperdrive_size5_class1_name;", "SellItem_Localised":"FSD", "SellPrice":53560, "BuyItem":"$int_hyperdrive_size5_class4_name;", "BuyItem_Localised":"FSD", "BuyPrice":1446121, "Ship":"asp", "ShipID":2 }
{ "timestamp":"2016-12-20T22:03:10Z", "event":"ModuleBuy", "Slot":"MainEngines", "SellItem":"$int_engine_size5_class1_name;", "SellItem_Localised":"Thrusters", "SellPrice":53560, "BuyItem":"$int_engine_size5_class2_name;", "BuyItem_Localised":"Thrusters", "BuyPrice":160680, "Ship":"asp", "ShipID":2 }
{ "timestamp":"2016-12-20T22:03:15Z", "event":"ModuleBuy", "Slot":"LifeSupport", "SellItem":"$int_lifesupport_size4_class1_name;", "SellItem_Localised":"Life Support", "SellPrice":9646, "BuyItem":"$int_lifesupport_size4_class2_name;", "BuyItem_Localised":"Life Support", "BuyPrice":24118, "Ship":"asp", "ShipID":2 }
{ "timestamp":"2016-12-20T22:03:21Z", "event":"ModuleBuy", "Slot":"PowerDistributor", "SellItem":"$int_powerdistributor_size4_class1_name;", "SellItem_Localised":"Power Distributor", "SellPrice":9646, "BuyItem":"$int_powerdistributor_size4_class2_name;", "BuyItem_Localised":"Power Distributor", "BuyPrice":24118, "Ship":"asp", "ShipID":2 }
{ "timestamp":"2016-12-20T22:03:28Z", "event":"ModuleBuy", "Slot":"Radar", "SellItem":"$int_sensors_size5_class1_name;", "SellItem_Localised":"Sensors", "SellPrice":27011, "BuyItem":"$int_sensors_size5_class2_name;", "BuyItem_Localised":"Sensors", "BuyPrice":67528, "Ship":"asp", "ShipID":2 }
{ "timestamp":"2016-12-20T22:03:35Z", "event":"ModuleBuy", "Slot":"PowerPlant", "SellItem":"$int_powerplant_size5_class1_name;", "SellItem_Localised":"Power Plant", "SellPrice":53560, "BuyItem":"$int_powerplant_size5_class2_name;", "BuyItem_Localised":"Power Plant", "BuyPrice":160680, "Ship":"asp", "ShipID":2 }
{ "timestamp":"2016-12-20T22:03:36Z", "event":"ShieldState", "ShieldsUp":false }
{ "timestamp":"2016-12-20T22:03:40Z", "event":"ShieldState", "ShieldsUp":true }
{ "timestamp":"2016-12-20T22:04:14Z", "event":"ModuleBuy", "Slot":"Slot02_Size5", "SellItem":"$int_shieldgenerator_size5_class1_name;", "SellItem_Localised":"Shield Generator", "SellPrice":53560, "BuyItem":"$int_shieldgenerator_size5_class2_name;", "BuyItem_Localised":"Shield Generator", "BuyPrice":160680, "Ship":"asp", "ShipID":2 }
{ "timestamp":"2016-12-20T22:04:33Z", "event":"ModuleBuy", "Slot":"Slot01_Size6", "SellItem":"$int_cargorack_size5_class1_name;", "SellItem_Localised":"Cargo Rack", "SellPrice":94831, "BuyItem":"$int_passengercabin_size6_class2_name;", "BuyItem_Localised":"BC Passenger Cabin", "BuyPrice":156598, "Ship":"asp", "ShipID":2 }
{ "timestamp":"2016-12-20T22:05:08Z", "event":"ModuleBuy", "Slot":"Slot03_Size3", "SellItem":"$int_cargorack_size2_class1_name;", "SellItem_Localised":"Cargo Rack", "SellPrice":2762, "BuyItem":"$int_passengercabin_size3_class1_name;", "BuyItem_Localised":"EC Passenger Cabin", "BuyPrice":7359, "Ship":"asp", "ShipID":2 }
{ "timestamp":"2016-12-20T22:05:17Z", "event":"ModuleBuy", "Slot":"Slot04_Size3", "BuyItem":"$int_passengercabin_size3_class1_name;", "BuyItem_Localised":"EC Passenger Cabin", "BuyPrice":7359, "Ship":"asp", "ShipID":2 }
{ "timestamp":"2016-12-20T22:05:23Z", "event":"ModuleBuy", "Slot":"Slot05_Size3", "BuyItem":"$int_passengercabin_size3_class1_name;", "BuyItem_Localised":"EC Passenger Cabin", "BuyPrice":7359, "Ship":"asp", "ShipID":2 }
{ "timestamp":"2016-12-20T22:05:45Z", "event":"ModuleBuy", "Slot":"Slot03_Size3", "SellItem":"$int_passengercabin_size3_class1_name;", "SellItem_Localised":"EC Passenger Cabin", "SellPrice":7359, "BuyItem":"$int_fuelscoop_size3_class5_name;", "BuyItem_Localised":"Fuel Scoop", "BuyPrice":767511, "Ship":"asp", "ShipID":2 }
{ "timestamp":"2016-12-20T22:07:45Z", "event":"Undocked", "StationName":"Papin City", "StationType":"Coriolis" }
{ "timestamp":"2016-12-20T22:08:21Z", "event":"ReceiveText", "From":"Papin City", "Message":"$STATION_NoFireZone_exited;", "Message_Localised":"No fire zone left.", "Channel":"npc" }
{ "timestamp":"2016-12-20T22:09:10Z", "event":"FSDJump", "StarSystem":"KZ Andromedae", "StarPos":[-72.656,-15.313,-21.344], "SystemAllegiance":"Federation", "SystemEconomy":"$economy_Industrial;", "SystemEconomy_Localised":"Industrial", "SystemGovernment":"$government_Democracy;", "SystemGovernment_Localised":"Democracy", "SystemSecurity":"$SYSTEM_SECURITY_low;", "SystemSecurity_Localised":"Low Security", "JumpDist":3.615, "FuelUsed":0.043254, "FuelLevel":31.956745, "SystemFaction":"KZ Andromedae Republic Party" }
{ "timestamp":"2016-12-20T22:12:41Z", "event":"SupercruiseExit", "StarSystem":"KZ Andromedae", "Body":"Linaweaver Terminal", "BodyType":"Station" }
{ "timestamp":"2016-12-20T22:13:09Z", "event":"DockingRequested", "StationName":"Linaweaver Terminal" }
{ "timestamp":"2016-12-20T22:13:09Z", "event":"ReceiveText", "From":"Linaweaver Terminal", "Message":"$DockingChatter_Neutral;", "Message_Localised":"Ensure to observe starport protocol during your visit, pilot.", "Channel":"npc" }
{ "timestamp":"2016-12-20T22:13:09Z", "event":"ReceiveText", "From":"Linaweaver Terminal", "Message":"$STATION_NoFireZone_entered;", "Message_Localised":"No fire zone entered.", "Channel":"npc" }
{ "timestamp":"2016-12-20T22:13:10Z", "event":"ReceiveText", "From":"Linaweaver Terminal", "Message":"$STATION_docking_granted;", "Message_Localised":"Docking request granted.", "Channel":"npc" }
{ "timestamp":"2016-12-20T22:13:10Z", "event":"DockingGranted", "LandingPad":37, "StationName":"Linaweaver Terminal" }
{ "timestamp":"2016-12-20T22:13:52Z", "event":"Docked", "StationName":"Linaweaver Terminal", "StationType":"Coriolis", "StarSystem":"KZ Andromedae", "StationFaction":"KZ Andromedae Republic Party", "StationGovernment":"$government_Democracy;", "StationGovernment_Localised":"Democracy", "StationAllegiance":"Federation", "StationEconomy":"$economy_Industrial;", "StationEconomy_Localised":"Industrial" }
{ "timestamp":"2016-12-20T22:15:21Z", "event":"ReceiveText", "From":"$npc_name_decorate:#name=Prichard Jones;", "From_Localised":"Prichard Jones", "Message":"$Commuter_AuthorityScan10;", "Message_Localised":"You'll get no trouble from me, officer.", "Channel":"npc" }
{ "timestamp":"2016-12-20T22:16:24Z", "event":"ModuleBuy", "Slot":"PowerPlant", "SellItem":"$int_powerplant_size5_class2_name;", "SellItem_Localised":"Power Plant", "SellPrice":160680, "BuyItem":"$int_powerplant_size4_class2_name;", "BuyItem_Localised":"Power Plant", "BuyPrice":50689, "Ship":"asp", "ShipID":2 }
{ "timestamp":"2016-12-20T22:16:24Z", "event":"ShieldState", "ShieldsUp":false }
{ "timestamp":"2016-12-20T22:16:29Z", "event":"ShieldState", "ShieldsUp":true }
{ "timestamp":"2016-12-20T22:19:24Z", "event":"Undocked", "StationName":"Linaweaver Terminal", "StationType":"Coriolis" }
{ "timestamp":"2016-12-20T22:19:59Z", "event":"ReceiveText", "From":"Linaweaver Terminal", "Message":"$STATION_NoFireZone_exited;", "Message_Localised":"No fire zone left.", "Channel":"npc" }
{ "timestamp":"2016-12-20T22:20:50Z", "event":"FSDJump", "StarSystem":"LFT 1667", "StarPos":[-74.594,-13.000,-1.875], "SystemAllegiance":"Federation", "SystemEconomy":"$economy_Extraction;", "SystemEconomy_Localised":"Extraction", "SystemGovernment":"$government_Corporate;", "SystemGovernment_Localised":"Corporate", "SystemSecurity":"$SYSTEM_SECURITY_low;", "SystemSecurity_Localised":"Low Security", "JumpDist":19.701, "FuelUsed":2.692892, "FuelLevel":29.263853, "SystemFaction":"LFT 1667 Major Co", "FactionState":"Boom" }
{ "timestamp":"2016-12-20T22:21:19Z", "event":"FuelScoop", "Scooped":1.673536, "Total":30.937389 }
{ "timestamp":"2016-12-20T22:21:44Z", "event":"FSDJump", "StarSystem":"LP 285-5", "StarPos":[-76.281,-10.563,15.844], "SystemAllegiance":"", "SystemEconomy":"$economy_None;", "SystemEconomy_Localised":"None", "SystemGovernment":"$government_None;", "SystemGovernment_Localised":"None", "SystemSecurity":"$SYSTEM_SECURITY_low;", "SystemSecurity_Localised":"Low Security", "JumpDist":17.965, "FuelUsed":2.135660, "FuelLevel":28.801729 }
{ "timestamp":"2016-12-20T22:22:08Z", "event":"FuelScoop", "Scooped":0.577810, "Total":29.379539 }
{ "timestamp":"2016-12-20T22:22:46Z", "event":"FSDJump", "StarSystem":"LP 339-7", "StarPos":[-70.063,-8.281,27.906], "SystemAllegiance":"Federation", "SystemEconomy":"$economy_Agri;", "SystemEconomy_Localised":"Agriculture", "SystemGovernment":"$government_Corporate;", "SystemGovernment_Localised":"Corporate", "SystemSecurity":"$SYSTEM_SECURITY_high;", "SystemSecurity_Localised":"High Security", "JumpDist":13.762, "FuelUsed":1.101793, "FuelLevel":28.277746, "SystemFaction":"Starship Enterprises", "FactionState":"Boom" }
{ "timestamp":"2016-12-20T22:23:33Z", "event":"FuelScoop", "Scooped":0.380217, "Total":28.657963 }
{ "timestamp":"2016-12-20T22:25:19Z", "event":"SupercruiseExit", "StarSystem":"LP 339-7", "Body":"Whitson Orbital", "BodyType":"Station" }
{ "timestamp":"2016-12-20T22:25:20Z", "event":"ReceiveText", "From":"Whitson Orbital", "Message":"$STATION_NoFireZone_entered;", "Message_Localised":"No fire zone entered.", "Channel":"npc" }
{ "timestamp":"2016-12-20T22:25:29Z", "event":"DockingRequested", "StationName":"Whitson Orbital" }
{ "timestamp":"2016-12-20T22:25:29Z", "event":"ReceiveText", "From":"Whitson Orbital", "Message":"$DockingChatter_Allied;", "Message_Localised":"An ally like you is always welcome here.", "Channel":"npc" }
{ "timestamp":"2016-12-20T22:25:30Z", "event":"ReceiveText", "From":"Whitson Orbital", "Message":"$STATION_docking_granted;", "Message_Localised":"Docking request granted.", "Channel":"npc" }
{ "timestamp":"2016-12-20T22:25:30Z", "event":"DockingGranted", "LandingPad":5, "StationName":"Whitson Orbital" }
{ "timestamp":"2016-12-20T22:26:20Z", "event":"Docked", "StationName":"Whitson Orbital", "StationType":"Orbis", "StarSystem":"LP 339-7", "StationFaction":"Starship Enterprises", "FactionState":"Boom", "StationGovernment":"$government_Corporate;", "StationGovernment_Localised":"Corporate", "StationAllegiance":"Federation", "StationEconomy":"$economy_Agri;", "StationEconomy_Localised":"Agriculture" }
{ "timestamp":"2016-12-20T22:26:58Z", "event":"CommunityGoalReward", "Name":"Wildlife Reserve Delivery", "System":"LP 339-7", "Reward":800000 }
{ "timestamp":"2016-12-20T22:29:43Z", "event":"ModuleBuy", "Slot":"MediumHardpoint1", "BuyItem":"$hpt_dumbfiremissilerack_fixed_medium_name;", "BuyItem_Localised":"Missile Rack", "BuyPrice":216360, "Ship":"asp", "ShipID":2 }
{ "timestamp":"2016-12-20T22:29:56Z", "event":"ModuleBuy", "Slot":"MediumHardpoint2", "BuyItem":"$hpt_dumbfiremissilerack_fixed_medium_name;", "BuyItem_Localised":"Missile Rack", "BuyPrice":216360, "Ship":"asp", "ShipID":2 }
{ "timestamp":"2016-12-20T22:30:43Z", "event":"ModuleBuy", "Slot":"PowerPlant", "SellItem":"$int_powerplant_size4_class2_name;", "SellItem_Localised":"Power Plant", "SellPrice":50689, "BuyItem":"$int_powerplant_size5_class1_name;", "BuyItem_Localised":"Power Plant", "BuyPrice":63012, "Ship":"asp", "ShipID":2 }
{ "timestamp":"2016-12-20T22:30:56Z", "event":"ModuleBuy", "Slot":"PowerPlant", "SellItem":"$int_powerplant_size4_class2_name;", "SellItem_Localised":"Power Plant", "SellPrice":50689, "BuyItem":"$int_powerplant_size5_class1_name;", "BuyItem_Localised":"Power Plant", "BuyPrice":63012, "Ship":"asp", "ShipID":2 }
{ "timestamp":"2016-12-20T22:31:08Z", "event":"ModuleBuy", "Slot":"PowerPlant", "SellItem":"$int_powerplant_size4_class2_name;", "SellItem_Localised":"Power Plant", "SellPrice":50689, "BuyItem":"$int_powerplant_size5_class1_name;", "BuyItem_Localised":"Power Plant", "BuyPrice":63012, "Ship":"asp", "ShipID":2 }
