{ "timestamp":"2016-10-26T15:16:46Z", "event":"Fileheader", "part":1, "language":"English\\UK", "gameversion":"2.2", "build":"r124484/r0 " }
{ "timestamp":"2016-10-26T15:18:13Z", "event":"LoadGame", "Commander":"Blantyre", "Ship":"Asp", "ShipID":13, "GameMode":"Solo", "Credits":15578470, "Loan":0 }
{ "timestamp":"2016-10-26T15:18:15Z", "event":"Rank", "Combat":4, "Trade":5, "Explore":4, "Empire":2, "Federation":7, "CQC":0 }
{ "timestamp":"2016-10-26T15:18:15Z", "event":"Progress", "Combat":18, "Trade":86, "Explore":28, "Empire":18, "Federation":2, "CQC":0 }
{ "timestamp":"2016-10-26T15:18:47Z", "event":"Location", "Docked":true, "StationName":"Tshang City", "StationType":"Coriolis", "StarSystem":"Furuhjelm III-674", "StarPos":[-39.000,-8.125,-87.750], "Allegiance":"Alliance", "Economy":"$economy_Industrial;", "Economy_Localised":"Industrial", "Government":"$government_Democracy;", "Government_Localised":"Democracy", "Security":"$SYSTEM_SECURITY_high;", "Security_Localised":"High Security", "Body":"Tshang City", "BodyType":"Station", "Faction":"160 S.O.A.R.", "FactionState":"Retreat" }
{ "timestamp":"2016-10-26T15:18:48Z", "event":"Docked", "StationName":"Tshang City", "StationType":"Coriolis", "StarSystem":"Furuhjelm III-674", "Faction":"160 S.O.A.R.", "FactionState":"Retreat", "Allegiance":"Alliance", "Economy":"$economy_Industrial;", "Economy_Localised":"Industrial", "Government":"$government_Democracy;", "Government_Localised":"Democracy", "Security":"$SYSTEM_SECURITY_high;", "Security_Localised":"High Security" }
{ "timestamp":"2016-10-26T15:25:53Z", "event":"SellExplorationData", "Systems":[ "Ndozins", "Tascheter Sector CG-O a6-1", "Juiquan" ], "Discovered":[  ], "BaseValue":11732, "Bonus":0 }
{ "timestamp":"2016-10-26T15:30:03Z", "event":"ReceiveText", "From":"$npc_name_decorate:#name=Wayne Kelly;", "From_Localised":"Wayne Kelly", "Message":"$Commuter_AuthorityScan08;", "Message_Localised":"You've got no right to scan me, officer!", "Channel":"npc" }
{ "timestamp":"2016-10-26T15:31:51Z", "event":"Undocked", "StationName":"Tshang City", "StationType":"Coriolis" }
{ "timestamp":"2016-10-26T15:32:23Z", "event":"ReceiveText", "From":"Tshang City", "Message":"$STATION_NoFireZone_exited;", "Message_Localised":"No fire zone left.", "Channel":"npc" }
{ "timestamp":"2016-10-26T15:32:36Z", "event":"SupercruiseEntry", "StarSystem":"Furuhjelm III-674" }
{ "timestamp":"2016-10-26T15:34:30Z", "event":"FSDJump", "StarSystem":"Wolf 1324", "StarPos":[-45.469,-28.094,-87.000], "Allegiance":"", "Economy":"$economy_None;", "Economy_Localised":"None", "Government":"$government_None;", "Government_Localised":"None", "Security":"$SYSTEM_SECURITY_low;", "Security_Localised":"Low Security", "JumpDist":21.004, "FuelUsed":2.804134, "FuelLevel":37.195866 }
{ "timestamp":"2016-10-26T15:35:00Z", "event":"FuelScoop", "Scooped":0.116398, "Total":37.312263 }
{ "timestamp":"2016-10-26T15:35:41Z", "event":"FSDJump", "StarSystem":"Qi Yomisii", "StarPos":[-45.500,-38.188,-91.156], "Allegiance":"Independent", "Economy":"$economy_HighTech;", "Economy_Localised":"High tech", "Government":"$government_Anarchy;", "Government_Localised":"Anarchy", "Security":"$GAlAXY_MAP_INFO_state_anarchy;", "Security_Localised":"Anarchy", "JumpDist":10.916, "FuelUsed":0.556156, "FuelLevel":36.756107, "Faction":"Qi Yomisii Council", "FactionState":"Expansion" }
{ "timestamp":"2016-10-26T15:36:57Z", "event":"SupercruiseExit", "StarSystem":"Qi Yomisii", "Body":"Seddon Terminal", "BodyType":"Station" }
{ "timestamp":"2016-10-26T15:37:14Z", "event":"DockingRequested", "StationName":"Seddon Terminal" }
{ "timestamp":"2016-10-26T15:37:14Z", "event":"ReceiveText", "From":"Seddon Terminal", "Message":"$DockingChatter_Neutral;", "Message_Localised":"Ensure to observe starport protocol during your visit, pilot.", "Channel":"npc" }
{ "timestamp":"2016-10-26T15:37:15Z", "event":"ReceiveText", "From":"Seddon Terminal", "Message":"$STATION_docking_granted;", "Message_Localised":"Docking request granted.", "Channel":"npc" }
{ "timestamp":"2016-10-26T15:37:15Z", "event":"DockingGranted", "LandingPad":20, "StationName":"Seddon Terminal" }
{ "timestamp":"2016-10-26T15:37:17Z", "event":"ReceiveText", "From":"Seddon Terminal", "Message":"$STATION_NoFireZone_entered;", "Message_Localised":"No fire zone entered.", "Channel":"npc" }
{ "timestamp":"2016-10-26T15:38:00Z", "event":"Docked", "StationName":"Seddon Terminal", "StationType":"Coriolis", "StarSystem":"Qi Yomisii", "Faction":"Qi Yomisii Council", "FactionState":"Expansion", "Allegiance":"Independent", "Economy":"$economy_HighTech;", "Economy_Localised":"High tech", "Government":"$government_Anarchy;", "Government_Localised":"Anarchy", "Security":"$GAlAXY_MAP_INFO_state_anarchy;", "Security_Localised":"Anarchy" }
{ "timestamp":"2016-10-26T15:43:38Z", "event":"Undocked", "StationName":"Seddon Terminal", "StationType":"Coriolis" }
{ "timestamp":"2016-10-26T15:44:02Z", "event":"ReceiveText", "From":"Seddon Terminal", "Message":"$STATION_NoFireZone_exited;", "Message_Localised":"No fire zone left.", "Channel":"npc" }
{ "timestamp":"2016-10-26T15:44:58Z", "event":"FSDJump", "StarSystem":"Tascheter Sector GM-V a2-2", "StarPos":[-34.781,-29.625,-80.125], "Allegiance":"", "Economy":"$economy_None;", "Economy_Localised":"None", "Government":"$government_None;", "Government_Localised":"None", "Security":"$SYSTEM_SECURITY_low;", "Security_Localised":"Low Security", "JumpDist":17.604, "FuelUsed":1.788264, "FuelLevel":34.967842 }
{ "timestamp":"2016-10-26T15:46:11Z", "event":"FSDJump", "StarSystem":"Remines", "StarPos":[-28.656,-23.219,-71.406], "Allegiance":"Independent", "Economy":"$economy_Agri;", "Economy_Localised":"Agriculture", "Government":"$government_Corporate;", "Government_Localised":"Corporate", "Security":"$SYSTEM_SECURITY_high;", "Security_Localised":"High Security", "JumpDist":12.433, "FuelUsed":0.755495, "FuelLevel":34.212349, "Faction":"Remines Crimson Federal Industry" }
{ "timestamp":"2016-10-26T15:48:00Z", "event":"SupercruiseExit", "StarSystem":"Remines", "Body":"Crick Terminal", "BodyType":"Station" }
{ "timestamp":"2016-10-26T15:48:02Z", "event":"ReceiveText", "From":"Crick Terminal", "Message":"$STATION_NoFireZone_entered;", "Message_Localised":"No fire zone entered.", "Channel":"npc" }
{ "timestamp":"2016-10-26T15:48:12Z", "event":"DockingRequested", "StationName":"Crick Terminal" }
{ "timestamp":"2016-10-26T15:48:12Z", "event":"ReceiveText", "From":"Crick Terminal", "Message":"$DockingChatter_Neutral;", "Message_Localised":"Ensure to observe starport protocol during your visit, pilot.", "Channel":"npc" }
{ "timestamp":"2016-10-26T15:48:14Z", "event":"ReceiveText", "From":"Crick Terminal", "Message":"$STATION_docking_granted;", "Message_Localised":"Docking request granted.", "Channel":"npc" }
{ "timestamp":"2016-10-26T15:48:14Z", "event":"DockingGranted", "LandingPad":37, "StationName":"Crick Terminal" }
{ "timestamp":"2016-10-26T15:49:10Z", "event":"Docked", "StationName":"Crick Terminal", "StationType":"Orbis", "StarSystem":"Remines", "Faction":"Blue Life Systems", "FactionState":"Boom", "Allegiance":"Independent", "Economy":"$economy_Agri;", "Economy_Localised":"Agriculture", "Government":"$government_Corporate;", "Government_Localised":"Corporate", "Security":"$SYSTEM_SECURITY_high;", "Security_Localised":"High Security" }
{ "timestamp":"2016-10-26T15:52:48Z", "event":"Undocked", "StationName":"Crick Terminal", "StationType":"Orbis" }
{ "timestamp":"2016-10-26T15:53:33Z", "event":"SupercruiseEntry", "StarSystem":"Remines" }
{ "timestamp":"2016-10-26T15:57:10Z", "event":"ApproachSettlement", "Name":"Nye Settlement" }
{ "timestamp":"2016-10-26T15:57:28Z", "event":"SupercruiseExit", "StarSystem":"Remines", "Body":"Remines A 2", "BodyType":"Planet" }
{ "timestamp":"2016-10-26T15:57:49Z", "event":"ReceiveText", "From":"Nye Settlement", "Message":"$STATION_NoFireZone_entered;", "Message_Localised":"No fire zone entered.", "Channel":"npc" }
{ "timestamp":"2016-10-26T15:58:03Z", "event":"DockingRequested", "StationName":"Nye Settlement" }
{ "timestamp":"2016-10-26T15:58:03Z", "event":"ReceiveText", "From":"Nye Settlement", "Message":"$DockingChatter_Neutral;", "Message_Localised":"Ensure to observe starport protocol during your visit, pilot.", "Channel":"npc" }
{ "timestamp":"2016-10-26T15:58:05Z", "event":"ReceiveText", "From":"Nye Settlement", "Message":"$STATION_docking_granted;", "Message_Localised":"Docking request granted.", "Channel":"npc" }
{ "timestamp":"2016-10-26T15:58:05Z", "event":"DockingGranted", "LandingPad":5, "StationName":"Nye Settlement" }
{ "timestamp":"2016-10-26T15:59:00Z", "event":"Docked", "StationName":"Nye Settlement", "StarSystem":"Remines", "Faction":"Remines Crimson Federal Industry", "Allegiance":"Independent", "Economy":"$economy_Agri;", "Economy_Localised":"Agriculture", "Government":"$government_Corporate;", "Government_Localised":"Corporate", "Security":"$SYSTEM_SECURITY_high;", "Security_Localised":"High Security" }
{ "timestamp":"2016-10-26T15:59:16Z", "event":"ReceiveText", "From":"$ShipName_Police_Federation;", "From_Localised":"Federal Security Service", "Message":"$Police_EndPatrol01;", "Message_Localised":"Shift's over guys, I'm heading back to base.", "Channel":"npc" }
