{ "timestamp":"2016-12-18T18:22:45Z", "event":"Fileheader", "part":1, "language":"English\\UK", "gameversion":"2.2", "build":"r126898/r0 " }
{ "timestamp":"2016-12-18T18:23:32Z", "event":"LoadGame", "Commander":"Blantyre", "Ship":"Python", "ShipID":14, "GameMode":"Solo", "Credits":14988180, "Loan":0 }
{ "timestamp":"2016-12-18T18:23:32Z", "event":"Rank", "Combat":4, "Trade":5, "Explore":4, "Empire":2, "Federation":7, "CQC":0 }
{ "timestamp":"2016-12-18T18:23:32Z", "event":"Progress", "Combat":29, "Trade":88, "Explore":35, "Empire":18, "Federation":4, "CQC":0 }
{ "timestamp":"2016-12-18T18:24:04Z", "event":"Location", "Docked":true, "StationName":"Whitson Orbital", "StationType":"Orbis", "StarSystem":"LP 339-7", "StarPos":[-70.063,-8.281,27.906], "SystemAllegiance":"Federation", "SystemEconomy":"$economy_Agri;", "SystemEconomy_Localised":"Agriculture", "SystemGovernment":"$government_Corporate;", "SystemGovernment_Localised":"Corporate", "SystemSecurity":"$SYSTEM_SECURITY_high;", "SystemSecurity_Localised":"High Security", "Body":"Whitson Orbital", "BodyType":"Station", "SystemFaction":"Starship Enterprises", "FactionState":"Boom" }
{ "timestamp":"2016-12-18T18:24:05Z", "event":"Docked", "StationName":"Whitson Orbital", "StationType":"Orbis", "StarSystem":"LP 339-7", "StationFaction":"Starship Enterprises", "FactionState":"Boom", "StationGovernment":"$government_Corporate;", "StationGovernment_Localised":"Corporate", "StationAllegiance":"Federation", "StationEconomy":"$economy_Agri;", "StationEconomy_Localised":"Agriculture" }
{ "timestamp":"2016-12-18T18:27:00Z", "event":"ModuleStore", "Slot":"PowerDistributor", "StoredItem":"$int_powerdistributor_size7_class5_name;", "StoredItem_Localised":"Power Distributor", "Ship":"python", "ShipID":14, "EngineerModifications":"PowerDistributor_HighFrequency" }
{ "timestamp":"2016-12-18T18:27:20Z", "event":"ModuleStore", "Slot":"LargeHardpoint3", "StoredItem":"$hpt_beamlaser_gimbal_large_name;", "StoredItem_Localised":"Beam Laser", "Ship":"python", "ShipID":14, "EngineerModifications":"Weapon_LightWeight" }
{ "timestamp":"2016-12-18T18:27:35Z", "event":"ModuleStore", "Slot":"MediumHardpoint1", "StoredItem":"$hpt_beamlaser_turret_medium_name;", "StoredItem_Localised":"Beam Laser", "Ship":"python", "ShipID":14, "EngineerModifications":"Weapon_LightWeight" }
{ "timestamp":"2016-12-18T18:27:49Z", "event":"ModuleStore", "Slot":"MediumHardpoint2", "StoredItem":"$hpt_beamlaser_turret_medium_name;", "StoredItem_Localised":"Beam Laser", "Ship":"python", "ShipID":14, "EngineerModifications":"Weapon_LongRange" }
{ "timestamp":"2016-12-18T18:28:02Z", "event":"ModuleSell", "Slot":"LargeHardpoint2", "SellItem":"$hpt_multicannon_gimbal_large_name;", "SellItem_Localised":"Multi-Cannon", "SellPrice":520593, "Ship":"python", "ShipID":14 }
{ "timestamp":"2016-12-18T18:28:20Z", "event":"ModuleSell", "Slot":"LargeHardpoint1", "SellItem":"$hpt_multicannon_gimbal_large_name;", "SellItem_Localised":"Multi-Cannon", "SellPrice":520593, "Ship":"python", "ShipID":14 }
{ "timestamp":"2016-12-18T18:28:46Z", "event":"ModuleSell", "Slot":"Slot04_Size5", "SellItem":"$int_hullreinforcement_size5_class1_name;", "SellItem_Localised":"Hull Reinforcement", "SellPrice":150000, "Ship":"python", "ShipID":14 }
{ "timestamp":"2016-12-18T18:28:51Z", "event":"ModuleSell", "Slot":"Slot05_Size5", "SellItem":"$int_hullreinforcement_size5_class1_name;", "SellItem_Localised":"Hull Reinforcement", "SellPrice":150000, "Ship":"python", "ShipID":14 }
{ "timestamp":"2016-12-18T18:28:55Z", "event":"ModuleSell", "Slot":"Slot06_Size4", "SellItem":"$int_hullreinforcement_size4_class1_name;", "SellItem_Localised":"Hull Reinforcement", "SellPrice":65000, "Ship":"python", "ShipID":14 }
{ "timestamp":"2016-12-18T18:29:00Z", "event":"ModuleSell", "Slot":"Slot01_Size6", "SellItem":"$int_shieldgenerator_size6_class4_name;", "SellItem_Localised":"Shield Generator", "SellPrice":5393177, "Ship":"python", "ShipID":14 }
{ "timestamp":"2016-12-18T18:29:21Z", "event":"ModuleStore", "Slot":"FrameShiftDrive", "StoredItem":"$int_hyperdrive_size5_class5_name;", "StoredItem_Localised":"FSD", "Ship":"python", "ShipID":14 }
{ "timestamp":"2016-12-18T18:29:38Z", "event":"ModuleBuy", "Slot":"PowerPlant", "SellItem":"$int_powerplant_size7_class3_name;", "SellItem_Localised":"Power Plant", "SellPrice":4843972, "BuyItem":"$int_powerplant_size4_class4_name;", "BuyItem_Localised":"Power Plant", "BuyPrice":536693, "Ship":"python", "ShipID":14 }
{ "timestamp":"2016-12-18T18:36:04Z", "event":"Undocked", "StationName":"Whitson Orbital", "StationType":"Orbis" }
{ "timestamp":"2016-12-18T18:37:20Z", "event":"FSDJump", "StarSystem":"BD+25 4085", "StarPos":[-64.469,-4.125,30.906], "SystemAllegiance":"", "SystemEconomy":"$economy_None;", "SystemEconomy_Localised":"None", "SystemGovernment":"$government_None;", "SystemGovernment_Localised":"None", "SystemSecurity":"$SYSTEM_SECURITY_low;", "SystemSecurity_Localised":"Low Security", "JumpDist":7.587, "FuelUsed":2.126297, "FuelLevel":29.873703 }
{ "timestamp":"2016-12-18T18:38:11Z", "event":"FSDJump", "StarSystem":"Alrai Sector AV-Y b7", "StarPos":[-67.188,1.313,25.125], "SystemAllegiance":"", "SystemEconomy":"$economy_None;", "SystemEconomy_Localised":"None", "SystemGovernment":"$government_None;", "SystemGovernment_Localised":"None", "SystemSecurity":"$SYSTEM_SECURITY_low;", "SystemSecurity_Localised":"Low Security", "JumpDist":8.389, "FuelUsed":2.697649, "FuelLevel":27.176054 }
{ "timestamp":"2016-12-18T18:39:21Z", "event":"FSDJump", "StarSystem":"27 b1 Cygni", "StarPos":[-74.750,2.500,22.563], "SystemAllegiance":"Independent", "SystemEconomy":"$economy_Refinery;", "SystemEconomy_Localised":"Refinery", "SystemGovernment":"$government_Anarchy;", "SystemGovernment_Localised":"Anarchy", "SystemSecurity":"$GAlAXY_MAP_INFO_state_anarchy;", "SystemSecurity_Localised":"Anarchy", "JumpDist":8.073, "FuelUsed":2.429318, "FuelLevel":24.746737, "SystemFaction":"27 b1 Cygni Gold Council" }
{ "timestamp":"2016-12-18T18:40:24Z", "event":"FSDJump", "StarSystem":"Achelous", "StarPos":[-76.938,3.531,19.969], "SystemAllegiance":"Federation", "SystemEconomy":"$economy_Agri;", "SystemEconomy_Localised":"Agriculture", "SystemGovernment":"$government_Corporate;", "SystemGovernment_Localised":"Corporate", "SystemSecurity":"$SYSTEM_SECURITY_high;", "SystemSecurity_Localised":"High Security", "JumpDist":3.546, "FuelUsed":0.320712, "FuelLevel":24.426023, "SystemFaction":"Achelous Central Ltd", "FactionState":"Boom" }
{ "timestamp":"2016-12-18T18:41:33Z", "event":"ReceiveText", "From":"$npc_name_decorate:#name=Cruise Ship;", "From_Localised":"Cruise Ship", "Message":"$CruiseLiner_SCPatrol02;", "Message_Localised":"We will be cruising in-system for a while, please feel free to take advantage of our in-flight entertainment.", "Channel":"npc" }
{ "timestamp":"2016-12-18T18:41:59Z", "event":"ReceiveText", "From":"$npc_name_decorate:#name=Cruise Ship;", "From_Localised":"Cruise Ship", "Message":"$CruiseLiner_SCPatrol05;", "Message_Localised":"This is your captain. Due to some unforeseen delays, we will be arriving at our next destination later than scheduled.", "Channel":"npc" }
{ "timestamp":"2016-12-18T18:42:27Z", "event":"ReceiveText", "From":"$npc_name_decorate:#name=Cruise Ship;", "From_Localised":"Cruise Ship", "Message":"$CruiseLiner_SCPatrol02;", "Message_Localised":"We will be cruising in-system for a while, please feel free to take advantage of our in-flight entertainment.", "Channel":"npc" }
{ "timestamp":"2016-12-18T18:44:51Z", "event":"SupercruiseExit", "StarSystem":"Achelous", "Body":"Thompson Gateway", "BodyType":"Station" }
{ "timestamp":"2016-12-18T18:44:53Z", "event":"ReceiveText", "From":"Thompson Gateway", "Message":"$STATION_NoFireZone_entered;", "Message_Localised":"No fire zone entered.", "Channel":"npc" }
{ "timestamp":"2016-12-18T18:45:09Z", "event":"DockingRequested", "StationName":"Thompson Gateway" }
{ "timestamp":"2016-12-18T18:45:09Z", "event":"ReceiveText", "From":"Thompson Gateway", "Message":"$DockingChatter_Neutral;", "Message_Localised":"Ensure to observe starport protocol during your visit, pilot.", "Channel":"npc" }
{ "timestamp":"2016-12-18T18:45:10Z", "event":"ReceiveText", "From":"Thompson Gateway", "Message":"$STATION_docking_granted;", "Message_Localised":"Docking request granted.", "Channel":"npc" }
{ "timestamp":"2016-12-18T18:45:10Z", "event":"DockingGranted", "LandingPad":15, "StationName":"Thompson Gateway" }
{ "timestamp":"2016-12-18T18:46:20Z", "event":"Docked", "StationName":"Thompson Gateway", "StationType":"Orbis", "StarSystem":"Achelous", "StationFaction":"Achelous Central Ltd", "FactionState":"Boom", "StationGovernment":"$government_Corporate;", "StationGovernment_Localised":"Corporate", "StationAllegiance":"Federation", "StationEconomy":"$economy_Industrial;", "StationEconomy_Localised":"Industrial" }
{ "timestamp":"2016-12-18T18:47:14Z", "event":"ShipyardBuy", "ShipType":"federation_dropship", "ShipPrice":14314205, "StoreOldShip":"Python", "StoreShipID":14 }
{ "timestamp":"2016-12-18T18:47:15Z", "event":"ShipyardNew", "ShipType":"federation_dropship", "NewShipID":15 }
{ "timestamp":"2016-12-18T18:47:26Z", "event":"Docked", "StationName":"Thompson Gateway", "StationType":"Orbis", "StarSystem":"Achelous", "StationFaction":"Achelous Central Ltd", "FactionState":"Boom", "StationGovernment":"$government_Corporate;", "StationGovernment_Localised":"Corporate", "StationAllegiance":"Federation", "StationEconomy":"$economy_Industrial;", "StationEconomy_Localised":"Industrial" }
{ "timestamp":"2016-12-18T18:48:55Z", "event":"ShipyardBuy", "ShipType":"vulture", "ShipPrice":4925615, "SellOldShip":"Federation_Dropship", "SellShipID":15, "SellPrice":12882784 }
{ "timestamp":"2016-12-18T18:48:56Z", "event":"ShipyardNew", "ShipType":"vulture", "NewShipID":15 }
{ "timestamp":"2016-12-18T18:49:07Z", "event":"Docked", "StationName":"Thompson Gateway", "StationType":"Orbis", "StarSystem":"Achelous", "StationFaction":"Achelous Central Ltd", "FactionState":"Boom", "StationGovernment":"$government_Corporate;", "StationGovernment_Localised":"Corporate", "StationAllegiance":"Federation", "StationEconomy":"$economy_Industrial;", "StationEconomy_Localised":"Industrial" }
{ "timestamp":"2016-12-18T18:49:47Z", "event":"ModuleBuy", "Slot":"LargeHardpoint1", "SellItem":"$hpt_pulselaser_fixed_small_name;", "SellItem_Localised":"Pulse Laser", "SellPrice":2200, "BuyItem":"$hpt_beamlaser_gimbal_large_name;", "BuyItem_Localised":"Beam Laser", "BuyPrice":2156544, "Ship":"vulture", "ShipID":15 }
{ "timestamp":"2016-12-18T18:49:54Z", "event":"ReceiveText", "From":"$npc_name_decorate:#name=ToTo;", "From_Localised":"ToTo", "Message":"$Commuter_AuthorityScan01;", "Message_Localised":"Is there a problem here, officer?", "Channel":"npc" }
{ "timestamp":"2016-12-18T18:50:08Z", "event":"ModuleBuy", "Slot":"LargeHardpoint2", "SellItem":"$hpt_pulselaser_fixed_small_name;", "SellItem_Localised":"Pulse Laser", "SellPrice":2200, "BuyItem":"$hpt_multicannon_gimbal_large_name;", "BuyItem_Localised":"Multi-Cannon", "BuyPrice":520593, "Ship":"vulture", "ShipID":15 }
{ "timestamp":"2016-12-18T18:50:16Z", "event":"ShieldState", "ShieldsUp":false }
{ "timestamp":"2016-12-18T18:50:25Z", "event":"ModuleBuy", "Slot":"PowerPlant", "SellItem":"$int_powerplant_size4_class1_name;", "SellItem_Localised":"Power Plant", "SellPrice":19878, "BuyItem":"$int_powerplant_size4_class5_name;", "BuyItem_Localised":"Power Plant", "BuyPrice":1610080, "Ship":"vulture", "ShipID":15 }
{ "timestamp":"2016-12-18T18:50:32Z", "event":"ShieldState", "ShieldsUp":true }
{ "timestamp":"2016-12-18T18:50:44Z", "event":"ModuleBuy", "Slot":"PowerDistributor", "SellItem":"$int_powerdistributor_size5_class1_name;", "SellItem_Localised":"Power Distributor", "SellPrice":31778, "BuyItem":"$int_powerdistributor_size5_class4_name;", "BuyItem_Localised":"Power Distributor", "BuyPrice":496527, "Ship":"vulture", "ShipID":15 }
