{ "timestamp":"2017-01-23T20:37:00Z", "event":"Fileheader", "part":1, "language":"English\\UK", "gameversion":"2.2", "build":"r131487/r0 " }
{ "timestamp":"2017-01-23T20:37:40Z", "event":"LoadGame", "Commander":"Blantyre", "Ship":"Asp", "ShipID":13, "GameMode":"Solo", "Credits":73947850, "Loan":0 }
{ "timestamp":"2017-01-23T20:37:40Z", "event":"Rank", "Combat":4, "Trade":5, "Explore":4, "Empire":2, "Federation":7, "CQC":0 }
{ "timestamp":"2017-01-23T20:37:40Z", "event":"Progress", "Combat":33, "Trade":88, "Explore":37, "Empire":18, "Federation":11, "CQC":0 }
{ "timestamp":"2017-01-23T20:38:15Z", "event":"Location", "Docked":true, "StationName":"Long Sight Base", "StationType":"", "StarSystem":"Khun", "StarPos":[-171.594,19.969,-56.969], "SystemAllegiance":"Independent", "SystemEconomy":"$economy_Terraforming;", "SystemEconomy_Localised":"Terraforming", "SystemGovernment":"$government_Patronage;", "SystemGovernment_Localised":"Patronage", "SystemSecurity":"$SYSTEM_SECURITY_low;", "SystemSecurity_Localised":"Low Security", "Body":"Khun 5", "BodyType":"Planet", "SystemFaction":"Khun Independent Governance" }
{ "timestamp":"2017-01-23T20:38:15Z", "event":"Docked", "StationName":"Long Sight Base", "StarSystem":"Khun", "StationFaction":"Elvira Martuuk", "StationGovernment":"$government_Engineer;", "StationGovernment_Localised":"Workshop", "StationEconomy":"$economy_Colony;", "StationEconomy_Localised":"Colony" }
{ "timestamp":"2017-01-23T20:44:57Z", "event":"Undocked", "StationName":"Long Sight Base" }
{ "timestamp":"2017-01-23T20:45:16Z", "event":"ReceiveText", "From":"Long Sight Base", "Message":"$STATION_NoFireZone_exited;", "Message_Localised":"No fire zone left.", "Channel":"npc" }
{ "timestamp":"2017-01-23T20:45:57Z", "event":"FSDJump", "StarSystem":"Cephei Sector EW-W b1-6", "StarPos":[-145.563,28.188,-51.688], "SystemAllegiance":"", "SystemEconomy":"$economy_None;", "SystemEconomy_Localised":"None", "SystemGovernment":"$government_None;", "SystemGovernment_Localised":"None", "SystemSecurity":"$SYSTEM_SECURITY_low;", "SystemSecurity_Localised":"Low Security", "JumpDist":27.804, "FuelUsed":3.126322, "FuelLevel":28.873678 }
{ "timestamp":"2017-01-23T20:46:24Z", "event":"FuelScoop", "Scooped":1.122990, "Total":29.996668 }
{ "timestamp":"2017-01-23T20:46:57Z", "event":"FSDJump", "StarSystem":"Cephei Sector GW-W b1-1", "StarPos":[-120.875,33.438,-53.906], "SystemAllegiance":"", "SystemEconomy":"$economy_None;", "SystemEconomy_Localised":"None", "SystemGovernment":"$government_None;", "SystemGovernment_Localised":"None", "SystemSecurity":"$SYSTEM_SECURITY_low;", "SystemSecurity_Localised":"Low Security", "JumpDist":25.337, "FuelUsed":2.464653, "FuelLevel":27.532015 }
{ "timestamp":"2017-01-23T20:47:11Z", "event":"ReceiveText", "From":"$npc_name_decorate:#name=Jon Horridge;", "From_Localised":"Jon Horridge", "Message":"$Pirate_HunterHostileSC_Relevant05;", "Message_Localised":"The rumour was right... good job I found you first.", "Channel":"npc" }
{ "timestamp":"2017-01-23T20:47:18Z", "event":"ReceiveText", "From":"$npc_name_decorate:#name=Jon Horridge;", "From_Localised":"Jon Horridge", "Message":"$Pirate_StartInterdiction08;", "Message_Localised":"I've found my next target and it's you, Commander.", "Channel":"npc" }
{ "timestamp":"2017-01-23T20:47:25Z", "event":"FuelScoop", "Scooped":1.079643, "Total":28.611658 }
{ "timestamp":"2017-01-23T20:47:25Z", "event":"Interdicted", "Submitted":true, "Interdictor":"Jon Horridge", "IsPlayer":false, "Faction":"" }
{ "timestamp":"2017-01-23T20:47:26Z", "event":"SupercruiseExit", "StarSystem":"Cephei Sector GW-W b1-1", "Body":"Cephei Sector GW-W b1-1 A", "BodyType":"Star" }
{ "timestamp":"2017-01-23T20:47:28Z", "event":"ReceiveText", "From":"$npc_name_decorate:#name=Jon Horridge;", "From_Localised":"Jon Horridge", "Message":"$Pirate_OnDeclarePiracyThreaten09;", "Message_Localised":"You don't have to die - just give me cargo.", "Channel":"npc" }
{ "timestamp":"2017-01-23T20:47:38Z", "event":"ReceiveText", "From":"$npc_name_decorate:#name=Jon Horridge;", "From_Localised":"Jon Horridge", "Message":"$Pirate_OnDeclarePiracyAttack05;", "Message_Localised":"You have no chance now.", "Channel":"npc" }
{ "timestamp":"2017-01-23T20:48:23Z", "event":"FSDJump", "StarSystem":"HIP 2422", "StarPos":[-103.219,31.344,-64.375], "SystemAllegiance":"Independent", "SystemEconomy":"$economy_Agri;", "SystemEconomy_Localised":"Agriculture", "SystemGovernment":"$government_Democracy;", "SystemGovernment_Localised":"Democracy", "SystemSecurity":"$SYSTEM_SECURITY_high;", "SystemSecurity_Localised":"High Security", "JumpDist":20.633, "FuelUsed":1.479899, "FuelLevel":27.131760, "SystemFaction":"Movement for HIP 2422 Green Party" }
{ "timestamp":"2017-01-23T20:48:41Z", "event":"FuelScoop", "Scooped":0.012503, "Total":27.144262 }
{ "timestamp":"2017-01-23T20:50:20Z", "event":"SupercruiseExit", "StarSystem":"HIP 2422", "Body":"Speke Port", "BodyType":"Station" }
{ "timestamp":"2017-01-23T20:50:21Z", "event":"ReceiveText", "From":"Speke Port", "Message":"$STATION_NoFireZone_entered;", "Message_Localised":"No fire zone entered.", "Channel":"npc" }
{ "timestamp":"2017-01-23T20:50:33Z", "event":"DockingRequested", "StationName":"Speke Port" }
{ "timestamp":"2017-01-23T20:50:33Z", "event":"ReceiveText", "From":"Speke Port", "Message":"$DockingChatter_Neutral;", "Message_Localised":"Ensure to observe starport protocol during your visit, pilot.", "Channel":"npc" }
{ "timestamp":"2017-01-23T20:50:34Z", "event":"ReceiveText", "From":"Speke Port", "Message":"$STATION_docking_granted;", "Message_Localised":"Docking request granted.", "Channel":"npc" }
{ "timestamp":"2017-01-23T20:50:34Z", "event":"DockingGranted", "LandingPad":38, "StationName":"Speke Port" }
{ "timestamp":"2017-01-23T20:51:20Z", "event":"Docked", "StationName":"Speke Port", "StationType":"Orbis", "StarSystem":"HIP 2422", "StationFaction":"Movement for HIP 2422 Green Party", "StationGovernment":"$government_Democracy;", "StationGovernment_Localised":"Democracy", "StationEconomy":"$economy_Industrial;", "StationEconomy_Localised":"Industrial" }
{ "timestamp":"2017-01-23T20:51:29Z", "event":"RefuelAll", "Cost":250, "Amount":4.991492 }
{ "timestamp":"2017-01-23T20:52:36Z", "event":"ModuleStore", "Slot":"FrameShiftDrive", "StoredItem":"$int_hyperdrive_size5_class5_name;", "StoredItem_Localised":"FSD", "Ship":"asp", "ShipID":13, "EngineerModifications":"FSD_LongRange" }
{ "timestamp":"2017-01-23T20:52:44Z", "event":"ModuleStore", "Slot":"MainEngines", "StoredItem":"$int_engine_size5_class5_name;", "StoredItem_Localised":"Thrusters", "Ship":"asp", "ShipID":13, "EngineerModifications":"Engine_Tuned" }
{ "timestamp":"2017-01-23T20:52:50Z", "event":"ModuleStore", "Slot":"PowerDistributor", "StoredItem":"$int_powerdistributor_size4_class5_name;", "StoredItem_Localised":"Power Distributor", "Ship":"asp", "ShipID":13, "EngineerModifications":"PowerDistributor_HighCapacity" }
{ "timestamp":"2017-01-23T20:53:09Z", "event":"ShipyardBuy", "ShipType":"python", "ShipPrice":48431453, "StoreOldShip":"Asp", "StoreShipID":13 }
{ "timestamp":"2017-01-23T20:53:10Z", "event":"ShipyardNew", "ShipType":"python", "NewShipID":16 }
{ "timestamp":"2017-01-23T20:53:21Z", "event":"Docked", "StationName":"Speke Port", "StationType":"Orbis", "StarSystem":"HIP 2422", "StationFaction":"Movement for HIP 2422 Green Party", "StationGovernment":"$government_Democracy;", "StationGovernment_Localised":"Democracy", "StationEconomy":"$economy_Industrial;", "StationEconomy_Localised":"Industrial" }
{ "timestamp":"2017-01-23T20:54:06Z", "event":"ModuleRetrieve", "Slot":"FrameShiftDrive", "RetrievedItem":"$int_hyperdrive_size5_class5_name;", "RetrievedItem_Localised":"FSD", "Ship":"python", "ShipID":16, "EngineerModifications":"FSD_LongRange", "SwapOutItem":"$int_hyperdrive_size5_class1_name;", "SwapOutItem_Localised":"FSD", "Cost":0 }
{ "timestamp":"2017-01-23T20:54:27Z", "event":"ModuleBuy", "Slot":"PowerPlant", "SellItem":"$int_powerplant_size7_class1_name;", "SellItem_Localised":"Power Plant", "SellPrice":538219, "BuyItem":"$int_powerplant_size7_class2_name;", "BuyItem_Localised":"Power Plant", "BuyPrice":1614658, "Ship":"python", "ShipID":16 }
{ "timestamp":"2017-01-23T20:54:28Z", "event":"ShieldState", "ShieldsUp":false }
{ "timestamp":"2017-01-23T20:54:31Z", "event":"ShieldState", "ShieldsUp":true }
{ "timestamp":"2017-01-23T20:54:59Z", "event":"ModuleBuy", "Slot":"PowerDistributor", "SellItem":"$int_powerdistributor_size7_class1_name;", "SellItem_Localised":"Power Distributor", "SellPrice":211766, "BuyItem":"$int_powerdistributor_size6_class2_name;", "BuyItem_Localised":"Power Distributor", "BuyPrice":189078, "Ship":"python", "ShipID":16 }
{ "timestamp":"2017-01-23T20:55:15Z", "event":"ModuleBuy", "Slot":"PowerPlant", "SellItem":"$int_powerplant_size7_class2_name;", "SellItem_Localised":"Power Plant", "SellPrice":1614658, "BuyItem":"$int_powerplant_size5_class2_name;", "BuyItem_Localised":"Power Plant", "BuyPrice":160680, "Ship":"python", "ShipID":16 }
{ "timestamp":"2017-01-23T20:55:16Z", "event":"ShieldState", "ShieldsUp":false }
{ "timestamp":"2017-01-23T20:55:20Z", "event":"ShieldState", "ShieldsUp":true }
{ "timestamp":"2017-01-23T20:57:05Z", "event":"ModuleBuy", "Slot":"Radar", "SellItem":"$int_sensors_size6_class1_name;", "SellItem_Localised":"Sensors", "SellPrice":75631, "BuyItem":"$int_sensors_size6_class2_name;", "BuyItem_Localised":"Sensors", "BuyPrice":189078, "Ship":"python", "ShipID":16 }
{ "timestamp":"2017-01-23T20:58:26Z", "event":"ModuleRetrieve", "Slot":"MainEngines", "RetrievedItem":"$int_engine_size5_class5_name;", "RetrievedItem_Localised":"Thrusters", "Ship":"python", "ShipID":16, "EngineerModifications":"Engine_Tuned", "SwapOutItem":"$int_engine_size6_class1_name;", "SwapOutItem_Localised":"Thrusters", "Cost":0 }
{ "timestamp":"2017-01-23T20:59:07Z", "event":"ModuleBuy", "Slot":"Slot01_Size6", "SellItem":"$int_cargorack_size5_class1_name;", "SellItem_Localised":"Cargo Rack", "SellPrice":94831, "BuyItem":"$int_fuelscoop_size6_class3_name;", "BuyItem_Localised":"Fuel Scoop", "BuyPrice":1528068, "Ship":"python", "ShipID":16 }
{ "timestamp":"2017-01-23T21:03:00Z", "event":"ModuleBuy", "Slot":"LargeHardpoint3", "BuyItem":"$hpt_beamlaser_gimbal_large_name;", "BuyItem_Localised":"Beam Laser", "BuyPrice":2036736, "Ship":"python", "ShipID":16 }
{ "timestamp":"2017-01-23T21:04:31Z", "event":"ModuleBuy", "Slot":"LargeHardpoint2", "BuyItem":"$hpt_multicannon_gimbal_large_name;", "BuyItem_Localised":"Multi-Cannon", "BuyPrice":491671, "Ship":"python", "ShipID":16 }
{ "timestamp":"2017-01-23T21:04:49Z", "event":"ModuleBuy", "Slot":"LargeHardpoint1", "BuyItem":"$hpt_multicannon_gimbal_large_name;", "BuyItem_Localised":"Multi-Cannon", "BuyPrice":491671, "Ship":"python", "ShipID":16 }
{ "timestamp":"2017-01-23T21:04:49Z", "event":"ShieldState", "ShieldsUp":false }
{ "timestamp":"2017-01-23T21:08:08Z", "event":"ModuleSell", "Slot":"MediumHardpoint2", "SellItem":"$hpt_pulselaser_fixed_small_name;", "SellItem_Localised":"Pulse Laser", "SellPrice":1870, "Ship":"python", "ShipID":16 }
{ "timestamp":"2017-01-23T21:08:16Z", "event":"ModuleSell", "Slot":"MediumHardpoint1", "SellItem":"$hpt_pulselaser_fixed_small_name;", "SellItem_Localised":"Pulse Laser", "SellPrice":1870, "Ship":"python", "ShipID":16 }
{ "timestamp":"2017-01-23T21:08:24Z", "event":"ShieldState", "ShieldsUp":true }
{ "timestamp":"2017-01-23T21:08:31Z", "event":"ModuleBuy", "Slot":"PaintJob", "BuyItem":"$paintjob_python_blackfriday_01_name;", "BuyItem_Localised":"Black Friday", "BuyPrice":0, "Ship":"python", "ShipID":16 }
{ "timestamp":"2017-01-23T21:10:24Z", "event":"ModuleBuy", "Slot":"TinyHardpoint1", "BuyItem":"$hpt_chafflauncher_tiny_name;", "BuyItem_Localised":"Chaff", "BuyPrice":7225, "Ship":"python", "ShipID":16 }
{ "timestamp":"2017-01-23T21:10:57Z", "event":"ReceiveText", "From":"$npc_name_decorate:#name=Baconneggs;", "From_Localised":"Baconneggs", "Message":"$Commuter_AuthorityScan04;", "Message_Localised":"Is this really necessary?", "Channel":"npc" }
{ "timestamp":"2017-01-23T21:13:13Z", "event":"ModuleBuy", "Slot":"PowerPlant", "SellItem":"$int_powerplant_size5_class2_name;", "SellItem_Localised":"Power Plant", "SellPrice":160680, "BuyItem":"$int_powerplant_size6_class2_name;", "BuyItem_Localised":"Power Plant", "BuyPrice":509356, "Ship":"python", "ShipID":16 }
{ "timestamp":"2017-01-23T21:13:13Z", "event":"ShieldState", "ShieldsUp":false }
{ "timestamp":"2017-01-23T21:13:17Z", "event":"ShieldState", "ShieldsUp":true }
{ "timestamp":"2017-01-23T21:14:41Z", "event":"ModuleBuy", "Slot":"Slot04_Size5", "SellItem":"$int_cargorack_size4_class1_name;", "SellItem_Localised":"Cargo Rack", "SellPrice":29178, "BuyItem":"$int_cargorack_size5_class1_name;", "BuyItem_Localised":"Cargo Rack", "BuyPrice":94831, "Ship":"python", "ShipID":16 }
{ "timestamp":"2017-01-23T21:14:48Z", "event":"ModuleBuy", "Slot":"Slot02_Size6", "SellItem":"$int_cargorack_size5_class1_name;", "SellItem_Localised":"Cargo Rack", "SellPrice":94831, "BuyItem":"$int_cargorack_size6_class1_name;", "BuyItem_Localised":"Cargo Rack", "BuyPrice":308203, "Ship":"python", "ShipID":16 }
{ "timestamp":"2017-01-23T21:15:04Z", "event":"ModuleBuy", "Slot":"Slot05_Size5", "BuyItem":"$int_dronecontrol_collection_size5_class2_name;", "BuyItem_Localised":"Collector", "BuyPrice":82620, "Ship":"python", "ShipID":16 }
{ "timestamp":"2017-01-23T21:15:33Z", "event":"ModuleBuy", "Slot":"Slot08_Size3", "SellItem":"$int_stellarbodydiscoveryscanner_standard_name;", "SellItem_Localised":"D - Scanner", "SellPrice":850, "BuyItem":"$int_cargorack_size3_class1_name;", "BuyItem_Localised":"Cargo Rack", "BuyPrice":8979, "Ship":"python", "ShipID":16 }
{ "timestamp":"2017-01-23T21:15:41Z", "event":"ModuleBuy", "Slot":"Slot09_Size2", "SellItem":"$int_cargorack_size1_class1_name;", "SellItem_Localised":"Cargo Rack", "SellPrice":850, "BuyItem":"$int_stellarbodydiscoveryscanner_advanced_name;", "BuyItem_Localised":"D - Scanner", "BuyPrice":1313250, "Ship":"python", "ShipID":16 }
{ "timestamp":"2017-01-23T21:17:31Z", "event":"ModuleBuy", "Slot":"Slot06_Size4", "BuyItem":"$int_cargorack_size4_class1_name;", "BuyItem_Localised":"Cargo Rack", "BuyPrice":29178, "Ship":"python", "ShipID":16 }
{ "timestamp":"2017-01-23T21:17:37Z", "event":"ModuleBuy", "Slot":"Slot07_Size3", "BuyItem":"$int_cargorack_size3_class1_name;", "BuyItem_Localised":"Cargo Rack", "BuyPrice":8979, "Ship":"python", "ShipID":16 }
{ "timestamp":"2017-01-23T21:18:41Z", "event":"ModuleBuy", "Slot":"TinyHardpoint2", "BuyItem":"$hpt_heatsinklauncher_turret_tiny_name;", "BuyItem_Localised":"Heat Sink", "BuyPrice":2975, "Ship":"python", "ShipID":16 }
{ "timestamp":"2017-01-23T21:18:49Z", "event":"ModuleBuy", "Slot":"TinyHardpoint3", "BuyItem":"$hpt_crimescanner_size0_class4_name;", "BuyItem_Localised":"K-Warrant Scanner", "BuyPrice":310844, "Ship":"python", "ShipID":16 }
{ "timestamp":"2017-01-23T21:19:06Z", "event":"ModuleBuy", "Slot":"TinyHardpoint4", "BuyItem":"$hpt_shieldbooster_size0_class5_name;", "BuyItem_Localised":"Shield Booster", "BuyPrice":238850, "Ship":"python", "ShipID":16 }
{ "timestamp":"2017-01-23T21:23:08Z", "event":"ModuleStore", "Slot":"PowerDistributor", "StoredItem":"$int_powerdistributor_size6_class2_name;", "StoredItem_Localised":"Power Distributor", "Ship":"python", "ShipID":16 }
{ "timestamp":"2017-01-23T21:25:29Z", "event":"BuyDrones", "Type":"Drones", "Count":20, "BuyPrice":101, "TotalCost":2020 }
{ "timestamp":"2017-01-23T21:27:45Z", "event":"Undocked", "StationName":"Speke Port", "StationType":"Orbis" }
{ "timestamp":"2017-01-23T21:28:32Z", "event":"ReceiveText", "From":"$ShipName_Police_Independent;", "From_Localised":"System Authority Vessel", "Message":"$Police_ThankYouPassedStopAndSearch05;", "Message_Localised":"Scan finished. Be about your business.", "Channel":"npc" }
{ "timestamp":"2017-01-23T21:28:51Z", "event":"ReceiveText", "From":"Speke Port", "Message":"$STATION_NoFireZone_exited;", "Message_Localised":"No fire zone left.", "Channel":"npc" }
{ "timestamp":"2017-01-23T21:30:32Z", "event":"FSDJump", "StarSystem":"HIP 8525", "StarPos":[-96.281,31.656,-71.250], "SystemAllegiance":"Federation", "SystemEconomy":"$economy_Extraction;", "SystemEconomy_Localised":"Extraction", "SystemGovernment":"$government_Democracy;", "SystemGovernment_Localised":"Democracy", "SystemSecurity":"$SYSTEM_SECURITY_medium;", "SystemSecurity_Localised":"Medium Security", "JumpDist":9.772, "FuelUsed":0.497699, "FuelLevel":31.502300, "SystemFaction":"HIP 8525 Progressive Party" }
{ "timestamp":"2017-01-23T21:30:58Z", "event":"FuelScoop", "Scooped":0.497700, "Total":32.000000 }
{ "timestamp":"2017-01-23T21:34:26Z", "event":"USSDrop", "USSType":"$USS_Type_Salvage;", "USSType_Localised":"Degraded emissions detected", "USSThreat":0 }
{ "timestamp":"2017-01-23T21:34:27Z", "event":"SupercruiseExit", "StarSystem":"HIP 8525", "Body":"Wohler Mines", "BodyType":"Station" }
{ "timestamp":"2017-01-23T21:34:55Z", "event":"SupercruiseEntry", "StarSystem":"HIP 8525" }
{ "timestamp":"2017-01-23T21:39:39Z", "event":"ReceiveText", "From":"$npc_name_decorate:#name=Alexandra N;", "From_Localised":"Alexandra N", "Message":"$Pirate_StartInterdiction02;", "Message_Localised":"There's no escape!", "Channel":"npc" }
{ "timestamp":"2017-01-23T21:39:44Z", "event":"Interdicted", "Submitted":true, "Interdictor":"Alexandra N", "IsPlayer":false, "Faction":"Mob of HIP 8525" }
{ "timestamp":"2017-01-23T21:39:46Z", "event":"SupercruiseExit", "StarSystem":"HIP 8525", "Body":"HIP 8525 A", "BodyType":"Star" }
{ "timestamp":"2017-01-23T21:39:47Z", "event":"ReceiveText", "From":"$npc_name_decorate:#name=Alexandra N;", "From_Localised":"Alexandra N", "Message":"$Pirate_Arrival02;", "Message_Localised":"Prepare to pay up!", "Channel":"npc" }
{ "timestamp":"2017-01-23T21:40:05Z", "event":"ReceiveText", "From":"$npc_name_decorate:#name=Alexandra N;", "From_Localised":"Alexandra N", "Message":"$Pirate_OnDeclarePiracyAttack01;", "Message_Localised":"I'll pick your bones clean, greenhorn.", "Channel":"npc" }
{ "timestamp":"2017-01-23T21:41:07Z", "event":"ReceiveText", "From":"$ShipName_Police_Federation;", "From_Localised":"Federal Security Service", "Message":"$Police_ArriveInvestigate04;", "Message_Localised":"Emergency response squad in position.", "Channel":"npc" }
{ "timestamp":"2017-01-23T21:41:08Z", "event":"ReceiveText", "From":"$ShipName_Police_Federation;", "From_Localised":"Federal Security Service", "Message":"$Police_ArrivedAtInvestigationLocation04;", "Message_Localised":"Rapid deployment unit deployed. Initiating scans of all ships in the area.", "Channel":"npc" }
{ "timestamp":"2017-01-23T21:41:13Z", "event":"ReceiveText", "From":"$npc_name_decorate:#name=Alexandra N;", "From_Localised":"Alexandra N", "Message":"$BadKarmaCriticalDamage07;", "Message_Localised":"Too much damage!", "Channel":"npc" }
{ "timestamp":"2017-01-23T21:41:30Z", "event":"ShieldState", "ShieldsUp":false }
{ "timestamp":"2017-01-23T21:41:41Z", "event":"Bounty", "Rewards":[ { "Faction":"HIP 8525 Progressive Party", "Reward":200 }, { "Faction":"Federation", "Reward":80625 } ], "Target":"federation_dropship_mkii", "TotalReward":80825, "VictimFaction":"Mob of HIP 8525" }
{ "timestamp":"2017-01-23T21:41:44Z", "event":"ReceiveText", "From":"$ShipName_Police_Federation;", "From_Localised":"Federal Security Service", "Message":"$Police_ThankYouPassedStopAndSearch08;", "Message_Localised":"All done and you're clear to proceed, Commander.", "Channel":"npc" }
{ "timestamp":"2017-01-23T21:42:30Z", "event":"SupercruiseEntry", "StarSystem":"HIP 8525" }
{ "timestamp":"2017-01-23T21:43:48Z", "event":"SupercruiseExit", "StarSystem":"HIP 8525", "Body":"Wohler Mines", "BodyType":"Station" }
{ "timestamp":"2017-01-23T21:44:09Z", "event":"DockingRequested", "StationName":"Wohler Mines" }
{ "timestamp":"2017-01-23T21:44:09Z", "event":"ReceiveText", "From":"Wohler Mines", "Message":"$DockingChatter_Neutral;", "Message_Localised":"Ensure to observe starport protocol during your visit, pilot.", "Channel":"npc" }
{ "timestamp":"2017-01-23T21:44:10Z", "event":"ReceiveText", "From":"Wohler Mines", "Message":"$STATION_docking_granted;", "Message_Localised":"Docking request granted.", "Channel":"npc" }
{ "timestamp":"2017-01-23T21:44:10Z", "event":"DockingGranted", "LandingPad":30, "StationName":"Wohler Mines" }
{ "timestamp":"2017-01-23T21:44:13Z", "event":"ReceiveText", "From":"Wohler Mines", "Message":"$STATION_NoFireZone_entered;", "Message_Localised":"No fire zone entered.", "Channel":"npc" }
{ "timestamp":"2017-01-23T21:45:06Z", "event":"Docked", "StationName":"Wohler Mines", "StationType":"Coriolis", "StarSystem":"HIP 8525", "StationFaction":"HIP 8525 Progressive Party", "StationGovernment":"$government_Democracy;", "StationGovernment_Localised":"Democracy", "StationAllegiance":"Federation", "StationEconomy":"$economy_Extraction;", "StationEconomy_Localised":"Extraction" }
{ "timestamp":"2017-01-23T21:46:55Z", "event":"ModuleBuy", "Slot":"Slot08_Size3", "SellItem":"$int_cargorack_size3_class1_name;", "SellItem_Localised":"Cargo Rack", "SellPrice":8979, "BuyItem":"$int_buggybay_size2_class1_name;", "BuyItem_Localised":"Planetary Vehicle Hangar", "BuyPrice":15300, "Ship":"python", "ShipID":16 }
{ "timestamp":"2017-01-23T21:47:29Z", "event":"RedeemVoucher", "Type":"bounty", "Amount":80825 }
{ "timestamp":"2017-01-23T21:49:09Z", "event":"MissionAccepted", "Faction":"Nationals of HIP 8525", "Name":"Mission_Delivery_Boom", "Commodity":"$Cobalt_Name;", "Commodity_Localised":"Cobalt", "Count":9, "DestinationSystem":"Lhou Mans", "DestinationStation":"Laumer Station", "Expiry":"2017-01-24T21:47:39Z", "MissionID":76912340 }
{ "timestamp":"2017-01-23T21:49:13Z", "event":"MissionAccepted", "Faction":"Nationals of HIP 8525", "Name":"Mission_Delivery_Boom", "Commodity":"$Silver_Name;", "Commodity_Localised":"Silver", "Count":21, "DestinationSystem":"HIP 2422", "DestinationStation":"Frobenius Hub", "Expiry":"2017-01-24T21:47:39Z", "MissionID":76912382 }
{ "timestamp":"2017-01-23T21:49:16Z", "event":"MissionAccepted", "Faction":"Nationals of HIP 8525", "Name":"Mission_Courier_Boom", "DestinationSystem":"HIP 15415", "DestinationStation":"Bisson Landing", "Expiry":"2017-01-24T21:47:39Z", "MissionID":76912420 }
{ "timestamp":"2017-01-23T21:49:25Z", "event":"MissionAccepted", "Faction":"Nationals of HIP 8525", "Name":"Mission_Delivery_Boom", "Commodity":"$Gallite_Name;", "Commodity_Localised":"Gallite", "Count":18, "DestinationSystem":"HIP 7338", "DestinationStation":"Bardeen Camp", "Expiry":"2017-01-24T21:47:39Z", "MissionID":76912515 }
{ "timestamp":"2017-01-23T21:50:38Z", "event":"BuyExplorationData", "System":"HIP 7338", "Cost":841 }
{ "timestamp":"2017-01-23T21:51:13Z", "event":"Undocked", "StationName":"Wohler Mines", "StationType":"Coriolis" }
{ "timestamp":"2017-01-23T21:51:46Z", "event":"ReceiveText", "From":"$npc_name_decorate:#name=Thomas Antony Hutchinson;", "From_Localised":"Thomas Antony Hutchinson", "Message":"$Commuter_AuthorityScan06;", "Message_Localised":"What's going on here, officer?", "Channel":"npc" }
{ "timestamp":"2017-01-23T21:52:03Z", "event":"ReceiveText", "From":"Wohler Mines", "Message":"$STATION_NoFireZone_exited;", "Message_Localised":"No fire zone left.", "Channel":"npc" }
{ "timestamp":"2017-01-23T21:52:50Z", "event":"FSDJump", "StarSystem":"HIP 7338", "StarPos":[-96.500,33.219,-68.656], "SystemAllegiance":"Federation", "SystemEconomy":"$economy_Military;", "SystemEconomy_Localised":"Military", "SystemGovernment":"$government_Confederacy;", "SystemGovernment_Localised":"Confederacy", "SystemSecurity":"$SYSTEM_SECURITY_low;", "SystemSecurity_Localised":"Low Security", "JumpDist":3.036, "FuelUsed":0.035179, "FuelLevel":31.964821, "SystemFaction":"Union of HIP 7338 Confederacy", "FactionState":"Boom" }
{ "timestamp":"2017-01-23T21:53:16Z", "event":"FuelScoop", "Scooped":0.035179, "Total":32.000000 }
{ "timestamp":"2017-01-23T21:55:50Z", "event":"SupercruiseExit", "StarSystem":"HIP 7338", "Body":"Bardeen Camp", "BodyType":"Station" }
{ "timestamp":"2017-01-23T21:55:57Z", "event":"DockingRequested", "StationName":"Bardeen Camp" }
{ "timestamp":"2017-01-23T21:55:57Z", "event":"ReceiveText", "From":"Bardeen Camp", "Message":"$DockingChatter_Neutral;", "Message_Localised":"Ensure to observe starport protocol during your visit, pilot.", "Channel":"npc" }
{ "timestamp":"2017-01-23T21:55:59Z", "event":"ReceiveText", "From":"Bardeen Camp", "Message":"$STATION_docking_granted;", "Message_Localised":"Docking request granted.", "Channel":"npc" }
{ "timestamp":"2017-01-23T21:55:59Z", "event":"DockingGranted", "LandingPad":3, "StationName":"Bardeen Camp" }
{ "timestamp":"2017-01-23T21:56:10Z", "event":"ReceiveText", "From":"Bardeen Camp", "Message":"$STATION_NoFireZone_entered;", "Message_Localised":"No fire zone entered.", "Channel":"npc" }
{ "timestamp":"2017-01-23T21:57:11Z", "event":"Docked", "StationName":"Bardeen Camp", "StationType":"Outpost", "StarSystem":"HIP 7338", "StationFaction":"Society of HIP 7338", "StationGovernment":"$government_Anarchy;", "StationGovernment_Localised":"Anarchy", "StationEconomy":"$economy_Refinery;", "StationEconomy_Localised":"Refinery" }
{ "timestamp":"2017-01-23T21:57:41Z", "event":"MissionCompleted", "Faction":"Union of HIP 7338 Confederacy", "Name":"Mission_Delivery_Boom_name", "MissionID":76912515, "Commodity":"$Gallite_Name;", "Commodity_Localised":"Gallite", "Count":18, "DestinationSystem":"HIP 7338", "DestinationStation":"Bardeen Camp", "Reward":228371 }
{ "timestamp":"2017-01-23T21:57:41Z", "event":"MaterialCollected", "Category":"Manufactured", "Name":"focuscrystals", "Count":1 }
{ "timestamp":"2017-01-23T21:58:08Z", "event":"RefuelAll", "Cost":29, "Amount":0.568605 }
{ "timestamp":"2017-01-23T21:59:22Z", "event":"MarketBuy", "Type":"superconductors", "Count":66, "BuyPrice":6131, "TotalCost":404646 }
{ "timestamp":"2017-01-23T21:59:27Z", "event":"BuyAmmo", "Cost":562 }
{ "timestamp":"2017-01-23T22:00:12Z", "event":"Undocked", "StationName":"Bardeen Camp", "StationType":"Outpost" }
{ "timestamp":"2017-01-23T22:00:30Z", "event":"ReceiveText", "From":"Bardeen Camp", "Message":"$STATION_NoFireZone_exited;", "Message_Localised":"No fire zone left.", "Channel":"npc" }
{ "timestamp":"2017-01-23T22:01:16Z", "event":"FSDJump", "StarSystem":"HIP 2422", "StarPos":[-103.219,31.344,-64.375], "SystemAllegiance":"Independent", "SystemEconomy":"$economy_Agri;", "SystemEconomy_Localised":"Agriculture", "SystemGovernment":"$government_Democracy;", "SystemGovernment_Localised":"Democracy", "SystemSecurity":"$SYSTEM_SECURITY_high;", "SystemSecurity_Localised":"High Security", "JumpDist":8.185, "FuelUsed":0.468361, "FuelLevel":31.531639, "SystemFaction":"Movement for HIP 2422 Green Party" }
{ "timestamp":"2017-01-23T22:01:41Z", "event":"FuelScoop", "Scooped":0.468361, "Total":32.000000 }
{ "timestamp":"2017-01-23T22:04:18Z", "event":"MaterialCollected", "Category":"Encoded", "Name":"bulkscandata", "Count":3 }
{ "timestamp":"2017-01-23T22:05:14Z", "event":"SupercruiseExit", "StarSystem":"HIP 2422", "Body":"Frobenius Hub", "BodyType":"Station" }
{ "timestamp":"2017-01-23T22:05:15Z", "event":"ReceiveText", "From":"Frobenius Hub", "Message":"$STATION_NoFireZone_entered;", "Message_Localised":"No fire zone entered.", "Channel":"npc" }
{ "timestamp":"2017-01-23T22:05:39Z", "event":"DockingRequested", "StationName":"Frobenius Hub" }
{ "timestamp":"2017-01-23T22:05:39Z", "event":"ReceiveText", "From":"Frobenius Hub", "Message":"$DockingChatter_Neutral;", "Message_Localised":"Ensure to observe starport protocol during your visit, pilot.", "Channel":"npc" }
{ "timestamp":"2017-01-23T22:05:40Z", "event":"ReceiveText", "From":"Frobenius Hub", "Message":"$STATION_docking_granted;", "Message_Localised":"Docking request granted.", "Channel":"npc" }
{ "timestamp":"2017-01-23T22:05:40Z", "event":"DockingGranted", "LandingPad":37, "StationName":"Frobenius Hub" }
{ "timestamp":"2017-01-23T22:06:16Z", "event":"ReceiveText", "From":"$ShipName_Police_Federation;", "From_Localised":"Federal Security Service", "Message":"$Police_ThankYouPassedStopAndSearch07;", "Message_Localised":"Your scan is clear. Carry on with your journey, Commander.", "Channel":"npc" }
{ "timestamp":"2017-01-23T22:06:44Z", "event":"Docked", "StationName":"Frobenius Hub", "StationType":"Orbis", "StarSystem":"HIP 2422", "StationFaction":"HIP 2422 Major Partners", "StationGovernment":"$government_Corporate;", "StationGovernment_Localised":"Corporate", "StationAllegiance":"Federation", "StationEconomy":"$economy_Industrial;", "StationEconomy_Localised":"Industrial" }
{ "timestamp":"2017-01-23T22:06:57Z", "event":"MissionCompleted", "Faction":"Movement for HIP 2422 Green Party", "Name":"Mission_Delivery_Boom_name", "MissionID":76912382, "Commodity":"$Silver_Name;", "Commodity_Localised":"Silver", "Count":21, "DestinationSystem":"HIP 2422", "DestinationStation":"Frobenius Hub", "Reward":211137 }
{ "timestamp":"2017-01-23T22:07:56Z", "event":"RepairAll", "Cost":12075 }
{ "timestamp":"2017-01-23T22:07:57Z", "event":"RefuelAll", "Cost":10, "Amount":0.156223 }
{ "timestamp":"2017-01-23T22:08:10Z", "event":"SellExplorationData", "Systems":[ "Cephei Sector GW-W b1-1", "Col 285 Sector XF-N c7-14" ], "Discovered":[  ], "BaseValue":13007, "Bonus":0 }
{ "timestamp":"2017-01-23T22:08:34Z", "event":"Undocked", "StationName":"Frobenius Hub", "StationType":"Orbis" }
{ "timestamp":"2017-01-23T22:08:55Z", "event":"ReceiveText", "From":"$npc_name_decorate:#name=Christopher Zillig;", "From_Localised":"Christopher Zillig", "Message":"$Commuter_HostileScan05;", "Message_Localised":"Your ship's ID has been logged, any active hostilities will result in criminal charges being brought against you.", "Channel":"npc" }
{ "timestamp":"2017-01-23T22:09:09Z", "event":"ReceiveText", "From":"$npc_name_decorate:#name=Captain Redbat;", "From_Localised":"Captain Redbat", "Message":"$Commuter_AuthorityScan01;", "Message_Localised":"Is there a problem here, officer?", "Channel":"npc" }
{ "timestamp":"2017-01-23T22:09:42Z", "event":"ReceiveText", "From":"Frobenius Hub", "Message":"$STATION_NoFireZone_exited;", "Message_Localised":"No fire zone left.", "Channel":"npc" }
{ "timestamp":"2017-01-23T22:10:08Z", "event":"FSDJump", "StarSystem":"Lhou Mans", "StarPos":[-97.219,34.875,-83.125], "SystemAllegiance":"Independent", "SystemEconomy":"$economy_Industrial;", "SystemEconomy_Localised":"Industrial", "SystemGovernment":"$government_Corporate;", "SystemGovernment_Localised":"Corporate", "SystemSecurity":"$SYSTEM_SECURITY_high;", "SystemSecurity_Localised":"High Security", "JumpDist":20.001, "FuelUsed":3.905213, "FuelLevel":28.094788, "SystemFaction":"Lhou Mans Industries" }
{ "timestamp":"2017-01-23T22:10:38Z", "event":"FuelScoop", "Scooped":3.905212, "Total":32.000000 }
{ "timestamp":"2017-01-23T22:11:25Z", "event":"ReceiveText", "From":"$npc_name_decorate:#name=Jon Oak;", "From_Localised":"Jon Oak", "Message":"$Pirate_HunterHostileSC_Relevant01;", "Message_Localised":"That's the ship I'm looking for, the one with the big haul...", "Channel":"npc" }
{ "timestamp":"2017-01-23T22:11:43Z", "event":"ReceiveText", "From":"$npc_name_decorate:#name=Jon Oak;", "From_Localised":"Jon Oak", "Message":"$Pirate_StartInterdiction01;", "Message_Localised":"You're mine now, Commander. ", "Channel":"npc" }
{ "timestamp":"2017-01-23T22:11:51Z", "event":"Interdicted", "Submitted":true, "Interdictor":"Jon Oak", "IsPlayer":false, "Faction":"League of Lhou Mans Regulatory State" }
{ "timestamp":"2017-01-23T22:11:53Z", "event":"SupercruiseExit", "StarSystem":"Lhou Mans", "Body":"Lhou Mans", "BodyType":"Star" }
{ "timestamp":"2017-01-23T22:11:55Z", "event":"ReceiveText", "From":"$npc_name_decorate:#name=Jon Oak;", "From_Localised":"Jon Oak", "Message":"$Pirate_OnDeclarePiracyThreaten11;", "Message_Localised":"You have a choice to make - stay wealthy or stay alive.", "Channel":"npc" }
{ "timestamp":"2017-01-23T22:12:05Z", "event":"ReceiveText", "From":"$npc_name_decorate:#name=Jon Oak;", "From_Localised":"Jon Oak", "Message":"$Pirate_OnDeclarePiracyAttack01;", "Message_Localised":"I'll pick your bones clean, greenhorn.", "Channel":"npc" }
{ "timestamp":"2017-01-23T22:12:07Z", "event":"ReceiveText", "From":"$npc_name_decorate:#name=Jon Oak;", "From_Localised":"Jon Oak", "Message":"$Pirate_OnDeclarePiracyAttack06;", "Message_Localised":"Prepare for death, fool!", "Channel":"npc" }
{ "timestamp":"2017-01-23T22:12:26Z", "event":"ReceiveText", "From":"$ShipName_Police_Independent;", "From_Localised":"System Authority Vessel", "Message":"$Police_ArriveInvestigate04;", "Message_Localised":"Emergency response squad in position.", "Channel":"npc" }
{ "timestamp":"2017-01-23T22:12:33Z", "event":"ReceiveText", "From":"$ShipName_Police_Independent;", "From_Localised":"System Authority Vessel", "Message":"$Police_ArrivedAtInvestigationLocation05;", "Message_Localised":"A crime has been reported here. All ships will be scanned.", "Channel":"npc" }
{ "timestamp":"2017-01-23T22:12:46Z", "event":"SupercruiseEntry", "StarSystem":"Lhou Mans" }
{ "timestamp":"2017-01-23T22:13:10Z", "event":"ReceiveText", "From":"$npc_name_decorate:#name=Jon Oak;", "From_Localised":"Jon Oak", "Message":"$Pirate_HunterHostileSC_Relevant05;", "Message_Localised":"The rumour was right... good job I found you first.", "Channel":"npc" }
{ "timestamp":"2017-01-23T22:13:11Z", "event":"ReceiveText", "From":"$npc_name_decorate:#name=Jon Oak;", "From_Localised":"Jon Oak", "Message":"$Pirate_StartInterdiction02;", "Message_Localised":"There's no escape!", "Channel":"npc" }
{ "timestamp":"2017-01-23T22:13:37Z", "event":"EscapeInterdiction", "Interdictor":"Jon Oak", "IsPlayer":false }
{ "timestamp":"2017-01-23T22:15:05Z", "event":"SupercruiseExit", "StarSystem":"Lhou Mans", "Body":"Laumer Station", "BodyType":"Station" }
{ "timestamp":"2017-01-23T22:15:15Z", "event":"DockingRequested", "StationName":"Laumer Station" }
{ "timestamp":"2017-01-23T22:15:15Z", "event":"ReceiveText", "From":"Laumer Station", "Message":"$DockingChatter_Neutral;", "Message_Localised":"Ensure to observe starport protocol during your visit, pilot.", "Channel":"npc" }
{ "timestamp":"2017-01-23T22:15:16Z", "event":"ReceiveText", "From":"Laumer Station", "Message":"$STATION_docking_granted;", "Message_Localised":"Docking request granted.", "Channel":"npc" }
{ "timestamp":"2017-01-23T22:15:16Z", "event":"DockingGranted", "LandingPad":5, "StationName":"Laumer Station" }
{ "timestamp":"2017-01-23T22:15:26Z", "event":"ReceiveText", "From":"Laumer Station", "Message":"$STATION_NoFireZone_entered;", "Message_Localised":"No fire zone entered.", "Channel":"npc" }
{ "timestamp":"2017-01-23T22:16:37Z", "event":"Docked", "StationName":"Laumer Station", "StationType":"Outpost", "StarSystem":"Lhou Mans", "StationFaction":"League of Lhou Mans Regulatory State", "FactionState":"Famine", "StationGovernment":"$government_Dictatorship;", "StationGovernment_Localised":"Dictatorship", "StationEconomy":"$economy_Industrial;", "StationEconomy_Localised":"Industrial" }
{ "timestamp":"2017-01-23T22:16:53Z", "event":"MissionCompleted", "Faction":"Lhou Mans Industries", "Name":"Mission_Delivery_Boom_name", "MissionID":76912340, "Commodity":"$Cobalt_Name;", "Commodity_Localised":"Cobalt", "Count":9, "DestinationSystem":"Lhou Mans", "DestinationStation":"Laumer Station", "Reward":175911 }
{ "timestamp":"2017-01-23T22:17:46Z", "event":"Undocked", "StationName":"Laumer Station", "StationType":"Outpost" }
{ "timestamp":"2017-01-23T22:18:13Z", "event":"ReceiveText", "From":"Laumer Station", "Message":"$STATION_NoFireZone_exited;", "Message_Localised":"No fire zone left.", "Channel":"npc" }
{ "timestamp":"2017-01-23T22:18:54Z", "event":"FSDJump", "StarSystem":"HIP 8525", "StarPos":[-96.281,31.656,-71.250], "SystemAllegiance":"Federation", "SystemEconomy":"$economy_Extraction;", "SystemEconomy_Localised":"Extraction", "SystemGovernment":"$government_Democracy;", "SystemGovernment_Localised":"Democracy", "SystemSecurity":"$SYSTEM_SECURITY_medium;", "SystemSecurity_Localised":"Medium Security", "JumpDist":12.339, "FuelUsed":1.160794, "FuelLevel":30.839207, "SystemFaction":"HIP 8525 Progressive Party" }
{ "timestamp":"2017-01-23T22:19:25Z", "event":"FuelScoop", "Scooped":1.160793, "Total":32.000000 }
{ "timestamp":"2017-01-23T22:20:52Z", "event":"SupercruiseExit", "StarSystem":"HIP 8525", "Body":"Wohler Mines", "BodyType":"Station" }
{ "timestamp":"2017-01-23T22:21:08Z", "event":"DockingRequested", "StationName":"Wohler Mines" }
{ "timestamp":"2017-01-23T22:21:08Z", "event":"ReceiveText", "From":"Wohler Mines", "Message":"$DockingChatter_Neutral;", "Message_Localised":"Ensure to observe starport protocol during your visit, pilot.", "Channel":"npc" }
{ "timestamp":"2017-01-23T22:21:09Z", "event":"ReceiveText", "From":"Wohler Mines", "Message":"$STATION_docking_granted;", "Message_Localised":"Docking request granted.", "Channel":"npc" }
{ "timestamp":"2017-01-23T22:21:09Z", "event":"DockingGranted", "LandingPad":26, "StationName":"Wohler Mines" }
{ "timestamp":"2017-01-23T22:21:16Z", "event":"ReceiveText", "From":"Wohler Mines", "Message":"$STATION_NoFireZone_entered;", "Message_Localised":"No fire zone entered.", "Channel":"npc" }
{ "timestamp":"2017-01-23T22:21:55Z", "event":"Docked", "StationName":"Wohler Mines", "StationType":"Coriolis", "StarSystem":"HIP 8525", "StationFaction":"HIP 8525 Progressive Party", "StationGovernment":"$government_Democracy;", "StationGovernment_Localised":"Democracy", "StationAllegiance":"Federation", "StationEconomy":"$economy_Extraction;", "StationEconomy_Localised":"Extraction" }
{ "timestamp":"2017-01-23T22:22:49Z", "event":"BuyExplorationData", "System":"HIP 15415", "Cost":1153 }
{ "timestamp":"2017-01-23T22:23:52Z", "event":"Undocked", "StationName":"Wohler Mines", "StationType":"Coriolis" }
{ "timestamp":"2017-01-23T22:24:20Z", "event":"ReceiveText", "From":"Wohler Mines", "Message":"$STATION_NoFireZone_exited;", "Message_Localised":"No fire zone left.", "Channel":"npc" }
{ "timestamp":"2017-01-23T22:24:25Z", "event":"ReceiveText", "From":"Wohler Mines", "Message":"$STATION_NoFireZone_entered;", "Message_Localised":"No fire zone entered.", "Channel":"npc" }
{ "timestamp":"2017-01-23T22:24:34Z", "event":"ReceiveText", "From":"$ShipName_Police_Federation;", "From_Localised":"Federal Security Service", "Message":"$Police_ThankYouPassedStopAndSearch07;", "Message_Localised":"Your scan is clear. Carry on with your journey, Commander.", "Channel":"npc" }
{ "timestamp":"2017-01-23T22:24:52Z", "event":"ReceiveText", "From":"Wohler Mines", "Message":"$STATION_NoFireZone_exited;", "Message_Localised":"No fire zone left.", "Channel":"npc" }
{ "timestamp":"2017-01-23T22:25:38Z", "event":"FSDJump", "StarSystem":"HIP 15415", "StarPos":[-93.844,36.125,-83.906], "SystemAllegiance":"Federation", "SystemEconomy":"$economy_Colony;", "SystemEconomy_Localised":"Colony", "SystemGovernment":"$government_Confederacy;", "SystemGovernment_Localised":"Confederacy", "SystemSecurity":"$SYSTEM_SECURITY_low;", "SystemSecurity_Localised":"Low Security", "JumpDist":13.642, "FuelUsed":1.484298, "FuelLevel":30.515701, "SystemFaction":"People's HIP 15415 League" }
{ "timestamp":"2017-01-23T22:26:05Z", "event":"FuelScoop", "Scooped":1.484299, "Total":32.000000 }
{ "timestamp":"2017-01-23T22:28:37Z", "event":"SupercruiseExit", "StarSystem":"HIP 15415", "Body":"Bisson Landing", "BodyType":"Station" }
{ "timestamp":"2017-01-23T22:28:44Z", "event":"ReceiveText", "From":"Bisson Landing", "Message":"$DockingFailed_Distance:#distance=7500;", "Message_Localised":"Docking request denied, please approach to 7500m", "Channel":"npc" }
{ "timestamp":"2017-01-23T22:28:44Z", "event":"DockingDenied", "Reason":"Distance", "StationName":"Bisson Landing" }
{ "timestamp":"2017-01-23T22:28:46Z", "event":"DockingRequested", "StationName":"Bisson Landing" }
{ "timestamp":"2017-01-23T22:28:46Z", "event":"ReceiveText", "From":"Bisson Landing", "Message":"$DockingChatter_Neutral;", "Message_Localised":"Ensure to observe starport protocol during your visit, pilot.", "Channel":"npc" }
{ "timestamp":"2017-01-23T22:28:47Z", "event":"ReceiveText", "From":"Bisson Landing", "Message":"$STATION_docking_granted;", "Message_Localised":"Docking request granted.", "Channel":"npc" }
{ "timestamp":"2017-01-23T22:28:47Z", "event":"DockingGranted", "LandingPad":3, "StationName":"Bisson Landing" }
{ "timestamp":"2017-01-23T22:28:57Z", "event":"ReceiveText", "From":"Bisson Landing", "Message":"$STATION_NoFireZone_entered;", "Message_Localised":"No fire zone entered.", "Channel":"npc" }
{ "timestamp":"2017-01-23T22:29:48Z", "event":"Docked", "StationName":"Bisson Landing", "StationType":"Outpost", "StarSystem":"HIP 15415", "StationFaction":"People's HIP 15415 League", "StationGovernment":"$government_Confederacy;", "StationGovernment_Localised":"Confederacy", "StationAllegiance":"Federation", "StationEconomy":"$economy_Extraction;", "StationEconomy_Localised":"Extraction" }
{ "timestamp":"2017-01-23T22:30:02Z", "event":"MissionCompleted", "Faction":"People's HIP 15415 League", "Name":"Mission_Courier_Boom_name", "MissionID":76912420, "DestinationSystem":"HIP 15415", "DestinationStation":"Bisson Landing", "Reward":21600 }
